[Appium] Welcome to Appium v1.8.1
[Appium] Non-default server args:
[Appium]   port: 49278
[Appium]   loglevel: info
[Appium]   chromeDriverPort: 49279
[Appium]   tmpDir: /var/folders/95/4qsvf70n5s55n0wp9h6b0h_r0000gn/T//Katalon/Appium/Temp1547632421268
[Appium]   webkitDebugProxyPort: 49276
[Appium] Appium REST http interface listener started on 0.0.0.0:49278
[HTTP] --> GET /wd/hub/status
[HTTP] {}
[HTTP] <-- GET /wd/hub/status 200 27 ms - 83
[HTTP] 
[HTTP] --> POST /wd/hub/session
[HTTP] {"desiredCapabilities":{"automationName":"XCUITest","browserName":"Safari","deviceId":"","deviceName":"iPhone X","newCommandTimeout":1800,"platform":"IOS","platformName":"iOS","platformVersion":"12.1","realDeviceLogger":"/Applications/Katalon Studio.app/Contents/Eclipse/configuration/resources/tools/deviceconsole/deviceconsole","wdaLocalPort":49275},"capabilities":{"desiredCapabilities":{"automationName":"XCUITest","browserName":"Safari","deviceId":"","deviceName":"iPhone X","newCommandTimeout":1800,"platform":"IOS","platformName":"iOS","platformVersion":"12.1","realDeviceLogger":"/Applications/Katalon Studio.app/Contents/Eclipse/configuration/resources/tools/deviceconsole/deviceconsole","wdaLocalPort":49275},"firstMatch":[{"browserName":"Safari","platformName":"ios"}]}}
[Appium] Could not parse W3C capabilities: 'deviceName' can't be blank. Falling back to JSONWP protocol.
[Appium] The following capabilities were provided in the JSONWP desired capabilities that are missing in W3C capabilities: ["automationName","browserName","deviceId","deviceName","newCommandTimeout","platform","platformName","platformVersion","realDeviceLogger","wdaLocalPort"]. Falling back to JSONWP protocol.
[Appium] Creating new XCUITestDriver (v2.105.0) session
[Appium] Capabilities:
[Appium]   automationName: XCUITest
[Appium]   browserName: Safari
[Appium]   deviceId: 
[Appium]   deviceName: iPhone X
[Appium]   newCommandTimeout: 1800
[Appium]   platform: IOS
[Appium]   platformName: iOS
[Appium]   platformVersion: 12.1
[Appium]   realDeviceLogger: /Applications/Katalon Studio.app/Contents/Eclipse/configuration/resources/tools/deviceconsole/deviceconsole
[Appium]   wdaLocalPort: 49275
[BaseDriver] The following capabilities were provided, but are not recognized by appium: deviceId, platform.
[BaseDriver] Session created with session id: 3d8ef549-ddd9-42b0-9e69-1cc740b43b7a
[iOSSim] Constructing iOS simulator for Xcode version 10.1 with udid '1FBC48CC-4B26-4899-AB2C-0FDD67CACB37'
[XCUITest] Determining device to run tests on: udid: '1FBC48CC-4B26-4899-AB2C-0FDD67CACB37', real device: false
[XCUITest] Safari test requested
[XCUITest] Setting up simulator
[iOSSim] Both Simulator with UDID 1FBC48CC-4B26-4899-AB2C-0FDD67CACB37 and the UI client are currently running
[XCUITest] Using WDA path: '/Users/denisyu/.nvm/versions/node/v8.1.4/lib/node_modules/appium/node_modules/_appium-xcuitest-driver@2.105.0@appium-xcuitest-driver/WebDriverAgent'
[XCUITest] Using WDA agent: '/Users/denisyu/.nvm/versions/node/v8.1.4/lib/node_modules/appium/node_modules/_appium-xcuitest-driver@2.105.0@appium-xcuitest-driver/WebDriverAgent/WebDriverAgent.xcodeproj'
[JSONWP Proxy] Got an unexpected response: {"errno":"ECONNREFUSED","code":"ECONNREFUSED","syscall":"connect","address":"127.0.0.1","port":49275}
[XCUITest] Launching WebDriverAgent on the device
[JSONWP Proxy] Got an unexpected response: {"errno":"ECONNREFUSED","code":"ECONNREFUSED","syscall":"connect","address":"127.0.0.1","port":49275}
[JSONWP Proxy] Got an unexpected response: {"errno":"ECONNREFUSED","code":"ECONNREFUSED","syscall":"connect","address":"127.0.0.1","port":49275}
[JSONWP Proxy] Got an unexpected response: {"errno":"ECONNREFUSED","code":"ECONNREFUSED","syscall":"connect","address":"127.0.0.1","port":49275}
[JSONWP Proxy] Got an unexpected response: {"errno":"ECONNREFUSED","code":"ECONNREFUSED","syscall":"connect","address":"127.0.0.1","port":49275}
[JSONWP Proxy] Got an unexpected response: {"errno":"ECONNREFUSED","code":"ECONNREFUSED","syscall":"connect","address":"127.0.0.1","port":49275}
[JSONWP Proxy] Got an unexpected response: {"errno":"ECONNREFUSED","code":"ECONNREFUSED","syscall":"connect","address":"127.0.0.1","port":49275}
[JSONWP Proxy] Got an unexpected response: {"errno":"ECONNREFUSED","code":"ECONNREFUSED","syscall":"connect","address":"127.0.0.1","port":49275}
[JSONWP Proxy] Got an unexpected response: {"errno":"ECONNREFUSED","code":"ECONNREFUSED","syscall":"connect","address":"127.0.0.1","port":49275}
[JSONWP Proxy] Got an unexpected response: {"errno":"ECONNREFUSED","code":"ECONNREFUSED","syscall":"connect","address":"127.0.0.1","port":49275}
[JSONWP Proxy] Got an unexpected response: {"errno":"ECONNREFUSED","code":"ECONNREFUSED","syscall":"connect","address":"127.0.0.1","port":49275}
[JSONWP Proxy] Got an unexpected response: {"errno":"ECONNREFUSED","code":"ECONNREFUSED","syscall":"connect","address":"127.0.0.1","port":49275}
[HTTP] --> GET /welcome
[HTTP] {}
[HTTP] <-- GET /welcome 200 13 ms - 124
[HTTP] 
[HTTP] <-- GET /favicon.ico 200 1 ms - 1150
[HTTP] 
[XCUITest] Skipping setting of the initial display orientation. Set the "orientation" capability to either "LANDSCAPE" or "PORTRAIT", if this is an undesired behavior.
[Appium] New XCUITestDriver session created successfully, session 3d8ef549-ddd9-42b0-9e69-1cc740b43b7a added to master session list
[HTTP] <-- POST /wd/hub/session 200 163151 ms - 608
[HTTP] 
[HTTP] --> GET /wd/hub/status
[HTTP] {}
[HTTP] <-- GET /wd/hub/status 200 56 ms - 55
[HTTP] 
[HTTP] --> POST /wd/hub/session/3d8ef549-ddd9-42b0-9e69-1cc740b43b7a/timeouts
[HTTP] {"type":"implicit","ms":60000}
[HTTP] <-- POST /wd/hub/session/3d8ef549-ddd9-42b0-9e69-1cc740b43b7a/timeouts 400 17 ms - 5641
[HTTP] 
[HTTP] --> POST /wd/hub/session/3d8ef549-ddd9-42b0-9e69-1cc740b43b7a/timeouts
[HTTP] {"type":"implicit","ms":0}
[HTTP] <-- POST /wd/hub/session/3d8ef549-ddd9-42b0-9e69-1cc740b43b7a/timeouts 400 2 ms - 5633
[HTTP] 
[HTTP] --> POST /wd/hub/session/3d8ef549-ddd9-42b0-9e69-1cc740b43b7a/execute
[HTTP] {"script":"return navigator.sayswho= (function() { var ua= navigator.userAgent, tem, M= ua.match(/(opera|chrome|safari|firefox|msie|trident)\\/?\\s*(\\.?\\d+(\\.\\d+)*)/i) || []; if (/trident/i.test(M[1])) {     tem=  /\\brv[ :]+(\\d+)/g.exec(ua) || [];     return 'IE '+(tem[1] || ''); } if(M[1]=== 'Chrome') {     tem= ua.match(/\\b(OPR|Edge)\\/(\\d+)/);     if(tem!= null) return tem.slice(1).join(' ').replace('OPR', 'Opera'); } M= M[2]? [M[1], M[2]]: [navigator.appName, navigator.appVersion, '-?']; if((tem= ua.match(/version\\/(\\d+)/i))!= null) M.splice(1, 1, tem[1]); return M.join(' ').replace('MSIE', 'IE');})();","args":[]}
[HTTP] <-- POST /wd/hub/session/3d8ef549-ddd9-42b0-9e69-1cc740b43b7a/execute 200 3196 ms - 83
[HTTP] 
[HTTP] --> POST /wd/hub/session/3d8ef549-ddd9-42b0-9e69-1cc740b43b7a/url
[HTTP] {"url":"https://praetemptatus.agilehealthinsurance.com/"}
[HTTP] <-- POST /wd/hub/session/3d8ef549-ddd9-42b0-9e69-1cc740b43b7a/url 200 6788 ms - 76
[HTTP] 
[HTTP] --> POST /wd/hub/session/3d8ef549-ddd9-42b0-9e69-1cc740b43b7a/elements
[HTTP] {"using":"xpath","value":"//a[@href = '/health-insurance-quotes' and @id = 'primaryCTA' and @title = 'Get Health Insurance Quotes' and (text() = 'Quote & Save Today' or . = 'Quote & Save Today')]"}
[HTTP] <-- POST /wd/hub/session/3d8ef549-ddd9-42b0-9e69-1cc740b43b7a/elements 200 1463 ms - 74
[HTTP] 
[HTTP] --> POST /wd/hub/session/3d8ef549-ddd9-42b0-9e69-1cc740b43b7a/elements
[HTTP] {"using":"xpath","value":"//a[@href = '/health-insurance-quotes' and @id = 'primaryCTA' and @title = 'Get Health Insurance Quotes' and (text() = 'Quote & Save Today' or . = 'Quote & Save Today')]"}
[HTTP] <-- POST /wd/hub/session/3d8ef549-ddd9-42b0-9e69-1cc740b43b7a/elements 200 3346 ms - 92
[HTTP] 
[HTTP] --> GET /wd/hub/session/3d8ef549-ddd9-42b0-9e69-1cc740b43b7a
[HTTP] {}
[XCUITest] Merging WDA caps over Appium caps for session detail response
[HTTP] <-- GET /wd/hub/session/3d8ef549-ddd9-42b0-9e69-1cc740b43b7a 200 2767 ms - 627
[HTTP] 
[HTTP] --> GET /wd/hub/session/3d8ef549-ddd9-42b0-9e69-1cc740b43b7a
[HTTP] {}
[XCUITest] Merging WDA caps over Appium caps for session detail response
[HTTP] <-- GET /wd/hub/session/3d8ef549-ddd9-42b0-9e69-1cc740b43b7a 200 2 ms - 627
[HTTP] 
[HTTP] --> GET /wd/hub/session/3d8ef549-ddd9-42b0-9e69-1cc740b43b7a
[HTTP] {}
[XCUITest] Merging WDA caps over Appium caps for session detail response
[HTTP] <-- GET /wd/hub/session/3d8ef549-ddd9-42b0-9e69-1cc740b43b7a 200 2 ms - 627
[HTTP] 
[HTTP] --> GET /wd/hub/session/3d8ef549-ddd9-42b0-9e69-1cc740b43b7a
[HTTP] {}
[XCUITest] Merging WDA caps over Appium caps for session detail response
[HTTP] <-- GET /wd/hub/session/3d8ef549-ddd9-42b0-9e69-1cc740b43b7a 200 2 ms - 627
[HTTP] 
[HTTP] --> POST /wd/hub/session/3d8ef549-ddd9-42b0-9e69-1cc740b43b7a/element/5000/click
[HTTP] {"id":"5000"}
[HTTP] <-- POST /wd/hub/session/3d8ef549-ddd9-42b0-9e69-1cc740b43b7a/element/5000/click 200 1011 ms - 76
[HTTP] 
[HTTP] --> POST /wd/hub/session/3d8ef549-ddd9-42b0-9e69-1cc740b43b7a/elements
[HTTP] {"using":"xpath","value":"//input[@id = 'zip-input' and @type = 'tel' and @placeholder = 'Zip Code']"}
[HTTP] <-- POST /wd/hub/session/3d8ef549-ddd9-42b0-9e69-1cc740b43b7a/elements 200 797 ms - 92
[HTTP] 
[HTTP] --> GET /wd/hub/session/3d8ef549-ddd9-42b0-9e69-1cc740b43b7a
[HTTP] {}
[XCUITest] Merging WDA caps over Appium caps for session detail response
[HTTP] <-- GET /wd/hub/session/3d8ef549-ddd9-42b0-9e69-1cc740b43b7a 200 2 ms - 627
[HTTP] 
[HTTP] --> GET /wd/hub/session/3d8ef549-ddd9-42b0-9e69-1cc740b43b7a
[HTTP] {}
[XCUITest] Merging WDA caps over Appium caps for session detail response
[HTTP] <-- GET /wd/hub/session/3d8ef549-ddd9-42b0-9e69-1cc740b43b7a 200 4 ms - 627
[HTTP] 
[HTTP] --> GET /wd/hub/session/3d8ef549-ddd9-42b0-9e69-1cc740b43b7a
[HTTP] {}
[XCUITest] Merging WDA caps over Appium caps for session detail response
[HTTP] <-- GET /wd/hub/session/3d8ef549-ddd9-42b0-9e69-1cc740b43b7a 200 2 ms - 627
[HTTP] 
[HTTP] --> GET /wd/hub/session/3d8ef549-ddd9-42b0-9e69-1cc740b43b7a
[HTTP] {}
[XCUITest] Merging WDA caps over Appium caps for session detail response
[HTTP] <-- GET /wd/hub/session/3d8ef549-ddd9-42b0-9e69-1cc740b43b7a 200 2 ms - 627
[HTTP] 
[HTTP] --> POST /wd/hub/session/3d8ef549-ddd9-42b0-9e69-1cc740b43b7a/element/5001/clear
[HTTP] {"id":"5001"}
[HTTP] <-- POST /wd/hub/session/3d8ef549-ddd9-42b0-9e69-1cc740b43b7a/element/5001/clear 200 827 ms - 76
[HTTP] 
[HTTP] --> POST /wd/hub/session/3d8ef549-ddd9-42b0-9e69-1cc740b43b7a/elements
[HTTP] {"using":"xpath","value":"//input[@id = 'zip-input' and @type = 'tel' and @placeholder = 'Zip Code']"}
[HTTP] <-- POST /wd/hub/session/3d8ef549-ddd9-42b0-9e69-1cc740b43b7a/elements 200 667 ms - 92
[HTTP] 
[HTTP] --> GET /wd/hub/session/3d8ef549-ddd9-42b0-9e69-1cc740b43b7a
[HTTP] {}
[XCUITest] Merging WDA caps over Appium caps for session detail response
[HTTP] <-- GET /wd/hub/session/3d8ef549-ddd9-42b0-9e69-1cc740b43b7a 200 2 ms - 627
[HTTP] 
[HTTP] --> GET /wd/hub/session/3d8ef549-ddd9-42b0-9e69-1cc740b43b7a
[HTTP] {}
[XCUITest] Merging WDA caps over Appium caps for session detail response
[HTTP] <-- GET /wd/hub/session/3d8ef549-ddd9-42b0-9e69-1cc740b43b7a 200 2 ms - 627
[HTTP] 
[HTTP] --> GET /wd/hub/session/3d8ef549-ddd9-42b0-9e69-1cc740b43b7a
[HTTP] {}
[XCUITest] Merging WDA caps over Appium caps for session detail response
[HTTP] <-- GET /wd/hub/session/3d8ef549-ddd9-42b0-9e69-1cc740b43b7a 200 2 ms - 627
[HTTP] 
[HTTP] --> GET /wd/hub/session/3d8ef549-ddd9-42b0-9e69-1cc740b43b7a
[HTTP] {}
[XCUITest] Merging WDA caps over Appium caps for session detail response
[HTTP] <-- GET /wd/hub/session/3d8ef549-ddd9-42b0-9e69-1cc740b43b7a 200 2 ms - 627
[HTTP] 
[HTTP] --> POST /wd/hub/session/3d8ef549-ddd9-42b0-9e69-1cc740b43b7a/element/5002/value
[HTTP] {"id":"5002","value":["60602"]}
[HTTP] <-- POST /wd/hub/session/3d8ef549-ddd9-42b0-9e69-1cc740b43b7a/element/5002/value 200 1961 ms - 76
[HTTP] 
[HTTP] --> POST /wd/hub/session/3d8ef549-ddd9-42b0-9e69-1cc740b43b7a/elements
[HTTP] {"using":"xpath","value":"//input[@id = 'dob-0' and @type = 'tel' and @placeholder = 'mm/dd/yyyy']"}
[HTTP] <-- POST /wd/hub/session/3d8ef549-ddd9-42b0-9e69-1cc740b43b7a/elements 200 3113 ms - 92
[HTTP] 
[HTTP] --> GET /wd/hub/session/3d8ef549-ddd9-42b0-9e69-1cc740b43b7a
[HTTP] {}
[XCUITest] Merging WDA caps over Appium caps for session detail response
[HTTP] <-- GET /wd/hub/session/3d8ef549-ddd9-42b0-9e69-1cc740b43b7a 200 4 ms - 627
[HTTP] 
[HTTP] --> GET /wd/hub/session/3d8ef549-ddd9-42b0-9e69-1cc740b43b7a
[HTTP] {}
[XCUITest] Merging WDA caps over Appium caps for session detail response
[HTTP] <-- GET /wd/hub/session/3d8ef549-ddd9-42b0-9e69-1cc740b43b7a 200 2 ms - 627
[HTTP] 
[HTTP] --> GET /wd/hub/session/3d8ef549-ddd9-42b0-9e69-1cc740b43b7a
[HTTP] {}
[XCUITest] Merging WDA caps over Appium caps for session detail response
[HTTP] <-- GET /wd/hub/session/3d8ef549-ddd9-42b0-9e69-1cc740b43b7a 200 2 ms - 627
[HTTP] 
[HTTP] --> GET /wd/hub/session/3d8ef549-ddd9-42b0-9e69-1cc740b43b7a
[HTTP] {}
[XCUITest] Merging WDA caps over Appium caps for session detail response
[HTTP] <-- GET /wd/hub/session/3d8ef549-ddd9-42b0-9e69-1cc740b43b7a 200 2 ms - 627
[HTTP] 
[HTTP] --> POST /wd/hub/session/3d8ef549-ddd9-42b0-9e69-1cc740b43b7a/element/5003/clear
[HTTP] {"id":"5003"}
[HTTP] <-- POST /wd/hub/session/3d8ef549-ddd9-42b0-9e69-1cc740b43b7a/element/5003/clear 200 496 ms - 76
[HTTP] 
[HTTP] --> POST /wd/hub/session/3d8ef549-ddd9-42b0-9e69-1cc740b43b7a/elements
[HTTP] {"using":"xpath","value":"//input[@id = 'dob-0' and @type = 'tel' and @placeholder = 'mm/dd/yyyy']"}
[HTTP] <-- POST /wd/hub/session/3d8ef549-ddd9-42b0-9e69-1cc740b43b7a/elements 200 486 ms - 92
[HTTP] 
[HTTP] --> GET /wd/hub/session/3d8ef549-ddd9-42b0-9e69-1cc740b43b7a
[HTTP] {}
[XCUITest] Merging WDA caps over Appium caps for session detail response
[HTTP] <-- GET /wd/hub/session/3d8ef549-ddd9-42b0-9e69-1cc740b43b7a 200 3 ms - 627
[HTTP] 
[HTTP] --> GET /wd/hub/session/3d8ef549-ddd9-42b0-9e69-1cc740b43b7a
[HTTP] {}
[XCUITest] Merging WDA caps over Appium caps for session detail response
[HTTP] <-- GET /wd/hub/session/3d8ef549-ddd9-42b0-9e69-1cc740b43b7a 200 2 ms - 627
[HTTP] 
[HTTP] --> GET /wd/hub/session/3d8ef549-ddd9-42b0-9e69-1cc740b43b7a
[HTTP] {}
[XCUITest] Merging WDA caps over Appium caps for session detail response
[HTTP] <-- GET /wd/hub/session/3d8ef549-ddd9-42b0-9e69-1cc740b43b7a 200 4 ms - 627
[HTTP] 
[HTTP] --> GET /wd/hub/session/3d8ef549-ddd9-42b0-9e69-1cc740b43b7a
[HTTP] {}
[XCUITest] Merging WDA caps over Appium caps for session detail response
[HTTP] <-- GET /wd/hub/session/3d8ef549-ddd9-42b0-9e69-1cc740b43b7a 200 2 ms - 627
[HTTP] 
[HTTP] --> POST /wd/hub/session/3d8ef549-ddd9-42b0-9e69-1cc740b43b7a/element/5004/value
[HTTP] {"id":"5004","value":["03/03/1987"]}
[HTTP] <-- POST /wd/hub/session/3d8ef549-ddd9-42b0-9e69-1cc740b43b7a/element/5004/value 200 1806 ms - 76
[HTTP] 
[HTTP] --> POST /wd/hub/session/3d8ef549-ddd9-42b0-9e69-1cc740b43b7a/elements
[HTTP] {"using":"xpath","value":"//label[(text() = 'Male' or . = 'Male')]"}
[HTTP] <-- POST /wd/hub/session/3d8ef549-ddd9-42b0-9e69-1cc740b43b7a/elements 200 1128 ms - 92
[HTTP] 
[HTTP] --> GET /wd/hub/session/3d8ef549-ddd9-42b0-9e69-1cc740b43b7a
[HTTP] {}
[XCUITest] Merging WDA caps over Appium caps for session detail response
[HTTP] <-- GET /wd/hub/session/3d8ef549-ddd9-42b0-9e69-1cc740b43b7a 200 3 ms - 627
[HTTP] 
[HTTP] --> GET /wd/hub/session/3d8ef549-ddd9-42b0-9e69-1cc740b43b7a
[HTTP] {}
[XCUITest] Merging WDA caps over Appium caps for session detail response
[HTTP] <-- GET /wd/hub/session/3d8ef549-ddd9-42b0-9e69-1cc740b43b7a 200 2 ms - 627
[HTTP] 
[HTTP] --> GET /wd/hub/session/3d8ef549-ddd9-42b0-9e69-1cc740b43b7a
[HTTP] {}
[XCUITest] Merging WDA caps over Appium caps for session detail response
[HTTP] <-- GET /wd/hub/session/3d8ef549-ddd9-42b0-9e69-1cc740b43b7a 200 2 ms - 627
[HTTP] 
[HTTP] --> GET /wd/hub/session/3d8ef549-ddd9-42b0-9e69-1cc740b43b7a
[HTTP] {}
[XCUITest] Merging WDA caps over Appium caps for session detail response
[HTTP] <-- GET /wd/hub/session/3d8ef549-ddd9-42b0-9e69-1cc740b43b7a 200 2 ms - 627
[HTTP] 
[HTTP] --> POST /wd/hub/session/3d8ef549-ddd9-42b0-9e69-1cc740b43b7a/element/5005/click
[HTTP] {"id":"5005"}
[HTTP] <-- POST /wd/hub/session/3d8ef549-ddd9-42b0-9e69-1cc740b43b7a/element/5005/click 200 400 ms - 76
[HTTP] 
[HTTP] --> POST /wd/hub/session/3d8ef549-ddd9-42b0-9e69-1cc740b43b7a/elements
[HTTP] {"using":"xpath","value":"//label[@id = 'js-see-plans' and @href = '#' and (text() = 'Compare Plans ' or . = 'Compare Plans ')]"}
[HTTP] <-- POST /wd/hub/session/3d8ef549-ddd9-42b0-9e69-1cc740b43b7a/elements 200 202 ms - 92
[HTTP] 
[HTTP] --> GET /wd/hub/session/3d8ef549-ddd9-42b0-9e69-1cc740b43b7a
[HTTP] {}
[XCUITest] Merging WDA caps over Appium caps for session detail response
[HTTP] <-- GET /wd/hub/session/3d8ef549-ddd9-42b0-9e69-1cc740b43b7a 200 2 ms - 627
[HTTP] 
[HTTP] --> GET /wd/hub/session/3d8ef549-ddd9-42b0-9e69-1cc740b43b7a
[HTTP] {}
[XCUITest] Merging WDA caps over Appium caps for session detail response
[HTTP] <-- GET /wd/hub/session/3d8ef549-ddd9-42b0-9e69-1cc740b43b7a 200 2 ms - 627
[HTTP] 
[HTTP] --> GET /wd/hub/session/3d8ef549-ddd9-42b0-9e69-1cc740b43b7a
[HTTP] {}
[XCUITest] Merging WDA caps over Appium caps for session detail response
[HTTP] <-- GET /wd/hub/session/3d8ef549-ddd9-42b0-9e69-1cc740b43b7a 200 3 ms - 627
[HTTP] 
[HTTP] --> GET /wd/hub/session/3d8ef549-ddd9-42b0-9e69-1cc740b43b7a
[HTTP] {}
[XCUITest] Merging WDA caps over Appium caps for session detail response
[HTTP] <-- GET /wd/hub/session/3d8ef549-ddd9-42b0-9e69-1cc740b43b7a 200 2 ms - 627
[HTTP] 
[HTTP] --> POST /wd/hub/session/3d8ef549-ddd9-42b0-9e69-1cc740b43b7a/element/5006/click
[HTTP] {"id":"5006"}
[HTTP] <-- POST /wd/hub/session/3d8ef549-ddd9-42b0-9e69-1cc740b43b7a/element/5006/click 200 194 ms - 76
[HTTP] 
[HTTP] --> POST /wd/hub/session/3d8ef549-ddd9-42b0-9e69-1cc740b43b7a/elements
[HTTP] {"using":"xpath","value":"//button[@type = 'button' and (text() = 'filters ' or . = 'filters ')]"}
[HTTP] <-- POST /wd/hub/session/3d8ef549-ddd9-42b0-9e69-1cc740b43b7a/elements 200 476 ms - 92
[HTTP] 
[HTTP] --> GET /wd/hub/session/3d8ef549-ddd9-42b0-9e69-1cc740b43b7a
[HTTP] {}
[XCUITest] Merging WDA caps over Appium caps for session detail response
[HTTP] <-- GET /wd/hub/session/3d8ef549-ddd9-42b0-9e69-1cc740b43b7a 200 2 ms - 627
[HTTP] 
[HTTP] --> GET /wd/hub/session/3d8ef549-ddd9-42b0-9e69-1cc740b43b7a
[HTTP] {}
[XCUITest] Merging WDA caps over Appium caps for session detail response
[HTTP] <-- GET /wd/hub/session/3d8ef549-ddd9-42b0-9e69-1cc740b43b7a 200 2 ms - 627
[HTTP] 
[HTTP] --> GET /wd/hub/session/3d8ef549-ddd9-42b0-9e69-1cc740b43b7a
[HTTP] {}
[XCUITest] Merging WDA caps over Appium caps for session detail response
[HTTP] <-- GET /wd/hub/session/3d8ef549-ddd9-42b0-9e69-1cc740b43b7a 200 2 ms - 627
[HTTP] 
[HTTP] --> GET /wd/hub/session/3d8ef549-ddd9-42b0-9e69-1cc740b43b7a
[HTTP] {}
[XCUITest] Merging WDA caps over Appium caps for session detail response
[HTTP] <-- GET /wd/hub/session/3d8ef549-ddd9-42b0-9e69-1cc740b43b7a 200 2 ms - 627
[HTTP] 
[HTTP] --> POST /wd/hub/session/3d8ef549-ddd9-42b0-9e69-1cc740b43b7a/element/5007/click
[HTTP] {"id":"5007"}
[HTTP] <-- POST /wd/hub/session/3d8ef549-ddd9-42b0-9e69-1cc740b43b7a/element/5007/click 200 1926 ms - 76
[HTTP] 
[HTTP] --> POST /wd/hub/session/3d8ef549-ddd9-42b0-9e69-1cc740b43b7a/elements
[HTTP] {"using":"xpath","value":"id(\"js-modal-carrier\")/div[@class=\"c-filter-v3\"]/a[@class=\"js-toggle-button c-filter-v3__header collapsed\"]/span[@class=\"c-filter-v3__chevron-down\"]/i[@class=\"fa fa-chevron-down\"]"}
[HTTP] <-- POST /wd/hub/session/3d8ef549-ddd9-42b0-9e69-1cc740b43b7a/elements 200 6380 ms - 74
[HTTP] 
[HTTP] --> POST /wd/hub/session/3d8ef549-ddd9-42b0-9e69-1cc740b43b7a/elements
[HTTP] {"using":"xpath","value":"id(\"js-modal-carrier\")/div[@class=\"c-filter-v3\"]/a[@class=\"js-toggle-button c-filter-v3__header collapsed\"]/span[@class=\"c-filter-v3__chevron-down\"]/i[@class=\"fa fa-chevron-down\"]"}
[HTTP] <-- POST /wd/hub/session/3d8ef549-ddd9-42b0-9e69-1cc740b43b7a/elements 200 2311 ms - 74
[HTTP] 
[HTTP] --> POST /wd/hub/session/3d8ef549-ddd9-42b0-9e69-1cc740b43b7a/elements
[HTTP] {"using":"xpath","value":"id(\"js-modal-carrier\")/div[@class=\"c-filter-v3\"]/a[@class=\"js-toggle-button c-filter-v3__header collapsed\"]/span[@class=\"c-filter-v3__chevron-down\"]/i[@class=\"fa fa-chevron-down\"]"}
[HTTP] <-- POST /wd/hub/session/3d8ef549-ddd9-42b0-9e69-1cc740b43b7a/elements 200 185 ms - 74
[HTTP] 
[HTTP] --> POST /wd/hub/session/3d8ef549-ddd9-42b0-9e69-1cc740b43b7a/elements
[HTTP] {"using":"xpath","value":"id(\"js-modal-carrier\")/div[@class=\"c-filter-v3\"]/a[@class=\"js-toggle-button c-filter-v3__header collapsed\"]/span[@class=\"c-filter-v3__chevron-down\"]/i[@class=\"fa fa-chevron-down\"]"}
[HTTP] <-- POST /wd/hub/session/3d8ef549-ddd9-42b0-9e69-1cc740b43b7a/elements 200 523 ms - 74
[HTTP] 
[HTTP] --> POST /wd/hub/session/3d8ef549-ddd9-42b0-9e69-1cc740b43b7a/elements
[HTTP] {"using":"xpath","value":"id(\"js-modal-carrier\")/div[@class=\"c-filter-v3\"]/a[@class=\"js-toggle-button c-filter-v3__header collapsed\"]/span[@class=\"c-filter-v3__chevron-down\"]/i[@class=\"fa fa-chevron-down\"]"}
[HTTP] <-- POST /wd/hub/session/3d8ef549-ddd9-42b0-9e69-1cc740b43b7a/elements 200 638 ms - 74
[HTTP] 
[HTTP] --> POST /wd/hub/session/3d8ef549-ddd9-42b0-9e69-1cc740b43b7a/elements
[HTTP] {"using":"xpath","value":"id(\"js-modal-carrier\")/div[@class=\"c-filter-v3\"]/a[@class=\"js-toggle-button c-filter-v3__header collapsed\"]/span[@class=\"c-filter-v3__chevron-down\"]/i[@class=\"fa fa-chevron-down\"]"}
[HTTP] <-- POST /wd/hub/session/3d8ef549-ddd9-42b0-9e69-1cc740b43b7a/elements 200 260 ms - 74
[HTTP] 
[HTTP] --> POST /wd/hub/session/3d8ef549-ddd9-42b0-9e69-1cc740b43b7a/elements
[HTTP] {"using":"xpath","value":"id(\"js-modal-carrier\")/div[@class=\"c-filter-v3\"]/a[@class=\"js-toggle-button c-filter-v3__header collapsed\"]/span[@class=\"c-filter-v3__chevron-down\"]/i[@class=\"fa fa-chevron-down\"]"}
[HTTP] <-- POST /wd/hub/session/3d8ef549-ddd9-42b0-9e69-1cc740b43b7a/elements 200 3136 ms - 74
[HTTP] 
[HTTP] --> POST /wd/hub/session/3d8ef549-ddd9-42b0-9e69-1cc740b43b7a/elements
[HTTP] {"using":"xpath","value":"id(\"js-modal-carrier\")/div[@class=\"c-filter-v3\"]/a[@class=\"js-toggle-button c-filter-v3__header collapsed\"]/span[@class=\"c-filter-v3__chevron-down\"]/i[@class=\"fa fa-chevron-down\"]"}
[HTTP] <-- POST /wd/hub/session/3d8ef549-ddd9-42b0-9e69-1cc740b43b7a/elements 200 5513 ms - 74
[HTTP] 
[HTTP] --> POST /wd/hub/session/3d8ef549-ddd9-42b0-9e69-1cc740b43b7a/elements
[HTTP] {"using":"xpath","value":"id(\"js-modal-carrier\")/div[@class=\"c-filter-v3\"]/a[@class=\"js-toggle-button c-filter-v3__header collapsed\"]/span[@class=\"c-filter-v3__chevron-down\"]/i[@class=\"fa fa-chevron-down\"]"}
[HTTP] <-- POST /wd/hub/session/3d8ef549-ddd9-42b0-9e69-1cc740b43b7a/elements 200 677 ms - 74
[HTTP] 
[HTTP] --> POST /wd/hub/session/3d8ef549-ddd9-42b0-9e69-1cc740b43b7a/elements
[HTTP] {"using":"xpath","value":"id(\"js-modal-carrier\")/div[@class=\"c-filter-v3\"]/a[@class=\"js-toggle-button c-filter-v3__header collapsed\"]/span[@class=\"c-filter-v3__chevron-down\"]/i[@class=\"fa fa-chevron-down\"]"}
[HTTP] <-- POST /wd/hub/session/3d8ef549-ddd9-42b0-9e69-1cc740b43b7a/elements 200 945 ms - 74
[HTTP] 
[HTTP] --> POST /wd/hub/session/3d8ef549-ddd9-42b0-9e69-1cc740b43b7a/elements
[HTTP] {"using":"xpath","value":"id(\"js-modal-carrier\")/div[@class=\"c-filter-v3\"]/a[@class=\"js-toggle-button c-filter-v3__header collapsed\"]/span[@class=\"c-filter-v3__chevron-down\"]/i[@class=\"fa fa-chevron-down\"]"}
[HTTP] <-- POST /wd/hub/session/3d8ef549-ddd9-42b0-9e69-1cc740b43b7a/elements 200 1395 ms - 74
[HTTP] 
[HTTP] --> POST /wd/hub/session/3d8ef549-ddd9-42b0-9e69-1cc740b43b7a/elements
[HTTP] {"using":"xpath","value":"id(\"js-modal-carrier\")/div[@class=\"c-filter-v3\"]/a[@class=\"js-toggle-button c-filter-v3__header collapsed\"]/span[@class=\"c-filter-v3__chevron-down\"]/i[@class=\"fa fa-chevron-down\"]"}
[HTTP] <-- POST /wd/hub/session/3d8ef549-ddd9-42b0-9e69-1cc740b43b7a/elements 200 2382 ms - 74
[HTTP] 
[HTTP] --> POST /wd/hub/session/3d8ef549-ddd9-42b0-9e69-1cc740b43b7a/elements
[HTTP] {"using":"xpath","value":"id(\"js-modal-carrier\")/div[@class=\"c-filter-v3\"]/a[@class=\"js-toggle-button c-filter-v3__header collapsed\"]/span[@class=\"c-filter-v3__chevron-down\"]/i[@class=\"fa fa-chevron-down\"]"}
[HTTP] <-- POST /wd/hub/session/3d8ef549-ddd9-42b0-9e69-1cc740b43b7a/elements 200 5460 ms - 74
[HTTP] 
[HTTP] --> POST /wd/hub/session/3d8ef549-ddd9-42b0-9e69-1cc740b43b7a/elements
[HTTP] {"using":"xpath","value":"id(\"js-modal-carrier\")/div[@class=\"c-filter-v3\"]/a[@class=\"js-toggle-button c-filter-v3__header collapsed\"]/span[@class=\"c-filter-v3__chevron-down\"]/i[@class=\"fa fa-chevron-down\"]"}
[HTTP] <-- POST /wd/hub/session/3d8ef549-ddd9-42b0-9e69-1cc740b43b7a/elements 200 2155 ms - 74
[HTTP] 
[HTTP] --> POST /wd/hub/session/3d8ef549-ddd9-42b0-9e69-1cc740b43b7a/elements
[HTTP] {"using":"xpath","value":"id(\"js-modal-carrier\")/div[@class=\"c-filter-v3\"]/a[@class=\"js-toggle-button c-filter-v3__header collapsed\"]/span[@class=\"c-filter-v3__chevron-down\"]/i[@class=\"fa fa-chevron-down\"]"}
[HTTP] <-- POST /wd/hub/session/3d8ef549-ddd9-42b0-9e69-1cc740b43b7a/elements 200 2108 ms - 74
[HTTP] 
[HTTP] --> POST /wd/hub/session/3d8ef549-ddd9-42b0-9e69-1cc740b43b7a/elements
[HTTP] {"using":"xpath","value":"id(\"js-modal-carrier\")/div[@class=\"c-filter-v3\"]/a[@class=\"js-toggle-button c-filter-v3__header collapsed\"]/span[@class=\"c-filter-v3__chevron-down\"]/i[@class=\"fa fa-chevron-down\"]"}
[HTTP] <-- POST /wd/hub/session/3d8ef549-ddd9-42b0-9e69-1cc740b43b7a/elements 200 2311 ms - 74
[HTTP] 
[HTTP] --> POST /wd/hub/session/3d8ef549-ddd9-42b0-9e69-1cc740b43b7a/elements
[HTTP] {"using":"xpath","value":"id(\"js-modal-carrier\")/div[@class=\"c-filter-v3\"]/a[@class=\"js-toggle-button c-filter-v3__header collapsed\"]/span[@class=\"c-filter-v3__chevron-down\"]/i[@class=\"fa fa-chevron-down\"]"}
[HTTP] <-- POST /wd/hub/session/3d8ef549-ddd9-42b0-9e69-1cc740b43b7a/elements 200 3401 ms - 74
[HTTP] 
[HTTP] --> POST /wd/hub/session/3d8ef549-ddd9-42b0-9e69-1cc740b43b7a/elements
[HTTP] {"using":"xpath","value":"id(\"js-modal-carrier\")/div[@class=\"c-filter-v3\"]/a[@class=\"js-toggle-button c-filter-v3__header collapsed\"]/span[@class=\"c-filter-v3__chevron-down\"]/i[@class=\"fa fa-chevron-down\"]"}
[HTTP] <-- POST /wd/hub/session/3d8ef549-ddd9-42b0-9e69-1cc740b43b7a/elements 200 3129 ms - 74
[HTTP] 
[HTTP] --> POST /wd/hub/session/3d8ef549-ddd9-42b0-9e69-1cc740b43b7a/elements
[HTTP] {"using":"xpath","value":"id(\"js-modal-carrier\")/div[@class=\"c-filter-v3\"]/a[@class=\"js-toggle-button c-filter-v3__header collapsed\"]/span[@class=\"c-filter-v3__chevron-down\"]/i[@class=\"fa fa-chevron-down\"]"}
[HTTP] <-- POST /wd/hub/session/3d8ef549-ddd9-42b0-9e69-1cc740b43b7a/elements 200 2447 ms - 74
[HTTP] 
[HTTP] --> POST /wd/hub/session/3d8ef549-ddd9-42b0-9e69-1cc740b43b7a/elements
[HTTP] {"using":"xpath","value":"id(\"js-modal-carrier\")/div[@class=\"c-filter-v3\"]/a[@class=\"js-toggle-button c-filter-v3__header collapsed\"]/span[@class=\"c-filter-v3__chevron-down\"]/i[@class=\"fa fa-chevron-down\"]"}
[HTTP] <-- POST /wd/hub/session/3d8ef549-ddd9-42b0-9e69-1cc740b43b7a/elements 200 6705 ms - 74
[HTTP] 
[HTTP] --> POST /wd/hub/session/3d8ef549-ddd9-42b0-9e69-1cc740b43b7a/elements
[HTTP] {"using":"xpath","value":"id(\"js-modal-carrier\")/div[@class=\"c-filter-v3\"]/a[@class=\"js-toggle-button c-filter-v3__header collapsed\"]/span[@class=\"c-filter-v3__chevron-down\"]/i[@class=\"fa fa-chevron-down\"]"}
[HTTP] <-- POST /wd/hub/session/3d8ef549-ddd9-42b0-9e69-1cc740b43b7a/elements 200 2792 ms - 74
[HTTP] 
[HTTP] --> POST /wd/hub/session/3d8ef549-ddd9-42b0-9e69-1cc740b43b7a/elements
[HTTP] {"using":"xpath","value":"id(\"js-modal-carrier\")/div[@class=\"c-filter-v3\"]/a[@class=\"js-toggle-button c-filter-v3__header collapsed\"]/span[@class=\"c-filter-v3__chevron-down\"]/i[@class=\"fa fa-chevron-down\"]"}
[HTTP] <-- POST /wd/hub/session/3d8ef549-ddd9-42b0-9e69-1cc740b43b7a/elements 200 1598 ms - 74
[HTTP] 
[HTTP] --> POST /wd/hub/session/3d8ef549-ddd9-42b0-9e69-1cc740b43b7a/elements
[HTTP] {"using":"xpath","value":"id(\"js-modal-carrier\")/div[@class=\"c-filter-v3\"]/a[@class=\"js-toggle-button c-filter-v3__header collapsed\"]/span[@class=\"c-filter-v3__chevron-down\"]/i[@class=\"fa fa-chevron-down\"]"}
[HTTP] <-- POST /wd/hub/session/3d8ef549-ddd9-42b0-9e69-1cc740b43b7a/elements 200 4343 ms - 74
[HTTP] 
[HTTP] --> GET /wd/hub/session/3d8ef549-ddd9-42b0-9e69-1cc740b43b7a/screenshot
[HTTP] {}
[HTTP] <-- GET /wd/hub/session/3d8ef549-ddd9-42b0-9e69-1cc740b43b7a/screenshot 200 312 ms - 569270
[HTTP] 
[HTTP] --> DELETE /wd/hub/session/3d8ef549-ddd9-42b0-9e69-1cc740b43b7a
[HTTP] {}
[Appium] Removing session 3d8ef549-ddd9-42b0-9e69-1cc740b43b7a from our master session list
[HTTP] <-- DELETE /wd/hub/session/3d8ef549-ddd9-42b0-9e69-1cc740b43b7a 200 2054 ms - 76
[HTTP] 
