[Appium] Welcome to Appium v1.8.1
[Appium] Non-default server args:
[Appium]   port: 61291
[Appium]   loglevel: info
[Appium]   chromeDriverPort: 61292
[Appium]   tmpDir: /var/folders/95/4qsvf70n5s55n0wp9h6b0h_r0000gn/T//Katalon/Appium/Temp1547022010770
[Appium] Appium REST http interface listener started on 0.0.0.0:61291
[HTTP] --> GET /wd/hub/status
[HTTP] {}
[HTTP] <-- GET /wd/hub/status 200 31 ms - 83
[HTTP] 
[HTTP] --> GET /wd/hub/status
[HTTP] {}
[HTTP] <-- GET /wd/hub/status 200 23 ms - 83
[HTTP] 
[HTTP] --> POST /wd/hub/session
[HTTP] {"desiredCapabilities":{"app":"/Users/denisyu/Downloads/com.android.chrome_71.0.3578.99-357809900.apk","automationName":"XCUITest","deviceId":"","deviceName":"iPhone 5s","fullReset":false,"newCommandTimeout":1800,"noReset":true,"platformName":"iOS","realDeviceLogger":"/Applications/Katalon Studio.app/Contents/Eclipse/configuration/resources/tools/deviceconsole/deviceconsole","udid":"E46E78E4-D43D-4A83-994D-806BCC948BC1","waitForAppScript":"true;","wdaLocalPort":61312},"capabilities":{"desiredCapabilities":{"app":"/Users/denisyu/Downloads/com.android.chrome_71.0.3578.99-357809900.apk","automationName":"XCUITest","deviceId":"","deviceName":"iPhone 5s","fullReset":false,"newCommandTimeout":1800,"noReset":true,"platformName":"iOS","realDeviceLogger":"/Applications/Katalon Studio.app/Contents/Eclipse/configuration/resources/tools/deviceconsole/deviceconsole","udid":"E46E78E4-D43D-4A83-994D-806BCC948BC1","waitForAppScript":"true;","wdaLocalPort":61312},"firstMatch":[{"platformName":"ios"}]}}
[Appium] Could not parse W3C capabilities: 'deviceName' can't be blank. Falling back to JSONWP protocol.
[Appium] The following capabilities were provided in the JSONWP desired capabilities that are missing in W3C capabilities: ["app","automationName","deviceId","deviceName","fullReset","newCommandTimeout","noReset","platformName","realDeviceLogger","udid","waitForAppScript","wdaLocalPort"]. Falling back to JSONWP protocol.
[Appium] Creating new XCUITestDriver (v2.105.0) session
[Appium] Capabilities:
[Appium]   app: /Users/denisyu/Downloads/com.android.chrome_71.0.3578.99-357809900.apk
[Appium]   automationName: XCUITest
[Appium]   deviceId: 
[Appium]   deviceName: iPhone 5s
[Appium]   fullReset: false
[Appium]   newCommandTimeout: 1800
[Appium]   noReset: true
[Appium]   platformName: iOS
[Appium]   realDeviceLogger: /Applications/Katalon Studio.app/Contents/Eclipse/configuration/resources/tools/deviceconsole/deviceconsole
[Appium]   udid: E46E78E4-D43D-4A83-994D-806BCC948BC1
[Appium]   waitForAppScript: true;
[Appium]   wdaLocalPort: 61312
[BaseDriver] The following capabilities were provided, but are not recognized by appium: deviceId.
[BaseDriver] Session created with session id: 77ba2d33-e5e8-4d92-b166-989028f4097e
[iOSSim] Constructing iOS simulator for Xcode version 10.1 with udid 'E46E78E4-D43D-4A83-994D-806BCC948BC1'
[XCUITest] Determining device to run tests on: udid: 'E46E78E4-D43D-4A83-994D-806BCC948BC1', real device: false
[XCUITest] No platformVersion specified. Using device version: '12.1'
[BaseDriver] Using local app '/Users/denisyu/Downloads/com.android.chrome_71.0.3578.99-357809900.apk'
[HTTP] <-- POST /wd/hub/session 500 1859 ms - 278
[HTTP] 
