[1125/140308.711:ERROR:prune_crash_reports.cc(34)] PruneCrashReportDatabase: Failed to get pending reports
[0309/145743.659:ERROR:file_io_win.cc(161)] CreateFile C:\Users\sofee.yu\AppData\Local\Temp\scoped_dir5344_1869419246\Crashpad\settings.dat: The system cannot find the path specified. (0x3)
[0309/145743.662:ERROR:file_io_win.cc(170)] CreateFile C:\Users\sofee.yu\AppData\Local\Temp\scoped_dir5344_1869419246\Crashpad\reports\43f59863-4d9c-4d11-991f-227553660a9b.dmp: The system cannot find the path specified. (0x3)
[0309/145743.662:ERROR:crash_report_exception_handler.cc(97)] PrepareNewCrashReport failed
[1020/100946.786:ERROR:directory_reader_win.cc(43)] FindFirstFile: The system cannot find the path specified. (0x3)
[1020/100946.838:ERROR:prune_crash_reports.cc(36)] PruneCrashReportDatabase: Failed to get pending reports
[1020/102748.017:ERROR:directory_reader_win.cc(43)] FindFirstFile: The system cannot find the path specified. (0x3)
[1020/102748.019:ERROR:prune_crash_reports.cc(36)] PruneCrashReportDatabase: Failed to get pending reports
[1020/105448.212:ERROR:directory_reader_win.cc(43)] FindFirstFile: The system cannot find the path specified. (0x3)
[1020/105448.482:ERROR:prune_crash_reports.cc(36)] PruneCrashReportDatabase: Failed to get pending reports
[1020/120452.019:ERROR:directory_reader_win.cc(43)] FindFirstFile: The system cannot find the path specified. (0x3)
[1020/120452.310:ERROR:prune_crash_reports.cc(36)] PruneCrashReportDatabase: Failed to get pending reports
[1020/121117.202:ERROR:directory_reader_win.cc(43)] FindFirstFile: Error (0x3AFC) while retrieving error. (0x3)
[1020/121130.102:ERROR:prune_crash_reports.cc(36)] PruneCrashReportDatabase: Failed to get pending reports
[1020/121252.888:ERROR:file_io_win.cc(162)] CreateFile C:\Users\sofee.yu\AppData\Local\Temp\scoped_dir41304_1773772194\Crashpad\settings.dat: The system cannot find the path specified. (0x3)
[1020/121254.741:ERROR:file_io_win.cc(171)] CreateFile C:\Users\sofee.yu\AppData\Local\Temp\scoped_dir41304_1773772194\Crashpad\reports\78b9dc4e-d071-4569-9ab0-269313ef9c70.dmp: The system cannot find the path specified. (0x3)
[1020/121254.741:ERROR:crash_report_exception_handler.cc(99)] PrepareNewCrashReport failed
[1020/121903.963:ERROR:file_io_win.cc(162)] CreateFile C:\Users\sofee.yu\AppData\Local\Temp\scoped_dir47708_1086647744\Crashpad\settings.dat: The system cannot find the path specified. (0x3)
[1020/121908.961:ERROR:file_io_win.cc(171)] CreateFile C:\Users\sofee.yu\AppData\Local\Temp\scoped_dir47708_1086647744\Crashpad\reports\0c01e59c-f5a3-4f3e-bb0f-a60e45a1ce53.dmp: The system cannot find the path specified. (0x3)
[1020/121908.961:ERROR:crash_report_exception_handler.cc(99)] PrepareNewCrashReport failed
[1020/214454.057:ERROR:file_io_win.cc(162)] CreateFile C:\Users\sofee.yu\AppData\Local\Temp\scoped_dir44704_1070530336\Crashpad\settings.dat: The system cannot find the path specified. (0x3)
[1020/214454.868:ERROR:file_io_win.cc(171)] CreateFile C:\Users\sofee.yu\AppData\Local\Temp\scoped_dir44704_1070530336\Crashpad\reports\5d469344-9ad8-4740-97d7-1e9c49c8946f.dmp: The system cannot find the path specified. (0x3)
[1020/214454.868:ERROR:crash_report_exception_handler.cc(99)] PrepareNewCrashReport failed
[1020/214509.860:ERROR:file_io_win.cc(162)] CreateFile C:\Users\sofee.yu\AppData\Local\Temp\scoped_dir44012_55669239\Crashpad\settings.dat: The system cannot find the path specified. (0x3)
[1020/214511.024:ERROR:file_io_win.cc(171)] CreateFile C:\Users\sofee.yu\AppData\Local\Temp\scoped_dir44012_55669239\Crashpad\reports\a3bb2417-9fd5-4948-8539-025224d8a4b7.dmp: The system cannot find the path specified. (0x3)
[1020/214511.024:ERROR:crash_report_exception_handler.cc(99)] PrepareNewCrashReport failed
