[Appium] Welcome to Appium v1.8.1
[Appium] Non-default server args:
[Appium]   port: 54148
[Appium]   loglevel: info
[Appium]   chromeDriverPort: 54149
[Appium]   tmpDir: /var/folders/95/4qsvf70n5s55n0wp9h6b0h_r0000gn/T//Katalon/Appium/Temp1547195698255
[Appium]   webkitDebugProxyPort: 54145
[Appium] Appium REST http interface listener started on 0.0.0.0:54148
[HTTP] --> GET /wd/hub/status
[HTTP] {}
[HTTP] <-- GET /wd/hub/status 200 28 ms - 83
[HTTP] 
[HTTP] --> POST /wd/hub/session
[HTTP] {"desiredCapabilities":{"automationName":"XCUITest","browserName":"Safari","deviceId":"","deviceName":"iPhone X","newCommandTimeout":1800,"platform":"IOS","platformName":"iOS","platformVersion":"12.1","realDeviceLogger":"/Applications/Katalon Studio.app/Contents/Eclipse/configuration/resources/tools/deviceconsole/deviceconsole","wdaLocalPort":54144},"capabilities":{"desiredCapabilities":{"automationName":"XCUITest","browserName":"Safari","deviceId":"","deviceName":"iPhone X","newCommandTimeout":1800,"platform":"IOS","platformName":"iOS","platformVersion":"12.1","realDeviceLogger":"/Applications/Katalon Studio.app/Contents/Eclipse/configuration/resources/tools/deviceconsole/deviceconsole","wdaLocalPort":54144},"firstMatch":[{"browserName":"Safari","platformName":"ios"}]}}
[Appium] Could not parse W3C capabilities: 'deviceName' can't be blank. Falling back to JSONWP protocol.
[Appium] The following capabilities were provided in the JSONWP desired capabilities that are missing in W3C capabilities: ["automationName","browserName","deviceId","deviceName","newCommandTimeout","platform","platformName","platformVersion","realDeviceLogger","wdaLocalPort"]. Falling back to JSONWP protocol.
[Appium] Creating new XCUITestDriver (v2.105.0) session
[Appium] Capabilities:
[Appium]   automationName: XCUITest
[Appium]   browserName: Safari
[Appium]   deviceId: 
[Appium]   deviceName: iPhone X
[Appium]   newCommandTimeout: 1800
[Appium]   platform: IOS
[Appium]   platformName: iOS
[Appium]   platformVersion: 12.1
[Appium]   realDeviceLogger: /Applications/Katalon Studio.app/Contents/Eclipse/configuration/resources/tools/deviceconsole/deviceconsole
[Appium]   wdaLocalPort: 54144
[BaseDriver] The following capabilities were provided, but are not recognized by appium: deviceId, platform.
[BaseDriver] Session created with session id: a6a1eb8d-aedb-4d33-8c12-bc909417ebd7
[iOSSim] Constructing iOS simulator for Xcode version 10.1 with udid '1FBC48CC-4B26-4899-AB2C-0FDD67CACB37'
[XCUITest] Determining device to run tests on: udid: '1FBC48CC-4B26-4899-AB2C-0FDD67CACB37', real device: false
[XCUITest] Safari test requested
[XCUITest] Setting up simulator
[iOSSim] Both Simulator with UDID 1FBC48CC-4B26-4899-AB2C-0FDD67CACB37 and the UI client are currently running
[XCUITest] Using WDA path: '/Users/denisyu/.nvm/versions/node/v8.1.4/lib/node_modules/appium/node_modules/_appium-xcuitest-driver@2.105.0@appium-xcuitest-driver/WebDriverAgent'
[XCUITest] Using WDA agent: '/Users/denisyu/.nvm/versions/node/v8.1.4/lib/node_modules/appium/node_modules/_appium-xcuitest-driver@2.105.0@appium-xcuitest-driver/WebDriverAgent/WebDriverAgent.xcodeproj'
[JSONWP Proxy] Got an unexpected response: {"errno":"ECONNREFUSED","code":"ECONNREFUSED","syscall":"connect","address":"127.0.0.1","port":54144}
[XCUITest] Launching WebDriverAgent on the device
[JSONWP Proxy] Got an unexpected response: {"errno":"ECONNREFUSED","code":"ECONNREFUSED","syscall":"connect","address":"127.0.0.1","port":54144}
[JSONWP Proxy] Got an unexpected response: {"errno":"ECONNREFUSED","code":"ECONNREFUSED","syscall":"connect","address":"127.0.0.1","port":54144}
[JSONWP Proxy] Got an unexpected response: {"errno":"ECONNREFUSED","code":"ECONNREFUSED","syscall":"connect","address":"127.0.0.1","port":54144}
[JSONWP Proxy] Got an unexpected response: {"errno":"ECONNREFUSED","code":"ECONNREFUSED","syscall":"connect","address":"127.0.0.1","port":54144}
[JSONWP Proxy] Got an unexpected response: {"errno":"ECONNREFUSED","code":"ECONNREFUSED","syscall":"connect","address":"127.0.0.1","port":54144}
[JSONWP Proxy] Got an unexpected response: {"errno":"ECONNREFUSED","code":"ECONNREFUSED","syscall":"connect","address":"127.0.0.1","port":54144}
[JSONWP Proxy] Got an unexpected response: {"errno":"ECONNREFUSED","code":"ECONNREFUSED","syscall":"connect","address":"127.0.0.1","port":54144}
[JSONWP Proxy] Got an unexpected response: {"errno":"ECONNREFUSED","code":"ECONNREFUSED","syscall":"connect","address":"127.0.0.1","port":54144}
[JSONWP Proxy] Got an unexpected response: {"errno":"ECONNREFUSED","code":"ECONNREFUSED","syscall":"connect","address":"127.0.0.1","port":54144}
[JSONWP Proxy] Got an unexpected response: {"errno":"ECONNREFUSED","code":"ECONNREFUSED","syscall":"connect","address":"127.0.0.1","port":54144}
[JSONWP Proxy] Got an unexpected response: {"errno":"ECONNREFUSED","code":"ECONNREFUSED","syscall":"connect","address":"127.0.0.1","port":54144}
[JSONWP Proxy] Got an unexpected response: {"errno":"ECONNREFUSED","code":"ECONNREFUSED","syscall":"connect","address":"127.0.0.1","port":54144}
[HTTP] --> GET /welcome
[HTTP] {}
[HTTP] <-- GET /welcome 200 33 ms - 124
[HTTP] 
[HTTP] <-- GET /favicon.ico 200 4 ms - 1150
[HTTP] 
[XCUITest] Skipping setting of the initial display orientation. Set the "orientation" capability to either "LANDSCAPE" or "PORTRAIT", if this is an undesired behavior.
[Appium] New XCUITestDriver session created successfully, session a6a1eb8d-aedb-4d33-8c12-bc909417ebd7 added to master session list
[HTTP] <-- POST /wd/hub/session 200 34068 ms - 608
[HTTP] 
[HTTP] --> GET /wd/hub/status
[HTTP] {}
[HTTP] <-- GET /wd/hub/status 200 42 ms - 55
[HTTP] 
[HTTP] --> POST /wd/hub/session/a6a1eb8d-aedb-4d33-8c12-bc909417ebd7/timeouts
[HTTP] {"type":"implicit","ms":60000}
[HTTP] <-- POST /wd/hub/session/a6a1eb8d-aedb-4d33-8c12-bc909417ebd7/timeouts 400 32 ms - 5641
[HTTP] 
[HTTP] --> POST /wd/hub/session/a6a1eb8d-aedb-4d33-8c12-bc909417ebd7/timeouts
[HTTP] {"type":"implicit","ms":0}
[HTTP] <-- POST /wd/hub/session/a6a1eb8d-aedb-4d33-8c12-bc909417ebd7/timeouts 400 3 ms - 5633
[HTTP] 
[HTTP] --> POST /wd/hub/session/a6a1eb8d-aedb-4d33-8c12-bc909417ebd7/execute
[HTTP] {"script":"return navigator.sayswho= (function() { var ua= navigator.userAgent, tem, M= ua.match(/(opera|chrome|safari|firefox|msie|trident)\\/?\\s*(\\.?\\d+(\\.\\d+)*)/i) || []; if (/trident/i.test(M[1])) {     tem=  /\\brv[ :]+(\\d+)/g.exec(ua) || [];     return 'IE '+(tem[1] || ''); } if(M[1]=== 'Chrome') {     tem= ua.match(/\\b(OPR|Edge)\\/(\\d+)/);     if(tem!= null) return tem.slice(1).join(' ').replace('OPR', 'Opera'); } M= M[2]? [M[1], M[2]]: [navigator.appName, navigator.appVersion, '-?']; if((tem= ua.match(/version\\/(\\d+)/i))!= null) M.splice(1, 1, tem[1]); return M.join(' ').replace('MSIE', 'IE');})();","args":[]}
[HTTP] <-- POST /wd/hub/session/a6a1eb8d-aedb-4d33-8c12-bc909417ebd7/execute 200 1906 ms - 83
[HTTP] 
[HTTP] --> POST /wd/hub/session/a6a1eb8d-aedb-4d33-8c12-bc909417ebd7/url
[HTTP] {"url":"https://praetemptatus.agilehealthinsurance.com/"}
[HTTP] <-- POST /wd/hub/session/a6a1eb8d-aedb-4d33-8c12-bc909417ebd7/url 200 8386 ms - 76
[HTTP] 
[HTTP] --> GET /wd/hub/session/a6a1eb8d-aedb-4d33-8c12-bc909417ebd7/window_handle
[HTTP] {}
[HTTP] <-- GET /wd/hub/session/a6a1eb8d-aedb-4d33-8c12-bc909417ebd7/window_handle 200 3 ms - 80
[HTTP] 
[HTTP] --> POST /wd/hub/session/a6a1eb8d-aedb-4d33-8c12-bc909417ebd7/execute
[HTTP] {"script":"var canUseLocalStorage = false; try { canUseLocalStorage = !!window.localStorage; } catch(ex) { /* probe failed */ } var canUseJSON = false; try { canUseJSON = !!JSON; } catch(ex) { /* probe failed */ } if (canUseLocalStorage && canUseJSON) {   window.localStorage.setItem('__webdriverAlerts', JSON.stringify([]));   window.alert = function(msg) {     var alerts = JSON.parse(window.localStorage.getItem('__webdriverAlerts'));     alerts.push(msg);     window.localStorage.setItem('__webdriverAlerts', JSON.stringify(alerts));   };   window.localStorage.setItem('__webdriverConfirms', JSON.stringify([]));   if (!('__webdriverNextConfirm' in window.localStorage)) {     window.localStorage.setItem('__webdriverNextConfirm', JSON.stringify(true));   }   window.confirm = function(msg) {     var confirms = JSON.parse(window.localStorage.getItem('__webdriverConfirms'));     confirms.push(msg);     window.localStorage.setItem('__webdriverConfirms', JSON.stringify(confirms));     var res = 
[HTTP] <-- POST /wd/hub/session/a6a1eb8d-aedb-4d33-8c12-bc909417ebd7/execute 200 311 ms - 76
[HTTP] 
[HTTP] --> POST /wd/hub/session/a6a1eb8d-aedb-4d33-8c12-bc909417ebd7/execute
[HTTP] {"script":"return (function() { return (function(){return function(){var aa=this;function k(a){return void 0!==a}function l(a){return\"string\"==typeof a}function ba(a){return\"number\"==typeof a}function ca(a,b){a=a.split(\".\");var c=aa;a[0]in c||!c.execScript||c.execScript(\"var \"+a[0]);for(var d;a.length&&(d=a.shift());)!a.length&&k(b)?c[d]=b:c[d]&&c[d]!==Object.prototype[d]?c=c[d]:c=c[d]={}}\nfunction da(a){var b=typeof a;if(\"object\"==b)if(a){if(a instanceof Array)return\"array\";if(a instanceof Object)return b;var c=Object.prototype.toString.call(a);if(\"[object Window]\"==c)return\"object\";if(\"[object Array]\"==c||\"number\"==typeof a.length&&\"undefined\"!=typeof a.splice&&\"undefined\"!=typeof a.propertyIsEnumerable&&!a.propertyIsEnumerable(\"splice\"))return\"array\";if(\"[object Function]\"==c||\"undefined\"!=typeof a.call&&\"undefined\"!=typeof a.propertyIsEnumerable&&!a.propertyIsEnumerable(\"call\"))return\"function\"}else return\"null\";\nelse if(\"function\"==b&&\"
[HTTP] <-- POST /wd/hub/session/a6a1eb8d-aedb-4d33-8c12-bc909417ebd7/execute 200 807 ms - 90
[HTTP] 
[HTTP] --> GET /wd/hub/session/a6a1eb8d-aedb-4d33-8c12-bc909417ebd7
[HTTP] {}
[XCUITest] Merging WDA caps over Appium caps for session detail response
[HTTP] <-- GET /wd/hub/session/a6a1eb8d-aedb-4d33-8c12-bc909417ebd7 200 3367 ms - 627
[HTTP] 
[HTTP] --> GET /wd/hub/session/a6a1eb8d-aedb-4d33-8c12-bc909417ebd7
[HTTP] {}
[XCUITest] Merging WDA caps over Appium caps for session detail response
[HTTP] <-- GET /wd/hub/session/a6a1eb8d-aedb-4d33-8c12-bc909417ebd7 200 2 ms - 627
[HTTP] 
[HTTP] --> POST /wd/hub/session/a6a1eb8d-aedb-4d33-8c12-bc909417ebd7/element/5000/click
[HTTP] {"id":"5000"}
[HTTP] <-- POST /wd/hub/session/a6a1eb8d-aedb-4d33-8c12-bc909417ebd7/element/5000/click 200 1030 ms - 76
[HTTP] 
[HTTP] --> POST /wd/hub/session/a6a1eb8d-aedb-4d33-8c12-bc909417ebd7/execute
[HTTP] {"script":"var canUseLocalStorage = false; try { canUseLocalStorage = !!window.localStorage; } catch(ex) { /* probe failed */ } var canUseJSON = false; try { canUseJSON = !!JSON; } catch(ex) { /* probe failed */ } if (canUseLocalStorage && canUseJSON) {   window.localStorage.setItem('__webdriverAlerts', JSON.stringify([]));   window.alert = function(msg) {     var alerts = JSON.parse(window.localStorage.getItem('__webdriverAlerts'));     alerts.push(msg);     window.localStorage.setItem('__webdriverAlerts', JSON.stringify(alerts));   };   window.localStorage.setItem('__webdriverConfirms', JSON.stringify([]));   if (!('__webdriverNextConfirm' in window.localStorage)) {     window.localStorage.setItem('__webdriverNextConfirm', JSON.stringify(true));   }   window.confirm = function(msg) {     var confirms = JSON.parse(window.localStorage.getItem('__webdriverConfirms'));     confirms.push(msg);     window.localStorage.setItem('__webdriverConfirms', JSON.stringify(confirms));     var res = 
[HTTP] <-- POST /wd/hub/session/a6a1eb8d-aedb-4d33-8c12-bc909417ebd7/execute 200 441 ms - 76
[HTTP] 
[HTTP] --> POST /wd/hub/session/a6a1eb8d-aedb-4d33-8c12-bc909417ebd7/execute
[HTTP] {"script":"return (function() { return (function(){return function(){var aa=this;function k(a){return void 0!==a}function l(a){return\"string\"==typeof a}function ba(a){return\"number\"==typeof a}function ca(a,b){a=a.split(\".\");var c=aa;a[0]in c||!c.execScript||c.execScript(\"var \"+a[0]);for(var d;a.length&&(d=a.shift());)!a.length&&k(b)?c[d]=b:c[d]&&c[d]!==Object.prototype[d]?c=c[d]:c=c[d]={}}\nfunction da(a){var b=typeof a;if(\"object\"==b)if(a){if(a instanceof Array)return\"array\";if(a instanceof Object)return b;var c=Object.prototype.toString.call(a);if(\"[object Window]\"==c)return\"object\";if(\"[object Array]\"==c||\"number\"==typeof a.length&&\"undefined\"!=typeof a.splice&&\"undefined\"!=typeof a.propertyIsEnumerable&&!a.propertyIsEnumerable(\"splice\"))return\"array\";if(\"[object Function]\"==c||\"undefined\"!=typeof a.call&&\"undefined\"!=typeof a.propertyIsEnumerable&&!a.propertyIsEnumerable(\"call\"))return\"function\"}else return\"null\";\nelse if(\"function\"==b&&\"
[HTTP] <-- POST /wd/hub/session/a6a1eb8d-aedb-4d33-8c12-bc909417ebd7/execute 200 774 ms - 90
[HTTP] 
[HTTP] --> GET /wd/hub/session/a6a1eb8d-aedb-4d33-8c12-bc909417ebd7
[HTTP] {}
[XCUITest] Merging WDA caps over Appium caps for session detail response
[HTTP] <-- GET /wd/hub/session/a6a1eb8d-aedb-4d33-8c12-bc909417ebd7 200 2 ms - 627
[HTTP] 
[HTTP] --> GET /wd/hub/session/a6a1eb8d-aedb-4d33-8c12-bc909417ebd7
[HTTP] {}
[XCUITest] Merging WDA caps over Appium caps for session detail response
[HTTP] <-- GET /wd/hub/session/a6a1eb8d-aedb-4d33-8c12-bc909417ebd7 200 3 ms - 627
[HTTP] 
[HTTP] --> POST /wd/hub/session/a6a1eb8d-aedb-4d33-8c12-bc909417ebd7/element/5001/click
[HTTP] {"id":"5001"}
[HTTP] <-- POST /wd/hub/session/a6a1eb8d-aedb-4d33-8c12-bc909417ebd7/element/5001/click 200 608 ms - 76
[HTTP] 
[HTTP] --> POST /wd/hub/session/a6a1eb8d-aedb-4d33-8c12-bc909417ebd7/execute
[HTTP] {"script":"var canUseLocalStorage = false; try { canUseLocalStorage = !!window.localStorage; } catch(ex) { /* probe failed */ } var canUseJSON = false; try { canUseJSON = !!JSON; } catch(ex) { /* probe failed */ } if (canUseLocalStorage && canUseJSON) {   window.localStorage.setItem('__webdriverAlerts', JSON.stringify([]));   window.alert = function(msg) {     var alerts = JSON.parse(window.localStorage.getItem('__webdriverAlerts'));     alerts.push(msg);     window.localStorage.setItem('__webdriverAlerts', JSON.stringify(alerts));   };   window.localStorage.setItem('__webdriverConfirms', JSON.stringify([]));   if (!('__webdriverNextConfirm' in window.localStorage)) {     window.localStorage.setItem('__webdriverNextConfirm', JSON.stringify(true));   }   window.confirm = function(msg) {     var confirms = JSON.parse(window.localStorage.getItem('__webdriverConfirms'));     confirms.push(msg);     window.localStorage.setItem('__webdriverConfirms', JSON.stringify(confirms));     var res = 
[HTTP] <-- POST /wd/hub/session/a6a1eb8d-aedb-4d33-8c12-bc909417ebd7/execute 200 1839 ms - 76
[HTTP] 
[HTTP] --> POST /wd/hub/session/a6a1eb8d-aedb-4d33-8c12-bc909417ebd7/execute
[HTTP] {"script":"return (function() { return (function(){return function(){var aa=this;function k(a){return void 0!==a}function l(a){return\"string\"==typeof a}function ba(a){return\"number\"==typeof a}function ca(a,b){a=a.split(\".\");var c=aa;a[0]in c||!c.execScript||c.execScript(\"var \"+a[0]);for(var d;a.length&&(d=a.shift());)!a.length&&k(b)?c[d]=b:c[d]&&c[d]!==Object.prototype[d]?c=c[d]:c=c[d]={}}\nfunction da(a){var b=typeof a;if(\"object\"==b)if(a){if(a instanceof Array)return\"array\";if(a instanceof Object)return b;var c=Object.prototype.toString.call(a);if(\"[object Window]\"==c)return\"object\";if(\"[object Array]\"==c||\"number\"==typeof a.length&&\"undefined\"!=typeof a.splice&&\"undefined\"!=typeof a.propertyIsEnumerable&&!a.propertyIsEnumerable(\"splice\"))return\"array\";if(\"[object Function]\"==c||\"undefined\"!=typeof a.call&&\"undefined\"!=typeof a.propertyIsEnumerable&&!a.propertyIsEnumerable(\"call\"))return\"function\"}else return\"null\";\nelse if(\"function\"==b&&\"
[HTTP] <-- POST /wd/hub/session/a6a1eb8d-aedb-4d33-8c12-bc909417ebd7/execute 200 2374 ms - 90
[HTTP] 
[HTTP] --> GET /wd/hub/session/a6a1eb8d-aedb-4d33-8c12-bc909417ebd7
[HTTP] {}
[XCUITest] Merging WDA caps over Appium caps for session detail response
[HTTP] <-- GET /wd/hub/session/a6a1eb8d-aedb-4d33-8c12-bc909417ebd7 200 2 ms - 627
[HTTP] 
[HTTP] --> GET /wd/hub/session/a6a1eb8d-aedb-4d33-8c12-bc909417ebd7
[HTTP] {}
[XCUITest] Merging WDA caps over Appium caps for session detail response
[HTTP] <-- GET /wd/hub/session/a6a1eb8d-aedb-4d33-8c12-bc909417ebd7 200 2 ms - 627
[HTTP] 
[HTTP] --> POST /wd/hub/session/a6a1eb8d-aedb-4d33-8c12-bc909417ebd7/element/5002/click
[HTTP] {"id":"5002"}
[HTTP] <-- POST /wd/hub/session/a6a1eb8d-aedb-4d33-8c12-bc909417ebd7/element/5002/click 200 469 ms - 76
[HTTP] 
[HTTP] --> POST /wd/hub/session/a6a1eb8d-aedb-4d33-8c12-bc909417ebd7/execute
[HTTP] {"script":"var canUseLocalStorage = false; try { canUseLocalStorage = !!window.localStorage; } catch(ex) { /* probe failed */ } var canUseJSON = false; try { canUseJSON = !!JSON; } catch(ex) { /* probe failed */ } if (canUseLocalStorage && canUseJSON) {   window.localStorage.setItem('__webdriverAlerts', JSON.stringify([]));   window.alert = function(msg) {     var alerts = JSON.parse(window.localStorage.getItem('__webdriverAlerts'));     alerts.push(msg);     window.localStorage.setItem('__webdriverAlerts', JSON.stringify(alerts));   };   window.localStorage.setItem('__webdriverConfirms', JSON.stringify([]));   if (!('__webdriverNextConfirm' in window.localStorage)) {     window.localStorage.setItem('__webdriverNextConfirm', JSON.stringify(true));   }   window.confirm = function(msg) {     var confirms = JSON.parse(window.localStorage.getItem('__webdriverConfirms'));     confirms.push(msg);     window.localStorage.setItem('__webdriverConfirms', JSON.stringify(confirms));     var res = 
[HTTP] <-- POST /wd/hub/session/a6a1eb8d-aedb-4d33-8c12-bc909417ebd7/execute 200 1202 ms - 76
[HTTP] 
[HTTP] --> POST /wd/hub/session/a6a1eb8d-aedb-4d33-8c12-bc909417ebd7/execute
[HTTP] {"script":"return (function() { return (function(){return function(){var aa=this;function k(a){return void 0!==a}function l(a){return\"string\"==typeof a}function ba(a){return\"number\"==typeof a}function ca(a,b){a=a.split(\".\");var c=aa;a[0]in c||!c.execScript||c.execScript(\"var \"+a[0]);for(var d;a.length&&(d=a.shift());)!a.length&&k(b)?c[d]=b:c[d]&&c[d]!==Object.prototype[d]?c=c[d]:c=c[d]={}}\nfunction da(a){var b=typeof a;if(\"object\"==b)if(a){if(a instanceof Array)return\"array\";if(a instanceof Object)return b;var c=Object.prototype.toString.call(a);if(\"[object Window]\"==c)return\"object\";if(\"[object Array]\"==c||\"number\"==typeof a.length&&\"undefined\"!=typeof a.splice&&\"undefined\"!=typeof a.propertyIsEnumerable&&!a.propertyIsEnumerable(\"splice\"))return\"array\";if(\"[object Function]\"==c||\"undefined\"!=typeof a.call&&\"undefined\"!=typeof a.propertyIsEnumerable&&!a.propertyIsEnumerable(\"call\"))return\"function\"}else return\"null\";\nelse if(\"function\"==b&&\"
[HTTP] <-- POST /wd/hub/session/a6a1eb8d-aedb-4d33-8c12-bc909417ebd7/execute 200 650 ms - 90
[HTTP] 
[HTTP] --> GET /wd/hub/session/a6a1eb8d-aedb-4d33-8c12-bc909417ebd7
[HTTP] {}
[XCUITest] Merging WDA caps over Appium caps for session detail response
[HTTP] <-- GET /wd/hub/session/a6a1eb8d-aedb-4d33-8c12-bc909417ebd7 200 2 ms - 627
[HTTP] 
[HTTP] --> GET /wd/hub/session/a6a1eb8d-aedb-4d33-8c12-bc909417ebd7
[HTTP] {}
[XCUITest] Merging WDA caps over Appium caps for session detail response
[HTTP] <-- GET /wd/hub/session/a6a1eb8d-aedb-4d33-8c12-bc909417ebd7 200 2 ms - 627
[HTTP] 
[HTTP] --> GET /wd/hub/session/a6a1eb8d-aedb-4d33-8c12-bc909417ebd7/element/5003/name
[HTTP] {}
[HTTP] <-- GET /wd/hub/session/a6a1eb8d-aedb-4d33-8c12-bc909417ebd7/element/5003/name 200 215 ms - 79
[HTTP] 
[HTTP] --> GET /wd/hub/session/a6a1eb8d-aedb-4d33-8c12-bc909417ebd7/element/5003/attribute/type
[HTTP] {}
[HTTP] <-- GET /wd/hub/session/a6a1eb8d-aedb-4d33-8c12-bc909417ebd7/element/5003/attribute/type 200 294 ms - 77
[HTTP] 
[HTTP] --> POST /wd/hub/session/a6a1eb8d-aedb-4d33-8c12-bc909417ebd7/execute
[HTTP] {"script":"return (function() { return (function(){return function(){var aa=this;function k(a){return void 0!==a}function l(a){return\"string\"==typeof a}function ba(a){return\"number\"==typeof a}function ca(a,b){a=a.split(\".\");var c=aa;a[0]in c||!c.execScript||c.execScript(\"var \"+a[0]);for(var d;a.length&&(d=a.shift());)!a.length&&k(b)?c[d]=b:c[d]&&c[d]!==Object.prototype[d]?c=c[d]:c=c[d]={}}\nfunction da(a){var b=typeof a;if(\"object\"==b)if(a){if(a instanceof Array)return\"array\";if(a instanceof Object)return b;var c=Object.prototype.toString.call(a);if(\"[object Window]\"==c)return\"object\";if(\"[object Array]\"==c||\"number\"==typeof a.length&&\"undefined\"!=typeof a.splice&&\"undefined\"!=typeof a.propertyIsEnumerable&&!a.propertyIsEnumerable(\"splice\"))return\"array\";if(\"[object Function]\"==c||\"undefined\"!=typeof a.call&&\"undefined\"!=typeof a.propertyIsEnumerable&&!a.propertyIsEnumerable(\"call\"))return\"function\"}else return\"null\";\nelse if(\"function\"==b&&\"
[HTTP] <-- POST /wd/hub/session/a6a1eb8d-aedb-4d33-8c12-bc909417ebd7/execute 200 217 ms - 76
[HTTP] 
[HTTP] --> POST /wd/hub/session/a6a1eb8d-aedb-4d33-8c12-bc909417ebd7/execute
[HTTP] {"script":"var canUseLocalStorage = false; try { canUseLocalStorage = !!window.localStorage; } catch(ex) { /* probe failed */ } var canUseJSON = false; try { canUseJSON = !!JSON; } catch(ex) { /* probe failed */ } if (canUseLocalStorage && canUseJSON) {   window.localStorage.setItem('__webdriverAlerts', JSON.stringify([]));   window.alert = function(msg) {     var alerts = JSON.parse(window.localStorage.getItem('__webdriverAlerts'));     alerts.push(msg);     window.localStorage.setItem('__webdriverAlerts', JSON.stringify(alerts));   };   window.localStorage.setItem('__webdriverConfirms', JSON.stringify([]));   if (!('__webdriverNextConfirm' in window.localStorage)) {     window.localStorage.setItem('__webdriverNextConfirm', JSON.stringify(true));   }   window.confirm = function(msg) {     var confirms = JSON.parse(window.localStorage.getItem('__webdriverConfirms'));     confirms.push(msg);     window.localStorage.setItem('__webdriverConfirms', JSON.stringify(confirms));     var res = 
[HTTP] <-- POST /wd/hub/session/a6a1eb8d-aedb-4d33-8c12-bc909417ebd7/execute 200 227 ms - 76
[HTTP] 
[HTTP] --> POST /wd/hub/session/a6a1eb8d-aedb-4d33-8c12-bc909417ebd7/element
[HTTP] {"using":"xpath","value":"(.//*[normalize-space(text()) and normalize-space(.)='Gender'])[1]/following::label[1]"}
[HTTP] <-- POST /wd/hub/session/a6a1eb8d-aedb-4d33-8c12-bc909417ebd7/element 200 125 ms - 90
[HTTP] 
[HTTP] --> GET /wd/hub/session/a6a1eb8d-aedb-4d33-8c12-bc909417ebd7
[HTTP] {}
[XCUITest] Merging WDA caps over Appium caps for session detail response
[HTTP] <-- GET /wd/hub/session/a6a1eb8d-aedb-4d33-8c12-bc909417ebd7 200 2 ms - 627
[HTTP] 
[HTTP] --> GET /wd/hub/session/a6a1eb8d-aedb-4d33-8c12-bc909417ebd7
[HTTP] {}
[XCUITest] Merging WDA caps over Appium caps for session detail response
[HTTP] <-- GET /wd/hub/session/a6a1eb8d-aedb-4d33-8c12-bc909417ebd7 200 2 ms - 627
[HTTP] 
[HTTP] --> GET /wd/hub/session/a6a1eb8d-aedb-4d33-8c12-bc909417ebd7
[HTTP] {}
[XCUITest] Merging WDA caps over Appium caps for session detail response
[HTTP] <-- GET /wd/hub/session/a6a1eb8d-aedb-4d33-8c12-bc909417ebd7 200 4 ms - 627
[HTTP] 
[HTTP] --> GET /wd/hub/session/a6a1eb8d-aedb-4d33-8c12-bc909417ebd7
[HTTP] {}
[XCUITest] Merging WDA caps over Appium caps for session detail response
[HTTP] <-- GET /wd/hub/session/a6a1eb8d-aedb-4d33-8c12-bc909417ebd7 200 2 ms - 627
[HTTP] 
[HTTP] --> POST /wd/hub/session/a6a1eb8d-aedb-4d33-8c12-bc909417ebd7/element/5004/click
[HTTP] {"id":"5004"}
[HTTP] <-- POST /wd/hub/session/a6a1eb8d-aedb-4d33-8c12-bc909417ebd7/element/5004/click 200 408 ms - 76
[HTTP] 
[HTTP] --> POST /wd/hub/session/a6a1eb8d-aedb-4d33-8c12-bc909417ebd7/execute
[HTTP] {"script":"var canUseLocalStorage = false; try { canUseLocalStorage = !!window.localStorage; } catch(ex) { /* probe failed */ } var canUseJSON = false; try { canUseJSON = !!JSON; } catch(ex) { /* probe failed */ } if (canUseLocalStorage && canUseJSON) {   window.localStorage.setItem('__webdriverAlerts', JSON.stringify([]));   window.alert = function(msg) {     var alerts = JSON.parse(window.localStorage.getItem('__webdriverAlerts'));     alerts.push(msg);     window.localStorage.setItem('__webdriverAlerts', JSON.stringify(alerts));   };   window.localStorage.setItem('__webdriverConfirms', JSON.stringify([]));   if (!('__webdriverNextConfirm' in window.localStorage)) {     window.localStorage.setItem('__webdriverNextConfirm', JSON.stringify(true));   }   window.confirm = function(msg) {     var confirms = JSON.parse(window.localStorage.getItem('__webdriverConfirms'));     confirms.push(msg);     window.localStorage.setItem('__webdriverConfirms', JSON.stringify(confirms));     var res = 
[HTTP] <-- POST /wd/hub/session/a6a1eb8d-aedb-4d33-8c12-bc909417ebd7/execute 200 544 ms - 76
[HTTP] 
[HTTP] --> POST /wd/hub/session/a6a1eb8d-aedb-4d33-8c12-bc909417ebd7/execute
[HTTP] {"script":"return (function() { return (function(){return function(){var aa=this;function k(a){return void 0!==a}function l(a){return\"string\"==typeof a}function ba(a){return\"number\"==typeof a}function ca(a,b){a=a.split(\".\");var c=aa;a[0]in c||!c.execScript||c.execScript(\"var \"+a[0]);for(var d;a.length&&(d=a.shift());)!a.length&&k(b)?c[d]=b:c[d]&&c[d]!==Object.prototype[d]?c=c[d]:c=c[d]={}}\nfunction da(a){var b=typeof a;if(\"object\"==b)if(a){if(a instanceof Array)return\"array\";if(a instanceof Object)return b;var c=Object.prototype.toString.call(a);if(\"[object Window]\"==c)return\"object\";if(\"[object Array]\"==c||\"number\"==typeof a.length&&\"undefined\"!=typeof a.splice&&\"undefined\"!=typeof a.propertyIsEnumerable&&!a.propertyIsEnumerable(\"splice\"))return\"array\";if(\"[object Function]\"==c||\"undefined\"!=typeof a.call&&\"undefined\"!=typeof a.propertyIsEnumerable&&!a.propertyIsEnumerable(\"call\"))return\"function\"}else return\"null\";\nelse if(\"function\"==b&&\"
[HTTP] <-- POST /wd/hub/session/a6a1eb8d-aedb-4d33-8c12-bc909417ebd7/execute 200 592 ms - 90
[HTTP] 
[HTTP] --> GET /wd/hub/session/a6a1eb8d-aedb-4d33-8c12-bc909417ebd7
[HTTP] {}
[XCUITest] Merging WDA caps over Appium caps for session detail response
[HTTP] <-- GET /wd/hub/session/a6a1eb8d-aedb-4d33-8c12-bc909417ebd7 200 2 ms - 627
[HTTP] 
[HTTP] --> GET /wd/hub/session/a6a1eb8d-aedb-4d33-8c12-bc909417ebd7
[HTTP] {}
[XCUITest] Merging WDA caps over Appium caps for session detail response
[HTTP] <-- GET /wd/hub/session/a6a1eb8d-aedb-4d33-8c12-bc909417ebd7 200 5 ms - 627
[HTTP] 
[HTTP] --> POST /wd/hub/session/a6a1eb8d-aedb-4d33-8c12-bc909417ebd7/element/5005/click
[HTTP] {"id":"5005"}
[HTTP] <-- POST /wd/hub/session/a6a1eb8d-aedb-4d33-8c12-bc909417ebd7/element/5005/click 200 4596 ms - 76
[HTTP] 
[HTTP] --> POST /wd/hub/session/a6a1eb8d-aedb-4d33-8c12-bc909417ebd7/execute
[HTTP] {"script":"var canUseLocalStorage = false; try { canUseLocalStorage = !!window.localStorage; } catch(ex) { /* probe failed */ } var canUseJSON = false; try { canUseJSON = !!JSON; } catch(ex) { /* probe failed */ } if (canUseLocalStorage && canUseJSON) {   window.localStorage.setItem('__webdriverAlerts', JSON.stringify([]));   window.alert = function(msg) {     var alerts = JSON.parse(window.localStorage.getItem('__webdriverAlerts'));     alerts.push(msg);     window.localStorage.setItem('__webdriverAlerts', JSON.stringify(alerts));   };   window.localStorage.setItem('__webdriverConfirms', JSON.stringify([]));   if (!('__webdriverNextConfirm' in window.localStorage)) {     window.localStorage.setItem('__webdriverNextConfirm', JSON.stringify(true));   }   window.confirm = function(msg) {     var confirms = JSON.parse(window.localStorage.getItem('__webdriverConfirms'));     confirms.push(msg);     window.localStorage.setItem('__webdriverConfirms', JSON.stringify(confirms));     var res = 
[HTTP] <-- POST /wd/hub/session/a6a1eb8d-aedb-4d33-8c12-bc909417ebd7/execute 200 4446 ms - 76
[HTTP] 
[HTTP] --> POST /wd/hub/session/a6a1eb8d-aedb-4d33-8c12-bc909417ebd7/execute
[HTTP] {"script":"return (function() { return (function(){return function(){var aa=this;function k(a){return void 0!==a}function l(a){return\"string\"==typeof a}function ba(a){return\"number\"==typeof a}function ca(a,b){a=a.split(\".\");var c=aa;a[0]in c||!c.execScript||c.execScript(\"var \"+a[0]);for(var d;a.length&&(d=a.shift());)!a.length&&k(b)?c[d]=b:c[d]&&c[d]!==Object.prototype[d]?c=c[d]:c=c[d]={}}\nfunction da(a){var b=typeof a;if(\"object\"==b)if(a){if(a instanceof Array)return\"array\";if(a instanceof Object)return b;var c=Object.prototype.toString.call(a);if(\"[object Window]\"==c)return\"object\";if(\"[object Array]\"==c||\"number\"==typeof a.length&&\"undefined\"!=typeof a.splice&&\"undefined\"!=typeof a.propertyIsEnumerable&&!a.propertyIsEnumerable(\"splice\"))return\"array\";if(\"[object Function]\"==c||\"undefined\"!=typeof a.call&&\"undefined\"!=typeof a.propertyIsEnumerable&&!a.propertyIsEnumerable(\"call\"))return\"function\"}else return\"null\";\nelse if(\"function\"==b&&\"
[HTTP] <-- POST /wd/hub/session/a6a1eb8d-aedb-4d33-8c12-bc909417ebd7/execute 200 2801 ms - 90
[HTTP] 
[HTTP] --> GET /wd/hub/session/a6a1eb8d-aedb-4d33-8c12-bc909417ebd7
[HTTP] {}
[XCUITest] Merging WDA caps over Appium caps for session detail response
[HTTP] <-- GET /wd/hub/session/a6a1eb8d-aedb-4d33-8c12-bc909417ebd7 200 2 ms - 627
[HTTP] 
[HTTP] --> GET /wd/hub/session/a6a1eb8d-aedb-4d33-8c12-bc909417ebd7
[HTTP] {}
[XCUITest] Merging WDA caps over Appium caps for session detail response
[HTTP] <-- GET /wd/hub/session/a6a1eb8d-aedb-4d33-8c12-bc909417ebd7 200 2 ms - 627
[HTTP] 
[HTTP] --> GET /wd/hub/session/a6a1eb8d-aedb-4d33-8c12-bc909417ebd7/element/5006/name
[HTTP] {}
[HTTP] <-- GET /wd/hub/session/a6a1eb8d-aedb-4d33-8c12-bc909417ebd7/element/5006/name 200 1776 ms - 79
[HTTP] 
[HTTP] --> GET /wd/hub/session/a6a1eb8d-aedb-4d33-8c12-bc909417ebd7/element/5006/attribute/type
[HTTP] {}
[HTTP] <-- GET /wd/hub/session/a6a1eb8d-aedb-4d33-8c12-bc909417ebd7/element/5006/attribute/type 200 3654 ms - 77
[HTTP] 
[HTTP] --> POST /wd/hub/session/a6a1eb8d-aedb-4d33-8c12-bc909417ebd7/execute
[HTTP] {"script":"return (function() { return (function(){return function(){var aa=this;function k(a){return void 0!==a}function l(a){return\"string\"==typeof a}function ba(a){return\"number\"==typeof a}function ca(a,b){a=a.split(\".\");var c=aa;a[0]in c||!c.execScript||c.execScript(\"var \"+a[0]);for(var d;a.length&&(d=a.shift());)!a.length&&k(b)?c[d]=b:c[d]&&c[d]!==Object.prototype[d]?c=c[d]:c=c[d]={}}\nfunction da(a){var b=typeof a;if(\"object\"==b)if(a){if(a instanceof Array)return\"array\";if(a instanceof Object)return b;var c=Object.prototype.toString.call(a);if(\"[object Window]\"==c)return\"object\";if(\"[object Array]\"==c||\"number\"==typeof a.length&&\"undefined\"!=typeof a.splice&&\"undefined\"!=typeof a.propertyIsEnumerable&&!a.propertyIsEnumerable(\"splice\"))return\"array\";if(\"[object Function]\"==c||\"undefined\"!=typeof a.call&&\"undefined\"!=typeof a.propertyIsEnumerable&&!a.propertyIsEnumerable(\"call\"))return\"function\"}else return\"null\";\nelse if(\"function\"==b&&\"
[HTTP] <-- POST /wd/hub/session/a6a1eb8d-aedb-4d33-8c12-bc909417ebd7/execute 200 2140 ms - 76
[HTTP] 
[HTTP] --> POST /wd/hub/session/a6a1eb8d-aedb-4d33-8c12-bc909417ebd7/execute
[HTTP] {"script":"return (function() { return (function(){return function(){var aa=this;function k(a){return void 0!==a}function l(a){return\"string\"==typeof a}function ba(a){return\"number\"==typeof a}function ca(a,b){a=a.split(\".\");var c=aa;a[0]in c||!c.execScript||c.execScript(\"var \"+a[0]);for(var d;a.length&&(d=a.shift());)!a.length&&k(b)?c[d]=b:c[d]&&c[d]!==Object.prototype[d]?c=c[d]:c=c[d]={}}\nfunction da(a){var b=typeof a;if(\"object\"==b)if(a){if(a instanceof Array)return\"array\";if(a instanceof Object)return b;var c=Object.prototype.toString.call(a);if(\"[object Window]\"==c)return\"object\";if(\"[object Array]\"==c||\"number\"==typeof a.length&&\"undefined\"!=typeof a.splice&&\"undefined\"!=typeof a.propertyIsEnumerable&&!a.propertyIsEnumerable(\"splice\"))return\"array\";if(\"[object Function]\"==c||\"undefined\"!=typeof a.call&&\"undefined\"!=typeof a.propertyIsEnumerable&&!a.propertyIsEnumerable(\"call\"))return\"function\"}else return\"null\";\nelse if(\"function\"==b&&\"
[HTTP] <-- POST /wd/hub/session/a6a1eb8d-aedb-4d33-8c12-bc909417ebd7/execute 200 721 ms - 90
[HTTP] 
[HTTP] --> GET /wd/hub/session/a6a1eb8d-aedb-4d33-8c12-bc909417ebd7
[HTTP] {}
[XCUITest] Merging WDA caps over Appium caps for session detail response
[HTTP] <-- GET /wd/hub/session/a6a1eb8d-aedb-4d33-8c12-bc909417ebd7 200 5 ms - 627
[HTTP] 
[HTTP] --> GET /wd/hub/session/a6a1eb8d-aedb-4d33-8c12-bc909417ebd7
[HTTP] {}
[XCUITest] Merging WDA caps over Appium caps for session detail response
[HTTP] <-- GET /wd/hub/session/a6a1eb8d-aedb-4d33-8c12-bc909417ebd7 200 14 ms - 627
[HTTP] 
[HTTP] --> POST /wd/hub/session/a6a1eb8d-aedb-4d33-8c12-bc909417ebd7/execute
[HTTP] {"script":"return (function() { return (function(){return function(){var aa=this;function ba(a){return void 0!==a}function l(a){return\"string\"==typeof a}function ca(a){return\"number\"==typeof a}function da(a,b){a=a.split(\".\");var c=aa;a[0]in c||!c.execScript||c.execScript(\"var \"+a[0]);for(var d;a.length&&(d=a.shift());)!a.length&&ba(b)?c[d]=b:c[d]&&c[d]!==Object.prototype[d]?c=c[d]:c=c[d]={}}\nfunction ea(a){var b=typeof a;if(\"object\"==b)if(a){if(a instanceof Array)return\"array\";if(a instanceof Object)return b;var c=Object.prototype.toString.call(a);if(\"[object Window]\"==c)return\"object\";if(\"[object Array]\"==c||\"number\"==typeof a.length&&\"undefined\"!=typeof a.splice&&\"undefined\"!=typeof a.propertyIsEnumerable&&!a.propertyIsEnumerable(\"splice\"))return\"array\";if(\"[object Function]\"==c||\"undefined\"!=typeof a.call&&\"undefined\"!=typeof a.propertyIsEnumerable&&!a.propertyIsEnumerable(\"call\"))return\"function\"}else return\"null\";\nelse if(\"function\"==b&&
[HTTP] <-- POST /wd/hub/session/a6a1eb8d-aedb-4d33-8c12-bc909417ebd7/execute 200 1865 ms - 76
[HTTP] 
[HTTP] --> POST /wd/hub/session/a6a1eb8d-aedb-4d33-8c12-bc909417ebd7/execute
[HTTP] {"script":"var canUseLocalStorage = false; try { canUseLocalStorage = !!window.localStorage; } catch(ex) { /* probe failed */ } var canUseJSON = false; try { canUseJSON = !!JSON; } catch(ex) { /* probe failed */ } if (canUseLocalStorage && canUseJSON) {   window.localStorage.setItem('__webdriverAlerts', JSON.stringify([]));   window.alert = function(msg) {     var alerts = JSON.parse(window.localStorage.getItem('__webdriverAlerts'));     alerts.push(msg);     window.localStorage.setItem('__webdriverAlerts', JSON.stringify(alerts));   };   window.localStorage.setItem('__webdriverConfirms', JSON.stringify([]));   if (!('__webdriverNextConfirm' in window.localStorage)) {     window.localStorage.setItem('__webdriverNextConfirm', JSON.stringify(true));   }   window.confirm = function(msg) {     var confirms = JSON.parse(window.localStorage.getItem('__webdriverConfirms'));     confirms.push(msg);     window.localStorage.setItem('__webdriverConfirms', JSON.stringify(confirms));     var res = 
[HTTP] <-- POST /wd/hub/session/a6a1eb8d-aedb-4d33-8c12-bc909417ebd7/execute 200 4990 ms - 76
[HTTP] 
[HTTP] --> POST /wd/hub/session/a6a1eb8d-aedb-4d33-8c12-bc909417ebd7/execute
[HTTP] {"script":"return (function() { return (function(){return function(){var aa=this;function k(a){return void 0!==a}function l(a){return\"string\"==typeof a}function ba(a){return\"number\"==typeof a}function ca(a,b){a=a.split(\".\");var c=aa;a[0]in c||!c.execScript||c.execScript(\"var \"+a[0]);for(var d;a.length&&(d=a.shift());)!a.length&&k(b)?c[d]=b:c[d]&&c[d]!==Object.prototype[d]?c=c[d]:c=c[d]={}}\nfunction da(a){var b=typeof a;if(\"object\"==b)if(a){if(a instanceof Array)return\"array\";if(a instanceof Object)return b;var c=Object.prototype.toString.call(a);if(\"[object Window]\"==c)return\"object\";if(\"[object Array]\"==c||\"number\"==typeof a.length&&\"undefined\"!=typeof a.splice&&\"undefined\"!=typeof a.propertyIsEnumerable&&!a.propertyIsEnumerable(\"splice\"))return\"array\";if(\"[object Function]\"==c||\"undefined\"!=typeof a.call&&\"undefined\"!=typeof a.propertyIsEnumerable&&!a.propertyIsEnumerable(\"call\"))return\"function\"}else return\"null\";\nelse if(\"function\"==b&&\"
[HTTP] <-- POST /wd/hub/session/a6a1eb8d-aedb-4d33-8c12-bc909417ebd7/execute 200 9771 ms - 90
[HTTP] 
[HTTP] --> GET /wd/hub/session/a6a1eb8d-aedb-4d33-8c12-bc909417ebd7
[HTTP] {}
[XCUITest] Merging WDA caps over Appium caps for session detail response
[HTTP] <-- GET /wd/hub/session/a6a1eb8d-aedb-4d33-8c12-bc909417ebd7 200 3 ms - 627
[HTTP] 
[HTTP] --> GET /wd/hub/session/a6a1eb8d-aedb-4d33-8c12-bc909417ebd7
[HTTP] {}
[XCUITest] Merging WDA caps over Appium caps for session detail response
[HTTP] <-- GET /wd/hub/session/a6a1eb8d-aedb-4d33-8c12-bc909417ebd7 200 4 ms - 627
[HTTP] 
[HTTP] --> POST /wd/hub/session/a6a1eb8d-aedb-4d33-8c12-bc909417ebd7/element/5008/click
[HTTP] {"id":"5008"}
[HTTP] <-- POST /wd/hub/session/a6a1eb8d-aedb-4d33-8c12-bc909417ebd7/element/5008/click 200 3770 ms - 76
[HTTP] 
[HTTP] --> POST /wd/hub/session/a6a1eb8d-aedb-4d33-8c12-bc909417ebd7/execute
[HTTP] {"script":"var canUseLocalStorage = false; try { canUseLocalStorage = !!window.localStorage; } catch(ex) { /* probe failed */ } var canUseJSON = false; try { canUseJSON = !!JSON; } catch(ex) { /* probe failed */ } if (canUseLocalStorage && canUseJSON) {   window.localStorage.setItem('__webdriverAlerts', JSON.stringify([]));   window.alert = function(msg) {     var alerts = JSON.parse(window.localStorage.getItem('__webdriverAlerts'));     alerts.push(msg);     window.localStorage.setItem('__webdriverAlerts', JSON.stringify(alerts));   };   window.localStorage.setItem('__webdriverConfirms', JSON.stringify([]));   if (!('__webdriverNextConfirm' in window.localStorage)) {     window.localStorage.setItem('__webdriverNextConfirm', JSON.stringify(true));   }   window.confirm = function(msg) {     var confirms = JSON.parse(window.localStorage.getItem('__webdriverConfirms'));     confirms.push(msg);     window.localStorage.setItem('__webdriverConfirms', JSON.stringify(confirms));     var res = 
[HTTP] <-- POST /wd/hub/session/a6a1eb8d-aedb-4d33-8c12-bc909417ebd7/execute 200 853 ms - 76
[HTTP] 
[HTTP] --> POST /wd/hub/session/a6a1eb8d-aedb-4d33-8c12-bc909417ebd7/execute
[HTTP] {"script":"return (function() { return (function(){return function(){var aa=this;function k(a){return void 0!==a}function l(a){return\"string\"==typeof a}function ba(a){return\"number\"==typeof a}function ca(a,b){a=a.split(\".\");var c=aa;a[0]in c||!c.execScript||c.execScript(\"var \"+a[0]);for(var d;a.length&&(d=a.shift());)!a.length&&k(b)?c[d]=b:c[d]&&c[d]!==Object.prototype[d]?c=c[d]:c=c[d]={}}\nfunction da(a){var b=typeof a;if(\"object\"==b)if(a){if(a instanceof Array)return\"array\";if(a instanceof Object)return b;var c=Object.prototype.toString.call(a);if(\"[object Window]\"==c)return\"object\";if(\"[object Array]\"==c||\"number\"==typeof a.length&&\"undefined\"!=typeof a.splice&&\"undefined\"!=typeof a.propertyIsEnumerable&&!a.propertyIsEnumerable(\"splice\"))return\"array\";if(\"[object Function]\"==c||\"undefined\"!=typeof a.call&&\"undefined\"!=typeof a.propertyIsEnumerable&&!a.propertyIsEnumerable(\"call\"))return\"function\"}else return\"null\";\nelse if(\"function\"==b&&\"
[HTTP] <-- POST /wd/hub/session/a6a1eb8d-aedb-4d33-8c12-bc909417ebd7/execute 500 1302 ms - 204
[HTTP] 
[HTTP] --> DELETE /wd/hub/session/a6a1eb8d-aedb-4d33-8c12-bc909417ebd7
[HTTP] {}
[Appium] Removing session a6a1eb8d-aedb-4d33-8c12-bc909417ebd7 from our master session list
[HTTP] <-- DELETE /wd/hub/session/a6a1eb8d-aedb-4d33-8c12-bc909417ebd7 200 1054 ms - 76
[HTTP] 
