[Appium] Welcome to Appium v1.8.1
[Appium] Non-default server args:
[Appium]   port: 60418
[Appium]   chromeDriverPort: 60419
[Appium]   tmpDir: /var/folders/95/4qsvf70n5s55n0wp9h6b0h_r0000gn/T//Katalon/Appium/Temp1546486361315
[Appium]   webkitDebugProxyPort: 60416
[Appium] Appium REST http interface listener started on 0.0.0.0:60418
[HTTP] --> GET /wd/hub/status
[HTTP] {}
[debug] [MJSONWP] Calling AppiumDriver.getStatus() with args: []
[debug] [MJSONWP] Responding to client with driver.getStatus() result: {"build":{"version":"1.8.1","revision":null}}
[HTTP] <-- GET /wd/hub/status 200 27 ms - 83
[HTTP] 
[HTTP] --> POST /wd/hub/session
[HTTP] {"desiredCapabilities":{"automationName":"XCUITest","browserName":"Safari","deviceId":"","deviceName":"iPhone 8 Plus","newCommandTimeout":1800,"platform":"IOS","platformName":"iOS","platformVersion":"12.1","realDeviceLogger":"/Applications/Katalon Studio.app/Contents/Eclipse/configuration/resources/tools/deviceconsole/deviceconsole","wdaLocalPort":60415},"capabilities":{"desiredCapabilities":{"automationName":"XCUITest","browserName":"Safari","deviceId":"","deviceName":"iPhone 8 Plus","newCommandTimeout":1800,"platform":"IOS","platformName":"iOS","platformVersion":"12.1","realDeviceLogger":"/Applications/Katalon Studio.app/Contents/Eclipse/configuration/resources/tools/deviceconsole/deviceconsole","wdaLocalPort":60415},"firstMatch":[{"browserName":"Safari","platformName":"ios"}]}}
[debug] [MJSONWP] Calling AppiumDriver.createSession() with args: [{"automationName":"XCUITest","browserName":"Safari","deviceId":"","deviceName":"iPhone 8 Plus","newCommandTimeout":1800,"platform":"IOS","platformName":"iOS","platformVersion":"12.1","realDeviceLogger":"/Applications/Katalon Studio.app/Contents/Eclipse/configuration/resources/tools/deviceconsole/deviceconsole","wdaLocalPort":60415},null,{"desiredCapabilities":{"automationName":"XCUITest","browserName":"Safari","deviceId":"","deviceName":"iPhone 8 Plus","newCommandTimeout":1800,"platform":"IOS","platformName":"iOS","platformVersion":"12.1","realDeviceLogger":"/Applications/Katalon Studio.app/Contents/Eclipse/configuration/resources/tools/deviceconsole/deviceconsole","wdaLocalPort":60415},"firstMatch":[{"browserName":"Safari","platformName":"ios"}]}]
[debug] [BaseDriver] Event 'newSessionRequested' logged at 1546486366532 (11:32:46 GMT+0800 (China Standard Time))
[Appium] Could not parse W3C capabilities: 'deviceName' can't be blank. Falling back to JSONWP protocol.
[Appium] The following capabilities were provided in the JSONWP desired capabilities that are missing in W3C capabilities: ["automationName","browserName","deviceId","deviceName","newCommandTimeout","platform","platformName","platformVersion","realDeviceLogger","wdaLocalPort"]. Falling back to JSONWP protocol.
[Appium] Creating new XCUITestDriver (v2.105.0) session
[Appium] Capabilities:
[Appium]   automationName: XCUITest
[Appium]   browserName: Safari
[Appium]   deviceId: 
[Appium]   deviceName: iPhone 8 Plus
[Appium]   newCommandTimeout: 1800
[Appium]   platform: IOS
[Appium]   platformName: iOS
[Appium]   platformVersion: 12.1
[Appium]   realDeviceLogger: /Applications/Katalon Studio.app/Contents/Eclipse/configuration/resources/tools/deviceconsole/deviceconsole
[Appium]   wdaLocalPort: 60415
[debug] [BaseDriver] Creating session with MJSONWP desired capabilities: {"automationName":"XCUITest...
[BaseDriver] The following capabilities were provided, but are not recognized by appium: deviceId, platform.
[BaseDriver] Session created with session id: 331c5ad8-a558-4a8e-b3fc-4d4f589eaae1
[debug] [XCUITest] Current user: 'denisyu'
[iOSSim] Constructing iOS simulator for Xcode version 10.1 with udid 'ED10773C-9736-4FF9-B3CE-556B312FF8F5'
[XCUITest] Determining device to run tests on: udid: 'ED10773C-9736-4FF9-B3CE-556B312FF8F5', real device: false
[debug] [XCUITest] Xcode version set to '10.1' (tools v10.1.0.0.1.1539992718)
[debug] [XCUITest] iOS SDK Version set to '12.1'
[debug] [BaseDriver] Event 'xcodeDetailsRetrieved' logged at 1546486367793 (11:32:47 GMT+0800 (China Standard Time))
[XCUITest] Safari test requested
[debug] [BaseDriver] Event 'appConfigured' logged at 1546486367794 (11:32:47 GMT+0800 (China Standard Time))
[debug] [BaseDriver] Event 'resetStarted' logged at 1546486367794 (11:32:47 GMT+0800 (China Standard Time))
[debug] [iOSSim] Cleaning mobile safari data files
[debug] [iOSSim] Checking whether simulator has been run before: yes
[debug] [iOSSim] Checking whether simulator has been run before: yes
[debug] [iOSSim] Building bundle path map
[debug] [BaseDriver] Event 'resetComplete' logged at 1546486368941 (11:32:48 GMT+0800 (China Standard Time))
[XCUITest] Continuing without capturing device logs: iOS Simulator with udid ED10773C-9736-4FF9-B3CE-556B312FF8F5 is not running
[XCUITest] Setting up simulator
[debug] [iOS] No reason to set locale
[debug] [iOS] No iOS / app preferences to set
[debug] [iOSSim] Setting preferences of ED10773C-9736-4FF9-B3CE-556B312FF8F5 Simulator to {"ConnectHardwareKeyboard":false}
[debug] [iOSSim] Setting common Simulator preferences to {"RotateWindowWhenSignaledByGuest":true,"ConnectHardwareKeyboard":false}
[debug] [iOSSim] Updated ED10773C-9736-4FF9-B3CE-556B312FF8F5 Simulator preferences at '/Users/denisyu/Library/Preferences/com.apple.iphonesimulator.plist' with {"DevicePreferences":{"ED10773C-9736-4FF9-B3CE-556B312FF8F5":{"ConnectHardwareKeyboard":false}},"RotateWindowWhenSignaledByGuest":true,"ConnectHardwareKeyboard":false}
[iOSSim] Booting Simulator with UDID ED10773C-9736-4FF9-B3CE-556B312FF8F5...
[iOSSim] Starting Simulator UI with command: open -Fn /Applications/Xcode.app/Contents/Developer/Applications/Simulator.app --args -CurrentDeviceUDID ED10773C-9736-4FF9-B3CE-556B312FF8F5 -ConnectHardwareKeyboard 0
[iOSSim] Simulator with UDID ED10773C-9736-4FF9-B3CE-556B312FF8F5 booted in 25 seconds
[debug] [BaseDriver] Event 'simStarted' logged at 1546486395435 (11:33:15 GMT+0800 (China Standard Time))
[debug] [XCUITest] Starting log capture for iOS Simulator with udid 'ED10773C-9736-4FF9-B3CE-556B312FF8F5', using 'xcrun simctl spawn ED10773C-9736-4FF9-B3CE-556B312FF8F5 log stream --style compact'
[debug] [BaseDriver] Event 'logCaptureStarted' logged at 1546486397917 (11:33:17 GMT+0800 (China Standard Time))
[XCUITest] Using WDA path: '/Users/denisyu/.nvm/versions/node/v8.1.4/lib/node_modules/appium/node_modules/_appium-xcuitest-driver@2.105.0@appium-xcuitest-driver/WebDriverAgent'
[XCUITest] Using WDA agent: '/Users/denisyu/.nvm/versions/node/v8.1.4/lib/node_modules/appium/node_modules/_appium-xcuitest-driver@2.105.0@appium-xcuitest-driver/WebDriverAgent/WebDriverAgent.xcodeproj'
[debug] [XCUITest] No obsolete cached processes from previous WDA sessions listening on port 60415 have been found
[debug] [JSONWP Proxy] Matched '/status' to command name 'getStatus'
[debug] [JSONWP Proxy] Proxying [GET /status] to [GET http://localhost:60415/status] with no body
[JSONWP Proxy] Got an unexpected response: {"errno":"ECONNREFUSED","code":"ECONNREFUSED","syscall":"connect","address":"127.0.0.1","port":60415}
[debug] [XCUITest] WDA is not listening at 'http://localhost:60415/'
[debug] [XCUITest] WDA is currently not running. There is nothing to cache
[debug] [XCUITest] Trying to start WebDriverAgent 2 times with 10000ms interval
[debug] [BaseDriver] Event 'wdaStartAttempted' logged at 1546486398145 (11:33:18 GMT+0800 (China Standard Time))
[XCUITest] Launching WebDriverAgent on the device
[debug] [XCUITest] Carthage found: '/Applications/Katalon Studio.app/Contents/Eclipse/configuration/resources/tools/carthage/0.18.1/etc/bash_completion.d/carthage'
[debug] [XCUITest] Killing running processes 'xcodebuild.*ED10773C-9736-4FF9-B3CE-556B312FF8F5, iproxy 60415, ED10773C-9736-4FF9-B3CE-556B312FF8F5.*XCTRunner' for the device ED10773C-9736-4FF9-B3CE-556B312FF8F5...
[debug] [XCUITest] 'pgrep -nif xcodebuild.*ED10773C-9736-4FF9-B3CE-556B312FF8F5' didn't detect any matching processes. Return code: 1
[debug] [XCUITest] 'pgrep -nif iproxy 60415' didn't detect any matching processes. Return code: 1
[debug] [XCUITest] 'pgrep -nif ED10773C-9736-4FF9-B3CE-556B312FF8F5.*XCTRunner' didn't detect any matching processes. Return code: 1
[debug] [XCUITest] Beginning test with command 'xcodebuild build-for-testing test-without-building -project /Users/denisyu/.nvm/versions/node/v8.1.4/lib/node_modules/appium/node_modules/_appium-xcuitest-driver@2.105.0@appium-xcuitest-driver/WebDriverAgent/WebDriverAgent.xcodeproj -scheme WebDriverAgentRunner -destination id=ED10773C-9736-4FF9-B3CE-556B312FF8F5 IPHONEOS_DEPLOYMENT_TARGET=12.1' in directory '/Users/denisyu/.nvm/versions/node/v8.1.4/lib/node_modules/appium/node_modules/_appium-xcuitest-driver@2.105.0@appium-xcuitest-driver/WebDriverAgent'
[debug] [XCUITest] Output from xcodebuild will not be logged. To change this, use 'showXcodeLog' desired capability
[debug] [XCUITest] Waiting up to 60000ms for WebDriverAgent to start
[debug] [JSONWP Proxy] Matched '/status' to command name 'getStatus'
[debug] [JSONWP Proxy] Proxying [GET /status] to [GET http://localhost:60415/status] with no body
[JSONWP Proxy] Got an unexpected response: {"errno":"ECONNREFUSED","code":"ECONNREFUSED","syscall":"connect","address":"127.0.0.1","port":60415}
[debug] [JSONWP Proxy] Matched '/status' to command name 'getStatus'
[debug] [JSONWP Proxy] Proxying [GET /status] to [GET http://localhost:60415/status] with no body
[JSONWP Proxy] Got an unexpected response: {"errno":"ECONNREFUSED","code":"ECONNREFUSED","syscall":"connect","address":"127.0.0.1","port":60415}
[debug] [JSONWP Proxy] Matched '/status' to command name 'getStatus'
[debug] [JSONWP Proxy] Proxying [GET /status] to [GET http://localhost:60415/status] with no body
[JSONWP Proxy] Got an unexpected response: {"errno":"ECONNREFUSED","code":"ECONNREFUSED","syscall":"connect","address":"127.0.0.1","port":60415}
[debug] [JSONWP Proxy] Matched '/status' to command name 'getStatus'
[debug] [JSONWP Proxy] Proxying [GET /status] to [GET http://localhost:60415/status] with no body
[JSONWP Proxy] Got an unexpected response: {"errno":"ECONNREFUSED","code":"ECONNREFUSED","syscall":"connect","address":"127.0.0.1","port":60415}
[debug] [JSONWP Proxy] Matched '/status' to command name 'getStatus'
[debug] [JSONWP Proxy] Proxying [GET /status] to [GET http://localhost:60415/status] with no body
[JSONWP Proxy] Got an unexpected response: {"errno":"ECONNREFUSED","code":"ECONNREFUSED","syscall":"connect","address":"127.0.0.1","port":60415}
[debug] [JSONWP Proxy] Matched '/status' to command name 'getStatus'
[debug] [JSONWP Proxy] Proxying [GET /status] to [GET http://localhost:60415/status] with no body
[JSONWP Proxy] Got an unexpected response: {"errno":"ECONNREFUSED","code":"ECONNREFUSED","syscall":"connect","address":"127.0.0.1","port":60415}
[debug] [JSONWP Proxy] Matched '/status' to command name 'getStatus'
[debug] [JSONWP Proxy] Proxying [GET /status] to [GET http://localhost:60415/status] with no body
[JSONWP Proxy] Got an unexpected response: {"errno":"ECONNREFUSED","code":"ECONNREFUSED","syscall":"connect","address":"127.0.0.1","port":60415}
[debug] [JSONWP Proxy] Matched '/status' to command name 'getStatus'
[debug] [JSONWP Proxy] Proxying [GET /status] to [GET http://localhost:60415/status] with no body
[JSONWP Proxy] Got an unexpected response: {"errno":"ECONNREFUSED","code":"ECONNREFUSED","syscall":"connect","address":"127.0.0.1","port":60415}
[debug] [JSONWP Proxy] Matched '/status' to command name 'getStatus'
[debug] [JSONWP Proxy] Proxying [GET /status] to [GET http://localhost:60415/status] with no body
[JSONWP Proxy] Got an unexpected response: {"errno":"ECONNREFUSED","code":"ECONNREFUSED","syscall":"connect","address":"127.0.0.1","port":60415}
[debug] [JSONWP Proxy] Matched '/status' to command name 'getStatus'
[debug] [JSONWP Proxy] Proxying [GET /status] to [GET http://localhost:60415/status] with no body
[JSONWP Proxy] Got an unexpected response: {"errno":"ECONNREFUSED","code":"ECONNREFUSED","syscall":"connect","address":"127.0.0.1","port":60415}
[debug] [XCUITest] Log file for xcodebuild test: /Users/denisyu/Library/Developer/Xcode/DerivedData/WebDriverAgent-frwdvusaembonugqvhheibnhkgnp/Logs/Test/Test-WebDriverAgentRunner-2019.01.03_11-33-23-+0800.xcresult/2_Test/Diagnostics/WebDriverAgentRunner-B95D0EF1-597D-4BED-A47A-66FAB506F314/WebDriverAgentRunner-0C3B0373-1777-4D81-9D0D-B95BA5C8332F/Session-WebDriverAgentRunner-2019-01-03_113330-JAxtdp.log
[debug] [JSONWP Proxy] Matched '/status' to command name 'getStatus'
[debug] [JSONWP Proxy] Proxying [GET /status] to [GET http://localhost:60415/status] with no body
[JSONWP Proxy] Got an unexpected response: {"errno":"ECONNREFUSED","code":"ECONNREFUSED","syscall":"connect","address":"127.0.0.1","port":60415}
[debug] [JSONWP Proxy] Matched '/status' to command name 'getStatus'
[debug] [JSONWP Proxy] Proxying [GET /status] to [GET http://localhost:60415/status] with no body
[JSONWP Proxy] Got an unexpected response: {"errno":"ECONNREFUSED","code":"ECONNREFUSED","syscall":"connect","address":"127.0.0.1","port":60415}
[debug] [JSONWP Proxy] Matched '/status' to command name 'getStatus'
[debug] [JSONWP Proxy] Proxying [GET /status] to [GET http://localhost:60415/status] with no body
[JSONWP Proxy] Got an unexpected response: {"errno":"ECONNREFUSED","code":"ECONNREFUSED","syscall":"connect","address":"127.0.0.1","port":60415}
[debug] [JSONWP Proxy] Matched '/status' to command name 'getStatus'
[debug] [JSONWP Proxy] Proxying [GET /status] to [GET http://localhost:60415/status] with no body
[JSONWP Proxy] Got an unexpected response: {"errno":"ECONNREFUSED","code":"ECONNREFUSED","syscall":"connect","address":"127.0.0.1","port":60415}
[debug] [JSONWP Proxy] Matched '/status' to command name 'getStatus'
[debug] [JSONWP Proxy] Proxying [GET /status] to [GET http://localhost:60415/status] with no body
[JSONWP Proxy] Got an unexpected response: {"errno":"ECONNREFUSED","code":"ECONNREFUSED","syscall":"connect","address":"127.0.0.1","port":60415}
[debug] [JSONWP Proxy] Matched '/status' to command name 'getStatus'
[debug] [JSONWP Proxy] Proxying [GET /status] to [GET http://localhost:60415/status] with no body
[JSONWP Proxy] Got an unexpected response: {"errno":"ECONNREFUSED","code":"ECONNREFUSED","syscall":"connect","address":"127.0.0.1","port":60415}
[debug] [JSONWP Proxy] Matched '/status' to command name 'getStatus'
[debug] [JSONWP Proxy] Proxying [GET /status] to [GET http://localhost:60415/status] with no body
[JSONWP Proxy] Got an unexpected response: {"errno":"ECONNREFUSED","code":"ECONNREFUSED","syscall":"connect","address":"127.0.0.1","port":60415}
[debug] [JSONWP Proxy] Matched '/status' to command name 'getStatus'
[debug] [JSONWP Proxy] Proxying [GET /status] to [GET http://localhost:60415/status] with no body
[JSONWP Proxy] Got an unexpected response: {"errno":"ECONNREFUSED","code":"ECONNREFUSED","syscall":"connect","address":"127.0.0.1","port":60415}
[debug] [JSONWP Proxy] Matched '/status' to command name 'getStatus'
[debug] [JSONWP Proxy] Proxying [GET /status] to [GET http://localhost:60415/status] with no body
[JSONWP Proxy] Got an unexpected response: {"errno":"ECONNREFUSED","code":"ECONNREFUSED","syscall":"connect","address":"127.0.0.1","port":60415}
[debug] [JSONWP Proxy] Matched '/status' to command name 'getStatus'
[debug] [JSONWP Proxy] Proxying [GET /status] to [GET http://localhost:60415/status] with no body
[JSONWP Proxy] Got an unexpected response: {"errno":"ECONNREFUSED","code":"ECONNREFUSED","syscall":"connect","address":"127.0.0.1","port":60415}
[debug] [JSONWP Proxy] Matched '/status' to command name 'getStatus'
[debug] [JSONWP Proxy] Proxying [GET /status] to [GET http://localhost:60415/status] with no body
[JSONWP Proxy] Got an unexpected response: {"errno":"ECONNREFUSED","code":"ECONNREFUSED","syscall":"connect","address":"127.0.0.1","port":60415}
[debug] [JSONWP Proxy] Matched '/status' to command name 'getStatus'
[debug] [JSONWP Proxy] Proxying [GET /status] to [GET http://localhost:60415/status] with no body
[JSONWP Proxy] Got an unexpected response: {"errno":"ECONNREFUSED","code":"ECONNREFUSED","syscall":"connect","address":"127.0.0.1","port":60415}
[debug] [JSONWP Proxy] Matched '/status' to command name 'getStatus'
[debug] [JSONWP Proxy] Proxying [GET /status] to [GET http://localhost:60415/status] with no body
[JSONWP Proxy] Got an unexpected response: {"errno":"ECONNREFUSED","code":"ECONNREFUSED","syscall":"connect","address":"127.0.0.1","port":60415}
[debug] [JSONWP Proxy] Matched '/status' to command name 'getStatus'
[debug] [JSONWP Proxy] Proxying [GET /status] to [GET http://localhost:60415/status] with no body
[JSONWP Proxy] Got an unexpected response: {"errno":"ECONNREFUSED","code":"ECONNREFUSED","syscall":"connect","address":"127.0.0.1","port":60415}
[debug] [JSONWP Proxy] Matched '/status' to command name 'getStatus'
[debug] [JSONWP Proxy] Proxying [GET /status] to [GET http://localhost:60415/status] with no body
[debug] [JSONWP Proxy] Got response with status 200: "{\n  \"value\" : {\n    \"state\" : \"success\",\n    \"os\" : {\n      \"name\" : \"iOS\",\n      \"version\" : \"12.1\",\n      \"sdkVersion\" : \"12.0\"\n    },\n    \"ios\" : {\n      \"simulatorVersion\" : \"12.1\",\n      \"ip\" : \"172.16.86.34\"\n    },\n    \"build\" : {\n      \"upgradedAt\" : \"1546396871985\",\n      \"time\" : \"Jan  2 2019 10:53:00\",\n      \"productBundleIdentifier\" : \"com.facebook.WebDriverAgentRunner\"\n    }\n  },\n  \"sessionId\" : \"2E43FD60-C50D-4731-808A-6CF6AE0B53F6\",\n  \"status\" : 0\n}"
[debug] [XCUITest] WebDriverAgent information:
[debug] [XCUITest] {
[debug] [XCUITest]   "state": "success",
[debug] [XCUITest]   "os": {
[debug] [XCUITest]     "name": "iOS",
[debug] [XCUITest]     "version": "12.1",
[debug] [XCUITest]     "sdkVersion": "12.0"
[debug] [XCUITest]   },
[debug] [XCUITest]   "ios": {
[debug] [XCUITest]     "simulatorVersion": "12.1",
[debug] [XCUITest]     "ip": "172.16.86.34"
[debug] [XCUITest]   },
[debug] [XCUITest]   "build": {
[debug] [XCUITest]     "upgradedAt": "1546396871985",
[debug] [XCUITest]     "time": "Jan  2 2019 10:53:00",
[debug] [XCUITest]     "productBundleIdentifier": "com.facebook.WebDriverAgentRunner"
[debug] [XCUITest]   }
[debug] [XCUITest] }
[debug] [XCUITest] WebDriverAgent successfully started after 27031ms
[debug] [BaseDriver] Event 'wdaSessionAttempted' logged at 1546486425392 (11:33:45 GMT+0800 (China Standard Time))
[debug] [XCUITest] Sending createSession command to WDA
[debug] [JSONWP Proxy] Matched '/session' to command name 'createSession'
[debug] [JSONWP Proxy] Proxying [POST /session] to [POST http://localhost:60415/session] with body: {"desiredCapabilities":{"bundleId":"com.apple.mobilesafari","arguments":["-u","http://0.0.0.0:60418/welcome"],"environment":{},"shouldWaitForQuiescence":true,"shouldUseTestManagerForVisibilityDetection":false,"maxTypingFrequency":60,"shouldUseSingletonTestManager":true}}
[HTTP] --> GET /welcome
[HTTP] {}
[debug] [HTTP] Sending welcome response with params: {"message":"Let's browse!"}
[HTTP] <-- GET /welcome 200 23 ms - 124
[HTTP] 
[HTTP] <-- GET /favicon.ico 200 4 ms - 1150
[HTTP] 
[debug] [JSONWP Proxy] Got response with status 200: {"value":{"sessionId":"0C8DF852-1140-4724-BC86-017BEF5BF4C9","capabilities":{"device":"iphone","browserName":"Safari","sdkVersion":"12.1","CFBundleIdentifier":"com.apple.mobilesafari"}},"sessionId":"0C8DF852-1140-4724-BC86-017BEF5BF4C9","status":0}
[debug] [BaseDriver] Event 'wdaSessionStarted' logged at 1546486439784 (11:33:59 GMT+0800 (China Standard Time))
[debug] [BaseDriver] Event 'wdaStarted' logged at 1546486439784 (11:33:59 GMT+0800 (China Standard Time))
[XCUITest] Skipping setting of the initial display orientation. Set the "orientation" capability to either "LANDSCAPE" or "PORTRAIT", if this is an undesired behavior.
[debug] [BaseDriver] Event 'orientationSet' logged at 1546486439785 (11:33:59 GMT+0800 (China Standard Time))
[debug] [XCUITest] Waiting for initial webview
[debug] [iOS] Navigating to most recently opened webview
[debug] [iOS] Retrieving contexts and views
[debug] [iOS] Selecting by url: true (expected url: 'http://0.0.0.0:60418/welcome')
[debug] [RemoteDebugger] useNewSafari --> false
[debug] [RemoteDebugger] Connecting to remote debugger through unix domain socket: '/private/tmp/com.apple.launchd.RK0yWJCI4Y/com.apple.webinspectord_sim.socket'
[debug] [RemoteDebugger] Debugger socket connected
[debug] [RemoteDebugger] Sending connection key request
[debug] [RemoteDebugger] Sending '_rpc_reportIdentifier:' message to remote debugger
[debug] [RemoteDebugger] Connected to application
[debug] [RemoteDebugger] Selecting application
[debug] [RemoteDebugger] Current applications available:
[debug] [RemoteDebugger]     Application: 'PID:81693'
[debug] [RemoteDebugger]         id: "PID:81693"
[debug] [RemoteDebugger]         isProxy: false
[debug] [RemoteDebugger]         name: "Safari"
[debug] [RemoteDebugger]         bundleId: "com.apple.mobilesafari"
[debug] [RemoteDebugger]         hostId: undefined
[debug] [RemoteDebugger]         isActive: 2
[debug] [RemoteDebugger]         isAutomationEnabled: false
[debug] [RemoteDebugger] Found app id key 'PID:81693' for bundle 'com.apple.mobilesafari'
[debug] [RemoteDebugger] Trying out the possible app ids: PID:81693
[debug] [RemoteDebugger] Selecting app PID:81693 (try #1 of 20)
[debug] [RemoteDebugger] Sending '_rpc_forwardGetListing:' message to remote debugger
[debug] [RemoteDebugger] Notified of connected drivers: {}.
[debug] [RemoteDebugger] We were notified we might have connected to the wrong app. Using id PID:81696 instead of PID:81693
[debug] [RemoteDebugger] Notified that new application 'PID:81696' has connected
[debug] [RemoteDebugger] Found app id key 'PID:81693' for bundle 'com.apple.mobilesafari'
[debug] [RemoteDebugger] Found separate bundleId 'com.apple.WebKit.WebContent' acting as proxy for 'com.apple.mobilesafari', with app id 'PID:81696'
[debug] [RemoteDebugger] Using proxied app id 'PID:81696'
[debug] [RemoteDebugger] Error checking application: 'New application has connected'. Retrying connection
[debug] [RemoteDebugger] Current applications available:
[debug] [RemoteDebugger]     Application: 'PID:81693'
[debug] [RemoteDebugger]         id: "PID:81693"
[debug] [RemoteDebugger]         isProxy: false
[debug] [RemoteDebugger]         name: "Safari"
[debug] [RemoteDebugger]         bundleId: "com.apple.mobilesafari"
[debug] [RemoteDebugger]         hostId: undefined
[debug] [RemoteDebugger]         isActive: 2
[debug] [RemoteDebugger]         isAutomationEnabled: false
[debug] [RemoteDebugger]     Application: 'PID:81696'
[debug] [RemoteDebugger]         id: "PID:81696"
[debug] [RemoteDebugger]         isProxy: true
[debug] [RemoteDebugger]         name: "com.apple.WebKit.WebContent"
[debug] [RemoteDebugger]         bundleId: "com.apple.WebKit.WebContent"
[debug] [RemoteDebugger]         hostId: "PID:81693"
[debug] [RemoteDebugger]         isActive: 1
[debug] [RemoteDebugger]         isAutomationEnabled: false
[debug] [RemoteDebugger]         pageDict: "Waiting for data"
[debug] [RemoteDebugger] Found app id key 'PID:81693' for bundle 'com.apple.mobilesafari'
[debug] [RemoteDebugger] Found separate bundleId 'com.apple.WebKit.WebContent' acting as proxy for 'com.apple.mobilesafari', with app id 'PID:81696'
[debug] [RemoteDebugger] Trying out the possible app ids: PID:81696
[debug] [RemoteDebugger] Selecting app PID:81696 (try #2 of 20)
[debug] [RemoteDebugger] Sending '_rpc_forwardGetListing:' message to remote debugger
[debug] [RemoteDebugger] Received response from socket send: '["PID:81693",{}]'
[debug] [RemoteDebugger] Received response from socket send: '["PID:81693",{}]'
[debug] [RemoteDebugger] Received page change notice for app 'PID:81693' but listening for 'PID:81696'. Ignoring.
[debug] [RemoteDebugger] Notified that application 'PID:81693' has been updated.
[debug] [RemoteDebugger] Received response from socket send: '["PID:81696",{"1":{"WIRTitleKey":"Appium/welcom...'
[debug] [RemoteDebugger] Page changed: {"1":{"WIRTitleKey":"Appium/welcome","WIRTypeKey":"WIRTypeWeb","WIRURLKey":"http://0.0.0.0:60418/welcome","WIRPageIdentifierKey":1}}
[debug] [RemoteDebugger] Notified that application 'PID:81696' has been updated.
[debug] [RemoteDebugger] Empty page dictionary received
[debug] [RemoteDebugger] Empty page dictionary received
[debug] [RemoteDebugger] Error checking application: 'Empty page dictionary received'. Retrying connection
[debug] [RemoteDebugger] Current applications available:
[debug] [RemoteDebugger]     Application: 'PID:81693'
[debug] [RemoteDebugger]         id: "PID:81693"
[debug] [RemoteDebugger]         isProxy: false
[debug] [RemoteDebugger]         name: "Safari"
[debug] [RemoteDebugger]         bundleId: "com.apple.mobilesafari"
[debug] [RemoteDebugger]         hostId: undefined
[debug] [RemoteDebugger]         isActive: 2
[debug] [RemoteDebugger]         isAutomationEnabled: false
[debug] [RemoteDebugger]         pageDict: []
[debug] [RemoteDebugger]     Application: 'PID:81696'
[debug] [RemoteDebugger]         id: "PID:81696"
[debug] [RemoteDebugger]         isProxy: true
[debug] [RemoteDebugger]         name: "com.apple.WebKit.WebContent"
[debug] [RemoteDebugger]         bundleId: "com.apple.WebKit.WebContent"
[debug] [RemoteDebugger]         hostId: "PID:81693"
[debug] [RemoteDebugger]         isActive: 1
[debug] [RemoteDebugger]         isAutomationEnabled: false
[debug] [RemoteDebugger]         pageDict: [{"id":1,"title":"Appium/welcome","url":"http://0.0.0.0:60418/welcome","isKey":false}]
[debug] [RemoteDebugger] Found app id key 'PID:81693' for bundle 'com.apple.mobilesafari'
[debug] [RemoteDebugger] Found separate bundleId 'com.apple.WebKit.WebContent' acting as proxy for 'com.apple.mobilesafari', with app id 'PID:81696'
[debug] [RemoteDebugger] Trying out the possible app ids: PID:81696
[debug] [RemoteDebugger] Selecting app PID:81696 (try #3 of 20)
[debug] [RemoteDebugger] Sending '_rpc_forwardGetListing:' message to remote debugger
[debug] [RemoteDebugger] Received response from socket send: '["PID:81693",{}]'
[debug] [RemoteDebugger] Received page change notice for app 'PID:81693' but listening for 'PID:81696'. Ignoring.
[debug] [RemoteDebugger] Empty page dictionary received
[debug] [RemoteDebugger] Error checking application: 'Empty page dictionary received'. Retrying connection
[debug] [RemoteDebugger] Current applications available:
[debug] [RemoteDebugger]     Application: 'PID:81693'
[debug] [RemoteDebugger]         id: "PID:81693"
[debug] [RemoteDebugger]         isProxy: false
[debug] [RemoteDebugger]         name: "Safari"
[debug] [RemoteDebugger]         bundleId: "com.apple.mobilesafari"
[debug] [RemoteDebugger]         hostId: undefined
[debug] [RemoteDebugger]         isActive: 2
[debug] [RemoteDebugger]         isAutomationEnabled: false
[debug] [RemoteDebugger]         pageDict: []
[debug] [RemoteDebugger]     Application: 'PID:81696'
[debug] [RemoteDebugger]         id: "PID:81696"
[debug] [RemoteDebugger]         isProxy: true
[debug] [RemoteDebugger]         name: "com.apple.WebKit.WebContent"
[debug] [RemoteDebugger]         bundleId: "com.apple.WebKit.WebContent"
[debug] [RemoteDebugger]         hostId: "PID:81693"
[debug] [RemoteDebugger]         isActive: 1
[debug] [RemoteDebugger]         isAutomationEnabled: false
[debug] [RemoteDebugger]         pageDict: [{"id":1,"title":"Appium/welcome","url":"http://0.0.0.0:60418/welcome","isKey":false}]
[debug] [RemoteDebugger] Found app id key 'PID:81693' for bundle 'com.apple.mobilesafari'
[debug] [RemoteDebugger] Found separate bundleId 'com.apple.WebKit.WebContent' acting as proxy for 'com.apple.mobilesafari', with app id 'PID:81696'
[debug] [RemoteDebugger] Trying out the possible app ids: PID:81696
[debug] [RemoteDebugger] Selecting app PID:81696 (try #4 of 20)
[debug] [RemoteDebugger] Sending '_rpc_forwardGetListing:' message to remote debugger
[debug] [RemoteDebugger] Received response from socket send: '["PID:81696",{"1":{"WIRTitleKey":"Appium/welcom...'
[debug] [RemoteDebugger] Page changed: {"1":{"WIRTitleKey":"Appium/welcome","WIRTypeKey":"WIRTypeWeb","WIRURLKey":"http://0.0.0.0:60418/welcome","WIRPageIdentifierKey":1}}
[debug] [RemoteDebugger] Page changed: {"1":{"WIRTitleKey":"Appium/welcome","WIRTypeKey":"WIRTypeWeb","WIRURLKey":"http://0.0.0.0:60418/welcome","WIRPageIdentifierKey":1}}
[debug] [RemoteDebugger] Finally selecting app PID:81696: [{"id":1,"title":"Appium/welcome","url":"http://0.0.0.0:60418/welcome","isKey":false}]
[debug] [iOS] Picking webview 'WEBVIEW_81696.1'
[debug] [iOS] Attempting to set context to 'WEBVIEW_81696.1'
[debug] [RemoteDebugger] Selecting page '1' on app 'PID:81696' and forwarding socket setup
[debug] [RemoteDebugger] Sending '_rpc_forwardSocketSetup:' message to remote debugger
[debug] [RemoteDebugger] Sender key set
[debug] [RemoteDebugger] Sending '_rpc_forwardSocketData:' message to remote debugger
[debug] [RemoteDebugger] Page changed: {"1":{"WIRTitleKey":"Appium/welcome","WIRTypeKey":"WIRTypeWeb","WIRURLKey":"http://0.0.0.0:60418/welcome","WIRPageIdentifierKey":1}}
[debug] [iOS] Remote debugger notified us of a new page listing: {"appIdKey":"81696","pageArray":[{"id":1,"title":"Appium/welcome","url":"http://0.0.0.0:60418/welcome","isKey":false}]}
[debug] [iOS] No key id found. Choosing first id from page array
[debug] [iOS] We do not appear to have window set yet, ignoring
[debug] [RemoteDebugger] Found data handler for response
[debug] [RemoteDebugger] Received data response from socket send: '{}'
[debug] [RemoteDebugger] Original command: enablePage
[debug] [RemoteDebugger] Enabled activity on page
[debug] [RemoteDebugger] Checking document readyState
[debug] [RemoteDebugger] Garbage collecting with 5000ms timeout
[debug] [RemoteDebugger] Sending '_rpc_forwardSocketData:' message to remote debugger
[debug] [RemoteDebugger] Page changed: {"1":{"WIRTitleKey":"Appium/welcome","WIRTypeKey":"WIRTypeWeb","WIRURLKey":"http://0.0.0.0:60418/welcome","WIRPageIdentifierKey":1,"WIRConnectionIdentifierKey":"a0157a30-cda3-44cf-ac31-de88f9b7516d"}}
[debug] [iOS] Remote debugger notified us of a new page listing: {"appIdKey":"81696","pageArray":[{"id":1,"title":"Appium/welcome","url":"http://0.0.0.0:60418/welcome","isKey":true}]}
[debug] [iOS] We do not appear to have window set yet, ignoring
[debug] [RemoteDebugger] Notified that application 'PID:81696' has been updated.
[debug] [RemoteDebugger] Found data handler for response
[debug] [RemoteDebugger] Received data response from socket send: '{}'
[debug] [RemoteDebugger] Original command: garbageCollect
[debug] [RemoteDebugger] Page changed: {"1":{"WIRTitleKey":"Appium/welcome","WIRTypeKey":"WIRTypeWeb","WIRURLKey":"http://0.0.0.0:60418/welcome","WIRPageIdentifierKey":1,"WIRConnectionIdentifierKey":"a0157a30-cda3-44cf-ac31-de88f9b7516d"}}
[debug] [iOS] Remote debugger notified us of a new page listing: {"appIdKey":"81696","pageArray":[{"id":1,"title":"Appium/welcome","url":"http://0.0.0.0:60418/welcome","isKey":true}]}
[debug] [iOS] We do not appear to have window set yet, ignoring
[debug] [RemoteDebugger] Garbage collection successful
[debug] [RemoteDebugger] Sending javascript command (function (){ return document.readyState; })()
[debug] [RemoteDebugger] Sending '_rpc_forwardSocketData:' message to remote debugger
[debug] [RemoteDebugger] Found data handler for response
[debug] [RemoteDebugger] Received data response from socket send: 'complete'
[debug] [RemoteDebugger] Original command: sendJSCommand
[debug] [RemoteDebugger] readyState was "complete"
[debug] [RemoteDebugger] Starting to listen for JavaScript console
[debug] [RemoteDebugger] Sending '_rpc_forwardSocketData:' message to remote debugger
[debug] [RemoteDebugger] Found data handler for response
[debug] [RemoteDebugger] Received data response from socket send: '{}'
[debug] [RemoteDebugger] Original command: startConsole
[debug] [RemoteDebugger] Starting to listen for network events
[debug] [RemoteDebugger] Sending '_rpc_forwardSocketData:' message to remote debugger
[debug] [RemoteDebugger] Found data handler for response
[debug] [RemoteDebugger] Received data response from socket send: '{}'
[debug] [RemoteDebugger] Original command: startNetwork
[debug] [RemoteDebugger] Unregistering from page readiness notifications
[debug] [BaseDriver] Event 'initialWebviewNavigated' logged at 1546486510726 (11:35:10 GMT+0800 (China Standard Time))
[Appium] New XCUITestDriver session created successfully, session 331c5ad8-a558-4a8e-b3fc-4d4f589eaae1 added to master session list
[debug] [BaseDriver] Event 'newSessionStarted' logged at 1546486510731 (11:35:10 GMT+0800 (China Standard Time))
[debug] [MJSONWP] Responding to client with driver.createSession() result: {"webStorageEnabled":false,"locationContextEnabled":false,"browserName":"Safari","platform":"IOS","javascriptEnabled":true,"databaseEnabled":false,"takesScreenshot":true,"networkConnectionEnabled":false,"automationName":"XCUITest","deviceId":"","deviceName":"iPhone 8 Plus","newCommandTimeout":1800,"platformName":"iOS","platformVersion":"12.1","realDeviceLogger":"/Applications/Katalon Studio.app/Contents/Eclipse/configuration/resources/tools/deviceconsole/deviceconsole","wdaLocalPort":60415,"udid":"ED10773C-9736-4FF9-B3CE-556B312FF8F5"}
[HTTP] <-- POST /wd/hub/session 200 144211 ms - 613
[HTTP] 
[HTTP] --> GET /wd/hub/status
[HTTP] {}
[debug] [W3C] Calling AppiumDriver.getStatus() with args: []
[debug] [W3C] Responding to client with driver.getStatus() result: {"build":{"version":"1.8.1","revision":null}}
[HTTP] <-- GET /wd/hub/status 200 57 ms - 55
[HTTP] 
[HTTP] --> POST /wd/hub/session/331c5ad8-a558-4a8e-b3fc-4d4f589eaae1/timeouts
[HTTP] {"type":"implicit","ms":60000}
[debug] [W3C] Bad parameters: BadParametersError: Parameters were incorrect. We wanted "W3C protocol expects any of script, pageLoad or implicit to be set" and you sent {"type":"implicit","ms":60000}
[HTTP] <-- POST /wd/hub/session/331c5ad8-a558-4a8e-b3fc-4d4f589eaae1/timeouts 400 23 ms - 5641
[HTTP] 
[HTTP] --> POST /wd/hub/session/331c5ad8-a558-4a8e-b3fc-4d4f589eaae1/timeouts
[HTTP] {"type":"implicit","ms":0}
[debug] [W3C] Bad parameters: BadParametersError: Parameters were incorrect. We wanted "W3C protocol expects any of script, pageLoad or implicit to be set" and you sent {"type":"implicit","ms":0}
[HTTP] <-- POST /wd/hub/session/331c5ad8-a558-4a8e-b3fc-4d4f589eaae1/timeouts 400 6 ms - 5633
[HTTP] 
[HTTP] --> POST /wd/hub/session/331c5ad8-a558-4a8e-b3fc-4d4f589eaae1/execute
[HTTP] {"script":"return navigator.sayswho= (function() { var ua= navigator.userAgent, tem, M= ua.match(/(opera|chrome|safari|firefox|msie|trident)\\/?\\s*(\\.?\\d+(\\.\\d+)*)/i) || []; if (/trident/i.test(M[1])) {     tem=  /\\brv[ :]+(\\d+)/g.exec(ua) || [];     return 'IE '+(tem[1] || ''); } if(M[1]=== 'Chrome') {     tem= ua.match(/\\b(OPR|Edge)\\/(\\d+)/);     if(tem!= null) return tem.slice(1).join(' ').replace('OPR', 'Opera'); } M= M[2]? [M[1], M[2]]: [navigator.appName, navigator.appVersion, '-?']; if((tem= ua.match(/version\\/(\\d+)/i))!= null) M.splice(1, 1, tem[1]); return M.join(' ').replace('MSIE', 'IE');})();","args":[]}
[debug] [W3C] Calling AppiumDriver.execute() with args: ["return navigator.sayswho= (function() { var ua= navigator.userAgent, tem, M= ua.match(/(opera|chrome|safari|firefox|msie|trident)\\/?\\s*(\\.?\\d+(\\.\\d+)*)/i) || []; if (/trident/i.test(M[1])) {     tem=  /\\brv[ :]+(\\d+)/g.exec(ua) || [];     return 'IE '+(tem[1] || ''); } if(M[1]=== 'Chrome') {     tem= ua.match(/\\b(OPR|Edge)\\/(\\d+)/);     if(tem!= null) return tem.slice(1).join(' ').replace('OPR', 'Opera'); } M= M[2]? [M[1], M[2]]: [navigator.appName, navigator.appVersion, '-?']; if((tem= ua.match(/version\\/(\\d+)/i))!= null) M.splice(1, 1, tem[1]); return M.join(' ').replace('MSIE', 'IE');})();",[],"331c5ad8-a558-4a8e-b3fc-4d4f589eaae1"]
[debug] [XCUITest] Executing command 'execute'
[debug] [RemoteDebugger] Executing 'execute_script' atom in default context
[debug] [RemoteDebugger] Garbage collecting with 5000ms timeout
[debug] [RemoteDebugger] Sending '_rpc_forwardSocketData:' message to remote debugger
[debug] [RemoteDebugger] Found data handler for response
[debug] [RemoteDebugger] Received data response from socket send: '{}'
[debug] [RemoteDebugger] Original command: garbageCollect
[debug] [RemoteDebugger] Garbage collection successful
[debug] [RemoteDebugger] Sending javascript command (function(){return function(){var e=this;
[debug] [RemoteDebugger] funct...
[debug] [RemoteDebugger] Sending '_rpc_forwardSocketData:' message to remote debugger
[debug] [RemoteDebugger] Found data handler for response
[debug] [RemoteDebugger] Received data response from socket send: '{"status":0,"value":"Safari 12"}'
[debug] [RemoteDebugger] Original command: sendJSCommand
[debug] [RemoteDebugger] Received result for atom 'execute_script' execution: "Safari 12"
[debug] [MJSONWP] Responding to client with driver.execute() result: "Safari 12"
[HTTP] <-- POST /wd/hub/session/331c5ad8-a558-4a8e-b3fc-4d4f589eaae1/execute 200 4224 ms - 83
[HTTP] 
[HTTP] --> POST /wd/hub/session/331c5ad8-a558-4a8e-b3fc-4d4f589eaae1/url
[HTTP] {"url":"https://praetemptatus.agilehealthinsurance.com/"}
[debug] [W3C] Calling AppiumDriver.setUrl() with args: ["https://praetemptatus.agilehealthinsurance.com/","331c5ad8-a558-4a8e-b3fc-4d4f589eaae1"]
[debug] [XCUITest] Executing command 'setUrl'
[debug] [iOS] Attempting to set url 'https://praetemptatus.agilehealthinsurance.com/'
[debug] [RemoteDebugger] Navigating to new URL: https://praetemptatus.agilehealthinsurance.com/
[debug] [RemoteDebugger] Sending '_rpc_forwardSocketData:' message to remote debugger
[debug] [RemoteDebugger] Found data handler for response
[debug] [RemoteDebugger] Received data response from socket send: '{}'
[debug] [RemoteDebugger] Original command: setUrl
[debug] [RemoteDebugger] Waiting for frame navigated message...
[debug] [RemoteDebugger] Frame navigated in 0.503 sec from source: timeout
[debug] [RemoteDebugger] Waiting for dom...
[debug] [RemoteDebugger] Page loaded, verifying whether ready
[debug] [RemoteDebugger] Checking document readyState
[debug] [RemoteDebugger] Garbage collecting with 5000ms timeout
[debug] [RemoteDebugger] Sending '_rpc_forwardSocketData:' message to remote debugger
[debug] [RemoteDebugger] Found data handler for response
[debug] [RemoteDebugger] Received data response from socket send: '{}'
[debug] [RemoteDebugger] Original command: garbageCollect
[debug] [RemoteDebugger] Garbage collection successful
[debug] [RemoteDebugger] Sending javascript command (function (){ return document.readyState; })()
[debug] [RemoteDebugger] Sending '_rpc_forwardSocketData:' message to remote debugger
[debug] [RemoteDebugger] Found data handler for response
[debug] [RemoteDebugger] Received data response from socket send: 'complete'
[debug] [RemoteDebugger] Original command: sendJSCommand
[debug] [RemoteDebugger] readyState was "complete"
[debug] [RemoteDebugger] Page is ready
[debug] [MJSONWP] Responding to client with driver.setUrl() result: null
[HTTP] <-- POST /wd/hub/session/331c5ad8-a558-4a8e-b3fc-4d4f589eaae1/url 200 7709 ms - 76
[HTTP] 
[HTTP] --> POST /wd/hub/session/331c5ad8-a558-4a8e-b3fc-4d4f589eaae1/elements
[HTTP] {"using":"xpath","value":"//a[@href = '/health-insurance-quotes' and @id = 'primaryCTA' and @title = 'Get Health Insurance Quotes' and (text() = 'Quote & Save Today' or . = 'Quote & Save Today')]"}
[debug] [W3C] Calling AppiumDriver.findElements() with args: ["xpath","//a[@href = '/health-insurance-quotes' and @id = 'primaryCTA' and @title = 'Get Health Insurance Quotes' and (text() = 'Quote & Save Today' or . = 'Quote & Save Today')]","331c5ad8-a558-4a8e-b3fc-4d4f589eaae1"]
[debug] [XCUITest] Executing command 'findElements'
[debug] [BaseDriver] Valid locator strategies for this request: xpath, id, name, class name, -ios predicate string, -ios class chain, accessibility id
[debug] [BaseDriver] Waiting up to 0 ms for condition
[debug] [RemoteDebugger] Executing 'find_elements' atom in default context
[debug] [RemoteDebugger] Garbage collecting with 5000ms timeout
[debug] [RemoteDebugger] Sending '_rpc_forwardSocketData:' message to remote debugger
[debug] [RemoteDebugger] Found data handler for response
[debug] [RemoteDebugger] Received data response from socket send: '{}'
[debug] [RemoteDebugger] Original command: garbageCollect
[debug] [RemoteDebugger] Garbage collection successful
[debug] [RemoteDebugger] Sending javascript command (function(){return function(){var k=this;functi...
[debug] [RemoteDebugger] Sending '_rpc_forwardSocketData:' message to remote debugger
[debug] [RemoteDebugger] Found data handler for response
[debug] [RemoteDebugger] Received data response from socket send: '{"status":0,"value":[]}'
[debug] [RemoteDebugger] Original command: sendJSCommand
[debug] [RemoteDebugger] Received result for atom 'find_elements' execution: []
[debug] [MJSONWP] Responding to client with driver.findElements() result: []
[HTTP] <-- POST /wd/hub/session/331c5ad8-a558-4a8e-b3fc-4d4f589eaae1/elements 200 3364 ms - 74
[HTTP] 
[HTTP] --> POST /wd/hub/session/331c5ad8-a558-4a8e-b3fc-4d4f589eaae1/elements
[HTTP] {"using":"xpath","value":"//a[@href = '/health-insurance-quotes' and @id = 'primaryCTA' and @title = 'Get Health Insurance Quotes' and (text() = 'Quote & Save Today' or . = 'Quote & Save Today')]"}
[debug] [W3C] Calling AppiumDriver.findElements() with args: ["xpath","//a[@href = '/health-insurance-quotes' and @id = 'primaryCTA' and @title = 'Get Health Insurance Quotes' and (text() = 'Quote & Save Today' or . = 'Quote & Save Today')]","331c5ad8-a558-4a8e-b3fc-4d4f589eaae1"]
[debug] [XCUITest] Executing command 'findElements'
[debug] [BaseDriver] Valid locator strategies for this request: xpath, id, name, class name, -ios predicate string, -ios class chain, accessibility id
[debug] [BaseDriver] Waiting up to 0 ms for condition
[debug] [RemoteDebugger] Executing 'find_elements' atom in default context
[debug] [RemoteDebugger] Garbage collecting with 5000ms timeout
[debug] [RemoteDebugger] Sending '_rpc_forwardSocketData:' message to remote debugger
[debug] [RemoteDebugger] Found data handler for response
[debug] [RemoteDebugger] Received data response from socket send: '{}'
[debug] [RemoteDebugger] Original command: garbageCollect
[debug] [RemoteDebugger] Garbage collection successful
[debug] [RemoteDebugger] Sending javascript command (function(){return function(){var k=this;functi...
[debug] [RemoteDebugger] Sending '_rpc_forwardSocketData:' message to remote debugger
[debug] [RemoteDebugger] Found data handler for response
[debug] [RemoteDebugger] Received data response from socket send: '{"status":0,"value":[]}'
[debug] [RemoteDebugger] Original command: sendJSCommand
[debug] [RemoteDebugger] Received result for atom 'find_elements' execution: []
[debug] [MJSONWP] Responding to client with driver.findElements() result: []
[HTTP] <-- POST /wd/hub/session/331c5ad8-a558-4a8e-b3fc-4d4f589eaae1/elements 200 2758 ms - 74
[HTTP] 
[HTTP] --> POST /wd/hub/session/331c5ad8-a558-4a8e-b3fc-4d4f589eaae1/elements
[HTTP] {"using":"xpath","value":"//a[@href = '/health-insurance-quotes' and @id = 'primaryCTA' and @title = 'Get Health Insurance Quotes' and (text() = 'Quote & Save Today' or . = 'Quote & Save Today')]"}
[debug] [W3C] Calling AppiumDriver.findElements() with args: ["xpath","//a[@href = '/health-insurance-quotes' and @id = 'primaryCTA' and @title = 'Get Health Insurance Quotes' and (text() = 'Quote & Save Today' or . = 'Quote & Save Today')]","331c5ad8-a558-4a8e-b3fc-4d4f589eaae1"]
[debug] [XCUITest] Executing command 'findElements'
[debug] [BaseDriver] Valid locator strategies for this request: xpath, id, name, class name, -ios predicate string, -ios class chain, accessibility id
[debug] [BaseDriver] Waiting up to 0 ms for condition
[debug] [RemoteDebugger] Executing 'find_elements' atom in default context
[debug] [RemoteDebugger] Garbage collecting with 5000ms timeout
[debug] [RemoteDebugger] Sending '_rpc_forwardSocketData:' message to remote debugger
[debug] [RemoteDebugger] Found data handler for response
[debug] [RemoteDebugger] Received data response from socket send: '{}'
[debug] [RemoteDebugger] Original command: garbageCollect
[debug] [RemoteDebugger] Garbage collection successful
[debug] [RemoteDebugger] Sending javascript command (function(){return function(){var k=this;functi...
[debug] [RemoteDebugger] Sending '_rpc_forwardSocketData:' message to remote debugger
[debug] [RemoteDebugger] Found data handler for response
[debug] [RemoteDebugger] Received data response from socket send: '{"status":0,"value":[]}'
[debug] [RemoteDebugger] Original command: sendJSCommand
[debug] [RemoteDebugger] Received result for atom 'find_elements' execution: []
[debug] [MJSONWP] Responding to client with driver.findElements() result: []
[HTTP] <-- POST /wd/hub/session/331c5ad8-a558-4a8e-b3fc-4d4f589eaae1/elements 200 1935 ms - 74
[HTTP] 
[HTTP] --> POST /wd/hub/session/331c5ad8-a558-4a8e-b3fc-4d4f589eaae1/elements
[HTTP] {"using":"xpath","value":"//a[@href = '/health-insurance-quotes' and @id = 'primaryCTA' and @title = 'Get Health Insurance Quotes' and (text() = 'Quote & Save Today' or . = 'Quote & Save Today')]"}
[debug] [W3C] Calling AppiumDriver.findElements() with args: ["xpath","//a[@href = '/health-insurance-quotes' and @id = 'primaryCTA' and @title = 'Get Health Insurance Quotes' and (text() = 'Quote & Save Today' or . = 'Quote & Save Today')]","331c5ad8-a558-4a8e-b3fc-4d4f589eaae1"]
[debug] [XCUITest] Executing command 'findElements'
[debug] [BaseDriver] Valid locator strategies for this request: xpath, id, name, class name, -ios predicate string, -ios class chain, accessibility id
[debug] [BaseDriver] Waiting up to 0 ms for condition
[debug] [RemoteDebugger] Executing 'find_elements' atom in default context
[debug] [RemoteDebugger] Garbage collecting with 5000ms timeout
[debug] [RemoteDebugger] Sending '_rpc_forwardSocketData:' message to remote debugger
[debug] [RemoteDebugger] Found data handler for response
[debug] [RemoteDebugger] Received data response from socket send: '{}'
[debug] [RemoteDebugger] Original command: garbageCollect
[debug] [RemoteDebugger] Garbage collection successful
[debug] [RemoteDebugger] Sending javascript command (function(){return function(){var k=this;functi...
[debug] [RemoteDebugger] Sending '_rpc_forwardSocketData:' message to remote debugger
[debug] [RemoteDebugger] Found data handler for response
[debug] [RemoteDebugger] Received data response from socket send: '{"status":0,"value":[]}'
[debug] [RemoteDebugger] Original command: sendJSCommand
[debug] [RemoteDebugger] Received result for atom 'find_elements' execution: []
[debug] [MJSONWP] Responding to client with driver.findElements() result: []
[HTTP] <-- POST /wd/hub/session/331c5ad8-a558-4a8e-b3fc-4d4f589eaae1/elements 200 3454 ms - 74
[HTTP] 
[HTTP] --> POST /wd/hub/session/331c5ad8-a558-4a8e-b3fc-4d4f589eaae1/elements
[HTTP] {"using":"xpath","value":"//a[@href = '/health-insurance-quotes' and @id = 'primaryCTA' and @title = 'Get Health Insurance Quotes' and (text() = 'Quote & Save Today' or . = 'Quote & Save Today')]"}
[debug] [W3C] Calling AppiumDriver.findElements() with args: ["xpath","//a[@href = '/health-insurance-quotes' and @id = 'primaryCTA' and @title = 'Get Health Insurance Quotes' and (text() = 'Quote & Save Today' or . = 'Quote & Save Today')]","331c5ad8-a558-4a8e-b3fc-4d4f589eaae1"]
[debug] [XCUITest] Executing command 'findElements'
[debug] [BaseDriver] Valid locator strategies for this request: xpath, id, name, class name, -ios predicate string, -ios class chain, accessibility id
[debug] [BaseDriver] Waiting up to 0 ms for condition
[debug] [RemoteDebugger] Executing 'find_elements' atom in default context
[debug] [RemoteDebugger] Garbage collecting with 5000ms timeout
[debug] [RemoteDebugger] Sending '_rpc_forwardSocketData:' message to remote debugger
[debug] [RemoteDebugger] Found data handler for response
[debug] [RemoteDebugger] Received data response from socket send: '{}'
[debug] [RemoteDebugger] Original command: garbageCollect
[debug] [RemoteDebugger] Garbage collection successful
[debug] [RemoteDebugger] Sending javascript command (function(){return function(){var k=this;functi...
[debug] [RemoteDebugger] Sending '_rpc_forwardSocketData:' message to remote debugger
[debug] [RemoteDebugger] Found data handler for response
[debug] [RemoteDebugger] Received data response from socket send: '{"status":0,"value":[]}'
[debug] [RemoteDebugger] Original command: sendJSCommand
[debug] [RemoteDebugger] Received result for atom 'find_elements' execution: []
[debug] [MJSONWP] Responding to client with driver.findElements() result: []
[HTTP] <-- POST /wd/hub/session/331c5ad8-a558-4a8e-b3fc-4d4f589eaae1/elements 200 7489 ms - 74
[HTTP] 
[HTTP] --> POST /wd/hub/session/331c5ad8-a558-4a8e-b3fc-4d4f589eaae1/elements
[HTTP] {"using":"xpath","value":"//a[@href = '/health-insurance-quotes' and @id = 'primaryCTA' and @title = 'Get Health Insurance Quotes' and (text() = 'Quote & Save Today' or . = 'Quote & Save Today')]"}
[debug] [W3C] Calling AppiumDriver.findElements() with args: ["xpath","//a[@href = '/health-insurance-quotes' and @id = 'primaryCTA' and @title = 'Get Health Insurance Quotes' and (text() = 'Quote & Save Today' or . = 'Quote & Save Today')]","331c5ad8-a558-4a8e-b3fc-4d4f589eaae1"]
[debug] [XCUITest] Executing command 'findElements'
[debug] [BaseDriver] Valid locator strategies for this request: xpath, id, name, class name, -ios predicate string, -ios class chain, accessibility id
[debug] [BaseDriver] Waiting up to 0 ms for condition
[debug] [RemoteDebugger] Executing 'find_elements' atom in default context
[debug] [RemoteDebugger] Garbage collecting with 5000ms timeout
[debug] [RemoteDebugger] Sending '_rpc_forwardSocketData:' message to remote debugger
[debug] [RemoteDebugger] Found data handler for response
[debug] [RemoteDebugger] Received data response from socket send: '{}'
[debug] [RemoteDebugger] Original command: garbageCollect
[debug] [RemoteDebugger] Garbage collection successful
[debug] [RemoteDebugger] Sending javascript command (function(){return function(){var k=this;functi...
[debug] [RemoteDebugger] Sending '_rpc_forwardSocketData:' message to remote debugger
[debug] [RemoteDebugger] Found data handler for response
[debug] [RemoteDebugger] Received data response from socket send: '{"status":0,"value":[]}'
[debug] [RemoteDebugger] Original command: sendJSCommand
[debug] [RemoteDebugger] Received result for atom 'find_elements' execution: []
[debug] [MJSONWP] Responding to client with driver.findElements() result: []
[HTTP] <-- POST /wd/hub/session/331c5ad8-a558-4a8e-b3fc-4d4f589eaae1/elements 200 3527 ms - 74
[HTTP] 
[HTTP] --> POST /wd/hub/session/331c5ad8-a558-4a8e-b3fc-4d4f589eaae1/elements
[HTTP] {"using":"xpath","value":"//a[@href = '/health-insurance-quotes' and @id = 'primaryCTA' and @title = 'Get Health Insurance Quotes' and (text() = 'Quote & Save Today' or . = 'Quote & Save Today')]"}
[debug] [W3C] Calling AppiumDriver.findElements() with args: ["xpath","//a[@href = '/health-insurance-quotes' and @id = 'primaryCTA' and @title = 'Get Health Insurance Quotes' and (text() = 'Quote & Save Today' or . = 'Quote & Save Today')]","331c5ad8-a558-4a8e-b3fc-4d4f589eaae1"]
[debug] [XCUITest] Executing command 'findElements'
[debug] [BaseDriver] Valid locator strategies for this request: xpath, id, name, class name, -ios predicate string, -ios class chain, accessibility id
[debug] [BaseDriver] Waiting up to 0 ms for condition
[debug] [RemoteDebugger] Executing 'find_elements' atom in default context
[debug] [RemoteDebugger] Garbage collecting with 5000ms timeout
[debug] [RemoteDebugger] Sending '_rpc_forwardSocketData:' message to remote debugger
[debug] [RemoteDebugger] Found data handler for response
[debug] [RemoteDebugger] Received data response from socket send: '{}'
[debug] [RemoteDebugger] Original command: garbageCollect
[debug] [RemoteDebugger] Garbage collection successful
[debug] [RemoteDebugger] Sending javascript command (function(){return function(){var k=this;functi...
[debug] [RemoteDebugger] Sending '_rpc_forwardSocketData:' message to remote debugger
[debug] [RemoteDebugger] Found data handler for response
[debug] [RemoteDebugger] Received data response from socket send: '{"status":0,"value":[]}'
[debug] [RemoteDebugger] Original command: sendJSCommand
[debug] [RemoteDebugger] Received result for atom 'find_elements' execution: []
[debug] [MJSONWP] Responding to client with driver.findElements() result: []
[HTTP] <-- POST /wd/hub/session/331c5ad8-a558-4a8e-b3fc-4d4f589eaae1/elements 200 2797 ms - 74
[HTTP] 
[HTTP] --> POST /wd/hub/session/331c5ad8-a558-4a8e-b3fc-4d4f589eaae1/elements
[HTTP] {"using":"xpath","value":"//a[@href = '/health-insurance-quotes' and @id = 'primaryCTA' and @title = 'Get Health Insurance Quotes' and (text() = 'Quote & Save Today' or . = 'Quote & Save Today')]"}
[debug] [W3C] Calling AppiumDriver.findElements() with args: ["xpath","//a[@href = '/health-insurance-quotes' and @id = 'primaryCTA' and @title = 'Get Health Insurance Quotes' and (text() = 'Quote & Save Today' or . = 'Quote & Save Today')]","331c5ad8-a558-4a8e-b3fc-4d4f589eaae1"]
[debug] [XCUITest] Executing command 'findElements'
[debug] [BaseDriver] Valid locator strategies for this request: xpath, id, name, class name, -ios predicate string, -ios class chain, accessibility id
[debug] [BaseDriver] Waiting up to 0 ms for condition
[debug] [RemoteDebugger] Executing 'find_elements' atom in default context
[debug] [RemoteDebugger] Garbage collecting with 5000ms timeout
[debug] [RemoteDebugger] Sending '_rpc_forwardSocketData:' message to remote debugger
[debug] [RemoteDebugger] Found data handler for response
[debug] [RemoteDebugger] Received data response from socket send: '{}'
[debug] [RemoteDebugger] Original command: garbageCollect
[debug] [RemoteDebugger] Garbage collection successful
[debug] [RemoteDebugger] Sending javascript command (function(){return function(){var k=this;functi...
[debug] [RemoteDebugger] Sending '_rpc_forwardSocketData:' message to remote debugger
[debug] [RemoteDebugger] Found data handler for response
[debug] [RemoteDebugger] Received data response from socket send: '{"status":0,"value":[]}'
[debug] [RemoteDebugger] Original command: sendJSCommand
[debug] [RemoteDebugger] Received result for atom 'find_elements' execution: []
[debug] [MJSONWP] Responding to client with driver.findElements() result: []
[HTTP] <-- POST /wd/hub/session/331c5ad8-a558-4a8e-b3fc-4d4f589eaae1/elements 200 1350 ms - 74
[HTTP] 
[HTTP] --> POST /wd/hub/session/331c5ad8-a558-4a8e-b3fc-4d4f589eaae1/elements
[HTTP] {"using":"xpath","value":"//a[@href = '/health-insurance-quotes' and @id = 'primaryCTA' and @title = 'Get Health Insurance Quotes' and (text() = 'Quote & Save Today' or . = 'Quote & Save Today')]"}
[debug] [W3C] Calling AppiumDriver.findElements() with args: ["xpath","//a[@href = '/health-insurance-quotes' and @id = 'primaryCTA' and @title = 'Get Health Insurance Quotes' and (text() = 'Quote & Save Today' or . = 'Quote & Save Today')]","331c5ad8-a558-4a8e-b3fc-4d4f589eaae1"]
[debug] [XCUITest] Executing command 'findElements'
[debug] [BaseDriver] Valid locator strategies for this request: xpath, id, name, class name, -ios predicate string, -ios class chain, accessibility id
[debug] [BaseDriver] Waiting up to 0 ms for condition
[debug] [RemoteDebugger] Executing 'find_elements' atom in default context
[debug] [RemoteDebugger] Garbage collecting with 5000ms timeout
[debug] [RemoteDebugger] Sending '_rpc_forwardSocketData:' message to remote debugger
[debug] [RemoteDebugger] Found data handler for response
[debug] [RemoteDebugger] Received data response from socket send: '{}'
[debug] [RemoteDebugger] Original command: garbageCollect
[debug] [RemoteDebugger] Garbage collection successful
[debug] [RemoteDebugger] Sending javascript command (function(){return function(){var k=this;functi...
[debug] [RemoteDebugger] Sending '_rpc_forwardSocketData:' message to remote debugger
[debug] [RemoteDebugger] Found data handler for response
[debug] [RemoteDebugger] Received data response from socket send: '{"status":0,"value":[]}'
[debug] [RemoteDebugger] Original command: sendJSCommand
[debug] [RemoteDebugger] Received result for atom 'find_elements' execution: []
[debug] [MJSONWP] Responding to client with driver.findElements() result: []
[HTTP] <-- POST /wd/hub/session/331c5ad8-a558-4a8e-b3fc-4d4f589eaae1/elements 200 2439 ms - 74
[HTTP] 
[HTTP] --> POST /wd/hub/session/331c5ad8-a558-4a8e-b3fc-4d4f589eaae1/elements
[HTTP] {"using":"xpath","value":"//a[@href = '/health-insurance-quotes' and @id = 'primaryCTA' and @title = 'Get Health Insurance Quotes' and (text() = 'Quote & Save Today' or . = 'Quote & Save Today')]"}
[debug] [W3C] Calling AppiumDriver.findElements() with args: ["xpath","//a[@href = '/health-insurance-quotes' and @id = 'primaryCTA' and @title = 'Get Health Insurance Quotes' and (text() = 'Quote & Save Today' or . = 'Quote & Save Today')]","331c5ad8-a558-4a8e-b3fc-4d4f589eaae1"]
[debug] [XCUITest] Executing command 'findElements'
[debug] [BaseDriver] Valid locator strategies for this request: xpath, id, name, class name, -ios predicate string, -ios class chain, accessibility id
[debug] [BaseDriver] Waiting up to 0 ms for condition
[debug] [RemoteDebugger] Executing 'find_elements' atom in default context
[debug] [RemoteDebugger] Garbage collecting with 5000ms timeout
[debug] [RemoteDebugger] Sending '_rpc_forwardSocketData:' message to remote debugger
[debug] [RemoteDebugger] Found data handler for response
[debug] [RemoteDebugger] Received data response from socket send: '{}'
[debug] [RemoteDebugger] Original command: garbageCollect
[debug] [RemoteDebugger] Garbage collection successful
[debug] [RemoteDebugger] Sending javascript command (function(){return function(){var k=this;functi...
[debug] [RemoteDebugger] Sending '_rpc_forwardSocketData:' message to remote debugger
[debug] [RemoteDebugger] Found data handler for response
[debug] [RemoteDebugger] Received data response from socket send: '{"status":0,"value":[]}'
[debug] [RemoteDebugger] Original command: sendJSCommand
[debug] [RemoteDebugger] Received result for atom 'find_elements' execution: []
[debug] [MJSONWP] Responding to client with driver.findElements() result: []
[HTTP] <-- POST /wd/hub/session/331c5ad8-a558-4a8e-b3fc-4d4f589eaae1/elements 200 2246 ms - 74
[HTTP] 
[HTTP] --> POST /wd/hub/session/331c5ad8-a558-4a8e-b3fc-4d4f589eaae1/elements
[HTTP] {"using":"xpath","value":"//a[@href = '/health-insurance-quotes' and @id = 'primaryCTA' and @title = 'Get Health Insurance Quotes' and (text() = 'Quote & Save Today' or . = 'Quote & Save Today')]"}
[debug] [W3C] Calling AppiumDriver.findElements() with args: ["xpath","//a[@href = '/health-insurance-quotes' and @id = 'primaryCTA' and @title = 'Get Health Insurance Quotes' and (text() = 'Quote & Save Today' or . = 'Quote & Save Today')]","331c5ad8-a558-4a8e-b3fc-4d4f589eaae1"]
[debug] [XCUITest] Executing command 'findElements'
[debug] [BaseDriver] Valid locator strategies for this request: xpath, id, name, class name, -ios predicate string, -ios class chain, accessibility id
[debug] [BaseDriver] Waiting up to 0 ms for condition
[debug] [RemoteDebugger] Executing 'find_elements' atom in default context
[debug] [RemoteDebugger] Garbage collecting with 5000ms timeout
[debug] [RemoteDebugger] Sending '_rpc_forwardSocketData:' message to remote debugger
[debug] [RemoteDebugger] Found data handler for response
[debug] [RemoteDebugger] Received data response from socket send: '{}'
[debug] [RemoteDebugger] Original command: garbageCollect
[debug] [RemoteDebugger] Garbage collection successful
[debug] [RemoteDebugger] Sending javascript command (function(){return function(){var k=this;functi...
[debug] [RemoteDebugger] Sending '_rpc_forwardSocketData:' message to remote debugger
[debug] [RemoteDebugger] Found data handler for response
[debug] [RemoteDebugger] Received data response from socket send: '{"status":0,"value":[]}'
[debug] [RemoteDebugger] Original command: sendJSCommand
[debug] [RemoteDebugger] Received result for atom 'find_elements' execution: []
[debug] [MJSONWP] Responding to client with driver.findElements() result: []
[HTTP] <-- POST /wd/hub/session/331c5ad8-a558-4a8e-b3fc-4d4f589eaae1/elements 200 3387 ms - 74
[HTTP] 
[HTTP] --> POST /wd/hub/session/331c5ad8-a558-4a8e-b3fc-4d4f589eaae1/elements
[HTTP] {"using":"xpath","value":"//a[@href = '/health-insurance-quotes' and @id = 'primaryCTA' and @title = 'Get Health Insurance Quotes' and (text() = 'Quote & Save Today' or . = 'Quote & Save Today')]"}
[debug] [W3C] Calling AppiumDriver.findElements() with args: ["xpath","//a[@href = '/health-insurance-quotes' and @id = 'primaryCTA' and @title = 'Get Health Insurance Quotes' and (text() = 'Quote & Save Today' or . = 'Quote & Save Today')]","331c5ad8-a558-4a8e-b3fc-4d4f589eaae1"]
[debug] [XCUITest] Executing command 'findElements'
[debug] [BaseDriver] Valid locator strategies for this request: xpath, id, name, class name, -ios predicate string, -ios class chain, accessibility id
[debug] [BaseDriver] Waiting up to 0 ms for condition
[debug] [RemoteDebugger] Executing 'find_elements' atom in default context
[debug] [RemoteDebugger] Garbage collecting with 5000ms timeout
[debug] [RemoteDebugger] Sending '_rpc_forwardSocketData:' message to remote debugger
[debug] [RemoteDebugger] Garbage collection timed out after 5000ms
[debug] [RemoteDebugger] Sending javascript command (function(){return function(){var k=this;functi...
[debug] [RemoteDebugger] Sending '_rpc_forwardSocketData:' message to remote debugger
[debug] [RemoteDebugger] Found data handler for response
[debug] [RemoteDebugger] Received data response from socket send: '{}'
[debug] [RemoteDebugger] Original command: garbageCollect
[debug] [RemoteDebugger] Found data handler for response
[debug] [RemoteDebugger] Received data response from socket send: '{"status":0,"value":[]}'
[debug] [RemoteDebugger] Original command: sendJSCommand
[debug] [RemoteDebugger] Received result for atom 'find_elements' execution: []
[debug] [MJSONWP] Responding to client with driver.findElements() result: []
[HTTP] <-- POST /wd/hub/session/331c5ad8-a558-4a8e-b3fc-4d4f589eaae1/elements 200 6695 ms - 74
[HTTP] 
[HTTP] --> POST /wd/hub/session/331c5ad8-a558-4a8e-b3fc-4d4f589eaae1/elements
[HTTP] {"using":"xpath","value":"//a[@href = '/health-insurance-quotes' and @id = 'primaryCTA' and @title = 'Get Health Insurance Quotes' and (text() = 'Quote & Save Today' or . = 'Quote & Save Today')]"}
[debug] [W3C] Calling AppiumDriver.findElements() with args: ["xpath","//a[@href = '/health-insurance-quotes' and @id = 'primaryCTA' and @title = 'Get Health Insurance Quotes' and (text() = 'Quote & Save Today' or . = 'Quote & Save Today')]","331c5ad8-a558-4a8e-b3fc-4d4f589eaae1"]
[debug] [XCUITest] Executing command 'findElements'
[debug] [BaseDriver] Valid locator strategies for this request: xpath, id, name, class name, -ios predicate string, -ios class chain, accessibility id
[debug] [BaseDriver] Waiting up to 0 ms for condition
[debug] [RemoteDebugger] Executing 'find_elements' atom in default context
[debug] [RemoteDebugger] Garbage collecting with 5000ms timeout
[debug] [RemoteDebugger] Sending '_rpc_forwardSocketData:' message to remote debugger
[debug] [RemoteDebugger] Found data handler for response
[debug] [RemoteDebugger] Received data response from socket send: '{}'
[debug] [RemoteDebugger] Original command: garbageCollect
[debug] [RemoteDebugger] Garbage collection successful
[debug] [RemoteDebugger] Sending javascript command (function(){return function(){var k=this;functi...
[debug] [RemoteDebugger] Sending '_rpc_forwardSocketData:' message to remote debugger
[debug] [RemoteDebugger] Found data handler for response
[debug] [RemoteDebugger] Received data response from socket send: '{"status":0,"value":[]}'
[debug] [RemoteDebugger] Original command: sendJSCommand
[debug] [RemoteDebugger] Received result for atom 'find_elements' execution: []
[debug] [MJSONWP] Responding to client with driver.findElements() result: []
[HTTP] <-- POST /wd/hub/session/331c5ad8-a558-4a8e-b3fc-4d4f589eaae1/elements 200 2121 ms - 74
[HTTP] 
[HTTP] --> POST /wd/hub/session/331c5ad8-a558-4a8e-b3fc-4d4f589eaae1/elements
[HTTP] {"using":"xpath","value":"//a[@href = '/health-insurance-quotes' and @id = 'primaryCTA' and @title = 'Get Health Insurance Quotes' and (text() = 'Quote & Save Today' or . = 'Quote & Save Today')]"}
[debug] [W3C] Calling AppiumDriver.findElements() with args: ["xpath","//a[@href = '/health-insurance-quotes' and @id = 'primaryCTA' and @title = 'Get Health Insurance Quotes' and (text() = 'Quote & Save Today' or . = 'Quote & Save Today')]","331c5ad8-a558-4a8e-b3fc-4d4f589eaae1"]
[debug] [XCUITest] Executing command 'findElements'
[debug] [BaseDriver] Valid locator strategies for this request: xpath, id, name, class name, -ios predicate string, -ios class chain, accessibility id
[debug] [BaseDriver] Waiting up to 0 ms for condition
[debug] [RemoteDebugger] Executing 'find_elements' atom in default context
[debug] [RemoteDebugger] Garbage collecting with 5000ms timeout
[debug] [RemoteDebugger] Sending '_rpc_forwardSocketData:' message to remote debugger
[debug] [RemoteDebugger] Found data handler for response
[debug] [RemoteDebugger] Received data response from socket send: '{}'
[debug] [RemoteDebugger] Original command: garbageCollect
[debug] [RemoteDebugger] Garbage collection successful
[debug] [RemoteDebugger] Sending javascript command (function(){return function(){var k=this;functi...
[debug] [RemoteDebugger] Sending '_rpc_forwardSocketData:' message to remote debugger
[debug] [RemoteDebugger] Found data handler for response
[debug] [RemoteDebugger] Received data response from socket send: '{"status":0,"value":[]}'
[debug] [RemoteDebugger] Original command: sendJSCommand
[debug] [RemoteDebugger] Received result for atom 'find_elements' execution: []
[debug] [RemoteDebugger] Page changed: {"1":{"WIRTitleKey":"Appium/welcome","WIRTypeKey":"WIRTypeWeb","WIRURLKey":"http://0.0.0.0:60418/welcome","WIRPageIdentifierKey":1,"WIRConnectionIdentifierKey":"a0157a30-cda3-44cf-ac31-de88f9b7516d"}}
[debug] [iOS] Remote debugger notified us of a new page listing: {"appIdKey":"81696","pageArray":[{"id":1,"title":"Appium/welcome","url":"http://0.0.0.0:60418/welcome","isKey":true}]}
[debug] [iOS] Checking if page needs to load
[debug] [iOS] New page listing is same as old, doing nothing
[debug] [iOS] Redirected from 'https://praetemptatus.agilehealthinsurance.com/' to 'http://0.0.0.0:60418/welcome'
[debug] [MJSONWP] Responding to client with driver.findElements() result: []
[HTTP] <-- POST /wd/hub/session/331c5ad8-a558-4a8e-b3fc-4d4f589eaae1/elements 200 5008 ms - 74
[HTTP] 
[debug] [RemoteDebugger] Received page change notice for app 'PID:81693' but listening for 'PID:81696'. Ignoring.
[HTTP] --> POST /wd/hub/session/331c5ad8-a558-4a8e-b3fc-4d4f589eaae1/elements
[HTTP] {"using":"xpath","value":"//a[@href = '/health-insurance-quotes' and @id = 'primaryCTA' and @title = 'Get Health Insurance Quotes' and (text() = 'Quote & Save Today' or . = 'Quote & Save Today')]"}
[debug] [W3C] Calling AppiumDriver.findElements() with args: ["xpath","//a[@href = '/health-insurance-quotes' and @id = 'primaryCTA' and @title = 'Get Health Insurance Quotes' and (text() = 'Quote & Save Today' or . = 'Quote & Save Today')]","331c5ad8-a558-4a8e-b3fc-4d4f589eaae1"]
[debug] [XCUITest] Executing command 'findElements'
[debug] [BaseDriver] Valid locator strategies for this request: xpath, id, name, class name, -ios predicate string, -ios class chain, accessibility id
[debug] [BaseDriver] Waiting up to 0 ms for condition
[debug] [RemoteDebugger] Executing 'find_elements' atom in default context
[debug] [RemoteDebugger] Garbage collecting with 5000ms timeout
[debug] [RemoteDebugger] Sending '_rpc_forwardSocketData:' message to remote debugger
[debug] [RemoteDebugger] Found data handler for response
[debug] [RemoteDebugger] Received data response from socket send: '{}'
[debug] [RemoteDebugger] Original command: garbageCollect
[debug] [RemoteDebugger] Garbage collection successful
[debug] [RemoteDebugger] Sending javascript command (function(){return function(){var k=this;functi...
[debug] [RemoteDebugger] Sending '_rpc_forwardSocketData:' message to remote debugger
[debug] [RemoteDebugger] Found data handler for response
[debug] [RemoteDebugger] Received data response from socket send: '{"status":0,"value":[]}'
[debug] [RemoteDebugger] Original command: sendJSCommand
[debug] [RemoteDebugger] Received result for atom 'find_elements' execution: []
[debug] [MJSONWP] Responding to client with driver.findElements() result: []
[HTTP] <-- POST /wd/hub/session/331c5ad8-a558-4a8e-b3fc-4d4f589eaae1/elements 200 1352 ms - 74
[HTTP] 
[HTTP] --> POST /wd/hub/session/331c5ad8-a558-4a8e-b3fc-4d4f589eaae1/elements
[HTTP] {"using":"xpath","value":"//a[@href = '/health-insurance-quotes' and @id = 'primaryCTA' and @title = 'Get Health Insurance Quotes' and (text() = 'Quote & Save Today' or . = 'Quote & Save Today')]"}
[debug] [W3C] Calling AppiumDriver.findElements() with args: ["xpath","//a[@href = '/health-insurance-quotes' and @id = 'primaryCTA' and @title = 'Get Health Insurance Quotes' and (text() = 'Quote & Save Today' or . = 'Quote & Save Today')]","331c5ad8-a558-4a8e-b3fc-4d4f589eaae1"]
[debug] [XCUITest] Executing command 'findElements'
[debug] [BaseDriver] Valid locator strategies for this request: xpath, id, name, class name, -ios predicate string, -ios class chain, accessibility id
[debug] [BaseDriver] Waiting up to 0 ms for condition
[debug] [RemoteDebugger] Executing 'find_elements' atom in default context
[debug] [RemoteDebugger] Garbage collecting with 5000ms timeout
[debug] [RemoteDebugger] Sending '_rpc_forwardSocketData:' message to remote debugger
[debug] [RemoteDebugger] Garbage collection timed out after 5000ms
[debug] [RemoteDebugger] Sending javascript command (function(){return function(){var k=this;functi...
[debug] [RemoteDebugger] Sending '_rpc_forwardSocketData:' message to remote debugger
[debug] [RemoteDebugger] Found data handler for response
[debug] [RemoteDebugger] Received data response from socket send: '{}'
[debug] [RemoteDebugger] Original command: garbageCollect
[debug] [RemoteDebugger] Found data handler for response
[debug] [RemoteDebugger] Received data response from socket send: '{"status":0,"value":[]}'
[debug] [RemoteDebugger] Original command: sendJSCommand
[debug] [RemoteDebugger] Received result for atom 'find_elements' execution: []
[debug] [MJSONWP] Responding to client with driver.findElements() result: []
[HTTP] <-- POST /wd/hub/session/331c5ad8-a558-4a8e-b3fc-4d4f589eaae1/elements 200 8575 ms - 74
[HTTP] 
[HTTP] --> POST /wd/hub/session/331c5ad8-a558-4a8e-b3fc-4d4f589eaae1/elements
[HTTP] {"using":"xpath","value":"//a[@href = '/health-insurance-quotes' and @id = 'primaryCTA' and @title = 'Get Health Insurance Quotes' and (text() = 'Quote & Save Today' or . = 'Quote & Save Today')]"}
[debug] [W3C] Calling AppiumDriver.findElements() with args: ["xpath","//a[@href = '/health-insurance-quotes' and @id = 'primaryCTA' and @title = 'Get Health Insurance Quotes' and (text() = 'Quote & Save Today' or . = 'Quote & Save Today')]","331c5ad8-a558-4a8e-b3fc-4d4f589eaae1"]
[debug] [XCUITest] Executing command 'findElements'
[debug] [BaseDriver] Valid locator strategies for this request: xpath, id, name, class name, -ios predicate string, -ios class chain, accessibility id
[debug] [BaseDriver] Waiting up to 0 ms for condition
[debug] [RemoteDebugger] Executing 'find_elements' atom in default context
[debug] [RemoteDebugger] Garbage collecting with 5000ms timeout
[debug] [RemoteDebugger] Sending '_rpc_forwardSocketData:' message to remote debugger
[debug] [RemoteDebugger] Found data handler for response
[debug] [RemoteDebugger] Received data response from socket send: '{}'
[debug] [RemoteDebugger] Original command: garbageCollect
[debug] [RemoteDebugger] Garbage collection successful
[debug] [RemoteDebugger] Sending javascript command (function(){return function(){var k=this;functi...
[debug] [RemoteDebugger] Sending '_rpc_forwardSocketData:' message to remote debugger
[debug] [RemoteDebugger] Found data handler for response
[debug] [RemoteDebugger] Received data response from socket send: '{"status":0,"value":[]}'
[debug] [RemoteDebugger] Original command: sendJSCommand
[debug] [RemoteDebugger] Received result for atom 'find_elements' execution: []
[debug] [MJSONWP] Responding to client with driver.findElements() result: []
[HTTP] <-- POST /wd/hub/session/331c5ad8-a558-4a8e-b3fc-4d4f589eaae1/elements 200 3980 ms - 74
[HTTP] 
[HTTP] --> GET /wd/hub/session/331c5ad8-a558-4a8e-b3fc-4d4f589eaae1/screenshot
[HTTP] {}
[debug] [W3C] Calling AppiumDriver.getScreenshot() with args: ["331c5ad8-a558-4a8e-b3fc-4d4f589eaae1"]
[debug] [XCUITest] Executing command 'getScreenshot'
[debug] [XCUITest] Taking screenshot with WDA
[debug] [JSONWP Proxy] Matched '/screenshot' to command name 'getScreenshot'
[debug] [JSONWP Proxy] Proxying [GET /screenshot] to [GET http://localhost:60415/session/0C8DF852-1140-4724-BC86-017BEF5BF4C9/screenshot] with no body
[debug] [JSONWP Proxy] Got response with status 200: "{\n  \"value\" : \"iVBORw0KGgoAAAANSUhEUgAABNoAAAigCAIAAABm8NjOAAAAAXNSR0IArs4c6QAA\\r\\nABxpRE9UAAAAAgAAAAAAAARQAAAAKAAABFAAAARQAAF0HYseSlcAAEAASURBVHgB\\r\\n7N0JnGdVdSdwEE0ymUwWk5lxnGQUs04Ssxk3XBI1UREBcQuoiOyyKi4IBBcQYxJl\\r\\n6aV6owER9yWaUZQlGjdAQWVvuulm726W3qu79qr+z\\/dfP3ipQFfZ1VRVV8G5n\\/rc\\r\\nuu\\/ec8859\\/feO+eed+97\\/136KhUChUAhUAgUAoVAIVAIFAKFQCFQCBQCU47ALlMu\\r\\nsQQWAoVAIVAIFAKFQCFQCBQChUAhUAgUAn0VjtZFUAgUAoVAIVAIFAKFQCFQCBQC\\r\\nhUAhsBMQqHB0J4BeIguBQqAQKAQKgUKgECgECoFCoBAoBCocrWugECgECoFCoBAo\\r\\nBAqBQqAQKAQKgUJgJyBQ4ehOAL1EFgKFQCFQCBQChUAhUAgUAoVAIVAIVDha10Ah\\r\\nUAgUAoVAIVAIFAKFQCFQCBQChcBOQKDC0Z0AeoksBAqBQqAQKAQKgUKgECgECoFC\\r\\noBCocPQxfg309PQY4cBwUujt7ZX39\\/cryFU7RJN6ZUk5hwgkNcmHGycrGxoa6h5O\\r\\nEUCxwcFBZZooyCmpQBPlKdBnssZZfAuBQqAQKAQKgUKgECgEpjcCpppmnpIZqTmq\\r\\nPPPPzJyVqY\\/GYWqm4WgyWzaEaO4wak+sqibnXV1dgUJhx5hXOLpjuM2YXrny5Lkc\\r\\nFaRckSm4jCTjcdiMShm9Q\\/cYYnFi0zRJBSIIjTiFpC1btiiQ2Gq15LnK1UyBPpM0\\r\\nzGJbCBQChUAhUAgUAoVAITDNETANToiVaadDyUQ081XKa5WndRrOS2mbKXSUzGF0\\r\\nnijk8...
[debug] [MJSONWP] Responding to client with driver.getScreenshot() result: "iVBORw0KGgoAAAANSUhEUgAABNoAAAigCAIAAABm8NjOAAAAAXNSR0IArs4c6QAA\r\nABxpRE9UAAAAAgAAAAAAAARQAAAAKAAABFAAAARQAAF0HYseSlcAAEAASURBVHgB\r\n7N0JnGdVdSdwEE0ymUwWk5lxnGQUs04Ssxk3XBI1UREBcQuoiOyyKi4IBBcQYxJl\r\n6aV6owER9yWaUZQlGjdAQWVvuulm726W3qu79qr+z/dfP3ipQFfZ1VRVV8G5n/rc\r\nuu/ec8859/feO+eed+97/136KhUChUAhUAgUAoVAIVAIFAKFQCFQCBQCU47ALlMu\r\nsQQWAoVAIVAIFAKFQCFQCBQChUAhUAgUAn0VjtZFUAgUAoVAIVAIFAKFQCFQCBQC\r\nhUAhsBMQqHB0J4BeIguBQqAQKAQKgUKgECgECoFCoBAoBCocrWugECgECoFCoBAo\r\nBAqBQqAQKAQKgUJgJyBQ4ehOAL1EFgKFQCFQCBQChUAhUAgUAoVAIVAIVDha10Ah\r\nUAgUAoVAIVAIFAKFQCFQCBQChcBOQKDC0Z0AeoksBAqBQqAQKAQKgUKgECgECoFC\r\noBCocPQxfg309PQY4cBwUujt7ZX39/cryFU7RJN6ZUk5hwgkNcmHGycrGxoa6h5O\r\nEUCxwcFBZZooyCmpQBPlKdBnssZZfAuBQqAQKAQKgUKgECgEpjcCpppmnpIZqTmq\r\nPPPPzJyVqY/GYWqm4WgyWzaEaO4wak+sqibnXV1dgUJhx5hXOLpjuM2YXrny5Lkc\r\nFaRckSm4jCTjcdiMShm9Q/cYYnFi0zRJBSIIjTiFpC1btiiQ2Gq15LnK1UyBPpM0\r\nzGJbCBQChUAhUAgUAoVAITDNETANToiVaadDyUQ081XKa5WndRrOS2mbKXSUzGF0\r\nnijk8c/MXByxdetWk/YdjswrHJ2okzJN+bj+XHyuGAWXS8pyV4ybx6WTCzRkLiaV\r\n...
[HTTP] <-- GET /wd/hub/session/331c5ad8-a558-4a8e-b3fc-4d4f589eaae1/screenshot 200 407 ms - 214378
[HTTP] 
[HTTP] --> DELETE /wd/hub/session/331c5ad8-a558-4a8e-b3fc-4d4f589eaae1
[HTTP] {}
[debug] [W3C] Calling AppiumDriver.deleteSession() with args: ["331c5ad8-a558-4a8e-b3fc-4d4f589eaae1"]
[debug] [BaseDriver] Event 'quitSessionRequested' logged at 1546486595315 (11:36:35 GMT+0800 (China Standard Time))
[Appium] Removing session 331c5ad8-a558-4a8e-b3fc-4d4f589eaae1 from our master session list
[debug] [JSONWP Proxy] Matched '/session/331c5ad8-a558-4a8e-b3fc-4d4f589eaae1' to command name 'deleteSession'
[debug] [JSONWP Proxy] Proxying [DELETE /session/331c5ad8-a558-4a8e-b3fc-4d4f589eaae1] to [DELETE http://localhost:60415/session/0C8DF852-1140-4724-BC86-017BEF5BF4C9] with no body
[debug] [RemoteDebugger] Application 'PID:81693' disconnected. Removing from app dictionary.
[debug] [RemoteDebugger] Current app is PID:81696
[debug] [RemoteDebugger] Application 'PID:81696' disconnected. Removing from app dictionary.
[debug] [RemoteDebugger] Current app is PID:81696
[debug] [RemoteDebugger] No longer have app id. Attempting to find new one.
[debug] [JSONWP Proxy] Got response with status 200: "{\n  \"value\" : {\n\n  },\n  \"sessionId\" : \"3FEB00D4-919D-4B8C-B4F5-FB30862EB679\",\n  \"status\" : 0\n}"
[debug] [XCUITest] Not clearing log files. Use `clearSystemFiles` capability to turn on.
[debug] [XCUITest] In a web session. Removing remote debugger
[debug] [RemoteDebugger] Disconnecting from remote debugger
[debug] [RemoteDebugger] Cleaning up listeners
[debug] [iOSLog] Stopping iOS log capture
[debug] [BaseDriver] Event 'quitSessionFinished' logged at 1546486604532 (11:36:44 GMT+0800 (China Standard Time))
[debug] [MJSONWP] Received response: null
[debug] [MJSONWP] But deleting session, so not returning
[debug] [MJSONWP] Responding to client with driver.deleteSession() result: null
[HTTP] <-- DELETE /wd/hub/session/331c5ad8-a558-4a8e-b3fc-4d4f589eaae1 200 9220 ms - 76
[HTTP] 
