[Appium] Welcome to Appium v1.8.1
[Appium] Non-default server args:
[Appium]   port: 50255
[Appium]   loglevel: info
[Appium]   chromeDriverPort: 50256
[Appium]   tmpDir: /var/folders/95/4qsvf70n5s55n0wp9h6b0h_r0000gn/T//Katalon/Appium/Temp1550656428746
[Appium]   webkitDebugProxyPort: 50253
[Appium] Appium REST http interface listener started on 0.0.0.0:50255
[HTTP] --> GET /wd/hub/status
[HTTP] {}
[HTTP] <-- GET /wd/hub/status 200 28 ms - 83
[HTTP] 
[HTTP] --> POST /wd/hub/session
[HTTP] {"desiredCapabilities":{"automationName":"XCUITest","browserName":"Safari","deviceId":"","deviceName":"iPhone 8","newCommandTimeout":1800,"platform":"IOS","platformName":"iOS","platformVersion":"12.1","realDeviceLogger":"/Applications/Katalon Studio 2.app/Contents/Eclipse/configuration/resources/tools/deviceconsole/deviceconsole","wdaLocalPort":50297},"capabilities":{"desiredCapabilities":{"automationName":"XCUITest","browserName":"Safari","deviceId":"","deviceName":"iPhone 8","newCommandTimeout":1800,"platform":"IOS","platformName":"iOS","platformVersion":"12.1","realDeviceLogger":"/Applications/Katalon Studio 2.app/Contents/Eclipse/configuration/resources/tools/deviceconsole/deviceconsole","wdaLocalPort":50297},"firstMatch":[{"browserName":"Safari","platformName":"ios"}]}}
[Appium] Could not parse W3C capabilities: 'deviceName' can't be blank. Falling back to JSONWP protocol.
[Appium] The following capabilities were provided in the JSONWP desired capabilities that are missing in W3C capabilities: ["automationName","browserName","deviceId","deviceName","newCommandTimeout","platform","platformName","platformVersion","realDeviceLogger","wdaLocalPort"]. Falling back to JSONWP protocol.
[Appium] Creating new XCUITestDriver (v2.105.0) session
[Appium] Capabilities:
[Appium]   automationName: XCUITest
[Appium]   browserName: Safari
[Appium]   deviceId: 
[Appium]   deviceName: iPhone 8
[Appium]   newCommandTimeout: 1800
[Appium]   platform: IOS
[Appium]   platformName: iOS
[Appium]   platformVersion: 12.1
[Appium]   realDeviceLogger: /Applications/Katalon Studio 2.app/Contents/Eclipse/configuration/resources/tools/deviceconsole/deviceconsole
[Appium]   wdaLocalPort: 50297
[BaseDriver] The following capabilities were provided, but are not recognized by appium: deviceId, platform.
[BaseDriver] Session created with session id: eea3660c-762c-422d-8dc3-ed9927c74275
[iOSSim] Constructing iOS simulator for Xcode version 10.1 with udid '98B430EC-FC04-42D5-B944-4181D8186591'
[XCUITest] Determining device to run tests on: udid: '98B430EC-FC04-42D5-B944-4181D8186591', real device: false
[XCUITest] Safari test requested
[XCUITest] Setting up simulator
[iOSSim] Booting Simulator with UDID 98B430EC-FC04-42D5-B944-4181D8186591...
[iOSSim] Starting Simulator UI with command: open -Fn /Applications/Xcode.app/Contents/Developer/Applications/Simulator.app --args -CurrentDeviceUDID 98B430EC-FC04-42D5-B944-4181D8186591 -ConnectHardwareKeyboard 0
[iOSSim] Simulator with UDID 98B430EC-FC04-42D5-B944-4181D8186591 booted in 2 seconds
[XCUITest] Using WDA path: '/Users/denisyu/.nvm/versions/node/v8.1.4/lib/node_modules/appium/node_modules/_appium-xcuitest-driver@2.105.0@appium-xcuitest-driver/WebDriverAgent'
[XCUITest] Using WDA agent: '/Users/denisyu/.nvm/versions/node/v8.1.4/lib/node_modules/appium/node_modules/_appium-xcuitest-driver@2.105.0@appium-xcuitest-driver/WebDriverAgent/WebDriverAgent.xcodeproj'
[JSONWP Proxy] Got an unexpected response: {"errno":"ECONNREFUSED","code":"ECONNREFUSED","syscall":"connect","address":"127.0.0.1","port":50297}
[XCUITest] Launching WebDriverAgent on the device
[JSONWP Proxy] Got an unexpected response: {"errno":"ECONNREFUSED","code":"ECONNREFUSED","syscall":"connect","address":"127.0.0.1","port":50297}
[JSONWP Proxy] Got an unexpected response: {"errno":"ECONNREFUSED","code":"ECONNREFUSED","syscall":"connect","address":"127.0.0.1","port":50297}
[JSONWP Proxy] Got an unexpected response: {"errno":"ECONNREFUSED","code":"ECONNREFUSED","syscall":"connect","address":"127.0.0.1","port":50297}
[JSONWP Proxy] Got an unexpected response: {"errno":"ECONNREFUSED","code":"ECONNREFUSED","syscall":"connect","address":"127.0.0.1","port":50297}
[JSONWP Proxy] Got an unexpected response: {"errno":"ECONNREFUSED","code":"ECONNREFUSED","syscall":"connect","address":"127.0.0.1","port":50297}
[JSONWP Proxy] Got an unexpected response: {"errno":"ECONNREFUSED","code":"ECONNREFUSED","syscall":"connect","address":"127.0.0.1","port":50297}
[JSONWP Proxy] Got an unexpected response: {"errno":"ECONNREFUSED","code":"ECONNREFUSED","syscall":"connect","address":"127.0.0.1","port":50297}
[JSONWP Proxy] Got an unexpected response: {"errno":"ECONNREFUSED","code":"ECONNREFUSED","syscall":"connect","address":"127.0.0.1","port":50297}
[HTTP] --> GET /welcome
[HTTP] {}
[HTTP] <-- GET /welcome 200 14 ms - 124
[HTTP] 
[HTTP] <-- GET /favicon.ico 200 3 ms - 1150
[HTTP] 
[XCUITest] Skipping setting of the initial display orientation. Set the "orientation" capability to either "LANDSCAPE" or "PORTRAIT", if this is an undesired behavior.
[Appium] New XCUITestDriver session created successfully, session eea3660c-762c-422d-8dc3-ed9927c74275 added to master session list
[HTTP] <-- POST /wd/hub/session 200 26204 ms - 610
[HTTP] 
[HTTP] --> GET /wd/hub/status
[HTTP] {}
[HTTP] <-- GET /wd/hub/status 200 23 ms - 55
[HTTP] 
[HTTP] --> POST /wd/hub/session/eea3660c-762c-422d-8dc3-ed9927c74275/timeouts
[HTTP] {"type":"implicit","ms":2000}
[HTTP] <-- POST /wd/hub/session/eea3660c-762c-422d-8dc3-ed9927c74275/timeouts 400 31 ms - 5639
[HTTP] 
[HTTP] --> POST /wd/hub/session/eea3660c-762c-422d-8dc3-ed9927c74275/timeouts
[HTTP] {"type":"implicit","ms":0}
[HTTP] <-- POST /wd/hub/session/eea3660c-762c-422d-8dc3-ed9927c74275/timeouts 400 4 ms - 5633
[HTTP] 
[HTTP] --> POST /wd/hub/session/eea3660c-762c-422d-8dc3-ed9927c74275/execute
[HTTP] {"script":"return navigator.sayswho= (function() { var ua= navigator.userAgent, tem, M= ua.match(/(opera|chrome|safari|firefox|msie|trident)\\/?\\s*(\\.?\\d+(\\.\\d+)*)/i) || []; if (/trident/i.test(M[1])) {     tem=  /\\brv[ :]+(\\d+)/g.exec(ua) || [];     return 'IE '+(tem[1] || ''); } if(M[1]=== 'Chrome') {     tem= ua.match(/\\b(OPR|Edge)\\/(\\d+)/);     if(tem!= null) return tem.slice(1).join(' ').replace('OPR', 'Opera'); } M= M[2]? [M[1], M[2]]: [navigator.appName, navigator.appVersion, '-?']; if((tem= ua.match(/version\\/(\\d+)/i))!= null) M.splice(1, 1, tem[1]); return M.join(' ').replace('MSIE', 'IE');})();","args":[]}
[HTTP] <-- POST /wd/hub/session/eea3660c-762c-422d-8dc3-ed9927c74275/execute 200 2741 ms - 83
[HTTP] 
[HTTP] --> POST /wd/hub/session/eea3660c-762c-422d-8dc3-ed9927c74275/url
[HTTP] {"url":"https://praetemptatus.agilehealthinsurance.com"}
[HTTP] <-- POST /wd/hub/session/eea3660c-762c-422d-8dc3-ed9927c74275/url 200 8020 ms - 76
[HTTP] 
[HTTP] --> POST /wd/hub/session/eea3660c-762c-422d-8dc3-ed9927c74275/execute
[HTTP] {"script":"return document.readyState","args":[]}
[HTTP] <-- POST /wd/hub/session/eea3660c-762c-422d-8dc3-ed9927c74275/execute 200 144 ms - 81
[HTTP] 
[HTTP] --> POST /wd/hub/session/eea3660c-762c-422d-8dc3-ed9927c74275/execute
[HTTP] {"script":"return document.readyState","args":[]}
[HTTP] <-- POST /wd/hub/session/eea3660c-762c-422d-8dc3-ed9927c74275/execute 200 566 ms - 85
[HTTP] 
[HTTP] --> POST /wd/hub/session/eea3660c-762c-422d-8dc3-ed9927c74275/execute
[HTTP] {"script":"return document.readyState","args":[]}
[HTTP] <-- POST /wd/hub/session/eea3660c-762c-422d-8dc3-ed9927c74275/execute 200 208 ms - 85
[HTTP] 
[HTTP] --> POST /wd/hub/session/eea3660c-762c-422d-8dc3-ed9927c74275/execute
[HTTP] {"script":"return document.readyState","args":[]}
[HTTP] <-- POST /wd/hub/session/eea3660c-762c-422d-8dc3-ed9927c74275/execute 200 486 ms - 82
[HTTP] 
[HTTP] --> GET /wd/hub/session/eea3660c-762c-422d-8dc3-ed9927c74275/screenshot
[HTTP] {}
[HTTP] <-- GET /wd/hub/session/eea3660c-762c-422d-8dc3-ed9927c74275/screenshot 200 166 ms - 825694
[HTTP] 
[HTTP] --> POST /wd/hub/session/eea3660c-762c-422d-8dc3-ed9927c74275/elements
[HTTP] {"using":"xpath","value":"//*[@href = '/health-insurance-quotes' and @id = 'primaryCTA' and @title = 'Get Health Insurance Quotes' and (text() = 'Quote & Save Today' or . = 'Quote & Save Today')]"}
[HTTP] <-- POST /wd/hub/session/eea3660c-762c-422d-8dc3-ed9927c74275/elements 200 1158 ms - 92
[HTTP] 
[HTTP] --> GET /wd/hub/session/eea3660c-762c-422d-8dc3-ed9927c74275
[HTTP] {}
[XCUITest] Merging WDA caps over Appium caps for session detail response
[HTTP] <-- GET /wd/hub/session/eea3660c-762c-422d-8dc3-ed9927c74275 200 3071 ms - 627
[HTTP] 
[HTTP] --> GET /wd/hub/session/eea3660c-762c-422d-8dc3-ed9927c74275
[HTTP] {}
[XCUITest] Merging WDA caps over Appium caps for session detail response
[HTTP] <-- GET /wd/hub/session/eea3660c-762c-422d-8dc3-ed9927c74275 200 2 ms - 627
[HTTP] 
[HTTP] --> GET /wd/hub/session/eea3660c-762c-422d-8dc3-ed9927c74275
[HTTP] {}
[XCUITest] Merging WDA caps over Appium caps for session detail response
[HTTP] <-- GET /wd/hub/session/eea3660c-762c-422d-8dc3-ed9927c74275 200 5 ms - 627
[HTTP] 
[HTTP] --> GET /wd/hub/session/eea3660c-762c-422d-8dc3-ed9927c74275
[HTTP] {}
[XCUITest] Merging WDA caps over Appium caps for session detail response
[HTTP] <-- GET /wd/hub/session/eea3660c-762c-422d-8dc3-ed9927c74275 200 2 ms - 627
[HTTP] 
[HTTP] --> POST /wd/hub/session/eea3660c-762c-422d-8dc3-ed9927c74275/element/5000/click
[HTTP] {"id":"5000"}
[HTTP] <-- POST /wd/hub/session/eea3660c-762c-422d-8dc3-ed9927c74275/element/5000/click 200 652 ms - 76
[HTTP] 
[HTTP] --> POST /wd/hub/session/eea3660c-762c-422d-8dc3-ed9927c74275/elements
[HTTP] {"using":"xpath","value":"//input[@id = 'zip-input' and @type = 'tel' and @placeholder = 'Zip Code']"}
[HTTP] <-- POST /wd/hub/session/eea3660c-762c-422d-8dc3-ed9927c74275/elements 200 1362 ms - 92
[HTTP] 
[HTTP] --> GET /wd/hub/session/eea3660c-762c-422d-8dc3-ed9927c74275
[HTTP] {}
[XCUITest] Merging WDA caps over Appium caps for session detail response
[HTTP] <-- GET /wd/hub/session/eea3660c-762c-422d-8dc3-ed9927c74275 200 2 ms - 627
[HTTP] 
[HTTP] --> GET /wd/hub/session/eea3660c-762c-422d-8dc3-ed9927c74275
[HTTP] {}
[XCUITest] Merging WDA caps over Appium caps for session detail response
[HTTP] <-- GET /wd/hub/session/eea3660c-762c-422d-8dc3-ed9927c74275 200 2 ms - 627
[HTTP] 
[HTTP] --> GET /wd/hub/session/eea3660c-762c-422d-8dc3-ed9927c74275
[HTTP] {}
[XCUITest] Merging WDA caps over Appium caps for session detail response
[HTTP] <-- GET /wd/hub/session/eea3660c-762c-422d-8dc3-ed9927c74275 200 2 ms - 627
[HTTP] 
[HTTP] --> GET /wd/hub/session/eea3660c-762c-422d-8dc3-ed9927c74275
[HTTP] {}
[XCUITest] Merging WDA caps over Appium caps for session detail response
[HTTP] <-- GET /wd/hub/session/eea3660c-762c-422d-8dc3-ed9927c74275 200 2 ms - 627
[HTTP] 
[HTTP] --> POST /wd/hub/session/eea3660c-762c-422d-8dc3-ed9927c74275/element/5001/clear
[HTTP] {"id":"5001"}
[HTTP] <-- POST /wd/hub/session/eea3660c-762c-422d-8dc3-ed9927c74275/element/5001/clear 200 258 ms - 76
[HTTP] 
[HTTP] --> POST /wd/hub/session/eea3660c-762c-422d-8dc3-ed9927c74275/elements
[HTTP] {"using":"xpath","value":"//input[@id = 'zip-input' and @type = 'tel' and @placeholder = 'Zip Code']"}
[HTTP] <-- POST /wd/hub/session/eea3660c-762c-422d-8dc3-ed9927c74275/elements 200 428 ms - 92
[HTTP] 
[HTTP] --> GET /wd/hub/session/eea3660c-762c-422d-8dc3-ed9927c74275
[HTTP] {}
[XCUITest] Merging WDA caps over Appium caps for session detail response
[HTTP] <-- GET /wd/hub/session/eea3660c-762c-422d-8dc3-ed9927c74275 200 2 ms - 627
[HTTP] 
[HTTP] --> GET /wd/hub/session/eea3660c-762c-422d-8dc3-ed9927c74275
[HTTP] {}
[XCUITest] Merging WDA caps over Appium caps for session detail response
[HTTP] <-- GET /wd/hub/session/eea3660c-762c-422d-8dc3-ed9927c74275 200 2 ms - 627
[HTTP] 
[HTTP] --> GET /wd/hub/session/eea3660c-762c-422d-8dc3-ed9927c74275
[HTTP] {}
[XCUITest] Merging WDA caps over Appium caps for session detail response
[HTTP] <-- GET /wd/hub/session/eea3660c-762c-422d-8dc3-ed9927c74275 200 2 ms - 627
[HTTP] 
[HTTP] --> GET /wd/hub/session/eea3660c-762c-422d-8dc3-ed9927c74275
[HTTP] {}
[XCUITest] Merging WDA caps over Appium caps for session detail response
[HTTP] <-- GET /wd/hub/session/eea3660c-762c-422d-8dc3-ed9927c74275 200 2 ms - 627
[HTTP] 
[HTTP] --> POST /wd/hub/session/eea3660c-762c-422d-8dc3-ed9927c74275/element/5002/value
[HTTP] {"id":"5002","value":["60602"]}
[HTTP] <-- POST /wd/hub/session/eea3660c-762c-422d-8dc3-ed9927c74275/element/5002/value 200 1720 ms - 76
[HTTP] 
[HTTP] --> POST /wd/hub/session/eea3660c-762c-422d-8dc3-ed9927c74275/elements
[HTTP] {"using":"xpath","value":"//input[@id = 'dob-0' and @type = 'tel' and @placeholder = 'mm/dd/yyyy']"}
[HTTP] <-- POST /wd/hub/session/eea3660c-762c-422d-8dc3-ed9927c74275/elements 200 1550 ms - 92
[HTTP] 
[HTTP] --> GET /wd/hub/session/eea3660c-762c-422d-8dc3-ed9927c74275
[HTTP] {}
[XCUITest] Merging WDA caps over Appium caps for session detail response
[HTTP] <-- GET /wd/hub/session/eea3660c-762c-422d-8dc3-ed9927c74275 200 2 ms - 627
[HTTP] 
[HTTP] --> GET /wd/hub/session/eea3660c-762c-422d-8dc3-ed9927c74275
[HTTP] {}
[XCUITest] Merging WDA caps over Appium caps for session detail response
[HTTP] <-- GET /wd/hub/session/eea3660c-762c-422d-8dc3-ed9927c74275 200 2 ms - 627
[HTTP] 
[HTTP] --> GET /wd/hub/session/eea3660c-762c-422d-8dc3-ed9927c74275
[HTTP] {}
[XCUITest] Merging WDA caps over Appium caps for session detail response
[HTTP] <-- GET /wd/hub/session/eea3660c-762c-422d-8dc3-ed9927c74275 200 2 ms - 627
[HTTP] 
[HTTP] --> GET /wd/hub/session/eea3660c-762c-422d-8dc3-ed9927c74275
[HTTP] {}
[XCUITest] Merging WDA caps over Appium caps for session detail response
[HTTP] <-- GET /wd/hub/session/eea3660c-762c-422d-8dc3-ed9927c74275 200 2 ms - 627
[HTTP] 
[HTTP] --> POST /wd/hub/session/eea3660c-762c-422d-8dc3-ed9927c74275/element/5003/clear
[HTTP] {"id":"5003"}
[HTTP] <-- POST /wd/hub/session/eea3660c-762c-422d-8dc3-ed9927c74275/element/5003/clear 200 360 ms - 76
[HTTP] 
[HTTP] --> POST /wd/hub/session/eea3660c-762c-422d-8dc3-ed9927c74275/elements
[HTTP] {"using":"xpath","value":"//input[@id = 'dob-0' and @type = 'tel' and @placeholder = 'mm/dd/yyyy']"}
[HTTP] <-- POST /wd/hub/session/eea3660c-762c-422d-8dc3-ed9927c74275/elements 200 363 ms - 92
[HTTP] 
[HTTP] --> GET /wd/hub/session/eea3660c-762c-422d-8dc3-ed9927c74275
[HTTP] {}
[XCUITest] Merging WDA caps over Appium caps for session detail response
[HTTP] <-- GET /wd/hub/session/eea3660c-762c-422d-8dc3-ed9927c74275 200 3 ms - 627
[HTTP] 
[HTTP] --> GET /wd/hub/session/eea3660c-762c-422d-8dc3-ed9927c74275
[HTTP] {}
[XCUITest] Merging WDA caps over Appium caps for session detail response
[HTTP] <-- GET /wd/hub/session/eea3660c-762c-422d-8dc3-ed9927c74275 200 8 ms - 627
[HTTP] 
[HTTP] --> GET /wd/hub/session/eea3660c-762c-422d-8dc3-ed9927c74275
[HTTP] {}
[XCUITest] Merging WDA caps over Appium caps for session detail response
[HTTP] <-- GET /wd/hub/session/eea3660c-762c-422d-8dc3-ed9927c74275 200 2 ms - 627
[HTTP] 
[HTTP] --> GET /wd/hub/session/eea3660c-762c-422d-8dc3-ed9927c74275
[HTTP] {}
[XCUITest] Merging WDA caps over Appium caps for session detail response
[HTTP] <-- GET /wd/hub/session/eea3660c-762c-422d-8dc3-ed9927c74275 200 2 ms - 627
[HTTP] 
[HTTP] --> POST /wd/hub/session/eea3660c-762c-422d-8dc3-ed9927c74275/element/5004/value
[HTTP] {"id":"5004","value":["03/03/1987"]}
[HTTP] <-- POST /wd/hub/session/eea3660c-762c-422d-8dc3-ed9927c74275/element/5004/value 200 593 ms - 76
[HTTP] 
[HTTP] --> POST /wd/hub/session/eea3660c-762c-422d-8dc3-ed9927c74275/elements
[HTTP] {"using":"xpath","value":"//label[(text() = 'Male' or . = 'Male')]"}
[HTTP] <-- POST /wd/hub/session/eea3660c-762c-422d-8dc3-ed9927c74275/elements 200 287 ms - 92
[HTTP] 
[HTTP] --> GET /wd/hub/session/eea3660c-762c-422d-8dc3-ed9927c74275
[HTTP] {}
[XCUITest] Merging WDA caps over Appium caps for session detail response
[HTTP] <-- GET /wd/hub/session/eea3660c-762c-422d-8dc3-ed9927c74275 200 2 ms - 627
[HTTP] 
[HTTP] --> GET /wd/hub/session/eea3660c-762c-422d-8dc3-ed9927c74275
[HTTP] {}
[XCUITest] Merging WDA caps over Appium caps for session detail response
[HTTP] <-- GET /wd/hub/session/eea3660c-762c-422d-8dc3-ed9927c74275 200 2 ms - 627
[HTTP] 
[HTTP] --> GET /wd/hub/session/eea3660c-762c-422d-8dc3-ed9927c74275
[HTTP] {}
[XCUITest] Merging WDA caps over Appium caps for session detail response
[HTTP] <-- GET /wd/hub/session/eea3660c-762c-422d-8dc3-ed9927c74275 200 2 ms - 627
[HTTP] 
[HTTP] --> GET /wd/hub/session/eea3660c-762c-422d-8dc3-ed9927c74275
[HTTP] {}
[XCUITest] Merging WDA caps over Appium caps for session detail response
[HTTP] <-- GET /wd/hub/session/eea3660c-762c-422d-8dc3-ed9927c74275 200 2 ms - 627
[HTTP] 
[HTTP] --> POST /wd/hub/session/eea3660c-762c-422d-8dc3-ed9927c74275/element/5005/click
[HTTP] {"id":"5005"}
[HTTP] <-- POST /wd/hub/session/eea3660c-762c-422d-8dc3-ed9927c74275/element/5005/click 200 595 ms - 76
[HTTP] 
[HTTP] --> GET /wd/hub/session/eea3660c-762c-422d-8dc3-ed9927c74275/screenshot
[HTTP] {}
[HTTP] <-- GET /wd/hub/session/eea3660c-762c-422d-8dc3-ed9927c74275/screenshot 200 116 ms - 467746
[HTTP] 
[HTTP] --> POST /wd/hub/session/eea3660c-762c-422d-8dc3-ed9927c74275/elements
[HTTP] {"using":"xpath","value":"//label[@id = 'js-see-plans' and @href = '#' and (text() = 'Compare Plans ' or . = 'Compare Plans ')]"}
[HTTP] <-- POST /wd/hub/session/eea3660c-762c-422d-8dc3-ed9927c74275/elements 200 793 ms - 92
[HTTP] 
[HTTP] --> GET /wd/hub/session/eea3660c-762c-422d-8dc3-ed9927c74275
[HTTP] {}
[XCUITest] Merging WDA caps over Appium caps for session detail response
[HTTP] <-- GET /wd/hub/session/eea3660c-762c-422d-8dc3-ed9927c74275 200 2 ms - 627
[HTTP] 
[HTTP] --> GET /wd/hub/session/eea3660c-762c-422d-8dc3-ed9927c74275
[HTTP] {}
[XCUITest] Merging WDA caps over Appium caps for session detail response
[HTTP] <-- GET /wd/hub/session/eea3660c-762c-422d-8dc3-ed9927c74275 200 2 ms - 627
[HTTP] 
[HTTP] --> GET /wd/hub/session/eea3660c-762c-422d-8dc3-ed9927c74275
[HTTP] {}
[XCUITest] Merging WDA caps over Appium caps for session detail response
[HTTP] <-- GET /wd/hub/session/eea3660c-762c-422d-8dc3-ed9927c74275 200 2 ms - 627
[HTTP] 
[HTTP] --> GET /wd/hub/session/eea3660c-762c-422d-8dc3-ed9927c74275
[HTTP] {}
[XCUITest] Merging WDA caps over Appium caps for session detail response
[HTTP] <-- GET /wd/hub/session/eea3660c-762c-422d-8dc3-ed9927c74275 200 2 ms - 627
[HTTP] 
[HTTP] --> POST /wd/hub/session/eea3660c-762c-422d-8dc3-ed9927c74275/element/5006/click
[HTTP] {"id":"5006"}
[HTTP] <-- POST /wd/hub/session/eea3660c-762c-422d-8dc3-ed9927c74275/element/5006/click 200 382 ms - 76
[HTTP] 
[HTTP] --> POST /wd/hub/session/eea3660c-762c-422d-8dc3-ed9927c74275/elements
[HTTP] {"using":"xpath","value":"//button[@type = 'button' and (text() = 'filters ' or . = 'filters ')]"}
[HTTP] <-- POST /wd/hub/session/eea3660c-762c-422d-8dc3-ed9927c74275/elements 200 875 ms - 92
[HTTP] 
[HTTP] --> GET /wd/hub/session/eea3660c-762c-422d-8dc3-ed9927c74275
[HTTP] {}
[XCUITest] Merging WDA caps over Appium caps for session detail response
[HTTP] <-- GET /wd/hub/session/eea3660c-762c-422d-8dc3-ed9927c74275 200 2 ms - 627
[HTTP] 
[HTTP] --> GET /wd/hub/session/eea3660c-762c-422d-8dc3-ed9927c74275
[HTTP] {}
[XCUITest] Merging WDA caps over Appium caps for session detail response
[HTTP] <-- GET /wd/hub/session/eea3660c-762c-422d-8dc3-ed9927c74275 200 2 ms - 627
[HTTP] 
[HTTP] --> GET /wd/hub/session/eea3660c-762c-422d-8dc3-ed9927c74275
[HTTP] {}
[XCUITest] Merging WDA caps over Appium caps for session detail response
[HTTP] <-- GET /wd/hub/session/eea3660c-762c-422d-8dc3-ed9927c74275 200 2 ms - 627
[HTTP] 
[HTTP] --> GET /wd/hub/session/eea3660c-762c-422d-8dc3-ed9927c74275
[HTTP] {}
[XCUITest] Merging WDA caps over Appium caps for session detail response
[HTTP] <-- GET /wd/hub/session/eea3660c-762c-422d-8dc3-ed9927c74275 200 2 ms - 627
[HTTP] 
[HTTP] --> POST /wd/hub/session/eea3660c-762c-422d-8dc3-ed9927c74275/element/5007/click
[HTTP] {"id":"5007"}
[HTTP] <-- POST /wd/hub/session/eea3660c-762c-422d-8dc3-ed9927c74275/element/5007/click 200 783 ms - 76
[HTTP] 
[HTTP] --> POST /wd/hub/session/eea3660c-762c-422d-8dc3-ed9927c74275/elements
[HTTP] {"using":"xpath","value":"//div[@id='js-modal-carrier']/div/a/span[2]/i[count(. | //i[@class = 'fa fa-chevron-down']) = count(//i[@class = 'fa fa-chevron-down'])]"}
[HTTP] <-- POST /wd/hub/session/eea3660c-762c-422d-8dc3-ed9927c74275/elements 200 495 ms - 92
[HTTP] 
[HTTP] --> GET /wd/hub/session/eea3660c-762c-422d-8dc3-ed9927c74275
[HTTP] {}
[XCUITest] Merging WDA caps over Appium caps for session detail response
[HTTP] <-- GET /wd/hub/session/eea3660c-762c-422d-8dc3-ed9927c74275 200 2 ms - 627
[HTTP] 
[HTTP] --> GET /wd/hub/session/eea3660c-762c-422d-8dc3-ed9927c74275
[HTTP] {}
[XCUITest] Merging WDA caps over Appium caps for session detail response
[HTTP] <-- GET /wd/hub/session/eea3660c-762c-422d-8dc3-ed9927c74275 200 1 ms - 627
[HTTP] 
[HTTP] --> GET /wd/hub/session/eea3660c-762c-422d-8dc3-ed9927c74275
[HTTP] {}
[XCUITest] Merging WDA caps over Appium caps for session detail response
[HTTP] <-- GET /wd/hub/session/eea3660c-762c-422d-8dc3-ed9927c74275 200 2 ms - 627
[HTTP] 
[HTTP] --> GET /wd/hub/session/eea3660c-762c-422d-8dc3-ed9927c74275
[HTTP] {}
[XCUITest] Merging WDA caps over Appium caps for session detail response
[HTTP] <-- GET /wd/hub/session/eea3660c-762c-422d-8dc3-ed9927c74275 200 2 ms - 627
[HTTP] 
[HTTP] --> POST /wd/hub/session/eea3660c-762c-422d-8dc3-ed9927c74275/element/5008/click
[HTTP] {"id":"5008"}
[HTTP] <-- POST /wd/hub/session/eea3660c-762c-422d-8dc3-ed9927c74275/element/5008/click 500 1058 ms - 146
[HTTP] 
[HTTP] --> GET /wd/hub/session/eea3660c-762c-422d-8dc3-ed9927c74275/screenshot
[HTTP] {}
[HTTP] <-- GET /wd/hub/session/eea3660c-762c-422d-8dc3-ed9927c74275/screenshot 200 107 ms - 545302
[HTTP] 
[HTTP] --> DELETE /wd/hub/session/eea3660c-762c-422d-8dc3-ed9927c74275
[HTTP] {}
[Appium] Removing session eea3660c-762c-422d-8dc3-ed9927c74275 from our master session list
[HTTP] <-- DELETE /wd/hub/session/eea3660c-762c-422d-8dc3-ed9927c74275 200 1029 ms - 76
[HTTP] 
