<?xml version="1.0" encoding="UTF-8" standalone="no"?>
<!DOCTYPE log SYSTEM "logger.dtd">
<log>
<record>
  <date>2019-09-09T17:41:54</date>
  <millis>1568022114341</millis>
  <sequence>0</sequence>
  <level>START</level>
  <class>com.kms.katalon.core.logging.XmlKeywordLogger</class>
  <method>startSuite</method>
  <thread>1</thread>
  <message>Start Test Suite : Test Suites/HBmobile/IFPFlow</message>
  <nestedLevel>0</nestedLevel>
  <property name="name">IFPFlow</property>
  <property name="description"></property>
  <property name="id">Test Suites/HBmobile/IFPFlow</property>
</record>
<record>
  <date>2019-09-09T17:41:54</date>
  <millis>1568022114380</millis>
  <sequence>1</sequence>
  <level>RUN_DATA</level>
  <class>com.kms.katalon.core.logging.XmlKeywordLogger</class>
  <method>logMessage</method>
  <thread>1</thread>
  <message>hostName = jabir.gong - windows10.microdone.cn</message>
  <nestedLevel>0</nestedLevel>
  <property name="hostName">jabir.gong - windows10.microdone.cn</property>
</record>
<record>
  <date>2019-09-09T17:41:54</date>
  <millis>1568022114381</millis>
  <sequence>2</sequence>
  <level>RUN_DATA</level>
  <class>com.kms.katalon.core.logging.XmlKeywordLogger</class>
  <method>logMessage</method>
  <thread>1</thread>
  <message>os = Windows 7 64bit</message>
  <nestedLevel>0</nestedLevel>
  <property name="os">Windows 7 64bit</property>
</record>
<record>
  <date>2019-09-09T17:41:54</date>
  <millis>1568022114407</millis>
  <sequence>3</sequence>
  <level>RUN_DATA</level>
  <class>com.kms.katalon.core.logging.XmlKeywordLogger</class>
  <method>logMessage</method>
  <thread>1</thread>
  <message>hostAddress = 172.16.86.15</message>
  <nestedLevel>0</nestedLevel>
  <property name="hostAddress">172.16.86.15</property>
</record>
<record>
  <date>2019-09-09T17:41:54</date>
  <millis>1568022114412</millis>
  <sequence>4</sequence>
  <level>RUN_DATA</level>
  <class>com.kms.katalon.core.logging.XmlKeywordLogger</class>
  <method>logMessage</method>
  <thread>1</thread>
  <message>katalonVersion = 6.3.3.11</message>
  <nestedLevel>0</nestedLevel>
  <property name="katalonVersion">6.3.3.11</property>
</record>
<record>
  <date>2019-09-09T17:41:54</date>
  <millis>1568022114883</millis>
  <sequence>5</sequence>
  <level>START</level>
  <class>com.kms.katalon.core.logging.XmlKeywordLogger</class>
  <method>startTest</method>
  <thread>1</thread>
  <message>Start Test Case : Test Cases/HP/IFP/IFPFlow</message>
  <nestedLevel>1</nestedLevel>
  <property name="name">Test Cases/HP/IFP/IFPFlow</property>
  <property name="description"></property>
  <property name="id">Test Cases/HP/IFP/IFPFlow</property>
  <property name="source">D:\\katana\\AgileTest\\Test Cases\\HP\\IFP\\IFPFlow.tc</property>
  <property name="tag"></property>
  <property name="isOptional">false</property>
</record>
<record>
  <date>2019-09-09T17:41:56</date>
  <millis>1568022116154</millis>
  <sequence>7</sequence>
  <level>START</level>
  <class>com.kms.katalon.core.logging.XmlKeywordLogger</class>
  <method>startKeyword</method>
  <thread>1</thread>
  <message>Start action : now = new java.util.Date()</message>
  <nestedLevel>1</nestedLevel>
  <property name="startLine">30</property>
  <property name="stepIndex">1</property>
</record>
<record>
  <date>2019-09-09T17:41:56</date>
  <millis>1568022116167</millis>
  <sequence>8</sequence>
  <level>END</level>
  <class>com.kms.katalon.core.logging.XmlKeywordLogger</class>
  <method>endKeyword</method>
  <thread>1</thread>
  <message>End action : now = new java.util.Date()</message>
  <nestedLevel>1</nestedLevel>
</record>
<record>
  <date>2019-09-09T17:41:56</date>
  <millis>1568022116168</millis>
  <sequence>9</sequence>
  <level>START</level>
  <class>com.kms.katalon.core.logging.XmlKeywordLogger</class>
  <method>startKeyword</method>
  <thread>1</thread>
  <message>Start action : mydate = now.format(\&amp;quot;yyyyMMdd_HHmmss\&amp;quot;)</message>
  <nestedLevel>1</nestedLevel>
  <property name="startLine">31</property>
  <property name="stepIndex">2</property>
</record>
<record>
  <date>2019-09-09T17:41:56</date>
  <millis>1568022116174</millis>
  <sequence>10</sequence>
  <level>END</level>
  <class>com.kms.katalon.core.logging.XmlKeywordLogger</class>
  <method>endKeyword</method>
  <thread>1</thread>
  <message>End action : mydate = now.format(\&amp;quot;yyyyMMdd_HHmmss\&amp;quot;)</message>
  <nestedLevel>1</nestedLevel>
</record>
<record>
  <date>2019-09-09T17:41:56</date>
  <millis>1568022116175</millis>
  <sequence>11</sequence>
  <level>START</level>
  <class>com.kms.katalon.core.logging.XmlKeywordLogger</class>
  <method>startKeyword</method>
  <thread>1</thread>
  <message>Start action : screenPath = HPPath + \&amp;quot;IFP/\&amp;quot; + mydate + \&amp;quot;/\&amp;quot;</message>
  <nestedLevel>1</nestedLevel>
  <property name="startLine">33</property>
  <property name="stepIndex">3</property>
</record>
<record>
  <date>2019-09-09T17:41:56</date>
  <millis>1568022116962</millis>
  <sequence>12</sequence>
  <level>END</level>
  <class>com.kms.katalon.core.logging.XmlKeywordLogger</class>
  <method>endKeyword</method>
  <thread>1</thread>
  <message>End action : screenPath = HPPath + \&amp;quot;IFP/\&amp;quot; + mydate + \&amp;quot;/\&amp;quot;</message>
  <nestedLevel>1</nestedLevel>
</record>
<record>
  <date>2019-09-09T17:41:56</date>
  <millis>1568022116979</millis>
  <sequence>13</sequence>
  <level>START</level>
  <class>com.kms.katalon.core.logging.XmlKeywordLogger</class>
  <method>startKeyword</method>
  <thread>1</thread>
  <message>Start action : i = 0</message>
  <nestedLevel>1</nestedLevel>
  <property name="startLine">34</property>
  <property name="stepIndex">4</property>
</record>
<record>
  <date>2019-09-09T17:41:56</date>
  <millis>1568022116981</millis>
  <sequence>14</sequence>
  <level>END</level>
  <class>com.kms.katalon.core.logging.XmlKeywordLogger</class>
  <method>endKeyword</method>
  <thread>1</thread>
  <message>End action : i = 0</message>
  <nestedLevel>1</nestedLevel>
</record>
<record>
  <date>2019-09-09T17:41:56</date>
  <millis>1568022116982</millis>
  <sequence>15</sequence>
  <level>START</level>
  <class>com.kms.katalon.core.logging.XmlKeywordLogger</class>
  <method>startKeyword</method>
  <thread>1</thread>
  <message>Start action : second = &amp;lt;not implemented yet for class: org.codehaus.groovy.ast.expr.EmptyExpression&amp;gt;</message>
  <nestedLevel>1</nestedLevel>
  <property name="startLine">36</property>
  <property name="stepIndex">5</property>
</record>
<record>
  <date>2019-09-09T17:41:56</date>
  <millis>1568022116983</millis>
  <sequence>16</sequence>
  <level>END</level>
  <class>com.kms.katalon.core.logging.XmlKeywordLogger</class>
  <method>endKeyword</method>
  <thread>1</thread>
  <message>End action : second = &amp;lt;not implemented yet for class: org.codehaus.groovy.ast.expr.EmptyExpression&amp;gt;</message>
  <nestedLevel>1</nestedLevel>
</record>
<record>
  <date>2019-09-09T17:41:56</date>
  <millis>1568022116984</millis>
  <sequence>17</sequence>
  <level>START</level>
  <class>com.kms.katalon.core.logging.XmlKeywordLogger</class>
  <method>startKeyword</method>
  <thread>1</thread>
  <message>Start action : openBrowser(\&amp;quot;https://www.healthpocket.com/individual-health-insurance\&amp;quot;)</message>
  <nestedLevel>1</nestedLevel>
  <property name="startLine">38</property>
  <property name="stepIndex">6</property>
</record>
<record>
  <date>2019-09-09T17:41:57</date>
  <millis>1568022117432</millis>
  <sequence>19</sequence>
  <level>INFO</level>
  <class>com.kms.katalon.core.logging.XmlKeywordLogger</class>
  <method>logMessage</method>
  <thread>1</thread>
  <message>Starting &amp;apos;Chrome&amp;apos; driver</message>
  <nestedLevel>1</nestedLevel>
</record>
<record>
  <date>2019-09-09T17:41:57</date>
  <millis>1568022117471</millis>
  <sequence>21</sequence>
  <level>INFO</level>
  <class>com.kms.katalon.core.logging.XmlKeywordLogger</class>
  <method>logMessage</method>
  <thread>1</thread>
  <message>User set preference: [&amp;apos;args&amp;apos;, &amp;apos;[--start-maximized, --incognito, --disable-infobars]&amp;apos;]</message>
  <nestedLevel>1</nestedLevel>
</record>
<record>
  <date>2019-09-09T17:41:57</date>
  <millis>1568022117519</millis>
  <sequence>22</sequence>
  <level>INFO</level>
  <class>com.kms.katalon.core.logging.XmlKeywordLogger</class>
  <method>logMessage</method>
  <thread>1</thread>
  <message>Action delay is set to 2 seconds</message>
  <nestedLevel>1</nestedLevel>
</record>
<record>
  <date>2019-09-09T17:42:02</date>
  <millis>1568022122086</millis>
  <sequence>26</sequence>
  <level>FAILED</level>
  <class>com.kms.katalon.core.logging.XmlKeywordLogger</class>
  <method>logMessage</method>
  <thread>1</thread>
  <message>Unable to open browser with url: &amp;apos;https://www.healthpocket.com/individual-health-insurance&amp;apos; (Root cause: com.kms.katalon.core.exception.StepFailedException: Unable to open browser with url: &amp;apos;https://www.healthpocket.com/individual-health-insurance&amp;apos;\r\n\tat com.kms.katalon.core.webui.keyword.internal.WebUIKeywordMain.stepFailed(WebUIKeywordMain.groovy:64)\r\n\tat com.kms.katalon.core.webui.keyword.internal.WebUIKeywordMain.runKeyword(WebUIKeywordMain.groovy:26)\r\n\tat com.kms.katalon.core.webui.keyword.builtin.OpenBrowserKeyword.openBrowser(OpenBrowserKeyword.groovy:81)\r\n\tat com.kms.katalon.core.webui.keyword.builtin.OpenBrowserKeyword.execute(OpenBrowserKeyword.groovy:67)\r\n\tat com.kms.katalon.core.keyword.internal.KeywordExecutor.executeKeywordForPlatform(KeywordExecutor.groovy:56)\r\n\tat com.kms.katalon.core.webui.keyword.WebUiBuiltInKeywords.openBrowser(WebUiBuiltInKeywords.groovy:60)\r\n\tat com.kms.katalon.core.webui.keyword.WebUiBuiltInKeywords$openBrowser.call(Unknown Source)\r\n\tat IFPFlow.run(IFPFlow:38)\r\n\tat com.kms.katalon.core.main.ScriptEngine.run(ScriptEngine.java:194)\r\n\tat com.kms.katalon.core.main.ScriptEngine.runScriptAsRawText(ScriptEngine.java:119)\r\n\tat com.kms.katalon.core.main.TestCaseExecutor.runScript(TestCaseExecutor.java:337)\r\n\tat com.kms.katalon.core.main.TestCaseExecutor.doExecute(TestCaseExecutor.java:328)\r\n\tat com.kms.katalon.core.main.TestCaseExecutor.processExecutionPhase(TestCaseExecutor.java:307)\r\n\tat com.kms.katalon.core.main.TestCaseExecutor.accessMainPhase(TestCaseExecutor.java:299)\r\n\tat com.kms.katalon.core.main.TestCaseExecutor.execute(TestCaseExecutor.java:233)\r\n\tat com.kms.katalon.core.main.TestSuiteExecutor.accessTestCaseMainPhase(TestSuiteExecutor.java:169)\r\n\tat com.kms.katalon.core.main.TestSuiteExecutor.accessTestSuiteMainPhase(TestSuiteExecutor.java:142)\r\n\tat com.kms.katalon.core.main.TestSuiteExecutor.execute(TestSuiteExecutor.java:91)\r\n\tat com.kms.katalon.core.main.TestCaseMain.startTestSuite(TestCaseMain.java:157)\r\n\tat com.kms.katalon.core.main.TestCaseMain$startTestSuite$0.call(Unknown Source)\r\n\tat TempTestSuite1568022111519.run(TempTestSuite1568022111519.groovy:35)\r\nCaused by: org.openqa.selenium.SessionNotCreatedException: session not created: This version of ChromeDriver only supports Chrome version 76\nBuild info: version: &amp;apos;3.141.59&amp;apos;, revision: &amp;apos;e82be7d358&amp;apos;, time: &amp;apos;2018-11-14T08:25:53&amp;apos;\nSystem info: host: &amp;apos;JABIRGONG0004&amp;apos;, ip: &amp;apos;172.16.86.15&amp;apos;, os.name: &amp;apos;Windows 7&amp;apos;, os.arch: &amp;apos;amd64&amp;apos;, os.version: &amp;apos;6.1&amp;apos;, java.version: &amp;apos;1.8.0_181&amp;apos;\nDriver info: driver.version: CChromeDriver\nremote stacktrace: Backtrace:\n\tOrdinal0 [0x00BB7C93+1473683]\n\tOrdinal0 [0x00B3ADB1+961969]\n\tOrdinal0 [0x00AC42E3+475875]\n\tOrdinal0 [0x00A5F365+62309]\n\tOrdinal0 [0x00A5BC77+48247]\n\tOrdinal0 [0x00A79149+168265]\n\tOrdinal0 [0x00A78D1D+167197]\n\tOrdinal0 [0x00A7742B+160811]\n\tOrdinal0 [0x00A60AE6+68326]\n\tOrdinal0 [0x00A61BF0+72688]\n\tOrdinal0 [0x00A61B89+72585]\n\tOrdinal0 [0x00B54B77+1067895]\n\tGetHandleVerifier [0x00C56875+506677]\n\tGetHandleVerifier [0x00C56610+506064]\n\tGetHandleVerifier [0x00C5D1B8+533624]\n\tGetHandleVerifier [0x00C5704A+508682]\n\tOrdinal0 [0x00B4C266+1032806]\n\tOrdinal0 [0x00B4C0DF+1032415]\n\tOrdinal0 [0x00B56A8B+1075851]\n\tOrdinal0 [0x00B56BF3+1076211]\n\tOrdinal0 [0x00B55BA5+1072037]\n\tBaseThreadInitThunk [0x772A336A+18]\n\tRtlInitializeExceptionChain [0x77809902+99]\n\tRtlInitializeExceptionChain [0x778098D5+54]\n\r\n\tat org.openqa.selenium.remote.W3CHandshakeResponse.lambda$errorHandler$0(W3CHandshakeResponse.java:62)\r\n\tat org.openqa.selenium.remote.HandshakeResponse.lambda$getResponseFunction$0(HandshakeResponse.java:30)\r\n\tat org.openqa.selenium.remote.ProtocolHandshake.lambda$createSession$0(ProtocolHandshake.java:126)\r\n\tat org.openqa.selenium.remote.ProtocolHandshake.createSession(ProtocolHandshake.java:128)\r\n\tat org.openqa.selenium.remote.ProtocolHandshake.createSession(ProtocolHandshake.java:74)\r\n\tat org.openqa.selenium.remote.HttpCommandExecutor.execute(HttpCommandExecutor.java:136)\r\n\tat org.openqa.selenium.remote.service.DriverCommandExecutor.execute(DriverCommandExecutor.java:83)\r\n\tat org.openqa.selenium.remote.RemoteWebDriver.execute(RemoteWebDriver.java:552)\r\n\tat com.kms.katalon.selenium.driver.CChromeDriver.execute(CChromeDriver.java:20)\r\n\tat org.openqa.selenium.remote.RemoteWebDriver.startSession(RemoteWebDriver.java:213)\r\n\tat org.openqa.selenium.remote.RemoteWebDriver.&amp;lt;init&amp;gt;(RemoteWebDriver.java:131)\r\n\tat org.openqa.selenium.chrome.ChromeDriver.&amp;lt;init&amp;gt;(ChromeDriver.java:181)\r\n\tat org.openqa.selenium.chrome.ChromeDriver.&amp;lt;init&amp;gt;(ChromeDriver.java:147)\r\n\tat com.kms.katalon.selenium.driver.CChromeDriver.&amp;lt;init&amp;gt;(CChromeDriver.java:13)\r\n\tat com.kms.katalon.core.webui.driver.DriverFactory.createNewChromeDriver(DriverFactory.java:323)\r\n\tat com.kms.katalon.core.webui.driver.DriverFactory.startNewBrowser(DriverFactory.java:285)\r\n\tat com.kms.katalon.core.webui.driver.DriverFactory.openWebDriver(DriverFactory.java:199)\r\n\tat com.kms.katalon.core.webui.keyword.builtin.OpenBrowserKeyword$_openBrowser_closure1.doCall(OpenBrowserKeyword.groovy:74)\r\n\tat com.kms.katalon.core.webui.keyword.builtin.OpenBrowserKeyword$_openBrowser_closure1.call(OpenBrowserKeyword.groovy)\r\n\tat com.kms.katalon.core.webui.keyword.internal.WebUIKeywordMain.runKeyword(WebUIKeywordMain.groovy:20)\r\n\tat com.kms.katalon.core.webui.keyword.builtin.OpenBrowserKeyword.openBrowser(OpenBrowserKeyword.groovy:81)\r\n\tat com.kms.katalon.core.webui.keyword.builtin.OpenBrowserKeyword.execute(OpenBrowserKeyword.groovy:67)\r\n\tat com.kms.katalon.core.keyword.internal.KeywordExecutor.executeKeywordForPlatform(KeywordExecutor.groovy:56)\r\n\tat com.kms.katalon.core.webui.keyword.WebUiBuiltInKeywords.openBrowser(WebUiBuiltInKeywords.groovy:60)\r\n\tat com.kms.katalon.core.webui.keyword.WebUiBuiltInKeywords$openBrowser.call(Unknown Source)\r\n\tat Script1567675470837.run(Script1567675470837.groovy:38)\r\n\t... 13 more\r\n)</message>
  <nestedLevel>1</nestedLevel>
  <property name="failed.exception.class">org.openqa.selenium.SessionNotCreatedException</property>
  <property name="failed.exception.stacktrace">org.openqa.selenium.SessionNotCreatedException: session not created: This version of ChromeDriver only supports Chrome version 76\nBuild info: version: &apos;3.141.59&apos;, revision: &apos;e82be7d358&apos;, time: &apos;2018-11-14T08:25:53&apos;\nSystem info: host: &apos;JABIRGONG0004&apos;, ip: &apos;172.16.86.15&apos;, os.name: &apos;Windows 7&apos;, os.arch: &apos;amd64&apos;, os.version: &apos;6.1&apos;, java.version: &apos;1.8.0_181&apos;\nDriver info: driver.version: CChromeDriver\nremote stacktrace: Backtrace:\n\tOrdinal0 [0x00BB7C93+1473683]\n\tOrdinal0 [0x00B3ADB1+961969]\n\tOrdinal0 [0x00AC42E3+475875]\n\tOrdinal0 [0x00A5F365+62309]\n\tOrdinal0 [0x00A5BC77+48247]\n\tOrdinal0 [0x00A79149+168265]\n\tOrdinal0 [0x00A78D1D+167197]\n\tOrdinal0 [0x00A7742B+160811]\n\tOrdinal0 [0x00A60AE6+68326]\n\tOrdinal0 [0x00A61BF0+72688]\n\tOrdinal0 [0x00A61B89+72585]\n\tOrdinal0 [0x00B54B77+1067895]\n\tGetHandleVerifier [0x00C56875+506677]\n\tGetHandleVerifier [0x00C56610+506064]\n\tGetHandleVerifier [0x00C5D1B8+533624]\n\tGetHandleVerifier [0x00C5704A+508682]\n\tOrdinal0 [0x00B4C266+1032806]\n\tOrdinal0 [0x00B4C0DF+1032415]\n\tOrdinal0 [0x00B56A8B+1075851]\n\tOrdinal0 [0x00B56BF3+1076211]\n\tOrdinal0 [0x00B55BA5+1072037]\n\tBaseThreadInitThunk [0x772A336A+18]\n\tRtlInitializeExceptionChain [0x77809902+99]\n\tRtlInitializeExceptionChain [0x778098D5+54]\n\r\n\tat org.openqa.selenium.remote.W3CHandshakeResponse.lambda$errorHandler$0(W3CHandshakeResponse.java:62)\r\n\tat org.openqa.selenium.remote.HandshakeResponse.lambda$getResponseFunction$0(HandshakeResponse.java:30)\r\n\tat org.openqa.selenium.remote.ProtocolHandshake.lambda$createSession$0(ProtocolHandshake.java:126)\r\n\tat org.openqa.selenium.remote.ProtocolHandshake.createSession(ProtocolHandshake.java:128)\r\n\tat org.openqa.selenium.remote.ProtocolHandshake.createSession(ProtocolHandshake.java:74)\r\n\tat org.openqa.selenium.remote.HttpCommandExecutor.execute(HttpCommandExecutor.java:136)\r\n\tat org.openqa.selenium.remote.service.DriverCommandExecutor.execute(DriverCommandExecutor.java:83)\r\n\tat org.openqa.selenium.remote.RemoteWebDriver.execute(RemoteWebDriver.java:552)\r\n\tat com.kms.katalon.selenium.driver.CChromeDriver.execute(CChromeDriver.java:20)\r\n\tat org.openqa.selenium.remote.RemoteWebDriver.startSession(RemoteWebDriver.java:213)\r\n\tat org.openqa.selenium.remote.RemoteWebDriver.&lt;init&gt;(RemoteWebDriver.java:131)\r\n\tat org.openqa.selenium.chrome.ChromeDriver.&lt;init&gt;(ChromeDriver.java:181)\r\n\tat org.openqa.selenium.chrome.ChromeDriver.&lt;init&gt;(ChromeDriver.java:147)\r\n\tat com.kms.katalon.selenium.driver.CChromeDriver.&lt;init&gt;(CChromeDriver.java:13)\r\n\tat com.kms.katalon.core.webui.driver.DriverFactory.createNewChromeDriver(DriverFactory.java:323)\r\n\tat com.kms.katalon.core.webui.driver.DriverFactory.startNewBrowser(DriverFactory.java:285)\r\n\tat com.kms.katalon.core.webui.driver.DriverFactory.openWebDriver(DriverFactory.java:199)\r\n\tat com.kms.katalon.core.webui.keyword.builtin.OpenBrowserKeyword$_openBrowser_closure1.doCall(OpenBrowserKeyword.groovy:74)\r\n\tat com.kms.katalon.core.webui.keyword.builtin.OpenBrowserKeyword$_openBrowser_closure1.call(OpenBrowserKeyword.groovy)\r\n\tat com.kms.katalon.core.webui.keyword.internal.WebUIKeywordMain.runKeyword(WebUIKeywordMain.groovy:20)\r\n\tat com.kms.katalon.core.webui.keyword.builtin.OpenBrowserKeyword.openBrowser(OpenBrowserKeyword.groovy:81)\r\n\tat com.kms.katalon.core.webui.keyword.builtin.OpenBrowserKeyword.execute(OpenBrowserKeyword.groovy:67)\r\n\tat com.kms.katalon.core.keyword.internal.KeywordExecutor.executeKeywordForPlatform(KeywordExecutor.groovy:56)\r\n\tat com.kms.katalon.core.webui.keyword.WebUiBuiltInKeywords.openBrowser(WebUiBuiltInKeywords.groovy:60)\r\n\tat com.kms.katalon.core.webui.keyword.WebUiBuiltInKeywords$openBrowser.call(Unknown Source)\r\n\tat IFPFlow.run(IFPFlow:38)\r\n\tat com.kms.katalon.core.main.ScriptEngine.run(ScriptEngine.java:194)\r\n\tat com.kms.katalon.core.main.ScriptEngine.runScriptAsRawText(ScriptEngine.java:119)\r\n\tat com.kms.katalon.core.main.TestCaseExecutor.runScript(TestCaseExecutor.java:337)\r\n\tat com.kms.katalon.core.main.TestCaseExecutor.doExecute(TestCaseExecutor.java:328)\r\n\tat com.kms.katalon.core.main.TestCaseExecutor.processExecutionPhase(TestCaseExecutor.java:307)\r\n\tat com.kms.katalon.core.main.TestCaseExecutor.accessMainPhase(TestCaseExecutor.java:299)\r\n\tat com.kms.katalon.core.main.TestCaseExecutor.execute(TestCaseExecutor.java:233)\r\n\tat com.kms.katalon.core.main.TestSuiteExecutor.accessTestCaseMainPhase(TestSuiteExecutor.java:169)\r\n\tat com.kms.katalon.core.main.TestSuiteExecutor.accessTestSuiteMainPhase(TestSuiteExecutor.java:142)\r\n\tat com.kms.katalon.core.main.TestSuiteExecutor.execute(TestSuiteExecutor.java:91)\r\n\tat com.kms.katalon.core.main.TestCaseMain.startTestSuite(TestCaseMain.java:157)\r\n\tat com.kms.katalon.core.main.TestCaseMain$startTestSuite$0.call(Unknown Source)\r\n\tat TempTestSuite1568022111519.run(TempTestSuite1568022111519.groovy:35)\r\n</property>
  <property name="failed.exception.message">session not created: This version of ChromeDriver only supports Chrome version 76\nBuild info: version: &apos;3.141.59&apos;, revision: &apos;e82be7d358&apos;, time: &apos;2018-11-14T08:25:53&apos;\nSystem info: host: &apos;JABIRGONG0004&apos;, ip: &apos;172.16.86.15&apos;, os.name: &apos;Windows 7&apos;, os.arch: &apos;amd64&apos;, os.version: &apos;6.1&apos;, java.version: &apos;1.8.0_181&apos;\nDriver info: driver.version: CChromeDriver\nremote stacktrace: Backtrace:\n\tOrdinal0 [0x00BB7C93+1473683]\n\tOrdinal0 [0x00B3ADB1+961969]\n\tOrdinal0 [0x00AC42E3+475875]\n\tOrdinal0 [0x00A5F365+62309]\n\tOrdinal0 [0x00A5BC77+48247]\n\tOrdinal0 [0x00A79149+168265]\n\tOrdinal0 [0x00A78D1D+167197]\n\tOrdinal0 [0x00A7742B+160811]\n\tOrdinal0 [0x00A60AE6+68326]\n\tOrdinal0 [0x00A61BF0+72688]\n\tOrdinal0 [0x00A61B89+72585]\n\tOrdinal0 [0x00B54B77+1067895]\n\tGetHandleVerifier [0x00C56875+506677]\n\tGetHandleVerifier [0x00C56610+506064]\n\tGetHandleVerifier [0x00C5D1B8+533624]\n\tGetHandleVerifier [0x00C5704A+508682]\n\tOrdinal0 [0x00B4C266+1032806]\n\tOrdinal0 [0x00B4C0DF+1032415]\n\tOrdinal0 [0x00B56A8B+1075851]\n\tOrdinal0 [0x00B56BF3+1076211]\n\tOrdinal0 [0x00B55BA5+1072037]\n\tBaseThreadInitThunk [0x772A336A+18]\n\tRtlInitializeExceptionChain [0x77809902+99]\n\tRtlInitializeExceptionChain [0x778098D5+54]\n</property>
</record>
<record>
  <date>2019-09-09T17:42:02</date>
  <millis>1568022122096</millis>
  <sequence>27</sequence>
  <level>END</level>
  <class>com.kms.katalon.core.logging.XmlKeywordLogger</class>
  <method>endKeyword</method>
  <thread>1</thread>
  <message>End action : openBrowser(\&amp;quot;https://www.healthpocket.com/individual-health-insurance\&amp;quot;)</message>
  <nestedLevel>1</nestedLevel>
</record>
<record>
  <date>2019-09-09T17:42:02</date>
  <millis>1568022122179</millis>
  <sequence>30</sequence>
  <level>FAILED</level>
  <class>com.kms.katalon.core.logging.XmlKeywordLogger</class>
  <method>logMessage</method>
  <thread>1</thread>
  <message>Test Cases/HP/IFP/IFPFlow FAILED.\nReason:\ncom.kms.katalon.core.exception.StepFailedException: Unable to open browser with url: &amp;apos;https://www.healthpocket.com/individual-health-insurance&amp;apos;\r\n\tat com.kms.katalon.core.webui.keyword.internal.WebUIKeywordMain.stepFailed(WebUIKeywordMain.groovy:64)\r\n\tat com.kms.katalon.core.webui.keyword.internal.WebUIKeywordMain.runKeyword(WebUIKeywordMain.groovy:26)\r\n\tat com.kms.katalon.core.webui.keyword.builtin.OpenBrowserKeyword.openBrowser(OpenBrowserKeyword.groovy:81)\r\n\tat com.kms.katalon.core.webui.keyword.builtin.OpenBrowserKeyword.execute(OpenBrowserKeyword.groovy:67)\r\n\tat com.kms.katalon.core.keyword.internal.KeywordExecutor.executeKeywordForPlatform(KeywordExecutor.groovy:56)\r\n\tat com.kms.katalon.core.webui.keyword.WebUiBuiltInKeywords.openBrowser(WebUiBuiltInKeywords.groovy:60)\r\n\tat com.kms.katalon.core.webui.keyword.WebUiBuiltInKeywords$openBrowser.call(Unknown Source)\r\n\tat IFPFlow.run(IFPFlow:38)\r\n\tat com.kms.katalon.core.main.ScriptEngine.run(ScriptEngine.java:194)\r\n\tat com.kms.katalon.core.main.ScriptEngine.runScriptAsRawText(ScriptEngine.java:119)\r\n\tat com.kms.katalon.core.main.TestCaseExecutor.runScript(TestCaseExecutor.java:337)\r\n\tat com.kms.katalon.core.main.TestCaseExecutor.doExecute(TestCaseExecutor.java:328)\r\n\tat com.kms.katalon.core.main.TestCaseExecutor.processExecutionPhase(TestCaseExecutor.java:307)\r\n\tat com.kms.katalon.core.main.TestCaseExecutor.accessMainPhase(TestCaseExecutor.java:299)\r\n\tat com.kms.katalon.core.main.TestCaseExecutor.execute(TestCaseExecutor.java:233)\r\n\tat com.kms.katalon.core.main.TestSuiteExecutor.accessTestCaseMainPhase(TestSuiteExecutor.java:169)\r\n\tat com.kms.katalon.core.main.TestSuiteExecutor.accessTestSuiteMainPhase(TestSuiteExecutor.java:142)\r\n\tat com.kms.katalon.core.main.TestSuiteExecutor.execute(TestSuiteExecutor.java:91)\r\n\tat com.kms.katalon.core.main.TestCaseMain.startTestSuite(TestCaseMain.java:157)\r\n\tat com.kms.katalon.core.main.TestCaseMain$startTestSuite$0.call(Unknown Source)\r\n\tat TempTestSuite1568022111519.run(TempTestSuite1568022111519.groovy:35)\r\nCaused by: org.openqa.selenium.SessionNotCreatedException: session not created: This version of ChromeDriver only supports Chrome version 76\nBuild info: version: &amp;apos;3.141.59&amp;apos;, revision: &amp;apos;e82be7d358&amp;apos;, time: &amp;apos;2018-11-14T08:25:53&amp;apos;\nSystem info: host: &amp;apos;JABIRGONG0004&amp;apos;, ip: &amp;apos;172.16.86.15&amp;apos;, os.name: &amp;apos;Windows 7&amp;apos;, os.arch: &amp;apos;amd64&amp;apos;, os.version: &amp;apos;6.1&amp;apos;, java.version: &amp;apos;1.8.0_181&amp;apos;\nDriver info: driver.version: CChromeDriver\nremote stacktrace: Backtrace:\n\tOrdinal0 [0x00BB7C93+1473683]\n\tOrdinal0 [0x00B3ADB1+961969]\n\tOrdinal0 [0x00AC42E3+475875]\n\tOrdinal0 [0x00A5F365+62309]\n\tOrdinal0 [0x00A5BC77+48247]\n\tOrdinal0 [0x00A79149+168265]\n\tOrdinal0 [0x00A78D1D+167197]\n\tOrdinal0 [0x00A7742B+160811]\n\tOrdinal0 [0x00A60AE6+68326]\n\tOrdinal0 [0x00A61BF0+72688]\n\tOrdinal0 [0x00A61B89+72585]\n\tOrdinal0 [0x00B54B77+1067895]\n\tGetHandleVerifier [0x00C56875+506677]\n\tGetHandleVerifier [0x00C56610+506064]\n\tGetHandleVerifier [0x00C5D1B8+533624]\n\tGetHandleVerifier [0x00C5704A+508682]\n\tOrdinal0 [0x00B4C266+1032806]\n\tOrdinal0 [0x00B4C0DF+1032415]\n\tOrdinal0 [0x00B56A8B+1075851]\n\tOrdinal0 [0x00B56BF3+1076211]\n\tOrdinal0 [0x00B55BA5+1072037]\n\tBaseThreadInitThunk [0x772A336A+18]\n\tRtlInitializeExceptionChain [0x77809902+99]\n\tRtlInitializeExceptionChain [0x778098D5+54]\n\r\n\tat org.openqa.selenium.remote.W3CHandshakeResponse.lambda$errorHandler$0(W3CHandshakeResponse.java:62)\r\n\tat org.openqa.selenium.remote.HandshakeResponse.lambda$getResponseFunction$0(HandshakeResponse.java:30)\r\n\tat org.openqa.selenium.remote.ProtocolHandshake.lambda$createSession$0(ProtocolHandshake.java:126)\r\n\tat org.openqa.selenium.remote.ProtocolHandshake.createSession(ProtocolHandshake.java:128)\r\n\tat org.openqa.selenium.remote.ProtocolHandshake.createSession(ProtocolHandshake.java:74)\r\n\tat org.openqa.selenium.remote.HttpCommandExecutor.execute(HttpCommandExecutor.java:136)\r\n\tat org.openqa.selenium.remote.service.DriverCommandExecutor.execute(DriverCommandExecutor.java:83)\r\n\tat org.openqa.selenium.remote.RemoteWebDriver.execute(RemoteWebDriver.java:552)\r\n\tat com.kms.katalon.selenium.driver.CChromeDriver.execute(CChromeDriver.java:20)\r\n\tat org.openqa.selenium.remote.RemoteWebDriver.startSession(RemoteWebDriver.java:213)\r\n\tat org.openqa.selenium.remote.RemoteWebDriver.&amp;lt;init&amp;gt;(RemoteWebDriver.java:131)\r\n\tat org.openqa.selenium.chrome.ChromeDriver.&amp;lt;init&amp;gt;(ChromeDriver.java:181)\r\n\tat org.openqa.selenium.chrome.ChromeDriver.&amp;lt;init&amp;gt;(ChromeDriver.java:147)\r\n\tat com.kms.katalon.selenium.driver.CChromeDriver.&amp;lt;init&amp;gt;(CChromeDriver.java:13)\r\n\tat com.kms.katalon.core.webui.driver.DriverFactory.createNewChromeDriver(DriverFactory.java:323)\r\n\tat com.kms.katalon.core.webui.driver.DriverFactory.startNewBrowser(DriverFactory.java:285)\r\n\tat com.kms.katalon.core.webui.driver.DriverFactory.openWebDriver(DriverFactory.java:199)\r\n\tat com.kms.katalon.core.webui.keyword.builtin.OpenBrowserKeyword$_openBrowser_closure1.doCall(OpenBrowserKeyword.groovy:74)\r\n\tat com.kms.katalon.core.webui.keyword.builtin.OpenBrowserKeyword$_openBrowser_closure1.call(OpenBrowserKeyword.groovy)\r\n\tat com.kms.katalon.core.webui.keyword.internal.WebUIKeywordMain.runKeyword(WebUIKeywordMain.groovy:20)\r\n\t... 19 more\r\n</message>
  <exception>
    <message>com.kms.katalon.core.exception.StepFailedException: Unable to open browser with url: 'https://www.healthpocket.com/individual-health-insurance'</message>
    <frame>
      <class>com.kms.katalon.core.webui.keyword.internal.WebUIKeywordMain</class>
      <method>stepFailed</method>
      <line>64</line>
    </frame>
    <frame>
      <class>com.kms.katalon.core.webui.keyword.internal.WebUIKeywordMain</class>
      <method>runKeyword</method>
      <line>26</line>
    </frame>
    <frame>
      <class>com.kms.katalon.core.webui.keyword.builtin.OpenBrowserKeyword</class>
      <method>openBrowser</method>
      <line>81</line>
    </frame>
    <frame>
      <class>com.kms.katalon.core.webui.keyword.builtin.OpenBrowserKeyword</class>
      <method>execute</method>
      <line>67</line>
    </frame>
    <frame>
      <class>com.kms.katalon.core.keyword.internal.KeywordExecutor</class>
      <method>executeKeywordForPlatform</method>
      <line>56</line>
    </frame>
    <frame>
      <class>com.kms.katalon.core.webui.keyword.WebUiBuiltInKeywords</class>
      <method>openBrowser</method>
      <line>60</line>
    </frame>
    <frame>
      <class>com.kms.katalon.core.webui.keyword.WebUiBuiltInKeywords$openBrowser</class>
      <method>call</method>
    </frame>
    <frame>
      <class>IFPFlow</class>
      <method>run</method>
      <line>38</line>
    </frame>
    <frame>
      <class>com.kms.katalon.core.main.ScriptEngine</class>
      <method>run</method>
      <line>194</line>
    </frame>
    <frame>
      <class>com.kms.katalon.core.main.ScriptEngine</class>
      <method>runScriptAsRawText</method>
      <line>119</line>
    </frame>
    <frame>
      <class>com.kms.katalon.core.main.TestCaseExecutor</class>
      <method>runScript</method>
      <line>337</line>
    </frame>
    <frame>
      <class>com.kms.katalon.core.main.TestCaseExecutor</class>
      <method>doExecute</method>
      <line>328</line>
    </frame>
    <frame>
      <class>com.kms.katalon.core.main.TestCaseExecutor</class>
      <method>processExecutionPhase</method>
      <line>307</line>
    </frame>
    <frame>
      <class>com.kms.katalon.core.main.TestCaseExecutor</class>
      <method>accessMainPhase</method>
      <line>299</line>
    </frame>
    <frame>
      <class>com.kms.katalon.core.main.TestCaseExecutor</class>
      <method>execute</method>
      <line>233</line>
    </frame>
    <frame>
      <class>com.kms.katalon.core.main.TestSuiteExecutor</class>
      <method>accessTestCaseMainPhase</method>
      <line>169</line>
    </frame>
    <frame>
      <class>com.kms.katalon.core.main.TestSuiteExecutor</class>
      <method>accessTestSuiteMainPhase</method>
      <line>142</line>
    </frame>
    <frame>
      <class>com.kms.katalon.core.main.TestSuiteExecutor</class>
      <method>execute</method>
      <line>91</line>
    </frame>
    <frame>
      <class>com.kms.katalon.core.main.TestCaseMain</class>
      <method>startTestSuite</method>
      <line>157</line>
    </frame>
    <frame>
      <class>com.kms.katalon.core.main.TestCaseMain$startTestSuite$0</class>
      <method>call</method>
    </frame>
    <frame>
      <class>TempTestSuite1568022111519</class>
      <method>run</method>
      <line>35</line>
    </frame>
  </exception>
  <nestedLevel>0</nestedLevel>
  <property name="failed.exception.stacktrace">org.openqa.selenium.SessionNotCreatedException: session not created: This version of ChromeDriver only supports Chrome version 76\nBuild info: version: &apos;3.141.59&apos;, revision: &apos;e82be7d358&apos;, time: &apos;2018-11-14T08:25:53&apos;\nSystem info: host: &apos;JABIRGONG0004&apos;, ip: &apos;172.16.86.15&apos;, os.name: &apos;Windows 7&apos;, os.arch: &apos;amd64&apos;, os.version: &apos;6.1&apos;, java.version: &apos;1.8.0_181&apos;\nDriver info: driver.version: CChromeDriver\nremote stacktrace: Backtrace:\n\tOrdinal0 [0x00BB7C93+1473683]\n\tOrdinal0 [0x00B3ADB1+961969]\n\tOrdinal0 [0x00AC42E3+475875]\n\tOrdinal0 [0x00A5F365+62309]\n\tOrdinal0 [0x00A5BC77+48247]\n\tOrdinal0 [0x00A79149+168265]\n\tOrdinal0 [0x00A78D1D+167197]\n\tOrdinal0 [0x00A7742B+160811]\n\tOrdinal0 [0x00A60AE6+68326]\n\tOrdinal0 [0x00A61BF0+72688]\n\tOrdinal0 [0x00A61B89+72585]\n\tOrdinal0 [0x00B54B77+1067895]\n\tGetHandleVerifier [0x00C56875+506677]\n\tGetHandleVerifier [0x00C56610+506064]\n\tGetHandleVerifier [0x00C5D1B8+533624]\n\tGetHandleVerifier [0x00C5704A+508682]\n\tOrdinal0 [0x00B4C266+1032806]\n\tOrdinal0 [0x00B4C0DF+1032415]\n\tOrdinal0 [0x00B56A8B+1075851]\n\tOrdinal0 [0x00B56BF3+1076211]\n\tOrdinal0 [0x00B55BA5+1072037]\n\tBaseThreadInitThunk [0x772A336A+18]\n\tRtlInitializeExceptionChain [0x77809902+99]\n\tRtlInitializeExceptionChain [0x778098D5+54]\n\r\n\tat org.openqa.selenium.remote.W3CHandshakeResponse.lambda$errorHandler$0(W3CHandshakeResponse.java:62)\r\n\tat org.openqa.selenium.remote.HandshakeResponse.lambda$getResponseFunction$0(HandshakeResponse.java:30)\r\n\tat org.openqa.selenium.remote.ProtocolHandshake.lambda$createSession$0(ProtocolHandshake.java:126)\r\n\tat org.openqa.selenium.remote.ProtocolHandshake.createSession(ProtocolHandshake.java:128)\r\n\tat org.openqa.selenium.remote.ProtocolHandshake.createSession(ProtocolHandshake.java:74)\r\n\tat org.openqa.selenium.remote.HttpCommandExecutor.execute(HttpCommandExecutor.java:136)\r\n\tat org.openqa.selenium.remote.service.DriverCommandExecutor.execute(DriverCommandExecutor.java:83)\r\n\tat org.openqa.selenium.remote.RemoteWebDriver.execute(RemoteWebDriver.java:552)\r\n\tat com.kms.katalon.selenium.driver.CChromeDriver.execute(CChromeDriver.java:20)\r\n\tat org.openqa.selenium.remote.RemoteWebDriver.startSession(RemoteWebDriver.java:213)\r\n\tat org.openqa.selenium.remote.RemoteWebDriver.&lt;init&gt;(RemoteWebDriver.java:131)\r\n\tat org.openqa.selenium.chrome.ChromeDriver.&lt;init&gt;(ChromeDriver.java:181)\r\n\tat org.openqa.selenium.chrome.ChromeDriver.&lt;init&gt;(ChromeDriver.java:147)\r\n\tat com.kms.katalon.selenium.driver.CChromeDriver.&lt;init&gt;(CChromeDriver.java:13)\r\n\tat com.kms.katalon.core.webui.driver.DriverFactory.createNewChromeDriver(DriverFactory.java:323)\r\n\tat com.kms.katalon.core.webui.driver.DriverFactory.startNewBrowser(DriverFactory.java:285)\r\n\tat com.kms.katalon.core.webui.driver.DriverFactory.openWebDriver(DriverFactory.java:199)\r\n\tat com.kms.katalon.core.webui.keyword.builtin.OpenBrowserKeyword$_openBrowser_closure1.doCall(OpenBrowserKeyword.groovy:74)\r\n\tat com.kms.katalon.core.webui.keyword.builtin.OpenBrowserKeyword$_openBrowser_closure1.call(OpenBrowserKeyword.groovy)\r\n\tat com.kms.katalon.core.webui.keyword.internal.WebUIKeywordMain.runKeyword(WebUIKeywordMain.groovy:20)\r\n\tat com.kms.katalon.core.webui.keyword.builtin.OpenBrowserKeyword.openBrowser(OpenBrowserKeyword.groovy:81)\r\n\tat com.kms.katalon.core.webui.keyword.builtin.OpenBrowserKeyword.execute(OpenBrowserKeyword.groovy:67)\r\n\tat com.kms.katalon.core.keyword.internal.KeywordExecutor.executeKeywordForPlatform(KeywordExecutor.groovy:56)\r\n\tat com.kms.katalon.core.webui.keyword.WebUiBuiltInKeywords.openBrowser(WebUiBuiltInKeywords.groovy:60)\r\n\tat com.kms.katalon.core.webui.keyword.WebUiBuiltInKeywords$openBrowser.call(Unknown Source)\r\n\tat IFPFlow.run(IFPFlow:38)\r\n\tat com.kms.katalon.core.main.ScriptEngine.run(ScriptEngine.java:194)\r\n\tat com.kms.katalon.core.main.ScriptEngine.runScriptAsRawText(ScriptEngine.java:119)\r\n\tat com.kms.katalon.core.main.TestCaseExecutor.runScript(TestCaseExecutor.java:337)\r\n\tat com.kms.katalon.core.main.TestCaseExecutor.doExecute(TestCaseExecutor.java:328)\r\n\tat com.kms.katalon.core.main.TestCaseExecutor.processExecutionPhase(TestCaseExecutor.java:307)\r\n\tat com.kms.katalon.core.main.TestCaseExecutor.accessMainPhase(TestCaseExecutor.java:299)\r\n\tat com.kms.katalon.core.main.TestCaseExecutor.execute(TestCaseExecutor.java:233)\r\n\tat com.kms.katalon.core.main.TestSuiteExecutor.accessTestCaseMainPhase(TestSuiteExecutor.java:169)\r\n\tat com.kms.katalon.core.main.TestSuiteExecutor.accessTestSuiteMainPhase(TestSuiteExecutor.java:142)\r\n\tat com.kms.katalon.core.main.TestSuiteExecutor.execute(TestSuiteExecutor.java:91)\r\n\tat com.kms.katalon.core.main.TestCaseMain.startTestSuite(TestCaseMain.java:157)\r\n\tat com.kms.katalon.core.main.TestCaseMain$startTestSuite$0.call(Unknown Source)\r\n\tat TempTestSuite1568022111519.run(TempTestSuite1568022111519.groovy:35)\r\n</property>
  <property name="failed.exception.class">org.openqa.selenium.SessionNotCreatedException</property>
  <property name="failed.exception.message">session not created: This version of ChromeDriver only supports Chrome version 76\nBuild info: version: &apos;3.141.59&apos;, revision: &apos;e82be7d358&apos;, time: &apos;2018-11-14T08:25:53&apos;\nSystem info: host: &apos;JABIRGONG0004&apos;, ip: &apos;172.16.86.15&apos;, os.name: &apos;Windows 7&apos;, os.arch: &apos;amd64&apos;, os.version: &apos;6.1&apos;, java.version: &apos;1.8.0_181&apos;\nDriver info: driver.version: CChromeDriver\nremote stacktrace: Backtrace:\n\tOrdinal0 [0x00BB7C93+1473683]\n\tOrdinal0 [0x00B3ADB1+961969]\n\tOrdinal0 [0x00AC42E3+475875]\n\tOrdinal0 [0x00A5F365+62309]\n\tOrdinal0 [0x00A5BC77+48247]\n\tOrdinal0 [0x00A79149+168265]\n\tOrdinal0 [0x00A78D1D+167197]\n\tOrdinal0 [0x00A7742B+160811]\n\tOrdinal0 [0x00A60AE6+68326]\n\tOrdinal0 [0x00A61BF0+72688]\n\tOrdinal0 [0x00A61B89+72585]\n\tOrdinal0 [0x00B54B77+1067895]\n\tGetHandleVerifier [0x00C56875+506677]\n\tGetHandleVerifier [0x00C56610+506064]\n\tGetHandleVerifier [0x00C5D1B8+533624]\n\tGetHandleVerifier [0x00C5704A+508682]\n\tOrdinal0 [0x00B4C266+1032806]\n\tOrdinal0 [0x00B4C0DF+1032415]\n\tOrdinal0 [0x00B56A8B+1075851]\n\tOrdinal0 [0x00B56BF3+1076211]\n\tOrdinal0 [0x00B55BA5+1072037]\n\tBaseThreadInitThunk [0x772A336A+18]\n\tRtlInitializeExceptionChain [0x77809902+99]\n\tRtlInitializeExceptionChain [0x778098D5+54]\n</property>
</record>
<record>
  <date>2019-09-09T17:42:02</date>
  <millis>1568022122187</millis>
  <sequence>32</sequence>
  <level>END</level>
  <class>com.kms.katalon.core.logging.XmlKeywordLogger</class>
  <method>endTest</method>
  <thread>1</thread>
  <message>End Test Case : Test Cases/HP/IFP/IFPFlow</message>
  <nestedLevel>0</nestedLevel>
</record>
<record>
  <date>2019-09-09T17:42:02</date>
  <millis>1568022122366</millis>
  <sequence>33</sequence>
  <level>END</level>
  <class>com.kms.katalon.core.logging.XmlKeywordLogger</class>
  <method>endSuite</method>
  <thread>1</thread>
  <message>End Test Suite : Test Suites/HBmobile/IFPFlow</message>
  <nestedLevel>0</nestedLevel>
</record>
</log>
