<?xml version="1.0" encoding="UTF-8" standalone="no"?>
<!DOCTYPE log SYSTEM "logger.dtd">
<log>
<record>
  <date>2018-12-27T17:36:02</date>
  <millis>1545903362641</millis>
  <sequence>0</sequence>
  <level>START</level>
  <class>com.kms.katalon.core.logging.XmlKeywordLogger</class>
  <method>startSuite</method>
  <thread>1</thread>
  <message>Start Test Suite : Test Suites/Regression/Level 1</message>
  <nestedLevel>0</nestedLevel>
  <property name="name">Level 1</property>
  <property name="description"></property>
  <property name="id">Test Suites/Regression/Level 1</property>
</record>
<record>
  <date>2018-12-27T17:36:02</date>
  <millis>1545903362661</millis>
  <sequence>1</sequence>
  <level>RUN_DATA</level>
  <class>com.kms.katalon.core.logging.XmlKeywordLogger</class>
  <method>logMessage</method>
  <thread>1</thread>
  <message>hostName = denisyu - 172.16.86.34</message>
  <nestedLevel>0</nestedLevel>
  <property name="hostName">denisyu - 172.16.86.34</property>
</record>
<record>
  <date>2018-12-27T17:36:02</date>
  <millis>1545903362662</millis>
  <sequence>2</sequence>
  <level>RUN_DATA</level>
  <class>com.kms.katalon.core.logging.XmlKeywordLogger</class>
  <method>logMessage</method>
  <thread>1</thread>
  <message>os = Mac OS X 64bit</message>
  <nestedLevel>0</nestedLevel>
  <property name="os">Mac OS X 64bit</property>
</record>
<record>
  <date>2018-12-27T17:36:02</date>
  <millis>1545903362663</millis>
  <sequence>3</sequence>
  <level>RUN_DATA</level>
  <class>com.kms.katalon.core.logging.XmlKeywordLogger</class>
  <method>logMessage</method>
  <thread>1</thread>
  <message>hostAddress = 172.16.86.34</message>
  <nestedLevel>0</nestedLevel>
  <property name="hostAddress">172.16.86.34</property>
</record>
<record>
  <date>2018-12-27T17:36:02</date>
  <millis>1545903362666</millis>
  <sequence>4</sequence>
  <level>RUN_DATA</level>
  <class>com.kms.katalon.core.logging.XmlKeywordLogger</class>
  <method>logMessage</method>
  <thread>1</thread>
  <message>katalonVersion = 5.10.0.1</message>
  <nestedLevel>0</nestedLevel>
  <property name="katalonVersion">5.10.0.1</property>
</record>
<record>
  <date>2018-12-27T17:36:02</date>
  <millis>1545903362999</millis>
  <sequence>5</sequence>
  <level>START</level>
  <class>com.kms.katalon.core.logging.XmlKeywordLogger</class>
  <method>startKeyword</method>
  <thread>1</thread>
  <message>Start setup action : setUp</message>
  <nestedLevel>0</nestedLevel>
  <property name="isIgnoredIfFailed">false</property>
</record>
<record>
  <date>2018-12-27T17:36:03</date>
  <millis>1545903363290</millis>
  <sequence>6</sequence>
  <level>PASSED</level>
  <class>com.kms.katalon.core.logging.XmlKeywordLogger</class>
  <method>logMessage</method>
  <thread>1</thread>
  <message>Method &amp;apos;setUp&amp;apos; complete successfully</message>
  <nestedLevel>0</nestedLevel>
</record>
<record>
  <date>2018-12-27T17:36:03</date>
  <millis>1545903363291</millis>
  <sequence>7</sequence>
  <level>END</level>
  <class>com.kms.katalon.core.logging.XmlKeywordLogger</class>
  <method>endKeyword</method>
  <thread>1</thread>
  <message>End End action : setUp</message>
  <nestedLevel>0</nestedLevel>
</record>
<record>
  <date>2018-12-27T17:36:03</date>
  <millis>1545903363365</millis>
  <sequence>8</sequence>
  <level>START</level>
  <class>com.kms.katalon.core.logging.XmlKeywordLogger</class>
  <method>startTest</method>
  <thread>1</thread>
  <message>Start Test Case : Test Cases/Regression/Level 1/LifeShield</message>
  <nestedLevel>1</nestedLevel>
  <property name="name">Test Cases/Regression/Level 1/LifeShield</property>
  <property name="description"></property>
  <property name="id">Test Cases/Regression/Level 1/LifeShield</property>
  <property name="source">\\Users\\denisyu\\workplace\\test\\AgileTest\\Test Cases\\Regression\\Level 1\\LifeShield.tc</property>
  <property name="isOptional">false</property>
</record>
<record>
  <date>2018-12-27T17:36:03</date>
  <millis>1545903363439</millis>
  <sequence>10</sequence>
  <level>INFO</level>
  <class>com.kms.katalon.core.logging.XmlKeywordLogger</class>
  <method>logMessage</method>
  <thread>1</thread>
  <message>(Default) zipcode = 32099</message>
  <nestedLevel>1</nestedLevel>
</record>
<record>
  <date>2018-12-27T17:36:03</date>
  <millis>1545903363448</millis>
  <sequence>11</sequence>
  <level>INFO</level>
  <class>com.kms.katalon.core.logging.XmlKeywordLogger</class>
  <method>logMessage</method>
  <thread>1</thread>
  <message>(Default) effectiveDate = 2019/01/01</message>
  <nestedLevel>1</nestedLevel>
</record>
<record>
  <date>2018-12-27T17:36:03</date>
  <millis>1545903363456</millis>
  <sequence>12</sequence>
  <level>INFO</level>
  <class>com.kms.katalon.core.logging.XmlKeywordLogger</class>
  <method>logMessage</method>
  <thread>1</thread>
  <message>(Default) dob = 01/01/1987</message>
  <nestedLevel>1</nestedLevel>
</record>
<record>
  <date>2018-12-27T17:36:03</date>
  <millis>1545903363475</millis>
  <sequence>13</sequence>
  <level>INFO</level>
  <class>com.kms.katalon.core.logging.XmlKeywordLogger</class>
  <method>logMessage</method>
  <thread>1</thread>
  <message>(Default) ENV = https://praetemptatus.agilehealthinsurance.com</message>
  <nestedLevel>1</nestedLevel>
</record>
<record>
  <date>2018-12-27T17:36:04</date>
  <millis>1545903364589</millis>
  <sequence>14</sequence>
  <level>START</level>
  <class>com.kms.katalon.core.logging.XmlKeywordLogger</class>
  <method>startKeyword</method>
  <thread>1</thread>
  <message>Start action : fastQuoteUrl = ENV + \&amp;quot;/term-health-insurance/quote?partners=1&amp;amp;redirect=1&amp;amp;utm_source=mediaalpha&amp;amp;utm_medium=ppc&amp;amp;utm_campaign=stm_quote&amp;amp;census[location][zip]=\&amp;quot; + zipcode + \&amp;quot;&amp;amp;census[effective]=\&amp;quot; + effectiveDate + \&amp;quot;&amp;amp;census[member][0][role]=P&amp;amp;census[member][0][gender]=F&amp;amp;census[member][0][dob]=\&amp;quot; + dob</message>
  <nestedLevel>1</nestedLevel>
  <property name="startLine">31</property>
  <property name="stepIndex">1</property>
</record>
<record>
  <date>2018-12-27T17:36:04</date>
  <millis>1545903364633</millis>
  <sequence>15</sequence>
  <level>END</level>
  <class>com.kms.katalon.core.logging.XmlKeywordLogger</class>
  <method>endKeyword</method>
  <thread>1</thread>
  <message>End action : fastQuoteUrl = ENV + \&amp;quot;/term-health-insurance/quote?partners=1&amp;amp;redirect=1&amp;amp;utm_source=mediaalpha&amp;amp;utm_medium=ppc&amp;amp;utm_campaign=stm_quote&amp;amp;census[location][zip]=\&amp;quot; + zipcode + \&amp;quot;&amp;amp;census[effective]=\&amp;quot; + effectiveDate + \&amp;quot;&amp;amp;census[member][0][role]=P&amp;amp;census[member][0][gender]=F&amp;amp;census[member][0][dob]=\&amp;quot; + dob</message>
  <nestedLevel>1</nestedLevel>
</record>
<record>
  <date>2018-12-27T17:36:04</date>
  <millis>1545903364633</millis>
  <sequence>16</sequence>
  <level>START</level>
  <class>com.kms.katalon.core.logging.XmlKeywordLogger</class>
  <method>startKeyword</method>
  <thread>1</thread>
  <message>Start action : println(fastQuoteUrl)</message>
  <nestedLevel>1</nestedLevel>
  <property name="startLine">35</property>
  <property name="stepIndex">2</property>
</record>
<record>
  <date>2018-12-27T17:36:04</date>
  <millis>1545903364638</millis>
  <sequence>17</sequence>
  <level>END</level>
  <class>com.kms.katalon.core.logging.XmlKeywordLogger</class>
  <method>endKeyword</method>
  <thread>1</thread>
  <message>End action : println(fastQuoteUrl)</message>
  <nestedLevel>1</nestedLevel>
</record>
<record>
  <date>2018-12-27T17:36:04</date>
  <millis>1545903364638</millis>
  <sequence>18</sequence>
  <level>START</level>
  <class>com.kms.katalon.core.logging.XmlKeywordLogger</class>
  <method>startKeyword</method>
  <thread>1</thread>
  <message>Start action : openBrowser(fastQuoteUrl)</message>
  <nestedLevel>1</nestedLevel>
  <property name="startLine">37</property>
  <property name="stepIndex">3</property>
</record>
<record>
  <date>2018-12-27T17:36:05</date>
  <millis>1545903365162</millis>
  <sequence>20</sequence>
  <level>INFO</level>
  <class>com.kms.katalon.core.logging.XmlKeywordLogger</class>
  <method>logMessage</method>
  <thread>1</thread>
  <message>Starting &amp;apos;Android&amp;apos; driver</message>
  <nestedLevel>1</nestedLevel>
</record>
<record>
  <date>2018-12-27T17:36:05</date>
  <millis>1545903365194</millis>
  <sequence>21</sequence>
  <level>INFO</level>
  <class>com.kms.katalon.core.logging.XmlKeywordLogger</class>
  <method>logMessage</method>
  <thread>1</thread>
  <message>User set preference: [&amp;apos;appPackage&amp;apos;, &amp;apos;com.android.chrome&amp;apos;]</message>
  <nestedLevel>1</nestedLevel>
</record>
<record>
  <date>2018-12-27T17:36:05</date>
  <millis>1545903365195</millis>
  <sequence>22</sequence>
  <level>INFO</level>
  <class>com.kms.katalon.core.logging.XmlKeywordLogger</class>
  <method>logMessage</method>
  <thread>1</thread>
  <message>User set preference: [&amp;apos;appActivity&amp;apos;, &amp;apos;org.chromium.chrome.browser.document.ChromeLauncherActivity&amp;apos;]</message>
  <nestedLevel>1</nestedLevel>
</record>
<record>
  <date>2018-12-27T17:36:05</date>
  <millis>1545903365195</millis>
  <sequence>23</sequence>
  <level>INFO</level>
  <class>com.kms.katalon.core.logging.XmlKeywordLogger</class>
  <method>logMessage</method>
  <thread>1</thread>
  <message>User set preference: [&amp;apos;deviceName&amp;apos;, &amp;apos;HUAWEIP7&amp;apos;]</message>
  <nestedLevel>1</nestedLevel>
</record>
<record>
  <date>2018-12-27T17:36:05</date>
  <millis>1545903365195</millis>
  <sequence>24</sequence>
  <level>INFO</level>
  <class>com.kms.katalon.core.logging.XmlKeywordLogger</class>
  <method>logMessage</method>
  <thread>1</thread>
  <message>User set preference: [&amp;apos;platformName&amp;apos;, &amp;apos;Android&amp;apos;]</message>
  <nestedLevel>1</nestedLevel>
</record>
<record>
  <date>2018-12-27T17:36:05</date>
  <millis>1545903365196</millis>
  <sequence>25</sequence>
  <level>INFO</level>
  <class>com.kms.katalon.core.logging.XmlKeywordLogger</class>
  <method>logMessage</method>
  <thread>1</thread>
  <message>User set preference: [&amp;apos;deviceId&amp;apos;, &amp;apos;&amp;apos;]</message>
  <nestedLevel>1</nestedLevel>
</record>
<record>
  <date>2018-12-27T17:36:09</date>
  <millis>1545903369803</millis>
  <sequence>26</sequence>
  <level>INFO</level>
  <class>com.kms.katalon.core.logging.XmlKeywordLogger</class>
  <method>logMessage</method>
  <thread>1</thread>
  <message>Appium server started on port 56,243</message>
  <nestedLevel>1</nestedLevel>
</record>
<record>
  <date>2018-12-27T17:36:23</date>
  <millis>1545903383011</millis>
  <sequence>28</sequence>
  <level>RUN_DATA</level>
  <class>com.kms.katalon.core.logging.XmlKeywordLogger</class>
  <method>logMessage</method>
  <thread>1</thread>
  <message>appiumVersion = 1.7.2</message>
  <nestedLevel>1</nestedLevel>
  <property name="appiumVersion">1.7.2</property>
</record>
<record>
  <date>2018-12-27T17:36:23</date>
  <millis>1545903383043</millis>
  <sequence>29</sequence>
  <level>RUN_DATA</level>
  <class>com.kms.katalon.core.logging.XmlKeywordLogger</class>
  <method>logMessage</method>
  <thread>1</thread>
  <message>deviceId = 69T7N15915029735</message>
  <nestedLevel>1</nestedLevel>
  <property name="deviceId">69T7N15915029735</property>
</record>
<record>
  <date>2018-12-27T17:36:23</date>
  <millis>1545903383044</millis>
  <sequence>30</sequence>
  <level>RUN_DATA</level>
  <class>com.kms.katalon.core.logging.XmlKeywordLogger</class>
  <method>logMessage</method>
  <thread>1</thread>
  <message>deviceName = HUAWEI ATH-AL00 (Android 6.0.1)</message>
  <nestedLevel>1</nestedLevel>
  <property name="deviceName">HUAWEI ATH-AL00 (Android 6.0.1)</property>
</record>
<record>
  <date>2018-12-27T17:36:23</date>
  <millis>1545903383044</millis>
  <sequence>31</sequence>
  <level>RUN_DATA</level>
  <class>com.kms.katalon.core.logging.XmlKeywordLogger</class>
  <method>logMessage</method>
  <thread>1</thread>
  <message>deviceModel = ATH-AL00</message>
  <nestedLevel>1</nestedLevel>
  <property name="deviceModel">ATH-AL00</property>
</record>
<record>
  <date>2018-12-27T17:36:23</date>
  <millis>1545903383045</millis>
  <sequence>32</sequence>
  <level>RUN_DATA</level>
  <class>com.kms.katalon.core.logging.XmlKeywordLogger</class>
  <method>logMessage</method>
  <thread>1</thread>
  <message>deviceManufacturer = HUAWEI</message>
  <nestedLevel>1</nestedLevel>
  <property name="deviceManufacturer">HUAWEI</property>
</record>
<record>
  <date>2018-12-27T17:36:23</date>
  <millis>1545903383045</millis>
  <sequence>33</sequence>
  <level>RUN_DATA</level>
  <class>com.kms.katalon.core.logging.XmlKeywordLogger</class>
  <method>logMessage</method>
  <thread>1</thread>
  <message>deviceOS = Android</message>
  <nestedLevel>1</nestedLevel>
  <property name="deviceOS">Android</property>
</record>
<record>
  <date>2018-12-27T17:36:23</date>
  <millis>1545903383045</millis>
  <sequence>34</sequence>
  <level>RUN_DATA</level>
  <class>com.kms.katalon.core.logging.XmlKeywordLogger</class>
  <method>logMessage</method>
  <thread>1</thread>
  <message>deviceOSVersion = 6.0.1</message>
  <nestedLevel>1</nestedLevel>
  <property name="deviceOSVersion">6.0.1</property>
</record>
<record>
  <date>2018-12-27T17:36:23</date>
  <millis>1545903383068</millis>
  <sequence>35</sequence>
  <level>RUN_DATA</level>
  <class>com.kms.katalon.core.logging.XmlKeywordLogger</class>
  <method>logMessage</method>
  <thread>1</thread>
  <message>sessionId = c32b883c-43a9-40ce-b13d-22e3ec983b26</message>
  <nestedLevel>1</nestedLevel>
  <property name="sessionId">c32b883c-43a9-40ce-b13d-22e3ec983b26</property>
</record>
<record>
  <date>2018-12-27T17:36:23</date>
  <millis>1545903383196</millis>
  <sequence>36</sequence>
  <level>RUN_DATA</level>
  <class>com.kms.katalon.core.logging.XmlKeywordLogger</class>
  <method>logMessage</method>
  <thread>1</thread>
  <message>browser = Chrome 71.0.3578.99</message>
  <nestedLevel>1</nestedLevel>
  <property name="browser">Chrome 71.0.3578.99</property>
</record>
<record>
  <date>2018-12-27T17:36:23</date>
  <millis>1545903383196</millis>
  <sequence>37</sequence>
  <level>RUN_DATA</level>
  <class>com.kms.katalon.core.logging.XmlKeywordLogger</class>
  <method>logMessage</method>
  <thread>1</thread>
  <message>platform = Mac OS X</message>
  <nestedLevel>1</nestedLevel>
  <property name="platform">Mac OS X</property>
</record>
<record>
  <date>2018-12-27T17:36:23</date>
  <millis>1545903383199</millis>
  <sequence>38</sequence>
  <level>RUN_DATA</level>
  <class>com.kms.katalon.core.logging.XmlKeywordLogger</class>
  <method>logMessage</method>
  <thread>1</thread>
  <message>seleniumVersion = 3.7.1</message>
  <nestedLevel>1</nestedLevel>
  <property name="seleniumVersion">3.7.1</property>
</record>
<record>
  <date>2018-12-27T17:36:23</date>
  <millis>1545903383201</millis>
  <sequence>39</sequence>
  <level>RUN_DATA</level>
  <class>com.kms.katalon.core.logging.XmlKeywordLogger</class>
  <method>logMessage</method>
  <thread>1</thread>
  <message>proxyInformation = ProxyInformation{proxyOption=NO_PROXY, proxyServerType=HTTP, password=, proxyServerAddress=, proxyServerPort=0}</message>
  <nestedLevel>1</nestedLevel>
  <property name="proxyInformation">ProxyInformation{proxyOption=NO_PROXY, proxyServerType=HTTP, password=, proxyServerAddress=, proxyServerPort=0}</property>
</record>
<record>
  <date>2018-12-27T17:37:01</date>
  <millis>1545903421514</millis>
  <sequence>41</sequence>
  <level>PASSED</level>
  <class>com.kms.katalon.core.logging.XmlKeywordLogger</class>
  <method>logMessage</method>
  <thread>1</thread>
  <message>Browser is opened with url: &amp;apos;https://praetemptatus.agilehealthinsurance.com/term-health-insurance/quote?partners=1&amp;amp;redirect=1&amp;amp;utm_source=mediaalpha&amp;amp;utm_medium=ppc&amp;amp;utm_campaign=stm_quote&amp;amp;census[location][zip]=32099&amp;amp;census[effective]=2019/01/01&amp;amp;census[member][0][role]=P&amp;amp;census[member][0][gender]=F&amp;amp;census[member][0][dob]=01/01/1987&amp;apos;</message>
  <nestedLevel>1</nestedLevel>
</record>
<record>
  <date>2018-12-27T17:37:01</date>
  <millis>1545903421518</millis>
  <sequence>42</sequence>
  <level>END</level>
  <class>com.kms.katalon.core.logging.XmlKeywordLogger</class>
  <method>endKeyword</method>
  <thread>1</thread>
  <message>End action : openBrowser(fastQuoteUrl)</message>
  <nestedLevel>1</nestedLevel>
</record>
<record>
  <date>2018-12-27T17:37:01</date>
  <millis>1545903421518</millis>
  <sequence>43</sequence>
  <level>START</level>
  <class>com.kms.katalon.core.logging.XmlKeywordLogger</class>
  <method>startKeyword</method>
  <thread>1</thread>
  <message>Start action : driver = getWebDriver()</message>
  <nestedLevel>1</nestedLevel>
  <property name="startLine">39</property>
  <property name="stepIndex">4</property>
</record>
<record>
  <date>2018-12-27T17:37:01</date>
  <millis>1545903421535</millis>
  <sequence>44</sequence>
  <level>END</level>
  <class>com.kms.katalon.core.logging.XmlKeywordLogger</class>
  <method>endKeyword</method>
  <thread>1</thread>
  <message>End action : driver = getWebDriver()</message>
  <nestedLevel>1</nestedLevel>
</record>
<record>
  <date>2018-12-27T17:37:01</date>
  <millis>1545903421536</millis>
  <sequence>45</sequence>
  <level>START</level>
  <class>com.kms.katalon.core.logging.XmlKeywordLogger</class>
  <method>startKeyword</method>
  <thread>1</thread>
  <message>Start action : selenium = new com.thoughtworks.selenium.webdriven.WebDriverBackedSelenium(driver, fastQuoteUrl)</message>
  <nestedLevel>1</nestedLevel>
  <property name="startLine">41</property>
  <property name="stepIndex">5</property>
</record>
<record>
  <date>2018-12-27T17:37:01</date>
  <millis>1545903421752</millis>
  <sequence>46</sequence>
  <level>END</level>
  <class>com.kms.katalon.core.logging.XmlKeywordLogger</class>
  <method>endKeyword</method>
  <thread>1</thread>
  <message>End action : selenium = new com.thoughtworks.selenium.webdriven.WebDriverBackedSelenium(driver, fastQuoteUrl)</message>
  <nestedLevel>1</nestedLevel>
</record>
<record>
  <date>2018-12-27T17:37:01</date>
  <millis>1545903421752</millis>
  <sequence>47</sequence>
  <level>START</level>
  <class>com.kms.katalon.core.logging.XmlKeywordLogger</class>
  <method>startKeyword</method>
  <thread>1</thread>
  <message>Start action : Thread.sleep(6000)</message>
  <nestedLevel>1</nestedLevel>
  <property name="startLine">43</property>
  <property name="stepIndex">6</property>
</record>
<record>
  <date>2018-12-27T17:37:07</date>
  <millis>1545903427760</millis>
  <sequence>48</sequence>
  <level>END</level>
  <class>com.kms.katalon.core.logging.XmlKeywordLogger</class>
  <method>endKeyword</method>
  <thread>1</thread>
  <message>End action : Thread.sleep(6000)</message>
  <nestedLevel>1</nestedLevel>
</record>
<record>
  <date>2018-12-27T17:37:07</date>
  <millis>1545903427760</millis>
  <sequence>49</sequence>
  <level>START</level>
  <class>com.kms.katalon.core.logging.XmlKeywordLogger</class>
  <method>startKeyword</method>
  <thread>1</thread>
  <message>Start action : selenium.click(\&amp;quot;link=LifeShield Flex 5K/20/9K/750K Extended\&amp;quot;)</message>
  <nestedLevel>1</nestedLevel>
  <property name="startLine">50</property>
  <property name="stepIndex">7</property>
</record>
<record>
  <date>2018-12-27T17:37:42</date>
  <millis>1545903462491</millis>
  <sequence>51</sequence>
  <logger>com.kms.katalon.core.logging.XmlKeywordLogger</logger>
  <level>ERROR</level>
  <class>com.kms.katalon.core.logging.XmlKeywordLogger</class>
  <method>logMessage</method>
  <thread>1</thread>
  <message>selenium.click(\&amp;quot;link=LifeShield Flex 5K/20/9K/750K Extended\&amp;quot;) FAILED.\nReason:\ncom.thoughtworks.selenium.SeleniumException: Timed out waiting for action to finish\n\tat com.thoughtworks.selenium.webdriven.Timer.run(Timer.java:46)\n\tat com.thoughtworks.selenium.webdriven.WebDriverCommandProcessor.execute(WebDriverCommandProcessor.java:150)\n\tat com.thoughtworks.selenium.webdriven.WebDriverCommandProcessor.doCommand(WebDriverCommandProcessor.java:76)\n\tat com.thoughtworks.selenium.DefaultSelenium.click(DefaultSelenium.java:198)\n\tat com.thoughtworks.selenium.Selenium$click.call(Unknown Source)\n\tat LifeShield.run(LifeShield:50)\n\tat com.kms.katalon.core.main.ScriptEngine.run(ScriptEngine.java:194)\n\tat com.kms.katalon.core.main.ScriptEngine.runScriptAsRawText(ScriptEngine.java:119)\n\tat com.kms.katalon.core.main.TestCaseExecutor.runScript(TestCaseExecutor.java:328)\n\tat com.kms.katalon.core.main.TestCaseExecutor.doExecute(TestCaseExecutor.java:319)\n\tat com.kms.katalon.core.main.TestCaseExecutor.processExecutionPhase(TestCaseExecutor.java:298)\n\tat com.kms.katalon.core.main.TestCaseExecutor.accessMainPhase(TestCaseExecutor.java:290)\n\tat com.kms.katalon.core.main.TestCaseExecutor.execute(TestCaseExecutor.java:224)\n\tat com.kms.katalon.core.main.TestSuiteExecutor.accessTestCaseMainPhase(TestSuiteExecutor.java:129)\n\tat com.kms.katalon.core.main.TestSuiteExecutor.accessTestSuiteMainPhase(TestSuiteExecutor.java:112)\n\tat com.kms.katalon.core.main.TestSuiteExecutor.execute(TestSuiteExecutor.java:81)\n\tat com.kms.katalon.core.main.TestCaseMain.startTestSuite(TestCaseMain.java:149)\n\tat com.kms.katalon.core.main.TestCaseMain$startTestSuite$0.call(Unknown Source)\n\tat TempTestSuite1545903360109.run(TempTestSuite1545903360109.groovy:36)\n</message>
  <exception>
    <message>com.thoughtworks.selenium.SeleniumException: Timed out waiting for action to finish</message>
    <frame>
      <class>com.thoughtworks.selenium.webdriven.Timer</class>
      <method>run</method>
      <line>46</line>
    </frame>
    <frame>
      <class>com.thoughtworks.selenium.webdriven.WebDriverCommandProcessor</class>
      <method>execute</method>
      <line>150</line>
    </frame>
    <frame>
      <class>com.thoughtworks.selenium.webdriven.WebDriverCommandProcessor</class>
      <method>doCommand</method>
      <line>76</line>
    </frame>
    <frame>
      <class>com.thoughtworks.selenium.DefaultSelenium</class>
      <method>click</method>
      <line>198</line>
    </frame>
    <frame>
      <class>com.thoughtworks.selenium.Selenium$click</class>
      <method>call</method>
    </frame>
    <frame>
      <class>LifeShield</class>
      <method>run</method>
      <line>50</line>
    </frame>
    <frame>
      <class>com.kms.katalon.core.main.ScriptEngine</class>
      <method>run</method>
      <line>194</line>
    </frame>
    <frame>
      <class>com.kms.katalon.core.main.ScriptEngine</class>
      <method>runScriptAsRawText</method>
      <line>119</line>
    </frame>
    <frame>
      <class>com.kms.katalon.core.main.TestCaseExecutor</class>
      <method>runScript</method>
      <line>328</line>
    </frame>
    <frame>
      <class>com.kms.katalon.core.main.TestCaseExecutor</class>
      <method>doExecute</method>
      <line>319</line>
    </frame>
    <frame>
      <class>com.kms.katalon.core.main.TestCaseExecutor</class>
      <method>processExecutionPhase</method>
      <line>298</line>
    </frame>
    <frame>
      <class>com.kms.katalon.core.main.TestCaseExecutor</class>
      <method>accessMainPhase</method>
      <line>290</line>
    </frame>
    <frame>
      <class>com.kms.katalon.core.main.TestCaseExecutor</class>
      <method>execute</method>
      <line>224</line>
    </frame>
    <frame>
      <class>com.kms.katalon.core.main.TestSuiteExecutor</class>
      <method>accessTestCaseMainPhase</method>
      <line>129</line>
    </frame>
    <frame>
      <class>com.kms.katalon.core.main.TestSuiteExecutor</class>
      <method>accessTestSuiteMainPhase</method>
      <line>112</line>
    </frame>
    <frame>
      <class>com.kms.katalon.core.main.TestSuiteExecutor</class>
      <method>execute</method>
      <line>81</line>
    </frame>
    <frame>
      <class>com.kms.katalon.core.main.TestCaseMain</class>
      <method>startTestSuite</method>
      <line>149</line>
    </frame>
    <frame>
      <class>com.kms.katalon.core.main.TestCaseMain$startTestSuite$0</class>
      <method>call</method>
    </frame>
    <frame>
      <class>TempTestSuite1545903360109</class>
      <method>run</method>
      <line>36</line>
    </frame>
  </exception>
  <nestedLevel>0</nestedLevel>
</record>
<record>
  <date>2018-12-27T17:37:42</date>
  <millis>1545903462498</millis>
  <sequence>52</sequence>
  <level>END</level>
  <class>com.kms.katalon.core.logging.XmlKeywordLogger</class>
  <method>endKeyword</method>
  <thread>1</thread>
  <message>End action : selenium.click(\&amp;quot;link=LifeShield Flex 5K/20/9K/750K Extended\&amp;quot;)</message>
  <nestedLevel>1</nestedLevel>
</record>
<record>
  <date>2018-12-27T17:37:42</date>
  <millis>1545903462499</millis>
  <sequence>54</sequence>
  <logger>com.kms.katalon.core.logging.XmlKeywordLogger</logger>
  <level>ERROR</level>
  <class>com.kms.katalon.core.logging.XmlKeywordLogger</class>
  <method>logMessage</method>
  <thread>1</thread>
  <message>Test Cases/Regression/Level 1/LifeShield FAILED.\nReason:\ncom.thoughtworks.selenium.SeleniumException: Timed out waiting for action to finish\n\tat com.thoughtworks.selenium.webdriven.Timer.run(Timer.java:46)\n\tat com.thoughtworks.selenium.webdriven.WebDriverCommandProcessor.execute(WebDriverCommandProcessor.java:150)\n\tat com.thoughtworks.selenium.webdriven.WebDriverCommandProcessor.doCommand(WebDriverCommandProcessor.java:76)\n\tat com.thoughtworks.selenium.DefaultSelenium.click(DefaultSelenium.java:198)\n\tat com.thoughtworks.selenium.Selenium$click.call(Unknown Source)\n\tat LifeShield.run(LifeShield:50)\n\tat com.kms.katalon.core.main.ScriptEngine.run(ScriptEngine.java:194)\n\tat com.kms.katalon.core.main.ScriptEngine.runScriptAsRawText(ScriptEngine.java:119)\n\tat com.kms.katalon.core.main.TestCaseExecutor.runScript(TestCaseExecutor.java:328)\n\tat com.kms.katalon.core.main.TestCaseExecutor.doExecute(TestCaseExecutor.java:319)\n\tat com.kms.katalon.core.main.TestCaseExecutor.processExecutionPhase(TestCaseExecutor.java:298)\n\tat com.kms.katalon.core.main.TestCaseExecutor.accessMainPhase(TestCaseExecutor.java:290)\n\tat com.kms.katalon.core.main.TestCaseExecutor.execute(TestCaseExecutor.java:224)\n\tat com.kms.katalon.core.main.TestSuiteExecutor.accessTestCaseMainPhase(TestSuiteExecutor.java:129)\n\tat com.kms.katalon.core.main.TestSuiteExecutor.accessTestSuiteMainPhase(TestSuiteExecutor.java:112)\n\tat com.kms.katalon.core.main.TestSuiteExecutor.execute(TestSuiteExecutor.java:81)\n\tat com.kms.katalon.core.main.TestCaseMain.startTestSuite(TestCaseMain.java:149)\n\tat com.kms.katalon.core.main.TestCaseMain$startTestSuite$0.call(Unknown Source)\n\tat TempTestSuite1545903360109.run(TempTestSuite1545903360109.groovy:36)\n</message>
  <exception>
    <message>com.thoughtworks.selenium.SeleniumException: Timed out waiting for action to finish</message>
    <frame>
      <class>com.thoughtworks.selenium.webdriven.Timer</class>
      <method>run</method>
      <line>46</line>
    </frame>
    <frame>
      <class>com.thoughtworks.selenium.webdriven.WebDriverCommandProcessor</class>
      <method>execute</method>
      <line>150</line>
    </frame>
    <frame>
      <class>com.thoughtworks.selenium.webdriven.WebDriverCommandProcessor</class>
      <method>doCommand</method>
      <line>76</line>
    </frame>
    <frame>
      <class>com.thoughtworks.selenium.DefaultSelenium</class>
      <method>click</method>
      <line>198</line>
    </frame>
    <frame>
      <class>com.thoughtworks.selenium.Selenium$click</class>
      <method>call</method>
    </frame>
    <frame>
      <class>LifeShield</class>
      <method>run</method>
      <line>50</line>
    </frame>
    <frame>
      <class>com.kms.katalon.core.main.ScriptEngine</class>
      <method>run</method>
      <line>194</line>
    </frame>
    <frame>
      <class>com.kms.katalon.core.main.ScriptEngine</class>
      <method>runScriptAsRawText</method>
      <line>119</line>
    </frame>
    <frame>
      <class>com.kms.katalon.core.main.TestCaseExecutor</class>
      <method>runScript</method>
      <line>328</line>
    </frame>
    <frame>
      <class>com.kms.katalon.core.main.TestCaseExecutor</class>
      <method>doExecute</method>
      <line>319</line>
    </frame>
    <frame>
      <class>com.kms.katalon.core.main.TestCaseExecutor</class>
      <method>processExecutionPhase</method>
      <line>298</line>
    </frame>
    <frame>
      <class>com.kms.katalon.core.main.TestCaseExecutor</class>
      <method>accessMainPhase</method>
      <line>290</line>
    </frame>
    <frame>
      <class>com.kms.katalon.core.main.TestCaseExecutor</class>
      <method>execute</method>
      <line>224</line>
    </frame>
    <frame>
      <class>com.kms.katalon.core.main.TestSuiteExecutor</class>
      <method>accessTestCaseMainPhase</method>
      <line>129</line>
    </frame>
    <frame>
      <class>com.kms.katalon.core.main.TestSuiteExecutor</class>
      <method>accessTestSuiteMainPhase</method>
      <line>112</line>
    </frame>
    <frame>
      <class>com.kms.katalon.core.main.TestSuiteExecutor</class>
      <method>execute</method>
      <line>81</line>
    </frame>
    <frame>
      <class>com.kms.katalon.core.main.TestCaseMain</class>
      <method>startTestSuite</method>
      <line>149</line>
    </frame>
    <frame>
      <class>com.kms.katalon.core.main.TestCaseMain$startTestSuite$0</class>
      <method>call</method>
    </frame>
    <frame>
      <class>TempTestSuite1545903360109</class>
      <method>run</method>
      <line>36</line>
    </frame>
  </exception>
  <nestedLevel>0</nestedLevel>
</record>
<record>
  <date>2018-12-27T17:37:44</date>
  <millis>1545903464682</millis>
  <sequence>55</sequence>
  <level>END</level>
  <class>com.kms.katalon.core.logging.XmlKeywordLogger</class>
  <method>endTest</method>
  <thread>1</thread>
  <message>End Test Case : Test Cases/Regression/Level 1/LifeShield</message>
  <nestedLevel>0</nestedLevel>
</record>
<record>
  <date>2018-12-27T17:37:44</date>
  <millis>1545903464684</millis>
  <sequence>56</sequence>
  <level>START</level>
  <class>com.kms.katalon.core.logging.XmlKeywordLogger</class>
  <method>startKeyword</method>
  <thread>1</thread>
  <message>Start tear down : tearDown</message>
  <nestedLevel>0</nestedLevel>
  <property name="isIgnoredIfFailed">true</property>
</record>
<record>
  <date>2018-12-27T17:37:44</date>
  <millis>1545903464685</millis>
  <sequence>57</sequence>
  <level>START</level>
  <class>com.kms.katalon.core.logging.XmlKeywordLogger</class>
  <method>startKeyword</method>
  <thread>1</thread>
  <message>Start action : closeBrowser()</message>
  <nestedLevel>1</nestedLevel>
  <property name="startLine">47</property>
  <property name="stepIndex">1</property>
  <property name="description">Close browser</property>
</record>
<record>
  <date>2018-12-27T17:37:48</date>
  <millis>1545903468412</millis>
  <sequence>59</sequence>
  <level>PASSED</level>
  <class>com.kms.katalon.core.logging.XmlKeywordLogger</class>
  <method>logMessage</method>
  <thread>1</thread>
  <message>Browser is closed</message>
  <nestedLevel>0</nestedLevel>
</record>
<record>
  <date>2018-12-27T17:37:48</date>
  <millis>1545903468413</millis>
  <sequence>60</sequence>
  <level>END</level>
  <class>com.kms.katalon.core.logging.XmlKeywordLogger</class>
  <method>endKeyword</method>
  <thread>1</thread>
  <message>End action : closeBrowser()</message>
  <nestedLevel>1</nestedLevel>
</record>
<record>
  <date>2018-12-27T17:37:48</date>
  <millis>1545903468413</millis>
  <sequence>61</sequence>
  <level>PASSED</level>
  <class>com.kms.katalon.core.logging.XmlKeywordLogger</class>
  <method>logMessage</method>
  <thread>1</thread>
  <message>Method &amp;apos;tearDown&amp;apos; complete successfully</message>
  <nestedLevel>0</nestedLevel>
</record>
<record>
  <date>2018-12-27T17:37:48</date>
  <millis>1545903468413</millis>
  <sequence>62</sequence>
  <level>END</level>
  <class>com.kms.katalon.core.logging.XmlKeywordLogger</class>
  <method>endKeyword</method>
  <thread>1</thread>
  <message>End End action : tearDown</message>
  <nestedLevel>0</nestedLevel>
</record>
<record>
  <date>2018-12-27T17:37:48</date>
  <millis>1545903468415</millis>
  <sequence>63</sequence>
  <level>END</level>
  <class>com.kms.katalon.core.logging.XmlKeywordLogger</class>
  <method>endSuite</method>
  <thread>1</thread>
  <message>End Test Suite : Test Suites/Regression/Level 1</message>
  <nestedLevel>0</nestedLevel>
</record>
</log>
