[Appium] Welcome to Appium v1.8.1
[Appium] Non-default server args:
[Appium]   port: 63115
[Appium]   loglevel: info
[Appium]   chromeDriverPort: 63116
[Appium]   tmpDir: /var/folders/95/4qsvf70n5s55n0wp9h6b0h_r0000gn/T//Katalon/Appium/Temp1547545202002
[Appium]   webkitDebugProxyPort: 63113
[Appium] Appium REST http interface listener started on 0.0.0.0:63115
[HTTP] --> GET /wd/hub/status
[HTTP] {}
[HTTP] <-- GET /wd/hub/status 200 27 ms - 83
[HTTP] 
[HTTP] --> POST /wd/hub/session
[HTTP] {"desiredCapabilities":{"automationName":"XCUITest","browserName":"Safari","deviceId":"","deviceName":"iPhone X","newCommandTimeout":1800,"platform":"IOS","platformName":"iOS","platformVersion":"12.1","realDeviceLogger":"/Applications/Katalon Studio.app/Contents/Eclipse/configuration/resources/tools/deviceconsole/deviceconsole","wdaLocalPort":63112},"capabilities":{"desiredCapabilities":{"automationName":"XCUITest","browserName":"Safari","deviceId":"","deviceName":"iPhone X","newCommandTimeout":1800,"platform":"IOS","platformName":"iOS","platformVersion":"12.1","realDeviceLogger":"/Applications/Katalon Studio.app/Contents/Eclipse/configuration/resources/tools/deviceconsole/deviceconsole","wdaLocalPort":63112},"firstMatch":[{"browserName":"Safari","platformName":"ios"}]}}
[Appium] Could not parse W3C capabilities: 'deviceName' can't be blank. Falling back to JSONWP protocol.
[Appium] The following capabilities were provided in the JSONWP desired capabilities that are missing in W3C capabilities: ["automationName","browserName","deviceId","deviceName","newCommandTimeout","platform","platformName","platformVersion","realDeviceLogger","wdaLocalPort"]. Falling back to JSONWP protocol.
[Appium] Creating new XCUITestDriver (v2.105.0) session
[Appium] Capabilities:
[Appium]   automationName: XCUITest
[Appium]   browserName: Safari
[Appium]   deviceId: 
[Appium]   deviceName: iPhone X
[Appium]   newCommandTimeout: 1800
[Appium]   platform: IOS
[Appium]   platformName: iOS
[Appium]   platformVersion: 12.1
[Appium]   realDeviceLogger: /Applications/Katalon Studio.app/Contents/Eclipse/configuration/resources/tools/deviceconsole/deviceconsole
[Appium]   wdaLocalPort: 63112
[BaseDriver] The following capabilities were provided, but are not recognized by appium: deviceId, platform.
[BaseDriver] Session created with session id: f76893ca-26cb-45ff-b178-649062ecd79f
[iOSSim] Constructing iOS simulator for Xcode version 10.1 with udid '1FBC48CC-4B26-4899-AB2C-0FDD67CACB37'
[XCUITest] Determining device to run tests on: udid: '1FBC48CC-4B26-4899-AB2C-0FDD67CACB37', real device: false
[XCUITest] Safari test requested
[XCUITest] Setting up simulator
[iOSSim] Both Simulator with UDID 1FBC48CC-4B26-4899-AB2C-0FDD67CACB37 and the UI client are currently running
[XCUITest] Using WDA path: '/Users/denisyu/.nvm/versions/node/v8.1.4/lib/node_modules/appium/node_modules/_appium-xcuitest-driver@2.105.0@appium-xcuitest-driver/WebDriverAgent'
[XCUITest] Using WDA agent: '/Users/denisyu/.nvm/versions/node/v8.1.4/lib/node_modules/appium/node_modules/_appium-xcuitest-driver@2.105.0@appium-xcuitest-driver/WebDriverAgent/WebDriverAgent.xcodeproj'
[JSONWP Proxy] Got an unexpected response: {"errno":"ECONNREFUSED","code":"ECONNREFUSED","syscall":"connect","address":"127.0.0.1","port":63112}
[XCUITest] Launching WebDriverAgent on the device
[JSONWP Proxy] Got an unexpected response: {"errno":"ECONNREFUSED","code":"ECONNREFUSED","syscall":"connect","address":"127.0.0.1","port":63112}
[JSONWP Proxy] Got an unexpected response: {"errno":"ECONNREFUSED","code":"ECONNREFUSED","syscall":"connect","address":"127.0.0.1","port":63112}
[JSONWP Proxy] Got an unexpected response: {"errno":"ECONNREFUSED","code":"ECONNREFUSED","syscall":"connect","address":"127.0.0.1","port":63112}
[JSONWP Proxy] Got an unexpected response: {"errno":"ECONNREFUSED","code":"ECONNREFUSED","syscall":"connect","address":"127.0.0.1","port":63112}
[JSONWP Proxy] Got an unexpected response: {"errno":"ECONNREFUSED","code":"ECONNREFUSED","syscall":"connect","address":"127.0.0.1","port":63112}
[JSONWP Proxy] Got an unexpected response: {"errno":"ECONNREFUSED","code":"ECONNREFUSED","syscall":"connect","address":"127.0.0.1","port":63112}
[JSONWP Proxy] Got an unexpected response: {"errno":"ECONNREFUSED","code":"ECONNREFUSED","syscall":"connect","address":"127.0.0.1","port":63112}
[JSONWP Proxy] Got an unexpected response: {"errno":"ECONNREFUSED","code":"ECONNREFUSED","syscall":"connect","address":"127.0.0.1","port":63112}
[JSONWP Proxy] Got an unexpected response: {"errno":"ECONNREFUSED","code":"ECONNREFUSED","syscall":"connect","address":"127.0.0.1","port":63112}
[JSONWP Proxy] Got an unexpected response: {"errno":"ECONNREFUSED","code":"ECONNREFUSED","syscall":"connect","address":"127.0.0.1","port":63112}
[JSONWP Proxy] Got an unexpected response: {"errno":"ECONNREFUSED","code":"ECONNREFUSED","syscall":"connect","address":"127.0.0.1","port":63112}
[JSONWP Proxy] Got an unexpected response: {"errno":"ECONNREFUSED","code":"ECONNREFUSED","syscall":"connect","address":"127.0.0.1","port":63112}
[JSONWP Proxy] Got an unexpected response: {"errno":"ECONNREFUSED","code":"ECONNREFUSED","syscall":"connect","address":"127.0.0.1","port":63112}
[JSONWP Proxy] Got an unexpected response: {"errno":"ECONNREFUSED","code":"ECONNREFUSED","syscall":"connect","address":"127.0.0.1","port":63112}
[JSONWP Proxy] Got an unexpected response: {"errno":"ECONNREFUSED","code":"ECONNREFUSED","syscall":"connect","address":"127.0.0.1","port":63112}
[JSONWP Proxy] Got an unexpected response: {"errno":"ECONNREFUSED","code":"ECONNREFUSED","syscall":"connect","address":"127.0.0.1","port":63112}
[XCUITest] Skipping setting of the initial display orientation. Set the "orientation" capability to either "LANDSCAPE" or "PORTRAIT", if this is an undesired behavior.
[HTTP] --> GET /welcome
[HTTP] {}
[HTTP] <-- GET /welcome 200 13 ms - 124
[HTTP] 
[HTTP] <-- GET /favicon.ico 200 2 ms - 1150
[HTTP] 
[Appium] New XCUITestDriver session created successfully, session f76893ca-26cb-45ff-b178-649062ecd79f added to master session list
[HTTP] <-- POST /wd/hub/session 200 33676 ms - 608
[HTTP] 
[HTTP] --> GET /wd/hub/status
[HTTP] {}
[HTTP] <-- GET /wd/hub/status 200 48 ms - 55
[HTTP] 
[HTTP] --> POST /wd/hub/session/f76893ca-26cb-45ff-b178-649062ecd79f/timeouts
[HTTP] {"type":"implicit","ms":60000}
[HTTP] <-- POST /wd/hub/session/f76893ca-26cb-45ff-b178-649062ecd79f/timeouts 400 19 ms - 5641
[HTTP] 
[HTTP] --> POST /wd/hub/session/f76893ca-26cb-45ff-b178-649062ecd79f/timeouts
[HTTP] {"type":"implicit","ms":0}
[HTTP] <-- POST /wd/hub/session/f76893ca-26cb-45ff-b178-649062ecd79f/timeouts 400 2 ms - 5633
[HTTP] 
[HTTP] --> POST /wd/hub/session/f76893ca-26cb-45ff-b178-649062ecd79f/execute
[HTTP] {"script":"return navigator.sayswho= (function() { var ua= navigator.userAgent, tem, M= ua.match(/(opera|chrome|safari|firefox|msie|trident)\\/?\\s*(\\.?\\d+(\\.\\d+)*)/i) || []; if (/trident/i.test(M[1])) {     tem=  /\\brv[ :]+(\\d+)/g.exec(ua) || [];     return 'IE '+(tem[1] || ''); } if(M[1]=== 'Chrome') {     tem= ua.match(/\\b(OPR|Edge)\\/(\\d+)/);     if(tem!= null) return tem.slice(1).join(' ').replace('OPR', 'Opera'); } M= M[2]? [M[1], M[2]]: [navigator.appName, navigator.appVersion, '-?']; if((tem= ua.match(/version\\/(\\d+)/i))!= null) M.splice(1, 1, tem[1]); return M.join(' ').replace('MSIE', 'IE');})();","args":[]}
[HTTP] <-- POST /wd/hub/session/f76893ca-26cb-45ff-b178-649062ecd79f/execute 200 844 ms - 83
[HTTP] 
[HTTP] --> POST /wd/hub/session/f76893ca-26cb-45ff-b178-649062ecd79f/url
[HTTP] {"url":"https://praetemptatus.agilehealthinsurance.com/"}
[HTTP] <-- POST /wd/hub/session/f76893ca-26cb-45ff-b178-649062ecd79f/url 200 3226 ms - 76
[HTTP] 
[HTTP] --> POST /wd/hub/session/f76893ca-26cb-45ff-b178-649062ecd79f/elements
[HTTP] {"using":"xpath","value":"//a[@href = '/health-insurance-quotes' and @id = 'primaryCTA' and @title = 'Get Health Insurance Quotes' and (text() = 'Quote & Save Today' or . = 'Quote & Save Today')]"}
[HTTP] <-- POST /wd/hub/session/f76893ca-26cb-45ff-b178-649062ecd79f/elements 200 2154 ms - 74
[HTTP] 
[HTTP] --> POST /wd/hub/session/f76893ca-26cb-45ff-b178-649062ecd79f/elements
[HTTP] {"using":"xpath","value":"//a[@href = '/health-insurance-quotes' and @id = 'primaryCTA' and @title = 'Get Health Insurance Quotes' and (text() = 'Quote & Save Today' or . = 'Quote & Save Today')]"}
[HTTP] <-- POST /wd/hub/session/f76893ca-26cb-45ff-b178-649062ecd79f/elements 200 873 ms - 92
[HTTP] 
[HTTP] --> GET /wd/hub/session/f76893ca-26cb-45ff-b178-649062ecd79f
[HTTP] {}
[XCUITest] Merging WDA caps over Appium caps for session detail response
[HTTP] <-- GET /wd/hub/session/f76893ca-26cb-45ff-b178-649062ecd79f 200 3166 ms - 627
[HTTP] 
[HTTP] --> GET /wd/hub/session/f76893ca-26cb-45ff-b178-649062ecd79f
[HTTP] {}
[XCUITest] Merging WDA caps over Appium caps for session detail response
[HTTP] <-- GET /wd/hub/session/f76893ca-26cb-45ff-b178-649062ecd79f 200 4 ms - 627
[HTTP] 
[HTTP] --> GET /wd/hub/session/f76893ca-26cb-45ff-b178-649062ecd79f
[HTTP] {}
[XCUITest] Merging WDA caps over Appium caps for session detail response
[HTTP] <-- GET /wd/hub/session/f76893ca-26cb-45ff-b178-649062ecd79f 200 2 ms - 627
[HTTP] 
[HTTP] --> GET /wd/hub/session/f76893ca-26cb-45ff-b178-649062ecd79f
[HTTP] {}
[XCUITest] Merging WDA caps over Appium caps for session detail response
[HTTP] <-- GET /wd/hub/session/f76893ca-26cb-45ff-b178-649062ecd79f 200 2 ms - 627
[HTTP] 
[HTTP] --> POST /wd/hub/session/f76893ca-26cb-45ff-b178-649062ecd79f/element/5000/click
[HTTP] {"id":"5000"}
[HTTP] <-- POST /wd/hub/session/f76893ca-26cb-45ff-b178-649062ecd79f/element/5000/click 200 971 ms - 76
[HTTP] 
[HTTP] --> POST /wd/hub/session/f76893ca-26cb-45ff-b178-649062ecd79f/elements
[HTTP] {"using":"xpath","value":"//input[@id = 'zip-input' and @type = 'tel' and @placeholder = 'Zip Code']"}
[HTTP] <-- POST /wd/hub/session/f76893ca-26cb-45ff-b178-649062ecd79f/elements 200 1289 ms - 92
[HTTP] 
[HTTP] --> GET /wd/hub/session/f76893ca-26cb-45ff-b178-649062ecd79f
[HTTP] {}
[XCUITest] Merging WDA caps over Appium caps for session detail response
[HTTP] <-- GET /wd/hub/session/f76893ca-26cb-45ff-b178-649062ecd79f 200 9 ms - 627
[HTTP] 
[HTTP] --> GET /wd/hub/session/f76893ca-26cb-45ff-b178-649062ecd79f
[HTTP] {}
[XCUITest] Merging WDA caps over Appium caps for session detail response
[HTTP] <-- GET /wd/hub/session/f76893ca-26cb-45ff-b178-649062ecd79f 200 2 ms - 627
[HTTP] 
[HTTP] --> GET /wd/hub/session/f76893ca-26cb-45ff-b178-649062ecd79f
[HTTP] {}
[XCUITest] Merging WDA caps over Appium caps for session detail response
[HTTP] <-- GET /wd/hub/session/f76893ca-26cb-45ff-b178-649062ecd79f 200 2 ms - 627
[HTTP] 
[HTTP] --> GET /wd/hub/session/f76893ca-26cb-45ff-b178-649062ecd79f
[HTTP] {}
[XCUITest] Merging WDA caps over Appium caps for session detail response
[HTTP] <-- GET /wd/hub/session/f76893ca-26cb-45ff-b178-649062ecd79f 200 2 ms - 627
[HTTP] 
[HTTP] --> POST /wd/hub/session/f76893ca-26cb-45ff-b178-649062ecd79f/element/5001/clear
[HTTP] {"id":"5001"}
[HTTP] <-- POST /wd/hub/session/f76893ca-26cb-45ff-b178-649062ecd79f/element/5001/clear 200 1097 ms - 76
[HTTP] 
[HTTP] --> POST /wd/hub/session/f76893ca-26cb-45ff-b178-649062ecd79f/elements
[HTTP] {"using":"xpath","value":"//input[@id = 'zip-input' and @type = 'tel' and @placeholder = 'Zip Code']"}
[HTTP] <-- POST /wd/hub/session/f76893ca-26cb-45ff-b178-649062ecd79f/elements 200 720 ms - 92
[HTTP] 
[HTTP] --> GET /wd/hub/session/f76893ca-26cb-45ff-b178-649062ecd79f
[HTTP] {}
[XCUITest] Merging WDA caps over Appium caps for session detail response
[HTTP] <-- GET /wd/hub/session/f76893ca-26cb-45ff-b178-649062ecd79f 200 2 ms - 627
[HTTP] 
[HTTP] --> GET /wd/hub/session/f76893ca-26cb-45ff-b178-649062ecd79f
[HTTP] {}
[XCUITest] Merging WDA caps over Appium caps for session detail response
[HTTP] <-- GET /wd/hub/session/f76893ca-26cb-45ff-b178-649062ecd79f 200 2 ms - 627
[HTTP] 
[HTTP] --> GET /wd/hub/session/f76893ca-26cb-45ff-b178-649062ecd79f
[HTTP] {}
[XCUITest] Merging WDA caps over Appium caps for session detail response
[HTTP] <-- GET /wd/hub/session/f76893ca-26cb-45ff-b178-649062ecd79f 200 2 ms - 627
[HTTP] 
[HTTP] --> GET /wd/hub/session/f76893ca-26cb-45ff-b178-649062ecd79f
[HTTP] {}
[XCUITest] Merging WDA caps over Appium caps for session detail response
[HTTP] <-- GET /wd/hub/session/f76893ca-26cb-45ff-b178-649062ecd79f 200 2 ms - 627
[HTTP] 
[HTTP] --> POST /wd/hub/session/f76893ca-26cb-45ff-b178-649062ecd79f/element/5002/value
[HTTP] {"id":"5002","value":["60602"]}
[HTTP] <-- POST /wd/hub/session/f76893ca-26cb-45ff-b178-649062ecd79f/element/5002/value 200 1298 ms - 76
[HTTP] 
[HTTP] --> POST /wd/hub/session/f76893ca-26cb-45ff-b178-649062ecd79f/elements
[HTTP] {"using":"xpath","value":"//input[@id = 'dob-0' and @type = 'tel' and @placeholder = 'mm/dd/yyyy']"}
[HTTP] <-- POST /wd/hub/session/f76893ca-26cb-45ff-b178-649062ecd79f/elements 200 847 ms - 92
[HTTP] 
[HTTP] --> GET /wd/hub/session/f76893ca-26cb-45ff-b178-649062ecd79f
[HTTP] {}
[XCUITest] Merging WDA caps over Appium caps for session detail response
[HTTP] <-- GET /wd/hub/session/f76893ca-26cb-45ff-b178-649062ecd79f 200 4 ms - 627
[HTTP] 
[HTTP] --> GET /wd/hub/session/f76893ca-26cb-45ff-b178-649062ecd79f
[HTTP] {}
[XCUITest] Merging WDA caps over Appium caps for session detail response
[HTTP] <-- GET /wd/hub/session/f76893ca-26cb-45ff-b178-649062ecd79f 200 2 ms - 627
[HTTP] 
[HTTP] --> GET /wd/hub/session/f76893ca-26cb-45ff-b178-649062ecd79f
[HTTP] {}
[XCUITest] Merging WDA caps over Appium caps for session detail response
[HTTP] <-- GET /wd/hub/session/f76893ca-26cb-45ff-b178-649062ecd79f 200 2 ms - 627
[HTTP] 
[HTTP] --> GET /wd/hub/session/f76893ca-26cb-45ff-b178-649062ecd79f
[HTTP] {}
[XCUITest] Merging WDA caps over Appium caps for session detail response
[HTTP] <-- GET /wd/hub/session/f76893ca-26cb-45ff-b178-649062ecd79f 200 2 ms - 627
[HTTP] 
[HTTP] --> POST /wd/hub/session/f76893ca-26cb-45ff-b178-649062ecd79f/element/5003/clear
[HTTP] {"id":"5003"}
[HTTP] <-- POST /wd/hub/session/f76893ca-26cb-45ff-b178-649062ecd79f/element/5003/clear 200 1801 ms - 76
[HTTP] 
[HTTP] --> POST /wd/hub/session/f76893ca-26cb-45ff-b178-649062ecd79f/elements
[HTTP] {"using":"xpath","value":"//input[@id = 'dob-0' and @type = 'tel' and @placeholder = 'mm/dd/yyyy']"}
[HTTP] <-- POST /wd/hub/session/f76893ca-26cb-45ff-b178-649062ecd79f/elements 200 2253 ms - 92
[HTTP] 
[HTTP] --> GET /wd/hub/session/f76893ca-26cb-45ff-b178-649062ecd79f
[HTTP] {}
[XCUITest] Merging WDA caps over Appium caps for session detail response
[HTTP] <-- GET /wd/hub/session/f76893ca-26cb-45ff-b178-649062ecd79f 200 4 ms - 627
[HTTP] 
[HTTP] --> GET /wd/hub/session/f76893ca-26cb-45ff-b178-649062ecd79f
[HTTP] {}
[XCUITest] Merging WDA caps over Appium caps for session detail response
[HTTP] <-- GET /wd/hub/session/f76893ca-26cb-45ff-b178-649062ecd79f 200 2 ms - 627
[HTTP] 
[HTTP] --> GET /wd/hub/session/f76893ca-26cb-45ff-b178-649062ecd79f
[HTTP] {}
[XCUITest] Merging WDA caps over Appium caps for session detail response
[HTTP] <-- GET /wd/hub/session/f76893ca-26cb-45ff-b178-649062ecd79f 200 2 ms - 627
[HTTP] 
[HTTP] --> GET /wd/hub/session/f76893ca-26cb-45ff-b178-649062ecd79f
[HTTP] {}
[XCUITest] Merging WDA caps over Appium caps for session detail response
[HTTP] <-- GET /wd/hub/session/f76893ca-26cb-45ff-b178-649062ecd79f 200 2 ms - 627
[HTTP] 
[HTTP] --> POST /wd/hub/session/f76893ca-26cb-45ff-b178-649062ecd79f/element/5004/value
[HTTP] {"id":"5004","value":["03/03/1987"]}
[HTTP] <-- POST /wd/hub/session/f76893ca-26cb-45ff-b178-649062ecd79f/element/5004/value 200 2446 ms - 76
[HTTP] 
[HTTP] --> POST /wd/hub/session/f76893ca-26cb-45ff-b178-649062ecd79f/elements
[HTTP] {"using":"xpath","value":"//label[(text() = 'Male' or . = 'Male')]"}
[HTTP] <-- POST /wd/hub/session/f76893ca-26cb-45ff-b178-649062ecd79f/elements 200 1963 ms - 92
[HTTP] 
[HTTP] --> GET /wd/hub/session/f76893ca-26cb-45ff-b178-649062ecd79f
[HTTP] {}
[XCUITest] Merging WDA caps over Appium caps for session detail response
[HTTP] <-- GET /wd/hub/session/f76893ca-26cb-45ff-b178-649062ecd79f 200 2 ms - 627
[HTTP] 
[HTTP] --> GET /wd/hub/session/f76893ca-26cb-45ff-b178-649062ecd79f
[HTTP] {}
[XCUITest] Merging WDA caps over Appium caps for session detail response
[HTTP] <-- GET /wd/hub/session/f76893ca-26cb-45ff-b178-649062ecd79f 200 2 ms - 627
[HTTP] 
[HTTP] --> GET /wd/hub/session/f76893ca-26cb-45ff-b178-649062ecd79f
[HTTP] {}
[XCUITest] Merging WDA caps over Appium caps for session detail response
[HTTP] <-- GET /wd/hub/session/f76893ca-26cb-45ff-b178-649062ecd79f 200 2 ms - 627
[HTTP] 
[HTTP] --> GET /wd/hub/session/f76893ca-26cb-45ff-b178-649062ecd79f
[HTTP] {}
[XCUITest] Merging WDA caps over Appium caps for session detail response
[HTTP] <-- GET /wd/hub/session/f76893ca-26cb-45ff-b178-649062ecd79f 200 2 ms - 627
[HTTP] 
[HTTP] --> POST /wd/hub/session/f76893ca-26cb-45ff-b178-649062ecd79f/element/5005/click
[HTTP] {"id":"5005"}
[HTTP] <-- POST /wd/hub/session/f76893ca-26cb-45ff-b178-649062ecd79f/element/5005/click 200 885 ms - 76
[HTTP] 
[HTTP] --> POST /wd/hub/session/f76893ca-26cb-45ff-b178-649062ecd79f/elements
[HTTP] {"using":"xpath","value":"//label[@id = 'js-see-plans' and @href = '#' and (text() = 'Compare Plans ' or . = 'Compare Plans ')]"}
[HTTP] <-- POST /wd/hub/session/f76893ca-26cb-45ff-b178-649062ecd79f/elements 200 271 ms - 92
[HTTP] 
[HTTP] --> GET /wd/hub/session/f76893ca-26cb-45ff-b178-649062ecd79f
[HTTP] {}
[XCUITest] Merging WDA caps over Appium caps for session detail response
[HTTP] <-- GET /wd/hub/session/f76893ca-26cb-45ff-b178-649062ecd79f 200 2 ms - 627
[HTTP] 
[HTTP] --> GET /wd/hub/session/f76893ca-26cb-45ff-b178-649062ecd79f
[HTTP] {}
[XCUITest] Merging WDA caps over Appium caps for session detail response
[HTTP] <-- GET /wd/hub/session/f76893ca-26cb-45ff-b178-649062ecd79f 200 2 ms - 627
[HTTP] 
[HTTP] --> GET /wd/hub/session/f76893ca-26cb-45ff-b178-649062ecd79f
[HTTP] {}
[XCUITest] Merging WDA caps over Appium caps for session detail response
[HTTP] <-- GET /wd/hub/session/f76893ca-26cb-45ff-b178-649062ecd79f 200 2 ms - 627
[HTTP] 
[HTTP] --> GET /wd/hub/session/f76893ca-26cb-45ff-b178-649062ecd79f
[HTTP] {}
[XCUITest] Merging WDA caps over Appium caps for session detail response
[HTTP] <-- GET /wd/hub/session/f76893ca-26cb-45ff-b178-649062ecd79f 200 2 ms - 627
[HTTP] 
[HTTP] --> POST /wd/hub/session/f76893ca-26cb-45ff-b178-649062ecd79f/element/5006/click
[HTTP] {"id":"5006"}
[HTTP] <-- POST /wd/hub/session/f76893ca-26cb-45ff-b178-649062ecd79f/element/5006/click 200 392 ms - 76
[HTTP] 
[HTTP] --> POST /wd/hub/session/f76893ca-26cb-45ff-b178-649062ecd79f/elements
[HTTP] {"using":"xpath","value":"//*[@href = '/term-health-insurance/plan/slaico-il-plan-2-10000-30-20000-1000000' and @class = 'c-plan-unit-v3__plan-name' and (text() = 'Standard Life Select STM Plan 2 10K/30/1M' or . = 'Standard Life Select STM Plan 2 10K/30/1M')]"}
[HTTP] <-- POST /wd/hub/session/f76893ca-26cb-45ff-b178-649062ecd79f/elements 200 1279 ms - 74
[HTTP] 
[HTTP] --> POST /wd/hub/session/f76893ca-26cb-45ff-b178-649062ecd79f/elements
[HTTP] {"using":"xpath","value":"//*[@href = '/term-health-insurance/plan/slaico-il-plan-2-10000-30-20000-1000000' and @class = 'c-plan-unit-v3__plan-name' and (text() = 'Standard Life Select STM Plan 2 10K/30/1M' or . = 'Standard Life Select STM Plan 2 10K/30/1M')]"}
[HTTP] <-- POST /wd/hub/session/f76893ca-26cb-45ff-b178-649062ecd79f/elements 200 1340 ms - 74
[HTTP] 
[HTTP] --> POST /wd/hub/session/f76893ca-26cb-45ff-b178-649062ecd79f/elements
[HTTP] {"using":"xpath","value":"//*[@href = '/term-health-insurance/plan/slaico-il-plan-2-10000-30-20000-1000000' and @class = 'c-plan-unit-v3__plan-name' and (text() = 'Standard Life Select STM Plan 2 10K/30/1M' or . = 'Standard Life Select STM Plan 2 10K/30/1M')]"}
[HTTP] <-- POST /wd/hub/session/f76893ca-26cb-45ff-b178-649062ecd79f/elements 200 836 ms - 74
[HTTP] 
[HTTP] --> POST /wd/hub/session/f76893ca-26cb-45ff-b178-649062ecd79f/elements
[HTTP] {"using":"xpath","value":"//*[@href = '/term-health-insurance/plan/slaico-il-plan-2-10000-30-20000-1000000' and @class = 'c-plan-unit-v3__plan-name' and (text() = 'Standard Life Select STM Plan 2 10K/30/1M' or . = 'Standard Life Select STM Plan 2 10K/30/1M')]"}
[HTTP] <-- POST /wd/hub/session/f76893ca-26cb-45ff-b178-649062ecd79f/elements 200 733 ms - 92
[HTTP] 
[HTTP] --> GET /wd/hub/session/f76893ca-26cb-45ff-b178-649062ecd79f
[HTTP] {}
[XCUITest] Merging WDA caps over Appium caps for session detail response
[HTTP] <-- GET /wd/hub/session/f76893ca-26cb-45ff-b178-649062ecd79f 200 3 ms - 627
[HTTP] 
[HTTP] --> GET /wd/hub/session/f76893ca-26cb-45ff-b178-649062ecd79f
[HTTP] {}
[XCUITest] Merging WDA caps over Appium caps for session detail response
[HTTP] <-- GET /wd/hub/session/f76893ca-26cb-45ff-b178-649062ecd79f 200 2 ms - 627
[HTTP] 
[HTTP] --> GET /wd/hub/session/f76893ca-26cb-45ff-b178-649062ecd79f
[HTTP] {}
[XCUITest] Merging WDA caps over Appium caps for session detail response
[HTTP] <-- GET /wd/hub/session/f76893ca-26cb-45ff-b178-649062ecd79f 200 2 ms - 627
[HTTP] 
[HTTP] --> GET /wd/hub/session/f76893ca-26cb-45ff-b178-649062ecd79f
[HTTP] {}
[XCUITest] Merging WDA caps over Appium caps for session detail response
[HTTP] <-- GET /wd/hub/session/f76893ca-26cb-45ff-b178-649062ecd79f 200 2 ms - 627
[HTTP] 
[HTTP] --> POST /wd/hub/session/f76893ca-26cb-45ff-b178-649062ecd79f/execute
[HTTP] {"script":"arguments[0].scrollIntoView();","args":[{"ELEMENT":"5007","element-6066-11e4-a52e-4f735466cecf":"5007"}]}
[HTTP] <-- POST /wd/hub/session/f76893ca-26cb-45ff-b178-649062ecd79f/execute 200 493 ms - 76
[HTTP] 
[HTTP] --> POST /wd/hub/session/f76893ca-26cb-45ff-b178-649062ecd79f/elements
[HTTP] {"using":"xpath","value":"//*[@href = '/term-health-insurance/plan/slaico-il-plan-2-10000-30-20000-1000000' and @class = 'c-plan-unit-v3__plan-name' and (text() = 'Standard Life Select STM Plan 2 10K/30/1M' or . = 'Standard Life Select STM Plan 2 10K/30/1M')]"}
[HTTP] <-- POST /wd/hub/session/f76893ca-26cb-45ff-b178-649062ecd79f/elements 200 2252 ms - 92
[HTTP] 
[HTTP] --> GET /wd/hub/session/f76893ca-26cb-45ff-b178-649062ecd79f
[HTTP] {}
[XCUITest] Merging WDA caps over Appium caps for session detail response
[HTTP] <-- GET /wd/hub/session/f76893ca-26cb-45ff-b178-649062ecd79f 200 2 ms - 627
[HTTP] 
[HTTP] --> GET /wd/hub/session/f76893ca-26cb-45ff-b178-649062ecd79f
[HTTP] {}
[XCUITest] Merging WDA caps over Appium caps for session detail response
[HTTP] <-- GET /wd/hub/session/f76893ca-26cb-45ff-b178-649062ecd79f 200 2 ms - 627
[HTTP] 
[HTTP] --> GET /wd/hub/session/f76893ca-26cb-45ff-b178-649062ecd79f
[HTTP] {}
[XCUITest] Merging WDA caps over Appium caps for session detail response
[HTTP] <-- GET /wd/hub/session/f76893ca-26cb-45ff-b178-649062ecd79f 200 3 ms - 627
[HTTP] 
[HTTP] --> GET /wd/hub/session/f76893ca-26cb-45ff-b178-649062ecd79f
[HTTP] {}
[XCUITest] Merging WDA caps over Appium caps for session detail response
[HTTP] <-- GET /wd/hub/session/f76893ca-26cb-45ff-b178-649062ecd79f 200 6 ms - 627
[HTTP] 
[HTTP] --> POST /wd/hub/session/f76893ca-26cb-45ff-b178-649062ecd79f/element/5008/click
[HTTP] {"id":"5008"}
[HTTP] <-- POST /wd/hub/session/f76893ca-26cb-45ff-b178-649062ecd79f/element/5008/click 200 550 ms - 76
[HTTP] 
[HTTP] --> POST /wd/hub/session/f76893ca-26cb-45ff-b178-649062ecd79f/elements
[HTTP] {"using":"xpath","value":"//*[@id = 'plan-details-primary-apply' and @href = '/term-health-insurance/apply/slaico-il-plan-2-10000-30-20000-1000000' and (text() = 'Apply for This Plan' or . = 'Apply for This Plan')]"}
[HTTP] <-- POST /wd/hub/session/f76893ca-26cb-45ff-b178-649062ecd79f/elements 200 3827 ms - 92
[HTTP] 
[HTTP] --> GET /wd/hub/session/f76893ca-26cb-45ff-b178-649062ecd79f
[HTTP] {}
[XCUITest] Merging WDA caps over Appium caps for session detail response
[HTTP] <-- GET /wd/hub/session/f76893ca-26cb-45ff-b178-649062ecd79f 200 2 ms - 627
[HTTP] 
[HTTP] --> GET /wd/hub/session/f76893ca-26cb-45ff-b178-649062ecd79f
[HTTP] {}
[XCUITest] Merging WDA caps over Appium caps for session detail response
[HTTP] <-- GET /wd/hub/session/f76893ca-26cb-45ff-b178-649062ecd79f 200 2 ms - 627
[HTTP] 
[HTTP] --> GET /wd/hub/session/f76893ca-26cb-45ff-b178-649062ecd79f
[HTTP] {}
[XCUITest] Merging WDA caps over Appium caps for session detail response
[HTTP] <-- GET /wd/hub/session/f76893ca-26cb-45ff-b178-649062ecd79f 200 2 ms - 627
[HTTP] 
[HTTP] --> GET /wd/hub/session/f76893ca-26cb-45ff-b178-649062ecd79f
[HTTP] {}
[XCUITest] Merging WDA caps over Appium caps for session detail response
[HTTP] <-- GET /wd/hub/session/f76893ca-26cb-45ff-b178-649062ecd79f 200 2 ms - 627
[HTTP] 
[HTTP] --> GET /wd/hub/session/f76893ca-26cb-45ff-b178-649062ecd79f/element/5009/displayed
[HTTP] {}
[HTTP] <-- GET /wd/hub/session/f76893ca-26cb-45ff-b178-649062ecd79f/element/5009/displayed 200 3913 ms - 76
[HTTP] 
[HTTP] --> POST /wd/hub/session/f76893ca-26cb-45ff-b178-649062ecd79f/elements
[HTTP] {"using":"xpath","value":"//*[@id = 'plan-details-primary-apply' and @href = '/term-health-insurance/apply/slaico-il-plan-2-10000-30-20000-1000000' and (text() = 'Apply for This Plan' or . = 'Apply for This Plan')]"}
[HTTP] <-- POST /wd/hub/session/f76893ca-26cb-45ff-b178-649062ecd79f/elements 200 2395 ms - 92
[HTTP] 
[HTTP] --> GET /wd/hub/session/f76893ca-26cb-45ff-b178-649062ecd79f
[HTTP] {}
[XCUITest] Merging WDA caps over Appium caps for session detail response
[HTTP] <-- GET /wd/hub/session/f76893ca-26cb-45ff-b178-649062ecd79f 200 8 ms - 627
[HTTP] 
[HTTP] --> GET /wd/hub/session/f76893ca-26cb-45ff-b178-649062ecd79f
[HTTP] {}
[XCUITest] Merging WDA caps over Appium caps for session detail response
[HTTP] <-- GET /wd/hub/session/f76893ca-26cb-45ff-b178-649062ecd79f 200 2 ms - 627
[HTTP] 
[HTTP] --> GET /wd/hub/session/f76893ca-26cb-45ff-b178-649062ecd79f
[HTTP] {}
[XCUITest] Merging WDA caps over Appium caps for session detail response
[HTTP] <-- GET /wd/hub/session/f76893ca-26cb-45ff-b178-649062ecd79f 200 2 ms - 627
[HTTP] 
[HTTP] --> GET /wd/hub/session/f76893ca-26cb-45ff-b178-649062ecd79f
[HTTP] {}
[XCUITest] Merging WDA caps over Appium caps for session detail response
[HTTP] <-- GET /wd/hub/session/f76893ca-26cb-45ff-b178-649062ecd79f 200 2 ms - 627
[HTTP] 
[HTTP] --> POST /wd/hub/session/f76893ca-26cb-45ff-b178-649062ecd79f/element/5010/click
[HTTP] {"id":"5010"}
[HTTP] <-- POST /wd/hub/session/f76893ca-26cb-45ff-b178-649062ecd79f/element/5010/click 200 574 ms - 76
[HTTP] 
[HTTP] --> POST /wd/hub/session/f76893ca-26cb-45ff-b178-649062ecd79f/elements
[HTTP] {"using":"xpath","value":"id(\"applyButton\")[count(. | //*[@id = 'applyButton' and (text() = ' Start Secure Application' or . = ' Start Secure Application')]) = count(//*[@id = 'applyButton' and (text() = ' Start Secure Application' or . = ' Start Secure Application')])]"}
[HTTP] <-- POST /wd/hub/session/f76893ca-26cb-45ff-b178-649062ecd79f/elements 200 2558 ms - 92
[HTTP] 
[HTTP] --> GET /wd/hub/session/f76893ca-26cb-45ff-b178-649062ecd79f
[HTTP] {}
[XCUITest] Merging WDA caps over Appium caps for session detail response
[HTTP] <-- GET /wd/hub/session/f76893ca-26cb-45ff-b178-649062ecd79f 200 2 ms - 627
[HTTP] 
[HTTP] --> GET /wd/hub/session/f76893ca-26cb-45ff-b178-649062ecd79f
[HTTP] {}
[XCUITest] Merging WDA caps over Appium caps for session detail response
[HTTP] <-- GET /wd/hub/session/f76893ca-26cb-45ff-b178-649062ecd79f 200 4 ms - 627
[HTTP] 
[HTTP] --> GET /wd/hub/session/f76893ca-26cb-45ff-b178-649062ecd79f
[HTTP] {}
[XCUITest] Merging WDA caps over Appium caps for session detail response
[HTTP] <-- GET /wd/hub/session/f76893ca-26cb-45ff-b178-649062ecd79f 200 3 ms - 627
[HTTP] 
[HTTP] --> GET /wd/hub/session/f76893ca-26cb-45ff-b178-649062ecd79f
[HTTP] {}
[XCUITest] Merging WDA caps over Appium caps for session detail response
[HTTP] <-- GET /wd/hub/session/f76893ca-26cb-45ff-b178-649062ecd79f 200 3 ms - 627
[HTTP] 
[HTTP] --> GET /wd/hub/session/f76893ca-26cb-45ff-b178-649062ecd79f/element/5011/displayed
[HTTP] {}
[HTTP] <-- GET /wd/hub/session/f76893ca-26cb-45ff-b178-649062ecd79f/element/5011/displayed 200 518 ms - 76
[HTTP] 
[HTTP] --> POST /wd/hub/session/f76893ca-26cb-45ff-b178-649062ecd79f/elements
[HTTP] {"using":"xpath","value":"id(\"applyButton\")[count(. | //*[@id = 'applyButton' and (text() = ' Start Secure Application' or . = ' Start Secure Application')]) = count(//*[@id = 'applyButton' and (text() = ' Start Secure Application' or . = ' Start Secure Application')])]"}
[HTTP] <-- POST /wd/hub/session/f76893ca-26cb-45ff-b178-649062ecd79f/elements 200 1296 ms - 92
[HTTP] 
[HTTP] --> GET /wd/hub/session/f76893ca-26cb-45ff-b178-649062ecd79f
[HTTP] {}
[XCUITest] Merging WDA caps over Appium caps for session detail response
[HTTP] <-- GET /wd/hub/session/f76893ca-26cb-45ff-b178-649062ecd79f 200 2 ms - 627
[HTTP] 
[HTTP] --> GET /wd/hub/session/f76893ca-26cb-45ff-b178-649062ecd79f
[HTTP] {}
[XCUITest] Merging WDA caps over Appium caps for session detail response
[HTTP] <-- GET /wd/hub/session/f76893ca-26cb-45ff-b178-649062ecd79f 200 2 ms - 627
[HTTP] 
[HTTP] --> GET /wd/hub/session/f76893ca-26cb-45ff-b178-649062ecd79f
[HTTP] {}
[XCUITest] Merging WDA caps over Appium caps for session detail response
[HTTP] <-- GET /wd/hub/session/f76893ca-26cb-45ff-b178-649062ecd79f 200 2 ms - 627
[HTTP] 
[HTTP] --> GET /wd/hub/session/f76893ca-26cb-45ff-b178-649062ecd79f
[HTTP] {}
[XCUITest] Merging WDA caps over Appium caps for session detail response
[HTTP] <-- GET /wd/hub/session/f76893ca-26cb-45ff-b178-649062ecd79f 200 2 ms - 627
[HTTP] 
[HTTP] --> POST /wd/hub/session/f76893ca-26cb-45ff-b178-649062ecd79f/element/5012/click
[HTTP] {"id":"5012"}
[HTTP] <-- POST /wd/hub/session/f76893ca-26cb-45ff-b178-649062ecd79f/element/5012/click 200 876 ms - 76
[HTTP] 
[HTTP] --> POST /wd/hub/session/f76893ca-26cb-45ff-b178-649062ecd79f/execute
[HTTP] {"script":"return document.readyState","args":[]}
[HTTP] <-- POST /wd/hub/session/f76893ca-26cb-45ff-b178-649062ecd79f/execute 200 3703 ms - 81
[HTTP] 
[HTTP] --> POST /wd/hub/session/f76893ca-26cb-45ff-b178-649062ecd79f/execute
[HTTP] {"script":"return document.readyState","args":[]}
[HTTP] <-- POST /wd/hub/session/f76893ca-26cb-45ff-b178-649062ecd79f/execute 200 194 ms - 81
[HTTP] 
[HTTP] --> POST /wd/hub/session/f76893ca-26cb-45ff-b178-649062ecd79f/execute
[HTTP] {"script":"return document.readyState","args":[]}
[HTTP] <-- POST /wd/hub/session/f76893ca-26cb-45ff-b178-649062ecd79f/execute 200 1891 ms - 85
[HTTP] 
[HTTP] --> POST /wd/hub/session/f76893ca-26cb-45ff-b178-649062ecd79f/execute
[HTTP] {"script":"return document.readyState","args":[]}
[HTTP] <-- POST /wd/hub/session/f76893ca-26cb-45ff-b178-649062ecd79f/execute 200 3655 ms - 85
[HTTP] 
[HTTP] --> POST /wd/hub/session/f76893ca-26cb-45ff-b178-649062ecd79f/execute
[HTTP] {"script":"return document.readyState","args":[]}
[HTTP] <-- POST /wd/hub/session/f76893ca-26cb-45ff-b178-649062ecd79f/execute 200 3770 ms - 85
[HTTP] 
[HTTP] --> POST /wd/hub/session/f76893ca-26cb-45ff-b178-649062ecd79f/execute
[HTTP] {"script":"return document.readyState","args":[]}
[HTTP] <-- POST /wd/hub/session/f76893ca-26cb-45ff-b178-649062ecd79f/execute 200 6960 ms - 85
[HTTP] 
[HTTP] --> POST /wd/hub/session/f76893ca-26cb-45ff-b178-649062ecd79f/execute
[HTTP] {"script":"return document.readyState","args":[]}
[HTTP] <-- POST /wd/hub/session/f76893ca-26cb-45ff-b178-649062ecd79f/execute 200 3585 ms - 85
[HTTP] 
[HTTP] --> POST /wd/hub/session/f76893ca-26cb-45ff-b178-649062ecd79f/execute
[HTTP] {"script":"return document.readyState","args":[]}
[HTTP] <-- POST /wd/hub/session/f76893ca-26cb-45ff-b178-649062ecd79f/execute 200 1840 ms - 85
[HTTP] 
[HTTP] --> POST /wd/hub/session/f76893ca-26cb-45ff-b178-649062ecd79f/execute
[HTTP] {"script":"return document.readyState","args":[]}
[HTTP] <-- POST /wd/hub/session/f76893ca-26cb-45ff-b178-649062ecd79f/execute 200 1855 ms - 85
[HTTP] 
[HTTP] --> POST /wd/hub/session/f76893ca-26cb-45ff-b178-649062ecd79f/execute
[HTTP] {"script":"return document.readyState","args":[]}
[HTTP] <-- POST /wd/hub/session/f76893ca-26cb-45ff-b178-649062ecd79f/execute 200 1294 ms - 85
[HTTP] 
[HTTP] --> POST /wd/hub/session/f76893ca-26cb-45ff-b178-649062ecd79f/execute
[HTTP] {"script":"return document.readyState","args":[]}
[HTTP] <-- POST /wd/hub/session/f76893ca-26cb-45ff-b178-649062ecd79f/execute 200 2689 ms - 85
[HTTP] 
[HTTP] --> POST /wd/hub/session/f76893ca-26cb-45ff-b178-649062ecd79f/execute
[HTTP] {"script":"return document.readyState","args":[]}
[HTTP] <-- POST /wd/hub/session/f76893ca-26cb-45ff-b178-649062ecd79f/execute 200 596 ms - 85
[HTTP] 
[HTTP] --> POST /wd/hub/session/f76893ca-26cb-45ff-b178-649062ecd79f/execute
[HTTP] {"script":"return document.readyState","args":[]}
[HTTP] <-- POST /wd/hub/session/f76893ca-26cb-45ff-b178-649062ecd79f/execute 200 1583 ms - 85
[HTTP] 
[HTTP] --> POST /wd/hub/session/f76893ca-26cb-45ff-b178-649062ecd79f/execute
[HTTP] {"script":"return document.readyState","args":[]}
[HTTP] <-- POST /wd/hub/session/f76893ca-26cb-45ff-b178-649062ecd79f/execute 200 550 ms - 85
[HTTP] 
[HTTP] --> POST /wd/hub/session/f76893ca-26cb-45ff-b178-649062ecd79f/execute
[HTTP] {"script":"return document.readyState","args":[]}
[HTTP] <-- POST /wd/hub/session/f76893ca-26cb-45ff-b178-649062ecd79f/execute 200 790 ms - 85
[HTTP] 
[HTTP] --> POST /wd/hub/session/f76893ca-26cb-45ff-b178-649062ecd79f/execute
[HTTP] {"script":"return document.readyState","args":[]}
[HTTP] <-- POST /wd/hub/session/f76893ca-26cb-45ff-b178-649062ecd79f/execute 200 2427 ms - 85
[HTTP] 
[HTTP] --> POST /wd/hub/session/f76893ca-26cb-45ff-b178-649062ecd79f/execute
[HTTP] {"script":"return document.readyState","args":[]}
[HTTP] <-- POST /wd/hub/session/f76893ca-26cb-45ff-b178-649062ecd79f/execute 200 351 ms - 82
[HTTP] 
[HTTP] --> POST /wd/hub/session/f76893ca-26cb-45ff-b178-649062ecd79f/elements
[HTTP] {"using":"xpath","value":"//button[(text() = 'No' or . = 'No')]"}
[HTTP] <-- POST /wd/hub/session/f76893ca-26cb-45ff-b178-649062ecd79f/elements 200 278 ms - 74
[HTTP] 
[HTTP] --> POST /wd/hub/session/f76893ca-26cb-45ff-b178-649062ecd79f/elements
[HTTP] {"using":"xpath","value":"//button[(text() = 'No' or . = 'No')]"}
[HTTP] <-- POST /wd/hub/session/f76893ca-26cb-45ff-b178-649062ecd79f/elements 200 2407 ms - 74
[HTTP] 
[HTTP] --> POST /wd/hub/session/f76893ca-26cb-45ff-b178-649062ecd79f/elements
[HTTP] {"using":"xpath","value":"//button[(text() = 'No' or . = 'No')]"}
[HTTP] <-- POST /wd/hub/session/f76893ca-26cb-45ff-b178-649062ecd79f/elements 200 256 ms - 74
[HTTP] 
[HTTP] --> POST /wd/hub/session/f76893ca-26cb-45ff-b178-649062ecd79f/elements
[HTTP] {"using":"xpath","value":"//button[(text() = 'No' or . = 'No')]"}
[HTTP] <-- POST /wd/hub/session/f76893ca-26cb-45ff-b178-649062ecd79f/elements 200 3896 ms - 74
[HTTP] 
[HTTP] --> POST /wd/hub/session/f76893ca-26cb-45ff-b178-649062ecd79f/elements
[HTTP] {"using":"xpath","value":"//button[(text() = 'No' or . = 'No')]"}
[HTTP] <-- POST /wd/hub/session/f76893ca-26cb-45ff-b178-649062ecd79f/elements 200 321 ms - 74
[HTTP] 
[HTTP] --> POST /wd/hub/session/f76893ca-26cb-45ff-b178-649062ecd79f/elements
[HTTP] {"using":"xpath","value":"//button[(text() = 'No' or . = 'No')]"}
[HTTP] <-- POST /wd/hub/session/f76893ca-26cb-45ff-b178-649062ecd79f/elements 200 914 ms - 74
[HTTP] 
[HTTP] --> POST /wd/hub/session/f76893ca-26cb-45ff-b178-649062ecd79f/elements
[HTTP] {"using":"xpath","value":"//button[(text() = 'No' or . = 'No')]"}
[HTTP] <-- POST /wd/hub/session/f76893ca-26cb-45ff-b178-649062ecd79f/elements 200 338 ms - 74
[HTTP] 
[HTTP] --> POST /wd/hub/session/f76893ca-26cb-45ff-b178-649062ecd79f/elements
[HTTP] {"using":"xpath","value":"//button[(text() = 'No' or . = 'No')]"}
[HTTP] <-- POST /wd/hub/session/f76893ca-26cb-45ff-b178-649062ecd79f/elements 200 345 ms - 74
[HTTP] 
[HTTP] --> POST /wd/hub/session/f76893ca-26cb-45ff-b178-649062ecd79f/elements
[HTTP] {"using":"xpath","value":"//button[(text() = 'No' or . = 'No')]"}
[HTTP] <-- POST /wd/hub/session/f76893ca-26cb-45ff-b178-649062ecd79f/elements 200 676 ms - 74
[HTTP] 
[HTTP] --> POST /wd/hub/session/f76893ca-26cb-45ff-b178-649062ecd79f/elements
[HTTP] {"using":"xpath","value":"//button[(text() = 'No' or . = 'No')]"}
[HTTP] <-- POST /wd/hub/session/f76893ca-26cb-45ff-b178-649062ecd79f/elements 200 5021 ms - 74
[HTTP] 
[HTTP] --> POST /wd/hub/session/f76893ca-26cb-45ff-b178-649062ecd79f/elements
[HTTP] {"using":"xpath","value":"//button[(text() = 'No' or . = 'No')]"}
[HTTP] <-- POST /wd/hub/session/f76893ca-26cb-45ff-b178-649062ecd79f/elements 200 539 ms - 74
[HTTP] 
[HTTP] --> POST /wd/hub/session/f76893ca-26cb-45ff-b178-649062ecd79f/elements
[HTTP] {"using":"xpath","value":"//button[(text() = 'No' or . = 'No')]"}
[HTTP] <-- POST /wd/hub/session/f76893ca-26cb-45ff-b178-649062ecd79f/elements 200 500 ms - 74
[HTTP] 
[HTTP] --> POST /wd/hub/session/f76893ca-26cb-45ff-b178-649062ecd79f/elements
[HTTP] {"using":"xpath","value":"//button[(text() = 'No' or . = 'No')]"}
[HTTP] <-- POST /wd/hub/session/f76893ca-26cb-45ff-b178-649062ecd79f/elements 200 2286 ms - 74
[HTTP] 
[HTTP] --> POST /wd/hub/session/f76893ca-26cb-45ff-b178-649062ecd79f/elements
[HTTP] {"using":"xpath","value":"//button[(text() = 'No' or . = 'No')]"}
[HTTP] <-- POST /wd/hub/session/f76893ca-26cb-45ff-b178-649062ecd79f/elements 200 144 ms - 74
[HTTP] 
[HTTP] --> POST /wd/hub/session/f76893ca-26cb-45ff-b178-649062ecd79f/elements
[HTTP] {"using":"xpath","value":"//button[(text() = 'No' or . = 'No')]"}
[HTTP] <-- POST /wd/hub/session/f76893ca-26cb-45ff-b178-649062ecd79f/elements 200 1302 ms - 74
[HTTP] 
[HTTP] --> POST /wd/hub/session/f76893ca-26cb-45ff-b178-649062ecd79f/elements
[HTTP] {"using":"xpath","value":"//button[(text() = 'No' or . = 'No')]"}
[HTTP] <-- POST /wd/hub/session/f76893ca-26cb-45ff-b178-649062ecd79f/elements 200 183 ms - 74
[HTTP] 
[HTTP] --> POST /wd/hub/session/f76893ca-26cb-45ff-b178-649062ecd79f/elements
[HTTP] {"using":"xpath","value":"//button[(text() = 'No' or . = 'No')]"}
[HTTP] <-- POST /wd/hub/session/f76893ca-26cb-45ff-b178-649062ecd79f/elements 200 1395 ms - 74
[HTTP] 
[HTTP] --> POST /wd/hub/session/f76893ca-26cb-45ff-b178-649062ecd79f/elements
[HTTP] {"using":"xpath","value":"//button[(text() = 'No' or . = 'No')]"}
[HTTP] <-- POST /wd/hub/session/f76893ca-26cb-45ff-b178-649062ecd79f/elements 200 895 ms - 74
[HTTP] 
[HTTP] --> POST /wd/hub/session/f76893ca-26cb-45ff-b178-649062ecd79f/elements
[HTTP] {"using":"xpath","value":"//button[(text() = 'No' or . = 'No')]"}
[HTTP] <-- POST /wd/hub/session/f76893ca-26cb-45ff-b178-649062ecd79f/elements 200 1077 ms - 74
[HTTP] 
[HTTP] --> POST /wd/hub/session/f76893ca-26cb-45ff-b178-649062ecd79f/elements
[HTTP] {"using":"xpath","value":"//button[(text() = 'No' or . = 'No')]"}
[HTTP] <-- POST /wd/hub/session/f76893ca-26cb-45ff-b178-649062ecd79f/elements 200 564 ms - 74
[HTTP] 
[HTTP] --> POST /wd/hub/session/f76893ca-26cb-45ff-b178-649062ecd79f/elements
[HTTP] {"using":"xpath","value":"//button[(text() = 'No' or . = 'No')]"}
[HTTP] <-- POST /wd/hub/session/f76893ca-26cb-45ff-b178-649062ecd79f/elements 200 3467 ms - 74
[HTTP] 
[HTTP] --> POST /wd/hub/session/f76893ca-26cb-45ff-b178-649062ecd79f/elements
[HTTP] {"using":"xpath","value":"//button[(text() = 'No' or . = 'No')]"}
[HTTP] <-- POST /wd/hub/session/f76893ca-26cb-45ff-b178-649062ecd79f/elements 200 431 ms - 74
[HTTP] 
[HTTP] --> POST /wd/hub/session/f76893ca-26cb-45ff-b178-649062ecd79f/elements
[HTTP] {"using":"xpath","value":"//button[(text() = 'No' or . = 'No')]"}
[HTTP] <-- POST /wd/hub/session/f76893ca-26cb-45ff-b178-649062ecd79f/elements 200 939 ms - 74
[HTTP] 
[HTTP] --> POST /wd/hub/session/f76893ca-26cb-45ff-b178-649062ecd79f/elements
[HTTP] {"using":"xpath","value":"//button[(text() = 'No' or . = 'No')]"}
[HTTP] <-- POST /wd/hub/session/f76893ca-26cb-45ff-b178-649062ecd79f/elements 200 1284 ms - 74
[HTTP] 
[HTTP] --> POST /wd/hub/session/f76893ca-26cb-45ff-b178-649062ecd79f/elements
[HTTP] {"using":"xpath","value":"//button[(text() = 'No' or . = 'No')]"}
[HTTP] <-- POST /wd/hub/session/f76893ca-26cb-45ff-b178-649062ecd79f/elements 200 1748 ms - 74
[HTTP] 
[HTTP] --> POST /wd/hub/session/f76893ca-26cb-45ff-b178-649062ecd79f/elements
[HTTP] {"using":"xpath","value":"//button[(text() = 'No' or . = 'No')]"}
[HTTP] <-- POST /wd/hub/session/f76893ca-26cb-45ff-b178-649062ecd79f/elements 200 695 ms - 74
[HTTP] 
[HTTP] --> POST /wd/hub/session/f76893ca-26cb-45ff-b178-649062ecd79f/elements
[HTTP] {"using":"xpath","value":"//button[(text() = 'No' or . = 'No')]"}
[HTTP] <-- POST /wd/hub/session/f76893ca-26cb-45ff-b178-649062ecd79f/elements 200 4883 ms - 74
[HTTP] 
[HTTP] --> POST /wd/hub/session/f76893ca-26cb-45ff-b178-649062ecd79f/elements
[HTTP] {"using":"xpath","value":"//button[(text() = 'No' or . = 'No')]"}
[HTTP] <-- POST /wd/hub/session/f76893ca-26cb-45ff-b178-649062ecd79f/elements 200 296 ms - 74
[HTTP] 
[HTTP] --> POST /wd/hub/session/f76893ca-26cb-45ff-b178-649062ecd79f/elements
[HTTP] {"using":"xpath","value":"//button[(text() = 'No' or . = 'No')]"}
[HTTP] <-- POST /wd/hub/session/f76893ca-26cb-45ff-b178-649062ecd79f/elements 200 1406 ms - 74
[HTTP] 
[HTTP] --> POST /wd/hub/session/f76893ca-26cb-45ff-b178-649062ecd79f/elements
[HTTP] {"using":"xpath","value":"//button[(text() = 'No' or . = 'No')]"}
[HTTP] <-- POST /wd/hub/session/f76893ca-26cb-45ff-b178-649062ecd79f/elements 200 1189 ms - 74
[HTTP] 
[HTTP] --> POST /wd/hub/session/f76893ca-26cb-45ff-b178-649062ecd79f/elements
[HTTP] {"using":"xpath","value":"//button[(text() = 'No' or . = 'No')]"}
[HTTP] <-- POST /wd/hub/session/f76893ca-26cb-45ff-b178-649062ecd79f/elements 200 3291 ms - 74
[HTTP] 
[HTTP] --> POST /wd/hub/session/f76893ca-26cb-45ff-b178-649062ecd79f/elements
[HTTP] {"using":"xpath","value":"//button[(text() = 'No' or . = 'No')]"}
[HTTP] <-- POST /wd/hub/session/f76893ca-26cb-45ff-b178-649062ecd79f/elements 200 1092 ms - 74
[HTTP] 
[HTTP] --> POST /wd/hub/session/f76893ca-26cb-45ff-b178-649062ecd79f/elements
[HTTP] {"using":"xpath","value":"//button[(text() = 'No' or . = 'No')]"}
[HTTP] <-- POST /wd/hub/session/f76893ca-26cb-45ff-b178-649062ecd79f/elements 200 141 ms - 74
[HTTP] 
[HTTP] --> POST /wd/hub/session/f76893ca-26cb-45ff-b178-649062ecd79f/elements
[HTTP] {"using":"xpath","value":"//button[(text() = 'No' or . = 'No')]"}
[HTTP] <-- POST /wd/hub/session/f76893ca-26cb-45ff-b178-649062ecd79f/elements 200 1640 ms - 74
[HTTP] 
[HTTP] --> POST /wd/hub/session/f76893ca-26cb-45ff-b178-649062ecd79f/elements
[HTTP] {"using":"xpath","value":"//button[(text() = 'No' or . = 'No')]"}
[HTTP] <-- POST /wd/hub/session/f76893ca-26cb-45ff-b178-649062ecd79f/elements 200 645 ms - 74
[HTTP] 
[HTTP] --> POST /wd/hub/session/f76893ca-26cb-45ff-b178-649062ecd79f/elements
[HTTP] {"using":"xpath","value":"//button[(text() = 'No' or . = 'No')]"}
[HTTP] <-- POST /wd/hub/session/f76893ca-26cb-45ff-b178-649062ecd79f/elements 200 549 ms - 74
[HTTP] 
[HTTP] --> POST /wd/hub/session/f76893ca-26cb-45ff-b178-649062ecd79f/elements
[HTTP] {"using":"xpath","value":"//button[(text() = 'No' or . = 'No')]"}
[HTTP] <-- POST /wd/hub/session/f76893ca-26cb-45ff-b178-649062ecd79f/elements 200 4441 ms - 74
[HTTP] 
[HTTP] --> POST /wd/hub/session/f76893ca-26cb-45ff-b178-649062ecd79f/elements
[HTTP] {"using":"xpath","value":"//button[(text() = 'No' or . = 'No')]"}
[HTTP] <-- POST /wd/hub/session/f76893ca-26cb-45ff-b178-649062ecd79f/elements 200 1247 ms - 74
[HTTP] 
[HTTP] --> POST /wd/hub/session/f76893ca-26cb-45ff-b178-649062ecd79f/elements
[HTTP] {"using":"xpath","value":"//button[(text() = 'No' or . = 'No')]"}
[HTTP] <-- POST /wd/hub/session/f76893ca-26cb-45ff-b178-649062ecd79f/elements 200 8326 ms - 74
[HTTP] 
[HTTP] --> GET /wd/hub/session/f76893ca-26cb-45ff-b178-649062ecd79f/screenshot
[HTTP] {}
[HTTP] <-- GET /wd/hub/session/f76893ca-26cb-45ff-b178-649062ecd79f/screenshot 200 308 ms - 1194258
[HTTP] 
[HTTP] --> DELETE /wd/hub/session/f76893ca-26cb-45ff-b178-649062ecd79f
[HTTP] {}
[Appium] Removing session f76893ca-26cb-45ff-b178-649062ecd79f from our master session list
[HTTP] <-- DELETE /wd/hub/session/f76893ca-26cb-45ff-b178-649062ecd79f 200 1047 ms - 76
[HTTP] 
