[Appium] Welcome to Appium v1.8.1
[Appium] Non-default server args:
[Appium]   port: 52155
[Appium]   loglevel: info
[Appium]   chromeDriverPort: 52156
[Appium]   tmpDir: /var/folders/95/4qsvf70n5s55n0wp9h6b0h_r0000gn/T//Katalon/Appium/Temp1547635684831
[Appium]   webkitDebugProxyPort: 52153
[Appium] Appium REST http interface listener started on 0.0.0.0:52155
[HTTP] --> GET /wd/hub/status
[HTTP] {}
[HTTP] <-- GET /wd/hub/status 200 36 ms - 83
[HTTP] 
[HTTP] --> POST /wd/hub/session
[HTTP] {"desiredCapabilities":{"automationName":"XCUITest","browserName":"Safari","deviceId":"","deviceName":"iPhone X","newCommandTimeout":1800,"platform":"IOS","platformName":"iOS","platformVersion":"12.1","realDeviceLogger":"/Applications/Katalon Studio.app/Contents/Eclipse/configuration/resources/tools/deviceconsole/deviceconsole","wdaLocalPort":52152},"capabilities":{"desiredCapabilities":{"automationName":"XCUITest","browserName":"Safari","deviceId":"","deviceName":"iPhone X","newCommandTimeout":1800,"platform":"IOS","platformName":"iOS","platformVersion":"12.1","realDeviceLogger":"/Applications/Katalon Studio.app/Contents/Eclipse/configuration/resources/tools/deviceconsole/deviceconsole","wdaLocalPort":52152},"firstMatch":[{"browserName":"Safari","platformName":"ios"}]}}
[Appium] Could not parse W3C capabilities: 'deviceName' can't be blank. Falling back to JSONWP protocol.
[Appium] The following capabilities were provided in the JSONWP desired capabilities that are missing in W3C capabilities: ["automationName","browserName","deviceId","deviceName","newCommandTimeout","platform","platformName","platformVersion","realDeviceLogger","wdaLocalPort"]. Falling back to JSONWP protocol.
[Appium] Creating new XCUITestDriver (v2.105.0) session
[Appium] Capabilities:
[Appium]   automationName: XCUITest
[Appium]   browserName: Safari
[Appium]   deviceId: 
[Appium]   deviceName: iPhone X
[Appium]   newCommandTimeout: 1800
[Appium]   platform: IOS
[Appium]   platformName: iOS
[Appium]   platformVersion: 12.1
[Appium]   realDeviceLogger: /Applications/Katalon Studio.app/Contents/Eclipse/configuration/resources/tools/deviceconsole/deviceconsole
[Appium]   wdaLocalPort: 52152
[BaseDriver] The following capabilities were provided, but are not recognized by appium: deviceId, platform.
[BaseDriver] Session created with session id: fbf58585-0453-4b71-ab78-35a935d9fdc8
[iOSSim] Constructing iOS simulator for Xcode version 10.1 with udid '1FBC48CC-4B26-4899-AB2C-0FDD67CACB37'
[XCUITest] Determining device to run tests on: udid: '1FBC48CC-4B26-4899-AB2C-0FDD67CACB37', real device: false
[XCUITest] Safari test requested
[XCUITest] Setting up simulator
[iOSSim] Both Simulator with UDID 1FBC48CC-4B26-4899-AB2C-0FDD67CACB37 and the UI client are currently running
[XCUITest] Using WDA path: '/Users/denisyu/.nvm/versions/node/v8.1.4/lib/node_modules/appium/node_modules/_appium-xcuitest-driver@2.105.0@appium-xcuitest-driver/WebDriverAgent'
[XCUITest] Using WDA agent: '/Users/denisyu/.nvm/versions/node/v8.1.4/lib/node_modules/appium/node_modules/_appium-xcuitest-driver@2.105.0@appium-xcuitest-driver/WebDriverAgent/WebDriverAgent.xcodeproj'
[JSONWP Proxy] Got an unexpected response: {"errno":"ECONNREFUSED","code":"ECONNREFUSED","syscall":"connect","address":"127.0.0.1","port":52152}
[XCUITest] Launching WebDriverAgent on the device
[JSONWP Proxy] Got an unexpected response: {"errno":"ECONNREFUSED","code":"ECONNREFUSED","syscall":"connect","address":"127.0.0.1","port":52152}
[JSONWP Proxy] Got an unexpected response: {"errno":"ECONNREFUSED","code":"ECONNREFUSED","syscall":"connect","address":"127.0.0.1","port":52152}
[JSONWP Proxy] Got an unexpected response: {"errno":"ECONNREFUSED","code":"ECONNREFUSED","syscall":"connect","address":"127.0.0.1","port":52152}
[JSONWP Proxy] Got an unexpected response: {"errno":"ECONNREFUSED","code":"ECONNREFUSED","syscall":"connect","address":"127.0.0.1","port":52152}
[JSONWP Proxy] Got an unexpected response: {"errno":"ECONNREFUSED","code":"ECONNREFUSED","syscall":"connect","address":"127.0.0.1","port":52152}
[JSONWP Proxy] Got an unexpected response: {"errno":"ECONNREFUSED","code":"ECONNREFUSED","syscall":"connect","address":"127.0.0.1","port":52152}
[JSONWP Proxy] Got an unexpected response: {"errno":"ECONNREFUSED","code":"ECONNREFUSED","syscall":"connect","address":"127.0.0.1","port":52152}
[JSONWP Proxy] Got an unexpected response: {"errno":"ECONNREFUSED","code":"ECONNREFUSED","syscall":"connect","address":"127.0.0.1","port":52152}
[JSONWP Proxy] Got an unexpected response: {"errno":"ECONNREFUSED","code":"ECONNREFUSED","syscall":"connect","address":"127.0.0.1","port":52152}
[JSONWP Proxy] Got an unexpected response: {"errno":"ECONNREFUSED","code":"ECONNREFUSED","syscall":"connect","address":"127.0.0.1","port":52152}
[JSONWP Proxy] Got an unexpected response: {"errno":"ECONNREFUSED","code":"ECONNREFUSED","syscall":"connect","address":"127.0.0.1","port":52152}
[JSONWP Proxy] Got an unexpected response: {"errno":"ECONNREFUSED","code":"ECONNREFUSED","syscall":"connect","address":"127.0.0.1","port":52152}
[JSONWP Proxy] Got an unexpected response: {"errno":"ECONNREFUSED","code":"ECONNREFUSED","syscall":"connect","address":"127.0.0.1","port":52152}
[JSONWP Proxy] Got an unexpected response: {"errno":"ECONNREFUSED","code":"ECONNREFUSED","syscall":"connect","address":"127.0.0.1","port":52152}
[JSONWP Proxy] Got an unexpected response: {"errno":"ECONNREFUSED","code":"ECONNREFUSED","syscall":"connect","address":"127.0.0.1","port":52152}
[JSONWP Proxy] Got an unexpected response: {"errno":"ECONNREFUSED","code":"ECONNREFUSED","syscall":"connect","address":"127.0.0.1","port":52152}
[JSONWP Proxy] Got an unexpected response: {"errno":"ECONNREFUSED","code":"ECONNREFUSED","syscall":"connect","address":"127.0.0.1","port":52152}
[JSONWP Proxy] Got an unexpected response: {"errno":"ECONNREFUSED","code":"ECONNREFUSED","syscall":"connect","address":"127.0.0.1","port":52152}
[JSONWP Proxy] Got an unexpected response: {"errno":"ECONNREFUSED","code":"ECONNREFUSED","syscall":"connect","address":"127.0.0.1","port":52152}
[JSONWP Proxy] Got an unexpected response: {"errno":"ECONNREFUSED","code":"ECONNREFUSED","syscall":"connect","address":"127.0.0.1","port":52152}
[JSONWP Proxy] Got an unexpected response: {"errno":"ECONNREFUSED","code":"ECONNREFUSED","syscall":"connect","address":"127.0.0.1","port":52152}
[JSONWP Proxy] Got an unexpected response: {"errno":"ECONNREFUSED","code":"ECONNREFUSED","syscall":"connect","address":"127.0.0.1","port":52152}
[HTTP] --> GET /welcome
[HTTP] {}
[HTTP] <-- GET /welcome 200 15 ms - 124
[HTTP] 
[HTTP] <-- GET /favicon.ico 200 3 ms - 1150
[HTTP] 
[XCUITest] Skipping setting of the initial display orientation. Set the "orientation" capability to either "LANDSCAPE" or "PORTRAIT", if this is an undesired behavior.
[Appium] New XCUITestDriver session created successfully, session fbf58585-0453-4b71-ab78-35a935d9fdc8 added to master session list
[HTTP] <-- POST /wd/hub/session 200 52760 ms - 608
[HTTP] 
[HTTP] --> GET /wd/hub/status
[HTTP] {}
[HTTP] <-- GET /wd/hub/status 200 51 ms - 55
[HTTP] 
[HTTP] --> POST /wd/hub/session/fbf58585-0453-4b71-ab78-35a935d9fdc8/timeouts
[HTTP] {"type":"implicit","ms":60000}
[HTTP] <-- POST /wd/hub/session/fbf58585-0453-4b71-ab78-35a935d9fdc8/timeouts 400 25 ms - 5641
[HTTP] 
[HTTP] --> POST /wd/hub/session/fbf58585-0453-4b71-ab78-35a935d9fdc8/timeouts
[HTTP] {"type":"implicit","ms":0}
[HTTP] <-- POST /wd/hub/session/fbf58585-0453-4b71-ab78-35a935d9fdc8/timeouts 400 2 ms - 5633
[HTTP] 
[HTTP] --> POST /wd/hub/session/fbf58585-0453-4b71-ab78-35a935d9fdc8/execute
[HTTP] {"script":"return navigator.sayswho= (function() { var ua= navigator.userAgent, tem, M= ua.match(/(opera|chrome|safari|firefox|msie|trident)\\/?\\s*(\\.?\\d+(\\.\\d+)*)/i) || []; if (/trident/i.test(M[1])) {     tem=  /\\brv[ :]+(\\d+)/g.exec(ua) || [];     return 'IE '+(tem[1] || ''); } if(M[1]=== 'Chrome') {     tem= ua.match(/\\b(OPR|Edge)\\/(\\d+)/);     if(tem!= null) return tem.slice(1).join(' ').replace('OPR', 'Opera'); } M= M[2]? [M[1], M[2]]: [navigator.appName, navigator.appVersion, '-?']; if((tem= ua.match(/version\\/(\\d+)/i))!= null) M.splice(1, 1, tem[1]); return M.join(' ').replace('MSIE', 'IE');})();","args":[]}
[HTTP] <-- POST /wd/hub/session/fbf58585-0453-4b71-ab78-35a935d9fdc8/execute 200 849 ms - 83
[HTTP] 
[HTTP] --> POST /wd/hub/session/fbf58585-0453-4b71-ab78-35a935d9fdc8/url
[HTTP] {"url":"https://praetemptatus.agilehealthinsurance.com/"}
[HTTP] <-- POST /wd/hub/session/fbf58585-0453-4b71-ab78-35a935d9fdc8/url 200 3661 ms - 76
[HTTP] 
[HTTP] --> POST /wd/hub/session/fbf58585-0453-4b71-ab78-35a935d9fdc8/elements
[HTTP] {"using":"xpath","value":"//a[@href = '/health-insurance-quotes' and @id = 'primaryCTA' and @title = 'Get Health Insurance Quotes' and (text() = 'Quote & Save Today' or . = 'Quote & Save Today')]"}
[HTTP] <-- POST /wd/hub/session/fbf58585-0453-4b71-ab78-35a935d9fdc8/elements 200 4298 ms - 74
[HTTP] 
[HTTP] --> POST /wd/hub/session/fbf58585-0453-4b71-ab78-35a935d9fdc8/elements
[HTTP] {"using":"xpath","value":"//a[@href = '/health-insurance-quotes' and @id = 'primaryCTA' and @title = 'Get Health Insurance Quotes' and (text() = 'Quote & Save Today' or . = 'Quote & Save Today')]"}
[HTTP] <-- POST /wd/hub/session/fbf58585-0453-4b71-ab78-35a935d9fdc8/elements 200 1544 ms - 74
[HTTP] 
[HTTP] --> POST /wd/hub/session/fbf58585-0453-4b71-ab78-35a935d9fdc8/elements
[HTTP] {"using":"xpath","value":"//a[@href = '/health-insurance-quotes' and @id = 'primaryCTA' and @title = 'Get Health Insurance Quotes' and (text() = 'Quote & Save Today' or . = 'Quote & Save Today')]"}
[HTTP] <-- POST /wd/hub/session/fbf58585-0453-4b71-ab78-35a935d9fdc8/elements 200 1394 ms - 92
[HTTP] 
[HTTP] --> GET /wd/hub/session/fbf58585-0453-4b71-ab78-35a935d9fdc8
[HTTP] {}
[XCUITest] Merging WDA caps over Appium caps for session detail response
[HTTP] <-- GET /wd/hub/session/fbf58585-0453-4b71-ab78-35a935d9fdc8 200 3782 ms - 627
[HTTP] 
[HTTP] --> GET /wd/hub/session/fbf58585-0453-4b71-ab78-35a935d9fdc8
[HTTP] {}
[XCUITest] Merging WDA caps over Appium caps for session detail response
[HTTP] <-- GET /wd/hub/session/fbf58585-0453-4b71-ab78-35a935d9fdc8 200 3 ms - 627
[HTTP] 
[HTTP] --> GET /wd/hub/session/fbf58585-0453-4b71-ab78-35a935d9fdc8
[HTTP] {}
[XCUITest] Merging WDA caps over Appium caps for session detail response
[HTTP] <-- GET /wd/hub/session/fbf58585-0453-4b71-ab78-35a935d9fdc8 200 3 ms - 627
[HTTP] 
[HTTP] --> GET /wd/hub/session/fbf58585-0453-4b71-ab78-35a935d9fdc8
[HTTP] {}
[XCUITest] Merging WDA caps over Appium caps for session detail response
[HTTP] <-- GET /wd/hub/session/fbf58585-0453-4b71-ab78-35a935d9fdc8 200 2 ms - 627
[HTTP] 
[HTTP] --> POST /wd/hub/session/fbf58585-0453-4b71-ab78-35a935d9fdc8/element/5000/click
[HTTP] {"id":"5000"}
[HTTP] <-- POST /wd/hub/session/fbf58585-0453-4b71-ab78-35a935d9fdc8/element/5000/click 200 1214 ms - 76
[HTTP] 
[HTTP] --> POST /wd/hub/session/fbf58585-0453-4b71-ab78-35a935d9fdc8/elements
[HTTP] {"using":"xpath","value":"//input[@id = 'zip-input' and @type = 'tel' and @placeholder = 'Zip Code']"}
[HTTP] <-- POST /wd/hub/session/fbf58585-0453-4b71-ab78-35a935d9fdc8/elements 200 1042 ms - 92
[HTTP] 
[HTTP] --> GET /wd/hub/session/fbf58585-0453-4b71-ab78-35a935d9fdc8
[HTTP] {}
[XCUITest] Merging WDA caps over Appium caps for session detail response
[HTTP] <-- GET /wd/hub/session/fbf58585-0453-4b71-ab78-35a935d9fdc8 200 3 ms - 627
[HTTP] 
[HTTP] --> GET /wd/hub/session/fbf58585-0453-4b71-ab78-35a935d9fdc8
[HTTP] {}
[XCUITest] Merging WDA caps over Appium caps for session detail response
[HTTP] <-- GET /wd/hub/session/fbf58585-0453-4b71-ab78-35a935d9fdc8 200 3 ms - 627
[HTTP] 
[HTTP] --> GET /wd/hub/session/fbf58585-0453-4b71-ab78-35a935d9fdc8
[HTTP] {}
[XCUITest] Merging WDA caps over Appium caps for session detail response
[HTTP] <-- GET /wd/hub/session/fbf58585-0453-4b71-ab78-35a935d9fdc8 200 2 ms - 627
[HTTP] 
[HTTP] --> GET /wd/hub/session/fbf58585-0453-4b71-ab78-35a935d9fdc8
[HTTP] {}
[XCUITest] Merging WDA caps over Appium caps for session detail response
[HTTP] <-- GET /wd/hub/session/fbf58585-0453-4b71-ab78-35a935d9fdc8 200 2 ms - 627
[HTTP] 
[HTTP] --> POST /wd/hub/session/fbf58585-0453-4b71-ab78-35a935d9fdc8/element/5001/clear
[HTTP] {"id":"5001"}
[HTTP] <-- POST /wd/hub/session/fbf58585-0453-4b71-ab78-35a935d9fdc8/element/5001/clear 200 776 ms - 76
[HTTP] 
[HTTP] --> POST /wd/hub/session/fbf58585-0453-4b71-ab78-35a935d9fdc8/elements
[HTTP] {"using":"xpath","value":"//input[@id = 'zip-input' and @type = 'tel' and @placeholder = 'Zip Code']"}
[HTTP] <-- POST /wd/hub/session/fbf58585-0453-4b71-ab78-35a935d9fdc8/elements 200 640 ms - 92
[HTTP] 
[HTTP] --> GET /wd/hub/session/fbf58585-0453-4b71-ab78-35a935d9fdc8
[HTTP] {}
[XCUITest] Merging WDA caps over Appium caps for session detail response
[HTTP] <-- GET /wd/hub/session/fbf58585-0453-4b71-ab78-35a935d9fdc8 200 3 ms - 627
[HTTP] 
[HTTP] --> GET /wd/hub/session/fbf58585-0453-4b71-ab78-35a935d9fdc8
[HTTP] {}
[XCUITest] Merging WDA caps over Appium caps for session detail response
[HTTP] <-- GET /wd/hub/session/fbf58585-0453-4b71-ab78-35a935d9fdc8 200 3 ms - 627
[HTTP] 
[HTTP] --> GET /wd/hub/session/fbf58585-0453-4b71-ab78-35a935d9fdc8
[HTTP] {}
[XCUITest] Merging WDA caps over Appium caps for session detail response
[HTTP] <-- GET /wd/hub/session/fbf58585-0453-4b71-ab78-35a935d9fdc8 200 2 ms - 627
[HTTP] 
[HTTP] --> GET /wd/hub/session/fbf58585-0453-4b71-ab78-35a935d9fdc8
[HTTP] {}
[XCUITest] Merging WDA caps over Appium caps for session detail response
[HTTP] <-- GET /wd/hub/session/fbf58585-0453-4b71-ab78-35a935d9fdc8 200 2 ms - 627
[HTTP] 
[HTTP] --> POST /wd/hub/session/fbf58585-0453-4b71-ab78-35a935d9fdc8/element/5002/value
[HTTP] {"id":"5002","value":["60602"]}
[HTTP] <-- POST /wd/hub/session/fbf58585-0453-4b71-ab78-35a935d9fdc8/element/5002/value 200 3979 ms - 76
[HTTP] 
[HTTP] --> POST /wd/hub/session/fbf58585-0453-4b71-ab78-35a935d9fdc8/elements
[HTTP] {"using":"xpath","value":"//input[@id = 'dob-0' and @type = 'tel' and @placeholder = 'mm/dd/yyyy']"}
[HTTP] <-- POST /wd/hub/session/fbf58585-0453-4b71-ab78-35a935d9fdc8/elements 200 762 ms - 92
[HTTP] 
[HTTP] --> GET /wd/hub/session/fbf58585-0453-4b71-ab78-35a935d9fdc8
[HTTP] {}
[XCUITest] Merging WDA caps over Appium caps for session detail response
[HTTP] <-- GET /wd/hub/session/fbf58585-0453-4b71-ab78-35a935d9fdc8 200 2 ms - 627
[HTTP] 
[HTTP] --> GET /wd/hub/session/fbf58585-0453-4b71-ab78-35a935d9fdc8
[HTTP] {}
[XCUITest] Merging WDA caps over Appium caps for session detail response
[HTTP] <-- GET /wd/hub/session/fbf58585-0453-4b71-ab78-35a935d9fdc8 200 2 ms - 627
[HTTP] 
[HTTP] --> GET /wd/hub/session/fbf58585-0453-4b71-ab78-35a935d9fdc8
[HTTP] {}
[XCUITest] Merging WDA caps over Appium caps for session detail response
[HTTP] <-- GET /wd/hub/session/fbf58585-0453-4b71-ab78-35a935d9fdc8 200 2 ms - 627
[HTTP] 
[HTTP] --> GET /wd/hub/session/fbf58585-0453-4b71-ab78-35a935d9fdc8
[HTTP] {}
[XCUITest] Merging WDA caps over Appium caps for session detail response
[HTTP] <-- GET /wd/hub/session/fbf58585-0453-4b71-ab78-35a935d9fdc8 200 2 ms - 627
[HTTP] 
[HTTP] --> POST /wd/hub/session/fbf58585-0453-4b71-ab78-35a935d9fdc8/element/5003/clear
[HTTP] {"id":"5003"}
[HTTP] <-- POST /wd/hub/session/fbf58585-0453-4b71-ab78-35a935d9fdc8/element/5003/clear 200 1161 ms - 76
[HTTP] 
[HTTP] --> POST /wd/hub/session/fbf58585-0453-4b71-ab78-35a935d9fdc8/elements
[HTTP] {"using":"xpath","value":"//input[@id = 'dob-0' and @type = 'tel' and @placeholder = 'mm/dd/yyyy']"}
[HTTP] <-- POST /wd/hub/session/fbf58585-0453-4b71-ab78-35a935d9fdc8/elements 200 547 ms - 92
[HTTP] 
[HTTP] --> GET /wd/hub/session/fbf58585-0453-4b71-ab78-35a935d9fdc8
[HTTP] {}
[XCUITest] Merging WDA caps over Appium caps for session detail response
[HTTP] <-- GET /wd/hub/session/fbf58585-0453-4b71-ab78-35a935d9fdc8 200 3 ms - 627
[HTTP] 
[HTTP] --> GET /wd/hub/session/fbf58585-0453-4b71-ab78-35a935d9fdc8
[HTTP] {}
[XCUITest] Merging WDA caps over Appium caps for session detail response
[HTTP] <-- GET /wd/hub/session/fbf58585-0453-4b71-ab78-35a935d9fdc8 200 2 ms - 627
[HTTP] 
[HTTP] --> GET /wd/hub/session/fbf58585-0453-4b71-ab78-35a935d9fdc8
[HTTP] {}
[XCUITest] Merging WDA caps over Appium caps for session detail response
[HTTP] <-- GET /wd/hub/session/fbf58585-0453-4b71-ab78-35a935d9fdc8 200 2 ms - 627
[HTTP] 
[HTTP] --> GET /wd/hub/session/fbf58585-0453-4b71-ab78-35a935d9fdc8
[HTTP] {}
[XCUITest] Merging WDA caps over Appium caps for session detail response
[HTTP] <-- GET /wd/hub/session/fbf58585-0453-4b71-ab78-35a935d9fdc8 200 2 ms - 627
[HTTP] 
[HTTP] --> POST /wd/hub/session/fbf58585-0453-4b71-ab78-35a935d9fdc8/element/5004/value
[HTTP] {"id":"5004","value":["03/03/1987"]}
[HTTP] <-- POST /wd/hub/session/fbf58585-0453-4b71-ab78-35a935d9fdc8/element/5004/value 200 3740 ms - 76
[HTTP] 
[HTTP] --> POST /wd/hub/session/fbf58585-0453-4b71-ab78-35a935d9fdc8/elements
[HTTP] {"using":"xpath","value":"//label[(text() = 'Male' or . = 'Male')]"}
[HTTP] <-- POST /wd/hub/session/fbf58585-0453-4b71-ab78-35a935d9fdc8/elements 200 943 ms - 92
[HTTP] 
[HTTP] --> GET /wd/hub/session/fbf58585-0453-4b71-ab78-35a935d9fdc8
[HTTP] {}
[XCUITest] Merging WDA caps over Appium caps for session detail response
[HTTP] <-- GET /wd/hub/session/fbf58585-0453-4b71-ab78-35a935d9fdc8 200 2 ms - 627
[HTTP] 
[HTTP] --> GET /wd/hub/session/fbf58585-0453-4b71-ab78-35a935d9fdc8
[HTTP] {}
[XCUITest] Merging WDA caps over Appium caps for session detail response
[HTTP] <-- GET /wd/hub/session/fbf58585-0453-4b71-ab78-35a935d9fdc8 200 2 ms - 627
[HTTP] 
[HTTP] --> GET /wd/hub/session/fbf58585-0453-4b71-ab78-35a935d9fdc8
[HTTP] {}
[XCUITest] Merging WDA caps over Appium caps for session detail response
[HTTP] <-- GET /wd/hub/session/fbf58585-0453-4b71-ab78-35a935d9fdc8 200 4 ms - 627
[HTTP] 
[HTTP] --> GET /wd/hub/session/fbf58585-0453-4b71-ab78-35a935d9fdc8
[HTTP] {}
[XCUITest] Merging WDA caps over Appium caps for session detail response
[HTTP] <-- GET /wd/hub/session/fbf58585-0453-4b71-ab78-35a935d9fdc8 200 2 ms - 627
[HTTP] 
[HTTP] --> POST /wd/hub/session/fbf58585-0453-4b71-ab78-35a935d9fdc8/element/5005/click
[HTTP] {"id":"5005"}
[HTTP] <-- POST /wd/hub/session/fbf58585-0453-4b71-ab78-35a935d9fdc8/element/5005/click 200 1045 ms - 76
[HTTP] 
[HTTP] --> POST /wd/hub/session/fbf58585-0453-4b71-ab78-35a935d9fdc8/elements
[HTTP] {"using":"xpath","value":"//label[@id = 'js-see-plans' and @href = '#' and (text() = 'Compare Plans ' or . = 'Compare Plans ')]"}
[HTTP] <-- POST /wd/hub/session/fbf58585-0453-4b71-ab78-35a935d9fdc8/elements 200 256 ms - 92
[HTTP] 
[HTTP] --> GET /wd/hub/session/fbf58585-0453-4b71-ab78-35a935d9fdc8
[HTTP] {}
[XCUITest] Merging WDA caps over Appium caps for session detail response
[HTTP] <-- GET /wd/hub/session/fbf58585-0453-4b71-ab78-35a935d9fdc8 200 2 ms - 627
[HTTP] 
[HTTP] --> GET /wd/hub/session/fbf58585-0453-4b71-ab78-35a935d9fdc8
[HTTP] {}
[XCUITest] Merging WDA caps over Appium caps for session detail response
[HTTP] <-- GET /wd/hub/session/fbf58585-0453-4b71-ab78-35a935d9fdc8 200 2 ms - 627
[HTTP] 
[HTTP] --> GET /wd/hub/session/fbf58585-0453-4b71-ab78-35a935d9fdc8
[HTTP] {}
[XCUITest] Merging WDA caps over Appium caps for session detail response
[HTTP] <-- GET /wd/hub/session/fbf58585-0453-4b71-ab78-35a935d9fdc8 200 2 ms - 627
[HTTP] 
[HTTP] --> GET /wd/hub/session/fbf58585-0453-4b71-ab78-35a935d9fdc8
[HTTP] {}
[XCUITest] Merging WDA caps over Appium caps for session detail response
[HTTP] <-- GET /wd/hub/session/fbf58585-0453-4b71-ab78-35a935d9fdc8 200 2 ms - 627
[HTTP] 
[HTTP] --> POST /wd/hub/session/fbf58585-0453-4b71-ab78-35a935d9fdc8/element/5006/click
[HTTP] {"id":"5006"}
[HTTP] <-- POST /wd/hub/session/fbf58585-0453-4b71-ab78-35a935d9fdc8/element/5006/click 200 1752 ms - 76
[HTTP] 
[HTTP] --> POST /wd/hub/session/fbf58585-0453-4b71-ab78-35a935d9fdc8/elements
[HTTP] {"using":"xpath","value":"//*[@href = '/term-health-insurance/plan/slaico-il-plan-2-10000-30-20000-1000000' and @class = 'c-plan-unit-v3__plan-name' and (text() = 'Standard Life Select STM Plan 2 10K/30/1M' or . = 'Standard Life Select STM Plan 2 10K/30/1M')]"}
[HTTP] <-- POST /wd/hub/session/fbf58585-0453-4b71-ab78-35a935d9fdc8/elements 200 1766 ms - 92
[HTTP] 
[HTTP] --> GET /wd/hub/session/fbf58585-0453-4b71-ab78-35a935d9fdc8
[HTTP] {}
[XCUITest] Merging WDA caps over Appium caps for session detail response
[HTTP] <-- GET /wd/hub/session/fbf58585-0453-4b71-ab78-35a935d9fdc8 200 3 ms - 627
[HTTP] 
[HTTP] --> GET /wd/hub/session/fbf58585-0453-4b71-ab78-35a935d9fdc8
[HTTP] {}
[XCUITest] Merging WDA caps over Appium caps for session detail response
[HTTP] <-- GET /wd/hub/session/fbf58585-0453-4b71-ab78-35a935d9fdc8 200 2 ms - 627
[HTTP] 
[HTTP] --> GET /wd/hub/session/fbf58585-0453-4b71-ab78-35a935d9fdc8
[HTTP] {}
[XCUITest] Merging WDA caps over Appium caps for session detail response
[HTTP] <-- GET /wd/hub/session/fbf58585-0453-4b71-ab78-35a935d9fdc8 200 2 ms - 627
[HTTP] 
[HTTP] --> GET /wd/hub/session/fbf58585-0453-4b71-ab78-35a935d9fdc8
[HTTP] {}
[XCUITest] Merging WDA caps over Appium caps for session detail response
[HTTP] <-- GET /wd/hub/session/fbf58585-0453-4b71-ab78-35a935d9fdc8 200 2 ms - 627
[HTTP] 
[HTTP] --> POST /wd/hub/session/fbf58585-0453-4b71-ab78-35a935d9fdc8/execute
[HTTP] {"script":"arguments[0].scrollIntoView();","args":[{"ELEMENT":"5007","element-6066-11e4-a52e-4f735466cecf":"5007"}]}
[HTTP] <-- POST /wd/hub/session/fbf58585-0453-4b71-ab78-35a935d9fdc8/execute 200 2591 ms - 76
[HTTP] 
[HTTP] --> POST /wd/hub/session/fbf58585-0453-4b71-ab78-35a935d9fdc8/elements
[HTTP] {"using":"xpath","value":"//a[@href = '/term-health-insurance/plan/lifeshield-flex-il-5000-20-8000-750000' and (text() = 'LifeShield Flex 5K/20/8K/750K' or . = 'LifeShield Flex 5K/20/8K/750K')]"}
[HTTP] <-- POST /wd/hub/session/fbf58585-0453-4b71-ab78-35a935d9fdc8/elements 200 879 ms - 92
[HTTP] 
[HTTP] --> GET /wd/hub/session/fbf58585-0453-4b71-ab78-35a935d9fdc8
[HTTP] {}
[XCUITest] Merging WDA caps over Appium caps for session detail response
[HTTP] <-- GET /wd/hub/session/fbf58585-0453-4b71-ab78-35a935d9fdc8 200 2 ms - 627
[HTTP] 
[HTTP] --> GET /wd/hub/session/fbf58585-0453-4b71-ab78-35a935d9fdc8
[HTTP] {}
[XCUITest] Merging WDA caps over Appium caps for session detail response
[HTTP] <-- GET /wd/hub/session/fbf58585-0453-4b71-ab78-35a935d9fdc8 200 2 ms - 627
[HTTP] 
[HTTP] --> GET /wd/hub/session/fbf58585-0453-4b71-ab78-35a935d9fdc8
[HTTP] {}
[XCUITest] Merging WDA caps over Appium caps for session detail response
[HTTP] <-- GET /wd/hub/session/fbf58585-0453-4b71-ab78-35a935d9fdc8 200 2 ms - 627
[HTTP] 
[HTTP] --> GET /wd/hub/session/fbf58585-0453-4b71-ab78-35a935d9fdc8
[HTTP] {}
[XCUITest] Merging WDA caps over Appium caps for session detail response
[HTTP] <-- GET /wd/hub/session/fbf58585-0453-4b71-ab78-35a935d9fdc8 200 1 ms - 627
[HTTP] 
[HTTP] --> POST /wd/hub/session/fbf58585-0453-4b71-ab78-35a935d9fdc8/element/5008/click
[HTTP] {"id":"5008"}
[HTTP] <-- POST /wd/hub/session/fbf58585-0453-4b71-ab78-35a935d9fdc8/element/5008/click 200 1389 ms - 76
[HTTP] 
[HTTP] --> POST /wd/hub/session/fbf58585-0453-4b71-ab78-35a935d9fdc8/elements
[HTTP] {"using":"xpath","value":"id(\"plan-details-primary-apply\")[count(. | //*[@id = 'plan-details-primary-apply' and (text() = 'Apply for This Plan' or . = 'Apply for This Plan')]) = count(//*[@id = 'plan-details-primary-apply' and (text() = 'Apply for This Plan' or . = 'Apply for This Plan')])]"}
[HTTP] <-- POST /wd/hub/session/fbf58585-0453-4b71-ab78-35a935d9fdc8/elements 200 223 ms - 92
[HTTP] 
[HTTP] --> GET /wd/hub/session/fbf58585-0453-4b71-ab78-35a935d9fdc8
[HTTP] {}
[XCUITest] Merging WDA caps over Appium caps for session detail response
[HTTP] <-- GET /wd/hub/session/fbf58585-0453-4b71-ab78-35a935d9fdc8 200 4 ms - 627
[HTTP] 
[HTTP] --> GET /wd/hub/session/fbf58585-0453-4b71-ab78-35a935d9fdc8
[HTTP] {}
[XCUITest] Merging WDA caps over Appium caps for session detail response
[HTTP] <-- GET /wd/hub/session/fbf58585-0453-4b71-ab78-35a935d9fdc8 200 11 ms - 627
[HTTP] 
[HTTP] --> GET /wd/hub/session/fbf58585-0453-4b71-ab78-35a935d9fdc8
[HTTP] {}
[XCUITest] Merging WDA caps over Appium caps for session detail response
[HTTP] <-- GET /wd/hub/session/fbf58585-0453-4b71-ab78-35a935d9fdc8 200 5 ms - 627
[HTTP] 
[HTTP] --> GET /wd/hub/session/fbf58585-0453-4b71-ab78-35a935d9fdc8
[HTTP] {}
[XCUITest] Merging WDA caps over Appium caps for session detail response
[HTTP] <-- GET /wd/hub/session/fbf58585-0453-4b71-ab78-35a935d9fdc8 200 2 ms - 627
[HTTP] 
[HTTP] --> GET /wd/hub/session/fbf58585-0453-4b71-ab78-35a935d9fdc8/element/5009/displayed
[HTTP] {}
[HTTP] <-- GET /wd/hub/session/fbf58585-0453-4b71-ab78-35a935d9fdc8/element/5009/displayed 200 424 ms - 76
[HTTP] 
[HTTP] --> POST /wd/hub/session/fbf58585-0453-4b71-ab78-35a935d9fdc8/elements
[HTTP] {"using":"xpath","value":"id(\"plan-details-primary-apply\")[count(. | //*[@id = 'plan-details-primary-apply' and (text() = 'Apply for This Plan' or . = 'Apply for This Plan')]) = count(//*[@id = 'plan-details-primary-apply' and (text() = 'Apply for This Plan' or . = 'Apply for This Plan')])]"}
[HTTP] <-- POST /wd/hub/session/fbf58585-0453-4b71-ab78-35a935d9fdc8/elements 200 303 ms - 92
[HTTP] 
[HTTP] --> GET /wd/hub/session/fbf58585-0453-4b71-ab78-35a935d9fdc8
[HTTP] {}
[XCUITest] Merging WDA caps over Appium caps for session detail response
[HTTP] <-- GET /wd/hub/session/fbf58585-0453-4b71-ab78-35a935d9fdc8 200 2 ms - 627
[HTTP] 
[HTTP] --> GET /wd/hub/session/fbf58585-0453-4b71-ab78-35a935d9fdc8
[HTTP] {}
[XCUITest] Merging WDA caps over Appium caps for session detail response
[HTTP] <-- GET /wd/hub/session/fbf58585-0453-4b71-ab78-35a935d9fdc8 200 3 ms - 627
[HTTP] 
[HTTP] --> GET /wd/hub/session/fbf58585-0453-4b71-ab78-35a935d9fdc8
[HTTP] {}
[XCUITest] Merging WDA caps over Appium caps for session detail response
[HTTP] <-- GET /wd/hub/session/fbf58585-0453-4b71-ab78-35a935d9fdc8 200 2 ms - 627
[HTTP] 
[HTTP] --> GET /wd/hub/session/fbf58585-0453-4b71-ab78-35a935d9fdc8
[HTTP] {}
[XCUITest] Merging WDA caps over Appium caps for session detail response
[HTTP] <-- GET /wd/hub/session/fbf58585-0453-4b71-ab78-35a935d9fdc8 200 2 ms - 627
[HTTP] 
[HTTP] --> POST /wd/hub/session/fbf58585-0453-4b71-ab78-35a935d9fdc8/element/5010/click
[HTTP] {"id":"5010"}
[HTTP] <-- POST /wd/hub/session/fbf58585-0453-4b71-ab78-35a935d9fdc8/element/5010/click 200 985 ms - 76
[HTTP] 
[HTTP] --> POST /wd/hub/session/fbf58585-0453-4b71-ab78-35a935d9fdc8/elements
[HTTP] {"using":"xpath","value":"//span[(text() = '+ Add' or . = '+ Add')]"}
[HTTP] <-- POST /wd/hub/session/fbf58585-0453-4b71-ab78-35a935d9fdc8/elements 200 2376 ms - 130
[HTTP] 
[HTTP] --> GET /wd/hub/session/fbf58585-0453-4b71-ab78-35a935d9fdc8
[HTTP] {}
[XCUITest] Merging WDA caps over Appium caps for session detail response
[HTTP] <-- GET /wd/hub/session/fbf58585-0453-4b71-ab78-35a935d9fdc8 200 2 ms - 627
[HTTP] 
[HTTP] --> GET /wd/hub/session/fbf58585-0453-4b71-ab78-35a935d9fdc8
[HTTP] {}
[XCUITest] Merging WDA caps over Appium caps for session detail response
[HTTP] <-- GET /wd/hub/session/fbf58585-0453-4b71-ab78-35a935d9fdc8 200 2 ms - 627
[HTTP] 
[HTTP] --> GET /wd/hub/session/fbf58585-0453-4b71-ab78-35a935d9fdc8
[HTTP] {}
[XCUITest] Merging WDA caps over Appium caps for session detail response
[HTTP] <-- GET /wd/hub/session/fbf58585-0453-4b71-ab78-35a935d9fdc8 200 2 ms - 627
[HTTP] 
[HTTP] --> GET /wd/hub/session/fbf58585-0453-4b71-ab78-35a935d9fdc8
[HTTP] {}
[XCUITest] Merging WDA caps over Appium caps for session detail response
[HTTP] <-- GET /wd/hub/session/fbf58585-0453-4b71-ab78-35a935d9fdc8 200 8 ms - 627
[HTTP] 
[HTTP] --> GET /wd/hub/session/fbf58585-0453-4b71-ab78-35a935d9fdc8
[HTTP] {}
[XCUITest] Merging WDA caps over Appium caps for session detail response
[HTTP] <-- GET /wd/hub/session/fbf58585-0453-4b71-ab78-35a935d9fdc8 200 3 ms - 627
[HTTP] 
[HTTP] --> GET /wd/hub/session/fbf58585-0453-4b71-ab78-35a935d9fdc8
[HTTP] {}
[XCUITest] Merging WDA caps over Appium caps for session detail response
[HTTP] <-- GET /wd/hub/session/fbf58585-0453-4b71-ab78-35a935d9fdc8 200 2 ms - 627
[HTTP] 
[HTTP] --> GET /wd/hub/session/fbf58585-0453-4b71-ab78-35a935d9fdc8
[HTTP] {}
[XCUITest] Merging WDA caps over Appium caps for session detail response
[HTTP] <-- GET /wd/hub/session/fbf58585-0453-4b71-ab78-35a935d9fdc8 200 3 ms - 627
[HTTP] 
[HTTP] --> GET /wd/hub/session/fbf58585-0453-4b71-ab78-35a935d9fdc8
[HTTP] {}
[XCUITest] Merging WDA caps over Appium caps for session detail response
[HTTP] <-- GET /wd/hub/session/fbf58585-0453-4b71-ab78-35a935d9fdc8 200 8 ms - 627
[HTTP] 
[HTTP] --> GET /wd/hub/session/fbf58585-0453-4b71-ab78-35a935d9fdc8
[HTTP] {}
[XCUITest] Merging WDA caps over Appium caps for session detail response
[HTTP] <-- GET /wd/hub/session/fbf58585-0453-4b71-ab78-35a935d9fdc8 200 2 ms - 627
[HTTP] 
[HTTP] --> GET /wd/hub/session/fbf58585-0453-4b71-ab78-35a935d9fdc8
[HTTP] {}
[XCUITest] Merging WDA caps over Appium caps for session detail response
[HTTP] <-- GET /wd/hub/session/fbf58585-0453-4b71-ab78-35a935d9fdc8 200 5 ms - 627
[HTTP] 
[HTTP] --> GET /wd/hub/session/fbf58585-0453-4b71-ab78-35a935d9fdc8
[HTTP] {}
[XCUITest] Merging WDA caps over Appium caps for session detail response
[HTTP] <-- GET /wd/hub/session/fbf58585-0453-4b71-ab78-35a935d9fdc8 200 4 ms - 627
[HTTP] 
[HTTP] --> GET /wd/hub/session/fbf58585-0453-4b71-ab78-35a935d9fdc8
[HTTP] {}
[XCUITest] Merging WDA caps over Appium caps for session detail response
[HTTP] <-- GET /wd/hub/session/fbf58585-0453-4b71-ab78-35a935d9fdc8 200 2 ms - 627
[HTTP] 
[HTTP] --> POST /wd/hub/session/fbf58585-0453-4b71-ab78-35a935d9fdc8/element/5011/click
[HTTP] {"id":"5011"}
[HTTP] <-- POST /wd/hub/session/fbf58585-0453-4b71-ab78-35a935d9fdc8/element/5011/click 500 762 ms - 146
[HTTP] 
[HTTP] --> GET /wd/hub/session/fbf58585-0453-4b71-ab78-35a935d9fdc8/screenshot
[HTTP] {}
[HTTP] <-- GET /wd/hub/session/fbf58585-0453-4b71-ab78-35a935d9fdc8/screenshot 200 577 ms - 921282
[HTTP] 
[HTTP] --> DELETE /wd/hub/session/fbf58585-0453-4b71-ab78-35a935d9fdc8
[HTTP] {}
[Appium] Removing session fbf58585-0453-4b71-ab78-35a935d9fdc8 from our master session list
[HTTP] <-- DELETE /wd/hub/session/fbf58585-0453-4b71-ab78-35a935d9fdc8 200 4159 ms - 76
[HTTP] 
