[Appium] Welcome to Appium v1.8.1
[Appium] Non-default server args:
[Appium]   port: 64978
[Appium]   loglevel: info
[Appium]   chromeDriverPort: 64979
[Appium]   tmpDir: /var/folders/95/4qsvf70n5s55n0wp9h6b0h_r0000gn/T//Katalon/Appium/Temp1547631927952
[Appium]   webkitDebugProxyPort: 64976
[Appium] Appium REST http interface listener started on 0.0.0.0:64978
[HTTP] --> GET /wd/hub/status
[HTTP] {}
[HTTP] <-- GET /wd/hub/status 200 29 ms - 83
[HTTP] 
[HTTP] --> POST /wd/hub/session
[HTTP] {"desiredCapabilities":{"automationName":"XCUITest","browserName":"Safari","deviceId":"","deviceName":"iPhone X","newCommandTimeout":1800,"platform":"IOS","platformName":"iOS","platformVersion":"12.1","realDeviceLogger":"/Applications/Katalon Studio.app/Contents/Eclipse/configuration/resources/tools/deviceconsole/deviceconsole","wdaLocalPort":64975},"capabilities":{"desiredCapabilities":{"automationName":"XCUITest","browserName":"Safari","deviceId":"","deviceName":"iPhone X","newCommandTimeout":1800,"platform":"IOS","platformName":"iOS","platformVersion":"12.1","realDeviceLogger":"/Applications/Katalon Studio.app/Contents/Eclipse/configuration/resources/tools/deviceconsole/deviceconsole","wdaLocalPort":64975},"firstMatch":[{"browserName":"Safari","platformName":"ios"}]}}
[Appium] Could not parse W3C capabilities: 'deviceName' can't be blank. Falling back to JSONWP protocol.
[Appium] The following capabilities were provided in the JSONWP desired capabilities that are missing in W3C capabilities: ["automationName","browserName","deviceId","deviceName","newCommandTimeout","platform","platformName","platformVersion","realDeviceLogger","wdaLocalPort"]. Falling back to JSONWP protocol.
[Appium] Creating new XCUITestDriver (v2.105.0) session
[Appium] Capabilities:
[Appium]   automationName: XCUITest
[Appium]   browserName: Safari
[Appium]   deviceId: 
[Appium]   deviceName: iPhone X
[Appium]   newCommandTimeout: 1800
[Appium]   platform: IOS
[Appium]   platformName: iOS
[Appium]   platformVersion: 12.1
[Appium]   realDeviceLogger: /Applications/Katalon Studio.app/Contents/Eclipse/configuration/resources/tools/deviceconsole/deviceconsole
[Appium]   wdaLocalPort: 64975
[BaseDriver] The following capabilities were provided, but are not recognized by appium: deviceId, platform.
[BaseDriver] Session created with session id: 27a530a5-3857-471a-859e-ece32fa59565
[iOSSim] Constructing iOS simulator for Xcode version 10.1 with udid '1FBC48CC-4B26-4899-AB2C-0FDD67CACB37'
[XCUITest] Determining device to run tests on: udid: '1FBC48CC-4B26-4899-AB2C-0FDD67CACB37', real device: false
[XCUITest] Safari test requested
[XCUITest] Continuing without capturing device logs: iOS Simulator with udid 1FBC48CC-4B26-4899-AB2C-0FDD67CACB37 is not running
[XCUITest] Setting up simulator
[iOSSim] Booting Simulator with UDID 1FBC48CC-4B26-4899-AB2C-0FDD67CACB37...
[iOSSim] Starting Simulator UI with command: open -Fn /Applications/Xcode.app/Contents/Developer/Applications/Simulator.app --args -CurrentDeviceUDID 1FBC48CC-4B26-4899-AB2C-0FDD67CACB37 -ConnectHardwareKeyboard 0
[iOSSim] Simulator with UDID 1FBC48CC-4B26-4899-AB2C-0FDD67CACB37 booted in 28 seconds
[XCUITest] Using WDA path: '/Users/denisyu/.nvm/versions/node/v8.1.4/lib/node_modules/appium/node_modules/_appium-xcuitest-driver@2.105.0@appium-xcuitest-driver/WebDriverAgent'
[XCUITest] Using WDA agent: '/Users/denisyu/.nvm/versions/node/v8.1.4/lib/node_modules/appium/node_modules/_appium-xcuitest-driver@2.105.0@appium-xcuitest-driver/WebDriverAgent/WebDriverAgent.xcodeproj'
[JSONWP Proxy] Got an unexpected response: {"errno":"ECONNREFUSED","code":"ECONNREFUSED","syscall":"connect","address":"127.0.0.1","port":64975}
[XCUITest] Launching WebDriverAgent on the device
[JSONWP Proxy] Got an unexpected response: {"errno":"ECONNREFUSED","code":"ECONNREFUSED","syscall":"connect","address":"127.0.0.1","port":64975}
[JSONWP Proxy] Got an unexpected response: {"errno":"ECONNREFUSED","code":"ECONNREFUSED","syscall":"connect","address":"127.0.0.1","port":64975}
[JSONWP Proxy] Got an unexpected response: {"errno":"ECONNREFUSED","code":"ECONNREFUSED","syscall":"connect","address":"127.0.0.1","port":64975}
[JSONWP Proxy] Got an unexpected response: {"errno":"ECONNREFUSED","code":"ECONNREFUSED","syscall":"connect","address":"127.0.0.1","port":64975}
[JSONWP Proxy] Got an unexpected response: {"errno":"ECONNREFUSED","code":"ECONNREFUSED","syscall":"connect","address":"127.0.0.1","port":64975}
[JSONWP Proxy] Got an unexpected response: {"errno":"ECONNREFUSED","code":"ECONNREFUSED","syscall":"connect","address":"127.0.0.1","port":64975}
[JSONWP Proxy] Got an unexpected response: {"errno":"ECONNREFUSED","code":"ECONNREFUSED","syscall":"connect","address":"127.0.0.1","port":64975}
[JSONWP Proxy] Got an unexpected response: {"errno":"ECONNREFUSED","code":"ECONNREFUSED","syscall":"connect","address":"127.0.0.1","port":64975}
[JSONWP Proxy] Got an unexpected response: {"errno":"ECONNREFUSED","code":"ECONNREFUSED","syscall":"connect","address":"127.0.0.1","port":64975}
[JSONWP Proxy] Got an unexpected response: {"errno":"ECONNREFUSED","code":"ECONNREFUSED","syscall":"connect","address":"127.0.0.1","port":64975}
[JSONWP Proxy] Got an unexpected response: {"errno":"ECONNREFUSED","code":"ECONNREFUSED","syscall":"connect","address":"127.0.0.1","port":64975}
[JSONWP Proxy] Got an unexpected response: {"errno":"ECONNREFUSED","code":"ECONNREFUSED","syscall":"connect","address":"127.0.0.1","port":64975}
[JSONWP Proxy] Got an unexpected response: {"errno":"ECONNREFUSED","code":"ECONNREFUSED","syscall":"connect","address":"127.0.0.1","port":64975}
[JSONWP Proxy] Got an unexpected response: {"errno":"ECONNREFUSED","code":"ECONNREFUSED","syscall":"connect","address":"127.0.0.1","port":64975}
[JSONWP Proxy] Got an unexpected response: {"errno":"ECONNREFUSED","code":"ECONNREFUSED","syscall":"connect","address":"127.0.0.1","port":64975}
[JSONWP Proxy] Got an unexpected response: {"errno":"ECONNREFUSED","code":"ECONNREFUSED","syscall":"connect","address":"127.0.0.1","port":64975}
[JSONWP Proxy] Got an unexpected response: {"errno":"ECONNREFUSED","code":"ECONNREFUSED","syscall":"connect","address":"127.0.0.1","port":64975}
[JSONWP Proxy] Got an unexpected response: {"errno":"ECONNREFUSED","code":"ECONNREFUSED","syscall":"connect","address":"127.0.0.1","port":64975}
[JSONWP Proxy] Got an unexpected response: {"errno":"ECONNREFUSED","code":"ECONNREFUSED","syscall":"connect","address":"127.0.0.1","port":64975}
[JSONWP Proxy] Got an unexpected response: {"errno":"ECONNREFUSED","code":"ECONNREFUSED","syscall":"connect","address":"127.0.0.1","port":64975}
[JSONWP Proxy] Got an unexpected response: {"errno":"ECONNREFUSED","code":"ECONNREFUSED","syscall":"connect","address":"127.0.0.1","port":64975}
[JSONWP Proxy] Got an unexpected response: {"errno":"ECONNREFUSED","code":"ECONNREFUSED","syscall":"connect","address":"127.0.0.1","port":64975}
[JSONWP Proxy] Got an unexpected response: {"errno":"ECONNREFUSED","code":"ECONNREFUSED","syscall":"connect","address":"127.0.0.1","port":64975}
[JSONWP Proxy] Got an unexpected response: {"errno":"ECONNREFUSED","code":"ECONNREFUSED","syscall":"connect","address":"127.0.0.1","port":64975}
[JSONWP Proxy] Got an unexpected response: {"errno":"ECONNREFUSED","code":"ECONNREFUSED","syscall":"connect","address":"127.0.0.1","port":64975}
[JSONWP Proxy] Got an unexpected response: {"errno":"ECONNREFUSED","code":"ECONNREFUSED","syscall":"connect","address":"127.0.0.1","port":64975}
[JSONWP Proxy] Got an unexpected response: {"errno":"ECONNREFUSED","code":"ECONNREFUSED","syscall":"connect","address":"127.0.0.1","port":64975}
[JSONWP Proxy] Got an unexpected response: {"errno":"ECONNREFUSED","code":"ECONNREFUSED","syscall":"connect","address":"127.0.0.1","port":64975}
[JSONWP Proxy] Got an unexpected response: {"errno":"ECONNREFUSED","code":"ECONNREFUSED","syscall":"connect","address":"127.0.0.1","port":64975}
[JSONWP Proxy] Got an unexpected response: {"errno":"ECONNREFUSED","code":"ECONNREFUSED","syscall":"connect","address":"127.0.0.1","port":64975}
[JSONWP Proxy] Got an unexpected response: {"errno":"ECONNREFUSED","code":"ECONNREFUSED","syscall":"connect","address":"127.0.0.1","port":64975}
[HTTP] --> GET /welcome
[HTTP] {}
[HTTP] <-- GET /welcome 200 18 ms - 124
[HTTP] 
[HTTP] <-- GET /favicon.ico 200 1 ms - 1150
[HTTP] 
[XCUITest] Skipping setting of the initial display orientation. Set the "orientation" capability to either "LANDSCAPE" or "PORTRAIT", if this is an undesired behavior.
[Appium] New XCUITestDriver session created successfully, session 27a530a5-3857-471a-859e-ece32fa59565 added to master session list
[HTTP] <-- POST /wd/hub/session 200 243833 ms - 608
[HTTP] 
[HTTP] --> GET /wd/hub/status
[HTTP] {}
[HTTP] <-- GET /wd/hub/status 200 64 ms - 55
[HTTP] 
[HTTP] --> POST /wd/hub/session/27a530a5-3857-471a-859e-ece32fa59565/timeouts
[HTTP] {"type":"implicit","ms":60000}
[HTTP] <-- POST /wd/hub/session/27a530a5-3857-471a-859e-ece32fa59565/timeouts 400 41 ms - 5641
[HTTP] 
[HTTP] --> POST /wd/hub/session/27a530a5-3857-471a-859e-ece32fa59565/timeouts
[HTTP] {"type":"implicit","ms":0}
[HTTP] <-- POST /wd/hub/session/27a530a5-3857-471a-859e-ece32fa59565/timeouts 400 2 ms - 5633
[HTTP] 
[HTTP] --> POST /wd/hub/session/27a530a5-3857-471a-859e-ece32fa59565/execute
[HTTP] {"script":"return navigator.sayswho= (function() { var ua= navigator.userAgent, tem, M= ua.match(/(opera|chrome|safari|firefox|msie|trident)\\/?\\s*(\\.?\\d+(\\.\\d+)*)/i) || []; if (/trident/i.test(M[1])) {     tem=  /\\brv[ :]+(\\d+)/g.exec(ua) || [];     return 'IE '+(tem[1] || ''); } if(M[1]=== 'Chrome') {     tem= ua.match(/\\b(OPR|Edge)\\/(\\d+)/);     if(tem!= null) return tem.slice(1).join(' ').replace('OPR', 'Opera'); } M= M[2]? [M[1], M[2]]: [navigator.appName, navigator.appVersion, '-?']; if((tem= ua.match(/version\\/(\\d+)/i))!= null) M.splice(1, 1, tem[1]); return M.join(' ').replace('MSIE', 'IE');})();","args":[]}
[HTTP] <-- POST /wd/hub/session/27a530a5-3857-471a-859e-ece32fa59565/execute 200 2922 ms - 83
[HTTP] 
[HTTP] --> POST /wd/hub/session/27a530a5-3857-471a-859e-ece32fa59565/url
[HTTP] {"url":"https://praetemptatus.agilehealthinsurance.com/"}
[HTTP] <-- POST /wd/hub/session/27a530a5-3857-471a-859e-ece32fa59565/url 200 6700 ms - 76
[HTTP] 
[HTTP] --> POST /wd/hub/session/27a530a5-3857-471a-859e-ece32fa59565/elements
[HTTP] {"using":"xpath","value":"//a[@href = '/health-insurance-quotes' and @id = 'primaryCTA' and @title = 'Get Health Insurance Quotes' and (text() = 'Quote & Save Today' or . = 'Quote & Save Today')]"}
[HTTP] <-- POST /wd/hub/session/27a530a5-3857-471a-859e-ece32fa59565/elements 200 2933 ms - 74
[HTTP] 
[HTTP] --> POST /wd/hub/session/27a530a5-3857-471a-859e-ece32fa59565/elements
[HTTP] {"using":"xpath","value":"//a[@href = '/health-insurance-quotes' and @id = 'primaryCTA' and @title = 'Get Health Insurance Quotes' and (text() = 'Quote & Save Today' or . = 'Quote & Save Today')]"}
[HTTP] <-- POST /wd/hub/session/27a530a5-3857-471a-859e-ece32fa59565/elements 200 872 ms - 74
[HTTP] 
[HTTP] --> POST /wd/hub/session/27a530a5-3857-471a-859e-ece32fa59565/elements
[HTTP] {"using":"xpath","value":"//a[@href = '/health-insurance-quotes' and @id = 'primaryCTA' and @title = 'Get Health Insurance Quotes' and (text() = 'Quote & Save Today' or . = 'Quote & Save Today')]"}
[HTTP] <-- POST /wd/hub/session/27a530a5-3857-471a-859e-ece32fa59565/elements 200 373 ms - 92
[HTTP] 
[HTTP] --> GET /wd/hub/session/27a530a5-3857-471a-859e-ece32fa59565
[HTTP] {}
[XCUITest] Merging WDA caps over Appium caps for session detail response
[HTTP] <-- GET /wd/hub/session/27a530a5-3857-471a-859e-ece32fa59565 200 3204 ms - 627
[HTTP] 
[HTTP] --> GET /wd/hub/session/27a530a5-3857-471a-859e-ece32fa59565
[HTTP] {}
[XCUITest] Merging WDA caps over Appium caps for session detail response
[HTTP] <-- GET /wd/hub/session/27a530a5-3857-471a-859e-ece32fa59565 200 3 ms - 627
[HTTP] 
[HTTP] --> GET /wd/hub/session/27a530a5-3857-471a-859e-ece32fa59565
[HTTP] {}
[XCUITest] Merging WDA caps over Appium caps for session detail response
[HTTP] <-- GET /wd/hub/session/27a530a5-3857-471a-859e-ece32fa59565 200 3 ms - 627
[HTTP] 
[HTTP] --> GET /wd/hub/session/27a530a5-3857-471a-859e-ece32fa59565
[HTTP] {}
[XCUITest] Merging WDA caps over Appium caps for session detail response
[HTTP] <-- GET /wd/hub/session/27a530a5-3857-471a-859e-ece32fa59565 200 2 ms - 627
[HTTP] 
[HTTP] --> POST /wd/hub/session/27a530a5-3857-471a-859e-ece32fa59565/element/5000/click
[HTTP] {"id":"5000"}
[HTTP] <-- POST /wd/hub/session/27a530a5-3857-471a-859e-ece32fa59565/element/5000/click 200 2713 ms - 76
[HTTP] 
[HTTP] --> POST /wd/hub/session/27a530a5-3857-471a-859e-ece32fa59565/elements
[HTTP] {"using":"xpath","value":"//input[@id = 'zip-input' and @type = 'tel' and @placeholder = 'Zip Code']"}
[HTTP] <-- POST /wd/hub/session/27a530a5-3857-471a-859e-ece32fa59565/elements 200 570 ms - 92
[HTTP] 
[HTTP] --> GET /wd/hub/session/27a530a5-3857-471a-859e-ece32fa59565
[HTTP] {}
[XCUITest] Merging WDA caps over Appium caps for session detail response
[HTTP] <-- GET /wd/hub/session/27a530a5-3857-471a-859e-ece32fa59565 200 3 ms - 627
[HTTP] 
[HTTP] --> GET /wd/hub/session/27a530a5-3857-471a-859e-ece32fa59565
[HTTP] {}
[XCUITest] Merging WDA caps over Appium caps for session detail response
[HTTP] <-- GET /wd/hub/session/27a530a5-3857-471a-859e-ece32fa59565 200 2 ms - 627
[HTTP] 
[HTTP] --> GET /wd/hub/session/27a530a5-3857-471a-859e-ece32fa59565
[HTTP] {}
[XCUITest] Merging WDA caps over Appium caps for session detail response
[HTTP] <-- GET /wd/hub/session/27a530a5-3857-471a-859e-ece32fa59565 200 2 ms - 627
[HTTP] 
[HTTP] --> GET /wd/hub/session/27a530a5-3857-471a-859e-ece32fa59565
[HTTP] {}
[XCUITest] Merging WDA caps over Appium caps for session detail response
[HTTP] <-- GET /wd/hub/session/27a530a5-3857-471a-859e-ece32fa59565 200 2 ms - 627
[HTTP] 
[HTTP] --> POST /wd/hub/session/27a530a5-3857-471a-859e-ece32fa59565/element/5001/clear
[HTTP] {"id":"5001"}
[HTTP] <-- POST /wd/hub/session/27a530a5-3857-471a-859e-ece32fa59565/element/5001/clear 200 754 ms - 76
[HTTP] 
[HTTP] --> POST /wd/hub/session/27a530a5-3857-471a-859e-ece32fa59565/elements
[HTTP] {"using":"xpath","value":"//input[@id = 'zip-input' and @type = 'tel' and @placeholder = 'Zip Code']"}
[HTTP] <-- POST /wd/hub/session/27a530a5-3857-471a-859e-ece32fa59565/elements 200 698 ms - 92
[HTTP] 
[HTTP] --> GET /wd/hub/session/27a530a5-3857-471a-859e-ece32fa59565
[HTTP] {}
[XCUITest] Merging WDA caps over Appium caps for session detail response
[HTTP] <-- GET /wd/hub/session/27a530a5-3857-471a-859e-ece32fa59565 200 3 ms - 627
[HTTP] 
[HTTP] --> GET /wd/hub/session/27a530a5-3857-471a-859e-ece32fa59565
[HTTP] {}
[XCUITest] Merging WDA caps over Appium caps for session detail response
[HTTP] <-- GET /wd/hub/session/27a530a5-3857-471a-859e-ece32fa59565 200 2 ms - 627
[HTTP] 
[HTTP] --> GET /wd/hub/session/27a530a5-3857-471a-859e-ece32fa59565
[HTTP] {}
[XCUITest] Merging WDA caps over Appium caps for session detail response
[HTTP] <-- GET /wd/hub/session/27a530a5-3857-471a-859e-ece32fa59565 200 2 ms - 627
[HTTP] 
[HTTP] --> GET /wd/hub/session/27a530a5-3857-471a-859e-ece32fa59565
[HTTP] {}
[XCUITest] Merging WDA caps over Appium caps for session detail response
[HTTP] <-- GET /wd/hub/session/27a530a5-3857-471a-859e-ece32fa59565 200 3 ms - 627
[HTTP] 
[HTTP] --> POST /wd/hub/session/27a530a5-3857-471a-859e-ece32fa59565/element/5002/value
[HTTP] {"id":"5002","value":["60602"]}
[HTTP] <-- POST /wd/hub/session/27a530a5-3857-471a-859e-ece32fa59565/element/5002/value 200 2145 ms - 76
[HTTP] 
[HTTP] --> POST /wd/hub/session/27a530a5-3857-471a-859e-ece32fa59565/elements
[HTTP] {"using":"xpath","value":"//input[@id = 'dob-0' and @type = 'tel' and @placeholder = 'mm/dd/yyyy']"}
[HTTP] <-- POST /wd/hub/session/27a530a5-3857-471a-859e-ece32fa59565/elements 200 2436 ms - 92
[HTTP] 
[HTTP] --> GET /wd/hub/session/27a530a5-3857-471a-859e-ece32fa59565
[HTTP] {}
[XCUITest] Merging WDA caps over Appium caps for session detail response
[HTTP] <-- GET /wd/hub/session/27a530a5-3857-471a-859e-ece32fa59565 200 3 ms - 627
[HTTP] 
[HTTP] --> GET /wd/hub/session/27a530a5-3857-471a-859e-ece32fa59565
[HTTP] {}
[XCUITest] Merging WDA caps over Appium caps for session detail response
[HTTP] <-- GET /wd/hub/session/27a530a5-3857-471a-859e-ece32fa59565 200 2 ms - 627
[HTTP] 
[HTTP] --> GET /wd/hub/session/27a530a5-3857-471a-859e-ece32fa59565
[HTTP] {}
[XCUITest] Merging WDA caps over Appium caps for session detail response
[HTTP] <-- GET /wd/hub/session/27a530a5-3857-471a-859e-ece32fa59565 200 2 ms - 627
[HTTP] 
[HTTP] --> GET /wd/hub/session/27a530a5-3857-471a-859e-ece32fa59565
[HTTP] {}
[XCUITest] Merging WDA caps over Appium caps for session detail response
[HTTP] <-- GET /wd/hub/session/27a530a5-3857-471a-859e-ece32fa59565 200 2 ms - 627
[HTTP] 
[HTTP] --> POST /wd/hub/session/27a530a5-3857-471a-859e-ece32fa59565/element/5003/clear
[HTTP] {"id":"5003"}
[HTTP] <-- POST /wd/hub/session/27a530a5-3857-471a-859e-ece32fa59565/element/5003/clear 200 419 ms - 76
[HTTP] 
[HTTP] --> POST /wd/hub/session/27a530a5-3857-471a-859e-ece32fa59565/elements
[HTTP] {"using":"xpath","value":"//input[@id = 'dob-0' and @type = 'tel' and @placeholder = 'mm/dd/yyyy']"}
[HTTP] <-- POST /wd/hub/session/27a530a5-3857-471a-859e-ece32fa59565/elements 200 255 ms - 92
[HTTP] 
[HTTP] --> GET /wd/hub/session/27a530a5-3857-471a-859e-ece32fa59565
[HTTP] {}
[XCUITest] Merging WDA caps over Appium caps for session detail response
[HTTP] <-- GET /wd/hub/session/27a530a5-3857-471a-859e-ece32fa59565 200 2 ms - 627
[HTTP] 
[HTTP] --> GET /wd/hub/session/27a530a5-3857-471a-859e-ece32fa59565
[HTTP] {}
[XCUITest] Merging WDA caps over Appium caps for session detail response
[HTTP] <-- GET /wd/hub/session/27a530a5-3857-471a-859e-ece32fa59565 200 3 ms - 627
[HTTP] 
[HTTP] --> GET /wd/hub/session/27a530a5-3857-471a-859e-ece32fa59565
[HTTP] {}
[XCUITest] Merging WDA caps over Appium caps for session detail response
[HTTP] <-- GET /wd/hub/session/27a530a5-3857-471a-859e-ece32fa59565 200 3 ms - 627
[HTTP] 
[HTTP] --> GET /wd/hub/session/27a530a5-3857-471a-859e-ece32fa59565
[HTTP] {}
[XCUITest] Merging WDA caps over Appium caps for session detail response
[HTTP] <-- GET /wd/hub/session/27a530a5-3857-471a-859e-ece32fa59565 200 4 ms - 627
[HTTP] 
[HTTP] --> POST /wd/hub/session/27a530a5-3857-471a-859e-ece32fa59565/element/5004/value
[HTTP] {"id":"5004","value":["03/03/1987"]}
[HTTP] <-- POST /wd/hub/session/27a530a5-3857-471a-859e-ece32fa59565/element/5004/value 200 1905 ms - 76
[HTTP] 
[HTTP] --> POST /wd/hub/session/27a530a5-3857-471a-859e-ece32fa59565/elements
[HTTP] {"using":"xpath","value":"//label[(text() = 'Male' or . = 'Male')]"}
[HTTP] <-- POST /wd/hub/session/27a530a5-3857-471a-859e-ece32fa59565/elements 200 647 ms - 92
[HTTP] 
[HTTP] --> GET /wd/hub/session/27a530a5-3857-471a-859e-ece32fa59565
[HTTP] {}
[XCUITest] Merging WDA caps over Appium caps for session detail response
[HTTP] <-- GET /wd/hub/session/27a530a5-3857-471a-859e-ece32fa59565 200 2 ms - 627
[HTTP] 
[HTTP] --> GET /wd/hub/session/27a530a5-3857-471a-859e-ece32fa59565
[HTTP] {}
[XCUITest] Merging WDA caps over Appium caps for session detail response
[HTTP] <-- GET /wd/hub/session/27a530a5-3857-471a-859e-ece32fa59565 200 2 ms - 627
[HTTP] 
[HTTP] --> GET /wd/hub/session/27a530a5-3857-471a-859e-ece32fa59565
[HTTP] {}
[XCUITest] Merging WDA caps over Appium caps for session detail response
[HTTP] <-- GET /wd/hub/session/27a530a5-3857-471a-859e-ece32fa59565 200 2 ms - 627
[HTTP] 
[HTTP] --> GET /wd/hub/session/27a530a5-3857-471a-859e-ece32fa59565
[HTTP] {}
[XCUITest] Merging WDA caps over Appium caps for session detail response
[HTTP] <-- GET /wd/hub/session/27a530a5-3857-471a-859e-ece32fa59565 200 2 ms - 627
[HTTP] 
[HTTP] --> POST /wd/hub/session/27a530a5-3857-471a-859e-ece32fa59565/element/5005/click
[HTTP] {"id":"5005"}
[HTTP] <-- POST /wd/hub/session/27a530a5-3857-471a-859e-ece32fa59565/element/5005/click 200 1206 ms - 76
[HTTP] 
[HTTP] --> POST /wd/hub/session/27a530a5-3857-471a-859e-ece32fa59565/elements
[HTTP] {"using":"xpath","value":"//label[@id = 'js-see-plans' and @href = '#' and (text() = 'Compare Plans ' or . = 'Compare Plans ')]"}
[HTTP] <-- POST /wd/hub/session/27a530a5-3857-471a-859e-ece32fa59565/elements 200 283 ms - 92
[HTTP] 
[HTTP] --> GET /wd/hub/session/27a530a5-3857-471a-859e-ece32fa59565
[HTTP] {}
[XCUITest] Merging WDA caps over Appium caps for session detail response
[HTTP] <-- GET /wd/hub/session/27a530a5-3857-471a-859e-ece32fa59565 200 2 ms - 627
[HTTP] 
[HTTP] --> GET /wd/hub/session/27a530a5-3857-471a-859e-ece32fa59565
[HTTP] {}
[XCUITest] Merging WDA caps over Appium caps for session detail response
[HTTP] <-- GET /wd/hub/session/27a530a5-3857-471a-859e-ece32fa59565 200 2 ms - 627
[HTTP] 
[HTTP] --> GET /wd/hub/session/27a530a5-3857-471a-859e-ece32fa59565
[HTTP] {}
[XCUITest] Merging WDA caps over Appium caps for session detail response
[HTTP] <-- GET /wd/hub/session/27a530a5-3857-471a-859e-ece32fa59565 200 2 ms - 627
[HTTP] 
[HTTP] --> GET /wd/hub/session/27a530a5-3857-471a-859e-ece32fa59565
[HTTP] {}
[XCUITest] Merging WDA caps over Appium caps for session detail response
[HTTP] <-- GET /wd/hub/session/27a530a5-3857-471a-859e-ece32fa59565 200 2 ms - 627
[HTTP] 
[HTTP] --> POST /wd/hub/session/27a530a5-3857-471a-859e-ece32fa59565/element/5006/click
[HTTP] {"id":"5006"}
[HTTP] <-- POST /wd/hub/session/27a530a5-3857-471a-859e-ece32fa59565/element/5006/click 200 433 ms - 76
[HTTP] 
[HTTP] --> POST /wd/hub/session/27a530a5-3857-471a-859e-ece32fa59565/elements
[HTTP] {"using":"xpath","value":"id(\"js-modal-carrier\")/div[@class=\"c-filter-v3\"]/a[@class=\"js-toggle-button c-filter-v3__header collapsed\"]/span[@class=\"c-filter-v3__chevron-down\"]/i[@class=\"fa fa-chevron-down\"]"}
[HTTP] <-- POST /wd/hub/session/27a530a5-3857-471a-859e-ece32fa59565/elements 200 558 ms - 74
[HTTP] 
[HTTP] --> POST /wd/hub/session/27a530a5-3857-471a-859e-ece32fa59565/elements
[HTTP] {"using":"xpath","value":"id(\"js-modal-carrier\")/div[@class=\"c-filter-v3\"]/a[@class=\"js-toggle-button c-filter-v3__header collapsed\"]/span[@class=\"c-filter-v3__chevron-down\"]/i[@class=\"fa fa-chevron-down\"]"}
[HTTP] <-- POST /wd/hub/session/27a530a5-3857-471a-859e-ece32fa59565/elements 200 2079 ms - 74
[HTTP] 
[HTTP] --> POST /wd/hub/session/27a530a5-3857-471a-859e-ece32fa59565/elements
[HTTP] {"using":"xpath","value":"id(\"js-modal-carrier\")/div[@class=\"c-filter-v3\"]/a[@class=\"js-toggle-button c-filter-v3__header collapsed\"]/span[@class=\"c-filter-v3__chevron-down\"]/i[@class=\"fa fa-chevron-down\"]"}
[HTTP] <-- POST /wd/hub/session/27a530a5-3857-471a-859e-ece32fa59565/elements 200 174 ms - 74
[HTTP] 
[HTTP] --> POST /wd/hub/session/27a530a5-3857-471a-859e-ece32fa59565/elements
[HTTP] {"using":"xpath","value":"id(\"js-modal-carrier\")/div[@class=\"c-filter-v3\"]/a[@class=\"js-toggle-button c-filter-v3__header collapsed\"]/span[@class=\"c-filter-v3__chevron-down\"]/i[@class=\"fa fa-chevron-down\"]"}
[HTTP] <-- POST /wd/hub/session/27a530a5-3857-471a-859e-ece32fa59565/elements 200 2156 ms - 74
[HTTP] 
[HTTP] --> POST /wd/hub/session/27a530a5-3857-471a-859e-ece32fa59565/elements
[HTTP] {"using":"xpath","value":"id(\"js-modal-carrier\")/div[@class=\"c-filter-v3\"]/a[@class=\"js-toggle-button c-filter-v3__header collapsed\"]/span[@class=\"c-filter-v3__chevron-down\"]/i[@class=\"fa fa-chevron-down\"]"}
[HTTP] <-- POST /wd/hub/session/27a530a5-3857-471a-859e-ece32fa59565/elements 200 238 ms - 74
[HTTP] 
[HTTP] --> POST /wd/hub/session/27a530a5-3857-471a-859e-ece32fa59565/elements
[HTTP] {"using":"xpath","value":"id(\"js-modal-carrier\")/div[@class=\"c-filter-v3\"]/a[@class=\"js-toggle-button c-filter-v3__header collapsed\"]/span[@class=\"c-filter-v3__chevron-down\"]/i[@class=\"fa fa-chevron-down\"]"}
[HTTP] <-- POST /wd/hub/session/27a530a5-3857-471a-859e-ece32fa59565/elements 200 336 ms - 74
[HTTP] 
[HTTP] --> POST /wd/hub/session/27a530a5-3857-471a-859e-ece32fa59565/elements
[HTTP] {"using":"xpath","value":"id(\"js-modal-carrier\")/div[@class=\"c-filter-v3\"]/a[@class=\"js-toggle-button c-filter-v3__header collapsed\"]/span[@class=\"c-filter-v3__chevron-down\"]/i[@class=\"fa fa-chevron-down\"]"}
[HTTP] <-- POST /wd/hub/session/27a530a5-3857-471a-859e-ece32fa59565/elements 200 2572 ms - 74
[HTTP] 
[HTTP] --> POST /wd/hub/session/27a530a5-3857-471a-859e-ece32fa59565/elements
[HTTP] {"using":"xpath","value":"id(\"js-modal-carrier\")/div[@class=\"c-filter-v3\"]/a[@class=\"js-toggle-button c-filter-v3__header collapsed\"]/span[@class=\"c-filter-v3__chevron-down\"]/i[@class=\"fa fa-chevron-down\"]"}
[HTTP] <-- POST /wd/hub/session/27a530a5-3857-471a-859e-ece32fa59565/elements 200 2045 ms - 74
[HTTP] 
[HTTP] --> POST /wd/hub/session/27a530a5-3857-471a-859e-ece32fa59565/elements
[HTTP] {"using":"xpath","value":"id(\"js-modal-carrier\")/div[@class=\"c-filter-v3\"]/a[@class=\"js-toggle-button c-filter-v3__header collapsed\"]/span[@class=\"c-filter-v3__chevron-down\"]/i[@class=\"fa fa-chevron-down\"]"}
[HTTP] <-- POST /wd/hub/session/27a530a5-3857-471a-859e-ece32fa59565/elements 200 2348 ms - 74
[HTTP] 
[HTTP] --> POST /wd/hub/session/27a530a5-3857-471a-859e-ece32fa59565/elements
[HTTP] {"using":"xpath","value":"id(\"js-modal-carrier\")/div[@class=\"c-filter-v3\"]/a[@class=\"js-toggle-button c-filter-v3__header collapsed\"]/span[@class=\"c-filter-v3__chevron-down\"]/i[@class=\"fa fa-chevron-down\"]"}
[HTTP] <-- POST /wd/hub/session/27a530a5-3857-471a-859e-ece32fa59565/elements 200 1631 ms - 74
[HTTP] 
[HTTP] --> POST /wd/hub/session/27a530a5-3857-471a-859e-ece32fa59565/elements
[HTTP] {"using":"xpath","value":"id(\"js-modal-carrier\")/div[@class=\"c-filter-v3\"]/a[@class=\"js-toggle-button c-filter-v3__header collapsed\"]/span[@class=\"c-filter-v3__chevron-down\"]/i[@class=\"fa fa-chevron-down\"]"}
[HTTP] <-- POST /wd/hub/session/27a530a5-3857-471a-859e-ece32fa59565/elements 200 1308 ms - 74
[HTTP] 
[HTTP] --> POST /wd/hub/session/27a530a5-3857-471a-859e-ece32fa59565/elements
[HTTP] {"using":"xpath","value":"id(\"js-modal-carrier\")/div[@class=\"c-filter-v3\"]/a[@class=\"js-toggle-button c-filter-v3__header collapsed\"]/span[@class=\"c-filter-v3__chevron-down\"]/i[@class=\"fa fa-chevron-down\"]"}
[HTTP] <-- POST /wd/hub/session/27a530a5-3857-471a-859e-ece32fa59565/elements 200 3401 ms - 74
[HTTP] 
[HTTP] --> POST /wd/hub/session/27a530a5-3857-471a-859e-ece32fa59565/elements
[HTTP] {"using":"xpath","value":"id(\"js-modal-carrier\")/div[@class=\"c-filter-v3\"]/a[@class=\"js-toggle-button c-filter-v3__header collapsed\"]/span[@class=\"c-filter-v3__chevron-down\"]/i[@class=\"fa fa-chevron-down\"]"}
[HTTP] <-- POST /wd/hub/session/27a530a5-3857-471a-859e-ece32fa59565/elements 200 822 ms - 74
[HTTP] 
[HTTP] --> POST /wd/hub/session/27a530a5-3857-471a-859e-ece32fa59565/elements
[HTTP] {"using":"xpath","value":"id(\"js-modal-carrier\")/div[@class=\"c-filter-v3\"]/a[@class=\"js-toggle-button c-filter-v3__header collapsed\"]/span[@class=\"c-filter-v3__chevron-down\"]/i[@class=\"fa fa-chevron-down\"]"}
[HTTP] <-- POST /wd/hub/session/27a530a5-3857-471a-859e-ece32fa59565/elements 200 1253 ms - 74
[HTTP] 
[HTTP] --> POST /wd/hub/session/27a530a5-3857-471a-859e-ece32fa59565/elements
[HTTP] {"using":"xpath","value":"id(\"js-modal-carrier\")/div[@class=\"c-filter-v3\"]/a[@class=\"js-toggle-button c-filter-v3__header collapsed\"]/span[@class=\"c-filter-v3__chevron-down\"]/i[@class=\"fa fa-chevron-down\"]"}
[HTTP] <-- POST /wd/hub/session/27a530a5-3857-471a-859e-ece32fa59565/elements 200 1736 ms - 74
[HTTP] 
[HTTP] --> POST /wd/hub/session/27a530a5-3857-471a-859e-ece32fa59565/elements
[HTTP] {"using":"xpath","value":"id(\"js-modal-carrier\")/div[@class=\"c-filter-v3\"]/a[@class=\"js-toggle-button c-filter-v3__header collapsed\"]/span[@class=\"c-filter-v3__chevron-down\"]/i[@class=\"fa fa-chevron-down\"]"}
[HTTP] <-- POST /wd/hub/session/27a530a5-3857-471a-859e-ece32fa59565/elements 200 852 ms - 74
[HTTP] 
[HTTP] --> POST /wd/hub/session/27a530a5-3857-471a-859e-ece32fa59565/elements
[HTTP] {"using":"xpath","value":"id(\"js-modal-carrier\")/div[@class=\"c-filter-v3\"]/a[@class=\"js-toggle-button c-filter-v3__header collapsed\"]/span[@class=\"c-filter-v3__chevron-down\"]/i[@class=\"fa fa-chevron-down\"]"}
[HTTP] <-- POST /wd/hub/session/27a530a5-3857-471a-859e-ece32fa59565/elements 200 1193 ms - 74
[HTTP] 
[HTTP] --> POST /wd/hub/session/27a530a5-3857-471a-859e-ece32fa59565/elements
[HTTP] {"using":"xpath","value":"id(\"js-modal-carrier\")/div[@class=\"c-filter-v3\"]/a[@class=\"js-toggle-button c-filter-v3__header collapsed\"]/span[@class=\"c-filter-v3__chevron-down\"]/i[@class=\"fa fa-chevron-down\"]"}
[HTTP] <-- POST /wd/hub/session/27a530a5-3857-471a-859e-ece32fa59565/elements 200 3330 ms - 74
[HTTP] 
[HTTP] --> POST /wd/hub/session/27a530a5-3857-471a-859e-ece32fa59565/elements
[HTTP] {"using":"xpath","value":"id(\"js-modal-carrier\")/div[@class=\"c-filter-v3\"]/a[@class=\"js-toggle-button c-filter-v3__header collapsed\"]/span[@class=\"c-filter-v3__chevron-down\"]/i[@class=\"fa fa-chevron-down\"]"}
[HTTP] <-- POST /wd/hub/session/27a530a5-3857-471a-859e-ece32fa59565/elements 200 1145 ms - 74
[HTTP] 
[HTTP] --> POST /wd/hub/session/27a530a5-3857-471a-859e-ece32fa59565/elements
[HTTP] {"using":"xpath","value":"id(\"js-modal-carrier\")/div[@class=\"c-filter-v3\"]/a[@class=\"js-toggle-button c-filter-v3__header collapsed\"]/span[@class=\"c-filter-v3__chevron-down\"]/i[@class=\"fa fa-chevron-down\"]"}
[HTTP] <-- POST /wd/hub/session/27a530a5-3857-471a-859e-ece32fa59565/elements 200 1985 ms - 74
[HTTP] 
[HTTP] --> POST /wd/hub/session/27a530a5-3857-471a-859e-ece32fa59565/elements
[HTTP] {"using":"xpath","value":"id(\"js-modal-carrier\")/div[@class=\"c-filter-v3\"]/a[@class=\"js-toggle-button c-filter-v3__header collapsed\"]/span[@class=\"c-filter-v3__chevron-down\"]/i[@class=\"fa fa-chevron-down\"]"}
[HTTP] <-- POST /wd/hub/session/27a530a5-3857-471a-859e-ece32fa59565/elements 200 1914 ms - 74
[HTTP] 
[HTTP] --> POST /wd/hub/session/27a530a5-3857-471a-859e-ece32fa59565/elements
[HTTP] {"using":"xpath","value":"id(\"js-modal-carrier\")/div[@class=\"c-filter-v3\"]/a[@class=\"js-toggle-button c-filter-v3__header collapsed\"]/span[@class=\"c-filter-v3__chevron-down\"]/i[@class=\"fa fa-chevron-down\"]"}
[HTTP] <-- POST /wd/hub/session/27a530a5-3857-471a-859e-ece32fa59565/elements 200 747 ms - 74
[HTTP] 
[HTTP] --> POST /wd/hub/session/27a530a5-3857-471a-859e-ece32fa59565/elements
[HTTP] {"using":"xpath","value":"id(\"js-modal-carrier\")/div[@class=\"c-filter-v3\"]/a[@class=\"js-toggle-button c-filter-v3__header collapsed\"]/span[@class=\"c-filter-v3__chevron-down\"]/i[@class=\"fa fa-chevron-down\"]"}
[HTTP] <-- POST /wd/hub/session/27a530a5-3857-471a-859e-ece32fa59565/elements 200 1380 ms - 74
[HTTP] 
[HTTP] --> POST /wd/hub/session/27a530a5-3857-471a-859e-ece32fa59565/elements
[HTTP] {"using":"xpath","value":"id(\"js-modal-carrier\")/div[@class=\"c-filter-v3\"]/a[@class=\"js-toggle-button c-filter-v3__header collapsed\"]/span[@class=\"c-filter-v3__chevron-down\"]/i[@class=\"fa fa-chevron-down\"]"}
[HTTP] <-- POST /wd/hub/session/27a530a5-3857-471a-859e-ece32fa59565/elements 200 1497 ms - 74
[HTTP] 
[HTTP] --> POST /wd/hub/session/27a530a5-3857-471a-859e-ece32fa59565/elements
[HTTP] {"using":"xpath","value":"id(\"js-modal-carrier\")/div[@class=\"c-filter-v3\"]/a[@class=\"js-toggle-button c-filter-v3__header collapsed\"]/span[@class=\"c-filter-v3__chevron-down\"]/i[@class=\"fa fa-chevron-down\"]"}
[HTTP] <-- POST /wd/hub/session/27a530a5-3857-471a-859e-ece32fa59565/elements 200 843 ms - 74
[HTTP] 
[HTTP] --> POST /wd/hub/session/27a530a5-3857-471a-859e-ece32fa59565/elements
[HTTP] {"using":"xpath","value":"id(\"js-modal-carrier\")/div[@class=\"c-filter-v3\"]/a[@class=\"js-toggle-button c-filter-v3__header collapsed\"]/span[@class=\"c-filter-v3__chevron-down\"]/i[@class=\"fa fa-chevron-down\"]"}
[HTTP] <-- POST /wd/hub/session/27a530a5-3857-471a-859e-ece32fa59565/elements 200 1849 ms - 74
[HTTP] 
[HTTP] --> POST /wd/hub/session/27a530a5-3857-471a-859e-ece32fa59565/elements
[HTTP] {"using":"xpath","value":"id(\"js-modal-carrier\")/div[@class=\"c-filter-v3\"]/a[@class=\"js-toggle-button c-filter-v3__header collapsed\"]/span[@class=\"c-filter-v3__chevron-down\"]/i[@class=\"fa fa-chevron-down\"]"}
[HTTP] <-- POST /wd/hub/session/27a530a5-3857-471a-859e-ece32fa59565/elements 200 1579 ms - 74
[HTTP] 
[HTTP] --> POST /wd/hub/session/27a530a5-3857-471a-859e-ece32fa59565/elements
[HTTP] {"using":"xpath","value":"id(\"js-modal-carrier\")/div[@class=\"c-filter-v3\"]/a[@class=\"js-toggle-button c-filter-v3__header collapsed\"]/span[@class=\"c-filter-v3__chevron-down\"]/i[@class=\"fa fa-chevron-down\"]"}
[HTTP] <-- POST /wd/hub/session/27a530a5-3857-471a-859e-ece32fa59565/elements 200 3005 ms - 74
[HTTP] 
[HTTP] --> POST /wd/hub/session/27a530a5-3857-471a-859e-ece32fa59565/elements
[HTTP] {"using":"xpath","value":"id(\"js-modal-carrier\")/div[@class=\"c-filter-v3\"]/a[@class=\"js-toggle-button c-filter-v3__header collapsed\"]/span[@class=\"c-filter-v3__chevron-down\"]/i[@class=\"fa fa-chevron-down\"]"}
[HTTP] <-- POST /wd/hub/session/27a530a5-3857-471a-859e-ece32fa59565/elements 200 1351 ms - 74
[HTTP] 
[HTTP] --> POST /wd/hub/session/27a530a5-3857-471a-859e-ece32fa59565/elements
[HTTP] {"using":"xpath","value":"id(\"js-modal-carrier\")/div[@class=\"c-filter-v3\"]/a[@class=\"js-toggle-button c-filter-v3__header collapsed\"]/span[@class=\"c-filter-v3__chevron-down\"]/i[@class=\"fa fa-chevron-down\"]"}
[HTTP] <-- POST /wd/hub/session/27a530a5-3857-471a-859e-ece32fa59565/elements 200 2284 ms - 74
[HTTP] 
[HTTP] --> POST /wd/hub/session/27a530a5-3857-471a-859e-ece32fa59565/elements
[HTTP] {"using":"xpath","value":"id(\"js-modal-carrier\")/div[@class=\"c-filter-v3\"]/a[@class=\"js-toggle-button c-filter-v3__header collapsed\"]/span[@class=\"c-filter-v3__chevron-down\"]/i[@class=\"fa fa-chevron-down\"]"}
[HTTP] <-- POST /wd/hub/session/27a530a5-3857-471a-859e-ece32fa59565/elements 200 956 ms - 74
[HTTP] 
[HTTP] --> POST /wd/hub/session/27a530a5-3857-471a-859e-ece32fa59565/elements
[HTTP] {"using":"xpath","value":"id(\"js-modal-carrier\")/div[@class=\"c-filter-v3\"]/a[@class=\"js-toggle-button c-filter-v3__header collapsed\"]/span[@class=\"c-filter-v3__chevron-down\"]/i[@class=\"fa fa-chevron-down\"]"}
[HTTP] <-- POST /wd/hub/session/27a530a5-3857-471a-859e-ece32fa59565/elements 200 1143 ms - 74
[HTTP] 
[HTTP] --> POST /wd/hub/session/27a530a5-3857-471a-859e-ece32fa59565/elements
[HTTP] {"using":"xpath","value":"id(\"js-modal-carrier\")/div[@class=\"c-filter-v3\"]/a[@class=\"js-toggle-button c-filter-v3__header collapsed\"]/span[@class=\"c-filter-v3__chevron-down\"]/i[@class=\"fa fa-chevron-down\"]"}
[HTTP] <-- POST /wd/hub/session/27a530a5-3857-471a-859e-ece32fa59565/elements 200 1216 ms - 74
[HTTP] 
[HTTP] --> POST /wd/hub/session/27a530a5-3857-471a-859e-ece32fa59565/elements
[HTTP] {"using":"xpath","value":"id(\"js-modal-carrier\")/div[@class=\"c-filter-v3\"]/a[@class=\"js-toggle-button c-filter-v3__header collapsed\"]/span[@class=\"c-filter-v3__chevron-down\"]/i[@class=\"fa fa-chevron-down\"]"}
[HTTP] <-- POST /wd/hub/session/27a530a5-3857-471a-859e-ece32fa59565/elements 200 5901 ms - 74
[HTTP] 
[HTTP] --> POST /wd/hub/session/27a530a5-3857-471a-859e-ece32fa59565/elements
[HTTP] {"using":"xpath","value":"id(\"js-modal-carrier\")/div[@class=\"c-filter-v3\"]/a[@class=\"js-toggle-button c-filter-v3__header collapsed\"]/span[@class=\"c-filter-v3__chevron-down\"]/i[@class=\"fa fa-chevron-down\"]"}
[HTTP] <-- POST /wd/hub/session/27a530a5-3857-471a-859e-ece32fa59565/elements 200 612 ms - 74
[HTTP] 
[HTTP] --> POST /wd/hub/session/27a530a5-3857-471a-859e-ece32fa59565/elements
[HTTP] {"using":"xpath","value":"id(\"js-modal-carrier\")/div[@class=\"c-filter-v3\"]/a[@class=\"js-toggle-button c-filter-v3__header collapsed\"]/span[@class=\"c-filter-v3__chevron-down\"]/i[@class=\"fa fa-chevron-down\"]"}
[HTTP] <-- POST /wd/hub/session/27a530a5-3857-471a-859e-ece32fa59565/elements 200 5432 ms - 74
[HTTP] 
[HTTP] --> GET /wd/hub/session/27a530a5-3857-471a-859e-ece32fa59565/screenshot
[HTTP] {}
[HTTP] <-- GET /wd/hub/session/27a530a5-3857-471a-859e-ece32fa59565/screenshot 200 433 ms - 997902
[HTTP] 
[HTTP] --> DELETE /wd/hub/session/27a530a5-3857-471a-859e-ece32fa59565
[HTTP] {}
[Appium] Removing session 27a530a5-3857-471a-859e-ece32fa59565 from our master session list
[HTTP] <-- DELETE /wd/hub/session/27a530a5-3857-471a-859e-ece32fa59565 200 2064 ms - 76
[HTTP] 
