[Appium] Welcome to Appium v1.8.1
[Appium] Non-default server args:
[Appium]   port: 64922
[Appium]   loglevel: info
[Appium]   chromeDriverPort: 64923
[Appium]   tmpDir: /var/folders/95/4qsvf70n5s55n0wp9h6b0h_r0000gn/T//Katalon/Appium/Temp1547023080794
[Appium]   webkitDebugProxyPort: 64920
[Appium] Appium REST http interface listener started on 0.0.0.0:64922
[HTTP] --> GET /wd/hub/status
[HTTP] {}
[HTTP] <-- GET /wd/hub/status 200 26 ms - 83
[HTTP] 
[HTTP] --> POST /wd/hub/session
[HTTP] {"desiredCapabilities":{"automationName":"XCUITest","browserName":"Safari","deviceId":"","deviceName":"iPhone X","newCommandTimeout":1800,"platform":"IOS","platformName":"iOS","platformVersion":"12.1","realDeviceLogger":"/Applications/Katalon Studio.app/Contents/Eclipse/configuration/resources/tools/deviceconsole/deviceconsole","wdaLocalPort":64919},"capabilities":{"desiredCapabilities":{"automationName":"XCUITest","browserName":"Safari","deviceId":"","deviceName":"iPhone X","newCommandTimeout":1800,"platform":"IOS","platformName":"iOS","platformVersion":"12.1","realDeviceLogger":"/Applications/Katalon Studio.app/Contents/Eclipse/configuration/resources/tools/deviceconsole/deviceconsole","wdaLocalPort":64919},"firstMatch":[{"browserName":"Safari","platformName":"ios"}]}}
[Appium] Could not parse W3C capabilities: 'deviceName' can't be blank. Falling back to JSONWP protocol.
[Appium] The following capabilities were provided in the JSONWP desired capabilities that are missing in W3C capabilities: ["automationName","browserName","deviceId","deviceName","newCommandTimeout","platform","platformName","platformVersion","realDeviceLogger","wdaLocalPort"]. Falling back to JSONWP protocol.
[Appium] Creating new XCUITestDriver (v2.105.0) session
[Appium] Capabilities:
[Appium]   automationName: XCUITest
[Appium]   browserName: Safari
[Appium]   deviceId: 
[Appium]   deviceName: iPhone X
[Appium]   newCommandTimeout: 1800
[Appium]   platform: IOS
[Appium]   platformName: iOS
[Appium]   platformVersion: 12.1
[Appium]   realDeviceLogger: /Applications/Katalon Studio.app/Contents/Eclipse/configuration/resources/tools/deviceconsole/deviceconsole
[Appium]   wdaLocalPort: 64919
[BaseDriver] The following capabilities were provided, but are not recognized by appium: deviceId, platform.
[BaseDriver] Session created with session id: d17b3e2c-3133-493b-a97c-dffe6a125395
[iOSSim] Constructing iOS simulator for Xcode version 10.1 with udid '1FBC48CC-4B26-4899-AB2C-0FDD67CACB37'
[XCUITest] Determining device to run tests on: udid: '1FBC48CC-4B26-4899-AB2C-0FDD67CACB37', real device: false
[XCUITest] Safari test requested
[XCUITest] Setting up simulator
[iOSSim] Booting Simulator with UDID 1FBC48CC-4B26-4899-AB2C-0FDD67CACB37...
[iOSSim] Starting Simulator UI with command: open -Fn /Applications/Xcode.app/Contents/Developer/Applications/Simulator.app --args -CurrentDeviceUDID 1FBC48CC-4B26-4899-AB2C-0FDD67CACB37 -ConnectHardwareKeyboard 0
[iOSSim] Simulator with UDID 1FBC48CC-4B26-4899-AB2C-0FDD67CACB37 booted in 2 seconds
[XCUITest] Using WDA path: '/Users/denisyu/.nvm/versions/node/v8.1.4/lib/node_modules/appium/node_modules/_appium-xcuitest-driver@2.105.0@appium-xcuitest-driver/WebDriverAgent'
[XCUITest] Using WDA agent: '/Users/denisyu/.nvm/versions/node/v8.1.4/lib/node_modules/appium/node_modules/_appium-xcuitest-driver@2.105.0@appium-xcuitest-driver/WebDriverAgent/WebDriverAgent.xcodeproj'
[JSONWP Proxy] Got an unexpected response: {"errno":"ECONNREFUSED","code":"ECONNREFUSED","syscall":"connect","address":"127.0.0.1","port":64919}
[XCUITest] Launching WebDriverAgent on the device
[JSONWP Proxy] Got an unexpected response: {"errno":"ECONNREFUSED","code":"ECONNREFUSED","syscall":"connect","address":"127.0.0.1","port":64919}
[JSONWP Proxy] Got an unexpected response: {"errno":"ECONNREFUSED","code":"ECONNREFUSED","syscall":"connect","address":"127.0.0.1","port":64919}
[JSONWP Proxy] Got an unexpected response: {"errno":"ECONNREFUSED","code":"ECONNREFUSED","syscall":"connect","address":"127.0.0.1","port":64919}
[JSONWP Proxy] Got an unexpected response: {"errno":"ECONNREFUSED","code":"ECONNREFUSED","syscall":"connect","address":"127.0.0.1","port":64919}
[JSONWP Proxy] Got an unexpected response: {"errno":"ECONNREFUSED","code":"ECONNREFUSED","syscall":"connect","address":"127.0.0.1","port":64919}
[JSONWP Proxy] Got an unexpected response: {"errno":"ECONNREFUSED","code":"ECONNREFUSED","syscall":"connect","address":"127.0.0.1","port":64919}
[JSONWP Proxy] Got an unexpected response: {"errno":"ECONNREFUSED","code":"ECONNREFUSED","syscall":"connect","address":"127.0.0.1","port":64919}
[JSONWP Proxy] Got an unexpected response: {"errno":"ECONNREFUSED","code":"ECONNREFUSED","syscall":"connect","address":"127.0.0.1","port":64919}
[JSONWP Proxy] Got an unexpected response: {"errno":"ECONNREFUSED","code":"ECONNREFUSED","syscall":"connect","address":"127.0.0.1","port":64919}
[JSONWP Proxy] Got an unexpected response: {"errno":"ECONNREFUSED","code":"ECONNREFUSED","syscall":"connect","address":"127.0.0.1","port":64919}
[JSONWP Proxy] Got an unexpected response: {"errno":"ECONNREFUSED","code":"ECONNREFUSED","syscall":"connect","address":"127.0.0.1","port":64919}
[JSONWP Proxy] Got an unexpected response: {"errno":"ECONNREFUSED","code":"ECONNREFUSED","syscall":"connect","address":"127.0.0.1","port":64919}
[JSONWP Proxy] Got an unexpected response: {"errno":"ECONNREFUSED","code":"ECONNREFUSED","syscall":"connect","address":"127.0.0.1","port":64919}
[JSONWP Proxy] Got an unexpected response: {"errno":"ECONNREFUSED","code":"ECONNREFUSED","syscall":"connect","address":"127.0.0.1","port":64919}
[JSONWP Proxy] Got an unexpected response: {"errno":"ECONNREFUSED","code":"ECONNREFUSED","syscall":"connect","address":"127.0.0.1","port":64919}
[JSONWP Proxy] Got an unexpected response: {"errno":"ECONNREFUSED","code":"ECONNREFUSED","syscall":"connect","address":"127.0.0.1","port":64919}
[JSONWP Proxy] Got an unexpected response: {"errno":"ECONNREFUSED","code":"ECONNREFUSED","syscall":"connect","address":"127.0.0.1","port":64919}
[JSONWP Proxy] Got an unexpected response: {"errno":"ECONNREFUSED","code":"ECONNREFUSED","syscall":"connect","address":"127.0.0.1","port":64919}
[JSONWP Proxy] Got an unexpected response: {"errno":"ECONNREFUSED","code":"ECONNREFUSED","syscall":"connect","address":"127.0.0.1","port":64919}
[JSONWP Proxy] Got an unexpected response: {"errno":"ECONNREFUSED","code":"ECONNREFUSED","syscall":"connect","address":"127.0.0.1","port":64919}
[JSONWP Proxy] Got an unexpected response: {"errno":"ECONNREFUSED","code":"ECONNREFUSED","syscall":"connect","address":"127.0.0.1","port":64919}
[JSONWP Proxy] Got an unexpected response: {"errno":"ECONNREFUSED","code":"ECONNREFUSED","syscall":"connect","address":"127.0.0.1","port":64919}
[JSONWP Proxy] Got an unexpected response: {"errno":"ECONNREFUSED","code":"ECONNREFUSED","syscall":"connect","address":"127.0.0.1","port":64919}
[JSONWP Proxy] Got an unexpected response: {"errno":"ECONNREFUSED","code":"ECONNREFUSED","syscall":"connect","address":"127.0.0.1","port":64919}
[JSONWP Proxy] Got an unexpected response: {"errno":"ECONNREFUSED","code":"ECONNREFUSED","syscall":"connect","address":"127.0.0.1","port":64919}
[JSONWP Proxy] Got an unexpected response: {"errno":"ECONNREFUSED","code":"ECONNREFUSED","syscall":"connect","address":"127.0.0.1","port":64919}
[JSONWP Proxy] Got an unexpected response: {"errno":"ECONNREFUSED","code":"ECONNREFUSED","syscall":"connect","address":"127.0.0.1","port":64919}
[JSONWP Proxy] Got an unexpected response: {"errno":"ECONNREFUSED","code":"ECONNREFUSED","syscall":"connect","address":"127.0.0.1","port":64919}
[JSONWP Proxy] Got an unexpected response: {"errno":"ECONNREFUSED","code":"ECONNREFUSED","syscall":"connect","address":"127.0.0.1","port":64919}
[JSONWP Proxy] Got an unexpected response: {"errno":"ECONNREFUSED","code":"ECONNREFUSED","syscall":"connect","address":"127.0.0.1","port":64919}
[HTTP] --> GET /welcome
[HTTP] {}
[HTTP] <-- GET /welcome 200 24 ms - 124
[HTTP] 
[HTTP] <-- GET /favicon.ico 200 4 ms - 1150
[HTTP] 
[XCUITest] Skipping setting of the initial display orientation. Set the "orientation" capability to either "LANDSCAPE" or "PORTRAIT", if this is an undesired behavior.
[Appium] New XCUITestDriver session created successfully, session d17b3e2c-3133-493b-a97c-dffe6a125395 added to master session list
[HTTP] <-- POST /wd/hub/session 200 70974 ms - 608
[HTTP] 
[HTTP] --> GET /wd/hub/status
[HTTP] {}
[HTTP] <-- GET /wd/hub/status 200 84 ms - 55
[HTTP] 
[HTTP] --> POST /wd/hub/session/d17b3e2c-3133-493b-a97c-dffe6a125395/timeouts
[HTTP] {"type":"implicit","ms":60000}
[HTTP] <-- POST /wd/hub/session/d17b3e2c-3133-493b-a97c-dffe6a125395/timeouts 400 60 ms - 5641
[HTTP] 
[HTTP] --> POST /wd/hub/session/d17b3e2c-3133-493b-a97c-dffe6a125395/timeouts
[HTTP] {"type":"implicit","ms":0}
[HTTP] <-- POST /wd/hub/session/d17b3e2c-3133-493b-a97c-dffe6a125395/timeouts 400 2 ms - 5633
[HTTP] 
[HTTP] --> POST /wd/hub/session/d17b3e2c-3133-493b-a97c-dffe6a125395/execute
[HTTP] {"script":"return navigator.sayswho= (function() { var ua= navigator.userAgent, tem, M= ua.match(/(opera|chrome|safari|firefox|msie|trident)\\/?\\s*(\\.?\\d+(\\.\\d+)*)/i) || []; if (/trident/i.test(M[1])) {     tem=  /\\brv[ :]+(\\d+)/g.exec(ua) || [];     return 'IE '+(tem[1] || ''); } if(M[1]=== 'Chrome') {     tem= ua.match(/\\b(OPR|Edge)\\/(\\d+)/);     if(tem!= null) return tem.slice(1).join(' ').replace('OPR', 'Opera'); } M= M[2]? [M[1], M[2]]: [navigator.appName, navigator.appVersion, '-?']; if((tem= ua.match(/version\\/(\\d+)/i))!= null) M.splice(1, 1, tem[1]); return M.join(' ').replace('MSIE', 'IE');})();","args":[]}
[HTTP] <-- POST /wd/hub/session/d17b3e2c-3133-493b-a97c-dffe6a125395/execute 200 3996 ms - 83
[HTTP] 
[HTTP] --> POST /wd/hub/session/d17b3e2c-3133-493b-a97c-dffe6a125395/url
[HTTP] {"url":"https://praetemptatus.agilehealthinsurance.com/"}
[HTTP] <-- POST /wd/hub/session/d17b3e2c-3133-493b-a97c-dffe6a125395/url 200 9131 ms - 76
[HTTP] 
[HTTP] --> POST /wd/hub/session/d17b3e2c-3133-493b-a97c-dffe6a125395/elements
[HTTP] {"using":"xpath","value":"//a[@href = '/health-insurance-quotes' and @id = 'primaryCTA' and @title = 'Get Health Insurance Quotes' and (text() = 'Quote & Save Today' or . = 'Quote & Save Today')]"}
[HTTP] <-- POST /wd/hub/session/d17b3e2c-3133-493b-a97c-dffe6a125395/elements 200 1045 ms - 92
[HTTP] 
[HTTP] --> GET /wd/hub/session/d17b3e2c-3133-493b-a97c-dffe6a125395
[HTTP] {}
[XCUITest] Merging WDA caps over Appium caps for session detail response
[HTTP] <-- GET /wd/hub/session/d17b3e2c-3133-493b-a97c-dffe6a125395 200 4672 ms - 627
[HTTP] 
[HTTP] --> GET /wd/hub/session/d17b3e2c-3133-493b-a97c-dffe6a125395
[HTTP] {}
[XCUITest] Merging WDA caps over Appium caps for session detail response
[HTTP] <-- GET /wd/hub/session/d17b3e2c-3133-493b-a97c-dffe6a125395 200 11 ms - 627
[HTTP] 
[HTTP] --> GET /wd/hub/session/d17b3e2c-3133-493b-a97c-dffe6a125395
[HTTP] {}
[XCUITest] Merging WDA caps over Appium caps for session detail response
[HTTP] <-- GET /wd/hub/session/d17b3e2c-3133-493b-a97c-dffe6a125395 200 22 ms - 627
[HTTP] 
[HTTP] --> GET /wd/hub/session/d17b3e2c-3133-493b-a97c-dffe6a125395
[HTTP] {}
[XCUITest] Merging WDA caps over Appium caps for session detail response
[HTTP] <-- GET /wd/hub/session/d17b3e2c-3133-493b-a97c-dffe6a125395 200 2 ms - 627
[HTTP] 
[HTTP] --> POST /wd/hub/session/d17b3e2c-3133-493b-a97c-dffe6a125395/element/5000/click
[HTTP] {"id":"5000"}
[HTTP] <-- POST /wd/hub/session/d17b3e2c-3133-493b-a97c-dffe6a125395/element/5000/click 200 631 ms - 76
[HTTP] 
[HTTP] --> POST /wd/hub/session/d17b3e2c-3133-493b-a97c-dffe6a125395/elements
[HTTP] {"using":"xpath","value":"//input[@id = 'zip-input' and @type = 'tel' and @placeholder = 'Zip Code']"}
[HTTP] <-- POST /wd/hub/session/d17b3e2c-3133-493b-a97c-dffe6a125395/elements 200 1964 ms - 92
[HTTP] 
[HTTP] --> GET /wd/hub/session/d17b3e2c-3133-493b-a97c-dffe6a125395
[HTTP] {}
[XCUITest] Merging WDA caps over Appium caps for session detail response
[HTTP] <-- GET /wd/hub/session/d17b3e2c-3133-493b-a97c-dffe6a125395 200 7 ms - 627
[HTTP] 
[HTTP] --> GET /wd/hub/session/d17b3e2c-3133-493b-a97c-dffe6a125395
[HTTP] {}
[XCUITest] Merging WDA caps over Appium caps for session detail response
[HTTP] <-- GET /wd/hub/session/d17b3e2c-3133-493b-a97c-dffe6a125395 200 2 ms - 627
[HTTP] 
[HTTP] --> GET /wd/hub/session/d17b3e2c-3133-493b-a97c-dffe6a125395
[HTTP] {}
[XCUITest] Merging WDA caps over Appium caps for session detail response
[HTTP] <-- GET /wd/hub/session/d17b3e2c-3133-493b-a97c-dffe6a125395 200 2 ms - 627
[HTTP] 
[HTTP] --> GET /wd/hub/session/d17b3e2c-3133-493b-a97c-dffe6a125395
[HTTP] {}
[XCUITest] Merging WDA caps over Appium caps for session detail response
[HTTP] <-- GET /wd/hub/session/d17b3e2c-3133-493b-a97c-dffe6a125395 200 2 ms - 627
[HTTP] 
[HTTP] --> POST /wd/hub/session/d17b3e2c-3133-493b-a97c-dffe6a125395/element/5001/clear
[HTTP] {"id":"5001"}
[HTTP] <-- POST /wd/hub/session/d17b3e2c-3133-493b-a97c-dffe6a125395/element/5001/clear 200 944 ms - 76
[HTTP] 
[HTTP] --> POST /wd/hub/session/d17b3e2c-3133-493b-a97c-dffe6a125395/elements
[HTTP] {"using":"xpath","value":"//input[@id = 'zip-input' and @type = 'tel' and @placeholder = 'Zip Code']"}
[HTTP] <-- POST /wd/hub/session/d17b3e2c-3133-493b-a97c-dffe6a125395/elements 200 535 ms - 92
[HTTP] 
[HTTP] --> GET /wd/hub/session/d17b3e2c-3133-493b-a97c-dffe6a125395
[HTTP] {}
[XCUITest] Merging WDA caps over Appium caps for session detail response
[HTTP] <-- GET /wd/hub/session/d17b3e2c-3133-493b-a97c-dffe6a125395 200 2 ms - 627
[HTTP] 
[HTTP] --> GET /wd/hub/session/d17b3e2c-3133-493b-a97c-dffe6a125395
[HTTP] {}
[XCUITest] Merging WDA caps over Appium caps for session detail response
[HTTP] <-- GET /wd/hub/session/d17b3e2c-3133-493b-a97c-dffe6a125395 200 3 ms - 627
[HTTP] 
[HTTP] --> GET /wd/hub/session/d17b3e2c-3133-493b-a97c-dffe6a125395
[HTTP] {}
[XCUITest] Merging WDA caps over Appium caps for session detail response
[HTTP] <-- GET /wd/hub/session/d17b3e2c-3133-493b-a97c-dffe6a125395 200 2 ms - 627
[HTTP] 
[HTTP] --> GET /wd/hub/session/d17b3e2c-3133-493b-a97c-dffe6a125395
[HTTP] {}
[XCUITest] Merging WDA caps over Appium caps for session detail response
[HTTP] <-- GET /wd/hub/session/d17b3e2c-3133-493b-a97c-dffe6a125395 200 2 ms - 627
[HTTP] 
[HTTP] --> POST /wd/hub/session/d17b3e2c-3133-493b-a97c-dffe6a125395/element/5002/value
[HTTP] {"id":"5002","value":["60602"]}
[HTTP] <-- POST /wd/hub/session/d17b3e2c-3133-493b-a97c-dffe6a125395/element/5002/value 200 770 ms - 76
[HTTP] 
[HTTP] --> POST /wd/hub/session/d17b3e2c-3133-493b-a97c-dffe6a125395/elements
[HTTP] {"using":"xpath","value":"//input[@id = 'dob-0' and @type = 'tel' and @placeholder = 'mm/dd/yyyy']"}
[HTTP] <-- POST /wd/hub/session/d17b3e2c-3133-493b-a97c-dffe6a125395/elements 200 210 ms - 92
[HTTP] 
[HTTP] --> GET /wd/hub/session/d17b3e2c-3133-493b-a97c-dffe6a125395
[HTTP] {}
[XCUITest] Merging WDA caps over Appium caps for session detail response
[HTTP] <-- GET /wd/hub/session/d17b3e2c-3133-493b-a97c-dffe6a125395 200 2 ms - 627
[HTTP] 
[HTTP] --> GET /wd/hub/session/d17b3e2c-3133-493b-a97c-dffe6a125395
[HTTP] {}
[XCUITest] Merging WDA caps over Appium caps for session detail response
[HTTP] <-- GET /wd/hub/session/d17b3e2c-3133-493b-a97c-dffe6a125395 200 2 ms - 627
[HTTP] 
[HTTP] --> GET /wd/hub/session/d17b3e2c-3133-493b-a97c-dffe6a125395
[HTTP] {}
[XCUITest] Merging WDA caps over Appium caps for session detail response
[HTTP] <-- GET /wd/hub/session/d17b3e2c-3133-493b-a97c-dffe6a125395 200 2 ms - 627
[HTTP] 
[HTTP] --> GET /wd/hub/session/d17b3e2c-3133-493b-a97c-dffe6a125395
[HTTP] {}
[XCUITest] Merging WDA caps over Appium caps for session detail response
[HTTP] <-- GET /wd/hub/session/d17b3e2c-3133-493b-a97c-dffe6a125395 200 2 ms - 627
[HTTP] 
[HTTP] --> POST /wd/hub/session/d17b3e2c-3133-493b-a97c-dffe6a125395/element/5003/clear
[HTTP] {"id":"5003"}
[HTTP] <-- POST /wd/hub/session/d17b3e2c-3133-493b-a97c-dffe6a125395/element/5003/clear 200 190 ms - 76
[HTTP] 
[HTTP] --> POST /wd/hub/session/d17b3e2c-3133-493b-a97c-dffe6a125395/elements
[HTTP] {"using":"xpath","value":"//input[@id = 'dob-0' and @type = 'tel' and @placeholder = 'mm/dd/yyyy']"}
[HTTP] <-- POST /wd/hub/session/d17b3e2c-3133-493b-a97c-dffe6a125395/elements 200 348 ms - 92
[HTTP] 
[HTTP] --> GET /wd/hub/session/d17b3e2c-3133-493b-a97c-dffe6a125395
[HTTP] {}
[XCUITest] Merging WDA caps over Appium caps for session detail response
[HTTP] <-- GET /wd/hub/session/d17b3e2c-3133-493b-a97c-dffe6a125395 200 2 ms - 627
[HTTP] 
[HTTP] --> GET /wd/hub/session/d17b3e2c-3133-493b-a97c-dffe6a125395
[HTTP] {}
[XCUITest] Merging WDA caps over Appium caps for session detail response
[HTTP] <-- GET /wd/hub/session/d17b3e2c-3133-493b-a97c-dffe6a125395 200 3 ms - 627
[HTTP] 
[HTTP] --> GET /wd/hub/session/d17b3e2c-3133-493b-a97c-dffe6a125395
[HTTP] {}
[XCUITest] Merging WDA caps over Appium caps for session detail response
[HTTP] <-- GET /wd/hub/session/d17b3e2c-3133-493b-a97c-dffe6a125395 200 2 ms - 627
[HTTP] 
[HTTP] --> GET /wd/hub/session/d17b3e2c-3133-493b-a97c-dffe6a125395
[HTTP] {}
[XCUITest] Merging WDA caps over Appium caps for session detail response
[HTTP] <-- GET /wd/hub/session/d17b3e2c-3133-493b-a97c-dffe6a125395 200 3 ms - 627
[HTTP] 
[HTTP] --> POST /wd/hub/session/d17b3e2c-3133-493b-a97c-dffe6a125395/element/5004/value
[HTTP] {"id":"5004","value":["03/03/1987"]}
[HTTP] <-- POST /wd/hub/session/d17b3e2c-3133-493b-a97c-dffe6a125395/element/5004/value 200 1679 ms - 76
[HTTP] 
[HTTP] --> POST /wd/hub/session/d17b3e2c-3133-493b-a97c-dffe6a125395/elements
[HTTP] {"using":"xpath","value":"//label[(text() = 'Male' or . = 'Male')]"}
[HTTP] <-- POST /wd/hub/session/d17b3e2c-3133-493b-a97c-dffe6a125395/elements 200 3535 ms - 92
[HTTP] 
[HTTP] --> GET /wd/hub/session/d17b3e2c-3133-493b-a97c-dffe6a125395
[HTTP] {}
[XCUITest] Merging WDA caps over Appium caps for session detail response
[HTTP] <-- GET /wd/hub/session/d17b3e2c-3133-493b-a97c-dffe6a125395 200 2 ms - 627
[HTTP] 
[HTTP] --> GET /wd/hub/session/d17b3e2c-3133-493b-a97c-dffe6a125395
[HTTP] {}
[XCUITest] Merging WDA caps over Appium caps for session detail response
[HTTP] <-- GET /wd/hub/session/d17b3e2c-3133-493b-a97c-dffe6a125395 200 2 ms - 627
[HTTP] 
[HTTP] --> GET /wd/hub/session/d17b3e2c-3133-493b-a97c-dffe6a125395
[HTTP] {}
[XCUITest] Merging WDA caps over Appium caps for session detail response
[HTTP] <-- GET /wd/hub/session/d17b3e2c-3133-493b-a97c-dffe6a125395 200 2 ms - 627
[HTTP] 
[HTTP] --> GET /wd/hub/session/d17b3e2c-3133-493b-a97c-dffe6a125395
[HTTP] {}
[XCUITest] Merging WDA caps over Appium caps for session detail response
[HTTP] <-- GET /wd/hub/session/d17b3e2c-3133-493b-a97c-dffe6a125395 200 2 ms - 627
[HTTP] 
[HTTP] --> POST /wd/hub/session/d17b3e2c-3133-493b-a97c-dffe6a125395/element/5005/click
[HTTP] {"id":"5005"}
[HTTP] <-- POST /wd/hub/session/d17b3e2c-3133-493b-a97c-dffe6a125395/element/5005/click 200 16027 ms - 76
[HTTP] 
[HTTP] --> POST /wd/hub/session/d17b3e2c-3133-493b-a97c-dffe6a125395/elements
[HTTP] {"using":"xpath","value":"//label[@id = 'js-see-plans' and @href = '#' and (text() = 'Compare Plans ' or . = 'Compare Plans ')]"}
[HTTP] <-- POST /wd/hub/session/d17b3e2c-3133-493b-a97c-dffe6a125395/elements 200 7853 ms - 92
[HTTP] 
[HTTP] --> GET /wd/hub/session/d17b3e2c-3133-493b-a97c-dffe6a125395
[HTTP] {}
[XCUITest] Merging WDA caps over Appium caps for session detail response
[HTTP] <-- GET /wd/hub/session/d17b3e2c-3133-493b-a97c-dffe6a125395 200 4 ms - 627
[HTTP] 
[HTTP] --> GET /wd/hub/session/d17b3e2c-3133-493b-a97c-dffe6a125395
[HTTP] {}
[XCUITest] Merging WDA caps over Appium caps for session detail response
[HTTP] <-- GET /wd/hub/session/d17b3e2c-3133-493b-a97c-dffe6a125395 200 3 ms - 627
[HTTP] 
[HTTP] --> GET /wd/hub/session/d17b3e2c-3133-493b-a97c-dffe6a125395
[HTTP] {}
[XCUITest] Merging WDA caps over Appium caps for session detail response
[HTTP] <-- GET /wd/hub/session/d17b3e2c-3133-493b-a97c-dffe6a125395 200 5 ms - 627
[HTTP] 
[HTTP] --> GET /wd/hub/session/d17b3e2c-3133-493b-a97c-dffe6a125395
[HTTP] {}
[XCUITest] Merging WDA caps over Appium caps for session detail response
[HTTP] <-- GET /wd/hub/session/d17b3e2c-3133-493b-a97c-dffe6a125395 200 2 ms - 627
[HTTP] 
[HTTP] --> POST /wd/hub/session/d17b3e2c-3133-493b-a97c-dffe6a125395/element/5006/click
[HTTP] {"id":"5006"}
[HTTP] <-- POST /wd/hub/session/d17b3e2c-3133-493b-a97c-dffe6a125395/element/5006/click 200 8389 ms - 76
[HTTP] 
[HTTP] --> POST /wd/hub/session/d17b3e2c-3133-493b-a97c-dffe6a125395/elements
[HTTP] {"using":"xpath","value":"//*[@href = '/term-health-insurance/plan/slaico-il-plan-2-10000-30-20000-1000000' and (text() = 'Standard Life Select STM Plan 2 10K/30/1M' or . = 'Standard Life Select STM Plan 2 10K/30/1M')]"}
[HTTP] <-- POST /wd/hub/session/d17b3e2c-3133-493b-a97c-dffe6a125395/elements 200 431 ms - 74
[HTTP] 
[HTTP] --> POST /wd/hub/session/d17b3e2c-3133-493b-a97c-dffe6a125395/elements
[HTTP] {"using":"xpath","value":"//*[@href = '/term-health-insurance/plan/slaico-il-plan-2-10000-30-20000-1000000' and (text() = 'Standard Life Select STM Plan 2 10K/30/1M' or . = 'Standard Life Select STM Plan 2 10K/30/1M')]"}
[HTTP] <-- POST /wd/hub/session/d17b3e2c-3133-493b-a97c-dffe6a125395/elements 200 415 ms - 74
[HTTP] 
[HTTP] --> POST /wd/hub/session/d17b3e2c-3133-493b-a97c-dffe6a125395/elements
[HTTP] {"using":"xpath","value":"//*[@href = '/term-health-insurance/plan/slaico-il-plan-2-10000-30-20000-1000000' and (text() = 'Standard Life Select STM Plan 2 10K/30/1M' or . = 'Standard Life Select STM Plan 2 10K/30/1M')]"}
[HTTP] <-- POST /wd/hub/session/d17b3e2c-3133-493b-a97c-dffe6a125395/elements 200 515 ms - 74
[HTTP] 
[HTTP] --> POST /wd/hub/session/d17b3e2c-3133-493b-a97c-dffe6a125395/elements
[HTTP] {"using":"xpath","value":"//*[@href = '/term-health-insurance/plan/slaico-il-plan-2-10000-30-20000-1000000' and (text() = 'Standard Life Select STM Plan 2 10K/30/1M' or . = 'Standard Life Select STM Plan 2 10K/30/1M')]"}
[HTTP] <-- POST /wd/hub/session/d17b3e2c-3133-493b-a97c-dffe6a125395/elements 200 2690 ms - 74
[HTTP] 
[HTTP] --> POST /wd/hub/session/d17b3e2c-3133-493b-a97c-dffe6a125395/elements
[HTTP] {"using":"xpath","value":"//*[@href = '/term-health-insurance/plan/slaico-il-plan-2-10000-30-20000-1000000' and (text() = 'Standard Life Select STM Plan 2 10K/30/1M' or . = 'Standard Life Select STM Plan 2 10K/30/1M')]"}
[HTTP] <-- POST /wd/hub/session/d17b3e2c-3133-493b-a97c-dffe6a125395/elements 200 5598 ms - 74
[HTTP] 
[HTTP] --> POST /wd/hub/session/d17b3e2c-3133-493b-a97c-dffe6a125395/elements
[HTTP] {"using":"xpath","value":"//*[@href = '/term-health-insurance/plan/slaico-il-plan-2-10000-30-20000-1000000' and (text() = 'Standard Life Select STM Plan 2 10K/30/1M' or . = 'Standard Life Select STM Plan 2 10K/30/1M')]"}
[HTTP] <-- POST /wd/hub/session/d17b3e2c-3133-493b-a97c-dffe6a125395/elements 200 7553 ms - 74
[HTTP] 
[HTTP] --> POST /wd/hub/session/d17b3e2c-3133-493b-a97c-dffe6a125395/elements
[HTTP] {"using":"xpath","value":"//*[@href = '/term-health-insurance/plan/slaico-il-plan-2-10000-30-20000-1000000' and (text() = 'Standard Life Select STM Plan 2 10K/30/1M' or . = 'Standard Life Select STM Plan 2 10K/30/1M')]"}
[HTTP] <-- POST /wd/hub/session/d17b3e2c-3133-493b-a97c-dffe6a125395/elements 200 3336 ms - 74
[HTTP] 
[HTTP] --> POST /wd/hub/session/d17b3e2c-3133-493b-a97c-dffe6a125395/elements
[HTTP] {"using":"xpath","value":"//*[@href = '/term-health-insurance/plan/slaico-il-plan-2-10000-30-20000-1000000' and (text() = 'Standard Life Select STM Plan 2 10K/30/1M' or . = 'Standard Life Select STM Plan 2 10K/30/1M')]"}
[HTTP] <-- POST /wd/hub/session/d17b3e2c-3133-493b-a97c-dffe6a125395/elements 200 3249 ms - 74
[HTTP] 
[HTTP] --> POST /wd/hub/session/d17b3e2c-3133-493b-a97c-dffe6a125395/elements
[HTTP] {"using":"xpath","value":"//*[@href = '/term-health-insurance/plan/slaico-il-plan-2-10000-30-20000-1000000' and (text() = 'Standard Life Select STM Plan 2 10K/30/1M' or . = 'Standard Life Select STM Plan 2 10K/30/1M')]"}
[HTTP] <-- POST /wd/hub/session/d17b3e2c-3133-493b-a97c-dffe6a125395/elements 200 2326 ms - 74
[HTTP] 
[HTTP] --> POST /wd/hub/session/d17b3e2c-3133-493b-a97c-dffe6a125395/elements
[HTTP] {"using":"xpath","value":"//*[@href = '/term-health-insurance/plan/slaico-il-plan-2-10000-30-20000-1000000' and (text() = 'Standard Life Select STM Plan 2 10K/30/1M' or . = 'Standard Life Select STM Plan 2 10K/30/1M')]"}
[HTTP] <-- POST /wd/hub/session/d17b3e2c-3133-493b-a97c-dffe6a125395/elements 200 5144 ms - 74
[HTTP] 
[HTTP] --> POST /wd/hub/session/d17b3e2c-3133-493b-a97c-dffe6a125395/elements
[HTTP] {"using":"xpath","value":"//*[@href = '/term-health-insurance/plan/slaico-il-plan-2-10000-30-20000-1000000' and (text() = 'Standard Life Select STM Plan 2 10K/30/1M' or . = 'Standard Life Select STM Plan 2 10K/30/1M')]"}
[HTTP] <-- POST /wd/hub/session/d17b3e2c-3133-493b-a97c-dffe6a125395/elements 200 2508 ms - 74
[HTTP] 
[HTTP] --> POST /wd/hub/session/d17b3e2c-3133-493b-a97c-dffe6a125395/elements
[HTTP] {"using":"xpath","value":"//*[@href = '/term-health-insurance/plan/slaico-il-plan-2-10000-30-20000-1000000' and (text() = 'Standard Life Select STM Plan 2 10K/30/1M' or . = 'Standard Life Select STM Plan 2 10K/30/1M')]"}
[HTTP] <-- POST /wd/hub/session/d17b3e2c-3133-493b-a97c-dffe6a125395/elements 200 2633 ms - 74
[HTTP] 
[HTTP] --> POST /wd/hub/session/d17b3e2c-3133-493b-a97c-dffe6a125395/elements
[HTTP] {"using":"xpath","value":"//*[@href = '/term-health-insurance/plan/slaico-il-plan-2-10000-30-20000-1000000' and (text() = 'Standard Life Select STM Plan 2 10K/30/1M' or . = 'Standard Life Select STM Plan 2 10K/30/1M')]"}
[HTTP] <-- POST /wd/hub/session/d17b3e2c-3133-493b-a97c-dffe6a125395/elements 200 1597 ms - 74
[HTTP] 
[HTTP] --> POST /wd/hub/session/d17b3e2c-3133-493b-a97c-dffe6a125395/elements
[HTTP] {"using":"xpath","value":"//*[@href = '/term-health-insurance/plan/slaico-il-plan-2-10000-30-20000-1000000' and (text() = 'Standard Life Select STM Plan 2 10K/30/1M' or . = 'Standard Life Select STM Plan 2 10K/30/1M')]"}
[HTTP] <-- POST /wd/hub/session/d17b3e2c-3133-493b-a97c-dffe6a125395/elements 200 7844 ms - 74
[HTTP] 
[HTTP] --> POST /wd/hub/session/d17b3e2c-3133-493b-a97c-dffe6a125395/elements
[HTTP] {"using":"xpath","value":"//*[@href = '/term-health-insurance/plan/slaico-il-plan-2-10000-30-20000-1000000' and (text() = 'Standard Life Select STM Plan 2 10K/30/1M' or . = 'Standard Life Select STM Plan 2 10K/30/1M')]"}
[HTTP] <-- POST /wd/hub/session/d17b3e2c-3133-493b-a97c-dffe6a125395/elements 200 2488 ms - 74
[HTTP] 
[HTTP] --> POST /wd/hub/session/d17b3e2c-3133-493b-a97c-dffe6a125395/elements
[HTTP] {"using":"xpath","value":"//*[@href = '/term-health-insurance/plan/slaico-il-plan-2-10000-30-20000-1000000' and (text() = 'Standard Life Select STM Plan 2 10K/30/1M' or . = 'Standard Life Select STM Plan 2 10K/30/1M')]"}
[HTTP] <-- POST /wd/hub/session/d17b3e2c-3133-493b-a97c-dffe6a125395/elements 200 2439 ms - 74
[HTTP] 
[HTTP] --> POST /wd/hub/session/d17b3e2c-3133-493b-a97c-dffe6a125395/elements
[HTTP] {"using":"xpath","value":"//*[@href = '/term-health-insurance/plan/slaico-il-plan-2-10000-30-20000-1000000' and (text() = 'Standard Life Select STM Plan 2 10K/30/1M' or . = 'Standard Life Select STM Plan 2 10K/30/1M')]"}
[HTTP] <-- POST /wd/hub/session/d17b3e2c-3133-493b-a97c-dffe6a125395/elements 200 2431 ms - 74
[HTTP] 
[HTTP] --> POST /wd/hub/session/d17b3e2c-3133-493b-a97c-dffe6a125395/elements
[HTTP] {"using":"xpath","value":"//*[@href = '/term-health-insurance/plan/slaico-il-plan-2-10000-30-20000-1000000' and (text() = 'Standard Life Select STM Plan 2 10K/30/1M' or . = 'Standard Life Select STM Plan 2 10K/30/1M')]"}
[HTTP] <-- POST /wd/hub/session/d17b3e2c-3133-493b-a97c-dffe6a125395/elements 200 5746 ms - 74
[HTTP] 
[HTTP] --> POST /wd/hub/session/d17b3e2c-3133-493b-a97c-dffe6a125395/elements
[HTTP] {"using":"xpath","value":"//*[@href = '/term-health-insurance/plan/slaico-il-plan-2-10000-30-20000-1000000' and (text() = 'Standard Life Select STM Plan 2 10K/30/1M' or . = 'Standard Life Select STM Plan 2 10K/30/1M')]"}
[HTTP] <-- POST /wd/hub/session/d17b3e2c-3133-493b-a97c-dffe6a125395/elements 200 203 ms - 74
[HTTP] 
[HTTP] --> POST /wd/hub/session/d17b3e2c-3133-493b-a97c-dffe6a125395/elements
[HTTP] {"using":"xpath","value":"//*[@href = '/term-health-insurance/plan/slaico-il-plan-2-10000-30-20000-1000000' and (text() = 'Standard Life Select STM Plan 2 10K/30/1M' or . = 'Standard Life Select STM Plan 2 10K/30/1M')]"}
[HTTP] <-- POST /wd/hub/session/d17b3e2c-3133-493b-a97c-dffe6a125395/elements 200 7412 ms - 74
[HTTP] 
[HTTP] --> GET /wd/hub/session/d17b3e2c-3133-493b-a97c-dffe6a125395/screenshot
[HTTP] {}
[HTTP] <-- GET /wd/hub/session/d17b3e2c-3133-493b-a97c-dffe6a125395/screenshot 200 926 ms - 994418
[HTTP] 
[HTTP] --> DELETE /wd/hub/session/d17b3e2c-3133-493b-a97c-dffe6a125395
[HTTP] {}
[Appium] Removing session d17b3e2c-3133-493b-a97c-dffe6a125395 from our master session list
[HTTP] <-- DELETE /wd/hub/session/d17b3e2c-3133-493b-a97c-dffe6a125395 200 2154 ms - 76
[HTTP] 
