[Appium] Welcome to Appium v1.8.1
[Appium] Non-default server args:
[Appium]   port: 50069
[Appium]   loglevel: info
[Appium]   chromeDriverPort: 50070
[Appium]   tmpDir: /var/folders/95/4qsvf70n5s55n0wp9h6b0h_r0000gn/T//Katalon/Appium/Temp1547023783658
[Appium] Appium REST http interface listener started on 0.0.0.0:50069
[HTTP] --> GET /wd/hub/status
[HTTP] {}
[HTTP] <-- GET /wd/hub/status 200 27 ms - 83
[HTTP] 
[HTTP] --> POST /wd/hub/session
[HTTP] {"desiredCapabilities":{"appActivity":"org.chromium.chrome.browser.document.ChromeLauncherActivity","appPackage":"com.android.chrome","browserName":"Chrome","deviceId":"69T7N15915029735","deviceName":"HUAWEI ATH-AL00 (Android 6.0.1)","newCommandTimeout":1800,"platform":"ANDROID","platformName":"Android","udid":"69T7N15915029735"},"capabilities":{"desiredCapabilities":{"appActivity":"org.chromium.chrome.browser.document.ChromeLauncherActivity","appPackage":"com.android.chrome","browserName":"Chrome","deviceId":"69T7N15915029735","deviceName":"HUAWEI ATH-AL00 (Android 6.0.1)","newCommandTimeout":1800,"platform":"ANDROID","platformName":"Android","udid":"69T7N15915029735"},"firstMatch":[{"browserName":"Chrome","platformName":"android"}]}}
[Appium] Could not parse W3C capabilities: 'deviceName' can't be blank. Falling back to JSONWP protocol.
[Appium] The following capabilities were provided in the JSONWP desired capabilities that are missing in W3C capabilities: ["appActivity","appPackage","browserName","deviceId","deviceName","newCommandTimeout","platform","platformName","udid"]. Falling back to JSONWP protocol.
[Appium] Creating new AndroidDriver (v2.7.0) session
[Appium] Capabilities:
[Appium]   appActivity: org.chromium.chrome.browser.document.ChromeLauncherActivity
[Appium]   appPackage: com.android.chrome
[Appium]   browserName: Chrome
[Appium]   deviceId: 69T7N15915029735
[Appium]   deviceName: HUAWEI ATH-AL00 (Android 6.0.1)
[Appium]   newCommandTimeout: 1800
[Appium]   platform: ANDROID
[Appium]   platformName: Android
[Appium]   udid: 69T7N15915029735
[BaseDriver] The following capabilities were provided, but are not recognized by appium: deviceId, platform.
[BaseDriver] Session created with session id: 116eed29-4c52-4b00-8d71-a3fc5f5bcdea
[AndroidDriver] Java version is: 1.8.0_181
[AndroidDriver] We're going to run a Chrome-based session
[AndroidDriver] Chrome-type package and activity are com.android.chrome and com.google.android.apps.chrome.Main
[ADB] Checking whether adb is present
[ADB] Found 1 'build-tools' folders under '/Users/denisyu/.katalon/tools/android_sdk' (newest first):
[ADB]     /Users/denisyu/.katalon/tools/android_sdk/build-tools/28.0.3
[ADB] Using adb from /Users/denisyu/.katalon/tools/android_sdk/platform-tools/adb
[AndroidDriver] Retrieving device list
[AndroidDriver] Using device: 69T7N15915029735
[AndroidDriver] App file was not listed, instead we're going to run com.android.chrome directly on the device
[AndroidDriver] Starting Android session
[ADB] Checking whether aapt is present
[ADB] Using aapt from /Users/denisyu/.katalon/tools/android_sdk/platform-tools/aapt
[AndroidDriver] setDeviceLanguageCountry requires language or country.
[AndroidDriver] Got language: 'null' and country: 'null'
[ADB] Getting device platform version
[AndroidDriver] No app sent in, not parsing package/activity
[ADB] No 'uiautomator' process has been found
[AndroidBootstrap] Android bootstrap socket is now connected
[AndroidDriver] Screen already unlocked, doing nothing
[AndroidDriver] Starting a chrome-based browser session
[Chromedriver] Set chromedriver binary as: /Users/denisyu/.nvm/versions/node/v8.1.4/lib/node_modules/appium/node_modules/_appium-chromedriver@4.10.1@appium-chromedriver/chromedriver/mac/chromedriver
[Chromedriver] No old chromedrivers seemed to exist
[Chromedriver] Spawning chromedriver with: /Users/denisyu/.nvm/versions/node/v8.1.4/lib/node_modules/appium/node_modules/_appium-chromedriver@4.10.1@appium-chromedriver/chromedriver/mac/chromedriver --url-base=wd/hub --port=50070 --adb-port=5037 --verbose
[JSONWP Proxy] Got an unexpected response: {"errno":"ECONNREFUSED","code":"ECONNREFUSED","syscall":"connect","address":"127.0.0.1","port":50070}
[Appium] New AndroidDriver session created successfully, session 116eed29-4c52-4b00-8d71-a3fc5f5bcdea added to master session list
[HTTP] <-- POST /wd/hub/session 200 16552 ms - 1003
[HTTP] 
[HTTP] --> GET /wd/hub/status
[HTTP] {}
[HTTP] <-- GET /wd/hub/status 200 21 ms - 55
[HTTP] 
[HTTP] --> POST /wd/hub/session/116eed29-4c52-4b00-8d71-a3fc5f5bcdea/timeouts
[HTTP] {"type":"implicit","ms":60000}
[W3C] Driver proxy active, passing request on via HTTP proxy
[JSONWP Proxy] Replacing sessionId 7cecc1475db1c3be70730f63e72b763d with 116eed29-4c52-4b00-8d71-a3fc5f5bcdea
[HTTP] <-- POST /wd/hub/session/116eed29-4c52-4b00-8d71-a3fc5f5bcdea/timeouts 200 27 ms - 76
[HTTP] 
[HTTP] --> POST /wd/hub/session/116eed29-4c52-4b00-8d71-a3fc5f5bcdea/timeouts
[HTTP] {"type":"implicit","ms":0}
[W3C] Driver proxy active, passing request on via HTTP proxy
[JSONWP Proxy] Replacing sessionId 7cecc1475db1c3be70730f63e72b763d with 116eed29-4c52-4b00-8d71-a3fc5f5bcdea
[HTTP] <-- POST /wd/hub/session/116eed29-4c52-4b00-8d71-a3fc5f5bcdea/timeouts 200 5 ms - 76
[HTTP] 
[HTTP] --> POST /wd/hub/session/116eed29-4c52-4b00-8d71-a3fc5f5bcdea/execute
[HTTP] {"script":"return navigator.sayswho= (function() { var ua= navigator.userAgent, tem, M= ua.match(/(opera|chrome|safari|firefox|msie|trident)\\/?\\s*(\\.?\\d+(\\.\\d+)*)/i) || []; if (/trident/i.test(M[1])) {     tem=  /\\brv[ :]+(\\d+)/g.exec(ua) || [];     return 'IE '+(tem[1] || ''); } if(M[1]=== 'Chrome') {     tem= ua.match(/\\b(OPR|Edge)\\/(\\d+)/);     if(tem!= null) return tem.slice(1).join(' ').replace('OPR', 'Opera'); } M= M[2]? [M[1], M[2]]: [navigator.appName, navigator.appVersion, '-?']; if((tem= ua.match(/version\\/(\\d+)/i))!= null) M.splice(1, 1, tem[1]); return M.join(' ').replace('MSIE', 'IE');})();","args":[]}
[W3C] Driver proxy active, passing request on via HTTP proxy
[JSONWP Proxy] Replacing sessionId 7cecc1475db1c3be70730f63e72b763d with 116eed29-4c52-4b00-8d71-a3fc5f5bcdea
[HTTP] <-- POST /wd/hub/session/116eed29-4c52-4b00-8d71-a3fc5f5bcdea/execute 200 486 ms - 93
[HTTP] 
[HTTP] --> POST /wd/hub/session/116eed29-4c52-4b00-8d71-a3fc5f5bcdea/url
[HTTP] {"url":"https://praetemptatus.agilehealthinsurance.com/"}
[W3C] Driver proxy active, passing request on via HTTP proxy
[JSONWP Proxy] Replacing sessionId 7cecc1475db1c3be70730f63e72b763d with 116eed29-4c52-4b00-8d71-a3fc5f5bcdea
[HTTP] <-- POST /wd/hub/session/116eed29-4c52-4b00-8d71-a3fc5f5bcdea/url 200 4771 ms - 76
[HTTP] 
[HTTP] --> POST /wd/hub/session/116eed29-4c52-4b00-8d71-a3fc5f5bcdea/elements
[HTTP] {"using":"xpath","value":"//a[@href = '/health-insurance-quotes' and @id = 'primaryCTA' and @title = 'Get Health Insurance Quotes' and (text() = 'Quote & Save Today' or . = 'Quote & Save Today')]"}
[W3C] Driver proxy active, passing request on via HTTP proxy
[JSONWP Proxy] Got an unexpected response: {"sessionId":"7cecc1475db1c3be70730f63e72b763d","status":100,"value":{"message":"chrome not reachable\n  (Session info: chrome=71.0.3578.99)\n  (Driver info: chromedriver=2.45.615355 (d5698f682d8b2742017df6c81e0bd8e6a3063189),platform=Mac OS X 10.14.2 x86_64)"}}
[HTTP] <-- POST /wd/hub/session/116eed29-4c52-4b00-8d71-a3fc5f5bcdea/elements 500 64 ms - 1976
[HTTP] 
[HTTP] --> GET /wd/hub/session/116eed29-4c52-4b00-8d71-a3fc5f5bcdea/screenshot
[HTTP] {}
[W3C] Driver proxy active, passing request on via HTTP proxy
[HTTP] <-- GET /wd/hub/session/116eed29-4c52-4b00-8d71-a3fc5f5bcdea/screenshot 500 11 ms - 1976
[HTTP] 
[Appium] Closing session, cause was 'UiAUtomator shut down unexpectedly'
[Appium] Removing session 116eed29-4c52-4b00-8d71-a3fc5f5bcdea from our master session list
[HTTP] --> DELETE /wd/hub/session/116eed29-4c52-4b00-8d71-a3fc5f5bcdea
[HTTP] {}
[HTTP] <-- DELETE /wd/hub/session/116eed29-4c52-4b00-8d71-a3fc5f5bcdea 404 11 ms - 5550
[HTTP] 
