[Appium] Welcome to Appium v1.8.1
[Appium] Non-default server args:
[Appium]   port: 53654
[Appium]   loglevel: info
[Appium]   chromeDriverPort: 53655
[Appium]   tmpDir: /var/folders/95/4qsvf70n5s55n0wp9h6b0h_r0000gn/T//Katalon/Appium/Temp1547463569437
[Appium]   webkitDebugProxyPort: 53652
[Appium] Appium REST http interface listener started on 0.0.0.0:53654
[HTTP] --> GET /wd/hub/status
[HTTP] {}
[HTTP] <-- GET /wd/hub/status 200 29 ms - 83
[HTTP] 
[HTTP] --> POST /wd/hub/session
[HTTP] {"desiredCapabilities":{"automationName":"XCUITest","browserName":"Safari","deviceId":"","deviceName":"iPhone X","newCommandTimeout":1800,"platform":"IOS","platformName":"iOS","platformVersion":"12.1","realDeviceLogger":"/Applications/Katalon Studio.app/Contents/Eclipse/configuration/resources/tools/deviceconsole/deviceconsole","wdaLocalPort":53651},"capabilities":{"desiredCapabilities":{"automationName":"XCUITest","browserName":"Safari","deviceId":"","deviceName":"iPhone X","newCommandTimeout":1800,"platform":"IOS","platformName":"iOS","platformVersion":"12.1","realDeviceLogger":"/Applications/Katalon Studio.app/Contents/Eclipse/configuration/resources/tools/deviceconsole/deviceconsole","wdaLocalPort":53651},"firstMatch":[{"browserName":"Safari","platformName":"ios"}]}}
[Appium] Could not parse W3C capabilities: 'deviceName' can't be blank. Falling back to JSONWP protocol.
[Appium] The following capabilities were provided in the JSONWP desired capabilities that are missing in W3C capabilities: ["automationName","browserName","deviceId","deviceName","newCommandTimeout","platform","platformName","platformVersion","realDeviceLogger","wdaLocalPort"]. Falling back to JSONWP protocol.
[Appium] Creating new XCUITestDriver (v2.105.0) session
[Appium] Capabilities:
[Appium]   automationName: XCUITest
[Appium]   browserName: Safari
[Appium]   deviceId: 
[Appium]   deviceName: iPhone X
[Appium]   newCommandTimeout: 1800
[Appium]   platform: IOS
[Appium]   platformName: iOS
[Appium]   platformVersion: 12.1
[Appium]   realDeviceLogger: /Applications/Katalon Studio.app/Contents/Eclipse/configuration/resources/tools/deviceconsole/deviceconsole
[Appium]   wdaLocalPort: 53651
[BaseDriver] The following capabilities were provided, but are not recognized by appium: deviceId, platform.
[BaseDriver] Session created with session id: 85852ca8-1deb-4511-b666-2e68b5b6c3a5
[iOSSim] Constructing iOS simulator for Xcode version 10.1 with udid '1FBC48CC-4B26-4899-AB2C-0FDD67CACB37'
[XCUITest] Determining device to run tests on: udid: '1FBC48CC-4B26-4899-AB2C-0FDD67CACB37', real device: false
[XCUITest] Safari test requested
[XCUITest] Setting up simulator
[iOSSim] Booting Simulator with UDID 1FBC48CC-4B26-4899-AB2C-0FDD67CACB37...
[iOSSim] Starting Simulator UI with command: open -Fn /Applications/Xcode.app/Contents/Developer/Applications/Simulator.app --args -CurrentDeviceUDID 1FBC48CC-4B26-4899-AB2C-0FDD67CACB37 -ConnectHardwareKeyboard 0
[iOSSim] Simulator with UDID 1FBC48CC-4B26-4899-AB2C-0FDD67CACB37 booted in 3 seconds
[XCUITest] Using WDA path: '/Users/denisyu/.nvm/versions/node/v8.1.4/lib/node_modules/appium/node_modules/_appium-xcuitest-driver@2.105.0@appium-xcuitest-driver/WebDriverAgent'
[XCUITest] Using WDA agent: '/Users/denisyu/.nvm/versions/node/v8.1.4/lib/node_modules/appium/node_modules/_appium-xcuitest-driver@2.105.0@appium-xcuitest-driver/WebDriverAgent/WebDriverAgent.xcodeproj'
[JSONWP Proxy] Got an unexpected response: {"errno":"ECONNREFUSED","code":"ECONNREFUSED","syscall":"connect","address":"127.0.0.1","port":53651}
[XCUITest] Launching WebDriverAgent on the device
[JSONWP Proxy] Got an unexpected response: {"errno":"ECONNREFUSED","code":"ECONNREFUSED","syscall":"connect","address":"127.0.0.1","port":53651}
[JSONWP Proxy] Got an unexpected response: {"errno":"ECONNREFUSED","code":"ECONNREFUSED","syscall":"connect","address":"127.0.0.1","port":53651}
[JSONWP Proxy] Got an unexpected response: {"errno":"ECONNREFUSED","code":"ECONNREFUSED","syscall":"connect","address":"127.0.0.1","port":53651}
[JSONWP Proxy] Got an unexpected response: {"errno":"ECONNREFUSED","code":"ECONNREFUSED","syscall":"connect","address":"127.0.0.1","port":53651}
[JSONWP Proxy] Got an unexpected response: {"errno":"ECONNREFUSED","code":"ECONNREFUSED","syscall":"connect","address":"127.0.0.1","port":53651}
[JSONWP Proxy] Got an unexpected response: {"errno":"ECONNREFUSED","code":"ECONNREFUSED","syscall":"connect","address":"127.0.0.1","port":53651}
[JSONWP Proxy] Got an unexpected response: {"errno":"ECONNREFUSED","code":"ECONNREFUSED","syscall":"connect","address":"127.0.0.1","port":53651}
[JSONWP Proxy] Got an unexpected response: {"errno":"ECONNREFUSED","code":"ECONNREFUSED","syscall":"connect","address":"127.0.0.1","port":53651}
[JSONWP Proxy] Got an unexpected response: {"errno":"ECONNREFUSED","code":"ECONNREFUSED","syscall":"connect","address":"127.0.0.1","port":53651}
[JSONWP Proxy] Got an unexpected response: {"errno":"ECONNREFUSED","code":"ECONNREFUSED","syscall":"connect","address":"127.0.0.1","port":53651}
[JSONWP Proxy] Got an unexpected response: {"errno":"ECONNREFUSED","code":"ECONNREFUSED","syscall":"connect","address":"127.0.0.1","port":53651}
[JSONWP Proxy] Got an unexpected response: {"errno":"ECONNREFUSED","code":"ECONNREFUSED","syscall":"connect","address":"127.0.0.1","port":53651}
[JSONWP Proxy] Got an unexpected response: {"errno":"ECONNREFUSED","code":"ECONNREFUSED","syscall":"connect","address":"127.0.0.1","port":53651}
[JSONWP Proxy] Got an unexpected response: {"errno":"ECONNREFUSED","code":"ECONNREFUSED","syscall":"connect","address":"127.0.0.1","port":53651}
[JSONWP Proxy] Got an unexpected response: {"errno":"ECONNREFUSED","code":"ECONNREFUSED","syscall":"connect","address":"127.0.0.1","port":53651}
[JSONWP Proxy] Got an unexpected response: {"errno":"ECONNREFUSED","code":"ECONNREFUSED","syscall":"connect","address":"127.0.0.1","port":53651}
[JSONWP Proxy] Got an unexpected response: {"errno":"ECONNREFUSED","code":"ECONNREFUSED","syscall":"connect","address":"127.0.0.1","port":53651}
[HTTP] --> GET /welcome
[HTTP] {}
[HTTP] <-- GET /welcome 200 13 ms - 124
[HTTP] 
[HTTP] <-- GET /favicon.ico 200 1 ms - 1150
[HTTP] 
[XCUITest] Skipping setting of the initial display orientation. Set the "orientation" capability to either "LANDSCAPE" or "PORTRAIT", if this is an undesired behavior.
[Appium] New XCUITestDriver session created successfully, session 85852ca8-1deb-4511-b666-2e68b5b6c3a5 added to master session list
[HTTP] <-- POST /wd/hub/session 200 63874 ms - 608
[HTTP] 
[HTTP] --> GET /wd/hub/status
[HTTP] {}
[HTTP] <-- GET /wd/hub/status 200 48 ms - 55
[HTTP] 
[HTTP] --> POST /wd/hub/session/85852ca8-1deb-4511-b666-2e68b5b6c3a5/timeouts
[HTTP] {"type":"implicit","ms":60000}
[HTTP] <-- POST /wd/hub/session/85852ca8-1deb-4511-b666-2e68b5b6c3a5/timeouts 400 25 ms - 5641
[HTTP] 
[HTTP] --> POST /wd/hub/session/85852ca8-1deb-4511-b666-2e68b5b6c3a5/timeouts
[HTTP] {"type":"implicit","ms":0}
[HTTP] <-- POST /wd/hub/session/85852ca8-1deb-4511-b666-2e68b5b6c3a5/timeouts 400 7 ms - 5633
[HTTP] 
[HTTP] --> POST /wd/hub/session/85852ca8-1deb-4511-b666-2e68b5b6c3a5/execute
[HTTP] {"script":"return navigator.sayswho= (function() { var ua= navigator.userAgent, tem, M= ua.match(/(opera|chrome|safari|firefox|msie|trident)\\/?\\s*(\\.?\\d+(\\.\\d+)*)/i) || []; if (/trident/i.test(M[1])) {     tem=  /\\brv[ :]+(\\d+)/g.exec(ua) || [];     return 'IE '+(tem[1] || ''); } if(M[1]=== 'Chrome') {     tem= ua.match(/\\b(OPR|Edge)\\/(\\d+)/);     if(tem!= null) return tem.slice(1).join(' ').replace('OPR', 'Opera'); } M= M[2]? [M[1], M[2]]: [navigator.appName, navigator.appVersion, '-?']; if((tem= ua.match(/version\\/(\\d+)/i))!= null) M.splice(1, 1, tem[1]); return M.join(' ').replace('MSIE', 'IE');})();","args":[]}
[HTTP] <-- POST /wd/hub/session/85852ca8-1deb-4511-b666-2e68b5b6c3a5/execute 200 3392 ms - 83
[HTTP] 
[HTTP] --> POST /wd/hub/session/85852ca8-1deb-4511-b666-2e68b5b6c3a5/url
[HTTP] {"url":"https://praetemptatus.agilehealthinsurance.com/"}
[HTTP] <-- POST /wd/hub/session/85852ca8-1deb-4511-b666-2e68b5b6c3a5/url 200 5006 ms - 76
[HTTP] 
[HTTP] --> POST /wd/hub/session/85852ca8-1deb-4511-b666-2e68b5b6c3a5/elements
[HTTP] {"using":"xpath","value":"//a[@href = '/health-insurance-quotes' and @id = 'primaryCTA' and @title = 'Get Health Insurance Quotes' and (text() = 'Quote & Save Today' or . = 'Quote & Save Today')]"}
[HTTP] <-- POST /wd/hub/session/85852ca8-1deb-4511-b666-2e68b5b6c3a5/elements 200 6589 ms - 74
[HTTP] 
[HTTP] --> POST /wd/hub/session/85852ca8-1deb-4511-b666-2e68b5b6c3a5/elements
[HTTP] {"using":"xpath","value":"//a[@href = '/health-insurance-quotes' and @id = 'primaryCTA' and @title = 'Get Health Insurance Quotes' and (text() = 'Quote & Save Today' or . = 'Quote & Save Today')]"}
[HTTP] <-- POST /wd/hub/session/85852ca8-1deb-4511-b666-2e68b5b6c3a5/elements 200 2211 ms - 74
[HTTP] 
[HTTP] --> POST /wd/hub/session/85852ca8-1deb-4511-b666-2e68b5b6c3a5/elements
[HTTP] {"using":"xpath","value":"//a[@href = '/health-insurance-quotes' and @id = 'primaryCTA' and @title = 'Get Health Insurance Quotes' and (text() = 'Quote & Save Today' or . = 'Quote & Save Today')]"}
[HTTP] <-- POST /wd/hub/session/85852ca8-1deb-4511-b666-2e68b5b6c3a5/elements 200 2988 ms - 74
[HTTP] 
[HTTP] --> POST /wd/hub/session/85852ca8-1deb-4511-b666-2e68b5b6c3a5/elements
[HTTP] {"using":"xpath","value":"//a[@href = '/health-insurance-quotes' and @id = 'primaryCTA' and @title = 'Get Health Insurance Quotes' and (text() = 'Quote & Save Today' or . = 'Quote & Save Today')]"}
[HTTP] <-- POST /wd/hub/session/85852ca8-1deb-4511-b666-2e68b5b6c3a5/elements 200 2034 ms - 74
[HTTP] 
[HTTP] --> POST /wd/hub/session/85852ca8-1deb-4511-b666-2e68b5b6c3a5/elements
[HTTP] {"using":"xpath","value":"//a[@href = '/health-insurance-quotes' and @id = 'primaryCTA' and @title = 'Get Health Insurance Quotes' and (text() = 'Quote & Save Today' or . = 'Quote & Save Today')]"}
[HTTP] <-- POST /wd/hub/session/85852ca8-1deb-4511-b666-2e68b5b6c3a5/elements 200 831 ms - 74
[HTTP] 
[HTTP] --> POST /wd/hub/session/85852ca8-1deb-4511-b666-2e68b5b6c3a5/elements
[HTTP] {"using":"xpath","value":"//a[@href = '/health-insurance-quotes' and @id = 'primaryCTA' and @title = 'Get Health Insurance Quotes' and (text() = 'Quote & Save Today' or . = 'Quote & Save Today')]"}
[HTTP] <-- POST /wd/hub/session/85852ca8-1deb-4511-b666-2e68b5b6c3a5/elements 200 1243 ms - 74
[HTTP] 
[HTTP] --> POST /wd/hub/session/85852ca8-1deb-4511-b666-2e68b5b6c3a5/elements
[HTTP] {"using":"xpath","value":"//a[@href = '/health-insurance-quotes' and @id = 'primaryCTA' and @title = 'Get Health Insurance Quotes' and (text() = 'Quote & Save Today' or . = 'Quote & Save Today')]"}
[HTTP] <-- POST /wd/hub/session/85852ca8-1deb-4511-b666-2e68b5b6c3a5/elements 200 843 ms - 74
[HTTP] 
[HTTP] --> POST /wd/hub/session/85852ca8-1deb-4511-b666-2e68b5b6c3a5/elements
[HTTP] {"using":"xpath","value":"//a[@href = '/health-insurance-quotes' and @id = 'primaryCTA' and @title = 'Get Health Insurance Quotes' and (text() = 'Quote & Save Today' or . = 'Quote & Save Today')]"}
[HTTP] <-- POST /wd/hub/session/85852ca8-1deb-4511-b666-2e68b5b6c3a5/elements 200 542 ms - 74
[HTTP] 
[HTTP] --> POST /wd/hub/session/85852ca8-1deb-4511-b666-2e68b5b6c3a5/elements
[HTTP] {"using":"xpath","value":"//a[@href = '/health-insurance-quotes' and @id = 'primaryCTA' and @title = 'Get Health Insurance Quotes' and (text() = 'Quote & Save Today' or . = 'Quote & Save Today')]"}
[HTTP] <-- POST /wd/hub/session/85852ca8-1deb-4511-b666-2e68b5b6c3a5/elements 200 986 ms - 74
[HTTP] 
[HTTP] --> POST /wd/hub/session/85852ca8-1deb-4511-b666-2e68b5b6c3a5/elements
[HTTP] {"using":"xpath","value":"//a[@href = '/health-insurance-quotes' and @id = 'primaryCTA' and @title = 'Get Health Insurance Quotes' and (text() = 'Quote & Save Today' or . = 'Quote & Save Today')]"}
[HTTP] <-- POST /wd/hub/session/85852ca8-1deb-4511-b666-2e68b5b6c3a5/elements 200 590 ms - 74
[HTTP] 
[HTTP] --> POST /wd/hub/session/85852ca8-1deb-4511-b666-2e68b5b6c3a5/elements
[HTTP] {"using":"xpath","value":"//a[@href = '/health-insurance-quotes' and @id = 'primaryCTA' and @title = 'Get Health Insurance Quotes' and (text() = 'Quote & Save Today' or . = 'Quote & Save Today')]"}
[HTTP] <-- POST /wd/hub/session/85852ca8-1deb-4511-b666-2e68b5b6c3a5/elements 200 879 ms - 74
[HTTP] 
[HTTP] --> POST /wd/hub/session/85852ca8-1deb-4511-b666-2e68b5b6c3a5/elements
[HTTP] {"using":"xpath","value":"//a[@href = '/health-insurance-quotes' and @id = 'primaryCTA' and @title = 'Get Health Insurance Quotes' and (text() = 'Quote & Save Today' or . = 'Quote & Save Today')]"}
[HTTP] <-- POST /wd/hub/session/85852ca8-1deb-4511-b666-2e68b5b6c3a5/elements 200 594 ms - 74
[HTTP] 
[HTTP] --> POST /wd/hub/session/85852ca8-1deb-4511-b666-2e68b5b6c3a5/elements
[HTTP] {"using":"xpath","value":"//a[@href = '/health-insurance-quotes' and @id = 'primaryCTA' and @title = 'Get Health Insurance Quotes' and (text() = 'Quote & Save Today' or . = 'Quote & Save Today')]"}
[HTTP] <-- POST /wd/hub/session/85852ca8-1deb-4511-b666-2e68b5b6c3a5/elements 200 532 ms - 74
[HTTP] 
[HTTP] --> POST /wd/hub/session/85852ca8-1deb-4511-b666-2e68b5b6c3a5/elements
[HTTP] {"using":"xpath","value":"//a[@href = '/health-insurance-quotes' and @id = 'primaryCTA' and @title = 'Get Health Insurance Quotes' and (text() = 'Quote & Save Today' or . = 'Quote & Save Today')]"}
[HTTP] <-- POST /wd/hub/session/85852ca8-1deb-4511-b666-2e68b5b6c3a5/elements 200 552 ms - 74
[HTTP] 
[HTTP] --> POST /wd/hub/session/85852ca8-1deb-4511-b666-2e68b5b6c3a5/elements
[HTTP] {"using":"xpath","value":"//a[@href = '/health-insurance-quotes' and @id = 'primaryCTA' and @title = 'Get Health Insurance Quotes' and (text() = 'Quote & Save Today' or . = 'Quote & Save Today')]"}
[HTTP] <-- POST /wd/hub/session/85852ca8-1deb-4511-b666-2e68b5b6c3a5/elements 200 81 ms - 74
[HTTP] 
[HTTP] --> POST /wd/hub/session/85852ca8-1deb-4511-b666-2e68b5b6c3a5/elements
[HTTP] {"using":"xpath","value":"//a[@href = '/health-insurance-quotes' and @id = 'primaryCTA' and @title = 'Get Health Insurance Quotes' and (text() = 'Quote & Save Today' or . = 'Quote & Save Today')]"}
[HTTP] <-- POST /wd/hub/session/85852ca8-1deb-4511-b666-2e68b5b6c3a5/elements 200 730 ms - 74
[HTTP] 
[HTTP] --> POST /wd/hub/session/85852ca8-1deb-4511-b666-2e68b5b6c3a5/elements
[HTTP] {"using":"xpath","value":"//a[@href = '/health-insurance-quotes' and @id = 'primaryCTA' and @title = 'Get Health Insurance Quotes' and (text() = 'Quote & Save Today' or . = 'Quote & Save Today')]"}
[HTTP] <-- POST /wd/hub/session/85852ca8-1deb-4511-b666-2e68b5b6c3a5/elements 200 594 ms - 74
[HTTP] 
[HTTP] --> POST /wd/hub/session/85852ca8-1deb-4511-b666-2e68b5b6c3a5/elements
[HTTP] {"using":"xpath","value":"//a[@href = '/health-insurance-quotes' and @id = 'primaryCTA' and @title = 'Get Health Insurance Quotes' and (text() = 'Quote & Save Today' or . = 'Quote & Save Today')]"}
[HTTP] <-- POST /wd/hub/session/85852ca8-1deb-4511-b666-2e68b5b6c3a5/elements 200 500 ms - 74
[HTTP] 
[HTTP] --> POST /wd/hub/session/85852ca8-1deb-4511-b666-2e68b5b6c3a5/elements
[HTTP] {"using":"xpath","value":"//a[@href = '/health-insurance-quotes' and @id = 'primaryCTA' and @title = 'Get Health Insurance Quotes' and (text() = 'Quote & Save Today' or . = 'Quote & Save Today')]"}
[HTTP] <-- POST /wd/hub/session/85852ca8-1deb-4511-b666-2e68b5b6c3a5/elements 200 740 ms - 74
[HTTP] 
[HTTP] --> POST /wd/hub/session/85852ca8-1deb-4511-b666-2e68b5b6c3a5/elements
[HTTP] {"using":"xpath","value":"//a[@href = '/health-insurance-quotes' and @id = 'primaryCTA' and @title = 'Get Health Insurance Quotes' and (text() = 'Quote & Save Today' or . = 'Quote & Save Today')]"}
[HTTP] <-- POST /wd/hub/session/85852ca8-1deb-4511-b666-2e68b5b6c3a5/elements 200 1185 ms - 74
[HTTP] 
[HTTP] --> POST /wd/hub/session/85852ca8-1deb-4511-b666-2e68b5b6c3a5/elements
[HTTP] {"using":"xpath","value":"//a[@href = '/health-insurance-quotes' and @id = 'primaryCTA' and @title = 'Get Health Insurance Quotes' and (text() = 'Quote & Save Today' or . = 'Quote & Save Today')]"}
[HTTP] <-- POST /wd/hub/session/85852ca8-1deb-4511-b666-2e68b5b6c3a5/elements 200 635 ms - 74
[HTTP] 
[HTTP] --> POST /wd/hub/session/85852ca8-1deb-4511-b666-2e68b5b6c3a5/elements
[HTTP] {"using":"xpath","value":"//a[@href = '/health-insurance-quotes' and @id = 'primaryCTA' and @title = 'Get Health Insurance Quotes' and (text() = 'Quote & Save Today' or . = 'Quote & Save Today')]"}
[HTTP] <-- POST /wd/hub/session/85852ca8-1deb-4511-b666-2e68b5b6c3a5/elements 200 406 ms - 74
[HTTP] 
[HTTP] --> POST /wd/hub/session/85852ca8-1deb-4511-b666-2e68b5b6c3a5/elements
[HTTP] {"using":"xpath","value":"//a[@href = '/health-insurance-quotes' and @id = 'primaryCTA' and @title = 'Get Health Insurance Quotes' and (text() = 'Quote & Save Today' or . = 'Quote & Save Today')]"}
[HTTP] <-- POST /wd/hub/session/85852ca8-1deb-4511-b666-2e68b5b6c3a5/elements 200 530 ms - 74
[HTTP] 
[HTTP] --> POST /wd/hub/session/85852ca8-1deb-4511-b666-2e68b5b6c3a5/elements
[HTTP] {"using":"xpath","value":"//a[@href = '/health-insurance-quotes' and @id = 'primaryCTA' and @title = 'Get Health Insurance Quotes' and (text() = 'Quote & Save Today' or . = 'Quote & Save Today')]"}
[HTTP] <-- POST /wd/hub/session/85852ca8-1deb-4511-b666-2e68b5b6c3a5/elements 200 586 ms - 74
[HTTP] 
[HTTP] --> POST /wd/hub/session/85852ca8-1deb-4511-b666-2e68b5b6c3a5/elements
[HTTP] {"using":"xpath","value":"//a[@href = '/health-insurance-quotes' and @id = 'primaryCTA' and @title = 'Get Health Insurance Quotes' and (text() = 'Quote & Save Today' or . = 'Quote & Save Today')]"}
[HTTP] <-- POST /wd/hub/session/85852ca8-1deb-4511-b666-2e68b5b6c3a5/elements 200 393 ms - 74
[HTTP] 
[HTTP] --> POST /wd/hub/session/85852ca8-1deb-4511-b666-2e68b5b6c3a5/elements
[HTTP] {"using":"xpath","value":"//a[@href = '/health-insurance-quotes' and @id = 'primaryCTA' and @title = 'Get Health Insurance Quotes' and (text() = 'Quote & Save Today' or . = 'Quote & Save Today')]"}
[HTTP] <-- POST /wd/hub/session/85852ca8-1deb-4511-b666-2e68b5b6c3a5/elements 200 482 ms - 74
[HTTP] 
[HTTP] --> POST /wd/hub/session/85852ca8-1deb-4511-b666-2e68b5b6c3a5/elements
[HTTP] {"using":"xpath","value":"//a[@href = '/health-insurance-quotes' and @id = 'primaryCTA' and @title = 'Get Health Insurance Quotes' and (text() = 'Quote & Save Today' or . = 'Quote & Save Today')]"}
[HTTP] <-- POST /wd/hub/session/85852ca8-1deb-4511-b666-2e68b5b6c3a5/elements 200 350 ms - 74
[HTTP] 
[HTTP] --> POST /wd/hub/session/85852ca8-1deb-4511-b666-2e68b5b6c3a5/elements
[HTTP] {"using":"xpath","value":"//a[@href = '/health-insurance-quotes' and @id = 'primaryCTA' and @title = 'Get Health Insurance Quotes' and (text() = 'Quote & Save Today' or . = 'Quote & Save Today')]"}
[HTTP] <-- POST /wd/hub/session/85852ca8-1deb-4511-b666-2e68b5b6c3a5/elements 200 476 ms - 74
[HTTP] 
[HTTP] --> POST /wd/hub/session/85852ca8-1deb-4511-b666-2e68b5b6c3a5/elements
[HTTP] {"using":"xpath","value":"//a[@href = '/health-insurance-quotes' and @id = 'primaryCTA' and @title = 'Get Health Insurance Quotes' and (text() = 'Quote & Save Today' or . = 'Quote & Save Today')]"}
[HTTP] <-- POST /wd/hub/session/85852ca8-1deb-4511-b666-2e68b5b6c3a5/elements 200 385 ms - 74
[HTTP] 
[HTTP] --> POST /wd/hub/session/85852ca8-1deb-4511-b666-2e68b5b6c3a5/elements
[HTTP] {"using":"xpath","value":"//a[@href = '/health-insurance-quotes' and @id = 'primaryCTA' and @title = 'Get Health Insurance Quotes' and (text() = 'Quote & Save Today' or . = 'Quote & Save Today')]"}
[HTTP] <-- POST /wd/hub/session/85852ca8-1deb-4511-b666-2e68b5b6c3a5/elements 200 342 ms - 74
[HTTP] 
[HTTP] --> POST /wd/hub/session/85852ca8-1deb-4511-b666-2e68b5b6c3a5/elements
[HTTP] {"using":"xpath","value":"//a[@href = '/health-insurance-quotes' and @id = 'primaryCTA' and @title = 'Get Health Insurance Quotes' and (text() = 'Quote & Save Today' or . = 'Quote & Save Today')]"}
[HTTP] <-- POST /wd/hub/session/85852ca8-1deb-4511-b666-2e68b5b6c3a5/elements 200 252 ms - 74
[HTTP] 
[HTTP] --> POST /wd/hub/session/85852ca8-1deb-4511-b666-2e68b5b6c3a5/elements
[HTTP] {"using":"xpath","value":"//a[@href = '/health-insurance-quotes' and @id = 'primaryCTA' and @title = 'Get Health Insurance Quotes' and (text() = 'Quote & Save Today' or . = 'Quote & Save Today')]"}
[HTTP] <-- POST /wd/hub/session/85852ca8-1deb-4511-b666-2e68b5b6c3a5/elements 200 2340 ms - 74
[HTTP] 
[HTTP] --> POST /wd/hub/session/85852ca8-1deb-4511-b666-2e68b5b6c3a5/elements
[HTTP] {"using":"xpath","value":"//a[@href = '/health-insurance-quotes' and @id = 'primaryCTA' and @title = 'Get Health Insurance Quotes' and (text() = 'Quote & Save Today' or . = 'Quote & Save Today')]"}
[HTTP] <-- POST /wd/hub/session/85852ca8-1deb-4511-b666-2e68b5b6c3a5/elements 200 2869 ms - 74
[HTTP] 
[HTTP] --> GET /wd/hub/session/85852ca8-1deb-4511-b666-2e68b5b6c3a5/screenshot
[HTTP] {}
[HTTP] <-- GET /wd/hub/session/85852ca8-1deb-4511-b666-2e68b5b6c3a5/screenshot 200 405 ms - 213426
[HTTP] 
[HTTP] --> DELETE /wd/hub/session/85852ca8-1deb-4511-b666-2e68b5b6c3a5
[HTTP] {}
[Appium] Removing session 85852ca8-1deb-4511-b666-2e68b5b6c3a5 from our master session list
[HTTP] <-- DELETE /wd/hub/session/85852ca8-1deb-4511-b666-2e68b5b6c3a5 200 1099 ms - 76
[HTTP] 
