[Appium] Welcome to Appium v1.8.1
[Appium] Non-default server args:
[Appium]   port: 52572
[Appium]   loglevel: info
[Appium]   chromeDriverPort: 52573
[Appium]   tmpDir: /var/folders/95/4qsvf70n5s55n0wp9h6b0h_r0000gn/T//Katalon/Appium/Temp1551779423505
[Appium]   webkitDebugProxyPort: 52570
[Appium] Appium REST http interface listener started on 0.0.0.0:52572
[HTTP] --> GET /wd/hub/status
[HTTP] {}
[HTTP] <-- GET /wd/hub/status 200 22 ms - 83
[HTTP] 
[HTTP] --> POST /wd/hub/session
[HTTP] {"desiredCapabilities":{"automationName":"XCUITest","browserName":"Safari","deviceId":"","deviceName":"iPhone X","newCommandTimeout":1800,"platform":"IOS","platformName":"iOS","platformVersion":"12.1","realDeviceLogger":"/Applications/Katalon Studio.app/Contents/Eclipse/configuration/resources/tools/deviceconsole/deviceconsole","wdaLocalPort":52569},"capabilities":{"desiredCapabilities":{"automationName":"XCUITest","browserName":"Safari","deviceId":"","deviceName":"iPhone X","newCommandTimeout":1800,"platform":"IOS","platformName":"iOS","platformVersion":"12.1","realDeviceLogger":"/Applications/Katalon Studio.app/Contents/Eclipse/configuration/resources/tools/deviceconsole/deviceconsole","wdaLocalPort":52569},"firstMatch":[{"browserName":"Safari","platformName":"ios"}]}}
[Appium] Could not parse W3C capabilities: 'deviceName' can't be blank. Falling back to JSONWP protocol.
[Appium] The following capabilities were provided in the JSONWP desired capabilities that are missing in W3C capabilities: ["automationName","browserName","deviceId","deviceName","newCommandTimeout","platform","platformName","platformVersion","realDeviceLogger","wdaLocalPort"]. Falling back to JSONWP protocol.
[Appium] Creating new XCUITestDriver (v2.105.0) session
[Appium] Capabilities:
[Appium]   automationName: XCUITest
[Appium]   browserName: Safari
[Appium]   deviceId: 
[Appium]   deviceName: iPhone X
[Appium]   newCommandTimeout: 1800
[Appium]   platform: IOS
[Appium]   platformName: iOS
[Appium]   platformVersion: 12.1
[Appium]   realDeviceLogger: /Applications/Katalon Studio.app/Contents/Eclipse/configuration/resources/tools/deviceconsole/deviceconsole
[Appium]   wdaLocalPort: 52569
[BaseDriver] The following capabilities were provided, but are not recognized by appium: deviceId, platform.
[BaseDriver] Session created with session id: 31896d04-5ed0-4cca-b013-b706eb42192f
[iOSSim] Constructing iOS simulator for Xcode version 10.1 with udid '1FBC48CC-4B26-4899-AB2C-0FDD67CACB37'
[XCUITest] Determining device to run tests on: udid: '1FBC48CC-4B26-4899-AB2C-0FDD67CACB37', real device: false
[XCUITest] Safari test requested
[XCUITest] Continuing without capturing device logs: iOS Simulator with udid 1FBC48CC-4B26-4899-AB2C-0FDD67CACB37 is not running
[XCUITest] Setting up simulator
[iOSSim] Booting Simulator with UDID 1FBC48CC-4B26-4899-AB2C-0FDD67CACB37...
[iOSSim] Starting Simulator UI with command: open -Fn /Applications/Xcode.app/Contents/Developer/Applications/Simulator.app --args -CurrentDeviceUDID 1FBC48CC-4B26-4899-AB2C-0FDD67CACB37 -ConnectHardwareKeyboard 0
[iOSSim] Simulator with UDID 1FBC48CC-4B26-4899-AB2C-0FDD67CACB37 booted in 33 seconds
[XCUITest] Using WDA path: '/Users/denisyu/.nvm/versions/node/v8.1.4/lib/node_modules/appium/node_modules/_appium-xcuitest-driver@2.105.0@appium-xcuitest-driver/WebDriverAgent'
[XCUITest] Using WDA agent: '/Users/denisyu/.nvm/versions/node/v8.1.4/lib/node_modules/appium/node_modules/_appium-xcuitest-driver@2.105.0@appium-xcuitest-driver/WebDriverAgent/WebDriverAgent.xcodeproj'
[JSONWP Proxy] Got an unexpected response: {"errno":"ECONNREFUSED","code":"ECONNREFUSED","syscall":"connect","address":"127.0.0.1","port":52569}
[XCUITest] Launching WebDriverAgent on the device
[JSONWP Proxy] Got an unexpected response: {"errno":"ECONNREFUSED","code":"ECONNREFUSED","syscall":"connect","address":"127.0.0.1","port":52569}
[JSONWP Proxy] Got an unexpected response: {"errno":"ECONNREFUSED","code":"ECONNREFUSED","syscall":"connect","address":"127.0.0.1","port":52569}
[JSONWP Proxy] Got an unexpected response: {"errno":"ECONNREFUSED","code":"ECONNREFUSED","syscall":"connect","address":"127.0.0.1","port":52569}
[JSONWP Proxy] Got an unexpected response: {"errno":"ECONNREFUSED","code":"ECONNREFUSED","syscall":"connect","address":"127.0.0.1","port":52569}
[JSONWP Proxy] Got an unexpected response: {"errno":"ECONNREFUSED","code":"ECONNREFUSED","syscall":"connect","address":"127.0.0.1","port":52569}
[JSONWP Proxy] Got an unexpected response: {"errno":"ECONNREFUSED","code":"ECONNREFUSED","syscall":"connect","address":"127.0.0.1","port":52569}
[JSONWP Proxy] Got an unexpected response: {"errno":"ECONNREFUSED","code":"ECONNREFUSED","syscall":"connect","address":"127.0.0.1","port":52569}
[JSONWP Proxy] Got an unexpected response: {"errno":"ECONNREFUSED","code":"ECONNREFUSED","syscall":"connect","address":"127.0.0.1","port":52569}
[JSONWP Proxy] Got an unexpected response: {"errno":"ECONNREFUSED","code":"ECONNREFUSED","syscall":"connect","address":"127.0.0.1","port":52569}
[JSONWP Proxy] Got an unexpected response: {"errno":"ECONNREFUSED","code":"ECONNREFUSED","syscall":"connect","address":"127.0.0.1","port":52569}
[JSONWP Proxy] Got an unexpected response: {"errno":"ECONNREFUSED","code":"ECONNREFUSED","syscall":"connect","address":"127.0.0.1","port":52569}
[JSONWP Proxy] Got an unexpected response: {"errno":"ECONNREFUSED","code":"ECONNREFUSED","syscall":"connect","address":"127.0.0.1","port":52569}
[JSONWP Proxy] Got an unexpected response: {"errno":"ECONNREFUSED","code":"ECONNREFUSED","syscall":"connect","address":"127.0.0.1","port":52569}
[JSONWP Proxy] Got an unexpected response: {"errno":"ECONNREFUSED","code":"ECONNREFUSED","syscall":"connect","address":"127.0.0.1","port":52569}
[JSONWP Proxy] Got an unexpected response: {"errno":"ECONNREFUSED","code":"ECONNREFUSED","syscall":"connect","address":"127.0.0.1","port":52569}
[JSONWP Proxy] Got an unexpected response: {"errno":"ECONNREFUSED","code":"ECONNREFUSED","syscall":"connect","address":"127.0.0.1","port":52569}
[JSONWP Proxy] Got an unexpected response: {"errno":"ECONNREFUSED","code":"ECONNREFUSED","syscall":"connect","address":"127.0.0.1","port":52569}
[JSONWP Proxy] Got an unexpected response: {"errno":"ECONNREFUSED","code":"ECONNREFUSED","syscall":"connect","address":"127.0.0.1","port":52569}
[JSONWP Proxy] Got an unexpected response: {"errno":"ECONNREFUSED","code":"ECONNREFUSED","syscall":"connect","address":"127.0.0.1","port":52569}
[JSONWP Proxy] Got an unexpected response: {"errno":"ECONNREFUSED","code":"ECONNREFUSED","syscall":"connect","address":"127.0.0.1","port":52569}
[JSONWP Proxy] Got an unexpected response: {"errno":"ECONNREFUSED","code":"ECONNREFUSED","syscall":"connect","address":"127.0.0.1","port":52569}
[JSONWP Proxy] Got an unexpected response: {"errno":"ECONNREFUSED","code":"ECONNREFUSED","syscall":"connect","address":"127.0.0.1","port":52569}
[JSONWP Proxy] Got an unexpected response: {"errno":"ECONNREFUSED","code":"ECONNREFUSED","syscall":"connect","address":"127.0.0.1","port":52569}
[JSONWP Proxy] Got an unexpected response: {"errno":"ECONNREFUSED","code":"ECONNREFUSED","syscall":"connect","address":"127.0.0.1","port":52569}
[JSONWP Proxy] Got an unexpected response: {"errno":"ECONNREFUSED","code":"ECONNREFUSED","syscall":"connect","address":"127.0.0.1","port":52569}
[HTTP] --> GET /welcome
[HTTP] {}
[HTTP] <-- GET /welcome 200 28 ms - 124
[HTTP] 
[HTTP] <-- GET /favicon.ico 200 2 ms - 1150
[HTTP] 
[XCUITest] Skipping setting of the initial display orientation. Set the "orientation" capability to either "LANDSCAPE" or "PORTRAIT", if this is an undesired behavior.
[Appium] New XCUITestDriver session created successfully, session 31896d04-5ed0-4cca-b013-b706eb42192f added to master session list
[HTTP] <-- POST /wd/hub/session 200 135950 ms - 608
[HTTP] 
[HTTP] --> GET /wd/hub/status
[HTTP] {}
[HTTP] <-- GET /wd/hub/status 200 46 ms - 55
[HTTP] 
[HTTP] --> POST /wd/hub/session/31896d04-5ed0-4cca-b013-b706eb42192f/timeouts
[HTTP] {"type":"implicit","ms":20000}
[HTTP] <-- POST /wd/hub/session/31896d04-5ed0-4cca-b013-b706eb42192f/timeouts 400 16 ms - 5641
[HTTP] 
[HTTP] --> POST /wd/hub/session/31896d04-5ed0-4cca-b013-b706eb42192f/timeouts
[HTTP] {"type":"implicit","ms":0}
[HTTP] <-- POST /wd/hub/session/31896d04-5ed0-4cca-b013-b706eb42192f/timeouts 400 5 ms - 5633
[HTTP] 
[HTTP] --> POST /wd/hub/session/31896d04-5ed0-4cca-b013-b706eb42192f/execute
[HTTP] {"script":"return navigator.sayswho= (function() { var ua= navigator.userAgent, tem, M= ua.match(/(opera|chrome|safari|firefox|msie|trident)\\/?\\s*(\\.?\\d+(\\.\\d+)*)/i) || []; if (/trident/i.test(M[1])) {     tem=  /\\brv[ :]+(\\d+)/g.exec(ua) || [];     return 'IE '+(tem[1] || ''); } if(M[1]=== 'Chrome') {     tem= ua.match(/\\b(OPR|Edge)\\/(\\d+)/);     if(tem!= null) return tem.slice(1).join(' ').replace('OPR', 'Opera'); } M= M[2]? [M[1], M[2]]: [navigator.appName, navigator.appVersion, '-?']; if((tem= ua.match(/version\\/(\\d+)/i))!= null) M.splice(1, 1, tem[1]); return M.join(' ').replace('MSIE', 'IE');})();","args":[]}
[HTTP] <-- POST /wd/hub/session/31896d04-5ed0-4cca-b013-b706eb42192f/execute 200 1101 ms - 83
[HTTP] 
[HTTP] --> POST /wd/hub/session/31896d04-5ed0-4cca-b013-b706eb42192f/url
[HTTP] {"url":"https://praetemptatus.agilehealthinsurance.com"}
[HTTP] <-- POST /wd/hub/session/31896d04-5ed0-4cca-b013-b706eb42192f/url 200 5631 ms - 76
[HTTP] 
[HTTP] --> POST /wd/hub/session/31896d04-5ed0-4cca-b013-b706eb42192f/execute
[HTTP] {"script":"return document.readyState","args":[]}
[HTTP] <-- POST /wd/hub/session/31896d04-5ed0-4cca-b013-b706eb42192f/execute 200 374 ms - 82
[HTTP] 
[HTTP] --> GET /wd/hub/session/31896d04-5ed0-4cca-b013-b706eb42192f/context
[HTTP] {}
[HTTP] <-- GET /wd/hub/session/31896d04-5ed0-4cca-b013-b706eb42192f/context 200 3 ms - 89
[HTTP] 
[HTTP] --> GET /wd/hub/session/31896d04-5ed0-4cca-b013-b706eb42192f/contexts
[HTTP] {}
[HTTP] <-- GET /wd/hub/session/31896d04-5ed0-4cca-b013-b706eb42192f/contexts 200 60 ms - 104
[HTTP] 
[HTTP] --> POST /wd/hub/session/31896d04-5ed0-4cca-b013-b706eb42192f/context
[HTTP] {"name":"NATIVE_APP"}
[HTTP] <-- POST /wd/hub/session/31896d04-5ed0-4cca-b013-b706eb42192f/context 200 3 ms - 76
[HTTP] 
[HTTP] --> GET /wd/hub/session/31896d04-5ed0-4cca-b013-b706eb42192f/screenshot
[HTTP] {}
[HTTP] <-- GET /wd/hub/session/31896d04-5ed0-4cca-b013-b706eb42192f/screenshot 200 672 ms - 1613146
[HTTP] 
[HTTP] --> POST /wd/hub/session/31896d04-5ed0-4cca-b013-b706eb42192f/context
[HTTP] {"name":"WEBVIEW_97495.1"}
[HTTP] <-- POST /wd/hub/session/31896d04-5ed0-4cca-b013-b706eb42192f/context 200 1955 ms - 76
[HTTP] 
[HTTP] --> POST /wd/hub/session/31896d04-5ed0-4cca-b013-b706eb42192f/elements
[HTTP] {"using":"xpath","value":"//*[@id = 'primaryCTA']"}
[HTTP] <-- POST /wd/hub/session/31896d04-5ed0-4cca-b013-b706eb42192f/elements 200 385 ms - 92
[HTTP] 
[HTTP] --> GET /wd/hub/session/31896d04-5ed0-4cca-b013-b706eb42192f
[HTTP] {}
[XCUITest] Merging WDA caps over Appium caps for session detail response
[HTTP] <-- GET /wd/hub/session/31896d04-5ed0-4cca-b013-b706eb42192f 200 2008 ms - 627
[HTTP] 
[HTTP] --> GET /wd/hub/session/31896d04-5ed0-4cca-b013-b706eb42192f
[HTTP] {}
[XCUITest] Merging WDA caps over Appium caps for session detail response
[HTTP] <-- GET /wd/hub/session/31896d04-5ed0-4cca-b013-b706eb42192f 200 4 ms - 627
[HTTP] 
[HTTP] --> GET /wd/hub/session/31896d04-5ed0-4cca-b013-b706eb42192f
[HTTP] {}
[XCUITest] Merging WDA caps over Appium caps for session detail response
[HTTP] <-- GET /wd/hub/session/31896d04-5ed0-4cca-b013-b706eb42192f 200 2 ms - 627
[HTTP] 
[HTTP] --> GET /wd/hub/session/31896d04-5ed0-4cca-b013-b706eb42192f
[HTTP] {}
[XCUITest] Merging WDA caps over Appium caps for session detail response
[HTTP] <-- GET /wd/hub/session/31896d04-5ed0-4cca-b013-b706eb42192f 200 2 ms - 627
[HTTP] 
[HTTP] --> GET /wd/hub/session/31896d04-5ed0-4cca-b013-b706eb42192f/element/5000/enabled
[HTTP] {}
[HTTP] <-- GET /wd/hub/session/31896d04-5ed0-4cca-b013-b706eb42192f/element/5000/enabled 200 924 ms - 76
[HTTP] 
[HTTP] --> POST /wd/hub/session/31896d04-5ed0-4cca-b013-b706eb42192f/elements
[HTTP] {"using":"xpath","value":"//*[@id = 'primaryCTA']"}
[HTTP] <-- POST /wd/hub/session/31896d04-5ed0-4cca-b013-b706eb42192f/elements 200 2332 ms - 92
[HTTP] 
[HTTP] --> GET /wd/hub/session/31896d04-5ed0-4cca-b013-b706eb42192f
[HTTP] {}
[XCUITest] Merging WDA caps over Appium caps for session detail response
[HTTP] <-- GET /wd/hub/session/31896d04-5ed0-4cca-b013-b706eb42192f 200 2 ms - 627
[HTTP] 
[HTTP] --> GET /wd/hub/session/31896d04-5ed0-4cca-b013-b706eb42192f
[HTTP] {}
[XCUITest] Merging WDA caps over Appium caps for session detail response
[HTTP] <-- GET /wd/hub/session/31896d04-5ed0-4cca-b013-b706eb42192f 200 2 ms - 627
[HTTP] 
[HTTP] --> GET /wd/hub/session/31896d04-5ed0-4cca-b013-b706eb42192f
[HTTP] {}
[XCUITest] Merging WDA caps over Appium caps for session detail response
[HTTP] <-- GET /wd/hub/session/31896d04-5ed0-4cca-b013-b706eb42192f 200 2 ms - 627
[HTTP] 
[HTTP] --> GET /wd/hub/session/31896d04-5ed0-4cca-b013-b706eb42192f
[HTTP] {}
[XCUITest] Merging WDA caps over Appium caps for session detail response
[HTTP] <-- GET /wd/hub/session/31896d04-5ed0-4cca-b013-b706eb42192f 200 2 ms - 627
[HTTP] 
[HTTP] --> POST /wd/hub/session/31896d04-5ed0-4cca-b013-b706eb42192f/element/5001/click
[HTTP] {"id":"5001"}
[HTTP] <-- POST /wd/hub/session/31896d04-5ed0-4cca-b013-b706eb42192f/element/5001/click 200 5177 ms - 76
[HTTP] 
[HTTP] --> POST /wd/hub/session/31896d04-5ed0-4cca-b013-b706eb42192f/execute
[HTTP] {"script":"return document.readyState","args":[]}
[HTTP] <-- POST /wd/hub/session/31896d04-5ed0-4cca-b013-b706eb42192f/execute 200 390 ms - 82
[HTTP] 
[HTTP] --> GET /wd/hub/session/31896d04-5ed0-4cca-b013-b706eb42192f/context
[HTTP] {}
[HTTP] <-- GET /wd/hub/session/31896d04-5ed0-4cca-b013-b706eb42192f/context 200 2 ms - 89
[HTTP] 
[HTTP] --> GET /wd/hub/session/31896d04-5ed0-4cca-b013-b706eb42192f/contexts
[HTTP] {}
[HTTP] <-- GET /wd/hub/session/31896d04-5ed0-4cca-b013-b706eb42192f/contexts 200 177 ms - 104
[HTTP] 
[HTTP] --> POST /wd/hub/session/31896d04-5ed0-4cca-b013-b706eb42192f/context
[HTTP] {"name":"NATIVE_APP"}
[HTTP] <-- POST /wd/hub/session/31896d04-5ed0-4cca-b013-b706eb42192f/context 200 2 ms - 76
[HTTP] 
[HTTP] --> GET /wd/hub/session/31896d04-5ed0-4cca-b013-b706eb42192f/screenshot
[HTTP] {}
[HTTP] <-- GET /wd/hub/session/31896d04-5ed0-4cca-b013-b706eb42192f/screenshot 200 253 ms - 1729702
[HTTP] 
[HTTP] --> POST /wd/hub/session/31896d04-5ed0-4cca-b013-b706eb42192f/context
[HTTP] {"name":"WEBVIEW_97495.1"}
[HTTP] <-- POST /wd/hub/session/31896d04-5ed0-4cca-b013-b706eb42192f/context 200 3531 ms - 76
[HTTP] 
[HTTP] --> POST /wd/hub/session/31896d04-5ed0-4cca-b013-b706eb42192f/elements
[HTTP] {"using":"xpath","value":"//input[@id = 'zip-input' and @type = 'tel' and @placeholder = 'Zip Code']"}
[HTTP] <-- POST /wd/hub/session/31896d04-5ed0-4cca-b013-b706eb42192f/elements 200 363 ms - 92
[HTTP] 
[HTTP] --> GET /wd/hub/session/31896d04-5ed0-4cca-b013-b706eb42192f
[HTTP] {}
[XCUITest] Merging WDA caps over Appium caps for session detail response
[HTTP] <-- GET /wd/hub/session/31896d04-5ed0-4cca-b013-b706eb42192f 200 3 ms - 627
[HTTP] 
[HTTP] --> GET /wd/hub/session/31896d04-5ed0-4cca-b013-b706eb42192f
[HTTP] {}
[XCUITest] Merging WDA caps over Appium caps for session detail response
[HTTP] <-- GET /wd/hub/session/31896d04-5ed0-4cca-b013-b706eb42192f 200 3 ms - 627
[HTTP] 
[HTTP] --> GET /wd/hub/session/31896d04-5ed0-4cca-b013-b706eb42192f
[HTTP] {}
[XCUITest] Merging WDA caps over Appium caps for session detail response
[HTTP] <-- GET /wd/hub/session/31896d04-5ed0-4cca-b013-b706eb42192f 200 2 ms - 627
[HTTP] 
[HTTP] --> GET /wd/hub/session/31896d04-5ed0-4cca-b013-b706eb42192f
[HTTP] {}
[XCUITest] Merging WDA caps over Appium caps for session detail response
[HTTP] <-- GET /wd/hub/session/31896d04-5ed0-4cca-b013-b706eb42192f 200 2 ms - 627
[HTTP] 
[HTTP] --> POST /wd/hub/session/31896d04-5ed0-4cca-b013-b706eb42192f/element/5002/clear
[HTTP] {"id":"5002"}
[HTTP] <-- POST /wd/hub/session/31896d04-5ed0-4cca-b013-b706eb42192f/element/5002/clear 200 408 ms - 76
[HTTP] 
[HTTP] --> POST /wd/hub/session/31896d04-5ed0-4cca-b013-b706eb42192f/elements
[HTTP] {"using":"xpath","value":"//input[@id = 'zip-input' and @type = 'tel' and @placeholder = 'Zip Code']"}
[HTTP] <-- POST /wd/hub/session/31896d04-5ed0-4cca-b013-b706eb42192f/elements 200 136 ms - 92
[HTTP] 
[HTTP] --> GET /wd/hub/session/31896d04-5ed0-4cca-b013-b706eb42192f
[HTTP] {}
[XCUITest] Merging WDA caps over Appium caps for session detail response
[HTTP] <-- GET /wd/hub/session/31896d04-5ed0-4cca-b013-b706eb42192f 200 2 ms - 627
[HTTP] 
[HTTP] --> GET /wd/hub/session/31896d04-5ed0-4cca-b013-b706eb42192f
[HTTP] {}
[XCUITest] Merging WDA caps over Appium caps for session detail response
[HTTP] <-- GET /wd/hub/session/31896d04-5ed0-4cca-b013-b706eb42192f 200 2 ms - 627
[HTTP] 
[HTTP] --> GET /wd/hub/session/31896d04-5ed0-4cca-b013-b706eb42192f
[HTTP] {}
[XCUITest] Merging WDA caps over Appium caps for session detail response
[HTTP] <-- GET /wd/hub/session/31896d04-5ed0-4cca-b013-b706eb42192f 200 2 ms - 627
[HTTP] 
[HTTP] --> GET /wd/hub/session/31896d04-5ed0-4cca-b013-b706eb42192f
[HTTP] {}
[XCUITest] Merging WDA caps over Appium caps for session detail response
[HTTP] <-- GET /wd/hub/session/31896d04-5ed0-4cca-b013-b706eb42192f 200 2 ms - 627
[HTTP] 
[HTTP] --> POST /wd/hub/session/31896d04-5ed0-4cca-b013-b706eb42192f/element/5003/value
[HTTP] {"id":"5003","value":["60602"]}
[HTTP] <-- POST /wd/hub/session/31896d04-5ed0-4cca-b013-b706eb42192f/element/5003/value 200 547 ms - 76
[HTTP] 
[HTTP] --> POST /wd/hub/session/31896d04-5ed0-4cca-b013-b706eb42192f/elements
[HTTP] {"using":"xpath","value":"//input[@id = 'dob-0' and @type = 'tel' and @placeholder = 'mm/dd/yyyy']"}
[HTTP] <-- POST /wd/hub/session/31896d04-5ed0-4cca-b013-b706eb42192f/elements 200 181 ms - 92
[HTTP] 
[HTTP] --> GET /wd/hub/session/31896d04-5ed0-4cca-b013-b706eb42192f
[HTTP] {}
[XCUITest] Merging WDA caps over Appium caps for session detail response
[HTTP] <-- GET /wd/hub/session/31896d04-5ed0-4cca-b013-b706eb42192f 200 2 ms - 627
[HTTP] 
[HTTP] --> GET /wd/hub/session/31896d04-5ed0-4cca-b013-b706eb42192f
[HTTP] {}
[XCUITest] Merging WDA caps over Appium caps for session detail response
[HTTP] <-- GET /wd/hub/session/31896d04-5ed0-4cca-b013-b706eb42192f 200 2 ms - 627
[HTTP] 
[HTTP] --> GET /wd/hub/session/31896d04-5ed0-4cca-b013-b706eb42192f
[HTTP] {}
[XCUITest] Merging WDA caps over Appium caps for session detail response
[HTTP] <-- GET /wd/hub/session/31896d04-5ed0-4cca-b013-b706eb42192f 200 2 ms - 627
[HTTP] 
[HTTP] --> GET /wd/hub/session/31896d04-5ed0-4cca-b013-b706eb42192f
[HTTP] {}
[XCUITest] Merging WDA caps over Appium caps for session detail response
[HTTP] <-- GET /wd/hub/session/31896d04-5ed0-4cca-b013-b706eb42192f 200 6 ms - 627
[HTTP] 
[HTTP] --> POST /wd/hub/session/31896d04-5ed0-4cca-b013-b706eb42192f/element/5004/clear
[HTTP] {"id":"5004"}
[HTTP] <-- POST /wd/hub/session/31896d04-5ed0-4cca-b013-b706eb42192f/element/5004/clear 200 431 ms - 76
[HTTP] 
[HTTP] --> POST /wd/hub/session/31896d04-5ed0-4cca-b013-b706eb42192f/elements
[HTTP] {"using":"xpath","value":"//input[@id = 'dob-0' and @type = 'tel' and @placeholder = 'mm/dd/yyyy']"}
[HTTP] <-- POST /wd/hub/session/31896d04-5ed0-4cca-b013-b706eb42192f/elements 200 409 ms - 92
[HTTP] 
[HTTP] --> GET /wd/hub/session/31896d04-5ed0-4cca-b013-b706eb42192f
[HTTP] {}
[XCUITest] Merging WDA caps over Appium caps for session detail response
[HTTP] <-- GET /wd/hub/session/31896d04-5ed0-4cca-b013-b706eb42192f 200 2 ms - 627
[HTTP] 
[HTTP] --> GET /wd/hub/session/31896d04-5ed0-4cca-b013-b706eb42192f
[HTTP] {}
[XCUITest] Merging WDA caps over Appium caps for session detail response
[HTTP] <-- GET /wd/hub/session/31896d04-5ed0-4cca-b013-b706eb42192f 200 3 ms - 627
[HTTP] 
[HTTP] --> GET /wd/hub/session/31896d04-5ed0-4cca-b013-b706eb42192f
[HTTP] {}
[XCUITest] Merging WDA caps over Appium caps for session detail response
[HTTP] <-- GET /wd/hub/session/31896d04-5ed0-4cca-b013-b706eb42192f 200 2 ms - 627
[HTTP] 
[HTTP] --> GET /wd/hub/session/31896d04-5ed0-4cca-b013-b706eb42192f
[HTTP] {}
[XCUITest] Merging WDA caps over Appium caps for session detail response
[HTTP] <-- GET /wd/hub/session/31896d04-5ed0-4cca-b013-b706eb42192f 200 2 ms - 627
[HTTP] 
[HTTP] --> POST /wd/hub/session/31896d04-5ed0-4cca-b013-b706eb42192f/element/5005/value
[HTTP] {"id":"5005","value":["03/03/1987"]}
[HTTP] <-- POST /wd/hub/session/31896d04-5ed0-4cca-b013-b706eb42192f/element/5005/value 200 1050 ms - 76
[HTTP] 
[HTTP] --> POST /wd/hub/session/31896d04-5ed0-4cca-b013-b706eb42192f/elements
[HTTP] {"using":"xpath","value":"//label[(text() = 'Male' or . = 'Male')]"}
[HTTP] <-- POST /wd/hub/session/31896d04-5ed0-4cca-b013-b706eb42192f/elements 200 220 ms - 92
[HTTP] 
[HTTP] --> GET /wd/hub/session/31896d04-5ed0-4cca-b013-b706eb42192f
[HTTP] {}
[XCUITest] Merging WDA caps over Appium caps for session detail response
[HTTP] <-- GET /wd/hub/session/31896d04-5ed0-4cca-b013-b706eb42192f 200 2 ms - 627
[HTTP] 
[HTTP] --> GET /wd/hub/session/31896d04-5ed0-4cca-b013-b706eb42192f
[HTTP] {}
[XCUITest] Merging WDA caps over Appium caps for session detail response
[HTTP] <-- GET /wd/hub/session/31896d04-5ed0-4cca-b013-b706eb42192f 200 2 ms - 627
[HTTP] 
[HTTP] --> GET /wd/hub/session/31896d04-5ed0-4cca-b013-b706eb42192f
[HTTP] {}
[XCUITest] Merging WDA caps over Appium caps for session detail response
[HTTP] <-- GET /wd/hub/session/31896d04-5ed0-4cca-b013-b706eb42192f 200 2 ms - 627
[HTTP] 
[HTTP] --> GET /wd/hub/session/31896d04-5ed0-4cca-b013-b706eb42192f
[HTTP] {}
[XCUITest] Merging WDA caps over Appium caps for session detail response
[HTTP] <-- GET /wd/hub/session/31896d04-5ed0-4cca-b013-b706eb42192f 200 2 ms - 627
[HTTP] 
[HTTP] --> POST /wd/hub/session/31896d04-5ed0-4cca-b013-b706eb42192f/element/5006/click
[HTTP] {"id":"5006"}
[HTTP] <-- POST /wd/hub/session/31896d04-5ed0-4cca-b013-b706eb42192f/element/5006/click 200 2177 ms - 76
[HTTP] 
[HTTP] --> POST /wd/hub/session/31896d04-5ed0-4cca-b013-b706eb42192f/elements
[HTTP] {"using":"xpath","value":"//label[@id = 'js-see-plans' and @href = '#' and (text() = 'Compare Plans ' or . = 'Compare Plans ')]"}
[HTTP] <-- POST /wd/hub/session/31896d04-5ed0-4cca-b013-b706eb42192f/elements 200 2247 ms - 92
[HTTP] 
[HTTP] --> GET /wd/hub/session/31896d04-5ed0-4cca-b013-b706eb42192f
[HTTP] {}
[XCUITest] Merging WDA caps over Appium caps for session detail response
[HTTP] <-- GET /wd/hub/session/31896d04-5ed0-4cca-b013-b706eb42192f 200 2 ms - 627
[HTTP] 
[HTTP] --> GET /wd/hub/session/31896d04-5ed0-4cca-b013-b706eb42192f
[HTTP] {}
[XCUITest] Merging WDA caps over Appium caps for session detail response
[HTTP] <-- GET /wd/hub/session/31896d04-5ed0-4cca-b013-b706eb42192f 200 1 ms - 627
[HTTP] 
[HTTP] --> GET /wd/hub/session/31896d04-5ed0-4cca-b013-b706eb42192f
[HTTP] {}
[XCUITest] Merging WDA caps over Appium caps for session detail response
[HTTP] <-- GET /wd/hub/session/31896d04-5ed0-4cca-b013-b706eb42192f 200 1 ms - 627
[HTTP] 
[HTTP] --> GET /wd/hub/session/31896d04-5ed0-4cca-b013-b706eb42192f
[HTTP] {}
[XCUITest] Merging WDA caps over Appium caps for session detail response
[HTTP] <-- GET /wd/hub/session/31896d04-5ed0-4cca-b013-b706eb42192f 200 2 ms - 627
[HTTP] 
[HTTP] --> POST /wd/hub/session/31896d04-5ed0-4cca-b013-b706eb42192f/element/5007/click
[HTTP] {"id":"5007"}
[HTTP] <-- POST /wd/hub/session/31896d04-5ed0-4cca-b013-b706eb42192f/element/5007/click 200 17695 ms - 76
[HTTP] 
[HTTP] --> POST /wd/hub/session/31896d04-5ed0-4cca-b013-b706eb42192f/execute
[HTTP] {"script":"return document.readyState","args":[]}
[HTTP] <-- POST /wd/hub/session/31896d04-5ed0-4cca-b013-b706eb42192f/execute 200 1096 ms - 82
[HTTP] 
[HTTP] --> GET /wd/hub/session/31896d04-5ed0-4cca-b013-b706eb42192f/context
[HTTP] {}
[HTTP] <-- GET /wd/hub/session/31896d04-5ed0-4cca-b013-b706eb42192f/context 200 2 ms - 89
[HTTP] 
[HTTP] --> GET /wd/hub/session/31896d04-5ed0-4cca-b013-b706eb42192f/contexts
[HTTP] {}
[HTTP] <-- GET /wd/hub/session/31896d04-5ed0-4cca-b013-b706eb42192f/contexts 200 89 ms - 104
[HTTP] 
[HTTP] --> POST /wd/hub/session/31896d04-5ed0-4cca-b013-b706eb42192f/context
[HTTP] {"name":"NATIVE_APP"}
[HTTP] <-- POST /wd/hub/session/31896d04-5ed0-4cca-b013-b706eb42192f/context 200 6 ms - 76
[HTTP] 
[HTTP] --> GET /wd/hub/session/31896d04-5ed0-4cca-b013-b706eb42192f/screenshot
[HTTP] {}
[HTTP] <-- GET /wd/hub/session/31896d04-5ed0-4cca-b013-b706eb42192f/screenshot 200 238 ms - 989602
[HTTP] 
[HTTP] --> POST /wd/hub/session/31896d04-5ed0-4cca-b013-b706eb42192f/context
[HTTP] {"name":"WEBVIEW_97495.1"}
[HTTP] <-- POST /wd/hub/session/31896d04-5ed0-4cca-b013-b706eb42192f/context 200 4087 ms - 76
[HTTP] 
[HTTP] --> GET /wd/hub/session/31896d04-5ed0-4cca-b013-b706eb42192f/window_handle
[HTTP] {}
[HTTP] <-- GET /wd/hub/session/31896d04-5ed0-4cca-b013-b706eb42192f/window_handle 200 2 ms - 81
[HTTP] 
[HTTP] --> POST /wd/hub/session/31896d04-5ed0-4cca-b013-b706eb42192f/elements
[HTTP] {"using":"xpath","value":"//div[@id='js-header-filter-toggles']/ul/li[2]/button"}
[HTTP] <-- POST /wd/hub/session/31896d04-5ed0-4cca-b013-b706eb42192f/elements 200 358 ms - 92
[HTTP] 
[HTTP] --> GET /wd/hub/session/31896d04-5ed0-4cca-b013-b706eb42192f
[HTTP] {}
[XCUITest] Merging WDA caps over Appium caps for session detail response
[HTTP] <-- GET /wd/hub/session/31896d04-5ed0-4cca-b013-b706eb42192f 200 2 ms - 627
[HTTP] 
[HTTP] --> GET /wd/hub/session/31896d04-5ed0-4cca-b013-b706eb42192f
[HTTP] {}
[XCUITest] Merging WDA caps over Appium caps for session detail response
[HTTP] <-- GET /wd/hub/session/31896d04-5ed0-4cca-b013-b706eb42192f 200 2 ms - 627
[HTTP] 
[HTTP] --> GET /wd/hub/session/31896d04-5ed0-4cca-b013-b706eb42192f
[HTTP] {}
[XCUITest] Merging WDA caps over Appium caps for session detail response
[HTTP] <-- GET /wd/hub/session/31896d04-5ed0-4cca-b013-b706eb42192f 200 2 ms - 627
[HTTP] 
[HTTP] --> GET /wd/hub/session/31896d04-5ed0-4cca-b013-b706eb42192f
[HTTP] {}
[XCUITest] Merging WDA caps over Appium caps for session detail response
[HTTP] <-- GET /wd/hub/session/31896d04-5ed0-4cca-b013-b706eb42192f 200 6 ms - 627
[HTTP] 
[HTTP] --> POST /wd/hub/session/31896d04-5ed0-4cca-b013-b706eb42192f/element/5008/click
[HTTP] {"id":"5008"}
[HTTP] <-- POST /wd/hub/session/31896d04-5ed0-4cca-b013-b706eb42192f/element/5008/click 200 1165 ms - 76
[HTTP] 
[HTTP] --> DELETE /wd/hub/session/31896d04-5ed0-4cca-b013-b706eb42192f
[HTTP] {}
[Appium] Removing session 31896d04-5ed0-4cca-b013-b706eb42192f from our master session list
[HTTP] <-- DELETE /wd/hub/session/31896d04-5ed0-4cca-b013-b706eb42192f 200 2097 ms - 76
[HTTP] 
