<?xml version="1.0" encoding="UTF-8" standalone="no"?>
<!DOCTYPE log SYSTEM "logger.dtd">
<log>
<record>
  <date>2019-03-05T17:50:19</date>
  <millis>1551779419447</millis>
  <sequence>0</sequence>
  <level>START</level>
  <class>com.kms.katalon.core.logging.XmlKeywordLogger</class>
  <method>startSuite</method>
  <thread>1</thread>
  <message>Start Test Suite : Test Suites/mobileWeb/stm</message>
  <nestedLevel>0</nestedLevel>
  <property name="name">stm</property>
  <property name="description"></property>
  <property name="id">Test Suites/mobileWeb/stm</property>
</record>
<record>
  <date>2019-03-05T17:50:19</date>
  <millis>1551779419467</millis>
  <sequence>1</sequence>
  <level>RUN_DATA</level>
  <class>com.kms.katalon.core.logging.XmlKeywordLogger</class>
  <method>logMessage</method>
  <thread>1</thread>
  <message>hostName = denisyu - 172.16.86.34</message>
  <nestedLevel>0</nestedLevel>
  <property name="hostName">denisyu - 172.16.86.34</property>
</record>
<record>
  <date>2019-03-05T17:50:19</date>
  <millis>1551779419468</millis>
  <sequence>2</sequence>
  <level>RUN_DATA</level>
  <class>com.kms.katalon.core.logging.XmlKeywordLogger</class>
  <method>logMessage</method>
  <thread>1</thread>
  <message>os = Mac OS X 64bit</message>
  <nestedLevel>0</nestedLevel>
  <property name="os">Mac OS X 64bit</property>
</record>
<record>
  <date>2019-03-05T17:50:19</date>
  <millis>1551779419468</millis>
  <sequence>3</sequence>
  <level>RUN_DATA</level>
  <class>com.kms.katalon.core.logging.XmlKeywordLogger</class>
  <method>logMessage</method>
  <thread>1</thread>
  <message>hostAddress = 172.16.86.34</message>
  <nestedLevel>0</nestedLevel>
  <property name="hostAddress">172.16.86.34</property>
</record>
<record>
  <date>2019-03-05T17:50:19</date>
  <millis>1551779419469</millis>
  <sequence>4</sequence>
  <level>RUN_DATA</level>
  <class>com.kms.katalon.core.logging.XmlKeywordLogger</class>
  <method>logMessage</method>
  <thread>1</thread>
  <message>katalonVersion = 5.10.1.1</message>
  <nestedLevel>0</nestedLevel>
  <property name="katalonVersion">5.10.1.1</property>
</record>
<record>
  <date>2019-03-05T17:50:20</date>
  <millis>1551779420031</millis>
  <sequence>5</sequence>
  <level>START</level>
  <class>com.kms.katalon.core.logging.XmlKeywordLogger</class>
  <method>startTest</method>
  <thread>1</thread>
  <message>Start Test Case : Test Cases/mobileWeb/stm/Slaico</message>
  <nestedLevel>1</nestedLevel>
  <property name="name">Test Cases/mobileWeb/stm/Slaico</property>
  <property name="description"></property>
  <property name="id">Test Cases/mobileWeb/stm/Slaico</property>
  <property name="source">\\Users\\denisyu\\workplace\\test\\AgileTest\\Test Cases\\mobileWeb\\stm\\Slaico.tc</property>
  <property name="isOptional">false</property>
</record>
<record>
  <date>2019-03-05T17:50:20</date>
  <millis>1551779420320</millis>
  <sequence>7</sequence>
  <level>INFO</level>
  <class>com.kms.katalon.core.logging.XmlKeywordLogger</class>
  <method>logMessage</method>
  <thread>1</thread>
  <message>(Default) zipcode = </message>
  <nestedLevel>1</nestedLevel>
</record>
<record>
  <date>2019-03-05T17:50:20</date>
  <millis>1551779420332</millis>
  <sequence>8</sequence>
  <level>INFO</level>
  <class>com.kms.katalon.core.logging.XmlKeywordLogger</class>
  <method>logMessage</method>
  <thread>1</thread>
  <message>(Default) effectiveDate = </message>
  <nestedLevel>1</nestedLevel>
</record>
<record>
  <date>2019-03-05T17:50:20</date>
  <millis>1551779420340</millis>
  <sequence>9</sequence>
  <level>INFO</level>
  <class>com.kms.katalon.core.logging.XmlKeywordLogger</class>
  <method>logMessage</method>
  <thread>1</thread>
  <message>(Default) dob = </message>
  <nestedLevel>1</nestedLevel>
</record>
<record>
  <date>2019-03-05T17:50:20</date>
  <millis>1551779420370</millis>
  <sequence>10</sequence>
  <level>INFO</level>
  <class>com.kms.katalon.core.logging.XmlKeywordLogger</class>
  <method>logMessage</method>
  <thread>1</thread>
  <message>(Default) ENV = https://praetemptatus.agilehealthinsurance.com</message>
  <nestedLevel>1</nestedLevel>
</record>
<record>
  <date>2019-03-05T17:50:20</date>
  <millis>1551779420378</millis>
  <sequence>11</sequence>
  <level>INFO</level>
  <class>com.kms.katalon.core.logging.XmlKeywordLogger</class>
  <method>logMessage</method>
  <thread>1</thread>
  <message>(Default) carrier = slaico</message>
  <nestedLevel>1</nestedLevel>
</record>
<record>
  <date>2019-03-05T17:50:20</date>
  <millis>1551779420401</millis>
  <sequence>12</sequence>
  <level>WARNING</level>
  <class>com.kms.katalon.core.logging.XmlKeywordLogger</class>
  <method>logMessage</method>
  <thread>1</thread>
  <message>Unable to set variable &amp;apos;path&amp;apos; for test case because (of) No such property: path for class: internal.GlobalVariable</message>
  <nestedLevel>1</nestedLevel>
</record>
<record>
  <date>2019-03-05T17:50:20</date>
  <millis>1551779420408</millis>
  <sequence>13</sequence>
  <level>INFO</level>
  <class>com.kms.katalon.core.logging.XmlKeywordLogger</class>
  <method>logMessage</method>
  <thread>1</thread>
  <message>(Default) testCaseUrl = /mobileWeb/stm/slaico/</message>
  <nestedLevel>1</nestedLevel>
</record>
<record>
  <date>2019-03-05T17:50:20</date>
  <millis>1551779420499</millis>
  <sequence>14</sequence>
  <level>INFO</level>
  <class>com.kms.katalon.core.logging.XmlKeywordLogger</class>
  <method>logMessage</method>
  <thread>1</thread>
  <message>(Default) i = 0</message>
  <nestedLevel>1</nestedLevel>
</record>
<record>
  <date>2019-03-05T17:50:21</date>
  <millis>1551779421096</millis>
  <sequence>15</sequence>
  <level>START</level>
  <class>com.kms.katalon.core.logging.XmlKeywordLogger</class>
  <method>startKeyword</method>
  <thread>1</thread>
  <message>Start action : now = new java.util.Date()</message>
  <nestedLevel>1</nestedLevel>
  <property name="startLine">16</property>
  <property name="stepIndex">1</property>
</record>
<record>
  <date>2019-03-05T17:50:21</date>
  <millis>1551779421137</millis>
  <sequence>16</sequence>
  <level>END</level>
  <class>com.kms.katalon.core.logging.XmlKeywordLogger</class>
  <method>endKeyword</method>
  <thread>1</thread>
  <message>End action : now = new java.util.Date()</message>
  <nestedLevel>1</nestedLevel>
</record>
<record>
  <date>2019-03-05T17:50:21</date>
  <millis>1551779421137</millis>
  <sequence>17</sequence>
  <level>START</level>
  <class>com.kms.katalon.core.logging.XmlKeywordLogger</class>
  <method>startKeyword</method>
  <thread>1</thread>
  <message>Start action : mydate = now.format(\&amp;quot;yyyyMMdd_HHmmss\&amp;quot;)</message>
  <nestedLevel>1</nestedLevel>
  <property name="startLine">18</property>
  <property name="stepIndex">2</property>
</record>
<record>
  <date>2019-03-05T17:50:21</date>
  <millis>1551779421141</millis>
  <sequence>18</sequence>
  <level>END</level>
  <class>com.kms.katalon.core.logging.XmlKeywordLogger</class>
  <method>endKeyword</method>
  <thread>1</thread>
  <message>End action : mydate = now.format(\&amp;quot;yyyyMMdd_HHmmss\&amp;quot;)</message>
  <nestedLevel>1</nestedLevel>
</record>
<record>
  <date>2019-03-05T17:50:21</date>
  <millis>1551779421141</millis>
  <sequence>19</sequence>
  <level>START</level>
  <class>com.kms.katalon.core.logging.XmlKeywordLogger</class>
  <method>startKeyword</method>
  <thread>1</thread>
  <message>Start action : screenPath = stmPath + \&amp;quot;Slaico/\&amp;quot; + mydate + \&amp;quot;/\&amp;quot;</message>
  <nestedLevel>1</nestedLevel>
  <property name="startLine">20</property>
  <property name="stepIndex">3</property>
</record>
<record>
  <date>2019-03-05T17:50:21</date>
  <millis>1551779421142</millis>
  <sequence>20</sequence>
  <level>END</level>
  <class>com.kms.katalon.core.logging.XmlKeywordLogger</class>
  <method>endKeyword</method>
  <thread>1</thread>
  <message>End action : screenPath = stmPath + \&amp;quot;Slaico/\&amp;quot; + mydate + \&amp;quot;/\&amp;quot;</message>
  <nestedLevel>1</nestedLevel>
</record>
<record>
  <date>2019-03-05T17:50:21</date>
  <millis>1551779421142</millis>
  <sequence>21</sequence>
  <level>START</level>
  <class>com.kms.katalon.core.logging.XmlKeywordLogger</class>
  <method>startKeyword</method>
  <thread>1</thread>
  <message>Start action : i = 0</message>
  <nestedLevel>1</nestedLevel>
  <property name="startLine">22</property>
  <property name="stepIndex">4</property>
</record>
<record>
  <date>2019-03-05T17:50:21</date>
  <millis>1551779421143</millis>
  <sequence>22</sequence>
  <level>END</level>
  <class>com.kms.katalon.core.logging.XmlKeywordLogger</class>
  <method>endKeyword</method>
  <thread>1</thread>
  <message>End action : i = 0</message>
  <nestedLevel>1</nestedLevel>
</record>
<record>
  <date>2019-03-05T17:50:21</date>
  <millis>1551779421143</millis>
  <sequence>23</sequence>
  <level>START</level>
  <class>com.kms.katalon.core.logging.XmlKeywordLogger</class>
  <method>startKeyword</method>
  <thread>1</thread>
  <message>Start action : callTestCase(findTestCase(\&amp;quot;mobileWeb/_include/openWebSite\&amp;quot;), [:], CONTINUE_ON_FAILURE)</message>
  <nestedLevel>1</nestedLevel>
  <property name="startLine">24</property>
  <property name="stepIndex">5</property>
</record>
<record>
  <date>2019-03-05T17:50:21</date>
  <millis>1551779421405</millis>
  <sequence>26</sequence>
  <level>START</level>
  <class>com.kms.katalon.core.logging.XmlKeywordLogger</class>
  <method>startTest</method>
  <thread>1</thread>
  <message>Start Test Case : Test Cases/mobileWeb/_include/openWebSite</message>
  <nestedLevel>2</nestedLevel>
  <property name="name">Test Cases/mobileWeb/_include/openWebSite</property>
  <property name="description"></property>
  <property name="id">Test Cases/mobileWeb/_include/openWebSite</property>
  <property name="source">\\Users\\denisyu\\workplace\\test\\AgileTest\\Test Cases\\mobileWeb\\_include\\openWebSite.tc</property>
  <property name="isOptional">false</property>
</record>
<record>
  <date>2019-03-05T17:50:21</date>
  <millis>1551779421594</millis>
  <sequence>28</sequence>
  <level>START</level>
  <class>com.kms.katalon.core.logging.XmlKeywordLogger</class>
  <method>startKeyword</method>
  <thread>1</thread>
  <message>Start action : openBrowser(\&amp;quot;\&amp;quot;)</message>
  <nestedLevel>1</nestedLevel>
  <property name="startLine">16</property>
  <property name="stepIndex">1</property>
</record>
<record>
  <date>2019-03-05T17:50:22</date>
  <millis>1551779422598</millis>
  <sequence>30</sequence>
  <level>INFO</level>
  <class>com.kms.katalon.core.logging.XmlKeywordLogger</class>
  <method>logMessage</method>
  <thread>1</thread>
  <message>Starting &amp;apos;iOS&amp;apos; driver</message>
  <nestedLevel>2</nestedLevel>
</record>
<record>
  <date>2019-03-05T17:50:22</date>
  <millis>1551779422635</millis>
  <sequence>31</sequence>
  <level>INFO</level>
  <class>com.kms.katalon.core.logging.XmlKeywordLogger</class>
  <method>logMessage</method>
  <thread>1</thread>
  <message>User set preference: [&amp;apos;deviceId&amp;apos;, &amp;apos;&amp;apos;]</message>
  <nestedLevel>2</nestedLevel>
</record>
<record>
  <date>2019-03-05T17:50:23</date>
  <millis>1551779423502</millis>
  <sequence>32</sequence>
  <level>INFO</level>
  <class>com.kms.katalon.core.logging.XmlKeywordLogger</class>
  <method>logMessage</method>
  <thread>1</thread>
  <message>ios_webkit_debug_proxy server started on port 52570</message>
  <nestedLevel>2</nestedLevel>
</record>
<record>
  <date>2019-03-05T17:50:28</date>
  <millis>1551779428393</millis>
  <sequence>33</sequence>
  <level>INFO</level>
  <class>com.kms.katalon.core.logging.XmlKeywordLogger</class>
  <method>logMessage</method>
  <thread>1</thread>
  <message>Appium server started on port 52,572</message>
  <nestedLevel>2</nestedLevel>
</record>
<record>
  <date>2019-03-05T17:52:45</date>
  <millis>1551779565583</millis>
  <sequence>35</sequence>
  <level>RUN_DATA</level>
  <class>com.kms.katalon.core.logging.XmlKeywordLogger</class>
  <method>logMessage</method>
  <thread>1</thread>
  <message>appiumVersion = 1.8.1</message>
  <nestedLevel>2</nestedLevel>
  <property name="appiumVersion">1.8.1</property>
</record>
<record>
  <date>2019-03-05T17:52:45</date>
  <millis>1551779565621</millis>
  <sequence>36</sequence>
  <level>RUN_DATA</level>
  <class>com.kms.katalon.core.logging.XmlKeywordLogger</class>
  <method>logMessage</method>
  <thread>1</thread>
  <message>deviceId = null</message>
  <nestedLevel>2</nestedLevel>
  <property name="deviceId">null</property>
</record>
<record>
  <date>2019-03-05T17:52:45</date>
  <millis>1551779565623</millis>
  <sequence>37</sequence>
  <level>RUN_DATA</level>
  <class>com.kms.katalon.core.logging.XmlKeywordLogger</class>
  <method>logMessage</method>
  <thread>1</thread>
  <message>deviceName = iPhone X</message>
  <nestedLevel>2</nestedLevel>
  <property name="deviceName">iPhone X</property>
</record>
<record>
  <date>2019-03-05T17:52:45</date>
  <millis>1551779565624</millis>
  <sequence>38</sequence>
  <level>RUN_DATA</level>
  <class>com.kms.katalon.core.logging.XmlKeywordLogger</class>
  <method>logMessage</method>
  <thread>1</thread>
  <message>deviceModel = Not available for Simulator</message>
  <nestedLevel>2</nestedLevel>
  <property name="deviceModel">Not available for Simulator</property>
</record>
<record>
  <date>2019-03-05T17:52:45</date>
  <millis>1551779565625</millis>
  <sequence>39</sequence>
  <level>RUN_DATA</level>
  <class>com.kms.katalon.core.logging.XmlKeywordLogger</class>
  <method>logMessage</method>
  <thread>1</thread>
  <message>deviceManufacturer = Apple</message>
  <nestedLevel>2</nestedLevel>
  <property name="deviceManufacturer">Apple</property>
</record>
<record>
  <date>2019-03-05T17:52:45</date>
  <millis>1551779565625</millis>
  <sequence>40</sequence>
  <level>RUN_DATA</level>
  <class>com.kms.katalon.core.logging.XmlKeywordLogger</class>
  <method>logMessage</method>
  <thread>1</thread>
  <message>deviceOS = iOS</message>
  <nestedLevel>2</nestedLevel>
  <property name="deviceOS">iOS</property>
</record>
<record>
  <date>2019-03-05T17:52:45</date>
  <millis>1551779565625</millis>
  <sequence>41</sequence>
  <level>RUN_DATA</level>
  <class>com.kms.katalon.core.logging.XmlKeywordLogger</class>
  <method>logMessage</method>
  <thread>1</thread>
  <message>deviceOSVersion = 12.1</message>
  <nestedLevel>2</nestedLevel>
  <property name="deviceOSVersion">12.1</property>
</record>
<record>
  <date>2019-03-05T17:52:45</date>
  <millis>1551779565658</millis>
  <sequence>42</sequence>
  <level>RUN_DATA</level>
  <class>com.kms.katalon.core.logging.XmlKeywordLogger</class>
  <method>logMessage</method>
  <thread>1</thread>
  <message>sessionId = 31896d04-5ed0-4cca-b013-b706eb42192f</message>
  <nestedLevel>2</nestedLevel>
  <property name="sessionId">31896d04-5ed0-4cca-b013-b706eb42192f</property>
</record>
<record>
  <date>2019-03-05T17:52:46</date>
  <millis>1551779566844</millis>
  <sequence>43</sequence>
  <level>RUN_DATA</level>
  <class>com.kms.katalon.core.logging.XmlKeywordLogger</class>
  <method>logMessage</method>
  <thread>1</thread>
  <message>browser = Safari 12</message>
  <nestedLevel>2</nestedLevel>
  <property name="browser">Safari 12</property>
</record>
<record>
  <date>2019-03-05T17:52:46</date>
  <millis>1551779566845</millis>
  <sequence>44</sequence>
  <level>RUN_DATA</level>
  <class>com.kms.katalon.core.logging.XmlKeywordLogger</class>
  <method>logMessage</method>
  <thread>1</thread>
  <message>platform = Mac OS X</message>
  <nestedLevel>2</nestedLevel>
  <property name="platform">Mac OS X</property>
</record>
<record>
  <date>2019-03-05T17:52:46</date>
  <millis>1551779566848</millis>
  <sequence>45</sequence>
  <level>RUN_DATA</level>
  <class>com.kms.katalon.core.logging.XmlKeywordLogger</class>
  <method>logMessage</method>
  <thread>1</thread>
  <message>seleniumVersion = 3.7.1</message>
  <nestedLevel>2</nestedLevel>
  <property name="seleniumVersion">3.7.1</property>
</record>
<record>
  <date>2019-03-05T17:52:46</date>
  <millis>1551779566853</millis>
  <sequence>46</sequence>
  <level>RUN_DATA</level>
  <class>com.kms.katalon.core.logging.XmlKeywordLogger</class>
  <method>logMessage</method>
  <thread>1</thread>
  <message>proxyInformation = ProxyInformation{proxyOption=NO_PROXY, proxyServerType=HTTP, password=, proxyServerAddress=, proxyServerPort=0}</message>
  <nestedLevel>2</nestedLevel>
  <property name="proxyInformation">ProxyInformation{proxyOption=NO_PROXY, proxyServerType=HTTP, password=, proxyServerAddress=, proxyServerPort=0}</property>
</record>
<record>
  <date>2019-03-05T17:52:46</date>
  <millis>1551779566856</millis>
  <sequence>47</sequence>
  <level>PASSED</level>
  <class>com.kms.katalon.core.logging.XmlKeywordLogger</class>
  <method>logMessage</method>
  <thread>1</thread>
  <message>Browser is opened with url: &amp;apos;&amp;apos;</message>
  <nestedLevel>2</nestedLevel>
</record>
<record>
  <date>2019-03-05T17:52:46</date>
  <millis>1551779566858</millis>
  <sequence>48</sequence>
  <level>END</level>
  <class>com.kms.katalon.core.logging.XmlKeywordLogger</class>
  <method>endKeyword</method>
  <thread>1</thread>
  <message>End action : openBrowser(\&amp;quot;\&amp;quot;)</message>
  <nestedLevel>1</nestedLevel>
</record>
<record>
  <date>2019-03-05T17:52:46</date>
  <millis>1551779566859</millis>
  <sequence>49</sequence>
  <level>START</level>
  <class>com.kms.katalon.core.logging.XmlKeywordLogger</class>
  <method>startKeyword</method>
  <thread>1</thread>
  <message>Start action : navigateToUrl(ENV)</message>
  <nestedLevel>1</nestedLevel>
  <property name="startLine">18</property>
  <property name="stepIndex">2</property>
</record>
<record>
  <date>2019-03-05T17:52:52</date>
  <millis>1551779572533</millis>
  <sequence>52</sequence>
  <level>PASSED</level>
  <class>com.kms.katalon.core.logging.XmlKeywordLogger</class>
  <method>logMessage</method>
  <thread>1</thread>
  <message>Navigate to &amp;apos;https://praetemptatus.agilehealthinsurance.com&amp;apos; successfully</message>
  <nestedLevel>2</nestedLevel>
</record>
<record>
  <date>2019-03-05T17:52:52</date>
  <millis>1551779572534</millis>
  <sequence>53</sequence>
  <level>END</level>
  <class>com.kms.katalon.core.logging.XmlKeywordLogger</class>
  <method>endKeyword</method>
  <thread>1</thread>
  <message>End action : navigateToUrl(ENV)</message>
  <nestedLevel>1</nestedLevel>
</record>
<record>
  <date>2019-03-05T17:52:52</date>
  <millis>1551779572534</millis>
  <sequence>54</sequence>
  <level>START</level>
  <class>com.kms.katalon.core.logging.XmlKeywordLogger</class>
  <method>startKeyword</method>
  <thread>1</thread>
  <message>Start action : waitForPageLoad(10)</message>
  <nestedLevel>1</nestedLevel>
  <property name="startLine">20</property>
  <property name="stepIndex">3</property>
</record>
<record>
  <date>2019-03-05T17:52:53</date>
  <millis>1551779573049</millis>
  <sequence>56</sequence>
  <level>PASSED</level>
  <class>com.kms.katalon.core.logging.XmlKeywordLogger</class>
  <method>logMessage</method>
  <thread>1</thread>
  <message>Wait for page load successfully</message>
  <nestedLevel>2</nestedLevel>
</record>
<record>
  <date>2019-03-05T17:52:53</date>
  <millis>1551779573050</millis>
  <sequence>57</sequence>
  <level>END</level>
  <class>com.kms.katalon.core.logging.XmlKeywordLogger</class>
  <method>endKeyword</method>
  <thread>1</thread>
  <message>End action : waitForPageLoad(10)</message>
  <nestedLevel>1</nestedLevel>
</record>
<record>
  <date>2019-03-05T17:52:53</date>
  <millis>1551779573051</millis>
  <sequence>58</sequence>
  <level>START</level>
  <class>com.kms.katalon.core.logging.XmlKeywordLogger</class>
  <method>startKeyword</method>
  <thread>1</thread>
  <message>Start action : callTestCase(findTestCase(\&amp;quot;mobileWeb/_include/get_screenshot\&amp;quot;), [:], STOP_ON_FAILURE)</message>
  <nestedLevel>1</nestedLevel>
  <property name="startLine">22</property>
  <property name="stepIndex">4</property>
</record>
<record>
  <date>2019-03-05T17:52:53</date>
  <millis>1551779573126</millis>
  <sequence>61</sequence>
  <level>START</level>
  <class>com.kms.katalon.core.logging.XmlKeywordLogger</class>
  <method>startTest</method>
  <thread>1</thread>
  <message>Start Test Case : Test Cases/mobileWeb/_include/get_screenshot</message>
  <nestedLevel>3</nestedLevel>
  <property name="name">Test Cases/mobileWeb/_include/get_screenshot</property>
  <property name="description"></property>
  <property name="id">Test Cases/mobileWeb/_include/get_screenshot</property>
  <property name="source">\\Users\\denisyu\\workplace\\test\\AgileTest\\Test Cases\\mobileWeb\\_include\\get_screenshot.tc</property>
  <property name="isOptional">false</property>
</record>
<record>
  <date>2019-03-05T17:52:53</date>
  <millis>1551779573855</millis>
  <sequence>63</sequence>
  <level>START</level>
  <class>com.kms.katalon.core.logging.XmlKeywordLogger</class>
  <method>startKeyword</method>
  <thread>1</thread>
  <message>Start action : takeScreenshot(screenPath + i + \&amp;quot;.png\&amp;quot;)</message>
  <nestedLevel>1</nestedLevel>
  <property name="startLine">19</property>
  <property name="stepIndex">1</property>
</record>
<record>
  <date>2019-03-05T17:52:55</date>
  <millis>1551779575840</millis>
  <sequence>64</sequence>
  <level>PASSED</level>
  <class>com.kms.katalon.core.logging.XmlKeywordLogger</class>
  <method>logMessage</method>
  <thread>1</thread>
  <message>Screenshot is taken</message>
  <nestedLevel>3</nestedLevel>
  <property name="attachment">../Screenshots/mobileWeb/stm/Slaico/20190305_175021/0.png</property>
</record>
<record>
  <date>2019-03-05T17:52:57</date>
  <millis>1551779577805</millis>
  <sequence>65</sequence>
  <level>END</level>
  <class>com.kms.katalon.core.logging.XmlKeywordLogger</class>
  <method>endKeyword</method>
  <thread>1</thread>
  <message>End action : takeScreenshot(screenPath + i + \&amp;quot;.png\&amp;quot;)</message>
  <nestedLevel>1</nestedLevel>
</record>
<record>
  <date>2019-03-05T17:52:57</date>
  <millis>1551779577806</millis>
  <sequence>66</sequence>
  <level>START</level>
  <class>com.kms.katalon.core.logging.XmlKeywordLogger</class>
  <method>startKeyword</method>
  <thread>1</thread>
  <message>Start action : (internal.GlobalVariable.i++)</message>
  <nestedLevel>1</nestedLevel>
  <property name="startLine">21</property>
  <property name="stepIndex">2</property>
</record>
<record>
  <date>2019-03-05T17:52:57</date>
  <millis>1551779577810</millis>
  <sequence>67</sequence>
  <level>END</level>
  <class>com.kms.katalon.core.logging.XmlKeywordLogger</class>
  <method>endKeyword</method>
  <thread>1</thread>
  <message>End action : (internal.GlobalVariable.i++)</message>
  <nestedLevel>1</nestedLevel>
</record>
<record>
  <date>2019-03-05T17:52:57</date>
  <millis>1551779577810</millis>
  <sequence>68</sequence>
  <level>PASSED</level>
  <class>com.kms.katalon.core.logging.XmlKeywordLogger</class>
  <method>logMessage</method>
  <thread>1</thread>
  <message>Test Cases/mobileWeb/_include/get_screenshot</message>
  <nestedLevel>3</nestedLevel>
</record>
<record>
  <date>2019-03-05T17:52:57</date>
  <millis>1551779577810</millis>
  <sequence>69</sequence>
  <level>END</level>
  <class>com.kms.katalon.core.logging.XmlKeywordLogger</class>
  <method>endTest</method>
  <thread>1</thread>
  <message>End Test Case : Test Cases/mobileWeb/_include/get_screenshot</message>
  <nestedLevel>2</nestedLevel>
</record>
<record>
  <date>2019-03-05T17:52:57</date>
  <millis>1551779577816</millis>
  <sequence>70</sequence>
  <level>PASSED</level>
  <class>com.kms.katalon.core.logging.XmlKeywordLogger</class>
  <method>logMessage</method>
  <thread>1</thread>
  <message>Call Test Case &amp;apos;Test Cases/mobileWeb/_include/get_screenshot&amp;apos; successfully</message>
  <nestedLevel>2</nestedLevel>
</record>
<record>
  <date>2019-03-05T17:52:57</date>
  <millis>1551779577816</millis>
  <sequence>71</sequence>
  <level>END</level>
  <class>com.kms.katalon.core.logging.XmlKeywordLogger</class>
  <method>endKeyword</method>
  <thread>1</thread>
  <message>End action : callTestCase(findTestCase(\&amp;quot;mobileWeb/_include/get_screenshot\&amp;quot;), [:], STOP_ON_FAILURE)</message>
  <nestedLevel>1</nestedLevel>
</record>
<record>
  <date>2019-03-05T17:52:57</date>
  <millis>1551779577816</millis>
  <sequence>72</sequence>
  <level>PASSED</level>
  <class>com.kms.katalon.core.logging.XmlKeywordLogger</class>
  <method>logMessage</method>
  <thread>1</thread>
  <message>Test Cases/mobileWeb/_include/openWebSite</message>
  <nestedLevel>2</nestedLevel>
</record>
<record>
  <date>2019-03-05T17:52:57</date>
  <millis>1551779577817</millis>
  <sequence>73</sequence>
  <level>END</level>
  <class>com.kms.katalon.core.logging.XmlKeywordLogger</class>
  <method>endTest</method>
  <thread>1</thread>
  <message>End Test Case : Test Cases/mobileWeb/_include/openWebSite</message>
  <nestedLevel>1</nestedLevel>
</record>
<record>
  <date>2019-03-05T17:52:57</date>
  <millis>1551779577817</millis>
  <sequence>74</sequence>
  <level>PASSED</level>
  <class>com.kms.katalon.core.logging.XmlKeywordLogger</class>
  <method>logMessage</method>
  <thread>1</thread>
  <message>Call Test Case &amp;apos;Test Cases/mobileWeb/_include/openWebSite&amp;apos; successfully</message>
  <nestedLevel>1</nestedLevel>
</record>
<record>
  <date>2019-03-05T17:52:57</date>
  <millis>1551779577818</millis>
  <sequence>75</sequence>
  <level>END</level>
  <class>com.kms.katalon.core.logging.XmlKeywordLogger</class>
  <method>endKeyword</method>
  <thread>1</thread>
  <message>End action : callTestCase(findTestCase(\&amp;quot;mobileWeb/_include/openWebSite\&amp;quot;), [:], CONTINUE_ON_FAILURE)</message>
  <nestedLevel>1</nestedLevel>
</record>
<record>
  <date>2019-03-05T17:52:57</date>
  <millis>1551779577818</millis>
  <sequence>76</sequence>
  <level>START</level>
  <class>com.kms.katalon.core.logging.XmlKeywordLogger</class>
  <method>startKeyword</method>
  <thread>1</thread>
  <message>Start action : callTestCase(findTestCase(\&amp;quot;mobileWeb/_include/census_stm\&amp;quot;), [\&amp;quot;zipcode\&amp;quot;:\&amp;quot;60602\&amp;quot;], STOP_ON_FAILURE)</message>
  <nestedLevel>1</nestedLevel>
  <property name="startLine">26</property>
  <property name="stepIndex">6</property>
</record>
<record>
  <date>2019-03-05T17:52:57</date>
  <millis>1551779577890</millis>
  <sequence>79</sequence>
  <level>START</level>
  <class>com.kms.katalon.core.logging.XmlKeywordLogger</class>
  <method>startTest</method>
  <thread>1</thread>
  <message>Start Test Case : Test Cases/mobileWeb/_include/census_stm</message>
  <nestedLevel>2</nestedLevel>
  <property name="name">Test Cases/mobileWeb/_include/census_stm</property>
  <property name="description">1. go to hbi census page\n2. submit hbi census page</property>
  <property name="id">Test Cases/mobileWeb/_include/census_stm</property>
  <property name="source">\\Users\\denisyu\\workplace\\test\\AgileTest\\Test Cases\\mobileWeb\\_include\\census_stm.tc</property>
  <property name="isOptional">false</property>
</record>
<record>
  <date>2019-03-05T17:52:57</date>
  <millis>1551779577912</millis>
  <sequence>81</sequence>
  <level>INFO</level>
  <class>com.kms.katalon.core.logging.XmlKeywordLogger</class>
  <method>logMessage</method>
  <thread>1</thread>
  <message>zipcode = 60602</message>
  <nestedLevel>2</nestedLevel>
</record>
<record>
  <date>2019-03-05T17:52:58</date>
  <millis>1551779578309</millis>
  <sequence>82</sequence>
  <level>START</level>
  <class>com.kms.katalon.core.logging.XmlKeywordLogger</class>
  <method>startKeyword</method>
  <thread>1</thread>
  <message>Start action : waitForElementClickable(findTestObject(\&amp;quot;mobileSanity/STM/Home Page/a_Quote  Save Today\&amp;quot;), 10)</message>
  <nestedLevel>1</nestedLevel>
  <property name="startLine">16</property>
  <property name="stepIndex">1</property>
</record>
<record>
  <date>2019-03-05T17:53:01</date>
  <millis>1551779581782</millis>
  <sequence>89</sequence>
  <level>PASSED</level>
  <class>com.kms.katalon.core.logging.XmlKeywordLogger</class>
  <method>logMessage</method>
  <thread>1</thread>
  <message>Object &amp;apos;Object Repository/mobileSanity/STM/Home Page/a_Quote  Save Today&amp;apos; is clickable</message>
  <nestedLevel>2</nestedLevel>
</record>
<record>
  <date>2019-03-05T17:53:01</date>
  <millis>1551779581783</millis>
  <sequence>90</sequence>
  <level>END</level>
  <class>com.kms.katalon.core.logging.XmlKeywordLogger</class>
  <method>endKeyword</method>
  <thread>1</thread>
  <message>End action : waitForElementClickable(findTestObject(\&amp;quot;mobileSanity/STM/Home Page/a_Quote  Save Today\&amp;quot;), 10)</message>
  <nestedLevel>1</nestedLevel>
</record>
<record>
  <date>2019-03-05T17:53:01</date>
  <millis>1551779581783</millis>
  <sequence>91</sequence>
  <level>START</level>
  <class>com.kms.katalon.core.logging.XmlKeywordLogger</class>
  <method>startKeyword</method>
  <thread>1</thread>
  <message>Start action : click(findTestObject(\&amp;quot;mobileSanity/STM/Home Page/a_Quote  Save Today\&amp;quot;))</message>
  <nestedLevel>1</nestedLevel>
  <property name="startLine">18</property>
  <property name="stepIndex">2</property>
</record>
<record>
  <date>2019-03-05T17:53:09</date>
  <millis>1551779589341</millis>
  <sequence>98</sequence>
  <level>PASSED</level>
  <class>com.kms.katalon.core.logging.XmlKeywordLogger</class>
  <method>logMessage</method>
  <thread>1</thread>
  <message>Object: &amp;apos;Object Repository/mobileSanity/STM/Home Page/a_Quote  Save Today&amp;apos; is clicked on</message>
  <nestedLevel>2</nestedLevel>
</record>
<record>
  <date>2019-03-05T17:53:09</date>
  <millis>1551779589343</millis>
  <sequence>99</sequence>
  <level>END</level>
  <class>com.kms.katalon.core.logging.XmlKeywordLogger</class>
  <method>endKeyword</method>
  <thread>1</thread>
  <message>End action : click(findTestObject(\&amp;quot;mobileSanity/STM/Home Page/a_Quote  Save Today\&amp;quot;))</message>
  <nestedLevel>1</nestedLevel>
</record>
<record>
  <date>2019-03-05T17:53:09</date>
  <millis>1551779589344</millis>
  <sequence>100</sequence>
  <level>START</level>
  <class>com.kms.katalon.core.logging.XmlKeywordLogger</class>
  <method>startKeyword</method>
  <thread>1</thread>
  <message>Start action : waitForPageLoad(10)</message>
  <nestedLevel>1</nestedLevel>
  <property name="startLine">20</property>
  <property name="stepIndex">3</property>
</record>
<record>
  <date>2019-03-05T17:53:09</date>
  <millis>1551779589743</millis>
  <sequence>102</sequence>
  <level>PASSED</level>
  <class>com.kms.katalon.core.logging.XmlKeywordLogger</class>
  <method>logMessage</method>
  <thread>1</thread>
  <message>Wait for page load successfully</message>
  <nestedLevel>2</nestedLevel>
</record>
<record>
  <date>2019-03-05T17:53:09</date>
  <millis>1551779589745</millis>
  <sequence>103</sequence>
  <level>END</level>
  <class>com.kms.katalon.core.logging.XmlKeywordLogger</class>
  <method>endKeyword</method>
  <thread>1</thread>
  <message>End action : waitForPageLoad(10)</message>
  <nestedLevel>1</nestedLevel>
</record>
<record>
  <date>2019-03-05T17:53:09</date>
  <millis>1551779589746</millis>
  <sequence>104</sequence>
  <level>START</level>
  <class>com.kms.katalon.core.logging.XmlKeywordLogger</class>
  <method>startKeyword</method>
  <thread>1</thread>
  <message>Start action : callTestCase(findTestCase(\&amp;quot;mobileWeb/_include/get_screenshot\&amp;quot;), [:], STOP_ON_FAILURE)</message>
  <nestedLevel>1</nestedLevel>
  <property name="startLine">22</property>
  <property name="stepIndex">4</property>
</record>
<record>
  <date>2019-03-05T17:53:09</date>
  <millis>1551779589802</millis>
  <sequence>107</sequence>
  <level>START</level>
  <class>com.kms.katalon.core.logging.XmlKeywordLogger</class>
  <method>startTest</method>
  <thread>1</thread>
  <message>Start Test Case : Test Cases/mobileWeb/_include/get_screenshot</message>
  <nestedLevel>3</nestedLevel>
  <property name="name">Test Cases/mobileWeb/_include/get_screenshot</property>
  <property name="description"></property>
  <property name="id">Test Cases/mobileWeb/_include/get_screenshot</property>
  <property name="source">\\Users\\denisyu\\workplace\\test\\AgileTest\\Test Cases\\mobileWeb\\_include\\get_screenshot.tc</property>
  <property name="isOptional">false</property>
</record>
<record>
  <date>2019-03-05T17:53:09</date>
  <millis>1551779589807</millis>
  <sequence>109</sequence>
  <level>START</level>
  <class>com.kms.katalon.core.logging.XmlKeywordLogger</class>
  <method>startKeyword</method>
  <thread>1</thread>
  <message>Start action : takeScreenshot(screenPath + i + \&amp;quot;.png\&amp;quot;)</message>
  <nestedLevel>1</nestedLevel>
  <property name="startLine">19</property>
  <property name="stepIndex">1</property>
</record>
<record>
  <date>2019-03-05T17:53:10</date>
  <millis>1551779590342</millis>
  <sequence>110</sequence>
  <level>PASSED</level>
  <class>com.kms.katalon.core.logging.XmlKeywordLogger</class>
  <method>logMessage</method>
  <thread>1</thread>
  <message>Screenshot is taken</message>
  <nestedLevel>3</nestedLevel>
  <property name="attachment">../Screenshots/mobileWeb/stm/Slaico/20190305_175021/1.png</property>
</record>
<record>
  <date>2019-03-05T17:53:13</date>
  <millis>1551779593879</millis>
  <sequence>111</sequence>
  <level>END</level>
  <class>com.kms.katalon.core.logging.XmlKeywordLogger</class>
  <method>endKeyword</method>
  <thread>1</thread>
  <message>End action : takeScreenshot(screenPath + i + \&amp;quot;.png\&amp;quot;)</message>
  <nestedLevel>1</nestedLevel>
</record>
<record>
  <date>2019-03-05T17:53:13</date>
  <millis>1551779593879</millis>
  <sequence>112</sequence>
  <level>START</level>
  <class>com.kms.katalon.core.logging.XmlKeywordLogger</class>
  <method>startKeyword</method>
  <thread>1</thread>
  <message>Start action : (internal.GlobalVariable.i++)</message>
  <nestedLevel>1</nestedLevel>
  <property name="startLine">21</property>
  <property name="stepIndex">2</property>
</record>
<record>
  <date>2019-03-05T17:53:13</date>
  <millis>1551779593879</millis>
  <sequence>113</sequence>
  <level>END</level>
  <class>com.kms.katalon.core.logging.XmlKeywordLogger</class>
  <method>endKeyword</method>
  <thread>1</thread>
  <message>End action : (internal.GlobalVariable.i++)</message>
  <nestedLevel>1</nestedLevel>
</record>
<record>
  <date>2019-03-05T17:53:13</date>
  <millis>1551779593880</millis>
  <sequence>114</sequence>
  <level>PASSED</level>
  <class>com.kms.katalon.core.logging.XmlKeywordLogger</class>
  <method>logMessage</method>
  <thread>1</thread>
  <message>Test Cases/mobileWeb/_include/get_screenshot</message>
  <nestedLevel>3</nestedLevel>
</record>
<record>
  <date>2019-03-05T17:53:13</date>
  <millis>1551779593880</millis>
  <sequence>115</sequence>
  <level>END</level>
  <class>com.kms.katalon.core.logging.XmlKeywordLogger</class>
  <method>endTest</method>
  <thread>1</thread>
  <message>End Test Case : Test Cases/mobileWeb/_include/get_screenshot</message>
  <nestedLevel>2</nestedLevel>
</record>
<record>
  <date>2019-03-05T17:53:13</date>
  <millis>1551779593880</millis>
  <sequence>116</sequence>
  <level>PASSED</level>
  <class>com.kms.katalon.core.logging.XmlKeywordLogger</class>
  <method>logMessage</method>
  <thread>1</thread>
  <message>Call Test Case &amp;apos;Test Cases/mobileWeb/_include/get_screenshot&amp;apos; successfully</message>
  <nestedLevel>2</nestedLevel>
</record>
<record>
  <date>2019-03-05T17:53:13</date>
  <millis>1551779593881</millis>
  <sequence>117</sequence>
  <level>END</level>
  <class>com.kms.katalon.core.logging.XmlKeywordLogger</class>
  <method>endKeyword</method>
  <thread>1</thread>
  <message>End action : callTestCase(findTestCase(\&amp;quot;mobileWeb/_include/get_screenshot\&amp;quot;), [:], STOP_ON_FAILURE)</message>
  <nestedLevel>1</nestedLevel>
</record>
<record>
  <date>2019-03-05T17:53:13</date>
  <millis>1551779593881</millis>
  <sequence>118</sequence>
  <level>START</level>
  <class>com.kms.katalon.core.logging.XmlKeywordLogger</class>
  <method>startKeyword</method>
  <thread>1</thread>
  <message>Start action : setText(findTestObject(\&amp;quot;mobileSanity/STM/STM Census Page/input_Location_zip-input\&amp;quot;), zipcode)</message>
  <nestedLevel>1</nestedLevel>
  <property name="startLine">24</property>
  <property name="stepIndex">5</property>
</record>
<record>
  <date>2019-03-05T17:53:15</date>
  <millis>1551779595438</millis>
  <sequence>130</sequence>
  <level>PASSED</level>
  <class>com.kms.katalon.core.logging.XmlKeywordLogger</class>
  <method>logMessage</method>
  <thread>1</thread>
  <message>Text &amp;apos;60602&amp;apos; is set on object &amp;apos;Object Repository/mobileSanity/STM/STM Census Page/input_Location_zip-input&amp;apos;</message>
  <nestedLevel>2</nestedLevel>
</record>
<record>
  <date>2019-03-05T17:53:15</date>
  <millis>1551779595439</millis>
  <sequence>131</sequence>
  <level>END</level>
  <class>com.kms.katalon.core.logging.XmlKeywordLogger</class>
  <method>endKeyword</method>
  <thread>1</thread>
  <message>End action : setText(findTestObject(\&amp;quot;mobileSanity/STM/STM Census Page/input_Location_zip-input\&amp;quot;), zipcode)</message>
  <nestedLevel>1</nestedLevel>
</record>
<record>
  <date>2019-03-05T17:53:15</date>
  <millis>1551779595439</millis>
  <sequence>132</sequence>
  <level>START</level>
  <class>com.kms.katalon.core.logging.XmlKeywordLogger</class>
  <method>startKeyword</method>
  <thread>1</thread>
  <message>Start action : setText(findTestObject(\&amp;quot;mobileSanity/STM/STM Census Page/input_Date of Birth_dob-0\&amp;quot;), \&amp;quot;03/03/1987\&amp;quot;)</message>
  <nestedLevel>1</nestedLevel>
  <property name="startLine">26</property>
  <property name="stepIndex">6</property>
</record>
<record>
  <date>2019-03-05T17:53:17</date>
  <millis>1551779597586</millis>
  <sequence>144</sequence>
  <level>PASSED</level>
  <class>com.kms.katalon.core.logging.XmlKeywordLogger</class>
  <method>logMessage</method>
  <thread>1</thread>
  <message>Text &amp;apos;03/03/1987&amp;apos; is set on object &amp;apos;Object Repository/mobileSanity/STM/STM Census Page/input_Date of Birth_dob-0&amp;apos;</message>
  <nestedLevel>2</nestedLevel>
</record>
<record>
  <date>2019-03-05T17:53:17</date>
  <millis>1551779597586</millis>
  <sequence>145</sequence>
  <level>END</level>
  <class>com.kms.katalon.core.logging.XmlKeywordLogger</class>
  <method>endKeyword</method>
  <thread>1</thread>
  <message>End action : setText(findTestObject(\&amp;quot;mobileSanity/STM/STM Census Page/input_Date of Birth_dob-0\&amp;quot;), \&amp;quot;03/03/1987\&amp;quot;)</message>
  <nestedLevel>1</nestedLevel>
</record>
<record>
  <date>2019-03-05T17:53:17</date>
  <millis>1551779597587</millis>
  <sequence>146</sequence>
  <level>START</level>
  <class>com.kms.katalon.core.logging.XmlKeywordLogger</class>
  <method>startKeyword</method>
  <thread>1</thread>
  <message>Start action : click(findTestObject(\&amp;quot;mobileSanity/STM/STM Census Page/label_Male\&amp;quot;))</message>
  <nestedLevel>1</nestedLevel>
  <property name="startLine">28</property>
  <property name="stepIndex">7</property>
</record>
<record>
  <date>2019-03-05T17:53:20</date>
  <millis>1551779600023</millis>
  <sequence>153</sequence>
  <level>PASSED</level>
  <class>com.kms.katalon.core.logging.XmlKeywordLogger</class>
  <method>logMessage</method>
  <thread>1</thread>
  <message>Object: &amp;apos;Object Repository/mobileSanity/STM/STM Census Page/label_Male&amp;apos; is clicked on</message>
  <nestedLevel>2</nestedLevel>
</record>
<record>
  <date>2019-03-05T17:53:20</date>
  <millis>1551779600023</millis>
  <sequence>154</sequence>
  <level>END</level>
  <class>com.kms.katalon.core.logging.XmlKeywordLogger</class>
  <method>endKeyword</method>
  <thread>1</thread>
  <message>End action : click(findTestObject(\&amp;quot;mobileSanity/STM/STM Census Page/label_Male\&amp;quot;))</message>
  <nestedLevel>1</nestedLevel>
</record>
<record>
  <date>2019-03-05T17:53:20</date>
  <millis>1551779600025</millis>
  <sequence>155</sequence>
  <level>START</level>
  <class>com.kms.katalon.core.logging.XmlKeywordLogger</class>
  <method>startKeyword</method>
  <thread>1</thread>
  <message>Start action : click(findTestObject(\&amp;quot;mobileSanity/STM/STM Census Page/label_Compare Plans\&amp;quot;))</message>
  <nestedLevel>1</nestedLevel>
  <property name="startLine">30</property>
  <property name="stepIndex">8</property>
</record>
<record>
  <date>2019-03-05T17:53:39</date>
  <millis>1551779619999</millis>
  <sequence>162</sequence>
  <level>PASSED</level>
  <class>com.kms.katalon.core.logging.XmlKeywordLogger</class>
  <method>logMessage</method>
  <thread>1</thread>
  <message>Object: &amp;apos;Object Repository/mobileSanity/STM/STM Census Page/label_Compare Plans&amp;apos; is clicked on</message>
  <nestedLevel>2</nestedLevel>
</record>
<record>
  <date>2019-03-05T17:53:40</date>
  <millis>1551779620000</millis>
  <sequence>163</sequence>
  <level>END</level>
  <class>com.kms.katalon.core.logging.XmlKeywordLogger</class>
  <method>endKeyword</method>
  <thread>1</thread>
  <message>End action : click(findTestObject(\&amp;quot;mobileSanity/STM/STM Census Page/label_Compare Plans\&amp;quot;))</message>
  <nestedLevel>1</nestedLevel>
</record>
<record>
  <date>2019-03-05T17:53:40</date>
  <millis>1551779620000</millis>
  <sequence>164</sequence>
  <level>START</level>
  <class>com.kms.katalon.core.logging.XmlKeywordLogger</class>
  <method>startKeyword</method>
  <thread>1</thread>
  <message>Start action : waitForPageLoad(10)</message>
  <nestedLevel>1</nestedLevel>
  <property name="startLine">32</property>
  <property name="stepIndex">9</property>
</record>
<record>
  <date>2019-03-05T17:53:41</date>
  <millis>1551779621100</millis>
  <sequence>166</sequence>
  <level>PASSED</level>
  <class>com.kms.katalon.core.logging.XmlKeywordLogger</class>
  <method>logMessage</method>
  <thread>1</thread>
  <message>Wait for page load successfully</message>
  <nestedLevel>2</nestedLevel>
</record>
<record>
  <date>2019-03-05T17:53:41</date>
  <millis>1551779621101</millis>
  <sequence>167</sequence>
  <level>END</level>
  <class>com.kms.katalon.core.logging.XmlKeywordLogger</class>
  <method>endKeyword</method>
  <thread>1</thread>
  <message>End action : waitForPageLoad(10)</message>
  <nestedLevel>1</nestedLevel>
</record>
<record>
  <date>2019-03-05T17:53:41</date>
  <millis>1551779621101</millis>
  <sequence>168</sequence>
  <level>START</level>
  <class>com.kms.katalon.core.logging.XmlKeywordLogger</class>
  <method>startKeyword</method>
  <thread>1</thread>
  <message>Start action : callTestCase(findTestCase(\&amp;quot;mobileWeb/_include/get_screenshot\&amp;quot;), [:], STOP_ON_FAILURE)</message>
  <nestedLevel>1</nestedLevel>
  <property name="startLine">34</property>
  <property name="stepIndex">10</property>
</record>
<record>
  <date>2019-03-05T17:53:41</date>
  <millis>1551779621160</millis>
  <sequence>171</sequence>
  <level>START</level>
  <class>com.kms.katalon.core.logging.XmlKeywordLogger</class>
  <method>startTest</method>
  <thread>1</thread>
  <message>Start Test Case : Test Cases/mobileWeb/_include/get_screenshot</message>
  <nestedLevel>3</nestedLevel>
  <property name="name">Test Cases/mobileWeb/_include/get_screenshot</property>
  <property name="description"></property>
  <property name="id">Test Cases/mobileWeb/_include/get_screenshot</property>
  <property name="source">\\Users\\denisyu\\workplace\\test\\AgileTest\\Test Cases\\mobileWeb\\_include\\get_screenshot.tc</property>
  <property name="isOptional">false</property>
</record>
<record>
  <date>2019-03-05T17:53:41</date>
  <millis>1551779621166</millis>
  <sequence>173</sequence>
  <level>START</level>
  <class>com.kms.katalon.core.logging.XmlKeywordLogger</class>
  <method>startKeyword</method>
  <thread>1</thread>
  <message>Start action : takeScreenshot(screenPath + i + \&amp;quot;.png\&amp;quot;)</message>
  <nestedLevel>1</nestedLevel>
  <property name="startLine">19</property>
  <property name="stepIndex">1</property>
</record>
<record>
  <date>2019-03-05T17:53:41</date>
  <millis>1551779621587</millis>
  <sequence>174</sequence>
  <level>PASSED</level>
  <class>com.kms.katalon.core.logging.XmlKeywordLogger</class>
  <method>logMessage</method>
  <thread>1</thread>
  <message>Screenshot is taken</message>
  <nestedLevel>3</nestedLevel>
  <property name="attachment">../Screenshots/mobileWeb/stm/Slaico/20190305_175021/2.png</property>
</record>
<record>
  <date>2019-03-05T17:53:45</date>
  <millis>1551779625682</millis>
  <sequence>175</sequence>
  <level>END</level>
  <class>com.kms.katalon.core.logging.XmlKeywordLogger</class>
  <method>endKeyword</method>
  <thread>1</thread>
  <message>End action : takeScreenshot(screenPath + i + \&amp;quot;.png\&amp;quot;)</message>
  <nestedLevel>1</nestedLevel>
</record>
<record>
  <date>2019-03-05T17:53:45</date>
  <millis>1551779625682</millis>
  <sequence>176</sequence>
  <level>START</level>
  <class>com.kms.katalon.core.logging.XmlKeywordLogger</class>
  <method>startKeyword</method>
  <thread>1</thread>
  <message>Start action : (internal.GlobalVariable.i++)</message>
  <nestedLevel>1</nestedLevel>
  <property name="startLine">21</property>
  <property name="stepIndex">2</property>
</record>
<record>
  <date>2019-03-05T17:53:45</date>
  <millis>1551779625682</millis>
  <sequence>177</sequence>
  <level>END</level>
  <class>com.kms.katalon.core.logging.XmlKeywordLogger</class>
  <method>endKeyword</method>
  <thread>1</thread>
  <message>End action : (internal.GlobalVariable.i++)</message>
  <nestedLevel>1</nestedLevel>
</record>
<record>
  <date>2019-03-05T17:53:45</date>
  <millis>1551779625683</millis>
  <sequence>178</sequence>
  <level>PASSED</level>
  <class>com.kms.katalon.core.logging.XmlKeywordLogger</class>
  <method>logMessage</method>
  <thread>1</thread>
  <message>Test Cases/mobileWeb/_include/get_screenshot</message>
  <nestedLevel>3</nestedLevel>
</record>
<record>
  <date>2019-03-05T17:53:45</date>
  <millis>1551779625683</millis>
  <sequence>179</sequence>
  <level>END</level>
  <class>com.kms.katalon.core.logging.XmlKeywordLogger</class>
  <method>endTest</method>
  <thread>1</thread>
  <message>End Test Case : Test Cases/mobileWeb/_include/get_screenshot</message>
  <nestedLevel>2</nestedLevel>
</record>
<record>
  <date>2019-03-05T17:53:45</date>
  <millis>1551779625683</millis>
  <sequence>180</sequence>
  <level>PASSED</level>
  <class>com.kms.katalon.core.logging.XmlKeywordLogger</class>
  <method>logMessage</method>
  <thread>1</thread>
  <message>Call Test Case &amp;apos;Test Cases/mobileWeb/_include/get_screenshot&amp;apos; successfully</message>
  <nestedLevel>2</nestedLevel>
</record>
<record>
  <date>2019-03-05T17:53:45</date>
  <millis>1551779625684</millis>
  <sequence>181</sequence>
  <level>END</level>
  <class>com.kms.katalon.core.logging.XmlKeywordLogger</class>
  <method>endKeyword</method>
  <thread>1</thread>
  <message>End action : callTestCase(findTestCase(\&amp;quot;mobileWeb/_include/get_screenshot\&amp;quot;), [:], STOP_ON_FAILURE)</message>
  <nestedLevel>1</nestedLevel>
</record>
<record>
  <date>2019-03-05T17:53:45</date>
  <millis>1551779625684</millis>
  <sequence>182</sequence>
  <level>PASSED</level>
  <class>com.kms.katalon.core.logging.XmlKeywordLogger</class>
  <method>logMessage</method>
  <thread>1</thread>
  <message>Test Cases/mobileWeb/_include/census_stm</message>
  <nestedLevel>2</nestedLevel>
</record>
<record>
  <date>2019-03-05T17:53:45</date>
  <millis>1551779625684</millis>
  <sequence>183</sequence>
  <level>END</level>
  <class>com.kms.katalon.core.logging.XmlKeywordLogger</class>
  <method>endTest</method>
  <thread>1</thread>
  <message>End Test Case : Test Cases/mobileWeb/_include/census_stm</message>
  <nestedLevel>1</nestedLevel>
</record>
<record>
  <date>2019-03-05T17:53:45</date>
  <millis>1551779625685</millis>
  <sequence>184</sequence>
  <level>PASSED</level>
  <class>com.kms.katalon.core.logging.XmlKeywordLogger</class>
  <method>logMessage</method>
  <thread>1</thread>
  <message>Call Test Case &amp;apos;Test Cases/mobileWeb/_include/census_stm&amp;apos; successfully</message>
  <nestedLevel>1</nestedLevel>
</record>
<record>
  <date>2019-03-05T17:53:45</date>
  <millis>1551779625685</millis>
  <sequence>185</sequence>
  <level>END</level>
  <class>com.kms.katalon.core.logging.XmlKeywordLogger</class>
  <method>endKeyword</method>
  <thread>1</thread>
  <message>End action : callTestCase(findTestCase(\&amp;quot;mobileWeb/_include/census_stm\&amp;quot;), [\&amp;quot;zipcode\&amp;quot;:\&amp;quot;60602\&amp;quot;], STOP_ON_FAILURE)</message>
  <nestedLevel>1</nestedLevel>
</record>
<record>
  <date>2019-03-05T17:53:45</date>
  <millis>1551779625685</millis>
  <sequence>186</sequence>
  <level>START</level>
  <class>com.kms.katalon.core.logging.XmlKeywordLogger</class>
  <method>startKeyword</method>
  <thread>1</thread>
  <message>Start action : callTestCase(findTestCase(\&amp;quot;mobileWeb/_include/filter_stm\&amp;quot;), [\&amp;quot;carrier\&amp;quot;:\&amp;quot;slaico\&amp;quot;], STOP_ON_FAILURE)</message>
  <nestedLevel>1</nestedLevel>
  <property name="startLine">28</property>
  <property name="stepIndex">7</property>
</record>
<record>
  <date>2019-03-05T17:53:45</date>
  <millis>1551779625743</millis>
  <sequence>189</sequence>
  <level>START</level>
  <class>com.kms.katalon.core.logging.XmlKeywordLogger</class>
  <method>startTest</method>
  <thread>1</thread>
  <message>Start Test Case : Test Cases/mobileWeb/_include/filter_stm</message>
  <nestedLevel>2</nestedLevel>
  <property name="name">Test Cases/mobileWeb/_include/filter_stm</property>
  <property name="description"></property>
  <property name="id">Test Cases/mobileWeb/_include/filter_stm</property>
  <property name="source">\\Users\\denisyu\\workplace\\test\\AgileTest\\Test Cases\\mobileWeb\\_include\\filter_stm.tc</property>
  <property name="isOptional">false</property>
</record>
<record>
  <date>2019-03-05T17:53:45</date>
  <millis>1551779625772</millis>
  <sequence>191</sequence>
  <level>INFO</level>
  <class>com.kms.katalon.core.logging.XmlKeywordLogger</class>
  <method>logMessage</method>
  <thread>1</thread>
  <message>carrier = slaico</message>
  <nestedLevel>2</nestedLevel>
</record>
<record>
  <date>2019-03-05T17:53:46</date>
  <millis>1551779626632</millis>
  <sequence>192</sequence>
  <level>START</level>
  <class>com.kms.katalon.core.logging.XmlKeywordLogger</class>
  <method>startKeyword</method>
  <thread>1</thread>
  <message>Start action : driver = getWebDriver()</message>
  <nestedLevel>1</nestedLevel>
  <property name="startLine">22</property>
  <property name="stepIndex">1</property>
</record>
<record>
  <date>2019-03-05T17:53:46</date>
  <millis>1551779626641</millis>
  <sequence>193</sequence>
  <level>END</level>
  <class>com.kms.katalon.core.logging.XmlKeywordLogger</class>
  <method>endKeyword</method>
  <thread>1</thread>
  <message>End action : driver = getWebDriver()</message>
  <nestedLevel>1</nestedLevel>
</record>
<record>
  <date>2019-03-05T17:53:46</date>
  <millis>1551779626642</millis>
  <sequence>194</sequence>
  <level>START</level>
  <class>com.kms.katalon.core.logging.XmlKeywordLogger</class>
  <method>startKeyword</method>
  <thread>1</thread>
  <message>Start action : selenium = new com.thoughtworks.selenium.webdriven.WebDriverBackedSelenium(driver, internal.GlobalVariable.ENV)</message>
  <nestedLevel>1</nestedLevel>
  <property name="startLine">24</property>
  <property name="stepIndex">2</property>
</record>
<record>
  <date>2019-03-05T17:53:47</date>
  <millis>1551779627104</millis>
  <sequence>195</sequence>
  <level>END</level>
  <class>com.kms.katalon.core.logging.XmlKeywordLogger</class>
  <method>endKeyword</method>
  <thread>1</thread>
  <message>End action : selenium = new com.thoughtworks.selenium.webdriven.WebDriverBackedSelenium(driver, internal.GlobalVariable.ENV)</message>
  <nestedLevel>1</nestedLevel>
</record>
<record>
  <date>2019-03-05T17:53:47</date>
  <millis>1551779627105</millis>
  <sequence>196</sequence>
  <level>START</level>
  <class>com.kms.katalon.core.logging.XmlKeywordLogger</class>
  <method>startKeyword</method>
  <thread>1</thread>
  <message>Start action : click(findTestObject(\&amp;quot;mobileSanity/STM/STM Quote Page/button_6 months\&amp;quot;))</message>
  <nestedLevel>1</nestedLevel>
  <property name="startLine">26</property>
  <property name="stepIndex">3</property>
</record>
<record>
  <date>2019-03-05T17:53:48</date>
  <millis>1551779628675</millis>
  <sequence>203</sequence>
  <level>PASSED</level>
  <class>com.kms.katalon.core.logging.XmlKeywordLogger</class>
  <method>logMessage</method>
  <thread>1</thread>
  <message>Object: &amp;apos;Object Repository/mobileSanity/STM/STM Quote Page/button_6 months&amp;apos; is clicked on</message>
  <nestedLevel>2</nestedLevel>
</record>
<record>
  <date>2019-03-05T17:53:48</date>
  <millis>1551779628676</millis>
  <sequence>204</sequence>
  <level>END</level>
  <class>com.kms.katalon.core.logging.XmlKeywordLogger</class>
  <method>endKeyword</method>
  <thread>1</thread>
  <message>End action : click(findTestObject(\&amp;quot;mobileSanity/STM/STM Quote Page/button_6 months\&amp;quot;))</message>
  <nestedLevel>1</nestedLevel>
</record>
<record>
  <date>2019-03-05T17:53:48</date>
  <millis>1551779628676</millis>
  <sequence>205</sequence>
  <level>START</level>
  <class>com.kms.katalon.core.logging.XmlKeywordLogger</class>
  <method>startKeyword</method>
  <thread>1</thread>
  <message>Start action : test.MobileKeywords.clickJS(findTestObject(\&amp;quot;mobileSanity/STM/STM Quote Page/radio_6 months\&amp;quot;))</message>
  <nestedLevel>1</nestedLevel>
  <property name="startLine">28</property>
  <property name="stepIndex">4</property>
</record>
<record>
  <date>2019-03-05T17:53:48</date>
  <millis>1551779628680</millis>
  <sequence>207</sequence>
  <level>ERROR</level>
  <class>com.kms.katalon.core.logging.XmlKeywordLogger</class>
  <method>logMessage</method>
  <thread>1</thread>
  <message>test.MobileKeywords</message>
  <nestedLevel>2</nestedLevel>
</record>
<record>
  <date>2019-03-05T17:53:48</date>
  <millis>1551779628692</millis>
  <sequence>209</sequence>
  <logger>com.kms.katalon.core.logging.XmlKeywordLogger</logger>
  <level>ERROR</level>
  <class>com.kms.katalon.core.logging.XmlKeywordLogger</class>
  <method>logMessage</method>
  <thread>1</thread>
  <message>test.MobileKeywords.clickJS(findTestObject(\&amp;quot;mobileSanity/STM/STM Quote Page/radio_6 months\&amp;quot;)) FAILED.\nReason:\njava.lang.ClassNotFoundException: test.MobileKeywords\n\tat com.kms.katalon.core.main.CustomKeywordDelegatingMetaClass.getCustomKeywordClassAndSetMetaClass(CustomKeywordDelegatingMetaClass.java:98)\n\tat com.kms.katalon.core.main.CustomKeywordDelegatingMetaClass.invokeStaticMethod(CustomKeywordDelegatingMetaClass.java:44)\n\tat filter_stm.run(filter_stm:28)\n\tat com.kms.katalon.core.main.ScriptEngine.run(ScriptEngine.java:194)\n\tat com.kms.katalon.core.main.ScriptEngine.runScriptAsRawText(ScriptEngine.java:119)\n\tat com.kms.katalon.core.main.TestCaseExecutor.runScript(TestCaseExecutor.java:328)\n\tat com.kms.katalon.core.main.TestCaseExecutor.doExecute(TestCaseExecutor.java:319)\n\tat com.kms.katalon.core.main.TestCaseExecutor.processExecutionPhase(TestCaseExecutor.java:298)\n\tat com.kms.katalon.core.main.TestCaseExecutor.accessMainPhase(TestCaseExecutor.java:290)\n\tat com.kms.katalon.core.main.TestCaseExecutor.execute(TestCaseExecutor.java:224)\n\tat com.kms.katalon.core.main.TestCaseMain.runTestCase(TestCaseMain.java:106)\n\tat com.kms.katalon.core.keyword.builtin.CallTestCaseKeyword$_callTestCase_closure1.doCall(CallTestCaseKeyword.groovy:59)\n\tat com.kms.katalon.core.keyword.builtin.CallTestCaseKeyword$_callTestCase_closure1.call(CallTestCaseKeyword.groovy)\n\tat com.kms.katalon.core.keyword.internal.KeywordMain.runKeyword(KeywordMain.groovy:54)\n\tat com.kms.katalon.core.keyword.builtin.CallTestCaseKeyword.callTestCase(CallTestCaseKeyword.groovy:80)\n\tat com.kms.katalon.core.keyword.builtin.CallTestCaseKeyword.execute(CallTestCaseKeyword.groovy:44)\n\tat com.kms.katalon.core.keyword.internal.KeywordExecutor.executeKeywordForPlatform(KeywordExecutor.groovy:53)\n\tat com.kms.katalon.core.keyword.BuiltinKeywords.callTestCase(BuiltinKeywords.groovy:334)\n\tat Slaico.run(Slaico:28)\n\tat com.kms.katalon.core.main.ScriptEngine.run(ScriptEngine.java:194)\n\tat com.kms.katalon.core.main.ScriptEngine.runScriptAsRawText(ScriptEngine.java:119)\n\tat com.kms.katalon.core.main.TestCaseExecutor.runScript(TestCaseExecutor.java:328)\n\tat com.kms.katalon.core.main.TestCaseExecutor.doExecute(TestCaseExecutor.java:319)\n\tat com.kms.katalon.core.main.TestCaseExecutor.processExecutionPhase(TestCaseExecutor.java:298)\n\tat com.kms.katalon.core.main.TestCaseExecutor.accessMainPhase(TestCaseExecutor.java:290)\n\tat com.kms.katalon.core.main.TestCaseExecutor.execute(TestCaseExecutor.java:224)\n\tat com.kms.katalon.core.main.TestSuiteExecutor.accessTestCaseMainPhase(TestSuiteExecutor.java:129)\n\tat com.kms.katalon.core.main.TestSuiteExecutor.accessTestSuiteMainPhase(TestSuiteExecutor.java:112)\n\tat com.kms.katalon.core.main.TestSuiteExecutor.execute(TestSuiteExecutor.java:81)\n\tat com.kms.katalon.core.main.TestCaseMain.startTestSuite(TestCaseMain.java:149)\n\tat com.kms.katalon.core.main.TestCaseMain$startTestSuite$0.call(Unknown Source)\n\tat TempTestSuite1551779414880.run(TempTestSuite1551779414880.groovy:36)\n</message>
  <exception>
    <message>java.lang.ClassNotFoundException: test.MobileKeywords</message>
    <frame>
      <class>com.kms.katalon.core.main.CustomKeywordDelegatingMetaClass</class>
      <method>getCustomKeywordClassAndSetMetaClass</method>
      <line>98</line>
    </frame>
    <frame>
      <class>com.kms.katalon.core.main.CustomKeywordDelegatingMetaClass</class>
      <method>invokeStaticMethod</method>
      <line>44</line>
    </frame>
    <frame>
      <class>filter_stm</class>
      <method>run</method>
      <line>28</line>
    </frame>
    <frame>
      <class>com.kms.katalon.core.main.ScriptEngine</class>
      <method>run</method>
      <line>194</line>
    </frame>
    <frame>
      <class>com.kms.katalon.core.main.ScriptEngine</class>
      <method>runScriptAsRawText</method>
      <line>119</line>
    </frame>
    <frame>
      <class>com.kms.katalon.core.main.TestCaseExecutor</class>
      <method>runScript</method>
      <line>328</line>
    </frame>
    <frame>
      <class>com.kms.katalon.core.main.TestCaseExecutor</class>
      <method>doExecute</method>
      <line>319</line>
    </frame>
    <frame>
      <class>com.kms.katalon.core.main.TestCaseExecutor</class>
      <method>processExecutionPhase</method>
      <line>298</line>
    </frame>
    <frame>
      <class>com.kms.katalon.core.main.TestCaseExecutor</class>
      <method>accessMainPhase</method>
      <line>290</line>
    </frame>
    <frame>
      <class>com.kms.katalon.core.main.TestCaseExecutor</class>
      <method>execute</method>
      <line>224</line>
    </frame>
    <frame>
      <class>com.kms.katalon.core.main.TestCaseMain</class>
      <method>runTestCase</method>
      <line>106</line>
    </frame>
    <frame>
      <class>com.kms.katalon.core.keyword.builtin.CallTestCaseKeyword$_callTestCase_closure1</class>
      <method>doCall</method>
      <line>59</line>
    </frame>
    <frame>
      <class>com.kms.katalon.core.keyword.builtin.CallTestCaseKeyword$_callTestCase_closure1</class>
      <method>call</method>
    </frame>
    <frame>
      <class>com.kms.katalon.core.keyword.internal.KeywordMain</class>
      <method>runKeyword</method>
      <line>54</line>
    </frame>
    <frame>
      <class>com.kms.katalon.core.keyword.builtin.CallTestCaseKeyword</class>
      <method>callTestCase</method>
      <line>80</line>
    </frame>
    <frame>
      <class>com.kms.katalon.core.keyword.builtin.CallTestCaseKeyword</class>
      <method>execute</method>
      <line>44</line>
    </frame>
    <frame>
      <class>com.kms.katalon.core.keyword.internal.KeywordExecutor</class>
      <method>executeKeywordForPlatform</method>
      <line>53</line>
    </frame>
    <frame>
      <class>com.kms.katalon.core.keyword.BuiltinKeywords</class>
      <method>callTestCase</method>
      <line>334</line>
    </frame>
    <frame>
      <class>Slaico</class>
      <method>run</method>
      <line>28</line>
    </frame>
    <frame>
      <class>com.kms.katalon.core.main.ScriptEngine</class>
      <method>run</method>
      <line>194</line>
    </frame>
    <frame>
      <class>com.kms.katalon.core.main.ScriptEngine</class>
      <method>runScriptAsRawText</method>
      <line>119</line>
    </frame>
    <frame>
      <class>com.kms.katalon.core.main.TestCaseExecutor</class>
      <method>runScript</method>
      <line>328</line>
    </frame>
    <frame>
      <class>com.kms.katalon.core.main.TestCaseExecutor</class>
      <method>doExecute</method>
      <line>319</line>
    </frame>
    <frame>
      <class>com.kms.katalon.core.main.TestCaseExecutor</class>
      <method>processExecutionPhase</method>
      <line>298</line>
    </frame>
    <frame>
      <class>com.kms.katalon.core.main.TestCaseExecutor</class>
      <method>accessMainPhase</method>
      <line>290</line>
    </frame>
    <frame>
      <class>com.kms.katalon.core.main.TestCaseExecutor</class>
      <method>execute</method>
      <line>224</line>
    </frame>
    <frame>
      <class>com.kms.katalon.core.main.TestSuiteExecutor</class>
      <method>accessTestCaseMainPhase</method>
      <line>129</line>
    </frame>
    <frame>
      <class>com.kms.katalon.core.main.TestSuiteExecutor</class>
      <method>accessTestSuiteMainPhase</method>
      <line>112</line>
    </frame>
    <frame>
      <class>com.kms.katalon.core.main.TestSuiteExecutor</class>
      <method>execute</method>
      <line>81</line>
    </frame>
    <frame>
      <class>com.kms.katalon.core.main.TestCaseMain</class>
      <method>startTestSuite</method>
      <line>149</line>
    </frame>
    <frame>
      <class>com.kms.katalon.core.main.TestCaseMain$startTestSuite$0</class>
      <method>call</method>
    </frame>
    <frame>
      <class>TempTestSuite1551779414880</class>
      <method>run</method>
      <line>36</line>
    </frame>
  </exception>
  <nestedLevel>0</nestedLevel>
</record>
<record>
  <date>2019-03-05T17:53:48</date>
  <millis>1551779628693</millis>
  <sequence>210</sequence>
  <level>END</level>
  <class>com.kms.katalon.core.logging.XmlKeywordLogger</class>
  <method>endKeyword</method>
  <thread>1</thread>
  <message>End action : test.MobileKeywords.clickJS(findTestObject(\&amp;quot;mobileSanity/STM/STM Quote Page/radio_6 months\&amp;quot;))</message>
  <nestedLevel>1</nestedLevel>
</record>
<record>
  <date>2019-03-05T17:53:48</date>
  <millis>1551779628694</millis>
  <sequence>212</sequence>
  <logger>com.kms.katalon.core.logging.XmlKeywordLogger</logger>
  <level>ERROR</level>
  <class>com.kms.katalon.core.logging.XmlKeywordLogger</class>
  <method>logMessage</method>
  <thread>1</thread>
  <message>Test Cases/mobileWeb/_include/filter_stm FAILED.\nReason:\njava.lang.ClassNotFoundException: test.MobileKeywords\n\tat com.kms.katalon.core.main.CustomKeywordDelegatingMetaClass.getCustomKeywordClassAndSetMetaClass(CustomKeywordDelegatingMetaClass.java:98)\n\tat com.kms.katalon.core.main.CustomKeywordDelegatingMetaClass.invokeStaticMethod(CustomKeywordDelegatingMetaClass.java:44)\n\tat filter_stm.run(filter_stm:28)\n\tat com.kms.katalon.core.main.ScriptEngine.run(ScriptEngine.java:194)\n\tat com.kms.katalon.core.main.ScriptEngine.runScriptAsRawText(ScriptEngine.java:119)\n\tat com.kms.katalon.core.main.TestCaseExecutor.runScript(TestCaseExecutor.java:328)\n\tat com.kms.katalon.core.main.TestCaseExecutor.doExecute(TestCaseExecutor.java:319)\n\tat com.kms.katalon.core.main.TestCaseExecutor.processExecutionPhase(TestCaseExecutor.java:298)\n\tat com.kms.katalon.core.main.TestCaseExecutor.accessMainPhase(TestCaseExecutor.java:290)\n\tat com.kms.katalon.core.main.TestCaseExecutor.execute(TestCaseExecutor.java:224)\n\tat com.kms.katalon.core.main.TestCaseMain.runTestCase(TestCaseMain.java:106)\n\tat com.kms.katalon.core.keyword.builtin.CallTestCaseKeyword$_callTestCase_closure1.doCall(CallTestCaseKeyword.groovy:59)\n\tat com.kms.katalon.core.keyword.builtin.CallTestCaseKeyword$_callTestCase_closure1.call(CallTestCaseKeyword.groovy)\n\tat com.kms.katalon.core.keyword.internal.KeywordMain.runKeyword(KeywordMain.groovy:54)\n\tat com.kms.katalon.core.keyword.builtin.CallTestCaseKeyword.callTestCase(CallTestCaseKeyword.groovy:80)\n\tat com.kms.katalon.core.keyword.builtin.CallTestCaseKeyword.execute(CallTestCaseKeyword.groovy:44)\n\tat com.kms.katalon.core.keyword.internal.KeywordExecutor.executeKeywordForPlatform(KeywordExecutor.groovy:53)\n\tat com.kms.katalon.core.keyword.BuiltinKeywords.callTestCase(BuiltinKeywords.groovy:334)\n\tat Slaico.run(Slaico:28)\n\tat com.kms.katalon.core.main.ScriptEngine.run(ScriptEngine.java:194)\n\tat com.kms.katalon.core.main.ScriptEngine.runScriptAsRawText(ScriptEngine.java:119)\n\tat com.kms.katalon.core.main.TestCaseExecutor.runScript(TestCaseExecutor.java:328)\n\tat com.kms.katalon.core.main.TestCaseExecutor.doExecute(TestCaseExecutor.java:319)\n\tat com.kms.katalon.core.main.TestCaseExecutor.processExecutionPhase(TestCaseExecutor.java:298)\n\tat com.kms.katalon.core.main.TestCaseExecutor.accessMainPhase(TestCaseExecutor.java:290)\n\tat com.kms.katalon.core.main.TestCaseExecutor.execute(TestCaseExecutor.java:224)\n\tat com.kms.katalon.core.main.TestSuiteExecutor.accessTestCaseMainPhase(TestSuiteExecutor.java:129)\n\tat com.kms.katalon.core.main.TestSuiteExecutor.accessTestSuiteMainPhase(TestSuiteExecutor.java:112)\n\tat com.kms.katalon.core.main.TestSuiteExecutor.execute(TestSuiteExecutor.java:81)\n\tat com.kms.katalon.core.main.TestCaseMain.startTestSuite(TestCaseMain.java:149)\n\tat com.kms.katalon.core.main.TestCaseMain$startTestSuite$0.call(Unknown Source)\n\tat TempTestSuite1551779414880.run(TempTestSuite1551779414880.groovy:36)\n</message>
  <exception>
    <message>java.lang.ClassNotFoundException: test.MobileKeywords</message>
    <frame>
      <class>com.kms.katalon.core.main.CustomKeywordDelegatingMetaClass</class>
      <method>getCustomKeywordClassAndSetMetaClass</method>
      <line>98</line>
    </frame>
    <frame>
      <class>com.kms.katalon.core.main.CustomKeywordDelegatingMetaClass</class>
      <method>invokeStaticMethod</method>
      <line>44</line>
    </frame>
    <frame>
      <class>filter_stm</class>
      <method>run</method>
      <line>28</line>
    </frame>
    <frame>
      <class>com.kms.katalon.core.main.ScriptEngine</class>
      <method>run</method>
      <line>194</line>
    </frame>
    <frame>
      <class>com.kms.katalon.core.main.ScriptEngine</class>
      <method>runScriptAsRawText</method>
      <line>119</line>
    </frame>
    <frame>
      <class>com.kms.katalon.core.main.TestCaseExecutor</class>
      <method>runScript</method>
      <line>328</line>
    </frame>
    <frame>
      <class>com.kms.katalon.core.main.TestCaseExecutor</class>
      <method>doExecute</method>
      <line>319</line>
    </frame>
    <frame>
      <class>com.kms.katalon.core.main.TestCaseExecutor</class>
      <method>processExecutionPhase</method>
      <line>298</line>
    </frame>
    <frame>
      <class>com.kms.katalon.core.main.TestCaseExecutor</class>
      <method>accessMainPhase</method>
      <line>290</line>
    </frame>
    <frame>
      <class>com.kms.katalon.core.main.TestCaseExecutor</class>
      <method>execute</method>
      <line>224</line>
    </frame>
    <frame>
      <class>com.kms.katalon.core.main.TestCaseMain</class>
      <method>runTestCase</method>
      <line>106</line>
    </frame>
    <frame>
      <class>com.kms.katalon.core.keyword.builtin.CallTestCaseKeyword$_callTestCase_closure1</class>
      <method>doCall</method>
      <line>59</line>
    </frame>
    <frame>
      <class>com.kms.katalon.core.keyword.builtin.CallTestCaseKeyword$_callTestCase_closure1</class>
      <method>call</method>
    </frame>
    <frame>
      <class>com.kms.katalon.core.keyword.internal.KeywordMain</class>
      <method>runKeyword</method>
      <line>54</line>
    </frame>
    <frame>
      <class>com.kms.katalon.core.keyword.builtin.CallTestCaseKeyword</class>
      <method>callTestCase</method>
      <line>80</line>
    </frame>
    <frame>
      <class>com.kms.katalon.core.keyword.builtin.CallTestCaseKeyword</class>
      <method>execute</method>
      <line>44</line>
    </frame>
    <frame>
      <class>com.kms.katalon.core.keyword.internal.KeywordExecutor</class>
      <method>executeKeywordForPlatform</method>
      <line>53</line>
    </frame>
    <frame>
      <class>com.kms.katalon.core.keyword.BuiltinKeywords</class>
      <method>callTestCase</method>
      <line>334</line>
    </frame>
    <frame>
      <class>Slaico</class>
      <method>run</method>
      <line>28</line>
    </frame>
    <frame>
      <class>com.kms.katalon.core.main.ScriptEngine</class>
      <method>run</method>
      <line>194</line>
    </frame>
    <frame>
      <class>com.kms.katalon.core.main.ScriptEngine</class>
      <method>runScriptAsRawText</method>
      <line>119</line>
    </frame>
    <frame>
      <class>com.kms.katalon.core.main.TestCaseExecutor</class>
      <method>runScript</method>
      <line>328</line>
    </frame>
    <frame>
      <class>com.kms.katalon.core.main.TestCaseExecutor</class>
      <method>doExecute</method>
      <line>319</line>
    </frame>
    <frame>
      <class>com.kms.katalon.core.main.TestCaseExecutor</class>
      <method>processExecutionPhase</method>
      <line>298</line>
    </frame>
    <frame>
      <class>com.kms.katalon.core.main.TestCaseExecutor</class>
      <method>accessMainPhase</method>
      <line>290</line>
    </frame>
    <frame>
      <class>com.kms.katalon.core.main.TestCaseExecutor</class>
      <method>execute</method>
      <line>224</line>
    </frame>
    <frame>
      <class>com.kms.katalon.core.main.TestSuiteExecutor</class>
      <method>accessTestCaseMainPhase</method>
      <line>129</line>
    </frame>
    <frame>
      <class>com.kms.katalon.core.main.TestSuiteExecutor</class>
      <method>accessTestSuiteMainPhase</method>
      <line>112</line>
    </frame>
    <frame>
      <class>com.kms.katalon.core.main.TestSuiteExecutor</class>
      <method>execute</method>
      <line>81</line>
    </frame>
    <frame>
      <class>com.kms.katalon.core.main.TestCaseMain</class>
      <method>startTestSuite</method>
      <line>149</line>
    </frame>
    <frame>
      <class>com.kms.katalon.core.main.TestCaseMain$startTestSuite$0</class>
      <method>call</method>
    </frame>
    <frame>
      <class>TempTestSuite1551779414880</class>
      <method>run</method>
      <line>36</line>
    </frame>
  </exception>
  <nestedLevel>0</nestedLevel>
</record>
<record>
  <date>2019-03-05T17:53:48</date>
  <millis>1551779628696</millis>
  <sequence>213</sequence>
  <level>END</level>
  <class>com.kms.katalon.core.logging.XmlKeywordLogger</class>
  <method>endTest</method>
  <thread>1</thread>
  <message>End Test Case : Test Cases/mobileWeb/_include/filter_stm</message>
  <nestedLevel>1</nestedLevel>
</record>
<record>
  <date>2019-03-05T17:53:48</date>
  <millis>1551779628697</millis>
  <sequence>214</sequence>
  <level>FAILED</level>
  <class>com.kms.katalon.core.logging.XmlKeywordLogger</class>
  <method>logMessage</method>
  <thread>1</thread>
  <message>Unable to call Test Case &amp;apos;Test Cases/mobileWeb/_include/filter_stm&amp;apos; (Root cause: com.kms.katalon.core.exception.StepErrorException: Call Test Case &amp;apos;Test Cases/mobileWeb/_include/filter_stm&amp;apos; failed because of error(s))</message>
  <nestedLevel>1</nestedLevel>
</record>
<record>
  <date>2019-03-05T17:53:48</date>
  <millis>1551779628698</millis>
  <sequence>216</sequence>
  <logger>com.kms.katalon.core.logging.XmlKeywordLogger</logger>
  <level>ERROR</level>
  <class>com.kms.katalon.core.logging.XmlKeywordLogger</class>
  <method>logMessage</method>
  <thread>1</thread>
  <message>callTestCase(findTestCase(\&amp;quot;mobileWeb/_include/filter_stm\&amp;quot;), [\&amp;quot;carrier\&amp;quot;:\&amp;quot;slaico\&amp;quot;], STOP_ON_FAILURE) FAILED.\nReason:\njava.lang.ClassNotFoundException: test.MobileKeywords\n\tat com.kms.katalon.core.main.CustomKeywordDelegatingMetaClass.getCustomKeywordClassAndSetMetaClass(CustomKeywordDelegatingMetaClass.java:98)\n\tat com.kms.katalon.core.main.CustomKeywordDelegatingMetaClass.invokeStaticMethod(CustomKeywordDelegatingMetaClass.java:44)\n\tat filter_stm.run(filter_stm:28)\n\tat com.kms.katalon.core.main.ScriptEngine.run(ScriptEngine.java:194)\n\tat com.kms.katalon.core.main.ScriptEngine.runScriptAsRawText(ScriptEngine.java:119)\n\tat com.kms.katalon.core.main.TestCaseExecutor.runScript(TestCaseExecutor.java:328)\n\tat com.kms.katalon.core.main.TestCaseExecutor.doExecute(TestCaseExecutor.java:319)\n\tat com.kms.katalon.core.main.TestCaseExecutor.processExecutionPhase(TestCaseExecutor.java:298)\n\tat com.kms.katalon.core.main.TestCaseExecutor.accessMainPhase(TestCaseExecutor.java:290)\n\tat com.kms.katalon.core.main.TestCaseExecutor.execute(TestCaseExecutor.java:224)\n\tat com.kms.katalon.core.main.TestCaseMain.runTestCase(TestCaseMain.java:106)\n\tat com.kms.katalon.core.keyword.builtin.CallTestCaseKeyword$_callTestCase_closure1.doCall(CallTestCaseKeyword.groovy:59)\n\tat com.kms.katalon.core.keyword.builtin.CallTestCaseKeyword$_callTestCase_closure1.call(CallTestCaseKeyword.groovy)\n\tat com.kms.katalon.core.keyword.internal.KeywordMain.runKeyword(KeywordMain.groovy:54)\n\tat com.kms.katalon.core.keyword.builtin.CallTestCaseKeyword.callTestCase(CallTestCaseKeyword.groovy:80)\n\tat com.kms.katalon.core.keyword.builtin.CallTestCaseKeyword.execute(CallTestCaseKeyword.groovy:44)\n\tat com.kms.katalon.core.keyword.internal.KeywordExecutor.executeKeywordForPlatform(KeywordExecutor.groovy:53)\n\tat com.kms.katalon.core.keyword.BuiltinKeywords.callTestCase(BuiltinKeywords.groovy:334)\n\tat Slaico.run(Slaico:28)\n\tat com.kms.katalon.core.main.ScriptEngine.run(ScriptEngine.java:194)\n\tat com.kms.katalon.core.main.ScriptEngine.runScriptAsRawText(ScriptEngine.java:119)\n\tat com.kms.katalon.core.main.TestCaseExecutor.runScript(TestCaseExecutor.java:328)\n\tat com.kms.katalon.core.main.TestCaseExecutor.doExecute(TestCaseExecutor.java:319)\n\tat com.kms.katalon.core.main.TestCaseExecutor.processExecutionPhase(TestCaseExecutor.java:298)\n\tat com.kms.katalon.core.main.TestCaseExecutor.accessMainPhase(TestCaseExecutor.java:290)\n\tat com.kms.katalon.core.main.TestCaseExecutor.execute(TestCaseExecutor.java:224)\n\tat com.kms.katalon.core.main.TestSuiteExecutor.accessTestCaseMainPhase(TestSuiteExecutor.java:129)\n\tat com.kms.katalon.core.main.TestSuiteExecutor.accessTestSuiteMainPhase(TestSuiteExecutor.java:112)\n\tat com.kms.katalon.core.main.TestSuiteExecutor.execute(TestSuiteExecutor.java:81)\n\tat com.kms.katalon.core.main.TestCaseMain.startTestSuite(TestCaseMain.java:149)\n\tat com.kms.katalon.core.main.TestCaseMain$startTestSuite$0.call(Unknown Source)\n\tat TempTestSuite1551779414880.run(TempTestSuite1551779414880.groovy:36)\n</message>
  <exception>
    <message>java.lang.ClassNotFoundException: test.MobileKeywords</message>
    <frame>
      <class>com.kms.katalon.core.main.CustomKeywordDelegatingMetaClass</class>
      <method>getCustomKeywordClassAndSetMetaClass</method>
      <line>98</line>
    </frame>
    <frame>
      <class>com.kms.katalon.core.main.CustomKeywordDelegatingMetaClass</class>
      <method>invokeStaticMethod</method>
      <line>44</line>
    </frame>
    <frame>
      <class>filter_stm</class>
      <method>run</method>
      <line>28</line>
    </frame>
    <frame>
      <class>com.kms.katalon.core.main.ScriptEngine</class>
      <method>run</method>
      <line>194</line>
    </frame>
    <frame>
      <class>com.kms.katalon.core.main.ScriptEngine</class>
      <method>runScriptAsRawText</method>
      <line>119</line>
    </frame>
    <frame>
      <class>com.kms.katalon.core.main.TestCaseExecutor</class>
      <method>runScript</method>
      <line>328</line>
    </frame>
    <frame>
      <class>com.kms.katalon.core.main.TestCaseExecutor</class>
      <method>doExecute</method>
      <line>319</line>
    </frame>
    <frame>
      <class>com.kms.katalon.core.main.TestCaseExecutor</class>
      <method>processExecutionPhase</method>
      <line>298</line>
    </frame>
    <frame>
      <class>com.kms.katalon.core.main.TestCaseExecutor</class>
      <method>accessMainPhase</method>
      <line>290</line>
    </frame>
    <frame>
      <class>com.kms.katalon.core.main.TestCaseExecutor</class>
      <method>execute</method>
      <line>224</line>
    </frame>
    <frame>
      <class>com.kms.katalon.core.main.TestCaseMain</class>
      <method>runTestCase</method>
      <line>106</line>
    </frame>
    <frame>
      <class>com.kms.katalon.core.keyword.builtin.CallTestCaseKeyword$_callTestCase_closure1</class>
      <method>doCall</method>
      <line>59</line>
    </frame>
    <frame>
      <class>com.kms.katalon.core.keyword.builtin.CallTestCaseKeyword$_callTestCase_closure1</class>
      <method>call</method>
    </frame>
    <frame>
      <class>com.kms.katalon.core.keyword.internal.KeywordMain</class>
      <method>runKeyword</method>
      <line>54</line>
    </frame>
    <frame>
      <class>com.kms.katalon.core.keyword.builtin.CallTestCaseKeyword</class>
      <method>callTestCase</method>
      <line>80</line>
    </frame>
    <frame>
      <class>com.kms.katalon.core.keyword.builtin.CallTestCaseKeyword</class>
      <method>execute</method>
      <line>44</line>
    </frame>
    <frame>
      <class>com.kms.katalon.core.keyword.internal.KeywordExecutor</class>
      <method>executeKeywordForPlatform</method>
      <line>53</line>
    </frame>
    <frame>
      <class>com.kms.katalon.core.keyword.BuiltinKeywords</class>
      <method>callTestCase</method>
      <line>334</line>
    </frame>
    <frame>
      <class>Slaico</class>
      <method>run</method>
      <line>28</line>
    </frame>
    <frame>
      <class>com.kms.katalon.core.main.ScriptEngine</class>
      <method>run</method>
      <line>194</line>
    </frame>
    <frame>
      <class>com.kms.katalon.core.main.ScriptEngine</class>
      <method>runScriptAsRawText</method>
      <line>119</line>
    </frame>
    <frame>
      <class>com.kms.katalon.core.main.TestCaseExecutor</class>
      <method>runScript</method>
      <line>328</line>
    </frame>
    <frame>
      <class>com.kms.katalon.core.main.TestCaseExecutor</class>
      <method>doExecute</method>
      <line>319</line>
    </frame>
    <frame>
      <class>com.kms.katalon.core.main.TestCaseExecutor</class>
      <method>processExecutionPhase</method>
      <line>298</line>
    </frame>
    <frame>
      <class>com.kms.katalon.core.main.TestCaseExecutor</class>
      <method>accessMainPhase</method>
      <line>290</line>
    </frame>
    <frame>
      <class>com.kms.katalon.core.main.TestCaseExecutor</class>
      <method>execute</method>
      <line>224</line>
    </frame>
    <frame>
      <class>com.kms.katalon.core.main.TestSuiteExecutor</class>
      <method>accessTestCaseMainPhase</method>
      <line>129</line>
    </frame>
    <frame>
      <class>com.kms.katalon.core.main.TestSuiteExecutor</class>
      <method>accessTestSuiteMainPhase</method>
      <line>112</line>
    </frame>
    <frame>
      <class>com.kms.katalon.core.main.TestSuiteExecutor</class>
      <method>execute</method>
      <line>81</line>
    </frame>
    <frame>
      <class>com.kms.katalon.core.main.TestCaseMain</class>
      <method>startTestSuite</method>
      <line>149</line>
    </frame>
    <frame>
      <class>com.kms.katalon.core.main.TestCaseMain$startTestSuite$0</class>
      <method>call</method>
    </frame>
    <frame>
      <class>TempTestSuite1551779414880</class>
      <method>run</method>
      <line>36</line>
    </frame>
  </exception>
  <nestedLevel>0</nestedLevel>
</record>
<record>
  <date>2019-03-05T17:53:48</date>
  <millis>1551779628699</millis>
  <sequence>217</sequence>
  <level>END</level>
  <class>com.kms.katalon.core.logging.XmlKeywordLogger</class>
  <method>endKeyword</method>
  <thread>1</thread>
  <message>End action : callTestCase(findTestCase(\&amp;quot;mobileWeb/_include/filter_stm\&amp;quot;), [\&amp;quot;carrier\&amp;quot;:\&amp;quot;slaico\&amp;quot;], STOP_ON_FAILURE)</message>
  <nestedLevel>1</nestedLevel>
</record>
<record>
  <date>2019-03-05T17:53:48</date>
  <millis>1551779628700</millis>
  <sequence>219</sequence>
  <logger>com.kms.katalon.core.logging.XmlKeywordLogger</logger>
  <level>ERROR</level>
  <class>com.kms.katalon.core.logging.XmlKeywordLogger</class>
  <method>logMessage</method>
  <thread>1</thread>
  <message>Test Cases/mobileWeb/stm/Slaico FAILED.\nReason:\njava.lang.ClassNotFoundException: test.MobileKeywords\n\tat com.kms.katalon.core.main.CustomKeywordDelegatingMetaClass.getCustomKeywordClassAndSetMetaClass(CustomKeywordDelegatingMetaClass.java:98)\n\tat com.kms.katalon.core.main.CustomKeywordDelegatingMetaClass.invokeStaticMethod(CustomKeywordDelegatingMetaClass.java:44)\n\tat filter_stm.run(filter_stm:28)\n\tat com.kms.katalon.core.main.ScriptEngine.run(ScriptEngine.java:194)\n\tat com.kms.katalon.core.main.ScriptEngine.runScriptAsRawText(ScriptEngine.java:119)\n\tat com.kms.katalon.core.main.TestCaseExecutor.runScript(TestCaseExecutor.java:328)\n\tat com.kms.katalon.core.main.TestCaseExecutor.doExecute(TestCaseExecutor.java:319)\n\tat com.kms.katalon.core.main.TestCaseExecutor.processExecutionPhase(TestCaseExecutor.java:298)\n\tat com.kms.katalon.core.main.TestCaseExecutor.accessMainPhase(TestCaseExecutor.java:290)\n\tat com.kms.katalon.core.main.TestCaseExecutor.execute(TestCaseExecutor.java:224)\n\tat com.kms.katalon.core.main.TestCaseMain.runTestCase(TestCaseMain.java:106)\n\tat com.kms.katalon.core.keyword.builtin.CallTestCaseKeyword$_callTestCase_closure1.doCall(CallTestCaseKeyword.groovy:59)\n\tat com.kms.katalon.core.keyword.builtin.CallTestCaseKeyword$_callTestCase_closure1.call(CallTestCaseKeyword.groovy)\n\tat com.kms.katalon.core.keyword.internal.KeywordMain.runKeyword(KeywordMain.groovy:54)\n\tat com.kms.katalon.core.keyword.builtin.CallTestCaseKeyword.callTestCase(CallTestCaseKeyword.groovy:80)\n\tat com.kms.katalon.core.keyword.builtin.CallTestCaseKeyword.execute(CallTestCaseKeyword.groovy:44)\n\tat com.kms.katalon.core.keyword.internal.KeywordExecutor.executeKeywordForPlatform(KeywordExecutor.groovy:53)\n\tat com.kms.katalon.core.keyword.BuiltinKeywords.callTestCase(BuiltinKeywords.groovy:334)\n\tat Slaico.run(Slaico:28)\n\tat com.kms.katalon.core.main.ScriptEngine.run(ScriptEngine.java:194)\n\tat com.kms.katalon.core.main.ScriptEngine.runScriptAsRawText(ScriptEngine.java:119)\n\tat com.kms.katalon.core.main.TestCaseExecutor.runScript(TestCaseExecutor.java:328)\n\tat com.kms.katalon.core.main.TestCaseExecutor.doExecute(TestCaseExecutor.java:319)\n\tat com.kms.katalon.core.main.TestCaseExecutor.processExecutionPhase(TestCaseExecutor.java:298)\n\tat com.kms.katalon.core.main.TestCaseExecutor.accessMainPhase(TestCaseExecutor.java:290)\n\tat com.kms.katalon.core.main.TestCaseExecutor.execute(TestCaseExecutor.java:224)\n\tat com.kms.katalon.core.main.TestSuiteExecutor.accessTestCaseMainPhase(TestSuiteExecutor.java:129)\n\tat com.kms.katalon.core.main.TestSuiteExecutor.accessTestSuiteMainPhase(TestSuiteExecutor.java:112)\n\tat com.kms.katalon.core.main.TestSuiteExecutor.execute(TestSuiteExecutor.java:81)\n\tat com.kms.katalon.core.main.TestCaseMain.startTestSuite(TestCaseMain.java:149)\n\tat com.kms.katalon.core.main.TestCaseMain$startTestSuite$0.call(Unknown Source)\n\tat TempTestSuite1551779414880.run(TempTestSuite1551779414880.groovy:36)\n</message>
  <exception>
    <message>java.lang.ClassNotFoundException: test.MobileKeywords</message>
    <frame>
      <class>com.kms.katalon.core.main.CustomKeywordDelegatingMetaClass</class>
      <method>getCustomKeywordClassAndSetMetaClass</method>
      <line>98</line>
    </frame>
    <frame>
      <class>com.kms.katalon.core.main.CustomKeywordDelegatingMetaClass</class>
      <method>invokeStaticMethod</method>
      <line>44</line>
    </frame>
    <frame>
      <class>filter_stm</class>
      <method>run</method>
      <line>28</line>
    </frame>
    <frame>
      <class>com.kms.katalon.core.main.ScriptEngine</class>
      <method>run</method>
      <line>194</line>
    </frame>
    <frame>
      <class>com.kms.katalon.core.main.ScriptEngine</class>
      <method>runScriptAsRawText</method>
      <line>119</line>
    </frame>
    <frame>
      <class>com.kms.katalon.core.main.TestCaseExecutor</class>
      <method>runScript</method>
      <line>328</line>
    </frame>
    <frame>
      <class>com.kms.katalon.core.main.TestCaseExecutor</class>
      <method>doExecute</method>
      <line>319</line>
    </frame>
    <frame>
      <class>com.kms.katalon.core.main.TestCaseExecutor</class>
      <method>processExecutionPhase</method>
      <line>298</line>
    </frame>
    <frame>
      <class>com.kms.katalon.core.main.TestCaseExecutor</class>
      <method>accessMainPhase</method>
      <line>290</line>
    </frame>
    <frame>
      <class>com.kms.katalon.core.main.TestCaseExecutor</class>
      <method>execute</method>
      <line>224</line>
    </frame>
    <frame>
      <class>com.kms.katalon.core.main.TestCaseMain</class>
      <method>runTestCase</method>
      <line>106</line>
    </frame>
    <frame>
      <class>com.kms.katalon.core.keyword.builtin.CallTestCaseKeyword$_callTestCase_closure1</class>
      <method>doCall</method>
      <line>59</line>
    </frame>
    <frame>
      <class>com.kms.katalon.core.keyword.builtin.CallTestCaseKeyword$_callTestCase_closure1</class>
      <method>call</method>
    </frame>
    <frame>
      <class>com.kms.katalon.core.keyword.internal.KeywordMain</class>
      <method>runKeyword</method>
      <line>54</line>
    </frame>
    <frame>
      <class>com.kms.katalon.core.keyword.builtin.CallTestCaseKeyword</class>
      <method>callTestCase</method>
      <line>80</line>
    </frame>
    <frame>
      <class>com.kms.katalon.core.keyword.builtin.CallTestCaseKeyword</class>
      <method>execute</method>
      <line>44</line>
    </frame>
    <frame>
      <class>com.kms.katalon.core.keyword.internal.KeywordExecutor</class>
      <method>executeKeywordForPlatform</method>
      <line>53</line>
    </frame>
    <frame>
      <class>com.kms.katalon.core.keyword.BuiltinKeywords</class>
      <method>callTestCase</method>
      <line>334</line>
    </frame>
    <frame>
      <class>Slaico</class>
      <method>run</method>
      <line>28</line>
    </frame>
    <frame>
      <class>com.kms.katalon.core.main.ScriptEngine</class>
      <method>run</method>
      <line>194</line>
    </frame>
    <frame>
      <class>com.kms.katalon.core.main.ScriptEngine</class>
      <method>runScriptAsRawText</method>
      <line>119</line>
    </frame>
    <frame>
      <class>com.kms.katalon.core.main.TestCaseExecutor</class>
      <method>runScript</method>
      <line>328</line>
    </frame>
    <frame>
      <class>com.kms.katalon.core.main.TestCaseExecutor</class>
      <method>doExecute</method>
      <line>319</line>
    </frame>
    <frame>
      <class>com.kms.katalon.core.main.TestCaseExecutor</class>
      <method>processExecutionPhase</method>
      <line>298</line>
    </frame>
    <frame>
      <class>com.kms.katalon.core.main.TestCaseExecutor</class>
      <method>accessMainPhase</method>
      <line>290</line>
    </frame>
    <frame>
      <class>com.kms.katalon.core.main.TestCaseExecutor</class>
      <method>execute</method>
      <line>224</line>
    </frame>
    <frame>
      <class>com.kms.katalon.core.main.TestSuiteExecutor</class>
      <method>accessTestCaseMainPhase</method>
      <line>129</line>
    </frame>
    <frame>
      <class>com.kms.katalon.core.main.TestSuiteExecutor</class>
      <method>accessTestSuiteMainPhase</method>
      <line>112</line>
    </frame>
    <frame>
      <class>com.kms.katalon.core.main.TestSuiteExecutor</class>
      <method>execute</method>
      <line>81</line>
    </frame>
    <frame>
      <class>com.kms.katalon.core.main.TestCaseMain</class>
      <method>startTestSuite</method>
      <line>149</line>
    </frame>
    <frame>
      <class>com.kms.katalon.core.main.TestCaseMain$startTestSuite$0</class>
      <method>call</method>
    </frame>
    <frame>
      <class>TempTestSuite1551779414880</class>
      <method>run</method>
      <line>36</line>
    </frame>
  </exception>
  <nestedLevel>0</nestedLevel>
</record>
<record>
  <date>2019-03-05T17:53:48</date>
  <millis>1551779628701</millis>
  <sequence>220</sequence>
  <level>END</level>
  <class>com.kms.katalon.core.logging.XmlKeywordLogger</class>
  <method>endTest</method>
  <thread>1</thread>
  <message>End Test Case : Test Cases/mobileWeb/stm/Slaico</message>
  <nestedLevel>0</nestedLevel>
</record>
<record>
  <date>2019-03-05T17:53:50</date>
  <millis>1551779630859</millis>
  <sequence>221</sequence>
  <level>END</level>
  <class>com.kms.katalon.core.logging.XmlKeywordLogger</class>
  <method>endSuite</method>
  <thread>1</thread>
  <message>End Test Suite : Test Suites/mobileWeb/stm</message>
  <nestedLevel>0</nestedLevel>
</record>
</log>
