<?xml version="1.0" encoding="UTF-8" standalone="no"?>
<!DOCTYPE log SYSTEM "logger.dtd">
<log>
<record>
  <date>2018-12-20T20:55:15</date>
  <millis>1545310515969</millis>
  <sequence>0</sequence>
  <level>START</level>
  <class>com.kms.katalon.core.logging.XmlKeywordLogger</class>
  <method>startSuite</method>
  <thread>1</thread>
  <message>Start Test Suite : Test Suites/Regression/Level 1</message>
  <nestedLevel>0</nestedLevel>
  <property name="name">Level 1</property>
  <property name="description"></property>
  <property name="id">Test Suites/Regression/Level 1</property>
</record>
<record>
  <date>2018-12-20T20:55:15</date>
  <millis>1545310515987</millis>
  <sequence>1</sequence>
  <level>RUN_DATA</level>
  <class>com.kms.katalon.core.logging.XmlKeywordLogger</class>
  <method>logMessage</method>
  <thread>1</thread>
  <message>hostName = denisyu - 192.168.3.5</message>
  <nestedLevel>0</nestedLevel>
  <property name="hostName">denisyu - 192.168.3.5</property>
</record>
<record>
  <date>2018-12-20T20:55:15</date>
  <millis>1545310515988</millis>
  <sequence>2</sequence>
  <level>RUN_DATA</level>
  <class>com.kms.katalon.core.logging.XmlKeywordLogger</class>
  <method>logMessage</method>
  <thread>1</thread>
  <message>os = Mac OS X 64bit</message>
  <nestedLevel>0</nestedLevel>
  <property name="os">Mac OS X 64bit</property>
</record>
<record>
  <date>2018-12-20T20:55:15</date>
  <millis>1545310515989</millis>
  <sequence>3</sequence>
  <level>RUN_DATA</level>
  <class>com.kms.katalon.core.logging.XmlKeywordLogger</class>
  <method>logMessage</method>
  <thread>1</thread>
  <message>hostAddress = 192.168.3.5</message>
  <nestedLevel>0</nestedLevel>
  <property name="hostAddress">192.168.3.5</property>
</record>
<record>
  <date>2018-12-20T20:55:15</date>
  <millis>1545310515989</millis>
  <sequence>4</sequence>
  <level>RUN_DATA</level>
  <class>com.kms.katalon.core.logging.XmlKeywordLogger</class>
  <method>logMessage</method>
  <thread>1</thread>
  <message>katalonVersion = 5.9.1.2</message>
  <nestedLevel>0</nestedLevel>
  <property name="katalonVersion">5.9.1.2</property>
</record>
<record>
  <date>2018-12-20T20:55:16</date>
  <millis>1545310516237</millis>
  <sequence>5</sequence>
  <level>START</level>
  <class>com.kms.katalon.core.logging.XmlKeywordLogger</class>
  <method>startKeyword</method>
  <thread>1</thread>
  <message>Start setup action : setUp</message>
  <nestedLevel>0</nestedLevel>
  <property name="isIgnoredIfFailed">false</property>
</record>
<record>
  <date>2018-12-20T20:55:16</date>
  <millis>1545310516466</millis>
  <sequence>6</sequence>
  <level>PASSED</level>
  <class>com.kms.katalon.core.logging.XmlKeywordLogger</class>
  <method>logMessage</method>
  <thread>1</thread>
  <message>Method &amp;apos;setUp&amp;apos; complete successfully</message>
  <nestedLevel>0</nestedLevel>
</record>
<record>
  <date>2018-12-20T20:55:16</date>
  <millis>1545310516466</millis>
  <sequence>7</sequence>
  <level>END</level>
  <class>com.kms.katalon.core.logging.XmlKeywordLogger</class>
  <method>endKeyword</method>
  <thread>1</thread>
  <message>End End action : setUp</message>
  <nestedLevel>0</nestedLevel>
</record>
<record>
  <date>2018-12-20T20:55:16</date>
  <millis>1545310516526</millis>
  <sequence>8</sequence>
  <level>START</level>
  <class>com.kms.katalon.core.logging.XmlKeywordLogger</class>
  <method>startTest</method>
  <thread>1</thread>
  <message>Start Test Case : Test Cases/Regression/Level 1/LifeShield</message>
  <nestedLevel>1</nestedLevel>
  <property name="name">Test Cases/Regression/Level 1/LifeShield</property>
  <property name="description"></property>
  <property name="id">Test Cases/Regression/Level 1/LifeShield</property>
  <property name="source">\\Users\\denisyu\\workplace\\test\\AgileTest\\Test Cases\\Regression\\Level 1\\LifeShield.tc</property>
  <property name="isOptional">false</property>
</record>
<record>
  <date>2018-12-20T20:55:16</date>
  <millis>1545310516558</millis>
  <sequence>10</sequence>
  <level>INFO</level>
  <class>com.kms.katalon.core.logging.XmlKeywordLogger</class>
  <method>logMessage</method>
  <thread>1</thread>
  <message>zipcode = \t60002</message>
  <nestedLevel>1</nestedLevel>
</record>
<record>
  <date>2018-12-20T20:55:16</date>
  <millis>1545310516558</millis>
  <sequence>11</sequence>
  <level>INFO</level>
  <class>com.kms.katalon.core.logging.XmlKeywordLogger</class>
  <method>logMessage</method>
  <thread>1</thread>
  <message>effectiveDate = 2019/1/10</message>
  <nestedLevel>1</nestedLevel>
</record>
<record>
  <date>2018-12-20T20:55:16</date>
  <millis>1545310516558</millis>
  <sequence>12</sequence>
  <level>INFO</level>
  <class>com.kms.katalon.core.logging.XmlKeywordLogger</class>
  <method>logMessage</method>
  <thread>1</thread>
  <message>dob = 02/10/1980</message>
  <nestedLevel>1</nestedLevel>
</record>
<record>
  <date>2018-12-20T20:55:16</date>
  <millis>1545310516561</millis>
  <sequence>13</sequence>
  <level>INFO</level>
  <class>com.kms.katalon.core.logging.XmlKeywordLogger</class>
  <method>logMessage</method>
  <thread>1</thread>
  <message>ENV = https://praetemptatus.agilehealthinsurance.com</message>
  <nestedLevel>1</nestedLevel>
</record>
<record>
  <date>2018-12-20T20:55:17</date>
  <millis>1545310517198</millis>
  <sequence>14</sequence>
  <level>START</level>
  <class>com.kms.katalon.core.logging.XmlKeywordLogger</class>
  <method>startKeyword</method>
  <thread>1</thread>
  <message>Start action : fastQuoteUrl = ENV + \&amp;quot;/term-health-insurance/quote?partners=1&amp;amp;redirect=1&amp;amp;utm_source=mediaalpha&amp;amp;utm_medium=ppc&amp;amp;utm_campaign=stm_quote&amp;amp;census[location][zip]=\&amp;quot; + zipcode + \&amp;quot;&amp;amp;census[effective]=\&amp;quot; + effectiveDate + \&amp;quot;&amp;amp;census[member][0][role]=P&amp;amp;census[member][0][gender]=F&amp;amp;census[member][0][dob]=\&amp;quot; + dob</message>
  <nestedLevel>1</nestedLevel>
  <property name="startLine">33</property>
  <property name="stepIndex">1</property>
</record>
<record>
  <date>2018-12-20T20:55:17</date>
  <millis>1545310517216</millis>
  <sequence>15</sequence>
  <level>END</level>
  <class>com.kms.katalon.core.logging.XmlKeywordLogger</class>
  <method>endKeyword</method>
  <thread>1</thread>
  <message>End action : fastQuoteUrl = ENV + \&amp;quot;/term-health-insurance/quote?partners=1&amp;amp;redirect=1&amp;amp;utm_source=mediaalpha&amp;amp;utm_medium=ppc&amp;amp;utm_campaign=stm_quote&amp;amp;census[location][zip]=\&amp;quot; + zipcode + \&amp;quot;&amp;amp;census[effective]=\&amp;quot; + effectiveDate + \&amp;quot;&amp;amp;census[member][0][role]=P&amp;amp;census[member][0][gender]=F&amp;amp;census[member][0][dob]=\&amp;quot; + dob</message>
  <nestedLevel>1</nestedLevel>
</record>
<record>
  <date>2018-12-20T20:55:17</date>
  <millis>1545310517216</millis>
  <sequence>16</sequence>
  <level>START</level>
  <class>com.kms.katalon.core.logging.XmlKeywordLogger</class>
  <method>startKeyword</method>
  <thread>1</thread>
  <message>Start action : println(fastQuoteUrl)</message>
  <nestedLevel>1</nestedLevel>
  <property name="startLine">36</property>
  <property name="stepIndex">2</property>
</record>
<record>
  <date>2018-12-20T20:55:17</date>
  <millis>1545310517237</millis>
  <sequence>17</sequence>
  <level>END</level>
  <class>com.kms.katalon.core.logging.XmlKeywordLogger</class>
  <method>endKeyword</method>
  <thread>1</thread>
  <message>End action : println(fastQuoteUrl)</message>
  <nestedLevel>1</nestedLevel>
</record>
<record>
  <date>2018-12-20T20:55:17</date>
  <millis>1545310517237</millis>
  <sequence>18</sequence>
  <level>START</level>
  <class>com.kms.katalon.core.logging.XmlKeywordLogger</class>
  <method>startKeyword</method>
  <thread>1</thread>
  <message>Start action : openBrowser(fastQuoteUrl)</message>
  <nestedLevel>1</nestedLevel>
  <property name="startLine">38</property>
  <property name="stepIndex">3</property>
</record>
<record>
  <date>2018-12-20T20:55:17</date>
  <millis>1545310517553</millis>
  <sequence>20</sequence>
  <level>INFO</level>
  <class>com.kms.katalon.core.logging.XmlKeywordLogger</class>
  <method>logMessage</method>
  <thread>1</thread>
  <message>Starting &amp;apos;Android&amp;apos; driver</message>
  <nestedLevel>1</nestedLevel>
</record>
<record>
  <date>2018-12-20T20:55:21</date>
  <millis>1545310521548</millis>
  <sequence>21</sequence>
  <level>INFO</level>
  <class>com.kms.katalon.core.logging.XmlKeywordLogger</class>
  <method>logMessage</method>
  <thread>1</thread>
  <message>Appium server started on port 65,279</message>
  <nestedLevel>1</nestedLevel>
</record>
<record>
  <date>2018-12-20T20:55:45</date>
  <millis>1545310545569</millis>
  <sequence>23</sequence>
  <level>RUN_DATA</level>
  <class>com.kms.katalon.core.logging.XmlKeywordLogger</class>
  <method>logMessage</method>
  <thread>1</thread>
  <message>appiumVersion = 1.10.0</message>
  <nestedLevel>1</nestedLevel>
  <property name="appiumVersion">1.10.0</property>
</record>
<record>
  <date>2018-12-20T20:55:45</date>
  <millis>1545310545602</millis>
  <sequence>24</sequence>
  <level>RUN_DATA</level>
  <class>com.kms.katalon.core.logging.XmlKeywordLogger</class>
  <method>logMessage</method>
  <thread>1</thread>
  <message>deviceId = 69T7N15915029735</message>
  <nestedLevel>1</nestedLevel>
  <property name="deviceId">69T7N15915029735</property>
</record>
<record>
  <date>2018-12-20T20:55:45</date>
  <millis>1545310545603</millis>
  <sequence>25</sequence>
  <level>RUN_DATA</level>
  <class>com.kms.katalon.core.logging.XmlKeywordLogger</class>
  <method>logMessage</method>
  <thread>1</thread>
  <message>deviceName = HUAWEI ATH-AL00 (Android 6.0.1)</message>
  <nestedLevel>1</nestedLevel>
  <property name="deviceName">HUAWEI ATH-AL00 (Android 6.0.1)</property>
</record>
<record>
  <date>2018-12-20T20:55:45</date>
  <millis>1545310545604</millis>
  <sequence>26</sequence>
  <level>RUN_DATA</level>
  <class>com.kms.katalon.core.logging.XmlKeywordLogger</class>
  <method>logMessage</method>
  <thread>1</thread>
  <message>deviceModel = ATH-AL00</message>
  <nestedLevel>1</nestedLevel>
  <property name="deviceModel">ATH-AL00</property>
</record>
<record>
  <date>2018-12-20T20:55:45</date>
  <millis>1545310545604</millis>
  <sequence>27</sequence>
  <level>RUN_DATA</level>
  <class>com.kms.katalon.core.logging.XmlKeywordLogger</class>
  <method>logMessage</method>
  <thread>1</thread>
  <message>deviceManufacturer = HUAWEI</message>
  <nestedLevel>1</nestedLevel>
  <property name="deviceManufacturer">HUAWEI</property>
</record>
<record>
  <date>2018-12-20T20:55:45</date>
  <millis>1545310545604</millis>
  <sequence>28</sequence>
  <level>RUN_DATA</level>
  <class>com.kms.katalon.core.logging.XmlKeywordLogger</class>
  <method>logMessage</method>
  <thread>1</thread>
  <message>deviceOS = Android</message>
  <nestedLevel>1</nestedLevel>
  <property name="deviceOS">Android</property>
</record>
<record>
  <date>2018-12-20T20:55:45</date>
  <millis>1545310545605</millis>
  <sequence>29</sequence>
  <level>RUN_DATA</level>
  <class>com.kms.katalon.core.logging.XmlKeywordLogger</class>
  <method>logMessage</method>
  <thread>1</thread>
  <message>deviceOSVersion = 6.0.1</message>
  <nestedLevel>1</nestedLevel>
  <property name="deviceOSVersion">6.0.1</property>
</record>
<record>
  <date>2018-12-20T20:55:45</date>
  <millis>1545310545643</millis>
  <sequence>30</sequence>
  <level>RUN_DATA</level>
  <class>com.kms.katalon.core.logging.XmlKeywordLogger</class>
  <method>logMessage</method>
  <thread>1</thread>
  <message>sessionId = 8c6979a3-58c2-4eca-b40a-bd7ed8001076</message>
  <nestedLevel>1</nestedLevel>
  <property name="sessionId">8c6979a3-58c2-4eca-b40a-bd7ed8001076</property>
</record>
<record>
  <date>2018-12-20T20:55:46</date>
  <millis>1545310546095</millis>
  <sequence>31</sequence>
  <level>RUN_DATA</level>
  <class>com.kms.katalon.core.logging.XmlKeywordLogger</class>
  <method>logMessage</method>
  <thread>1</thread>
  <message>browser = Chrome 70.0.3538.80</message>
  <nestedLevel>1</nestedLevel>
  <property name="browser">Chrome 70.0.3538.80</property>
</record>
<record>
  <date>2018-12-20T20:55:46</date>
  <millis>1545310546095</millis>
  <sequence>32</sequence>
  <level>RUN_DATA</level>
  <class>com.kms.katalon.core.logging.XmlKeywordLogger</class>
  <method>logMessage</method>
  <thread>1</thread>
  <message>platform = Mac OS X</message>
  <nestedLevel>1</nestedLevel>
  <property name="platform">Mac OS X</property>
</record>
<record>
  <date>2018-12-20T20:55:46</date>
  <millis>1545310546099</millis>
  <sequence>33</sequence>
  <level>RUN_DATA</level>
  <class>com.kms.katalon.core.logging.XmlKeywordLogger</class>
  <method>logMessage</method>
  <thread>1</thread>
  <message>seleniumVersion = 3.7.1</message>
  <nestedLevel>1</nestedLevel>
  <property name="seleniumVersion">3.7.1</property>
</record>
<record>
  <date>2018-12-20T20:55:46</date>
  <millis>1545310546100</millis>
  <sequence>34</sequence>
  <level>RUN_DATA</level>
  <class>com.kms.katalon.core.logging.XmlKeywordLogger</class>
  <method>logMessage</method>
  <thread>1</thread>
  <message>proxyInformation = ProxyInformation{proxyOption=NO_PROXY, proxyServerType=HTTP, password=, proxyServerAddress=, proxyServerPort=0}</message>
  <nestedLevel>1</nestedLevel>
  <property name="proxyInformation">ProxyInformation{proxyOption=NO_PROXY, proxyServerType=HTTP, password=, proxyServerAddress=, proxyServerPort=0}</property>
</record>
<record>
  <date>2018-12-20T20:56:08</date>
  <millis>1545310568753</millis>
  <sequence>36</sequence>
  <level>PASSED</level>
  <class>com.kms.katalon.core.logging.XmlKeywordLogger</class>
  <method>logMessage</method>
  <thread>1</thread>
  <message>Browser is opened with url: &amp;apos;https://praetemptatus.agilehealthinsurance.com/term-health-insurance/quote?partners=1&amp;amp;redirect=1&amp;amp;utm_source=mediaalpha&amp;amp;utm_medium=ppc&amp;amp;utm_campaign=stm_quote&amp;amp;census[location][zip]=\t60002&amp;amp;census[effective]=2019/1/10&amp;amp;census[member][0][role]=P&amp;amp;census[member][0][gender]=F&amp;amp;census[member][0][dob]=02/10/1980&amp;apos;</message>
  <nestedLevel>1</nestedLevel>
</record>
<record>
  <date>2018-12-20T20:56:08</date>
  <millis>1545310568755</millis>
  <sequence>37</sequence>
  <level>END</level>
  <class>com.kms.katalon.core.logging.XmlKeywordLogger</class>
  <method>endKeyword</method>
  <thread>1</thread>
  <message>End action : openBrowser(fastQuoteUrl)</message>
  <nestedLevel>1</nestedLevel>
</record>
<record>
  <date>2018-12-20T20:56:08</date>
  <millis>1545310568755</millis>
  <sequence>38</sequence>
  <level>START</level>
  <class>com.kms.katalon.core.logging.XmlKeywordLogger</class>
  <method>startKeyword</method>
  <thread>1</thread>
  <message>Start action : driver = getWebDriver()</message>
  <nestedLevel>1</nestedLevel>
  <property name="startLine">40</property>
  <property name="stepIndex">4</property>
</record>
<record>
  <date>2018-12-20T20:56:08</date>
  <millis>1545310568763</millis>
  <sequence>39</sequence>
  <level>END</level>
  <class>com.kms.katalon.core.logging.XmlKeywordLogger</class>
  <method>endKeyword</method>
  <thread>1</thread>
  <message>End action : driver = getWebDriver()</message>
  <nestedLevel>1</nestedLevel>
</record>
<record>
  <date>2018-12-20T20:56:08</date>
  <millis>1545310568764</millis>
  <sequence>40</sequence>
  <level>START</level>
  <class>com.kms.katalon.core.logging.XmlKeywordLogger</class>
  <method>startKeyword</method>
  <thread>1</thread>
  <message>Start action : selenium = new com.thoughtworks.selenium.webdriven.WebDriverBackedSelenium(driver, fastQuoteUrl)</message>
  <nestedLevel>1</nestedLevel>
  <property name="startLine">42</property>
  <property name="stepIndex">5</property>
</record>
<record>
  <date>2018-12-20T20:56:08</date>
  <millis>1545310568870</millis>
  <sequence>41</sequence>
  <level>END</level>
  <class>com.kms.katalon.core.logging.XmlKeywordLogger</class>
  <method>endKeyword</method>
  <thread>1</thread>
  <message>End action : selenium = new com.thoughtworks.selenium.webdriven.WebDriverBackedSelenium(driver, fastQuoteUrl)</message>
  <nestedLevel>1</nestedLevel>
</record>
<record>
  <date>2018-12-20T20:56:08</date>
  <millis>1545310568870</millis>
  <sequence>42</sequence>
  <level>START</level>
  <class>com.kms.katalon.core.logging.XmlKeywordLogger</class>
  <method>startKeyword</method>
  <thread>1</thread>
  <message>Start action : Thread.sleep(6000)</message>
  <nestedLevel>1</nestedLevel>
  <property name="startLine">44</property>
  <property name="stepIndex">6</property>
</record>
<record>
  <date>2018-12-20T20:56:14</date>
  <millis>1545310574876</millis>
  <sequence>43</sequence>
  <level>END</level>
  <class>com.kms.katalon.core.logging.XmlKeywordLogger</class>
  <method>endKeyword</method>
  <thread>1</thread>
  <message>End action : Thread.sleep(6000)</message>
  <nestedLevel>1</nestedLevel>
</record>
<record>
  <date>2018-12-20T20:56:14</date>
  <millis>1545310574877</millis>
  <sequence>44</sequence>
  <level>START</level>
  <class>com.kms.katalon.core.logging.XmlKeywordLogger</class>
  <method>startKeyword</method>
  <thread>1</thread>
  <message>Start action : selenium.click(\&amp;quot;//a[contains(text(),&amp;apos;LifeShield Flex 5K/20/9K/750K Extended&amp;apos;)]\&amp;quot;)</message>
  <nestedLevel>1</nestedLevel>
  <property name="startLine">45</property>
  <property name="stepIndex">7</property>
</record>
<record>
  <date>2018-12-20T20:56:16</date>
  <millis>1545310576609</millis>
  <sequence>47</sequence>
  <logger>com.kms.katalon.core.logging.XmlKeywordLogger</logger>
  <level>ERROR</level>
  <class>com.kms.katalon.core.logging.XmlKeywordLogger</class>
  <method>logMessage</method>
  <thread>1</thread>
  <message>selenium.click(\&amp;quot;//a[contains(text(),&amp;apos;LifeShield Flex 5K/20/9K/750K Extended&amp;apos;)]\&amp;quot;) FAILED.\nReason:\ncom.thoughtworks.selenium.SeleniumException: Element //a[contains(text(),&amp;apos;LifeShield Flex 5K/20/9K/750K Extended&amp;apos;)] not found\n\tat com.thoughtworks.selenium.webdriven.ElementFinder.findElement(ElementFinder.java:93)\n\tat com.thoughtworks.selenium.webdriven.commands.Click.handleSeleneseCommand(Click.java:39)\n\tat com.thoughtworks.selenium.webdriven.commands.Click.handleSeleneseCommand(Click.java:26)\n\tat com.thoughtworks.selenium.webdriven.SeleneseCommand.apply(SeleneseCommand.java:36)\n\tat com.thoughtworks.selenium.webdriven.Timer.run(Timer.java:41)\n\tat com.thoughtworks.selenium.webdriven.WebDriverCommandProcessor.execute(WebDriverCommandProcessor.java:150)\n\tat com.thoughtworks.selenium.webdriven.WebDriverCommandProcessor.doCommand(WebDriverCommandProcessor.java:76)\n\tat com.thoughtworks.selenium.DefaultSelenium.click(DefaultSelenium.java:198)\n\tat com.thoughtworks.selenium.Selenium$click.call(Unknown Source)\n\tat LifeShield.run(LifeShield:45)\n\tat com.kms.katalon.core.main.ScriptEngine.run(ScriptEngine.java:194)\n\tat com.kms.katalon.core.main.ScriptEngine.runScriptAsRawText(ScriptEngine.java:119)\n\tat com.kms.katalon.core.main.TestCaseExecutor.runScript(TestCaseExecutor.java:321)\n\tat com.kms.katalon.core.main.TestCaseExecutor.doExecute(TestCaseExecutor.java:312)\n\tat com.kms.katalon.core.main.TestCaseExecutor.processExecutionPhase(TestCaseExecutor.java:291)\n\tat com.kms.katalon.core.main.TestCaseExecutor.accessMainPhase(TestCaseExecutor.java:283)\n\tat com.kms.katalon.core.main.TestCaseExecutor.execute(TestCaseExecutor.java:222)\n\tat com.kms.katalon.core.main.TestSuiteExecutor.accessTestCaseMainPhase(TestSuiteExecutor.java:129)\n\tat com.kms.katalon.core.main.TestSuiteExecutor.accessTestSuiteMainPhase(TestSuiteExecutor.java:112)\n\tat com.kms.katalon.core.main.TestSuiteExecutor.execute(TestSuiteExecutor.java:81)\n\tat com.kms.katalon.core.main.TestCaseMain.startTestSuite(TestCaseMain.java:149)\n\tat com.kms.katalon.core.main.TestCaseMain$startTestSuite$0.call(Unknown Source)\n\tat TempTestSuite1545310513731.run(TempTestSuite1545310513731.groovy:36)\nCaused by: org.openqa.selenium.NoSuchElementException: Cannot find an element with the xpath: //a[contains(text(),&amp;apos;LifeShield Flex 5K/20/9K/750K Extended&amp;apos;)]\nFor documentation on this error, please visit: http://seleniumhq.org/exceptions/no_such_element.html\nBuild info: version: &amp;apos;3.7.1&amp;apos;, revision: &amp;apos;8a0099a&amp;apos;, time: &amp;apos;2017-11-06T21:07:36.161Z&amp;apos;\nSystem info: host: &amp;apos;Deniss-MacBook-Pro.local&amp;apos;, ip: &amp;apos;fe80:0:0:0:89b:99c1:a9a:18b%en0&amp;apos;, os.name: &amp;apos;Mac OS X&amp;apos;, os.arch: &amp;apos;x86_64&amp;apos;, os.version: &amp;apos;10.14.1&amp;apos;, java.version: &amp;apos;1.8.0_181&amp;apos;\nDriver info: driver.version: unknown\n\tat com.thoughtworks.selenium.webdriven.ElementFinder.xpathWizardry(ElementFinder.java:143)\n\tat com.thoughtworks.selenium.webdriven.ElementFinder.findElementDirectlyIfNecessary(ElementFinder.java:117)\n\tat com.thoughtworks.selenium.webdriven.ElementFinder.findElement(ElementFinder.java:87)\n\tat com.thoughtworks.selenium.webdriven.commands.Click.handleSeleneseCommand(Click.java:39)\n\tat com.thoughtworks.selenium.webdriven.commands.Click.handleSeleneseCommand(Click.java:26)\n\tat com.thoughtworks.selenium.webdriven.SeleneseCommand.apply(SeleneseCommand.java:36)\n\tat com.thoughtworks.selenium.webdriven.Timer.run(Timer.java:41)\n\tat com.thoughtworks.selenium.webdriven.WebDriverCommandProcessor.execute(WebDriverCommandProcessor.java:150)\n\tat com.thoughtworks.selenium.webdriven.WebDriverCommandProcessor.doCommand(WebDriverCommandProcessor.java:76)\n\tat com.thoughtworks.selenium.DefaultSelenium.click(DefaultSelenium.java:198)\n\tat com.thoughtworks.selenium.Selenium$click.call(Unknown Source)\n\tat Script1544688430759.run(Script1544688430759.groovy:45)\n\t... 13 more\n</message>
  <exception>
    <message>com.thoughtworks.selenium.SeleniumException: Element //a[contains(text(),'LifeShield Flex 5K/20/9K/750K Extended')] not found</message>
    <frame>
      <class>com.thoughtworks.selenium.webdriven.ElementFinder</class>
      <method>findElement</method>
      <line>93</line>
    </frame>
    <frame>
      <class>com.thoughtworks.selenium.webdriven.commands.Click</class>
      <method>handleSeleneseCommand</method>
      <line>39</line>
    </frame>
    <frame>
      <class>com.thoughtworks.selenium.webdriven.commands.Click</class>
      <method>handleSeleneseCommand</method>
      <line>26</line>
    </frame>
    <frame>
      <class>com.thoughtworks.selenium.webdriven.SeleneseCommand</class>
      <method>apply</method>
      <line>36</line>
    </frame>
    <frame>
      <class>com.thoughtworks.selenium.webdriven.Timer</class>
      <method>run</method>
      <line>41</line>
    </frame>
    <frame>
      <class>com.thoughtworks.selenium.webdriven.WebDriverCommandProcessor</class>
      <method>execute</method>
      <line>150</line>
    </frame>
    <frame>
      <class>com.thoughtworks.selenium.webdriven.WebDriverCommandProcessor</class>
      <method>doCommand</method>
      <line>76</line>
    </frame>
    <frame>
      <class>com.thoughtworks.selenium.DefaultSelenium</class>
      <method>click</method>
      <line>198</line>
    </frame>
    <frame>
      <class>com.thoughtworks.selenium.Selenium$click</class>
      <method>call</method>
    </frame>
    <frame>
      <class>LifeShield</class>
      <method>run</method>
      <line>45</line>
    </frame>
    <frame>
      <class>com.kms.katalon.core.main.ScriptEngine</class>
      <method>run</method>
      <line>194</line>
    </frame>
    <frame>
      <class>com.kms.katalon.core.main.ScriptEngine</class>
      <method>runScriptAsRawText</method>
      <line>119</line>
    </frame>
    <frame>
      <class>com.kms.katalon.core.main.TestCaseExecutor</class>
      <method>runScript</method>
      <line>321</line>
    </frame>
    <frame>
      <class>com.kms.katalon.core.main.TestCaseExecutor</class>
      <method>doExecute</method>
      <line>312</line>
    </frame>
    <frame>
      <class>com.kms.katalon.core.main.TestCaseExecutor</class>
      <method>processExecutionPhase</method>
      <line>291</line>
    </frame>
    <frame>
      <class>com.kms.katalon.core.main.TestCaseExecutor</class>
      <method>accessMainPhase</method>
      <line>283</line>
    </frame>
    <frame>
      <class>com.kms.katalon.core.main.TestCaseExecutor</class>
      <method>execute</method>
      <line>222</line>
    </frame>
    <frame>
      <class>com.kms.katalon.core.main.TestSuiteExecutor</class>
      <method>accessTestCaseMainPhase</method>
      <line>129</line>
    </frame>
    <frame>
      <class>com.kms.katalon.core.main.TestSuiteExecutor</class>
      <method>accessTestSuiteMainPhase</method>
      <line>112</line>
    </frame>
    <frame>
      <class>com.kms.katalon.core.main.TestSuiteExecutor</class>
      <method>execute</method>
      <line>81</line>
    </frame>
    <frame>
      <class>com.kms.katalon.core.main.TestCaseMain</class>
      <method>startTestSuite</method>
      <line>149</line>
    </frame>
    <frame>
      <class>com.kms.katalon.core.main.TestCaseMain$startTestSuite$0</class>
      <method>call</method>
    </frame>
    <frame>
      <class>TempTestSuite1545310513731</class>
      <method>run</method>
      <line>36</line>
    </frame>
  </exception>
  <nestedLevel>0</nestedLevel>
</record>
<record>
  <date>2018-12-20T20:56:16</date>
  <millis>1545310576610</millis>
  <sequence>48</sequence>
  <level>END</level>
  <class>com.kms.katalon.core.logging.XmlKeywordLogger</class>
  <method>endKeyword</method>
  <thread>1</thread>
  <message>End action : selenium.click(\&amp;quot;//a[contains(text(),&amp;apos;LifeShield Flex 5K/20/9K/750K Extended&amp;apos;)]\&amp;quot;)</message>
  <nestedLevel>1</nestedLevel>
</record>
<record>
  <date>2018-12-20T20:56:16</date>
  <millis>1545310576612</millis>
  <sequence>51</sequence>
  <logger>com.kms.katalon.core.logging.XmlKeywordLogger</logger>
  <level>ERROR</level>
  <class>com.kms.katalon.core.logging.XmlKeywordLogger</class>
  <method>logMessage</method>
  <thread>1</thread>
  <message>Test Cases/Regression/Level 1/LifeShield FAILED.\nReason:\ncom.thoughtworks.selenium.SeleniumException: Element //a[contains(text(),&amp;apos;LifeShield Flex 5K/20/9K/750K Extended&amp;apos;)] not found\n\tat com.thoughtworks.selenium.webdriven.ElementFinder.findElement(ElementFinder.java:93)\n\tat com.thoughtworks.selenium.webdriven.commands.Click.handleSeleneseCommand(Click.java:39)\n\tat com.thoughtworks.selenium.webdriven.commands.Click.handleSeleneseCommand(Click.java:26)\n\tat com.thoughtworks.selenium.webdriven.SeleneseCommand.apply(SeleneseCommand.java:36)\n\tat com.thoughtworks.selenium.webdriven.Timer.run(Timer.java:41)\n\tat com.thoughtworks.selenium.webdriven.WebDriverCommandProcessor.execute(WebDriverCommandProcessor.java:150)\n\tat com.thoughtworks.selenium.webdriven.WebDriverCommandProcessor.doCommand(WebDriverCommandProcessor.java:76)\n\tat com.thoughtworks.selenium.DefaultSelenium.click(DefaultSelenium.java:198)\n\tat com.thoughtworks.selenium.Selenium$click.call(Unknown Source)\n\tat LifeShield.run(LifeShield:45)\n\tat com.kms.katalon.core.main.ScriptEngine.run(ScriptEngine.java:194)\n\tat com.kms.katalon.core.main.ScriptEngine.runScriptAsRawText(ScriptEngine.java:119)\n\tat com.kms.katalon.core.main.TestCaseExecutor.runScript(TestCaseExecutor.java:321)\n\tat com.kms.katalon.core.main.TestCaseExecutor.doExecute(TestCaseExecutor.java:312)\n\tat com.kms.katalon.core.main.TestCaseExecutor.processExecutionPhase(TestCaseExecutor.java:291)\n\tat com.kms.katalon.core.main.TestCaseExecutor.accessMainPhase(TestCaseExecutor.java:283)\n\tat com.kms.katalon.core.main.TestCaseExecutor.execute(TestCaseExecutor.java:222)\n\tat com.kms.katalon.core.main.TestSuiteExecutor.accessTestCaseMainPhase(TestSuiteExecutor.java:129)\n\tat com.kms.katalon.core.main.TestSuiteExecutor.accessTestSuiteMainPhase(TestSuiteExecutor.java:112)\n\tat com.kms.katalon.core.main.TestSuiteExecutor.execute(TestSuiteExecutor.java:81)\n\tat com.kms.katalon.core.main.TestCaseMain.startTestSuite(TestCaseMain.java:149)\n\tat com.kms.katalon.core.main.TestCaseMain$startTestSuite$0.call(Unknown Source)\n\tat TempTestSuite1545310513731.run(TempTestSuite1545310513731.groovy:36)\nCaused by: org.openqa.selenium.NoSuchElementException: Cannot find an element with the xpath: //a[contains(text(),&amp;apos;LifeShield Flex 5K/20/9K/750K Extended&amp;apos;)]\nFor documentation on this error, please visit: http://seleniumhq.org/exceptions/no_such_element.html\nBuild info: version: &amp;apos;3.7.1&amp;apos;, revision: &amp;apos;8a0099a&amp;apos;, time: &amp;apos;2017-11-06T21:07:36.161Z&amp;apos;\nSystem info: host: &amp;apos;Deniss-MacBook-Pro.local&amp;apos;, ip: &amp;apos;fe80:0:0:0:89b:99c1:a9a:18b%en0&amp;apos;, os.name: &amp;apos;Mac OS X&amp;apos;, os.arch: &amp;apos;x86_64&amp;apos;, os.version: &amp;apos;10.14.1&amp;apos;, java.version: &amp;apos;1.8.0_181&amp;apos;\nDriver info: driver.version: unknown\n\tat com.thoughtworks.selenium.webdriven.ElementFinder.xpathWizardry(ElementFinder.java:143)\n\tat com.thoughtworks.selenium.webdriven.ElementFinder.findElementDirectlyIfNecessary(ElementFinder.java:117)\n\tat com.thoughtworks.selenium.webdriven.ElementFinder.findElement(ElementFinder.java:87)\n\tat com.thoughtworks.selenium.webdriven.commands.Click.handleSeleneseCommand(Click.java:39)\n\tat com.thoughtworks.selenium.webdriven.commands.Click.handleSeleneseCommand(Click.java:26)\n\tat com.thoughtworks.selenium.webdriven.SeleneseCommand.apply(SeleneseCommand.java:36)\n\tat com.thoughtworks.selenium.webdriven.Timer.run(Timer.java:41)\n\tat com.thoughtworks.selenium.webdriven.WebDriverCommandProcessor.execute(WebDriverCommandProcessor.java:150)\n\tat com.thoughtworks.selenium.webdriven.WebDriverCommandProcessor.doCommand(WebDriverCommandProcessor.java:76)\n\tat com.thoughtworks.selenium.DefaultSelenium.click(DefaultSelenium.java:198)\n\tat com.thoughtworks.selenium.Selenium$click.call(Unknown Source)\n\tat Script1544688430759.run(Script1544688430759.groovy:45)\n\t... 13 more\n</message>
  <exception>
    <message>com.thoughtworks.selenium.SeleniumException: Element //a[contains(text(),'LifeShield Flex 5K/20/9K/750K Extended')] not found</message>
    <frame>
      <class>com.thoughtworks.selenium.webdriven.ElementFinder</class>
      <method>findElement</method>
      <line>93</line>
    </frame>
    <frame>
      <class>com.thoughtworks.selenium.webdriven.commands.Click</class>
      <method>handleSeleneseCommand</method>
      <line>39</line>
    </frame>
    <frame>
      <class>com.thoughtworks.selenium.webdriven.commands.Click</class>
      <method>handleSeleneseCommand</method>
      <line>26</line>
    </frame>
    <frame>
      <class>com.thoughtworks.selenium.webdriven.SeleneseCommand</class>
      <method>apply</method>
      <line>36</line>
    </frame>
    <frame>
      <class>com.thoughtworks.selenium.webdriven.Timer</class>
      <method>run</method>
      <line>41</line>
    </frame>
    <frame>
      <class>com.thoughtworks.selenium.webdriven.WebDriverCommandProcessor</class>
      <method>execute</method>
      <line>150</line>
    </frame>
    <frame>
      <class>com.thoughtworks.selenium.webdriven.WebDriverCommandProcessor</class>
      <method>doCommand</method>
      <line>76</line>
    </frame>
    <frame>
      <class>com.thoughtworks.selenium.DefaultSelenium</class>
      <method>click</method>
      <line>198</line>
    </frame>
    <frame>
      <class>com.thoughtworks.selenium.Selenium$click</class>
      <method>call</method>
    </frame>
    <frame>
      <class>LifeShield</class>
      <method>run</method>
      <line>45</line>
    </frame>
    <frame>
      <class>com.kms.katalon.core.main.ScriptEngine</class>
      <method>run</method>
      <line>194</line>
    </frame>
    <frame>
      <class>com.kms.katalon.core.main.ScriptEngine</class>
      <method>runScriptAsRawText</method>
      <line>119</line>
    </frame>
    <frame>
      <class>com.kms.katalon.core.main.TestCaseExecutor</class>
      <method>runScript</method>
      <line>321</line>
    </frame>
    <frame>
      <class>com.kms.katalon.core.main.TestCaseExecutor</class>
      <method>doExecute</method>
      <line>312</line>
    </frame>
    <frame>
      <class>com.kms.katalon.core.main.TestCaseExecutor</class>
      <method>processExecutionPhase</method>
      <line>291</line>
    </frame>
    <frame>
      <class>com.kms.katalon.core.main.TestCaseExecutor</class>
      <method>accessMainPhase</method>
      <line>283</line>
    </frame>
    <frame>
      <class>com.kms.katalon.core.main.TestCaseExecutor</class>
      <method>execute</method>
      <line>222</line>
    </frame>
    <frame>
      <class>com.kms.katalon.core.main.TestSuiteExecutor</class>
      <method>accessTestCaseMainPhase</method>
      <line>129</line>
    </frame>
    <frame>
      <class>com.kms.katalon.core.main.TestSuiteExecutor</class>
      <method>accessTestSuiteMainPhase</method>
      <line>112</line>
    </frame>
    <frame>
      <class>com.kms.katalon.core.main.TestSuiteExecutor</class>
      <method>execute</method>
      <line>81</line>
    </frame>
    <frame>
      <class>com.kms.katalon.core.main.TestCaseMain</class>
      <method>startTestSuite</method>
      <line>149</line>
    </frame>
    <frame>
      <class>com.kms.katalon.core.main.TestCaseMain$startTestSuite$0</class>
      <method>call</method>
    </frame>
    <frame>
      <class>TempTestSuite1545310513731</class>
      <method>run</method>
      <line>36</line>
    </frame>
  </exception>
  <nestedLevel>0</nestedLevel>
</record>
<record>
  <date>2018-12-20T20:56:18</date>
  <millis>1545310578722</millis>
  <sequence>52</sequence>
  <level>END</level>
  <class>com.kms.katalon.core.logging.XmlKeywordLogger</class>
  <method>endTest</method>
  <thread>1</thread>
  <message>End Test Case : Test Cases/Regression/Level 1/LifeShield</message>
  <nestedLevel>0</nestedLevel>
</record>
<record>
  <date>2018-12-20T20:56:18</date>
  <millis>1545310578728</millis>
  <sequence>53</sequence>
  <level>START</level>
  <class>com.kms.katalon.core.logging.XmlKeywordLogger</class>
  <method>startTest</method>
  <thread>1</thread>
  <message>Start Test Case : Test Cases/Regression/Level 1/LifeShield</message>
  <nestedLevel>1</nestedLevel>
  <property name="name">Test Cases/Regression/Level 1/LifeShield</property>
  <property name="description"></property>
  <property name="id">Test Cases/Regression/Level 1/LifeShield</property>
  <property name="source">\\Users\\denisyu\\workplace\\test\\AgileTest\\Test Cases\\Regression\\Level 1\\LifeShield.tc</property>
  <property name="isOptional">false</property>
</record>
<record>
  <date>2018-12-20T20:56:18</date>
  <millis>1545310578752</millis>
  <sequence>55</sequence>
  <level>INFO</level>
  <class>com.kms.katalon.core.logging.XmlKeywordLogger</class>
  <method>logMessage</method>
  <thread>1</thread>
  <message>zipcode = \t30301</message>
  <nestedLevel>1</nestedLevel>
</record>
<record>
  <date>2018-12-20T20:56:18</date>
  <millis>1545310578752</millis>
  <sequence>56</sequence>
  <level>INFO</level>
  <class>com.kms.katalon.core.logging.XmlKeywordLogger</class>
  <method>logMessage</method>
  <thread>1</thread>
  <message>effectiveDate = 2019/1/10</message>
  <nestedLevel>1</nestedLevel>
</record>
<record>
  <date>2018-12-20T20:56:18</date>
  <millis>1545310578753</millis>
  <sequence>57</sequence>
  <level>INFO</level>
  <class>com.kms.katalon.core.logging.XmlKeywordLogger</class>
  <method>logMessage</method>
  <thread>1</thread>
  <message>dob = 02/10/1980</message>
  <nestedLevel>1</nestedLevel>
</record>
<record>
  <date>2018-12-20T20:56:18</date>
  <millis>1545310578753</millis>
  <sequence>58</sequence>
  <level>INFO</level>
  <class>com.kms.katalon.core.logging.XmlKeywordLogger</class>
  <method>logMessage</method>
  <thread>1</thread>
  <message>ENV = https://praetemptatus.agilehealthinsurance.com</message>
  <nestedLevel>1</nestedLevel>
</record>
<record>
  <date>2018-12-20T20:56:18</date>
  <millis>1545310578763</millis>
  <sequence>59</sequence>
  <level>START</level>
  <class>com.kms.katalon.core.logging.XmlKeywordLogger</class>
  <method>startKeyword</method>
  <thread>1</thread>
  <message>Start action : fastQuoteUrl = ENV + \&amp;quot;/term-health-insurance/quote?partners=1&amp;amp;redirect=1&amp;amp;utm_source=mediaalpha&amp;amp;utm_medium=ppc&amp;amp;utm_campaign=stm_quote&amp;amp;census[location][zip]=\&amp;quot; + zipcode + \&amp;quot;&amp;amp;census[effective]=\&amp;quot; + effectiveDate + \&amp;quot;&amp;amp;census[member][0][role]=P&amp;amp;census[member][0][gender]=F&amp;amp;census[member][0][dob]=\&amp;quot; + dob</message>
  <nestedLevel>1</nestedLevel>
  <property name="startLine">33</property>
  <property name="stepIndex">1</property>
</record>
<record>
  <date>2018-12-20T20:56:18</date>
  <millis>1545310578764</millis>
  <sequence>60</sequence>
  <level>END</level>
  <class>com.kms.katalon.core.logging.XmlKeywordLogger</class>
  <method>endKeyword</method>
  <thread>1</thread>
  <message>End action : fastQuoteUrl = ENV + \&amp;quot;/term-health-insurance/quote?partners=1&amp;amp;redirect=1&amp;amp;utm_source=mediaalpha&amp;amp;utm_medium=ppc&amp;amp;utm_campaign=stm_quote&amp;amp;census[location][zip]=\&amp;quot; + zipcode + \&amp;quot;&amp;amp;census[effective]=\&amp;quot; + effectiveDate + \&amp;quot;&amp;amp;census[member][0][role]=P&amp;amp;census[member][0][gender]=F&amp;amp;census[member][0][dob]=\&amp;quot; + dob</message>
  <nestedLevel>1</nestedLevel>
</record>
<record>
  <date>2018-12-20T20:56:18</date>
  <millis>1545310578765</millis>
  <sequence>61</sequence>
  <level>START</level>
  <class>com.kms.katalon.core.logging.XmlKeywordLogger</class>
  <method>startKeyword</method>
  <thread>1</thread>
  <message>Start action : println(fastQuoteUrl)</message>
  <nestedLevel>1</nestedLevel>
  <property name="startLine">36</property>
  <property name="stepIndex">2</property>
</record>
<record>
  <date>2018-12-20T20:56:18</date>
  <millis>1545310578767</millis>
  <sequence>62</sequence>
  <level>END</level>
  <class>com.kms.katalon.core.logging.XmlKeywordLogger</class>
  <method>endKeyword</method>
  <thread>1</thread>
  <message>End action : println(fastQuoteUrl)</message>
  <nestedLevel>1</nestedLevel>
</record>
<record>
  <date>2018-12-20T20:56:18</date>
  <millis>1545310578767</millis>
  <sequence>63</sequence>
  <level>START</level>
  <class>com.kms.katalon.core.logging.XmlKeywordLogger</class>
  <method>startKeyword</method>
  <thread>1</thread>
  <message>Start action : openBrowser(fastQuoteUrl)</message>
  <nestedLevel>1</nestedLevel>
  <property name="startLine">38</property>
  <property name="stepIndex">3</property>
</record>
<record>
  <date>2018-12-20T20:56:18</date>
  <millis>1545310578768</millis>
  <sequence>65</sequence>
  <level>WARNING</level>
  <class>com.kms.katalon.core.logging.XmlKeywordLogger</class>
  <method>logMessage</method>
  <thread>1</thread>
  <message>A browser is already opened. Closing browser and opening a new one</message>
  <nestedLevel>1</nestedLevel>
</record>
<record>
  <date>2018-12-20T20:56:22</date>
  <millis>1545310582107</millis>
  <sequence>66</sequence>
  <level>INFO</level>
  <class>com.kms.katalon.core.logging.XmlKeywordLogger</class>
  <method>logMessage</method>
  <thread>1</thread>
  <message>Starting &amp;apos;Android&amp;apos; driver</message>
  <nestedLevel>1</nestedLevel>
</record>
<record>
  <date>2018-12-20T20:56:24</date>
  <millis>1545310584827</millis>
  <sequence>67</sequence>
  <level>INFO</level>
  <class>com.kms.katalon.core.logging.XmlKeywordLogger</class>
  <method>logMessage</method>
  <thread>1</thread>
  <message>Appium server started on port 65,535</message>
  <nestedLevel>1</nestedLevel>
</record>
<record>
  <date>2018-12-20T20:56:36</date>
  <millis>1545310596132</millis>
  <sequence>69</sequence>
  <level>RUN_DATA</level>
  <class>com.kms.katalon.core.logging.XmlKeywordLogger</class>
  <method>logMessage</method>
  <thread>1</thread>
  <message>appiumVersion = 1.10.0</message>
  <nestedLevel>1</nestedLevel>
  <property name="appiumVersion">1.10.0</property>
</record>
<record>
  <date>2018-12-20T20:56:36</date>
  <millis>1545310596156</millis>
  <sequence>70</sequence>
  <level>RUN_DATA</level>
  <class>com.kms.katalon.core.logging.XmlKeywordLogger</class>
  <method>logMessage</method>
  <thread>1</thread>
  <message>deviceId = 69T7N15915029735</message>
  <nestedLevel>1</nestedLevel>
  <property name="deviceId">69T7N15915029735</property>
</record>
<record>
  <date>2018-12-20T20:56:36</date>
  <millis>1545310596156</millis>
  <sequence>71</sequence>
  <level>RUN_DATA</level>
  <class>com.kms.katalon.core.logging.XmlKeywordLogger</class>
  <method>logMessage</method>
  <thread>1</thread>
  <message>deviceName = HUAWEI ATH-AL00 (Android 6.0.1)</message>
  <nestedLevel>1</nestedLevel>
  <property name="deviceName">HUAWEI ATH-AL00 (Android 6.0.1)</property>
</record>
<record>
  <date>2018-12-20T20:56:36</date>
  <millis>1545310596158</millis>
  <sequence>72</sequence>
  <level>RUN_DATA</level>
  <class>com.kms.katalon.core.logging.XmlKeywordLogger</class>
  <method>logMessage</method>
  <thread>1</thread>
  <message>deviceModel = ATH-AL00</message>
  <nestedLevel>1</nestedLevel>
  <property name="deviceModel">ATH-AL00</property>
</record>
<record>
  <date>2018-12-20T20:56:36</date>
  <millis>1545310596158</millis>
  <sequence>73</sequence>
  <level>RUN_DATA</level>
  <class>com.kms.katalon.core.logging.XmlKeywordLogger</class>
  <method>logMessage</method>
  <thread>1</thread>
  <message>deviceManufacturer = HUAWEI</message>
  <nestedLevel>1</nestedLevel>
  <property name="deviceManufacturer">HUAWEI</property>
</record>
<record>
  <date>2018-12-20T20:56:36</date>
  <millis>1545310596158</millis>
  <sequence>74</sequence>
  <level>RUN_DATA</level>
  <class>com.kms.katalon.core.logging.XmlKeywordLogger</class>
  <method>logMessage</method>
  <thread>1</thread>
  <message>deviceOS = Android</message>
  <nestedLevel>1</nestedLevel>
  <property name="deviceOS">Android</property>
</record>
<record>
  <date>2018-12-20T20:56:36</date>
  <millis>1545310596159</millis>
  <sequence>75</sequence>
  <level>RUN_DATA</level>
  <class>com.kms.katalon.core.logging.XmlKeywordLogger</class>
  <method>logMessage</method>
  <thread>1</thread>
  <message>deviceOSVersion = 6.0.1</message>
  <nestedLevel>1</nestedLevel>
  <property name="deviceOSVersion">6.0.1</property>
</record>
<record>
  <date>2018-12-20T20:56:36</date>
  <millis>1545310596171</millis>
  <sequence>76</sequence>
  <level>RUN_DATA</level>
  <class>com.kms.katalon.core.logging.XmlKeywordLogger</class>
  <method>logMessage</method>
  <thread>1</thread>
  <message>sessionId = 7d566ccd-d341-4d09-a6a3-de0c0481f79d</message>
  <nestedLevel>1</nestedLevel>
  <property name="sessionId">7d566ccd-d341-4d09-a6a3-de0c0481f79d</property>
</record>
<record>
  <date>2018-12-20T20:56:36</date>
  <millis>1545310596303</millis>
  <sequence>77</sequence>
  <level>RUN_DATA</level>
  <class>com.kms.katalon.core.logging.XmlKeywordLogger</class>
  <method>logMessage</method>
  <thread>1</thread>
  <message>browser = Chrome 70.0.3538.80</message>
  <nestedLevel>1</nestedLevel>
  <property name="browser">Chrome 70.0.3538.80</property>
</record>
<record>
  <date>2018-12-20T20:56:36</date>
  <millis>1545310596305</millis>
  <sequence>78</sequence>
  <level>RUN_DATA</level>
  <class>com.kms.katalon.core.logging.XmlKeywordLogger</class>
  <method>logMessage</method>
  <thread>1</thread>
  <message>platform = Mac OS X</message>
  <nestedLevel>1</nestedLevel>
  <property name="platform">Mac OS X</property>
</record>
<record>
  <date>2018-12-20T20:56:36</date>
  <millis>1545310596305</millis>
  <sequence>79</sequence>
  <level>RUN_DATA</level>
  <class>com.kms.katalon.core.logging.XmlKeywordLogger</class>
  <method>logMessage</method>
  <thread>1</thread>
  <message>seleniumVersion = 3.7.1</message>
  <nestedLevel>1</nestedLevel>
  <property name="seleniumVersion">3.7.1</property>
</record>
<record>
  <date>2018-12-20T20:56:36</date>
  <millis>1545310596306</millis>
  <sequence>80</sequence>
  <level>RUN_DATA</level>
  <class>com.kms.katalon.core.logging.XmlKeywordLogger</class>
  <method>logMessage</method>
  <thread>1</thread>
  <message>proxyInformation = ProxyInformation{proxyOption=NO_PROXY, proxyServerType=HTTP, password=, proxyServerAddress=, proxyServerPort=0}</message>
  <nestedLevel>1</nestedLevel>
  <property name="proxyInformation">ProxyInformation{proxyOption=NO_PROXY, proxyServerType=HTTP, password=, proxyServerAddress=, proxyServerPort=0}</property>
</record>
<record>
  <date>2018-12-20T20:56:53</date>
  <millis>1545310613334</millis>
  <sequence>82</sequence>
  <level>PASSED</level>
  <class>com.kms.katalon.core.logging.XmlKeywordLogger</class>
  <method>logMessage</method>
  <thread>1</thread>
  <message>Browser is opened with url: &amp;apos;https://praetemptatus.agilehealthinsurance.com/term-health-insurance/quote?partners=1&amp;amp;redirect=1&amp;amp;utm_source=mediaalpha&amp;amp;utm_medium=ppc&amp;amp;utm_campaign=stm_quote&amp;amp;census[location][zip]=\t30301&amp;amp;census[effective]=2019/1/10&amp;amp;census[member][0][role]=P&amp;amp;census[member][0][gender]=F&amp;amp;census[member][0][dob]=02/10/1980&amp;apos;</message>
  <nestedLevel>1</nestedLevel>
</record>
<record>
  <date>2018-12-20T20:56:53</date>
  <millis>1545310613334</millis>
  <sequence>83</sequence>
  <level>END</level>
  <class>com.kms.katalon.core.logging.XmlKeywordLogger</class>
  <method>endKeyword</method>
  <thread>1</thread>
  <message>End action : openBrowser(fastQuoteUrl)</message>
  <nestedLevel>1</nestedLevel>
</record>
<record>
  <date>2018-12-20T20:56:53</date>
  <millis>1545310613334</millis>
  <sequence>84</sequence>
  <level>START</level>
  <class>com.kms.katalon.core.logging.XmlKeywordLogger</class>
  <method>startKeyword</method>
  <thread>1</thread>
  <message>Start action : driver = getWebDriver()</message>
  <nestedLevel>1</nestedLevel>
  <property name="startLine">40</property>
  <property name="stepIndex">4</property>
</record>
<record>
  <date>2018-12-20T20:56:53</date>
  <millis>1545310613335</millis>
  <sequence>85</sequence>
  <level>END</level>
  <class>com.kms.katalon.core.logging.XmlKeywordLogger</class>
  <method>endKeyword</method>
  <thread>1</thread>
  <message>End action : driver = getWebDriver()</message>
  <nestedLevel>1</nestedLevel>
</record>
<record>
  <date>2018-12-20T20:56:53</date>
  <millis>1545310613336</millis>
  <sequence>86</sequence>
  <level>START</level>
  <class>com.kms.katalon.core.logging.XmlKeywordLogger</class>
  <method>startKeyword</method>
  <thread>1</thread>
  <message>Start action : selenium = new com.thoughtworks.selenium.webdriven.WebDriverBackedSelenium(driver, fastQuoteUrl)</message>
  <nestedLevel>1</nestedLevel>
  <property name="startLine">42</property>
  <property name="stepIndex">5</property>
</record>
<record>
  <date>2018-12-20T20:56:53</date>
  <millis>1545310613362</millis>
  <sequence>87</sequence>
  <level>END</level>
  <class>com.kms.katalon.core.logging.XmlKeywordLogger</class>
  <method>endKeyword</method>
  <thread>1</thread>
  <message>End action : selenium = new com.thoughtworks.selenium.webdriven.WebDriverBackedSelenium(driver, fastQuoteUrl)</message>
  <nestedLevel>1</nestedLevel>
</record>
<record>
  <date>2018-12-20T20:56:53</date>
  <millis>1545310613363</millis>
  <sequence>88</sequence>
  <level>START</level>
  <class>com.kms.katalon.core.logging.XmlKeywordLogger</class>
  <method>startKeyword</method>
  <thread>1</thread>
  <message>Start action : Thread.sleep(6000)</message>
  <nestedLevel>1</nestedLevel>
  <property name="startLine">44</property>
  <property name="stepIndex">6</property>
</record>
<record>
  <date>2018-12-20T20:56:59</date>
  <millis>1545310619367</millis>
  <sequence>89</sequence>
  <level>END</level>
  <class>com.kms.katalon.core.logging.XmlKeywordLogger</class>
  <method>endKeyword</method>
  <thread>1</thread>
  <message>End action : Thread.sleep(6000)</message>
  <nestedLevel>1</nestedLevel>
</record>
<record>
  <date>2018-12-20T20:56:59</date>
  <millis>1545310619367</millis>
  <sequence>90</sequence>
  <level>START</level>
  <class>com.kms.katalon.core.logging.XmlKeywordLogger</class>
  <method>startKeyword</method>
  <thread>1</thread>
  <message>Start action : selenium.click(\&amp;quot;//a[contains(text(),&amp;apos;LifeShield Flex 5K/20/9K/750K Extended&amp;apos;)]\&amp;quot;)</message>
  <nestedLevel>1</nestedLevel>
  <property name="startLine">45</property>
  <property name="stepIndex">7</property>
</record>
<record>
  <date>2018-12-20T20:57:00</date>
  <millis>1545310620485</millis>
  <sequence>93</sequence>
  <logger>com.kms.katalon.core.logging.XmlKeywordLogger</logger>
  <level>ERROR</level>
  <class>com.kms.katalon.core.logging.XmlKeywordLogger</class>
  <method>logMessage</method>
  <thread>1</thread>
  <message>selenium.click(\&amp;quot;//a[contains(text(),&amp;apos;LifeShield Flex 5K/20/9K/750K Extended&amp;apos;)]\&amp;quot;) FAILED.\nReason:\ncom.thoughtworks.selenium.SeleniumException: Element //a[contains(text(),&amp;apos;LifeShield Flex 5K/20/9K/750K Extended&amp;apos;)] not found\n\tat com.thoughtworks.selenium.webdriven.ElementFinder.findElement(ElementFinder.java:93)\n\tat com.thoughtworks.selenium.webdriven.commands.Click.handleSeleneseCommand(Click.java:39)\n\tat com.thoughtworks.selenium.webdriven.commands.Click.handleSeleneseCommand(Click.java:26)\n\tat com.thoughtworks.selenium.webdriven.SeleneseCommand.apply(SeleneseCommand.java:36)\n\tat com.thoughtworks.selenium.webdriven.Timer.run(Timer.java:41)\n\tat com.thoughtworks.selenium.webdriven.WebDriverCommandProcessor.execute(WebDriverCommandProcessor.java:150)\n\tat com.thoughtworks.selenium.webdriven.WebDriverCommandProcessor.doCommand(WebDriverCommandProcessor.java:76)\n\tat com.thoughtworks.selenium.DefaultSelenium.click(DefaultSelenium.java:198)\n\tat com.thoughtworks.selenium.Selenium$click.call(Unknown Source)\n\tat LifeShield.run(LifeShield:45)\n\tat com.kms.katalon.core.main.ScriptEngine.run(ScriptEngine.java:194)\n\tat com.kms.katalon.core.main.ScriptEngine.runScriptAsRawText(ScriptEngine.java:119)\n\tat com.kms.katalon.core.main.TestCaseExecutor.runScript(TestCaseExecutor.java:321)\n\tat com.kms.katalon.core.main.TestCaseExecutor.doExecute(TestCaseExecutor.java:312)\n\tat com.kms.katalon.core.main.TestCaseExecutor.processExecutionPhase(TestCaseExecutor.java:291)\n\tat com.kms.katalon.core.main.TestCaseExecutor.accessMainPhase(TestCaseExecutor.java:283)\n\tat com.kms.katalon.core.main.TestCaseExecutor.execute(TestCaseExecutor.java:222)\n\tat com.kms.katalon.core.main.TestSuiteExecutor.accessTestCaseMainPhase(TestSuiteExecutor.java:129)\n\tat com.kms.katalon.core.main.TestSuiteExecutor.accessTestSuiteMainPhase(TestSuiteExecutor.java:112)\n\tat com.kms.katalon.core.main.TestSuiteExecutor.execute(TestSuiteExecutor.java:81)\n\tat com.kms.katalon.core.main.TestCaseMain.startTestSuite(TestCaseMain.java:149)\n\tat com.kms.katalon.core.main.TestCaseMain$startTestSuite$0.call(Unknown Source)\n\tat TempTestSuite1545310513731.run(TempTestSuite1545310513731.groovy:36)\nCaused by: org.openqa.selenium.NoSuchElementException: Cannot find an element with the xpath: //a[contains(text(),&amp;apos;LifeShield Flex 5K/20/9K/750K Extended&amp;apos;)]\nFor documentation on this error, please visit: http://seleniumhq.org/exceptions/no_such_element.html\nBuild info: version: &amp;apos;3.7.1&amp;apos;, revision: &amp;apos;8a0099a&amp;apos;, time: &amp;apos;2017-11-06T21:07:36.161Z&amp;apos;\nSystem info: host: &amp;apos;Deniss-MacBook-Pro.local&amp;apos;, ip: &amp;apos;fe80:0:0:0:89b:99c1:a9a:18b%en0&amp;apos;, os.name: &amp;apos;Mac OS X&amp;apos;, os.arch: &amp;apos;x86_64&amp;apos;, os.version: &amp;apos;10.14.1&amp;apos;, java.version: &amp;apos;1.8.0_181&amp;apos;\nDriver info: driver.version: unknown\n\tat com.thoughtworks.selenium.webdriven.ElementFinder.xpathWizardry(ElementFinder.java:143)\n\tat com.thoughtworks.selenium.webdriven.ElementFinder.findElementDirectlyIfNecessary(ElementFinder.java:117)\n\tat com.thoughtworks.selenium.webdriven.ElementFinder.findElement(ElementFinder.java:87)\n\tat com.thoughtworks.selenium.webdriven.commands.Click.handleSeleneseCommand(Click.java:39)\n\tat com.thoughtworks.selenium.webdriven.commands.Click.handleSeleneseCommand(Click.java:26)\n\tat com.thoughtworks.selenium.webdriven.SeleneseCommand.apply(SeleneseCommand.java:36)\n\tat com.thoughtworks.selenium.webdriven.Timer.run(Timer.java:41)\n\tat com.thoughtworks.selenium.webdriven.WebDriverCommandProcessor.execute(WebDriverCommandProcessor.java:150)\n\tat com.thoughtworks.selenium.webdriven.WebDriverCommandProcessor.doCommand(WebDriverCommandProcessor.java:76)\n\tat com.thoughtworks.selenium.DefaultSelenium.click(DefaultSelenium.java:198)\n\tat com.thoughtworks.selenium.Selenium$click.call(Unknown Source)\n\tat Script1544688430759.run(Script1544688430759.groovy:45)\n\t... 13 more\n</message>
  <exception>
    <message>com.thoughtworks.selenium.SeleniumException: Element //a[contains(text(),'LifeShield Flex 5K/20/9K/750K Extended')] not found</message>
    <frame>
      <class>com.thoughtworks.selenium.webdriven.ElementFinder</class>
      <method>findElement</method>
      <line>93</line>
    </frame>
    <frame>
      <class>com.thoughtworks.selenium.webdriven.commands.Click</class>
      <method>handleSeleneseCommand</method>
      <line>39</line>
    </frame>
    <frame>
      <class>com.thoughtworks.selenium.webdriven.commands.Click</class>
      <method>handleSeleneseCommand</method>
      <line>26</line>
    </frame>
    <frame>
      <class>com.thoughtworks.selenium.webdriven.SeleneseCommand</class>
      <method>apply</method>
      <line>36</line>
    </frame>
    <frame>
      <class>com.thoughtworks.selenium.webdriven.Timer</class>
      <method>run</method>
      <line>41</line>
    </frame>
    <frame>
      <class>com.thoughtworks.selenium.webdriven.WebDriverCommandProcessor</class>
      <method>execute</method>
      <line>150</line>
    </frame>
    <frame>
      <class>com.thoughtworks.selenium.webdriven.WebDriverCommandProcessor</class>
      <method>doCommand</method>
      <line>76</line>
    </frame>
    <frame>
      <class>com.thoughtworks.selenium.DefaultSelenium</class>
      <method>click</method>
      <line>198</line>
    </frame>
    <frame>
      <class>com.thoughtworks.selenium.Selenium$click</class>
      <method>call</method>
    </frame>
    <frame>
      <class>LifeShield</class>
      <method>run</method>
      <line>45</line>
    </frame>
    <frame>
      <class>com.kms.katalon.core.main.ScriptEngine</class>
      <method>run</method>
      <line>194</line>
    </frame>
    <frame>
      <class>com.kms.katalon.core.main.ScriptEngine</class>
      <method>runScriptAsRawText</method>
      <line>119</line>
    </frame>
    <frame>
      <class>com.kms.katalon.core.main.TestCaseExecutor</class>
      <method>runScript</method>
      <line>321</line>
    </frame>
    <frame>
      <class>com.kms.katalon.core.main.TestCaseExecutor</class>
      <method>doExecute</method>
      <line>312</line>
    </frame>
    <frame>
      <class>com.kms.katalon.core.main.TestCaseExecutor</class>
      <method>processExecutionPhase</method>
      <line>291</line>
    </frame>
    <frame>
      <class>com.kms.katalon.core.main.TestCaseExecutor</class>
      <method>accessMainPhase</method>
      <line>283</line>
    </frame>
    <frame>
      <class>com.kms.katalon.core.main.TestCaseExecutor</class>
      <method>execute</method>
      <line>222</line>
    </frame>
    <frame>
      <class>com.kms.katalon.core.main.TestSuiteExecutor</class>
      <method>accessTestCaseMainPhase</method>
      <line>129</line>
    </frame>
    <frame>
      <class>com.kms.katalon.core.main.TestSuiteExecutor</class>
      <method>accessTestSuiteMainPhase</method>
      <line>112</line>
    </frame>
    <frame>
      <class>com.kms.katalon.core.main.TestSuiteExecutor</class>
      <method>execute</method>
      <line>81</line>
    </frame>
    <frame>
      <class>com.kms.katalon.core.main.TestCaseMain</class>
      <method>startTestSuite</method>
      <line>149</line>
    </frame>
    <frame>
      <class>com.kms.katalon.core.main.TestCaseMain$startTestSuite$0</class>
      <method>call</method>
    </frame>
    <frame>
      <class>TempTestSuite1545310513731</class>
      <method>run</method>
      <line>36</line>
    </frame>
  </exception>
  <nestedLevel>0</nestedLevel>
</record>
<record>
  <date>2018-12-20T20:57:00</date>
  <millis>1545310620486</millis>
  <sequence>94</sequence>
  <level>END</level>
  <class>com.kms.katalon.core.logging.XmlKeywordLogger</class>
  <method>endKeyword</method>
  <thread>1</thread>
  <message>End action : selenium.click(\&amp;quot;//a[contains(text(),&amp;apos;LifeShield Flex 5K/20/9K/750K Extended&amp;apos;)]\&amp;quot;)</message>
  <nestedLevel>1</nestedLevel>
</record>
<record>
  <date>2018-12-20T20:57:00</date>
  <millis>1545310620487</millis>
  <sequence>97</sequence>
  <logger>com.kms.katalon.core.logging.XmlKeywordLogger</logger>
  <level>ERROR</level>
  <class>com.kms.katalon.core.logging.XmlKeywordLogger</class>
  <method>logMessage</method>
  <thread>1</thread>
  <message>Test Cases/Regression/Level 1/LifeShield FAILED.\nReason:\ncom.thoughtworks.selenium.SeleniumException: Element //a[contains(text(),&amp;apos;LifeShield Flex 5K/20/9K/750K Extended&amp;apos;)] not found\n\tat com.thoughtworks.selenium.webdriven.ElementFinder.findElement(ElementFinder.java:93)\n\tat com.thoughtworks.selenium.webdriven.commands.Click.handleSeleneseCommand(Click.java:39)\n\tat com.thoughtworks.selenium.webdriven.commands.Click.handleSeleneseCommand(Click.java:26)\n\tat com.thoughtworks.selenium.webdriven.SeleneseCommand.apply(SeleneseCommand.java:36)\n\tat com.thoughtworks.selenium.webdriven.Timer.run(Timer.java:41)\n\tat com.thoughtworks.selenium.webdriven.WebDriverCommandProcessor.execute(WebDriverCommandProcessor.java:150)\n\tat com.thoughtworks.selenium.webdriven.WebDriverCommandProcessor.doCommand(WebDriverCommandProcessor.java:76)\n\tat com.thoughtworks.selenium.DefaultSelenium.click(DefaultSelenium.java:198)\n\tat com.thoughtworks.selenium.Selenium$click.call(Unknown Source)\n\tat LifeShield.run(LifeShield:45)\n\tat com.kms.katalon.core.main.ScriptEngine.run(ScriptEngine.java:194)\n\tat com.kms.katalon.core.main.ScriptEngine.runScriptAsRawText(ScriptEngine.java:119)\n\tat com.kms.katalon.core.main.TestCaseExecutor.runScript(TestCaseExecutor.java:321)\n\tat com.kms.katalon.core.main.TestCaseExecutor.doExecute(TestCaseExecutor.java:312)\n\tat com.kms.katalon.core.main.TestCaseExecutor.processExecutionPhase(TestCaseExecutor.java:291)\n\tat com.kms.katalon.core.main.TestCaseExecutor.accessMainPhase(TestCaseExecutor.java:283)\n\tat com.kms.katalon.core.main.TestCaseExecutor.execute(TestCaseExecutor.java:222)\n\tat com.kms.katalon.core.main.TestSuiteExecutor.accessTestCaseMainPhase(TestSuiteExecutor.java:129)\n\tat com.kms.katalon.core.main.TestSuiteExecutor.accessTestSuiteMainPhase(TestSuiteExecutor.java:112)\n\tat com.kms.katalon.core.main.TestSuiteExecutor.execute(TestSuiteExecutor.java:81)\n\tat com.kms.katalon.core.main.TestCaseMain.startTestSuite(TestCaseMain.java:149)\n\tat com.kms.katalon.core.main.TestCaseMain$startTestSuite$0.call(Unknown Source)\n\tat TempTestSuite1545310513731.run(TempTestSuite1545310513731.groovy:36)\nCaused by: org.openqa.selenium.NoSuchElementException: Cannot find an element with the xpath: //a[contains(text(),&amp;apos;LifeShield Flex 5K/20/9K/750K Extended&amp;apos;)]\nFor documentation on this error, please visit: http://seleniumhq.org/exceptions/no_such_element.html\nBuild info: version: &amp;apos;3.7.1&amp;apos;, revision: &amp;apos;8a0099a&amp;apos;, time: &amp;apos;2017-11-06T21:07:36.161Z&amp;apos;\nSystem info: host: &amp;apos;Deniss-MacBook-Pro.local&amp;apos;, ip: &amp;apos;fe80:0:0:0:89b:99c1:a9a:18b%en0&amp;apos;, os.name: &amp;apos;Mac OS X&amp;apos;, os.arch: &amp;apos;x86_64&amp;apos;, os.version: &amp;apos;10.14.1&amp;apos;, java.version: &amp;apos;1.8.0_181&amp;apos;\nDriver info: driver.version: unknown\n\tat com.thoughtworks.selenium.webdriven.ElementFinder.xpathWizardry(ElementFinder.java:143)\n\tat com.thoughtworks.selenium.webdriven.ElementFinder.findElementDirectlyIfNecessary(ElementFinder.java:117)\n\tat com.thoughtworks.selenium.webdriven.ElementFinder.findElement(ElementFinder.java:87)\n\tat com.thoughtworks.selenium.webdriven.commands.Click.handleSeleneseCommand(Click.java:39)\n\tat com.thoughtworks.selenium.webdriven.commands.Click.handleSeleneseCommand(Click.java:26)\n\tat com.thoughtworks.selenium.webdriven.SeleneseCommand.apply(SeleneseCommand.java:36)\n\tat com.thoughtworks.selenium.webdriven.Timer.run(Timer.java:41)\n\tat com.thoughtworks.selenium.webdriven.WebDriverCommandProcessor.execute(WebDriverCommandProcessor.java:150)\n\tat com.thoughtworks.selenium.webdriven.WebDriverCommandProcessor.doCommand(WebDriverCommandProcessor.java:76)\n\tat com.thoughtworks.selenium.DefaultSelenium.click(DefaultSelenium.java:198)\n\tat com.thoughtworks.selenium.Selenium$click.call(Unknown Source)\n\tat Script1544688430759.run(Script1544688430759.groovy:45)\n\t... 13 more\n</message>
  <exception>
    <message>com.thoughtworks.selenium.SeleniumException: Element //a[contains(text(),'LifeShield Flex 5K/20/9K/750K Extended')] not found</message>
    <frame>
      <class>com.thoughtworks.selenium.webdriven.ElementFinder</class>
      <method>findElement</method>
      <line>93</line>
    </frame>
    <frame>
      <class>com.thoughtworks.selenium.webdriven.commands.Click</class>
      <method>handleSeleneseCommand</method>
      <line>39</line>
    </frame>
    <frame>
      <class>com.thoughtworks.selenium.webdriven.commands.Click</class>
      <method>handleSeleneseCommand</method>
      <line>26</line>
    </frame>
    <frame>
      <class>com.thoughtworks.selenium.webdriven.SeleneseCommand</class>
      <method>apply</method>
      <line>36</line>
    </frame>
    <frame>
      <class>com.thoughtworks.selenium.webdriven.Timer</class>
      <method>run</method>
      <line>41</line>
    </frame>
    <frame>
      <class>com.thoughtworks.selenium.webdriven.WebDriverCommandProcessor</class>
      <method>execute</method>
      <line>150</line>
    </frame>
    <frame>
      <class>com.thoughtworks.selenium.webdriven.WebDriverCommandProcessor</class>
      <method>doCommand</method>
      <line>76</line>
    </frame>
    <frame>
      <class>com.thoughtworks.selenium.DefaultSelenium</class>
      <method>click</method>
      <line>198</line>
    </frame>
    <frame>
      <class>com.thoughtworks.selenium.Selenium$click</class>
      <method>call</method>
    </frame>
    <frame>
      <class>LifeShield</class>
      <method>run</method>
      <line>45</line>
    </frame>
    <frame>
      <class>com.kms.katalon.core.main.ScriptEngine</class>
      <method>run</method>
      <line>194</line>
    </frame>
    <frame>
      <class>com.kms.katalon.core.main.ScriptEngine</class>
      <method>runScriptAsRawText</method>
      <line>119</line>
    </frame>
    <frame>
      <class>com.kms.katalon.core.main.TestCaseExecutor</class>
      <method>runScript</method>
      <line>321</line>
    </frame>
    <frame>
      <class>com.kms.katalon.core.main.TestCaseExecutor</class>
      <method>doExecute</method>
      <line>312</line>
    </frame>
    <frame>
      <class>com.kms.katalon.core.main.TestCaseExecutor</class>
      <method>processExecutionPhase</method>
      <line>291</line>
    </frame>
    <frame>
      <class>com.kms.katalon.core.main.TestCaseExecutor</class>
      <method>accessMainPhase</method>
      <line>283</line>
    </frame>
    <frame>
      <class>com.kms.katalon.core.main.TestCaseExecutor</class>
      <method>execute</method>
      <line>222</line>
    </frame>
    <frame>
      <class>com.kms.katalon.core.main.TestSuiteExecutor</class>
      <method>accessTestCaseMainPhase</method>
      <line>129</line>
    </frame>
    <frame>
      <class>com.kms.katalon.core.main.TestSuiteExecutor</class>
      <method>accessTestSuiteMainPhase</method>
      <line>112</line>
    </frame>
    <frame>
      <class>com.kms.katalon.core.main.TestSuiteExecutor</class>
      <method>execute</method>
      <line>81</line>
    </frame>
    <frame>
      <class>com.kms.katalon.core.main.TestCaseMain</class>
      <method>startTestSuite</method>
      <line>149</line>
    </frame>
    <frame>
      <class>com.kms.katalon.core.main.TestCaseMain$startTestSuite$0</class>
      <method>call</method>
    </frame>
    <frame>
      <class>TempTestSuite1545310513731</class>
      <method>run</method>
      <line>36</line>
    </frame>
  </exception>
  <nestedLevel>0</nestedLevel>
</record>
<record>
  <date>2018-12-20T20:57:02</date>
  <millis>1545310622586</millis>
  <sequence>98</sequence>
  <level>END</level>
  <class>com.kms.katalon.core.logging.XmlKeywordLogger</class>
  <method>endTest</method>
  <thread>1</thread>
  <message>End Test Case : Test Cases/Regression/Level 1/LifeShield</message>
  <nestedLevel>0</nestedLevel>
</record>
<record>
  <date>2018-12-20T20:57:02</date>
  <millis>1545310622586</millis>
  <sequence>99</sequence>
  <level>START</level>
  <class>com.kms.katalon.core.logging.XmlKeywordLogger</class>
  <method>startKeyword</method>
  <thread>1</thread>
  <message>Start tear down : tearDown</message>
  <nestedLevel>0</nestedLevel>
  <property name="isIgnoredIfFailed">true</property>
</record>
<record>
  <date>2018-12-20T20:57:02</date>
  <millis>1545310622588</millis>
  <sequence>100</sequence>
  <level>START</level>
  <class>com.kms.katalon.core.logging.XmlKeywordLogger</class>
  <method>startKeyword</method>
  <thread>1</thread>
  <message>Start action : closeBrowser()</message>
  <nestedLevel>1</nestedLevel>
  <property name="startLine">47</property>
  <property name="stepIndex">1</property>
  <property name="description">Close browser</property>
</record>
<record>
  <date>2018-12-20T20:57:05</date>
  <millis>1545310625583</millis>
  <sequence>102</sequence>
  <level>PASSED</level>
  <class>com.kms.katalon.core.logging.XmlKeywordLogger</class>
  <method>logMessage</method>
  <thread>1</thread>
  <message>Browser is closed</message>
  <nestedLevel>0</nestedLevel>
</record>
<record>
  <date>2018-12-20T20:57:05</date>
  <millis>1545310625584</millis>
  <sequence>103</sequence>
  <level>END</level>
  <class>com.kms.katalon.core.logging.XmlKeywordLogger</class>
  <method>endKeyword</method>
  <thread>1</thread>
  <message>End action : closeBrowser()</message>
  <nestedLevel>1</nestedLevel>
</record>
<record>
  <date>2018-12-20T20:57:05</date>
  <millis>1545310625584</millis>
  <sequence>104</sequence>
  <level>PASSED</level>
  <class>com.kms.katalon.core.logging.XmlKeywordLogger</class>
  <method>logMessage</method>
  <thread>1</thread>
  <message>Method &amp;apos;tearDown&amp;apos; complete successfully</message>
  <nestedLevel>0</nestedLevel>
</record>
<record>
  <date>2018-12-20T20:57:05</date>
  <millis>1545310625584</millis>
  <sequence>105</sequence>
  <level>END</level>
  <class>com.kms.katalon.core.logging.XmlKeywordLogger</class>
  <method>endKeyword</method>
  <thread>1</thread>
  <message>End End action : tearDown</message>
  <nestedLevel>0</nestedLevel>
</record>
<record>
  <date>2018-12-20T20:57:05</date>
  <millis>1545310625586</millis>
  <sequence>106</sequence>
  <level>END</level>
  <class>com.kms.katalon.core.logging.XmlKeywordLogger</class>
  <method>endSuite</method>
  <thread>1</thread>
  <message>End Test Suite : Test Suites/Regression/Level 1</message>
  <nestedLevel>0</nestedLevel>
</record>
</log>
