[Appium] Welcome to Appium v1.8.1
[Appium] Non-default server args:
[Appium]   port: 61135
[Appium]   loglevel: info
[Appium]   chromeDriverPort: 61136
[Appium]   tmpDir: /var/folders/95/4qsvf70n5s55n0wp9h6b0h_r0000gn/T//Katalon/Appium/Temp1547722409265
[Appium]   webkitDebugProxyPort: 61133
[Appium] Appium REST http interface listener started on 0.0.0.0:61135
[HTTP] --> GET /wd/hub/status
[HTTP] {}
[HTTP] <-- GET /wd/hub/status 200 38 ms - 83
[HTTP] 
[HTTP] --> POST /wd/hub/session
[HTTP] {"desiredCapabilities":{"automationName":"XCUITest","browserName":"Safari","deviceId":"","deviceName":"iPhone X","newCommandTimeout":1800,"platform":"IOS","platformName":"iOS","platformVersion":"12.1","realDeviceLogger":"/Applications/Katalon Studio.app/Contents/Eclipse/configuration/resources/tools/deviceconsole/deviceconsole","wdaLocalPort":61132},"capabilities":{"desiredCapabilities":{"automationName":"XCUITest","browserName":"Safari","deviceId":"","deviceName":"iPhone X","newCommandTimeout":1800,"platform":"IOS","platformName":"iOS","platformVersion":"12.1","realDeviceLogger":"/Applications/Katalon Studio.app/Contents/Eclipse/configuration/resources/tools/deviceconsole/deviceconsole","wdaLocalPort":61132},"firstMatch":[{"browserName":"Safari","platformName":"ios"}]}}
[Appium] Could not parse W3C capabilities: 'deviceName' can't be blank. Falling back to JSONWP protocol.
[Appium] The following capabilities were provided in the JSONWP desired capabilities that are missing in W3C capabilities: ["automationName","browserName","deviceId","deviceName","newCommandTimeout","platform","platformName","platformVersion","realDeviceLogger","wdaLocalPort"]. Falling back to JSONWP protocol.
[Appium] Creating new XCUITestDriver (v2.105.0) session
[Appium] Capabilities:
[Appium]   automationName: XCUITest
[Appium]   browserName: Safari
[Appium]   deviceId: 
[Appium]   deviceName: iPhone X
[Appium]   newCommandTimeout: 1800
[Appium]   platform: IOS
[Appium]   platformName: iOS
[Appium]   platformVersion: 12.1
[Appium]   realDeviceLogger: /Applications/Katalon Studio.app/Contents/Eclipse/configuration/resources/tools/deviceconsole/deviceconsole
[Appium]   wdaLocalPort: 61132
[BaseDriver] The following capabilities were provided, but are not recognized by appium: deviceId, platform.
[BaseDriver] Session created with session id: d8e30eb4-f71a-493a-a69f-ea21c7267696
[iOSSim] Constructing iOS simulator for Xcode version 10.1 with udid '1FBC48CC-4B26-4899-AB2C-0FDD67CACB37'
[XCUITest] Determining device to run tests on: udid: '1FBC48CC-4B26-4899-AB2C-0FDD67CACB37', real device: false
[XCUITest] Safari test requested
[XCUITest] Setting up simulator
[iOSSim] Both Simulator with UDID 1FBC48CC-4B26-4899-AB2C-0FDD67CACB37 and the UI client are currently running
[XCUITest] Using WDA path: '/Users/denisyu/.nvm/versions/node/v8.1.4/lib/node_modules/appium/node_modules/_appium-xcuitest-driver@2.105.0@appium-xcuitest-driver/WebDriverAgent'
[XCUITest] Using WDA agent: '/Users/denisyu/.nvm/versions/node/v8.1.4/lib/node_modules/appium/node_modules/_appium-xcuitest-driver@2.105.0@appium-xcuitest-driver/WebDriverAgent/WebDriverAgent.xcodeproj'
[JSONWP Proxy] Got an unexpected response: {"errno":"ECONNREFUSED","code":"ECONNREFUSED","syscall":"connect","address":"127.0.0.1","port":61132}
[XCUITest] Launching WebDriverAgent on the device
[JSONWP Proxy] Got an unexpected response: {"errno":"ECONNREFUSED","code":"ECONNREFUSED","syscall":"connect","address":"127.0.0.1","port":61132}
[JSONWP Proxy] Got an unexpected response: {"errno":"ECONNREFUSED","code":"ECONNREFUSED","syscall":"connect","address":"127.0.0.1","port":61132}
[JSONWP Proxy] Got an unexpected response: {"errno":"ECONNREFUSED","code":"ECONNREFUSED","syscall":"connect","address":"127.0.0.1","port":61132}
[JSONWP Proxy] Got an unexpected response: {"errno":"ECONNREFUSED","code":"ECONNREFUSED","syscall":"connect","address":"127.0.0.1","port":61132}
[JSONWP Proxy] Got an unexpected response: {"errno":"ECONNREFUSED","code":"ECONNREFUSED","syscall":"connect","address":"127.0.0.1","port":61132}
[JSONWP Proxy] Got an unexpected response: {"errno":"ECONNREFUSED","code":"ECONNREFUSED","syscall":"connect","address":"127.0.0.1","port":61132}
[JSONWP Proxy] Got an unexpected response: {"errno":"ECONNREFUSED","code":"ECONNREFUSED","syscall":"connect","address":"127.0.0.1","port":61132}
[JSONWP Proxy] Got an unexpected response: {"errno":"ECONNREFUSED","code":"ECONNREFUSED","syscall":"connect","address":"127.0.0.1","port":61132}
[JSONWP Proxy] Got an unexpected response: {"errno":"ECONNREFUSED","code":"ECONNREFUSED","syscall":"connect","address":"127.0.0.1","port":61132}
[JSONWP Proxy] Got an unexpected response: {"errno":"ECONNREFUSED","code":"ECONNREFUSED","syscall":"connect","address":"127.0.0.1","port":61132}
[JSONWP Proxy] Got an unexpected response: {"errno":"ECONNREFUSED","code":"ECONNREFUSED","syscall":"connect","address":"127.0.0.1","port":61132}
[JSONWP Proxy] Got an unexpected response: {"errno":"ECONNREFUSED","code":"ECONNREFUSED","syscall":"connect","address":"127.0.0.1","port":61132}
[JSONWP Proxy] Got an unexpected response: {"errno":"ECONNREFUSED","code":"ECONNREFUSED","syscall":"connect","address":"127.0.0.1","port":61132}
[HTTP] --> GET /welcome
[HTTP] {}
[HTTP] <-- GET /welcome 200 13 ms - 124
[HTTP] 
[HTTP] <-- GET /favicon.ico 200 3 ms - 1150
[HTTP] 
[XCUITest] Skipping setting of the initial display orientation. Set the "orientation" capability to either "LANDSCAPE" or "PORTRAIT", if this is an undesired behavior.
[Appium] New XCUITestDriver session created successfully, session d8e30eb4-f71a-493a-a69f-ea21c7267696 added to master session list
[HTTP] <-- POST /wd/hub/session 200 296882 ms - 608
[HTTP] 
[HTTP] --> GET /wd/hub/status
[HTTP] {}
[HTTP] <-- GET /wd/hub/status 200 60 ms - 55
[HTTP] 
[HTTP] --> POST /wd/hub/session/d8e30eb4-f71a-493a-a69f-ea21c7267696/timeouts
[HTTP] {"type":"implicit","ms":60000}
[HTTP] <-- POST /wd/hub/session/d8e30eb4-f71a-493a-a69f-ea21c7267696/timeouts 400 47 ms - 5641
[HTTP] 
[HTTP] --> POST /wd/hub/session/d8e30eb4-f71a-493a-a69f-ea21c7267696/timeouts
[HTTP] {"type":"implicit","ms":0}
[HTTP] <-- POST /wd/hub/session/d8e30eb4-f71a-493a-a69f-ea21c7267696/timeouts 400 3 ms - 5633
[HTTP] 
[HTTP] --> POST /wd/hub/session/d8e30eb4-f71a-493a-a69f-ea21c7267696/execute
[HTTP] {"script":"return navigator.sayswho= (function() { var ua= navigator.userAgent, tem, M= ua.match(/(opera|chrome|safari|firefox|msie|trident)\\/?\\s*(\\.?\\d+(\\.\\d+)*)/i) || []; if (/trident/i.test(M[1])) {     tem=  /\\brv[ :]+(\\d+)/g.exec(ua) || [];     return 'IE '+(tem[1] || ''); } if(M[1]=== 'Chrome') {     tem= ua.match(/\\b(OPR|Edge)\\/(\\d+)/);     if(tem!= null) return tem.slice(1).join(' ').replace('OPR', 'Opera'); } M= M[2]? [M[1], M[2]]: [navigator.appName, navigator.appVersion, '-?']; if((tem= ua.match(/version\\/(\\d+)/i))!= null) M.splice(1, 1, tem[1]); return M.join(' ').replace('MSIE', 'IE');})();","args":[]}
[HTTP] <-- POST /wd/hub/session/d8e30eb4-f71a-493a-a69f-ea21c7267696/execute 200 5340 ms - 83
[HTTP] 
[HTTP] --> POST /wd/hub/session/d8e30eb4-f71a-493a-a69f-ea21c7267696/url
[HTTP] {"url":"https://praetemptatus.agilehealthinsurance.com/"}
[HTTP] <-- POST /wd/hub/session/d8e30eb4-f71a-493a-a69f-ea21c7267696/url 200 8485 ms - 76
[HTTP] 
[HTTP] --> POST /wd/hub/session/d8e30eb4-f71a-493a-a69f-ea21c7267696/elements
[HTTP] {"using":"xpath","value":"//a[@href = '/health-insurance-quotes' and @id = 'primaryCTA' and @title = 'Get Health Insurance Quotes' and (text() = 'Quote & Save Today' or . = 'Quote & Save Today')]"}
[HTTP] <-- POST /wd/hub/session/d8e30eb4-f71a-493a-a69f-ea21c7267696/elements 200 9648 ms - 74
[HTTP] 
[HTTP] --> POST /wd/hub/session/d8e30eb4-f71a-493a-a69f-ea21c7267696/elements
[HTTP] {"using":"xpath","value":"//a[@href = '/health-insurance-quotes' and @id = 'primaryCTA' and @title = 'Get Health Insurance Quotes' and (text() = 'Quote & Save Today' or . = 'Quote & Save Today')]"}
[HTTP] <-- POST /wd/hub/session/d8e30eb4-f71a-493a-a69f-ea21c7267696/elements 200 5199 ms - 74
[HTTP] 
[HTTP] --> POST /wd/hub/session/d8e30eb4-f71a-493a-a69f-ea21c7267696/elements
[HTTP] {"using":"xpath","value":"//a[@href = '/health-insurance-quotes' and @id = 'primaryCTA' and @title = 'Get Health Insurance Quotes' and (text() = 'Quote & Save Today' or . = 'Quote & Save Today')]"}
[HTTP] <-- POST /wd/hub/session/d8e30eb4-f71a-493a-a69f-ea21c7267696/elements 200 4147 ms - 74
[HTTP] 
[HTTP] --> POST /wd/hub/session/d8e30eb4-f71a-493a-a69f-ea21c7267696/elements
[HTTP] {"using":"xpath","value":"//a[@href = '/health-insurance-quotes' and @id = 'primaryCTA' and @title = 'Get Health Insurance Quotes' and (text() = 'Quote & Save Today' or . = 'Quote & Save Today')]"}
[HTTP] <-- POST /wd/hub/session/d8e30eb4-f71a-493a-a69f-ea21c7267696/elements 200 6042 ms - 74
[HTTP] 
[HTTP] --> POST /wd/hub/session/d8e30eb4-f71a-493a-a69f-ea21c7267696/elements
[HTTP] {"using":"xpath","value":"//a[@href = '/health-insurance-quotes' and @id = 'primaryCTA' and @title = 'Get Health Insurance Quotes' and (text() = 'Quote & Save Today' or . = 'Quote & Save Today')]"}
[HTTP] <-- POST /wd/hub/session/d8e30eb4-f71a-493a-a69f-ea21c7267696/elements 200 3542 ms - 74
[HTTP] 
[HTTP] --> POST /wd/hub/session/d8e30eb4-f71a-493a-a69f-ea21c7267696/elements
[HTTP] {"using":"xpath","value":"//a[@href = '/health-insurance-quotes' and @id = 'primaryCTA' and @title = 'Get Health Insurance Quotes' and (text() = 'Quote & Save Today' or . = 'Quote & Save Today')]"}
[HTTP] <-- POST /wd/hub/session/d8e30eb4-f71a-493a-a69f-ea21c7267696/elements 200 2597 ms - 74
[HTTP] 
[HTTP] --> POST /wd/hub/session/d8e30eb4-f71a-493a-a69f-ea21c7267696/elements
[HTTP] {"using":"xpath","value":"//a[@href = '/health-insurance-quotes' and @id = 'primaryCTA' and @title = 'Get Health Insurance Quotes' and (text() = 'Quote & Save Today' or . = 'Quote & Save Today')]"}
[HTTP] <-- POST /wd/hub/session/d8e30eb4-f71a-493a-a69f-ea21c7267696/elements 200 6092 ms - 74
[HTTP] 
[HTTP] --> POST /wd/hub/session/d8e30eb4-f71a-493a-a69f-ea21c7267696/elements
[HTTP] {"using":"xpath","value":"//a[@href = '/health-insurance-quotes' and @id = 'primaryCTA' and @title = 'Get Health Insurance Quotes' and (text() = 'Quote & Save Today' or . = 'Quote & Save Today')]"}
[HTTP] <-- POST /wd/hub/session/d8e30eb4-f71a-493a-a69f-ea21c7267696/elements 200 3392 ms - 74
[HTTP] 
[HTTP] --> POST /wd/hub/session/d8e30eb4-f71a-493a-a69f-ea21c7267696/elements
[HTTP] {"using":"xpath","value":"//a[@href = '/health-insurance-quotes' and @id = 'primaryCTA' and @title = 'Get Health Insurance Quotes' and (text() = 'Quote & Save Today' or . = 'Quote & Save Today')]"}
[HTTP] <-- POST /wd/hub/session/d8e30eb4-f71a-493a-a69f-ea21c7267696/elements 200 2501 ms - 74
[HTTP] 
[HTTP] --> POST /wd/hub/session/d8e30eb4-f71a-493a-a69f-ea21c7267696/elements
[HTTP] {"using":"xpath","value":"//a[@href = '/health-insurance-quotes' and @id = 'primaryCTA' and @title = 'Get Health Insurance Quotes' and (text() = 'Quote & Save Today' or . = 'Quote & Save Today')]"}
[HTTP] <-- POST /wd/hub/session/d8e30eb4-f71a-493a-a69f-ea21c7267696/elements 200 1899 ms - 74
[HTTP] 
[HTTP] --> POST /wd/hub/session/d8e30eb4-f71a-493a-a69f-ea21c7267696/elements
[HTTP] {"using":"xpath","value":"//a[@href = '/health-insurance-quotes' and @id = 'primaryCTA' and @title = 'Get Health Insurance Quotes' and (text() = 'Quote & Save Today' or . = 'Quote & Save Today')]"}
[HTTP] <-- POST /wd/hub/session/d8e30eb4-f71a-493a-a69f-ea21c7267696/elements 200 4034 ms - 74
[HTTP] 
[HTTP] --> POST /wd/hub/session/d8e30eb4-f71a-493a-a69f-ea21c7267696/elements
[HTTP] {"using":"xpath","value":"//a[@href = '/health-insurance-quotes' and @id = 'primaryCTA' and @title = 'Get Health Insurance Quotes' and (text() = 'Quote & Save Today' or . = 'Quote & Save Today')]"}
[HTTP] <-- POST /wd/hub/session/d8e30eb4-f71a-493a-a69f-ea21c7267696/elements 200 5444 ms - 74
[HTTP] 
[HTTP] --> POST /wd/hub/session/d8e30eb4-f71a-493a-a69f-ea21c7267696/elements
[HTTP] {"using":"xpath","value":"//a[@href = '/health-insurance-quotes' and @id = 'primaryCTA' and @title = 'Get Health Insurance Quotes' and (text() = 'Quote & Save Today' or . = 'Quote & Save Today')]"}
[HTTP] <-- POST /wd/hub/session/d8e30eb4-f71a-493a-a69f-ea21c7267696/elements 200 343 ms - 74
[HTTP] 
[HTTP] --> POST /wd/hub/session/d8e30eb4-f71a-493a-a69f-ea21c7267696/elements
[HTTP] {"using":"xpath","value":"//a[@href = '/health-insurance-quotes' and @id = 'primaryCTA' and @title = 'Get Health Insurance Quotes' and (text() = 'Quote & Save Today' or . = 'Quote & Save Today')]"}
[HTTP] <-- POST /wd/hub/session/d8e30eb4-f71a-493a-a69f-ea21c7267696/elements 200 4337 ms - 74
[HTTP] 
[HTTP] --> GET /wd/hub/session/d8e30eb4-f71a-493a-a69f-ea21c7267696/screenshot
[HTTP] {}
[HTTP] <-- GET /wd/hub/session/d8e30eb4-f71a-493a-a69f-ea21c7267696/screenshot 200 269 ms - 215118
[HTTP] 
[HTTP] --> DELETE /wd/hub/session/d8e30eb4-f71a-493a-a69f-ea21c7267696
[HTTP] {}
[Appium] Removing session d8e30eb4-f71a-493a-a69f-ea21c7267696 from our master session list
[HTTP] <-- DELETE /wd/hub/session/d8e30eb4-f71a-493a-a69f-ea21c7267696 200 2091 ms - 76
[HTTP] 
