[Appium] Welcome to Appium v1.8.1
[Appium] Non-default server args:
[Appium]   port: 59938
[Appium]   chromeDriverPort: 59939
[Appium]   tmpDir: /var/folders/95/4qsvf70n5s55n0wp9h6b0h_r0000gn/T//Katalon/Appium/Temp1546423231872
[Appium] Appium REST http interface listener started on 0.0.0.0:59938
[HTTP] --> GET /wd/hub/status
[HTTP] {}
[debug] [MJSONWP] Calling AppiumDriver.getStatus() with args: []
[debug] [MJSONWP] Responding to client with driver.getStatus() result: {"build":{"version":"1.8.1","revision":null}}
[HTTP] <-- GET /wd/hub/status 200 24 ms - 83
[HTTP] 
[HTTP] --> POST /wd/hub/session
[HTTP] {"desiredCapabilities":{"appActivity":"org.chromium.chrome.browser.document.ChromeLauncherActivity","appPackage":"com.android.chrome","browserName":"Chrome","deviceId":"69T7N15915029735","deviceName":"HUAWEI ATH-AL00 (Android 6.0.1)","newCommandTimeout":1800,"platform":"ANDROID","platformName":"Android","udid":"69T7N15915029735"},"capabilities":{"desiredCapabilities":{"appActivity":"org.chromium.chrome.browser.document.ChromeLauncherActivity","appPackage":"com.android.chrome","browserName":"Chrome","deviceId":"69T7N15915029735","deviceName":"HUAWEI ATH-AL00 (Android 6.0.1)","newCommandTimeout":1800,"platform":"ANDROID","platformName":"Android","udid":"69T7N15915029735"},"firstMatch":[{"browserName":"Chrome","platformName":"android"}]}}
[debug] [MJSONWP] Calling AppiumDriver.createSession() with args: [{"appActivity":"org.chromium.chrome.browser.document.ChromeLauncherActivity","appPackage":"com.android.chrome","browserName":"Chrome","deviceId":"69T7N15915029735","deviceName":"HUAWEI ATH-AL00 (Android 6.0.1)","newCommandTimeout":1800,"platform":"ANDROID","platformName":"Android","udid":"69T7N15915029735"},null,{"desiredCapabilities":{"appActivity":"org.chromium.chrome.browser.document.ChromeLauncherActivity","appPackage":"com.android.chrome","browserName":"Chrome","deviceId":"69T7N15915029735","deviceName":"HUAWEI ATH-AL00 (Android 6.0.1)","newCommandTimeout":1800,"platform":"ANDROID","platformName":"Android","udid":"69T7N15915029735"},"firstMatch":[{"browserName":"Chrome","platformName":"android"}]}]
[debug] [BaseDriver] Event 'newSessionRequested' logged at 1546423237327 (18:00:37 GMT+0800 (China Standard Time))
[Appium] Could not parse W3C capabilities: 'deviceName' can't be blank. Falling back to JSONWP protocol.
[Appium] The following capabilities were provided in the JSONWP desired capabilities that are missing in W3C capabilities: ["appActivity","appPackage","browserName","deviceId","deviceName","newCommandTimeout","platform","platformName","udid"]. Falling back to JSONWP protocol.
[Appium] Creating new AndroidDriver (v2.7.0) session
[Appium] Capabilities:
[Appium]   appActivity: org.chromium.chrome.browser.document.ChromeLauncherActivity
[Appium]   appPackage: com.android.chrome
[Appium]   browserName: Chrome
[Appium]   deviceId: 69T7N15915029735
[Appium]   deviceName: HUAWEI ATH-AL00 (Android 6.0.1)
[Appium]   newCommandTimeout: 1800
[Appium]   platform: ANDROID
[Appium]   platformName: Android
[Appium]   udid: 69T7N15915029735
[debug] [BaseDriver] Creating session with MJSONWP desired capabilities: {"appActivity":"org.chromiu...
[BaseDriver] The following capabilities were provided, but are not recognized by appium: deviceId, platform.
[BaseDriver] Session created with session id: b8215a86-73ef-43aa-bc3a-53fb003bcb19
[debug] [AndroidDriver] Getting Java version
[AndroidDriver] Java version is: 1.8.0_181
[AndroidDriver] We're going to run a Chrome-based session
[AndroidDriver] Chrome-type package and activity are com.android.chrome and com.google.android.apps.chrome.Main
[ADB] Checking whether adb is present
[ADB] Found 1 'build-tools' folders under '/Users/denisyu/.katalon/tools/android_sdk' (newest first):
[ADB]     /Users/denisyu/.katalon/tools/android_sdk/build-tools/28.0.3
[ADB] Using adb from /Users/denisyu/.katalon/tools/android_sdk/platform-tools/adb
[AndroidDriver] Retrieving device list
[debug] [ADB] Trying to find a connected android device
[debug] [ADB] Getting connected devices...
[debug] [ADB] 1 device(s) connected
[AndroidDriver] Using device: 69T7N15915029735
[debug] [ADB] Setting device id to 69T7N15915029735
[AndroidDriver] App file was not listed, instead we're going to run com.android.chrome directly on the device
[debug] [AndroidDriver] Checking whether package is present on the device
[debug] [ADB] Running '/Users/denisyu/.katalon/tools/android_sdk/platform-tools/adb -P 5037 -s 69T7N15915029735 shell pm list packages com.android.chrome'
[debug] [AndroidDriver] Shutting down Android driver
[debug] [AndroidDriver] Called deleteSession but bootstrap wasn't active
[debug] [ADB] Running '/Users/denisyu/.katalon/tools/android_sdk/platform-tools/adb -P 5037 -s 69T7N15915029735 shell am force-stop io.appium.unlock'
[debug] [AndroidDriver] Not cleaning generated files. Add `clearSystemFiles` capability if wanted.
[debug] [BaseDriver] Event 'newSessionStarted' logged at 1546423239242 (18:00:39 GMT+0800 (China Standard Time))
[HTTP] <-- POST /wd/hub/session 500 1919 ms - 192
[HTTP] 
