[Appium] Welcome to Appium v1.8.1
[Appium] Non-default server args:
[Appium]   port: 58417
[Appium]   loglevel: info
[Appium]   chromeDriverPort: 58418
[Appium]   tmpDir: /var/folders/95/4qsvf70n5s55n0wp9h6b0h_r0000gn/T//Katalon/Appium/Temp1547019515673
[Appium]   webkitDebugProxyPort: 58415
[Appium] Appium REST http interface listener started on 0.0.0.0:58417
[HTTP] --> GET /wd/hub/status
[HTTP] {}
[HTTP] <-- GET /wd/hub/status 200 35 ms - 83
[HTTP] 
[HTTP] --> POST /wd/hub/session
[HTTP] {"desiredCapabilities":{"automationName":"XCUITest","browserName":"Safari","deviceId":"","deviceName":"iPhone X","newCommandTimeout":1800,"platform":"IOS","platformName":"iOS","platformVersion":"12.1","realDeviceLogger":"/Applications/Katalon Studio.app/Contents/Eclipse/configuration/resources/tools/deviceconsole/deviceconsole","wdaLocalPort":58414},"capabilities":{"desiredCapabilities":{"automationName":"XCUITest","browserName":"Safari","deviceId":"","deviceName":"iPhone X","newCommandTimeout":1800,"platform":"IOS","platformName":"iOS","platformVersion":"12.1","realDeviceLogger":"/Applications/Katalon Studio.app/Contents/Eclipse/configuration/resources/tools/deviceconsole/deviceconsole","wdaLocalPort":58414},"firstMatch":[{"browserName":"Safari","platformName":"ios"}]}}
[Appium] Could not parse W3C capabilities: 'deviceName' can't be blank. Falling back to JSONWP protocol.
[Appium] The following capabilities were provided in the JSONWP desired capabilities that are missing in W3C capabilities: ["automationName","browserName","deviceId","deviceName","newCommandTimeout","platform","platformName","platformVersion","realDeviceLogger","wdaLocalPort"]. Falling back to JSONWP protocol.
[Appium] Creating new XCUITestDriver (v2.105.0) session
[Appium] Capabilities:
[Appium]   automationName: XCUITest
[Appium]   browserName: Safari
[Appium]   deviceId: 
[Appium]   deviceName: iPhone X
[Appium]   newCommandTimeout: 1800
[Appium]   platform: IOS
[Appium]   platformName: iOS
[Appium]   platformVersion: 12.1
[Appium]   realDeviceLogger: /Applications/Katalon Studio.app/Contents/Eclipse/configuration/resources/tools/deviceconsole/deviceconsole
[Appium]   wdaLocalPort: 58414
[BaseDriver] The following capabilities were provided, but are not recognized by appium: deviceId, platform.
[BaseDriver] Session created with session id: 320183a2-d3b7-4c64-8f57-4572b8564e62
[iOSSim] Constructing iOS simulator for Xcode version 10.1 with udid '1FBC48CC-4B26-4899-AB2C-0FDD67CACB37'
[XCUITest] Determining device to run tests on: udid: '1FBC48CC-4B26-4899-AB2C-0FDD67CACB37', real device: false
[XCUITest] Safari test requested
[XCUITest] Setting up simulator
[iOSSim] Both Simulator with UDID 1FBC48CC-4B26-4899-AB2C-0FDD67CACB37 and the UI client are currently running
[XCUITest] Using WDA path: '/Users/denisyu/.nvm/versions/node/v8.1.4/lib/node_modules/appium/node_modules/_appium-xcuitest-driver@2.105.0@appium-xcuitest-driver/WebDriverAgent'
[XCUITest] Using WDA agent: '/Users/denisyu/.nvm/versions/node/v8.1.4/lib/node_modules/appium/node_modules/_appium-xcuitest-driver@2.105.0@appium-xcuitest-driver/WebDriverAgent/WebDriverAgent.xcodeproj'
[JSONWP Proxy] Got an unexpected response: {"errno":"ECONNREFUSED","code":"ECONNREFUSED","syscall":"connect","address":"127.0.0.1","port":58414}
[XCUITest] Launching WebDriverAgent on the device
[JSONWP Proxy] Got an unexpected response: {"errno":"ECONNREFUSED","code":"ECONNREFUSED","syscall":"connect","address":"127.0.0.1","port":58414}
[JSONWP Proxy] Got an unexpected response: {"errno":"ECONNREFUSED","code":"ECONNREFUSED","syscall":"connect","address":"127.0.0.1","port":58414}
[JSONWP Proxy] Got an unexpected response: {"errno":"ECONNREFUSED","code":"ECONNREFUSED","syscall":"connect","address":"127.0.0.1","port":58414}
[JSONWP Proxy] Got an unexpected response: {"errno":"ECONNREFUSED","code":"ECONNREFUSED","syscall":"connect","address":"127.0.0.1","port":58414}
[JSONWP Proxy] Got an unexpected response: {"errno":"ECONNREFUSED","code":"ECONNREFUSED","syscall":"connect","address":"127.0.0.1","port":58414}
[JSONWP Proxy] Got an unexpected response: {"errno":"ECONNREFUSED","code":"ECONNREFUSED","syscall":"connect","address":"127.0.0.1","port":58414}
[JSONWP Proxy] Got an unexpected response: {"errno":"ECONNREFUSED","code":"ECONNREFUSED","syscall":"connect","address":"127.0.0.1","port":58414}
[JSONWP Proxy] Got an unexpected response: {"errno":"ECONNREFUSED","code":"ECONNREFUSED","syscall":"connect","address":"127.0.0.1","port":58414}
[JSONWP Proxy] Got an unexpected response: {"errno":"ECONNREFUSED","code":"ECONNREFUSED","syscall":"connect","address":"127.0.0.1","port":58414}
[HTTP] --> GET /welcome
[HTTP] {}
[HTTP] <-- GET /welcome 200 11 ms - 124
[HTTP] 
[HTTP] <-- GET /favicon.ico 200 2 ms - 1150
[HTTP] 
[XCUITest] Skipping setting of the initial display orientation. Set the "orientation" capability to either "LANDSCAPE" or "PORTRAIT", if this is an undesired behavior.
[Appium] New XCUITestDriver session created successfully, session 320183a2-d3b7-4c64-8f57-4572b8564e62 added to master session list
[HTTP] <-- POST /wd/hub/session 200 39869 ms - 608
[HTTP] 
[HTTP] --> GET /wd/hub/status
[HTTP] {}
[HTTP] <-- GET /wd/hub/status 200 204 ms - 55
[HTTP] 
[HTTP] --> POST /wd/hub/session/320183a2-d3b7-4c64-8f57-4572b8564e62/timeouts
[HTTP] {"type":"implicit","ms":60000}
[HTTP] <-- POST /wd/hub/session/320183a2-d3b7-4c64-8f57-4572b8564e62/timeouts 400 15 ms - 5641
[HTTP] 
[HTTP] --> POST /wd/hub/session/320183a2-d3b7-4c64-8f57-4572b8564e62/timeouts
[HTTP] {"type":"implicit","ms":0}
[HTTP] <-- POST /wd/hub/session/320183a2-d3b7-4c64-8f57-4572b8564e62/timeouts 400 2 ms - 5633
[HTTP] 
[HTTP] --> POST /wd/hub/session/320183a2-d3b7-4c64-8f57-4572b8564e62/execute
[HTTP] {"script":"return navigator.sayswho= (function() { var ua= navigator.userAgent, tem, M= ua.match(/(opera|chrome|safari|firefox|msie|trident)\\/?\\s*(\\.?\\d+(\\.\\d+)*)/i) || []; if (/trident/i.test(M[1])) {     tem=  /\\brv[ :]+(\\d+)/g.exec(ua) || [];     return 'IE '+(tem[1] || ''); } if(M[1]=== 'Chrome') {     tem= ua.match(/\\b(OPR|Edge)\\/(\\d+)/);     if(tem!= null) return tem.slice(1).join(' ').replace('OPR', 'Opera'); } M= M[2]? [M[1], M[2]]: [navigator.appName, navigator.appVersion, '-?']; if((tem= ua.match(/version\\/(\\d+)/i))!= null) M.splice(1, 1, tem[1]); return M.join(' ').replace('MSIE', 'IE');})();","args":[]}
[HTTP] <-- POST /wd/hub/session/320183a2-d3b7-4c64-8f57-4572b8564e62/execute 200 736 ms - 83
[HTTP] 
[HTTP] --> POST /wd/hub/session/320183a2-d3b7-4c64-8f57-4572b8564e62/url
[HTTP] {"url":"https://praetemptatus.agilehealthinsurance.com/"}
[HTTP] <-- POST /wd/hub/session/320183a2-d3b7-4c64-8f57-4572b8564e62/url 200 8607 ms - 76
[HTTP] 
[HTTP] --> POST /wd/hub/session/320183a2-d3b7-4c64-8f57-4572b8564e62/elements
[HTTP] {"using":"xpath","value":"//a[@href = '/health-insurance-quotes' and @id = 'primaryCTA' and @title = 'Get Health Insurance Quotes' and (text() = 'Quote & Save Today' or . = 'Quote & Save Today')]"}
[HTTP] <-- POST /wd/hub/session/320183a2-d3b7-4c64-8f57-4572b8564e62/elements 200 2059 ms - 92
[HTTP] 
[HTTP] --> GET /wd/hub/session/320183a2-d3b7-4c64-8f57-4572b8564e62
[HTTP] {}
[XCUITest] Merging WDA caps over Appium caps for session detail response
[HTTP] <-- GET /wd/hub/session/320183a2-d3b7-4c64-8f57-4572b8564e62 200 2133 ms - 627
[HTTP] 
[HTTP] --> GET /wd/hub/session/320183a2-d3b7-4c64-8f57-4572b8564e62
[HTTP] {}
[XCUITest] Merging WDA caps over Appium caps for session detail response
[HTTP] <-- GET /wd/hub/session/320183a2-d3b7-4c64-8f57-4572b8564e62 200 2 ms - 627
[HTTP] 
[HTTP] --> GET /wd/hub/session/320183a2-d3b7-4c64-8f57-4572b8564e62
[HTTP] {}
[XCUITest] Merging WDA caps over Appium caps for session detail response
[HTTP] <-- GET /wd/hub/session/320183a2-d3b7-4c64-8f57-4572b8564e62 200 2 ms - 627
[HTTP] 
[HTTP] --> GET /wd/hub/session/320183a2-d3b7-4c64-8f57-4572b8564e62
[HTTP] {}
[XCUITest] Merging WDA caps over Appium caps for session detail response
[HTTP] <-- GET /wd/hub/session/320183a2-d3b7-4c64-8f57-4572b8564e62 200 2 ms - 627
[HTTP] 
[HTTP] --> POST /wd/hub/session/320183a2-d3b7-4c64-8f57-4572b8564e62/element/5000/click
[HTTP] {"id":"5000"}
[HTTP] <-- POST /wd/hub/session/320183a2-d3b7-4c64-8f57-4572b8564e62/element/5000/click 200 2687 ms - 76
[HTTP] 
[HTTP] --> POST /wd/hub/session/320183a2-d3b7-4c64-8f57-4572b8564e62/elements
[HTTP] {"using":"xpath","value":"//input[@id = 'zip-input' and @type = 'tel' and @placeholder = 'Zip Code']"}
[HTTP] <-- POST /wd/hub/session/320183a2-d3b7-4c64-8f57-4572b8564e62/elements 200 1085 ms - 92
[HTTP] 
[HTTP] --> GET /wd/hub/session/320183a2-d3b7-4c64-8f57-4572b8564e62
[HTTP] {}
[XCUITest] Merging WDA caps over Appium caps for session detail response
[HTTP] <-- GET /wd/hub/session/320183a2-d3b7-4c64-8f57-4572b8564e62 200 2 ms - 627
[HTTP] 
[HTTP] --> GET /wd/hub/session/320183a2-d3b7-4c64-8f57-4572b8564e62
[HTTP] {}
[XCUITest] Merging WDA caps over Appium caps for session detail response
[HTTP] <-- GET /wd/hub/session/320183a2-d3b7-4c64-8f57-4572b8564e62 200 2 ms - 627
[HTTP] 
[HTTP] --> GET /wd/hub/session/320183a2-d3b7-4c64-8f57-4572b8564e62
[HTTP] {}
[XCUITest] Merging WDA caps over Appium caps for session detail response
[HTTP] <-- GET /wd/hub/session/320183a2-d3b7-4c64-8f57-4572b8564e62 200 2 ms - 627
[HTTP] 
[HTTP] --> GET /wd/hub/session/320183a2-d3b7-4c64-8f57-4572b8564e62
[HTTP] {}
[XCUITest] Merging WDA caps over Appium caps for session detail response
[HTTP] <-- GET /wd/hub/session/320183a2-d3b7-4c64-8f57-4572b8564e62 200 2 ms - 627
[HTTP] 
[HTTP] --> POST /wd/hub/session/320183a2-d3b7-4c64-8f57-4572b8564e62/element/5001/clear
[HTTP] {"id":"5001"}
[HTTP] <-- POST /wd/hub/session/320183a2-d3b7-4c64-8f57-4572b8564e62/element/5001/clear 200 786 ms - 76
[HTTP] 
[HTTP] --> POST /wd/hub/session/320183a2-d3b7-4c64-8f57-4572b8564e62/elements
[HTTP] {"using":"xpath","value":"//input[@id = 'zip-input' and @type = 'tel' and @placeholder = 'Zip Code']"}
[HTTP] <-- POST /wd/hub/session/320183a2-d3b7-4c64-8f57-4572b8564e62/elements 200 3398 ms - 92
[HTTP] 
[HTTP] --> GET /wd/hub/session/320183a2-d3b7-4c64-8f57-4572b8564e62
[HTTP] {}
[XCUITest] Merging WDA caps over Appium caps for session detail response
[HTTP] <-- GET /wd/hub/session/320183a2-d3b7-4c64-8f57-4572b8564e62 200 3 ms - 627
[HTTP] 
[HTTP] --> GET /wd/hub/session/320183a2-d3b7-4c64-8f57-4572b8564e62
[HTTP] {}
[XCUITest] Merging WDA caps over Appium caps for session detail response
[HTTP] <-- GET /wd/hub/session/320183a2-d3b7-4c64-8f57-4572b8564e62 200 2 ms - 627
[HTTP] 
[HTTP] --> GET /wd/hub/session/320183a2-d3b7-4c64-8f57-4572b8564e62
[HTTP] {}
[XCUITest] Merging WDA caps over Appium caps for session detail response
[HTTP] <-- GET /wd/hub/session/320183a2-d3b7-4c64-8f57-4572b8564e62 200 2 ms - 627
[HTTP] 
[HTTP] --> GET /wd/hub/session/320183a2-d3b7-4c64-8f57-4572b8564e62
[HTTP] {}
[XCUITest] Merging WDA caps over Appium caps for session detail response
[HTTP] <-- GET /wd/hub/session/320183a2-d3b7-4c64-8f57-4572b8564e62 200 2 ms - 627
[HTTP] 
[HTTP] --> POST /wd/hub/session/320183a2-d3b7-4c64-8f57-4572b8564e62/element/5002/value
[HTTP] {"id":"5002","value":["60602"]}
[HTTP] <-- POST /wd/hub/session/320183a2-d3b7-4c64-8f57-4572b8564e62/element/5002/value 200 950 ms - 76
[HTTP] 
[HTTP] --> POST /wd/hub/session/320183a2-d3b7-4c64-8f57-4572b8564e62/elements
[HTTP] {"using":"xpath","value":"//input[@id = 'dob-0' and @type = 'tel' and @placeholder = 'mm/dd/yyyy']"}
[HTTP] <-- POST /wd/hub/session/320183a2-d3b7-4c64-8f57-4572b8564e62/elements 200 312 ms - 92
[HTTP] 
[HTTP] --> GET /wd/hub/session/320183a2-d3b7-4c64-8f57-4572b8564e62
[HTTP] {}
[XCUITest] Merging WDA caps over Appium caps for session detail response
[HTTP] <-- GET /wd/hub/session/320183a2-d3b7-4c64-8f57-4572b8564e62 200 5 ms - 627
[HTTP] 
[HTTP] --> GET /wd/hub/session/320183a2-d3b7-4c64-8f57-4572b8564e62
[HTTP] {}
[XCUITest] Merging WDA caps over Appium caps for session detail response
[HTTP] <-- GET /wd/hub/session/320183a2-d3b7-4c64-8f57-4572b8564e62 200 3 ms - 627
[HTTP] 
[HTTP] --> GET /wd/hub/session/320183a2-d3b7-4c64-8f57-4572b8564e62
[HTTP] {}
[XCUITest] Merging WDA caps over Appium caps for session detail response
[HTTP] <-- GET /wd/hub/session/320183a2-d3b7-4c64-8f57-4572b8564e62 200 4 ms - 627
[HTTP] 
[HTTP] --> GET /wd/hub/session/320183a2-d3b7-4c64-8f57-4572b8564e62
[HTTP] {}
[XCUITest] Merging WDA caps over Appium caps for session detail response
[HTTP] <-- GET /wd/hub/session/320183a2-d3b7-4c64-8f57-4572b8564e62 200 3 ms - 627
[HTTP] 
[HTTP] --> POST /wd/hub/session/320183a2-d3b7-4c64-8f57-4572b8564e62/element/5003/clear
[HTTP] {"id":"5003"}
[HTTP] <-- POST /wd/hub/session/320183a2-d3b7-4c64-8f57-4572b8564e62/element/5003/clear 200 340 ms - 76
[HTTP] 
[HTTP] --> POST /wd/hub/session/320183a2-d3b7-4c64-8f57-4572b8564e62/elements
[HTTP] {"using":"xpath","value":"//input[@id = 'dob-0' and @type = 'tel' and @placeholder = 'mm/dd/yyyy']"}
[HTTP] <-- POST /wd/hub/session/320183a2-d3b7-4c64-8f57-4572b8564e62/elements 200 465 ms - 92
[HTTP] 
[HTTP] --> GET /wd/hub/session/320183a2-d3b7-4c64-8f57-4572b8564e62
[HTTP] {}
[XCUITest] Merging WDA caps over Appium caps for session detail response
[HTTP] <-- GET /wd/hub/session/320183a2-d3b7-4c64-8f57-4572b8564e62 200 3 ms - 627
[HTTP] 
[HTTP] --> GET /wd/hub/session/320183a2-d3b7-4c64-8f57-4572b8564e62
[HTTP] {}
[XCUITest] Merging WDA caps over Appium caps for session detail response
[HTTP] <-- GET /wd/hub/session/320183a2-d3b7-4c64-8f57-4572b8564e62 200 2 ms - 627
[HTTP] 
[HTTP] --> GET /wd/hub/session/320183a2-d3b7-4c64-8f57-4572b8564e62
[HTTP] {}
[XCUITest] Merging WDA caps over Appium caps for session detail response
[HTTP] <-- GET /wd/hub/session/320183a2-d3b7-4c64-8f57-4572b8564e62 200 2 ms - 627
[HTTP] 
[HTTP] --> GET /wd/hub/session/320183a2-d3b7-4c64-8f57-4572b8564e62
[HTTP] {}
[XCUITest] Merging WDA caps over Appium caps for session detail response
[HTTP] <-- GET /wd/hub/session/320183a2-d3b7-4c64-8f57-4572b8564e62 200 2 ms - 627
[HTTP] 
[HTTP] --> POST /wd/hub/session/320183a2-d3b7-4c64-8f57-4572b8564e62/element/5004/value
[HTTP] {"id":"5004","value":["03/03/1987"]}
[HTTP] <-- POST /wd/hub/session/320183a2-d3b7-4c64-8f57-4572b8564e62/element/5004/value 200 2573 ms - 76
[HTTP] 
[HTTP] --> POST /wd/hub/session/320183a2-d3b7-4c64-8f57-4572b8564e62/elements
[HTTP] {"using":"xpath","value":"//label[(text() = 'Male' or . = 'Male')]"}
[HTTP] <-- POST /wd/hub/session/320183a2-d3b7-4c64-8f57-4572b8564e62/elements 200 683 ms - 92
[HTTP] 
[HTTP] --> GET /wd/hub/session/320183a2-d3b7-4c64-8f57-4572b8564e62
[HTTP] {}
[XCUITest] Merging WDA caps over Appium caps for session detail response
[HTTP] <-- GET /wd/hub/session/320183a2-d3b7-4c64-8f57-4572b8564e62 200 2 ms - 627
[HTTP] 
[HTTP] --> GET /wd/hub/session/320183a2-d3b7-4c64-8f57-4572b8564e62
[HTTP] {}
[XCUITest] Merging WDA caps over Appium caps for session detail response
[HTTP] <-- GET /wd/hub/session/320183a2-d3b7-4c64-8f57-4572b8564e62 200 2 ms - 627
[HTTP] 
[HTTP] --> GET /wd/hub/session/320183a2-d3b7-4c64-8f57-4572b8564e62
[HTTP] {}
[XCUITest] Merging WDA caps over Appium caps for session detail response
[HTTP] <-- GET /wd/hub/session/320183a2-d3b7-4c64-8f57-4572b8564e62 200 2 ms - 627
[HTTP] 
[HTTP] --> GET /wd/hub/session/320183a2-d3b7-4c64-8f57-4572b8564e62
[HTTP] {}
[XCUITest] Merging WDA caps over Appium caps for session detail response
[HTTP] <-- GET /wd/hub/session/320183a2-d3b7-4c64-8f57-4572b8564e62 200 2 ms - 627
[HTTP] 
[HTTP] --> POST /wd/hub/session/320183a2-d3b7-4c64-8f57-4572b8564e62/element/5005/click
[HTTP] {"id":"5005"}
[HTTP] <-- POST /wd/hub/session/320183a2-d3b7-4c64-8f57-4572b8564e62/element/5005/click 200 640 ms - 76
[HTTP] 
[HTTP] --> POST /wd/hub/session/320183a2-d3b7-4c64-8f57-4572b8564e62/elements
[HTTP] {"using":"xpath","value":"//label[@id = 'js-see-plans' and @href = '#' and (text() = 'Compare Plans ' or . = 'Compare Plans ')]"}
[HTTP] <-- POST /wd/hub/session/320183a2-d3b7-4c64-8f57-4572b8564e62/elements 200 319 ms - 92
[HTTP] 
[HTTP] --> GET /wd/hub/session/320183a2-d3b7-4c64-8f57-4572b8564e62
[HTTP] {}
[XCUITest] Merging WDA caps over Appium caps for session detail response
[HTTP] <-- GET /wd/hub/session/320183a2-d3b7-4c64-8f57-4572b8564e62 200 3 ms - 627
[HTTP] 
[HTTP] --> GET /wd/hub/session/320183a2-d3b7-4c64-8f57-4572b8564e62
[HTTP] {}
[XCUITest] Merging WDA caps over Appium caps for session detail response
[HTTP] <-- GET /wd/hub/session/320183a2-d3b7-4c64-8f57-4572b8564e62 200 2 ms - 627
[HTTP] 
[HTTP] --> GET /wd/hub/session/320183a2-d3b7-4c64-8f57-4572b8564e62
[HTTP] {}
[XCUITest] Merging WDA caps over Appium caps for session detail response
[HTTP] <-- GET /wd/hub/session/320183a2-d3b7-4c64-8f57-4572b8564e62 200 2 ms - 627
[HTTP] 
[HTTP] --> GET /wd/hub/session/320183a2-d3b7-4c64-8f57-4572b8564e62
[HTTP] {}
[XCUITest] Merging WDA caps over Appium caps for session detail response
[HTTP] <-- GET /wd/hub/session/320183a2-d3b7-4c64-8f57-4572b8564e62 200 2 ms - 627
[HTTP] 
[HTTP] --> POST /wd/hub/session/320183a2-d3b7-4c64-8f57-4572b8564e62/element/5006/click
[HTTP] {"id":"5006"}
[HTTP] <-- POST /wd/hub/session/320183a2-d3b7-4c64-8f57-4572b8564e62/element/5006/click 200 333 ms - 76
[HTTP] 
[HTTP] --> POST /wd/hub/session/320183a2-d3b7-4c64-8f57-4572b8564e62/elements
[HTTP] {"using":"xpath","value":"//*[@href = '/term-health-insurance/plan/slaico-il-plan-2-10000-30-20000-1000000' and (text() = 'Standard Life Select STM Plan 2 10K/30/1M' or . = 'Standard Life Select STM Plan 2 10K/30/1M')]"}
[HTTP] <-- POST /wd/hub/session/320183a2-d3b7-4c64-8f57-4572b8564e62/elements 200 1562 ms - 92
[HTTP] 
[HTTP] --> GET /wd/hub/session/320183a2-d3b7-4c64-8f57-4572b8564e62
[HTTP] {}
[XCUITest] Merging WDA caps over Appium caps for session detail response
[HTTP] <-- GET /wd/hub/session/320183a2-d3b7-4c64-8f57-4572b8564e62 200 2 ms - 627
[HTTP] 
[HTTP] --> GET /wd/hub/session/320183a2-d3b7-4c64-8f57-4572b8564e62
[HTTP] {}
[XCUITest] Merging WDA caps over Appium caps for session detail response
[HTTP] <-- GET /wd/hub/session/320183a2-d3b7-4c64-8f57-4572b8564e62 200 2 ms - 627
[HTTP] 
[HTTP] --> GET /wd/hub/session/320183a2-d3b7-4c64-8f57-4572b8564e62
[HTTP] {}
[XCUITest] Merging WDA caps over Appium caps for session detail response
[HTTP] <-- GET /wd/hub/session/320183a2-d3b7-4c64-8f57-4572b8564e62 200 2 ms - 627
[HTTP] 
[HTTP] --> GET /wd/hub/session/320183a2-d3b7-4c64-8f57-4572b8564e62
[HTTP] {}
[XCUITest] Merging WDA caps over Appium caps for session detail response
[HTTP] <-- GET /wd/hub/session/320183a2-d3b7-4c64-8f57-4572b8564e62 200 2 ms - 627
[HTTP] 
[HTTP] --> POST /wd/hub/session/320183a2-d3b7-4c64-8f57-4572b8564e62/execute
[HTTP] {"script":"arguments[0].scrollIntoView();","args":[{"ELEMENT":"5007","element-6066-11e4-a52e-4f735466cecf":"5007"}]}
[HTTP] <-- POST /wd/hub/session/320183a2-d3b7-4c64-8f57-4572b8564e62/execute 200 6460 ms - 76
[HTTP] 
[HTTP] --> POST /wd/hub/session/320183a2-d3b7-4c64-8f57-4572b8564e62/elements
[HTTP] {"using":"xpath","value":"//*[@href = '/term-health-insurance/plan/slaico-il-plan-2-10000-30-20000-1000000' and (text() = 'Standard Life Select STM Plan 2 10K/30/1M' or . = 'Standard Life Select STM Plan 2 10K/30/1M')]"}
[HTTP] <-- POST /wd/hub/session/320183a2-d3b7-4c64-8f57-4572b8564e62/elements 200 845 ms - 92
[HTTP] 
[HTTP] --> GET /wd/hub/session/320183a2-d3b7-4c64-8f57-4572b8564e62
[HTTP] {}
[XCUITest] Merging WDA caps over Appium caps for session detail response
[HTTP] <-- GET /wd/hub/session/320183a2-d3b7-4c64-8f57-4572b8564e62 200 2 ms - 627
[HTTP] 
[HTTP] --> GET /wd/hub/session/320183a2-d3b7-4c64-8f57-4572b8564e62
[HTTP] {}
[XCUITest] Merging WDA caps over Appium caps for session detail response
[HTTP] <-- GET /wd/hub/session/320183a2-d3b7-4c64-8f57-4572b8564e62 200 2 ms - 627
[HTTP] 
[HTTP] --> GET /wd/hub/session/320183a2-d3b7-4c64-8f57-4572b8564e62
[HTTP] {}
[XCUITest] Merging WDA caps over Appium caps for session detail response
[HTTP] <-- GET /wd/hub/session/320183a2-d3b7-4c64-8f57-4572b8564e62 200 2 ms - 627
[HTTP] 
[HTTP] --> GET /wd/hub/session/320183a2-d3b7-4c64-8f57-4572b8564e62
[HTTP] {}
[XCUITest] Merging WDA caps over Appium caps for session detail response
[HTTP] <-- GET /wd/hub/session/320183a2-d3b7-4c64-8f57-4572b8564e62 200 2 ms - 627
[HTTP] 
[HTTP] --> POST /wd/hub/session/320183a2-d3b7-4c64-8f57-4572b8564e62/element/5008/click
[HTTP] {"id":"5008"}
[HTTP] <-- POST /wd/hub/session/320183a2-d3b7-4c64-8f57-4572b8564e62/element/5008/click 200 1694 ms - 76
[HTTP] 
[HTTP] --> POST /wd/hub/session/320183a2-d3b7-4c64-8f57-4572b8564e62/elements
[HTTP] {"using":"xpath","value":"//*[@id = 'plan-details-primary-apply' and @href = '/term-health-insurance/apply/slaico-il-plan-2-10000-30-20000-1000000' and (text() = 'Apply for This Plan' or . = 'Apply for This Plan')]"}
[HTTP] <-- POST /wd/hub/session/320183a2-d3b7-4c64-8f57-4572b8564e62/elements 200 407 ms - 92
[HTTP] 
[HTTP] --> GET /wd/hub/session/320183a2-d3b7-4c64-8f57-4572b8564e62
[HTTP] {}
[XCUITest] Merging WDA caps over Appium caps for session detail response
[HTTP] <-- GET /wd/hub/session/320183a2-d3b7-4c64-8f57-4572b8564e62 200 2 ms - 627
[HTTP] 
[HTTP] --> GET /wd/hub/session/320183a2-d3b7-4c64-8f57-4572b8564e62
[HTTP] {}
[XCUITest] Merging WDA caps over Appium caps for session detail response
[HTTP] <-- GET /wd/hub/session/320183a2-d3b7-4c64-8f57-4572b8564e62 200 2 ms - 627
[HTTP] 
[HTTP] --> GET /wd/hub/session/320183a2-d3b7-4c64-8f57-4572b8564e62
[HTTP] {}
[XCUITest] Merging WDA caps over Appium caps for session detail response
[HTTP] <-- GET /wd/hub/session/320183a2-d3b7-4c64-8f57-4572b8564e62 200 2 ms - 627
[HTTP] 
[HTTP] --> GET /wd/hub/session/320183a2-d3b7-4c64-8f57-4572b8564e62
[HTTP] {}
[XCUITest] Merging WDA caps over Appium caps for session detail response
[HTTP] <-- GET /wd/hub/session/320183a2-d3b7-4c64-8f57-4572b8564e62 200 2 ms - 627
[HTTP] 
[HTTP] --> GET /wd/hub/session/320183a2-d3b7-4c64-8f57-4572b8564e62/element/5009/displayed
[HTTP] {}
[HTTP] <-- GET /wd/hub/session/320183a2-d3b7-4c64-8f57-4572b8564e62/element/5009/displayed 200 204 ms - 76
[HTTP] 
[HTTP] --> POST /wd/hub/session/320183a2-d3b7-4c64-8f57-4572b8564e62/elements
[HTTP] {"using":"xpath","value":"//*[@id = 'plan-details-primary-apply' and @href = '/term-health-insurance/apply/slaico-il-plan-2-10000-30-20000-1000000' and (text() = 'Apply for This Plan' or . = 'Apply for This Plan')]"}
[HTTP] <-- POST /wd/hub/session/320183a2-d3b7-4c64-8f57-4572b8564e62/elements 200 697 ms - 92
[HTTP] 
[HTTP] --> GET /wd/hub/session/320183a2-d3b7-4c64-8f57-4572b8564e62
[HTTP] {}
[XCUITest] Merging WDA caps over Appium caps for session detail response
[HTTP] <-- GET /wd/hub/session/320183a2-d3b7-4c64-8f57-4572b8564e62 200 2 ms - 627
[HTTP] 
[HTTP] --> GET /wd/hub/session/320183a2-d3b7-4c64-8f57-4572b8564e62
[HTTP] {}
[XCUITest] Merging WDA caps over Appium caps for session detail response
[HTTP] <-- GET /wd/hub/session/320183a2-d3b7-4c64-8f57-4572b8564e62 200 2 ms - 627
[HTTP] 
[HTTP] --> GET /wd/hub/session/320183a2-d3b7-4c64-8f57-4572b8564e62
[HTTP] {}
[XCUITest] Merging WDA caps over Appium caps for session detail response
[HTTP] <-- GET /wd/hub/session/320183a2-d3b7-4c64-8f57-4572b8564e62 200 2 ms - 627
[HTTP] 
[HTTP] --> GET /wd/hub/session/320183a2-d3b7-4c64-8f57-4572b8564e62
[HTTP] {}
[XCUITest] Merging WDA caps over Appium caps for session detail response
[HTTP] <-- GET /wd/hub/session/320183a2-d3b7-4c64-8f57-4572b8564e62 200 2 ms - 627
[HTTP] 
[HTTP] --> POST /wd/hub/session/320183a2-d3b7-4c64-8f57-4572b8564e62/element/5010/click
[HTTP] {"id":"5010"}
[HTTP] <-- POST /wd/hub/session/320183a2-d3b7-4c64-8f57-4572b8564e62/element/5010/click 200 296 ms - 76
[HTTP] 
[HTTP] --> POST /wd/hub/session/320183a2-d3b7-4c64-8f57-4572b8564e62/elements
[HTTP] {"using":"xpath","value":"id(\"applyButton\")[count(. | //*[@id = 'applyButton' and (text() = ' Start Secure Application' or . = ' Start Secure Application')]) = count(//*[@id = 'applyButton' and (text() = ' Start Secure Application' or . = ' Start Secure Application')])]"}
[HTTP] <-- POST /wd/hub/session/320183a2-d3b7-4c64-8f57-4572b8564e62/elements 200 755 ms - 92
[HTTP] 
[HTTP] --> GET /wd/hub/session/320183a2-d3b7-4c64-8f57-4572b8564e62
[HTTP] {}
[XCUITest] Merging WDA caps over Appium caps for session detail response
[HTTP] <-- GET /wd/hub/session/320183a2-d3b7-4c64-8f57-4572b8564e62 200 2 ms - 627
[HTTP] 
[HTTP] --> GET /wd/hub/session/320183a2-d3b7-4c64-8f57-4572b8564e62
[HTTP] {}
[XCUITest] Merging WDA caps over Appium caps for session detail response
[HTTP] <-- GET /wd/hub/session/320183a2-d3b7-4c64-8f57-4572b8564e62 200 2 ms - 627
[HTTP] 
[HTTP] --> GET /wd/hub/session/320183a2-d3b7-4c64-8f57-4572b8564e62
[HTTP] {}
[XCUITest] Merging WDA caps over Appium caps for session detail response
[HTTP] <-- GET /wd/hub/session/320183a2-d3b7-4c64-8f57-4572b8564e62 200 2 ms - 627
[HTTP] 
[HTTP] --> GET /wd/hub/session/320183a2-d3b7-4c64-8f57-4572b8564e62
[HTTP] {}
[XCUITest] Merging WDA caps over Appium caps for session detail response
[HTTP] <-- GET /wd/hub/session/320183a2-d3b7-4c64-8f57-4572b8564e62 200 2 ms - 627
[HTTP] 
[HTTP] --> GET /wd/hub/session/320183a2-d3b7-4c64-8f57-4572b8564e62/element/5011/displayed
[HTTP] {}
[HTTP] <-- GET /wd/hub/session/320183a2-d3b7-4c64-8f57-4572b8564e62/element/5011/displayed 200 484 ms - 76
[HTTP] 
[HTTP] --> POST /wd/hub/session/320183a2-d3b7-4c64-8f57-4572b8564e62/elements
[HTTP] {"using":"xpath","value":"id(\"applyButton\")[count(. | //*[@id = 'applyButton' and (text() = ' Start Secure Application' or . = ' Start Secure Application')]) = count(//*[@id = 'applyButton' and (text() = ' Start Secure Application' or . = ' Start Secure Application')])]"}
[HTTP] <-- POST /wd/hub/session/320183a2-d3b7-4c64-8f57-4572b8564e62/elements 200 332 ms - 92
[HTTP] 
[HTTP] --> GET /wd/hub/session/320183a2-d3b7-4c64-8f57-4572b8564e62
[HTTP] {}
[XCUITest] Merging WDA caps over Appium caps for session detail response
[HTTP] <-- GET /wd/hub/session/320183a2-d3b7-4c64-8f57-4572b8564e62 200 2 ms - 627
[HTTP] 
[HTTP] --> GET /wd/hub/session/320183a2-d3b7-4c64-8f57-4572b8564e62
[HTTP] {}
[XCUITest] Merging WDA caps over Appium caps for session detail response
[HTTP] <-- GET /wd/hub/session/320183a2-d3b7-4c64-8f57-4572b8564e62 200 2 ms - 627
[HTTP] 
[HTTP] --> GET /wd/hub/session/320183a2-d3b7-4c64-8f57-4572b8564e62
[HTTP] {}
[XCUITest] Merging WDA caps over Appium caps for session detail response
[HTTP] <-- GET /wd/hub/session/320183a2-d3b7-4c64-8f57-4572b8564e62 200 2 ms - 627
[HTTP] 
[HTTP] --> GET /wd/hub/session/320183a2-d3b7-4c64-8f57-4572b8564e62
[HTTP] {}
[XCUITest] Merging WDA caps over Appium caps for session detail response
[HTTP] <-- GET /wd/hub/session/320183a2-d3b7-4c64-8f57-4572b8564e62 200 2 ms - 627
[HTTP] 
[HTTP] --> POST /wd/hub/session/320183a2-d3b7-4c64-8f57-4572b8564e62/element/5012/click
[HTTP] {"id":"5012"}
[HTTP] <-- POST /wd/hub/session/320183a2-d3b7-4c64-8f57-4572b8564e62/element/5012/click 200 2079 ms - 76
[HTTP] 
[HTTP] --> POST /wd/hub/session/320183a2-d3b7-4c64-8f57-4572b8564e62/execute
[HTTP] {"script":"return document.readyState","args":[]}
[HTTP] <-- POST /wd/hub/session/320183a2-d3b7-4c64-8f57-4572b8564e62/execute 200 810 ms - 82
[HTTP] 
[HTTP] --> POST /wd/hub/session/320183a2-d3b7-4c64-8f57-4572b8564e62/elements
[HTTP] {"using":"xpath","value":"//button[(text() = 'No' or . = 'No')]"}
[HTTP] <-- POST /wd/hub/session/320183a2-d3b7-4c64-8f57-4572b8564e62/elements 200 1352 ms - 74
[HTTP] 
[HTTP] --> POST /wd/hub/session/320183a2-d3b7-4c64-8f57-4572b8564e62/elements
[HTTP] {"using":"xpath","value":"//button[(text() = 'No' or . = 'No')]"}
[HTTP] <-- POST /wd/hub/session/320183a2-d3b7-4c64-8f57-4572b8564e62/elements 200 494 ms - 74
[HTTP] 
[HTTP] --> POST /wd/hub/session/320183a2-d3b7-4c64-8f57-4572b8564e62/elements
[HTTP] {"using":"xpath","value":"//button[(text() = 'No' or . = 'No')]"}
[HTTP] <-- POST /wd/hub/session/320183a2-d3b7-4c64-8f57-4572b8564e62/elements 200 199 ms - 74
[HTTP] 
[HTTP] --> POST /wd/hub/session/320183a2-d3b7-4c64-8f57-4572b8564e62/elements
[HTTP] {"using":"xpath","value":"//button[(text() = 'No' or . = 'No')]"}
[HTTP] <-- POST /wd/hub/session/320183a2-d3b7-4c64-8f57-4572b8564e62/elements 200 193 ms - 74
[HTTP] 
[HTTP] --> POST /wd/hub/session/320183a2-d3b7-4c64-8f57-4572b8564e62/elements
[HTTP] {"using":"xpath","value":"//button[(text() = 'No' or . = 'No')]"}
[HTTP] <-- POST /wd/hub/session/320183a2-d3b7-4c64-8f57-4572b8564e62/elements 200 193 ms - 74
[HTTP] 
[HTTP] --> POST /wd/hub/session/320183a2-d3b7-4c64-8f57-4572b8564e62/elements
[HTTP] {"using":"xpath","value":"//button[(text() = 'No' or . = 'No')]"}
[HTTP] <-- POST /wd/hub/session/320183a2-d3b7-4c64-8f57-4572b8564e62/elements 200 400 ms - 74
[HTTP] 
[HTTP] --> POST /wd/hub/session/320183a2-d3b7-4c64-8f57-4572b8564e62/elements
[HTTP] {"using":"xpath","value":"//button[(text() = 'No' or . = 'No')]"}
[HTTP] <-- POST /wd/hub/session/320183a2-d3b7-4c64-8f57-4572b8564e62/elements 200 593 ms - 187
[HTTP] 
[HTTP] --> GET /wd/hub/session/320183a2-d3b7-4c64-8f57-4572b8564e62
[HTTP] {}
[XCUITest] Merging WDA caps over Appium caps for session detail response
[HTTP] <-- GET /wd/hub/session/320183a2-d3b7-4c64-8f57-4572b8564e62 200 2 ms - 627
[HTTP] 
[HTTP] --> GET /wd/hub/session/320183a2-d3b7-4c64-8f57-4572b8564e62
[HTTP] {}
[XCUITest] Merging WDA caps over Appium caps for session detail response
[HTTP] <-- GET /wd/hub/session/320183a2-d3b7-4c64-8f57-4572b8564e62 200 2 ms - 627
[HTTP] 
[HTTP] --> GET /wd/hub/session/320183a2-d3b7-4c64-8f57-4572b8564e62
[HTTP] {}
[XCUITest] Merging WDA caps over Appium caps for session detail response
[HTTP] <-- GET /wd/hub/session/320183a2-d3b7-4c64-8f57-4572b8564e62 200 2 ms - 627
[HTTP] 
[HTTP] --> GET /wd/hub/session/320183a2-d3b7-4c64-8f57-4572b8564e62
[HTTP] {}
[XCUITest] Merging WDA caps over Appium caps for session detail response
[HTTP] <-- GET /wd/hub/session/320183a2-d3b7-4c64-8f57-4572b8564e62 200 2 ms - 627
[HTTP] 
[HTTP] --> GET /wd/hub/session/320183a2-d3b7-4c64-8f57-4572b8564e62
[HTTP] {}
[XCUITest] Merging WDA caps over Appium caps for session detail response
[HTTP] <-- GET /wd/hub/session/320183a2-d3b7-4c64-8f57-4572b8564e62 200 2 ms - 627
[HTTP] 
[HTTP] --> GET /wd/hub/session/320183a2-d3b7-4c64-8f57-4572b8564e62
[HTTP] {}
[XCUITest] Merging WDA caps over Appium caps for session detail response
[HTTP] <-- GET /wd/hub/session/320183a2-d3b7-4c64-8f57-4572b8564e62 200 2 ms - 627
[HTTP] 
[HTTP] --> GET /wd/hub/session/320183a2-d3b7-4c64-8f57-4572b8564e62
[HTTP] {}
[XCUITest] Merging WDA caps over Appium caps for session detail response
[HTTP] <-- GET /wd/hub/session/320183a2-d3b7-4c64-8f57-4572b8564e62 200 2 ms - 627
[HTTP] 
[HTTP] --> GET /wd/hub/session/320183a2-d3b7-4c64-8f57-4572b8564e62
[HTTP] {}
[XCUITest] Merging WDA caps over Appium caps for session detail response
[HTTP] <-- GET /wd/hub/session/320183a2-d3b7-4c64-8f57-4572b8564e62 200 2 ms - 627
[HTTP] 
[HTTP] --> GET /wd/hub/session/320183a2-d3b7-4c64-8f57-4572b8564e62
[HTTP] {}
[XCUITest] Merging WDA caps over Appium caps for session detail response
[HTTP] <-- GET /wd/hub/session/320183a2-d3b7-4c64-8f57-4572b8564e62 200 2 ms - 627
[HTTP] 
[HTTP] --> GET /wd/hub/session/320183a2-d3b7-4c64-8f57-4572b8564e62
[HTTP] {}
[XCUITest] Merging WDA caps over Appium caps for session detail response
[HTTP] <-- GET /wd/hub/session/320183a2-d3b7-4c64-8f57-4572b8564e62 200 2 ms - 627
[HTTP] 
[HTTP] --> GET /wd/hub/session/320183a2-d3b7-4c64-8f57-4572b8564e62
[HTTP] {}
[XCUITest] Merging WDA caps over Appium caps for session detail response
[HTTP] <-- GET /wd/hub/session/320183a2-d3b7-4c64-8f57-4572b8564e62 200 2 ms - 627
[HTTP] 
[HTTP] --> GET /wd/hub/session/320183a2-d3b7-4c64-8f57-4572b8564e62
[HTTP] {}
[XCUITest] Merging WDA caps over Appium caps for session detail response
[HTTP] <-- GET /wd/hub/session/320183a2-d3b7-4c64-8f57-4572b8564e62 200 2 ms - 627
[HTTP] 
[HTTP] --> GET /wd/hub/session/320183a2-d3b7-4c64-8f57-4572b8564e62
[HTTP] {}
[XCUITest] Merging WDA caps over Appium caps for session detail response
[HTTP] <-- GET /wd/hub/session/320183a2-d3b7-4c64-8f57-4572b8564e62 200 2 ms - 627
[HTTP] 
[HTTP] --> GET /wd/hub/session/320183a2-d3b7-4c64-8f57-4572b8564e62
[HTTP] {}
[XCUITest] Merging WDA caps over Appium caps for session detail response
[HTTP] <-- GET /wd/hub/session/320183a2-d3b7-4c64-8f57-4572b8564e62 200 2 ms - 627
[HTTP] 
[HTTP] --> GET /wd/hub/session/320183a2-d3b7-4c64-8f57-4572b8564e62
[HTTP] {}
[XCUITest] Merging WDA caps over Appium caps for session detail response
[HTTP] <-- GET /wd/hub/session/320183a2-d3b7-4c64-8f57-4572b8564e62 200 2 ms - 627
[HTTP] 
[HTTP] --> GET /wd/hub/session/320183a2-d3b7-4c64-8f57-4572b8564e62
[HTTP] {}
[XCUITest] Merging WDA caps over Appium caps for session detail response
[HTTP] <-- GET /wd/hub/session/320183a2-d3b7-4c64-8f57-4572b8564e62 200 2 ms - 627
[HTTP] 
[HTTP] --> GET /wd/hub/session/320183a2-d3b7-4c64-8f57-4572b8564e62
[HTTP] {}
[XCUITest] Merging WDA caps over Appium caps for session detail response
[HTTP] <-- GET /wd/hub/session/320183a2-d3b7-4c64-8f57-4572b8564e62 200 2 ms - 627
[HTTP] 
[HTTP] --> GET /wd/hub/session/320183a2-d3b7-4c64-8f57-4572b8564e62
[HTTP] {}
[XCUITest] Merging WDA caps over Appium caps for session detail response
[HTTP] <-- GET /wd/hub/session/320183a2-d3b7-4c64-8f57-4572b8564e62 200 2 ms - 627
[HTTP] 
[HTTP] --> GET /wd/hub/session/320183a2-d3b7-4c64-8f57-4572b8564e62
[HTTP] {}
[XCUITest] Merging WDA caps over Appium caps for session detail response
[HTTP] <-- GET /wd/hub/session/320183a2-d3b7-4c64-8f57-4572b8564e62 200 5 ms - 627
[HTTP] 
[HTTP] --> GET /wd/hub/session/320183a2-d3b7-4c64-8f57-4572b8564e62
[HTTP] {}
[XCUITest] Merging WDA caps over Appium caps for session detail response
[HTTP] <-- GET /wd/hub/session/320183a2-d3b7-4c64-8f57-4572b8564e62 200 2 ms - 627
[HTTP] 
[HTTP] --> GET /wd/hub/session/320183a2-d3b7-4c64-8f57-4572b8564e62
[HTTP] {}
[XCUITest] Merging WDA caps over Appium caps for session detail response
[HTTP] <-- GET /wd/hub/session/320183a2-d3b7-4c64-8f57-4572b8564e62 200 3 ms - 627
[HTTP] 
[HTTP] --> GET /wd/hub/session/320183a2-d3b7-4c64-8f57-4572b8564e62
[HTTP] {}
[XCUITest] Merging WDA caps over Appium caps for session detail response
[HTTP] <-- GET /wd/hub/session/320183a2-d3b7-4c64-8f57-4572b8564e62 200 2 ms - 627
[HTTP] 
[HTTP] --> GET /wd/hub/session/320183a2-d3b7-4c64-8f57-4572b8564e62
[HTTP] {}
[XCUITest] Merging WDA caps over Appium caps for session detail response
[HTTP] <-- GET /wd/hub/session/320183a2-d3b7-4c64-8f57-4572b8564e62 200 2 ms - 627
[HTTP] 
[HTTP] --> GET /wd/hub/session/320183a2-d3b7-4c64-8f57-4572b8564e62
[HTTP] {}
[XCUITest] Merging WDA caps over Appium caps for session detail response
[HTTP] <-- GET /wd/hub/session/320183a2-d3b7-4c64-8f57-4572b8564e62 200 2 ms - 627
[HTTP] 
[HTTP] --> POST /wd/hub/session/320183a2-d3b7-4c64-8f57-4572b8564e62/element/5013/click
[HTTP] {"id":"5013"}
[HTTP] <-- POST /wd/hub/session/320183a2-d3b7-4c64-8f57-4572b8564e62/element/5013/click 200 3960 ms - 76
[HTTP] 
[HTTP] --> POST /wd/hub/session/320183a2-d3b7-4c64-8f57-4572b8564e62/elements
[HTTP] {"using":"xpath","value":"//li[2]/div/button"}
[HTTP] <-- POST /wd/hub/session/320183a2-d3b7-4c64-8f57-4572b8564e62/elements 200 1152 ms - 111
[HTTP] 
[HTTP] --> GET /wd/hub/session/320183a2-d3b7-4c64-8f57-4572b8564e62
[HTTP] {}
[XCUITest] Merging WDA caps over Appium caps for session detail response
[HTTP] <-- GET /wd/hub/session/320183a2-d3b7-4c64-8f57-4572b8564e62 200 3 ms - 627
[HTTP] 
[HTTP] --> GET /wd/hub/session/320183a2-d3b7-4c64-8f57-4572b8564e62
[HTTP] {}
[XCUITest] Merging WDA caps over Appium caps for session detail response
[HTTP] <-- GET /wd/hub/session/320183a2-d3b7-4c64-8f57-4572b8564e62 200 2 ms - 627
[HTTP] 
[HTTP] --> GET /wd/hub/session/320183a2-d3b7-4c64-8f57-4572b8564e62
[HTTP] {}
[XCUITest] Merging WDA caps over Appium caps for session detail response
[HTTP] <-- GET /wd/hub/session/320183a2-d3b7-4c64-8f57-4572b8564e62 200 2 ms - 627
[HTTP] 
[HTTP] --> GET /wd/hub/session/320183a2-d3b7-4c64-8f57-4572b8564e62
[HTTP] {}
[XCUITest] Merging WDA caps over Appium caps for session detail response
[HTTP] <-- GET /wd/hub/session/320183a2-d3b7-4c64-8f57-4572b8564e62 200 4 ms - 627
[HTTP] 
[HTTP] --> GET /wd/hub/session/320183a2-d3b7-4c64-8f57-4572b8564e62
[HTTP] {}
[XCUITest] Merging WDA caps over Appium caps for session detail response
[HTTP] <-- GET /wd/hub/session/320183a2-d3b7-4c64-8f57-4572b8564e62 200 2 ms - 627
[HTTP] 
[HTTP] --> GET /wd/hub/session/320183a2-d3b7-4c64-8f57-4572b8564e62
[HTTP] {}
[XCUITest] Merging WDA caps over Appium caps for session detail response
[HTTP] <-- GET /wd/hub/session/320183a2-d3b7-4c64-8f57-4572b8564e62 200 2 ms - 627
[HTTP] 
[HTTP] --> GET /wd/hub/session/320183a2-d3b7-4c64-8f57-4572b8564e62
[HTTP] {}
[XCUITest] Merging WDA caps over Appium caps for session detail response
[HTTP] <-- GET /wd/hub/session/320183a2-d3b7-4c64-8f57-4572b8564e62 200 4 ms - 627
[HTTP] 
[HTTP] --> GET /wd/hub/session/320183a2-d3b7-4c64-8f57-4572b8564e62
[HTTP] {}
[XCUITest] Merging WDA caps over Appium caps for session detail response
[HTTP] <-- GET /wd/hub/session/320183a2-d3b7-4c64-8f57-4572b8564e62 200 2 ms - 627
[HTTP] 
[HTTP] --> GET /wd/hub/session/320183a2-d3b7-4c64-8f57-4572b8564e62/element/5019/displayed
[HTTP] {}
[HTTP] <-- GET /wd/hub/session/320183a2-d3b7-4c64-8f57-4572b8564e62/element/5019/displayed 200 1697 ms - 76
[HTTP] 
[HTTP] --> POST /wd/hub/session/320183a2-d3b7-4c64-8f57-4572b8564e62/elements
[HTTP] {"using":"xpath","value":"//li[2]/div/button"}
[HTTP] <-- POST /wd/hub/session/320183a2-d3b7-4c64-8f57-4572b8564e62/elements 200 2324 ms - 111
[HTTP] 
[HTTP] --> GET /wd/hub/session/320183a2-d3b7-4c64-8f57-4572b8564e62
[HTTP] {}
[XCUITest] Merging WDA caps over Appium caps for session detail response
[HTTP] <-- GET /wd/hub/session/320183a2-d3b7-4c64-8f57-4572b8564e62 200 2 ms - 627
[HTTP] 
[HTTP] --> GET /wd/hub/session/320183a2-d3b7-4c64-8f57-4572b8564e62
[HTTP] {}
[XCUITest] Merging WDA caps over Appium caps for session detail response
[HTTP] <-- GET /wd/hub/session/320183a2-d3b7-4c64-8f57-4572b8564e62 200 2 ms - 627
[HTTP] 
[HTTP] --> GET /wd/hub/session/320183a2-d3b7-4c64-8f57-4572b8564e62
[HTTP] {}
[XCUITest] Merging WDA caps over Appium caps for session detail response
[HTTP] <-- GET /wd/hub/session/320183a2-d3b7-4c64-8f57-4572b8564e62 200 2 ms - 627
[HTTP] 
[HTTP] --> GET /wd/hub/session/320183a2-d3b7-4c64-8f57-4572b8564e62
[HTTP] {}
[XCUITest] Merging WDA caps over Appium caps for session detail response
[HTTP] <-- GET /wd/hub/session/320183a2-d3b7-4c64-8f57-4572b8564e62 200 2 ms - 627
[HTTP] 
[HTTP] --> GET /wd/hub/session/320183a2-d3b7-4c64-8f57-4572b8564e62
[HTTP] {}
[XCUITest] Merging WDA caps over Appium caps for session detail response
[HTTP] <-- GET /wd/hub/session/320183a2-d3b7-4c64-8f57-4572b8564e62 200 2 ms - 627
[HTTP] 
[HTTP] --> GET /wd/hub/session/320183a2-d3b7-4c64-8f57-4572b8564e62
[HTTP] {}
[XCUITest] Merging WDA caps over Appium caps for session detail response
[HTTP] <-- GET /wd/hub/session/320183a2-d3b7-4c64-8f57-4572b8564e62 200 2 ms - 627
[HTTP] 
[HTTP] --> GET /wd/hub/session/320183a2-d3b7-4c64-8f57-4572b8564e62
[HTTP] {}
[XCUITest] Merging WDA caps over Appium caps for session detail response
[HTTP] <-- GET /wd/hub/session/320183a2-d3b7-4c64-8f57-4572b8564e62 200 2 ms - 627
[HTTP] 
[HTTP] --> GET /wd/hub/session/320183a2-d3b7-4c64-8f57-4572b8564e62
[HTTP] {}
[XCUITest] Merging WDA caps over Appium caps for session detail response
[HTTP] <-- GET /wd/hub/session/320183a2-d3b7-4c64-8f57-4572b8564e62 200 2 ms - 627
[HTTP] 
[HTTP] --> POST /wd/hub/session/320183a2-d3b7-4c64-8f57-4572b8564e62/element/5021/click
[HTTP] {"id":"5021"}
[HTTP] <-- POST /wd/hub/session/320183a2-d3b7-4c64-8f57-4572b8564e62/element/5021/click 200 1590 ms - 76
[HTTP] 
[HTTP] --> POST /wd/hub/session/320183a2-d3b7-4c64-8f57-4572b8564e62/elements
[HTTP] {"using":"xpath","value":"//li[3]/div/button"}
[HTTP] <-- POST /wd/hub/session/320183a2-d3b7-4c64-8f57-4572b8564e62/elements 200 952 ms - 111
[HTTP] 
[HTTP] --> GET /wd/hub/session/320183a2-d3b7-4c64-8f57-4572b8564e62
[HTTP] {}
[XCUITest] Merging WDA caps over Appium caps for session detail response
[HTTP] <-- GET /wd/hub/session/320183a2-d3b7-4c64-8f57-4572b8564e62 200 2 ms - 627
[HTTP] 
[HTTP] --> GET /wd/hub/session/320183a2-d3b7-4c64-8f57-4572b8564e62
[HTTP] {}
[XCUITest] Merging WDA caps over Appium caps for session detail response
[HTTP] <-- GET /wd/hub/session/320183a2-d3b7-4c64-8f57-4572b8564e62 200 2 ms - 627
[HTTP] 
[HTTP] --> GET /wd/hub/session/320183a2-d3b7-4c64-8f57-4572b8564e62
[HTTP] {}
[XCUITest] Merging WDA caps over Appium caps for session detail response
[HTTP] <-- GET /wd/hub/session/320183a2-d3b7-4c64-8f57-4572b8564e62 200 2 ms - 627
[HTTP] 
[HTTP] --> GET /wd/hub/session/320183a2-d3b7-4c64-8f57-4572b8564e62
[HTTP] {}
[XCUITest] Merging WDA caps over Appium caps for session detail response
[HTTP] <-- GET /wd/hub/session/320183a2-d3b7-4c64-8f57-4572b8564e62 200 3 ms - 627
[HTTP] 
[HTTP] --> GET /wd/hub/session/320183a2-d3b7-4c64-8f57-4572b8564e62
[HTTP] {}
[XCUITest] Merging WDA caps over Appium caps for session detail response
[HTTP] <-- GET /wd/hub/session/320183a2-d3b7-4c64-8f57-4572b8564e62 200 2 ms - 627
[HTTP] 
[HTTP] --> GET /wd/hub/session/320183a2-d3b7-4c64-8f57-4572b8564e62
[HTTP] {}
[XCUITest] Merging WDA caps over Appium caps for session detail response
[HTTP] <-- GET /wd/hub/session/320183a2-d3b7-4c64-8f57-4572b8564e62 200 2 ms - 627
[HTTP] 
[HTTP] --> GET /wd/hub/session/320183a2-d3b7-4c64-8f57-4572b8564e62
[HTTP] {}
[XCUITest] Merging WDA caps over Appium caps for session detail response
[HTTP] <-- GET /wd/hub/session/320183a2-d3b7-4c64-8f57-4572b8564e62 200 3 ms - 627
[HTTP] 
[HTTP] --> GET /wd/hub/session/320183a2-d3b7-4c64-8f57-4572b8564e62
[HTTP] {}
[XCUITest] Merging WDA caps over Appium caps for session detail response
[HTTP] <-- GET /wd/hub/session/320183a2-d3b7-4c64-8f57-4572b8564e62 200 2 ms - 627
[HTTP] 
[HTTP] --> GET /wd/hub/session/320183a2-d3b7-4c64-8f57-4572b8564e62/element/5023/displayed
[HTTP] {}
[HTTP] <-- GET /wd/hub/session/320183a2-d3b7-4c64-8f57-4572b8564e62/element/5023/displayed 200 3246 ms - 76
[HTTP] 
[HTTP] --> POST /wd/hub/session/320183a2-d3b7-4c64-8f57-4572b8564e62/elements
[HTTP] {"using":"xpath","value":"//li[3]/div/button"}
[HTTP] <-- POST /wd/hub/session/320183a2-d3b7-4c64-8f57-4572b8564e62/elements 200 900 ms - 111
[HTTP] 
[HTTP] --> GET /wd/hub/session/320183a2-d3b7-4c64-8f57-4572b8564e62
[HTTP] {}
[XCUITest] Merging WDA caps over Appium caps for session detail response
[HTTP] <-- GET /wd/hub/session/320183a2-d3b7-4c64-8f57-4572b8564e62 200 2 ms - 627
[HTTP] 
[HTTP] --> GET /wd/hub/session/320183a2-d3b7-4c64-8f57-4572b8564e62
[HTTP] {}
[XCUITest] Merging WDA caps over Appium caps for session detail response
[HTTP] <-- GET /wd/hub/session/320183a2-d3b7-4c64-8f57-4572b8564e62 200 2 ms - 627
[HTTP] 
[HTTP] --> GET /wd/hub/session/320183a2-d3b7-4c64-8f57-4572b8564e62
[HTTP] {}
[XCUITest] Merging WDA caps over Appium caps for session detail response
[HTTP] <-- GET /wd/hub/session/320183a2-d3b7-4c64-8f57-4572b8564e62 200 2 ms - 627
[HTTP] 
[HTTP] --> GET /wd/hub/session/320183a2-d3b7-4c64-8f57-4572b8564e62
[HTTP] {}
[XCUITest] Merging WDA caps over Appium caps for session detail response
[HTTP] <-- GET /wd/hub/session/320183a2-d3b7-4c64-8f57-4572b8564e62 200 2 ms - 627
[HTTP] 
[HTTP] --> GET /wd/hub/session/320183a2-d3b7-4c64-8f57-4572b8564e62
[HTTP] {}
[XCUITest] Merging WDA caps over Appium caps for session detail response
[HTTP] <-- GET /wd/hub/session/320183a2-d3b7-4c64-8f57-4572b8564e62 200 2 ms - 627
[HTTP] 
[HTTP] --> GET /wd/hub/session/320183a2-d3b7-4c64-8f57-4572b8564e62
[HTTP] {}
[XCUITest] Merging WDA caps over Appium caps for session detail response
[HTTP] <-- GET /wd/hub/session/320183a2-d3b7-4c64-8f57-4572b8564e62 200 2 ms - 627
[HTTP] 
[HTTP] --> GET /wd/hub/session/320183a2-d3b7-4c64-8f57-4572b8564e62
[HTTP] {}
[XCUITest] Merging WDA caps over Appium caps for session detail response
[HTTP] <-- GET /wd/hub/session/320183a2-d3b7-4c64-8f57-4572b8564e62 200 2 ms - 627
[HTTP] 
[HTTP] --> GET /wd/hub/session/320183a2-d3b7-4c64-8f57-4572b8564e62
[HTTP] {}
[XCUITest] Merging WDA caps over Appium caps for session detail response
[HTTP] <-- GET /wd/hub/session/320183a2-d3b7-4c64-8f57-4572b8564e62 200 2 ms - 627
[HTTP] 
[HTTP] --> POST /wd/hub/session/320183a2-d3b7-4c64-8f57-4572b8564e62/element/5025/click
[HTTP] {"id":"5025"}
[HTTP] <-- POST /wd/hub/session/320183a2-d3b7-4c64-8f57-4572b8564e62/element/5025/click 200 1039 ms - 76
[HTTP] 
[HTTP] --> POST /wd/hub/session/320183a2-d3b7-4c64-8f57-4572b8564e62/elements
[HTTP] {"using":"xpath","value":"//li[4]/div/button"}
[HTTP] <-- POST /wd/hub/session/320183a2-d3b7-4c64-8f57-4572b8564e62/elements 200 1699 ms - 111
[HTTP] 
[HTTP] --> GET /wd/hub/session/320183a2-d3b7-4c64-8f57-4572b8564e62
[HTTP] {}
[XCUITest] Merging WDA caps over Appium caps for session detail response
[HTTP] <-- GET /wd/hub/session/320183a2-d3b7-4c64-8f57-4572b8564e62 200 3 ms - 627
[HTTP] 
[HTTP] --> GET /wd/hub/session/320183a2-d3b7-4c64-8f57-4572b8564e62
[HTTP] {}
[XCUITest] Merging WDA caps over Appium caps for session detail response
[HTTP] <-- GET /wd/hub/session/320183a2-d3b7-4c64-8f57-4572b8564e62 200 2 ms - 627
[HTTP] 
[HTTP] --> GET /wd/hub/session/320183a2-d3b7-4c64-8f57-4572b8564e62
[HTTP] {}
[XCUITest] Merging WDA caps over Appium caps for session detail response
[HTTP] <-- GET /wd/hub/session/320183a2-d3b7-4c64-8f57-4572b8564e62 200 2 ms - 627
[HTTP] 
[HTTP] --> GET /wd/hub/session/320183a2-d3b7-4c64-8f57-4572b8564e62
[HTTP] {}
[XCUITest] Merging WDA caps over Appium caps for session detail response
[HTTP] <-- GET /wd/hub/session/320183a2-d3b7-4c64-8f57-4572b8564e62 200 2 ms - 627
[HTTP] 
[HTTP] --> GET /wd/hub/session/320183a2-d3b7-4c64-8f57-4572b8564e62
[HTTP] {}
[XCUITest] Merging WDA caps over Appium caps for session detail response
[HTTP] <-- GET /wd/hub/session/320183a2-d3b7-4c64-8f57-4572b8564e62 200 2 ms - 627
[HTTP] 
[HTTP] --> GET /wd/hub/session/320183a2-d3b7-4c64-8f57-4572b8564e62
[HTTP] {}
[XCUITest] Merging WDA caps over Appium caps for session detail response
[HTTP] <-- GET /wd/hub/session/320183a2-d3b7-4c64-8f57-4572b8564e62 200 2 ms - 627
[HTTP] 
[HTTP] --> GET /wd/hub/session/320183a2-d3b7-4c64-8f57-4572b8564e62
[HTTP] {}
[XCUITest] Merging WDA caps over Appium caps for session detail response
[HTTP] <-- GET /wd/hub/session/320183a2-d3b7-4c64-8f57-4572b8564e62 200 2 ms - 627
[HTTP] 
[HTTP] --> GET /wd/hub/session/320183a2-d3b7-4c64-8f57-4572b8564e62
[HTTP] {}
[XCUITest] Merging WDA caps over Appium caps for session detail response
[HTTP] <-- GET /wd/hub/session/320183a2-d3b7-4c64-8f57-4572b8564e62 200 2 ms - 627
[HTTP] 
[HTTP] --> GET /wd/hub/session/320183a2-d3b7-4c64-8f57-4572b8564e62/element/5027/displayed
[HTTP] {}
[HTTP] <-- GET /wd/hub/session/320183a2-d3b7-4c64-8f57-4572b8564e62/element/5027/displayed 200 2656 ms - 76
[HTTP] 
[HTTP] --> POST /wd/hub/session/320183a2-d3b7-4c64-8f57-4572b8564e62/elements
[HTTP] {"using":"xpath","value":"//li[4]/div/button"}
[HTTP] <-- POST /wd/hub/session/320183a2-d3b7-4c64-8f57-4572b8564e62/elements 200 3992 ms - 111
[HTTP] 
[HTTP] --> GET /wd/hub/session/320183a2-d3b7-4c64-8f57-4572b8564e62
[HTTP] {}
[XCUITest] Merging WDA caps over Appium caps for session detail response
[HTTP] <-- GET /wd/hub/session/320183a2-d3b7-4c64-8f57-4572b8564e62 200 4 ms - 627
[HTTP] 
[HTTP] --> GET /wd/hub/session/320183a2-d3b7-4c64-8f57-4572b8564e62
[HTTP] {}
[XCUITest] Merging WDA caps over Appium caps for session detail response
[HTTP] <-- GET /wd/hub/session/320183a2-d3b7-4c64-8f57-4572b8564e62 200 2 ms - 627
[HTTP] 
[HTTP] --> GET /wd/hub/session/320183a2-d3b7-4c64-8f57-4572b8564e62
[HTTP] {}
[XCUITest] Merging WDA caps over Appium caps for session detail response
[HTTP] <-- GET /wd/hub/session/320183a2-d3b7-4c64-8f57-4572b8564e62 200 1 ms - 627
[HTTP] 
[HTTP] --> GET /wd/hub/session/320183a2-d3b7-4c64-8f57-4572b8564e62
[HTTP] {}
[XCUITest] Merging WDA caps over Appium caps for session detail response
[HTTP] <-- GET /wd/hub/session/320183a2-d3b7-4c64-8f57-4572b8564e62 200 2 ms - 627
[HTTP] 
[HTTP] --> GET /wd/hub/session/320183a2-d3b7-4c64-8f57-4572b8564e62
[HTTP] {}
[XCUITest] Merging WDA caps over Appium caps for session detail response
[HTTP] <-- GET /wd/hub/session/320183a2-d3b7-4c64-8f57-4572b8564e62 200 5 ms - 627
[HTTP] 
[HTTP] --> GET /wd/hub/session/320183a2-d3b7-4c64-8f57-4572b8564e62
[HTTP] {}
[XCUITest] Merging WDA caps over Appium caps for session detail response
[HTTP] <-- GET /wd/hub/session/320183a2-d3b7-4c64-8f57-4572b8564e62 200 2 ms - 627
[HTTP] 
[HTTP] --> GET /wd/hub/session/320183a2-d3b7-4c64-8f57-4572b8564e62
[HTTP] {}
[XCUITest] Merging WDA caps over Appium caps for session detail response
[HTTP] <-- GET /wd/hub/session/320183a2-d3b7-4c64-8f57-4572b8564e62 200 2 ms - 627
[HTTP] 
[HTTP] --> GET /wd/hub/session/320183a2-d3b7-4c64-8f57-4572b8564e62
[HTTP] {}
[XCUITest] Merging WDA caps over Appium caps for session detail response
[HTTP] <-- GET /wd/hub/session/320183a2-d3b7-4c64-8f57-4572b8564e62 200 2 ms - 627
[HTTP] 
[HTTP] --> POST /wd/hub/session/320183a2-d3b7-4c64-8f57-4572b8564e62/element/5029/click
[HTTP] {"id":"5029"}
[HTTP] <-- POST /wd/hub/session/320183a2-d3b7-4c64-8f57-4572b8564e62/element/5029/click 200 487 ms - 76
[HTTP] 
[HTTP] --> POST /wd/hub/session/320183a2-d3b7-4c64-8f57-4572b8564e62/elements
[HTTP] {"using":"xpath","value":"//li[5]/div/button"}
[HTTP] <-- POST /wd/hub/session/320183a2-d3b7-4c64-8f57-4572b8564e62/elements 200 2554 ms - 111
[HTTP] 
[HTTP] --> GET /wd/hub/session/320183a2-d3b7-4c64-8f57-4572b8564e62
[HTTP] {}
[XCUITest] Merging WDA caps over Appium caps for session detail response
[HTTP] <-- GET /wd/hub/session/320183a2-d3b7-4c64-8f57-4572b8564e62 200 2 ms - 627
[HTTP] 
[HTTP] --> GET /wd/hub/session/320183a2-d3b7-4c64-8f57-4572b8564e62
[HTTP] {}
[XCUITest] Merging WDA caps over Appium caps for session detail response
[HTTP] <-- GET /wd/hub/session/320183a2-d3b7-4c64-8f57-4572b8564e62 200 2 ms - 627
[HTTP] 
[HTTP] --> GET /wd/hub/session/320183a2-d3b7-4c64-8f57-4572b8564e62
[HTTP] {}
[XCUITest] Merging WDA caps over Appium caps for session detail response
[HTTP] <-- GET /wd/hub/session/320183a2-d3b7-4c64-8f57-4572b8564e62 200 3 ms - 627
[HTTP] 
[HTTP] --> GET /wd/hub/session/320183a2-d3b7-4c64-8f57-4572b8564e62
[HTTP] {}
[XCUITest] Merging WDA caps over Appium caps for session detail response
[HTTP] <-- GET /wd/hub/session/320183a2-d3b7-4c64-8f57-4572b8564e62 200 2 ms - 627
[HTTP] 
[HTTP] --> GET /wd/hub/session/320183a2-d3b7-4c64-8f57-4572b8564e62
[HTTP] {}
[XCUITest] Merging WDA caps over Appium caps for session detail response
[HTTP] <-- GET /wd/hub/session/320183a2-d3b7-4c64-8f57-4572b8564e62 200 2 ms - 627
[HTTP] 
[HTTP] --> GET /wd/hub/session/320183a2-d3b7-4c64-8f57-4572b8564e62
[HTTP] {}
[XCUITest] Merging WDA caps over Appium caps for session detail response
[HTTP] <-- GET /wd/hub/session/320183a2-d3b7-4c64-8f57-4572b8564e62 200 2 ms - 627
[HTTP] 
[HTTP] --> GET /wd/hub/session/320183a2-d3b7-4c64-8f57-4572b8564e62
[HTTP] {}
[XCUITest] Merging WDA caps over Appium caps for session detail response
[HTTP] <-- GET /wd/hub/session/320183a2-d3b7-4c64-8f57-4572b8564e62 200 2 ms - 627
[HTTP] 
[HTTP] --> GET /wd/hub/session/320183a2-d3b7-4c64-8f57-4572b8564e62
[HTTP] {}
[XCUITest] Merging WDA caps over Appium caps for session detail response
[HTTP] <-- GET /wd/hub/session/320183a2-d3b7-4c64-8f57-4572b8564e62 200 2 ms - 627
[HTTP] 
[HTTP] --> GET /wd/hub/session/320183a2-d3b7-4c64-8f57-4572b8564e62/element/5031/displayed
[HTTP] {}
[HTTP] <-- GET /wd/hub/session/320183a2-d3b7-4c64-8f57-4572b8564e62/element/5031/displayed 200 745 ms - 76
[HTTP] 
[HTTP] --> POST /wd/hub/session/320183a2-d3b7-4c64-8f57-4572b8564e62/elements
[HTTP] {"using":"xpath","value":"//li[5]/div/button"}
[HTTP] <-- POST /wd/hub/session/320183a2-d3b7-4c64-8f57-4572b8564e62/elements 200 802 ms - 111
[HTTP] 
[HTTP] --> GET /wd/hub/session/320183a2-d3b7-4c64-8f57-4572b8564e62
[HTTP] {}
[XCUITest] Merging WDA caps over Appium caps for session detail response
[HTTP] <-- GET /wd/hub/session/320183a2-d3b7-4c64-8f57-4572b8564e62 200 2 ms - 627
[HTTP] 
[HTTP] --> GET /wd/hub/session/320183a2-d3b7-4c64-8f57-4572b8564e62
[HTTP] {}
[XCUITest] Merging WDA caps over Appium caps for session detail response
[HTTP] <-- GET /wd/hub/session/320183a2-d3b7-4c64-8f57-4572b8564e62 200 2 ms - 627
[HTTP] 
[HTTP] --> GET /wd/hub/session/320183a2-d3b7-4c64-8f57-4572b8564e62
[HTTP] {}
[XCUITest] Merging WDA caps over Appium caps for session detail response
[HTTP] <-- GET /wd/hub/session/320183a2-d3b7-4c64-8f57-4572b8564e62 200 2 ms - 627
[HTTP] 
[HTTP] --> GET /wd/hub/session/320183a2-d3b7-4c64-8f57-4572b8564e62
[HTTP] {}
[XCUITest] Merging WDA caps over Appium caps for session detail response
[HTTP] <-- GET /wd/hub/session/320183a2-d3b7-4c64-8f57-4572b8564e62 200 2 ms - 627
[HTTP] 
[HTTP] --> GET /wd/hub/session/320183a2-d3b7-4c64-8f57-4572b8564e62
[HTTP] {}
[XCUITest] Merging WDA caps over Appium caps for session detail response
[HTTP] <-- GET /wd/hub/session/320183a2-d3b7-4c64-8f57-4572b8564e62 200 2 ms - 627
[HTTP] 
[HTTP] --> GET /wd/hub/session/320183a2-d3b7-4c64-8f57-4572b8564e62
[HTTP] {}
[XCUITest] Merging WDA caps over Appium caps for session detail response
[HTTP] <-- GET /wd/hub/session/320183a2-d3b7-4c64-8f57-4572b8564e62 200 2 ms - 627
[HTTP] 
[HTTP] --> GET /wd/hub/session/320183a2-d3b7-4c64-8f57-4572b8564e62
[HTTP] {}
[XCUITest] Merging WDA caps over Appium caps for session detail response
[HTTP] <-- GET /wd/hub/session/320183a2-d3b7-4c64-8f57-4572b8564e62 200 2 ms - 627
[HTTP] 
[HTTP] --> GET /wd/hub/session/320183a2-d3b7-4c64-8f57-4572b8564e62
[HTTP] {}
[XCUITest] Merging WDA caps over Appium caps for session detail response
[HTTP] <-- GET /wd/hub/session/320183a2-d3b7-4c64-8f57-4572b8564e62 200 1 ms - 627
[HTTP] 
[HTTP] --> POST /wd/hub/session/320183a2-d3b7-4c64-8f57-4572b8564e62/element/5033/click
[HTTP] {"id":"5033"}
[HTTP] <-- POST /wd/hub/session/320183a2-d3b7-4c64-8f57-4572b8564e62/element/5033/click 200 2196 ms - 76
[HTTP] 
[HTTP] --> POST /wd/hub/session/320183a2-d3b7-4c64-8f57-4572b8564e62/elements
[HTTP] {"using":"xpath","value":"//li[6]/div/button"}
[HTTP] <-- POST /wd/hub/session/320183a2-d3b7-4c64-8f57-4572b8564e62/elements 200 1295 ms - 111
[HTTP] 
[HTTP] --> GET /wd/hub/session/320183a2-d3b7-4c64-8f57-4572b8564e62
[HTTP] {}
[XCUITest] Merging WDA caps over Appium caps for session detail response
[HTTP] <-- GET /wd/hub/session/320183a2-d3b7-4c64-8f57-4572b8564e62 200 3 ms - 627
[HTTP] 
[HTTP] --> GET /wd/hub/session/320183a2-d3b7-4c64-8f57-4572b8564e62
[HTTP] {}
[XCUITest] Merging WDA caps over Appium caps for session detail response
[HTTP] <-- GET /wd/hub/session/320183a2-d3b7-4c64-8f57-4572b8564e62 200 2 ms - 627
[HTTP] 
[HTTP] --> GET /wd/hub/session/320183a2-d3b7-4c64-8f57-4572b8564e62
[HTTP] {}
[XCUITest] Merging WDA caps over Appium caps for session detail response
[HTTP] <-- GET /wd/hub/session/320183a2-d3b7-4c64-8f57-4572b8564e62 200 2 ms - 627
[HTTP] 
[HTTP] --> GET /wd/hub/session/320183a2-d3b7-4c64-8f57-4572b8564e62
[HTTP] {}
[XCUITest] Merging WDA caps over Appium caps for session detail response
[HTTP] <-- GET /wd/hub/session/320183a2-d3b7-4c64-8f57-4572b8564e62 200 2 ms - 627
[HTTP] 
[HTTP] --> GET /wd/hub/session/320183a2-d3b7-4c64-8f57-4572b8564e62
[HTTP] {}
[XCUITest] Merging WDA caps over Appium caps for session detail response
[HTTP] <-- GET /wd/hub/session/320183a2-d3b7-4c64-8f57-4572b8564e62 200 2 ms - 627
[HTTP] 
[HTTP] --> GET /wd/hub/session/320183a2-d3b7-4c64-8f57-4572b8564e62
[HTTP] {}
[XCUITest] Merging WDA caps over Appium caps for session detail response
[HTTP] <-- GET /wd/hub/session/320183a2-d3b7-4c64-8f57-4572b8564e62 200 2 ms - 627
[HTTP] 
[HTTP] --> GET /wd/hub/session/320183a2-d3b7-4c64-8f57-4572b8564e62
[HTTP] {}
[XCUITest] Merging WDA caps over Appium caps for session detail response
[HTTP] <-- GET /wd/hub/session/320183a2-d3b7-4c64-8f57-4572b8564e62 200 2 ms - 627
[HTTP] 
[HTTP] --> GET /wd/hub/session/320183a2-d3b7-4c64-8f57-4572b8564e62
[HTTP] {}
[XCUITest] Merging WDA caps over Appium caps for session detail response
[HTTP] <-- GET /wd/hub/session/320183a2-d3b7-4c64-8f57-4572b8564e62 200 2 ms - 627
[HTTP] 
[HTTP] --> GET /wd/hub/session/320183a2-d3b7-4c64-8f57-4572b8564e62/element/5035/displayed
[HTTP] {}
[HTTP] <-- GET /wd/hub/session/320183a2-d3b7-4c64-8f57-4572b8564e62/element/5035/displayed 200 3403 ms - 76
[HTTP] 
[HTTP] --> POST /wd/hub/session/320183a2-d3b7-4c64-8f57-4572b8564e62/elements
[HTTP] {"using":"xpath","value":"//li[6]/div/button"}
[HTTP] <-- POST /wd/hub/session/320183a2-d3b7-4c64-8f57-4572b8564e62/elements 200 3439 ms - 111
[HTTP] 
[HTTP] --> GET /wd/hub/session/320183a2-d3b7-4c64-8f57-4572b8564e62
[HTTP] {}
[XCUITest] Merging WDA caps over Appium caps for session detail response
[HTTP] <-- GET /wd/hub/session/320183a2-d3b7-4c64-8f57-4572b8564e62 200 4 ms - 627
[HTTP] 
[HTTP] --> GET /wd/hub/session/320183a2-d3b7-4c64-8f57-4572b8564e62
[HTTP] {}
[XCUITest] Merging WDA caps over Appium caps for session detail response
[HTTP] <-- GET /wd/hub/session/320183a2-d3b7-4c64-8f57-4572b8564e62 200 2 ms - 627
[HTTP] 
[HTTP] --> GET /wd/hub/session/320183a2-d3b7-4c64-8f57-4572b8564e62
[HTTP] {}
[XCUITest] Merging WDA caps over Appium caps for session detail response
[HTTP] <-- GET /wd/hub/session/320183a2-d3b7-4c64-8f57-4572b8564e62 200 2 ms - 627
[HTTP] 
[HTTP] --> GET /wd/hub/session/320183a2-d3b7-4c64-8f57-4572b8564e62
[HTTP] {}
[XCUITest] Merging WDA caps over Appium caps for session detail response
[HTTP] <-- GET /wd/hub/session/320183a2-d3b7-4c64-8f57-4572b8564e62 200 2 ms - 627
[HTTP] 
[HTTP] --> GET /wd/hub/session/320183a2-d3b7-4c64-8f57-4572b8564e62
[HTTP] {}
[XCUITest] Merging WDA caps over Appium caps for session detail response
[HTTP] <-- GET /wd/hub/session/320183a2-d3b7-4c64-8f57-4572b8564e62 200 3 ms - 627
[HTTP] 
[HTTP] --> GET /wd/hub/session/320183a2-d3b7-4c64-8f57-4572b8564e62
[HTTP] {}
[XCUITest] Merging WDA caps over Appium caps for session detail response
[HTTP] <-- GET /wd/hub/session/320183a2-d3b7-4c64-8f57-4572b8564e62 200 2 ms - 627
[HTTP] 
[HTTP] --> GET /wd/hub/session/320183a2-d3b7-4c64-8f57-4572b8564e62
[HTTP] {}
[XCUITest] Merging WDA caps over Appium caps for session detail response
[HTTP] <-- GET /wd/hub/session/320183a2-d3b7-4c64-8f57-4572b8564e62 200 2 ms - 627
[HTTP] 
[HTTP] --> GET /wd/hub/session/320183a2-d3b7-4c64-8f57-4572b8564e62
[HTTP] {}
[XCUITest] Merging WDA caps over Appium caps for session detail response
[HTTP] <-- GET /wd/hub/session/320183a2-d3b7-4c64-8f57-4572b8564e62 200 2 ms - 627
[HTTP] 
[HTTP] --> POST /wd/hub/session/320183a2-d3b7-4c64-8f57-4572b8564e62/element/5037/click
[HTTP] {"id":"5037"}
[HTTP] <-- POST /wd/hub/session/320183a2-d3b7-4c64-8f57-4572b8564e62/element/5037/click 200 2186 ms - 76
[HTTP] 
[HTTP] --> POST /wd/hub/session/320183a2-d3b7-4c64-8f57-4572b8564e62/elements
[HTTP] {"using":"xpath","value":"id(\"js-app-continue-link\")[count(. | //a[@id = 'js-app-continue-link' and (text() = 'Continue' or . = 'Continue')]) = count(//a[@id = 'js-app-continue-link' and (text() = 'Continue' or . = 'Continue')])]"}
[HTTP] <-- POST /wd/hub/session/320183a2-d3b7-4c64-8f57-4572b8564e62/elements 200 631 ms - 92
[HTTP] 
[HTTP] --> GET /wd/hub/session/320183a2-d3b7-4c64-8f57-4572b8564e62
[HTTP] {}
[XCUITest] Merging WDA caps over Appium caps for session detail response
[HTTP] <-- GET /wd/hub/session/320183a2-d3b7-4c64-8f57-4572b8564e62 200 2 ms - 627
[HTTP] 
[HTTP] --> GET /wd/hub/session/320183a2-d3b7-4c64-8f57-4572b8564e62
[HTTP] {}
[XCUITest] Merging WDA caps over Appium caps for session detail response
[HTTP] <-- GET /wd/hub/session/320183a2-d3b7-4c64-8f57-4572b8564e62 200 4 ms - 627
[HTTP] 
[HTTP] --> GET /wd/hub/session/320183a2-d3b7-4c64-8f57-4572b8564e62
[HTTP] {}
[XCUITest] Merging WDA caps over Appium caps for session detail response
[HTTP] <-- GET /wd/hub/session/320183a2-d3b7-4c64-8f57-4572b8564e62 200 2 ms - 627
[HTTP] 
[HTTP] --> GET /wd/hub/session/320183a2-d3b7-4c64-8f57-4572b8564e62
[HTTP] {}
[XCUITest] Merging WDA caps over Appium caps for session detail response
[HTTP] <-- GET /wd/hub/session/320183a2-d3b7-4c64-8f57-4572b8564e62 200 2 ms - 627
[HTTP] 
[HTTP] --> GET /wd/hub/session/320183a2-d3b7-4c64-8f57-4572b8564e62/element/5039/displayed
[HTTP] {}
[HTTP] <-- GET /wd/hub/session/320183a2-d3b7-4c64-8f57-4572b8564e62/element/5039/displayed 200 1271 ms - 76
[HTTP] 
[HTTP] --> POST /wd/hub/session/320183a2-d3b7-4c64-8f57-4572b8564e62/elements
[HTTP] {"using":"xpath","value":"id(\"js-app-continue-link\")[count(. | //a[@id = 'js-app-continue-link' and (text() = 'Continue' or . = 'Continue')]) = count(//a[@id = 'js-app-continue-link' and (text() = 'Continue' or . = 'Continue')])]"}
[HTTP] <-- POST /wd/hub/session/320183a2-d3b7-4c64-8f57-4572b8564e62/elements 200 2793 ms - 92
[HTTP] 
[HTTP] --> GET /wd/hub/session/320183a2-d3b7-4c64-8f57-4572b8564e62
[HTTP] {}
[XCUITest] Merging WDA caps over Appium caps for session detail response
[HTTP] <-- GET /wd/hub/session/320183a2-d3b7-4c64-8f57-4572b8564e62 200 2 ms - 627
[HTTP] 
[HTTP] --> GET /wd/hub/session/320183a2-d3b7-4c64-8f57-4572b8564e62
[HTTP] {}
[XCUITest] Merging WDA caps over Appium caps for session detail response
[HTTP] <-- GET /wd/hub/session/320183a2-d3b7-4c64-8f57-4572b8564e62 200 2 ms - 627
[HTTP] 
[HTTP] --> GET /wd/hub/session/320183a2-d3b7-4c64-8f57-4572b8564e62
[HTTP] {}
[XCUITest] Merging WDA caps over Appium caps for session detail response
[HTTP] <-- GET /wd/hub/session/320183a2-d3b7-4c64-8f57-4572b8564e62 200 2 ms - 627
[HTTP] 
[HTTP] --> GET /wd/hub/session/320183a2-d3b7-4c64-8f57-4572b8564e62
[HTTP] {}
[XCUITest] Merging WDA caps over Appium caps for session detail response
[HTTP] <-- GET /wd/hub/session/320183a2-d3b7-4c64-8f57-4572b8564e62 200 2 ms - 627
[HTTP] 
[HTTP] --> POST /wd/hub/session/320183a2-d3b7-4c64-8f57-4572b8564e62/element/5040/click
[HTTP] {"id":"5040"}
[HTTP] <-- POST /wd/hub/session/320183a2-d3b7-4c64-8f57-4572b8564e62/element/5040/click 200 3823 ms - 76
[HTTP] 
[HTTP] --> POST /wd/hub/session/320183a2-d3b7-4c64-8f57-4572b8564e62/elements
[HTTP] {"using":"xpath","value":"id(\"fillApp\")[count(. | //*[@id = 'fillApp' and (text() = 'Autofill App Info' or . = 'Autofill App Info')]) = count(//*[@id = 'fillApp' and (text() = 'Autofill App Info' or . = 'Autofill App Info')])]"}
[HTTP] <-- POST /wd/hub/session/320183a2-d3b7-4c64-8f57-4572b8564e62/elements 200 921 ms - 92
[HTTP] 
[HTTP] --> GET /wd/hub/session/320183a2-d3b7-4c64-8f57-4572b8564e62
[HTTP] {}
[XCUITest] Merging WDA caps over Appium caps for session detail response
[HTTP] <-- GET /wd/hub/session/320183a2-d3b7-4c64-8f57-4572b8564e62 200 2 ms - 627
[HTTP] 
[HTTP] --> GET /wd/hub/session/320183a2-d3b7-4c64-8f57-4572b8564e62
[HTTP] {}
[XCUITest] Merging WDA caps over Appium caps for session detail response
[HTTP] <-- GET /wd/hub/session/320183a2-d3b7-4c64-8f57-4572b8564e62 200 2 ms - 627
[HTTP] 
[HTTP] --> GET /wd/hub/session/320183a2-d3b7-4c64-8f57-4572b8564e62
[HTTP] {}
[XCUITest] Merging WDA caps over Appium caps for session detail response
[HTTP] <-- GET /wd/hub/session/320183a2-d3b7-4c64-8f57-4572b8564e62 200 2 ms - 627
[HTTP] 
[HTTP] --> GET /wd/hub/session/320183a2-d3b7-4c64-8f57-4572b8564e62
[HTTP] {}
[XCUITest] Merging WDA caps over Appium caps for session detail response
[HTTP] <-- GET /wd/hub/session/320183a2-d3b7-4c64-8f57-4572b8564e62 200 3 ms - 627
[HTTP] 
[HTTP] --> POST /wd/hub/session/320183a2-d3b7-4c64-8f57-4572b8564e62/element/5041/click
[HTTP] {"id":"5041"}
[HTTP] <-- POST /wd/hub/session/320183a2-d3b7-4c64-8f57-4572b8564e62/element/5041/click 200 1050 ms - 76
[HTTP] 
[HTTP] --> POST /wd/hub/session/320183a2-d3b7-4c64-8f57-4572b8564e62/elements
[HTTP] {"using":"xpath","value":"id(\"js-app-continue-link\")[count(. | //a[@id = 'js-app-continue-link' and @type = 'submit' and (text() = 'Continue to Step 3 - Payment & Billing >' or . = 'Continue to Step 3 - Payment & Billing >')]) = count(//a[@id = 'js-app-continue-link' and @type = 'submit' and (text() = 'Continue to Step 3 - Payment & Billing >' or . = 'Continue to Step 3 - Payment & Billing >')])]"}
[HTTP] <-- POST /wd/hub/session/320183a2-d3b7-4c64-8f57-4572b8564e62/elements 200 1673 ms - 92
[HTTP] 
[HTTP] --> GET /wd/hub/session/320183a2-d3b7-4c64-8f57-4572b8564e62
[HTTP] {}
[XCUITest] Merging WDA caps over Appium caps for session detail response
[HTTP] <-- GET /wd/hub/session/320183a2-d3b7-4c64-8f57-4572b8564e62 200 2 ms - 627
[HTTP] 
[HTTP] --> GET /wd/hub/session/320183a2-d3b7-4c64-8f57-4572b8564e62
[HTTP] {}
[XCUITest] Merging WDA caps over Appium caps for session detail response
[HTTP] <-- GET /wd/hub/session/320183a2-d3b7-4c64-8f57-4572b8564e62 200 2 ms - 627
[HTTP] 
[HTTP] --> GET /wd/hub/session/320183a2-d3b7-4c64-8f57-4572b8564e62
[HTTP] {}
[XCUITest] Merging WDA caps over Appium caps for session detail response
[HTTP] <-- GET /wd/hub/session/320183a2-d3b7-4c64-8f57-4572b8564e62 200 3 ms - 627
[HTTP] 
[HTTP] --> GET /wd/hub/session/320183a2-d3b7-4c64-8f57-4572b8564e62
[HTTP] {}
[XCUITest] Merging WDA caps over Appium caps for session detail response
[HTTP] <-- GET /wd/hub/session/320183a2-d3b7-4c64-8f57-4572b8564e62 200 2 ms - 627
[HTTP] 
[HTTP] --> POST /wd/hub/session/320183a2-d3b7-4c64-8f57-4572b8564e62/element/5042/click
[HTTP] {"id":"5042"}
[HTTP] <-- POST /wd/hub/session/320183a2-d3b7-4c64-8f57-4572b8564e62/element/5042/click 200 847 ms - 76
[HTTP] 
[HTTP] --> POST /wd/hub/session/320183a2-d3b7-4c64-8f57-4572b8564e62/elements
[HTTP] {"using":"xpath","value":"//div[@id='credit-info']/div"}
[HTTP] <-- POST /wd/hub/session/320183a2-d3b7-4c64-8f57-4572b8564e62/elements 200 608 ms - 92
[HTTP] 
[HTTP] --> GET /wd/hub/session/320183a2-d3b7-4c64-8f57-4572b8564e62
[HTTP] {}
[XCUITest] Merging WDA caps over Appium caps for session detail response
[HTTP] <-- GET /wd/hub/session/320183a2-d3b7-4c64-8f57-4572b8564e62 200 2 ms - 627
[HTTP] 
[HTTP] --> GET /wd/hub/session/320183a2-d3b7-4c64-8f57-4572b8564e62
[HTTP] {}
[XCUITest] Merging WDA caps over Appium caps for session detail response
[HTTP] <-- GET /wd/hub/session/320183a2-d3b7-4c64-8f57-4572b8564e62 200 2 ms - 627
[HTTP] 
[HTTP] --> GET /wd/hub/session/320183a2-d3b7-4c64-8f57-4572b8564e62
[HTTP] {}
[XCUITest] Merging WDA caps over Appium caps for session detail response
[HTTP] <-- GET /wd/hub/session/320183a2-d3b7-4c64-8f57-4572b8564e62 200 2 ms - 627
[HTTP] 
[HTTP] --> GET /wd/hub/session/320183a2-d3b7-4c64-8f57-4572b8564e62
[HTTP] {}
[XCUITest] Merging WDA caps over Appium caps for session detail response
[HTTP] <-- GET /wd/hub/session/320183a2-d3b7-4c64-8f57-4572b8564e62 200 2 ms - 627
[HTTP] 
[HTTP] --> POST /wd/hub/session/320183a2-d3b7-4c64-8f57-4572b8564e62/element/5043/click
[HTTP] {"id":"5043"}
[HTTP] <-- POST /wd/hub/session/320183a2-d3b7-4c64-8f57-4572b8564e62/element/5043/click 200 782 ms - 76
[HTTP] 
[HTTP] --> POST /wd/hub/session/320183a2-d3b7-4c64-8f57-4572b8564e62/elements
[HTTP] {"using":"xpath","value":"//label[(text() = 'I Accept Authorization for Automatic Credit Card Payment*' or . = 'I Accept Authorization for Automatic Credit Card Payment*')]"}
[HTTP] <-- POST /wd/hub/session/320183a2-d3b7-4c64-8f57-4572b8564e62/elements 200 3278 ms - 92
[HTTP] 
[HTTP] --> GET /wd/hub/session/320183a2-d3b7-4c64-8f57-4572b8564e62
[HTTP] {}
[XCUITest] Merging WDA caps over Appium caps for session detail response
[HTTP] <-- GET /wd/hub/session/320183a2-d3b7-4c64-8f57-4572b8564e62 200 3 ms - 627
[HTTP] 
[HTTP] --> GET /wd/hub/session/320183a2-d3b7-4c64-8f57-4572b8564e62
[HTTP] {}
[XCUITest] Merging WDA caps over Appium caps for session detail response
[HTTP] <-- GET /wd/hub/session/320183a2-d3b7-4c64-8f57-4572b8564e62 200 2 ms - 627
[HTTP] 
[HTTP] --> GET /wd/hub/session/320183a2-d3b7-4c64-8f57-4572b8564e62
[HTTP] {}
[XCUITest] Merging WDA caps over Appium caps for session detail response
[HTTP] <-- GET /wd/hub/session/320183a2-d3b7-4c64-8f57-4572b8564e62 200 4 ms - 627
[HTTP] 
[HTTP] --> GET /wd/hub/session/320183a2-d3b7-4c64-8f57-4572b8564e62
[HTTP] {}
[XCUITest] Merging WDA caps over Appium caps for session detail response
[HTTP] <-- GET /wd/hub/session/320183a2-d3b7-4c64-8f57-4572b8564e62 200 2 ms - 627
[HTTP] 
[HTTP] --> POST /wd/hub/session/320183a2-d3b7-4c64-8f57-4572b8564e62/element/5044/click
[HTTP] {"id":"5044"}
[HTTP] <-- POST /wd/hub/session/320183a2-d3b7-4c64-8f57-4572b8564e62/element/5044/click 200 972 ms - 76
[HTTP] 
[HTTP] --> POST /wd/hub/session/320183a2-d3b7-4c64-8f57-4572b8564e62/elements
[HTTP] {"using":"xpath","value":"id(\"js-app-continue-link\")[count(. | //a[@id = 'js-app-continue-link' and @type = 'submit' and (text() = 'Continue to Step 4 - Review & Submit Your Application > Validating...' or . = 'Continue to Step 4 - Review & Submit Your Application > Validating...')]) = count(//a[@id = 'js-app-continue-link' and @type = 'submit' and (text() = 'Continue to Step 4 - Review & Submit Your Application > Validating...' or . = 'Continue to Step 4 - Review & Submit Your Application > Validating...')])]"}
[HTTP] <-- POST /wd/hub/session/320183a2-d3b7-4c64-8f57-4572b8564e62/elements 200 1781 ms - 92
[HTTP] 
[HTTP] --> GET /wd/hub/session/320183a2-d3b7-4c64-8f57-4572b8564e62
[HTTP] {}
[XCUITest] Merging WDA caps over Appium caps for session detail response
[HTTP] <-- GET /wd/hub/session/320183a2-d3b7-4c64-8f57-4572b8564e62 200 2 ms - 627
[HTTP] 
[HTTP] --> GET /wd/hub/session/320183a2-d3b7-4c64-8f57-4572b8564e62
[HTTP] {}
[XCUITest] Merging WDA caps over Appium caps for session detail response
[HTTP] <-- GET /wd/hub/session/320183a2-d3b7-4c64-8f57-4572b8564e62 200 2 ms - 627
[HTTP] 
[HTTP] --> GET /wd/hub/session/320183a2-d3b7-4c64-8f57-4572b8564e62
[HTTP] {}
[XCUITest] Merging WDA caps over Appium caps for session detail response
[HTTP] <-- GET /wd/hub/session/320183a2-d3b7-4c64-8f57-4572b8564e62 200 2 ms - 627
[HTTP] 
[HTTP] --> GET /wd/hub/session/320183a2-d3b7-4c64-8f57-4572b8564e62
[HTTP] {}
[XCUITest] Merging WDA caps over Appium caps for session detail response
[HTTP] <-- GET /wd/hub/session/320183a2-d3b7-4c64-8f57-4572b8564e62 200 2 ms - 627
[HTTP] 
[HTTP] --> POST /wd/hub/session/320183a2-d3b7-4c64-8f57-4572b8564e62/element/5045/click
[HTTP] {"id":"5045"}
[HTTP] <-- POST /wd/hub/session/320183a2-d3b7-4c64-8f57-4572b8564e62/element/5045/click 200 1600 ms - 76
[HTTP] 
[HTTP] --> POST /wd/hub/session/320183a2-d3b7-4c64-8f57-4572b8564e62/elements
[HTTP] {"using":"xpath","value":"id(\"js-consent-review\")/div[@class=\"js-error-container\"]/div[@class=\"terms-wrapper row\"]/div[@class=\"col-md-1 terms-cell\"]/div[@class=\"js-form-group\"]/div[@class=\"checkbox\"]/label[1]"}
[HTTP] <-- POST /wd/hub/session/320183a2-d3b7-4c64-8f57-4572b8564e62/elements 200 3142 ms - 74
[HTTP] 
[HTTP] --> POST /wd/hub/session/320183a2-d3b7-4c64-8f57-4572b8564e62/elements
[HTTP] {"using":"xpath","value":"id(\"js-consent-review\")/div[@class=\"js-error-container\"]/div[@class=\"terms-wrapper row\"]/div[@class=\"col-md-1 terms-cell\"]/div[@class=\"js-form-group\"]/div[@class=\"checkbox\"]/label[1]"}
[HTTP] <-- POST /wd/hub/session/320183a2-d3b7-4c64-8f57-4572b8564e62/elements 200 3844 ms - 74
[HTTP] 
[HTTP] --> POST /wd/hub/session/320183a2-d3b7-4c64-8f57-4572b8564e62/elements
[HTTP] {"using":"xpath","value":"id(\"js-consent-review\")/div[@class=\"js-error-container\"]/div[@class=\"terms-wrapper row\"]/div[@class=\"col-md-1 terms-cell\"]/div[@class=\"js-form-group\"]/div[@class=\"checkbox\"]/label[1]"}
[HTTP] <-- POST /wd/hub/session/320183a2-d3b7-4c64-8f57-4572b8564e62/elements 200 2486 ms - 74
[HTTP] 
[HTTP] --> POST /wd/hub/session/320183a2-d3b7-4c64-8f57-4572b8564e62/elements
[HTTP] {"using":"xpath","value":"id(\"js-consent-review\")/div[@class=\"js-error-container\"]/div[@class=\"terms-wrapper row\"]/div[@class=\"col-md-1 terms-cell\"]/div[@class=\"js-form-group\"]/div[@class=\"checkbox\"]/label[1]"}
[HTTP] <-- POST /wd/hub/session/320183a2-d3b7-4c64-8f57-4572b8564e62/elements 200 1366 ms - 74
[HTTP] 
[HTTP] --> POST /wd/hub/session/320183a2-d3b7-4c64-8f57-4572b8564e62/elements
[HTTP] {"using":"xpath","value":"id(\"js-consent-review\")/div[@class=\"js-error-container\"]/div[@class=\"terms-wrapper row\"]/div[@class=\"col-md-1 terms-cell\"]/div[@class=\"js-form-group\"]/div[@class=\"checkbox\"]/label[1]"}
[HTTP] <-- POST /wd/hub/session/320183a2-d3b7-4c64-8f57-4572b8564e62/elements 200 3958 ms - 74
[HTTP] 
[HTTP] --> POST /wd/hub/session/320183a2-d3b7-4c64-8f57-4572b8564e62/elements
[HTTP] {"using":"xpath","value":"id(\"js-consent-review\")/div[@class=\"js-error-container\"]/div[@class=\"terms-wrapper row\"]/div[@class=\"col-md-1 terms-cell\"]/div[@class=\"js-form-group\"]/div[@class=\"checkbox\"]/label[1]"}
[HTTP] <-- POST /wd/hub/session/320183a2-d3b7-4c64-8f57-4572b8564e62/elements 200 895 ms - 74
[HTTP] 
[HTTP] --> POST /wd/hub/session/320183a2-d3b7-4c64-8f57-4572b8564e62/elements
[HTTP] {"using":"xpath","value":"id(\"js-consent-review\")/div[@class=\"js-error-container\"]/div[@class=\"terms-wrapper row\"]/div[@class=\"col-md-1 terms-cell\"]/div[@class=\"js-form-group\"]/div[@class=\"checkbox\"]/label[1]"}
[HTTP] <-- POST /wd/hub/session/320183a2-d3b7-4c64-8f57-4572b8564e62/elements 200 1693 ms - 74
[HTTP] 
[HTTP] --> POST /wd/hub/session/320183a2-d3b7-4c64-8f57-4572b8564e62/elements
[HTTP] {"using":"xpath","value":"id(\"js-consent-review\")/div[@class=\"js-error-container\"]/div[@class=\"terms-wrapper row\"]/div[@class=\"col-md-1 terms-cell\"]/div[@class=\"js-form-group\"]/div[@class=\"checkbox\"]/label[1]"}
[HTTP] <-- POST /wd/hub/session/320183a2-d3b7-4c64-8f57-4572b8564e62/elements 200 2902 ms - 74
[HTTP] 
[HTTP] --> POST /wd/hub/session/320183a2-d3b7-4c64-8f57-4572b8564e62/elements
[HTTP] {"using":"xpath","value":"id(\"js-consent-review\")/div[@class=\"js-error-container\"]/div[@class=\"terms-wrapper row\"]/div[@class=\"col-md-1 terms-cell\"]/div[@class=\"js-form-group\"]/div[@class=\"checkbox\"]/label[1]"}
[HTTP] <-- POST /wd/hub/session/320183a2-d3b7-4c64-8f57-4572b8564e62/elements 200 2788 ms - 74
[HTTP] 
[HTTP] --> POST /wd/hub/session/320183a2-d3b7-4c64-8f57-4572b8564e62/elements
[HTTP] {"using":"xpath","value":"id(\"js-consent-review\")/div[@class=\"js-error-container\"]/div[@class=\"terms-wrapper row\"]/div[@class=\"col-md-1 terms-cell\"]/div[@class=\"js-form-group\"]/div[@class=\"checkbox\"]/label[1]"}
[HTTP] <-- POST /wd/hub/session/320183a2-d3b7-4c64-8f57-4572b8564e62/elements 200 1234 ms - 74
[HTTP] 
[HTTP] --> POST /wd/hub/session/320183a2-d3b7-4c64-8f57-4572b8564e62/elements
[HTTP] {"using":"xpath","value":"id(\"js-consent-review\")/div[@class=\"js-error-container\"]/div[@class=\"terms-wrapper row\"]/div[@class=\"col-md-1 terms-cell\"]/div[@class=\"js-form-group\"]/div[@class=\"checkbox\"]/label[1]"}
[HTTP] <-- POST /wd/hub/session/320183a2-d3b7-4c64-8f57-4572b8564e62/elements 200 5614 ms - 74
[HTTP] 
[HTTP] --> POST /wd/hub/session/320183a2-d3b7-4c64-8f57-4572b8564e62/elements
[HTTP] {"using":"xpath","value":"id(\"js-consent-review\")/div[@class=\"js-error-container\"]/div[@class=\"terms-wrapper row\"]/div[@class=\"col-md-1 terms-cell\"]/div[@class=\"js-form-group\"]/div[@class=\"checkbox\"]/label[1]"}
[HTTP] <-- POST /wd/hub/session/320183a2-d3b7-4c64-8f57-4572b8564e62/elements 200 3285 ms - 74
[HTTP] 
[HTTP] --> POST /wd/hub/session/320183a2-d3b7-4c64-8f57-4572b8564e62/elements
[HTTP] {"using":"xpath","value":"id(\"js-consent-review\")/div[@class=\"js-error-container\"]/div[@class=\"terms-wrapper row\"]/div[@class=\"col-md-1 terms-cell\"]/div[@class=\"js-form-group\"]/div[@class=\"checkbox\"]/label[1]"}
[HTTP] <-- POST /wd/hub/session/320183a2-d3b7-4c64-8f57-4572b8564e62/elements 200 6153 ms - 74
[HTTP] 
[HTTP] --> POST /wd/hub/session/320183a2-d3b7-4c64-8f57-4572b8564e62/elements
[HTTP] {"using":"xpath","value":"id(\"js-consent-review\")/div[@class=\"js-error-container\"]/div[@class=\"terms-wrapper row\"]/div[@class=\"col-md-1 terms-cell\"]/div[@class=\"js-form-group\"]/div[@class=\"checkbox\"]/label[1]"}
[HTTP] <-- POST /wd/hub/session/320183a2-d3b7-4c64-8f57-4572b8564e62/elements 200 1269 ms - 74
[HTTP] 
[HTTP] --> POST /wd/hub/session/320183a2-d3b7-4c64-8f57-4572b8564e62/elements
[HTTP] {"using":"xpath","value":"id(\"js-consent-review\")/div[@class=\"js-error-container\"]/div[@class=\"terms-wrapper row\"]/div[@class=\"col-md-1 terms-cell\"]/div[@class=\"js-form-group\"]/div[@class=\"checkbox\"]/label[1]"}
[HTTP] <-- POST /wd/hub/session/320183a2-d3b7-4c64-8f57-4572b8564e62/elements 200 2613 ms - 74
[HTTP] 
[HTTP] --> POST /wd/hub/session/320183a2-d3b7-4c64-8f57-4572b8564e62/elements
[HTTP] {"using":"xpath","value":"id(\"js-consent-review\")/div[@class=\"js-error-container\"]/div[@class=\"terms-wrapper row\"]/div[@class=\"col-md-1 terms-cell\"]/div[@class=\"js-form-group\"]/div[@class=\"checkbox\"]/label[1]"}
[HTTP] <-- POST /wd/hub/session/320183a2-d3b7-4c64-8f57-4572b8564e62/elements 200 749 ms - 74
[HTTP] 
[HTTP] --> POST /wd/hub/session/320183a2-d3b7-4c64-8f57-4572b8564e62/elements
[HTTP] {"using":"xpath","value":"id(\"js-consent-review\")/div[@class=\"js-error-container\"]/div[@class=\"terms-wrapper row\"]/div[@class=\"col-md-1 terms-cell\"]/div[@class=\"js-form-group\"]/div[@class=\"checkbox\"]/label[1]"}
[HTTP] <-- POST /wd/hub/session/320183a2-d3b7-4c64-8f57-4572b8564e62/elements 200 579 ms - 74
[HTTP] 
[HTTP] --> POST /wd/hub/session/320183a2-d3b7-4c64-8f57-4572b8564e62/elements
[HTTP] {"using":"xpath","value":"id(\"js-consent-review\")/div[@class=\"js-error-container\"]/div[@class=\"terms-wrapper row\"]/div[@class=\"col-md-1 terms-cell\"]/div[@class=\"js-form-group\"]/div[@class=\"checkbox\"]/label[1]"}
[HTTP] <-- POST /wd/hub/session/320183a2-d3b7-4c64-8f57-4572b8564e62/elements 200 253 ms - 74
[HTTP] 
[HTTP] --> POST /wd/hub/session/320183a2-d3b7-4c64-8f57-4572b8564e62/elements
[HTTP] {"using":"xpath","value":"id(\"js-consent-review\")/div[@class=\"js-error-container\"]/div[@class=\"terms-wrapper row\"]/div[@class=\"col-md-1 terms-cell\"]/div[@class=\"js-form-group\"]/div[@class=\"checkbox\"]/label[1]"}
[HTTP] <-- POST /wd/hub/session/320183a2-d3b7-4c64-8f57-4572b8564e62/elements 200 436 ms - 92
[HTTP] 
[HTTP] --> GET /wd/hub/session/320183a2-d3b7-4c64-8f57-4572b8564e62
[HTTP] {}
[XCUITest] Merging WDA caps over Appium caps for session detail response
[HTTP] <-- GET /wd/hub/session/320183a2-d3b7-4c64-8f57-4572b8564e62 200 3 ms - 627
[HTTP] 
[HTTP] --> GET /wd/hub/session/320183a2-d3b7-4c64-8f57-4572b8564e62
[HTTP] {}
[XCUITest] Merging WDA caps over Appium caps for session detail response
[HTTP] <-- GET /wd/hub/session/320183a2-d3b7-4c64-8f57-4572b8564e62 200 1 ms - 627
[HTTP] 
[HTTP] --> GET /wd/hub/session/320183a2-d3b7-4c64-8f57-4572b8564e62
[HTTP] {}
[XCUITest] Merging WDA caps over Appium caps for session detail response
[HTTP] <-- GET /wd/hub/session/320183a2-d3b7-4c64-8f57-4572b8564e62 200 2 ms - 627
[HTTP] 
[HTTP] --> GET /wd/hub/session/320183a2-d3b7-4c64-8f57-4572b8564e62
[HTTP] {}
[XCUITest] Merging WDA caps over Appium caps for session detail response
[HTTP] <-- GET /wd/hub/session/320183a2-d3b7-4c64-8f57-4572b8564e62 200 2 ms - 627
[HTTP] 
[HTTP] --> POST /wd/hub/session/320183a2-d3b7-4c64-8f57-4572b8564e62/element/5046/click
[HTTP] {"id":"5046"}
[HTTP] <-- POST /wd/hub/session/320183a2-d3b7-4c64-8f57-4572b8564e62/element/5046/click 200 1791 ms - 76
[HTTP] 
[HTTP] --> POST /wd/hub/session/320183a2-d3b7-4c64-8f57-4572b8564e62/elements
[HTTP] {"using":"xpath","value":"//div[@id = 'js-signature-tab' and (text() = 'CLICK TO SIGN' or . = 'CLICK TO SIGN')]"}
[HTTP] <-- POST /wd/hub/session/320183a2-d3b7-4c64-8f57-4572b8564e62/elements 200 5097 ms - 92
[HTTP] 
[HTTP] --> GET /wd/hub/session/320183a2-d3b7-4c64-8f57-4572b8564e62
[HTTP] {}
[XCUITest] Merging WDA caps over Appium caps for session detail response
[HTTP] <-- GET /wd/hub/session/320183a2-d3b7-4c64-8f57-4572b8564e62 200 2 ms - 627
[HTTP] 
[HTTP] --> GET /wd/hub/session/320183a2-d3b7-4c64-8f57-4572b8564e62
[HTTP] {}
[XCUITest] Merging WDA caps over Appium caps for session detail response
[HTTP] <-- GET /wd/hub/session/320183a2-d3b7-4c64-8f57-4572b8564e62 200 5 ms - 627
[HTTP] 
[HTTP] --> GET /wd/hub/session/320183a2-d3b7-4c64-8f57-4572b8564e62
[HTTP] {}
[XCUITest] Merging WDA caps over Appium caps for session detail response
[HTTP] <-- GET /wd/hub/session/320183a2-d3b7-4c64-8f57-4572b8564e62 200 2 ms - 627
[HTTP] 
[HTTP] --> GET /wd/hub/session/320183a2-d3b7-4c64-8f57-4572b8564e62
[HTTP] {}
[XCUITest] Merging WDA caps over Appium caps for session detail response
[HTTP] <-- GET /wd/hub/session/320183a2-d3b7-4c64-8f57-4572b8564e62 200 2 ms - 627
[HTTP] 
[HTTP] --> POST /wd/hub/session/320183a2-d3b7-4c64-8f57-4572b8564e62/element/5047/click
[HTTP] {"id":"5047"}
[HTTP] <-- POST /wd/hub/session/320183a2-d3b7-4c64-8f57-4572b8564e62/element/5047/click 200 1934 ms - 76
[HTTP] 
[HTTP] --> POST /wd/hub/session/320183a2-d3b7-4c64-8f57-4572b8564e62/elements
[HTTP] {"using":"xpath","value":"id(\"js-app-continue-link\")[count(. | //a[@id = 'js-app-continue-link' and @type = 'submit' and (text() = '  Submit Your Application' or . = '  Submit Your Application')]) = count(//a[@id = 'js-app-continue-link' and @type = 'submit' and (text() = '  Submit Your Application' or . = '  Submit Your Application')])]"}
[HTTP] <-- POST /wd/hub/session/320183a2-d3b7-4c64-8f57-4572b8564e62/elements 200 3968 ms - 92
[HTTP] 
[HTTP] --> GET /wd/hub/session/320183a2-d3b7-4c64-8f57-4572b8564e62
[HTTP] {}
[XCUITest] Merging WDA caps over Appium caps for session detail response
[HTTP] <-- GET /wd/hub/session/320183a2-d3b7-4c64-8f57-4572b8564e62 200 3 ms - 627
[HTTP] 
[HTTP] --> GET /wd/hub/session/320183a2-d3b7-4c64-8f57-4572b8564e62
[HTTP] {}
[XCUITest] Merging WDA caps over Appium caps for session detail response
[HTTP] <-- GET /wd/hub/session/320183a2-d3b7-4c64-8f57-4572b8564e62 200 2 ms - 627
[HTTP] 
[HTTP] --> GET /wd/hub/session/320183a2-d3b7-4c64-8f57-4572b8564e62
[HTTP] {}
[XCUITest] Merging WDA caps over Appium caps for session detail response
[HTTP] <-- GET /wd/hub/session/320183a2-d3b7-4c64-8f57-4572b8564e62 200 3 ms - 627
[HTTP] 
[HTTP] --> GET /wd/hub/session/320183a2-d3b7-4c64-8f57-4572b8564e62
[HTTP] {}
[XCUITest] Merging WDA caps over Appium caps for session detail response
[HTTP] <-- GET /wd/hub/session/320183a2-d3b7-4c64-8f57-4572b8564e62 200 5 ms - 627
[HTTP] 
[HTTP] --> POST /wd/hub/session/320183a2-d3b7-4c64-8f57-4572b8564e62/element/5048/click
[HTTP] {"id":"5048"}
[HTTP] <-- POST /wd/hub/session/320183a2-d3b7-4c64-8f57-4572b8564e62/element/5048/click 200 5703 ms - 76
[HTTP] 
[HTTP] --> POST /wd/hub/session/320183a2-d3b7-4c64-8f57-4572b8564e62/elements
[HTTP] {"using":"xpath","value":"//span[(text() = 'Standard Life Select STM Plan 2 10000/30/1M' or . = 'Standard Life Select STM Plan 2 10000/30/1M')]"}
[HTTP] <-- POST /wd/hub/session/320183a2-d3b7-4c64-8f57-4572b8564e62/elements 200 2783 ms - 74
[HTTP] 
[HTTP] --> POST /wd/hub/session/320183a2-d3b7-4c64-8f57-4572b8564e62/elements
[HTTP] {"using":"xpath","value":"//span[(text() = 'Standard Life Select STM Plan 2 10000/30/1M' or . = 'Standard Life Select STM Plan 2 10000/30/1M')]"}
[HTTP] <-- POST /wd/hub/session/320183a2-d3b7-4c64-8f57-4572b8564e62/elements 200 2011 ms - 74
[HTTP] 
[HTTP] --> POST /wd/hub/session/320183a2-d3b7-4c64-8f57-4572b8564e62/elements
[HTTP] {"using":"xpath","value":"//span[(text() = 'Standard Life Select STM Plan 2 10000/30/1M' or . = 'Standard Life Select STM Plan 2 10000/30/1M')]"}
[HTTP] <-- POST /wd/hub/session/320183a2-d3b7-4c64-8f57-4572b8564e62/elements 200 3249 ms - 74
[HTTP] 
[HTTP] --> POST /wd/hub/session/320183a2-d3b7-4c64-8f57-4572b8564e62/elements
[HTTP] {"using":"xpath","value":"//span[(text() = 'Standard Life Select STM Plan 2 10000/30/1M' or . = 'Standard Life Select STM Plan 2 10000/30/1M')]"}
[HTTP] <-- POST /wd/hub/session/320183a2-d3b7-4c64-8f57-4572b8564e62/elements 200 1959 ms - 74
[HTTP] 
[HTTP] --> POST /wd/hub/session/320183a2-d3b7-4c64-8f57-4572b8564e62/elements
[HTTP] {"using":"xpath","value":"//span[(text() = 'Standard Life Select STM Plan 2 10000/30/1M' or . = 'Standard Life Select STM Plan 2 10000/30/1M')]"}
[HTTP] <-- POST /wd/hub/session/320183a2-d3b7-4c64-8f57-4572b8564e62/elements 200 459 ms - 74
[HTTP] 
[HTTP] --> POST /wd/hub/session/320183a2-d3b7-4c64-8f57-4572b8564e62/elements
[HTTP] {"using":"xpath","value":"//span[(text() = 'Standard Life Select STM Plan 2 10000/30/1M' or . = 'Standard Life Select STM Plan 2 10000/30/1M')]"}
[HTTP] <-- POST /wd/hub/session/320183a2-d3b7-4c64-8f57-4572b8564e62/elements 200 333 ms - 74
[HTTP] 
[HTTP] --> POST /wd/hub/session/320183a2-d3b7-4c64-8f57-4572b8564e62/elements
[HTTP] {"using":"xpath","value":"//span[(text() = 'Standard Life Select STM Plan 2 10000/30/1M' or . = 'Standard Life Select STM Plan 2 10000/30/1M')]"}
[HTTP] <-- POST /wd/hub/session/320183a2-d3b7-4c64-8f57-4572b8564e62/elements 200 408 ms - 74
[HTTP] 
[HTTP] --> POST /wd/hub/session/320183a2-d3b7-4c64-8f57-4572b8564e62/elements
[HTTP] {"using":"xpath","value":"//span[(text() = 'Standard Life Select STM Plan 2 10000/30/1M' or . = 'Standard Life Select STM Plan 2 10000/30/1M')]"}
[HTTP] <-- POST /wd/hub/session/320183a2-d3b7-4c64-8f57-4572b8564e62/elements 200 275 ms - 74
[HTTP] 
[HTTP] --> POST /wd/hub/session/320183a2-d3b7-4c64-8f57-4572b8564e62/elements
[HTTP] {"using":"xpath","value":"//span[(text() = 'Standard Life Select STM Plan 2 10000/30/1M' or . = 'Standard Life Select STM Plan 2 10000/30/1M')]"}
[HTTP] <-- POST /wd/hub/session/320183a2-d3b7-4c64-8f57-4572b8564e62/elements 200 326 ms - 111
[HTTP] 
[HTTP] --> GET /wd/hub/session/320183a2-d3b7-4c64-8f57-4572b8564e62
[HTTP] {}
[XCUITest] Merging WDA caps over Appium caps for session detail response
[HTTP] <-- GET /wd/hub/session/320183a2-d3b7-4c64-8f57-4572b8564e62 200 2 ms - 627
[HTTP] 
[HTTP] --> GET /wd/hub/session/320183a2-d3b7-4c64-8f57-4572b8564e62
[HTTP] {}
[XCUITest] Merging WDA caps over Appium caps for session detail response
[HTTP] <-- GET /wd/hub/session/320183a2-d3b7-4c64-8f57-4572b8564e62 200 2 ms - 627
[HTTP] 
[HTTP] --> GET /wd/hub/session/320183a2-d3b7-4c64-8f57-4572b8564e62
[HTTP] {}
[XCUITest] Merging WDA caps over Appium caps for session detail response
[HTTP] <-- GET /wd/hub/session/320183a2-d3b7-4c64-8f57-4572b8564e62 200 2 ms - 627
[HTTP] 
[HTTP] --> GET /wd/hub/session/320183a2-d3b7-4c64-8f57-4572b8564e62
[HTTP] {}
[XCUITest] Merging WDA caps over Appium caps for session detail response
[HTTP] <-- GET /wd/hub/session/320183a2-d3b7-4c64-8f57-4572b8564e62 200 2 ms - 627
[HTTP] 
[HTTP] --> GET /wd/hub/session/320183a2-d3b7-4c64-8f57-4572b8564e62
[HTTP] {}
[XCUITest] Merging WDA caps over Appium caps for session detail response
[HTTP] <-- GET /wd/hub/session/320183a2-d3b7-4c64-8f57-4572b8564e62 200 1 ms - 627
[HTTP] 
[HTTP] --> GET /wd/hub/session/320183a2-d3b7-4c64-8f57-4572b8564e62
[HTTP] {}
[XCUITest] Merging WDA caps over Appium caps for session detail response
[HTTP] <-- GET /wd/hub/session/320183a2-d3b7-4c64-8f57-4572b8564e62 200 2 ms - 627
[HTTP] 
[HTTP] --> GET /wd/hub/session/320183a2-d3b7-4c64-8f57-4572b8564e62
[HTTP] {}
[XCUITest] Merging WDA caps over Appium caps for session detail response
[HTTP] <-- GET /wd/hub/session/320183a2-d3b7-4c64-8f57-4572b8564e62 200 5 ms - 627
[HTTP] 
[HTTP] --> GET /wd/hub/session/320183a2-d3b7-4c64-8f57-4572b8564e62
[HTTP] {}
[XCUITest] Merging WDA caps over Appium caps for session detail response
[HTTP] <-- GET /wd/hub/session/320183a2-d3b7-4c64-8f57-4572b8564e62 200 2 ms - 627
[HTTP] 
[HTTP] --> POST /wd/hub/session/320183a2-d3b7-4c64-8f57-4572b8564e62/element/5049/click
[HTTP] {"id":"5049"}
[HTTP] <-- POST /wd/hub/session/320183a2-d3b7-4c64-8f57-4572b8564e62/element/5049/click 200 1129 ms - 76
[HTTP] 
[HTTP] --> POST /wd/hub/session/320183a2-d3b7-4c64-8f57-4572b8564e62/elements
[HTTP] {"using":"xpath","value":"//span[(text() = 'approved' or . = 'approved')]"}
[HTTP] <-- POST /wd/hub/session/320183a2-d3b7-4c64-8f57-4572b8564e62/elements 200 608 ms - 111
[HTTP] 
[HTTP] --> GET /wd/hub/session/320183a2-d3b7-4c64-8f57-4572b8564e62
[HTTP] {}
[XCUITest] Merging WDA caps over Appium caps for session detail response
[HTTP] <-- GET /wd/hub/session/320183a2-d3b7-4c64-8f57-4572b8564e62 200 2 ms - 627
[HTTP] 
[HTTP] --> GET /wd/hub/session/320183a2-d3b7-4c64-8f57-4572b8564e62
[HTTP] {}
[XCUITest] Merging WDA caps over Appium caps for session detail response
[HTTP] <-- GET /wd/hub/session/320183a2-d3b7-4c64-8f57-4572b8564e62 200 2 ms - 627
[HTTP] 
[HTTP] --> GET /wd/hub/session/320183a2-d3b7-4c64-8f57-4572b8564e62
[HTTP] {}
[XCUITest] Merging WDA caps over Appium caps for session detail response
[HTTP] <-- GET /wd/hub/session/320183a2-d3b7-4c64-8f57-4572b8564e62 200 1 ms - 627
[HTTP] 
[HTTP] --> GET /wd/hub/session/320183a2-d3b7-4c64-8f57-4572b8564e62
[HTTP] {}
[XCUITest] Merging WDA caps over Appium caps for session detail response
[HTTP] <-- GET /wd/hub/session/320183a2-d3b7-4c64-8f57-4572b8564e62 200 2 ms - 627
[HTTP] 
[HTTP] --> GET /wd/hub/session/320183a2-d3b7-4c64-8f57-4572b8564e62
[HTTP] {}
[XCUITest] Merging WDA caps over Appium caps for session detail response
[HTTP] <-- GET /wd/hub/session/320183a2-d3b7-4c64-8f57-4572b8564e62 200 2 ms - 627
[HTTP] 
[HTTP] --> GET /wd/hub/session/320183a2-d3b7-4c64-8f57-4572b8564e62
[HTTP] {}
[XCUITest] Merging WDA caps over Appium caps for session detail response
[HTTP] <-- GET /wd/hub/session/320183a2-d3b7-4c64-8f57-4572b8564e62 200 2 ms - 627
[HTTP] 
[HTTP] --> GET /wd/hub/session/320183a2-d3b7-4c64-8f57-4572b8564e62
[HTTP] {}
[XCUITest] Merging WDA caps over Appium caps for session detail response
[HTTP] <-- GET /wd/hub/session/320183a2-d3b7-4c64-8f57-4572b8564e62 200 2 ms - 627
[HTTP] 
[HTTP] --> GET /wd/hub/session/320183a2-d3b7-4c64-8f57-4572b8564e62
[HTTP] {}
[XCUITest] Merging WDA caps over Appium caps for session detail response
[HTTP] <-- GET /wd/hub/session/320183a2-d3b7-4c64-8f57-4572b8564e62 200 2 ms - 627
[HTTP] 
[HTTP] --> POST /wd/hub/session/320183a2-d3b7-4c64-8f57-4572b8564e62/element/5051/click
[HTTP] {"id":"5051"}
[HTTP] <-- POST /wd/hub/session/320183a2-d3b7-4c64-8f57-4572b8564e62/element/5051/click 200 2958 ms - 76
[HTTP] 
[HTTP] --> DELETE /wd/hub/session/320183a2-d3b7-4c64-8f57-4572b8564e62
[HTTP] {}
[Appium] Removing session 320183a2-d3b7-4c64-8f57-4572b8564e62 from our master session list
[HTTP] <-- DELETE /wd/hub/session/320183a2-d3b7-4c64-8f57-4572b8564e62 200 3107 ms - 76
[HTTP] 
