[Appium] Welcome to Appium v1.8.1
[Appium] Non-default server args:
[Appium]   port: 52741
[Appium]   loglevel: info
[Appium]   chromeDriverPort: 52742
[Appium]   tmpDir: /var/folders/95/4qsvf70n5s55n0wp9h6b0h_r0000gn/T//Katalon/Appium/Temp1547636142197
[Appium]   webkitDebugProxyPort: 52739
[Appium] Appium REST http interface listener started on 0.0.0.0:52741
[HTTP] --> GET /wd/hub/status
[HTTP] {}
[HTTP] <-- GET /wd/hub/status 200 29 ms - 83
[HTTP] 
[HTTP] --> POST /wd/hub/session
[HTTP] {"desiredCapabilities":{"automationName":"XCUITest","browserName":"Safari","deviceId":"","deviceName":"iPhone X","newCommandTimeout":1800,"platform":"IOS","platformName":"iOS","platformVersion":"12.1","realDeviceLogger":"/Applications/Katalon Studio.app/Contents/Eclipse/configuration/resources/tools/deviceconsole/deviceconsole","wdaLocalPort":52738},"capabilities":{"desiredCapabilities":{"automationName":"XCUITest","browserName":"Safari","deviceId":"","deviceName":"iPhone X","newCommandTimeout":1800,"platform":"IOS","platformName":"iOS","platformVersion":"12.1","realDeviceLogger":"/Applications/Katalon Studio.app/Contents/Eclipse/configuration/resources/tools/deviceconsole/deviceconsole","wdaLocalPort":52738},"firstMatch":[{"browserName":"Safari","platformName":"ios"}]}}
[Appium] Could not parse W3C capabilities: 'deviceName' can't be blank. Falling back to JSONWP protocol.
[Appium] The following capabilities were provided in the JSONWP desired capabilities that are missing in W3C capabilities: ["automationName","browserName","deviceId","deviceName","newCommandTimeout","platform","platformName","platformVersion","realDeviceLogger","wdaLocalPort"]. Falling back to JSONWP protocol.
[Appium] Creating new XCUITestDriver (v2.105.0) session
[Appium] Capabilities:
[Appium]   automationName: XCUITest
[Appium]   browserName: Safari
[Appium]   deviceId: 
[Appium]   deviceName: iPhone X
[Appium]   newCommandTimeout: 1800
[Appium]   platform: IOS
[Appium]   platformName: iOS
[Appium]   platformVersion: 12.1
[Appium]   realDeviceLogger: /Applications/Katalon Studio.app/Contents/Eclipse/configuration/resources/tools/deviceconsole/deviceconsole
[Appium]   wdaLocalPort: 52738
[BaseDriver] The following capabilities were provided, but are not recognized by appium: deviceId, platform.
[BaseDriver] Session created with session id: 26166769-4a1b-43f8-8cbc-9fa53c7d848c
[iOSSim] Constructing iOS simulator for Xcode version 10.1 with udid '1FBC48CC-4B26-4899-AB2C-0FDD67CACB37'
[XCUITest] Determining device to run tests on: udid: '1FBC48CC-4B26-4899-AB2C-0FDD67CACB37', real device: false
[XCUITest] Safari test requested
[XCUITest] Setting up simulator
[iOSSim] Both Simulator with UDID 1FBC48CC-4B26-4899-AB2C-0FDD67CACB37 and the UI client are currently running
[XCUITest] Using WDA path: '/Users/denisyu/.nvm/versions/node/v8.1.4/lib/node_modules/appium/node_modules/_appium-xcuitest-driver@2.105.0@appium-xcuitest-driver/WebDriverAgent'
[XCUITest] Using WDA agent: '/Users/denisyu/.nvm/versions/node/v8.1.4/lib/node_modules/appium/node_modules/_appium-xcuitest-driver@2.105.0@appium-xcuitest-driver/WebDriverAgent/WebDriverAgent.xcodeproj'
[JSONWP Proxy] Got an unexpected response: {"errno":"ECONNREFUSED","code":"ECONNREFUSED","syscall":"connect","address":"127.0.0.1","port":52738}
[XCUITest] Launching WebDriverAgent on the device
[JSONWP Proxy] Got an unexpected response: {"errno":"ECONNREFUSED","code":"ECONNREFUSED","syscall":"connect","address":"127.0.0.1","port":52738}
[JSONWP Proxy] Got an unexpected response: {"errno":"ECONNREFUSED","code":"ECONNREFUSED","syscall":"connect","address":"127.0.0.1","port":52738}
[JSONWP Proxy] Got an unexpected response: {"errno":"ECONNREFUSED","code":"ECONNREFUSED","syscall":"connect","address":"127.0.0.1","port":52738}
[JSONWP Proxy] Got an unexpected response: {"errno":"ECONNREFUSED","code":"ECONNREFUSED","syscall":"connect","address":"127.0.0.1","port":52738}
[JSONWP Proxy] Got an unexpected response: {"errno":"ECONNREFUSED","code":"ECONNREFUSED","syscall":"connect","address":"127.0.0.1","port":52738}
[JSONWP Proxy] Got an unexpected response: {"errno":"ECONNREFUSED","code":"ECONNREFUSED","syscall":"connect","address":"127.0.0.1","port":52738}
[JSONWP Proxy] Got an unexpected response: {"errno":"ECONNREFUSED","code":"ECONNREFUSED","syscall":"connect","address":"127.0.0.1","port":52738}
[JSONWP Proxy] Got an unexpected response: {"errno":"ECONNREFUSED","code":"ECONNREFUSED","syscall":"connect","address":"127.0.0.1","port":52738}
[JSONWP Proxy] Got an unexpected response: {"errno":"ECONNREFUSED","code":"ECONNREFUSED","syscall":"connect","address":"127.0.0.1","port":52738}
[JSONWP Proxy] Got an unexpected response: {"errno":"ECONNREFUSED","code":"ECONNREFUSED","syscall":"connect","address":"127.0.0.1","port":52738}
[JSONWP Proxy] Got an unexpected response: {"errno":"ECONNREFUSED","code":"ECONNREFUSED","syscall":"connect","address":"127.0.0.1","port":52738}
[JSONWP Proxy] Got an unexpected response: {"errno":"ECONNREFUSED","code":"ECONNREFUSED","syscall":"connect","address":"127.0.0.1","port":52738}
[JSONWP Proxy] Got an unexpected response: {"errno":"ECONNREFUSED","code":"ECONNREFUSED","syscall":"connect","address":"127.0.0.1","port":52738}
[JSONWP Proxy] Got an unexpected response: {"errno":"ECONNREFUSED","code":"ECONNREFUSED","syscall":"connect","address":"127.0.0.1","port":52738}
[JSONWP Proxy] Got an unexpected response: {"errno":"ECONNREFUSED","code":"ECONNREFUSED","syscall":"connect","address":"127.0.0.1","port":52738}
[HTTP] --> GET /welcome
[HTTP] {}
[HTTP] <-- GET /welcome 200 13 ms - 124
[HTTP] 
[HTTP] <-- GET /favicon.ico 200 8 ms - 1150
[HTTP] 
[XCUITest] Skipping setting of the initial display orientation. Set the "orientation" capability to either "LANDSCAPE" or "PORTRAIT", if this is an undesired behavior.
[Appium] New XCUITestDriver session created successfully, session 26166769-4a1b-43f8-8cbc-9fa53c7d848c added to master session list
[HTTP] <-- POST /wd/hub/session 200 36691 ms - 608
[HTTP] 
[HTTP] --> GET /wd/hub/status
[HTTP] {}
[HTTP] <-- GET /wd/hub/status 200 28 ms - 55
[HTTP] 
[HTTP] --> POST /wd/hub/session/26166769-4a1b-43f8-8cbc-9fa53c7d848c/timeouts
[HTTP] {"type":"implicit","ms":60000}
[HTTP] <-- POST /wd/hub/session/26166769-4a1b-43f8-8cbc-9fa53c7d848c/timeouts 400 23 ms - 5641
[HTTP] 
[HTTP] --> POST /wd/hub/session/26166769-4a1b-43f8-8cbc-9fa53c7d848c/timeouts
[HTTP] {"type":"implicit","ms":0}
[HTTP] <-- POST /wd/hub/session/26166769-4a1b-43f8-8cbc-9fa53c7d848c/timeouts 400 3 ms - 5633
[HTTP] 
[HTTP] --> POST /wd/hub/session/26166769-4a1b-43f8-8cbc-9fa53c7d848c/execute
[HTTP] {"script":"return navigator.sayswho= (function() { var ua= navigator.userAgent, tem, M= ua.match(/(opera|chrome|safari|firefox|msie|trident)\\/?\\s*(\\.?\\d+(\\.\\d+)*)/i) || []; if (/trident/i.test(M[1])) {     tem=  /\\brv[ :]+(\\d+)/g.exec(ua) || [];     return 'IE '+(tem[1] || ''); } if(M[1]=== 'Chrome') {     tem= ua.match(/\\b(OPR|Edge)\\/(\\d+)/);     if(tem!= null) return tem.slice(1).join(' ').replace('OPR', 'Opera'); } M= M[2]? [M[1], M[2]]: [navigator.appName, navigator.appVersion, '-?']; if((tem= ua.match(/version\\/(\\d+)/i))!= null) M.splice(1, 1, tem[1]); return M.join(' ').replace('MSIE', 'IE');})();","args":[]}
[HTTP] <-- POST /wd/hub/session/26166769-4a1b-43f8-8cbc-9fa53c7d848c/execute 200 474 ms - 83
[HTTP] 
[HTTP] --> POST /wd/hub/session/26166769-4a1b-43f8-8cbc-9fa53c7d848c/url
[HTTP] {"url":"https://praetemptatus.agilehealthinsurance.com/"}
[HTTP] <-- POST /wd/hub/session/26166769-4a1b-43f8-8cbc-9fa53c7d848c/url 200 10942 ms - 76
[HTTP] 
[HTTP] --> POST /wd/hub/session/26166769-4a1b-43f8-8cbc-9fa53c7d848c/elements
[HTTP] {"using":"xpath","value":"//a[@href = '/health-insurance-quotes' and @id = 'primaryCTA' and @title = 'Get Health Insurance Quotes' and (text() = 'Quote & Save Today' or . = 'Quote & Save Today')]"}
[HTTP] <-- POST /wd/hub/session/26166769-4a1b-43f8-8cbc-9fa53c7d848c/elements 200 585 ms - 92
[HTTP] 
[HTTP] --> GET /wd/hub/session/26166769-4a1b-43f8-8cbc-9fa53c7d848c
[HTTP] {}
[XCUITest] Merging WDA caps over Appium caps for session detail response
[HTTP] <-- GET /wd/hub/session/26166769-4a1b-43f8-8cbc-9fa53c7d848c 200 2501 ms - 627
[HTTP] 
[HTTP] --> GET /wd/hub/session/26166769-4a1b-43f8-8cbc-9fa53c7d848c
[HTTP] {}
[XCUITest] Merging WDA caps over Appium caps for session detail response
[HTTP] <-- GET /wd/hub/session/26166769-4a1b-43f8-8cbc-9fa53c7d848c 200 6 ms - 627
[HTTP] 
[HTTP] --> GET /wd/hub/session/26166769-4a1b-43f8-8cbc-9fa53c7d848c
[HTTP] {}
[XCUITest] Merging WDA caps over Appium caps for session detail response
[HTTP] <-- GET /wd/hub/session/26166769-4a1b-43f8-8cbc-9fa53c7d848c 200 6 ms - 627
[HTTP] 
[HTTP] --> GET /wd/hub/session/26166769-4a1b-43f8-8cbc-9fa53c7d848c
[HTTP] {}
[XCUITest] Merging WDA caps over Appium caps for session detail response
[HTTP] <-- GET /wd/hub/session/26166769-4a1b-43f8-8cbc-9fa53c7d848c 200 4 ms - 627
[HTTP] 
[HTTP] --> POST /wd/hub/session/26166769-4a1b-43f8-8cbc-9fa53c7d848c/element/5000/click
[HTTP] {"id":"5000"}
[HTTP] <-- POST /wd/hub/session/26166769-4a1b-43f8-8cbc-9fa53c7d848c/element/5000/click 200 3926 ms - 76
[HTTP] 
[HTTP] --> POST /wd/hub/session/26166769-4a1b-43f8-8cbc-9fa53c7d848c/elements
[HTTP] {"using":"xpath","value":"//input[@id = 'zip-input' and @type = 'tel' and @placeholder = 'Zip Code']"}
[HTTP] <-- POST /wd/hub/session/26166769-4a1b-43f8-8cbc-9fa53c7d848c/elements 200 547 ms - 92
[HTTP] 
[HTTP] --> GET /wd/hub/session/26166769-4a1b-43f8-8cbc-9fa53c7d848c
[HTTP] {}
[XCUITest] Merging WDA caps over Appium caps for session detail response
[HTTP] <-- GET /wd/hub/session/26166769-4a1b-43f8-8cbc-9fa53c7d848c 200 2 ms - 627
[HTTP] 
[HTTP] --> GET /wd/hub/session/26166769-4a1b-43f8-8cbc-9fa53c7d848c
[HTTP] {}
[XCUITest] Merging WDA caps over Appium caps for session detail response
[HTTP] <-- GET /wd/hub/session/26166769-4a1b-43f8-8cbc-9fa53c7d848c 200 4 ms - 627
[HTTP] 
[HTTP] --> GET /wd/hub/session/26166769-4a1b-43f8-8cbc-9fa53c7d848c
[HTTP] {}
[XCUITest] Merging WDA caps over Appium caps for session detail response
[HTTP] <-- GET /wd/hub/session/26166769-4a1b-43f8-8cbc-9fa53c7d848c 200 2 ms - 627
[HTTP] 
[HTTP] --> GET /wd/hub/session/26166769-4a1b-43f8-8cbc-9fa53c7d848c
[HTTP] {}
[XCUITest] Merging WDA caps over Appium caps for session detail response
[HTTP] <-- GET /wd/hub/session/26166769-4a1b-43f8-8cbc-9fa53c7d848c 200 2 ms - 627
[HTTP] 
[HTTP] --> POST /wd/hub/session/26166769-4a1b-43f8-8cbc-9fa53c7d848c/element/5001/clear
[HTTP] {"id":"5001"}
[HTTP] <-- POST /wd/hub/session/26166769-4a1b-43f8-8cbc-9fa53c7d848c/element/5001/clear 200 521 ms - 76
[HTTP] 
[HTTP] --> POST /wd/hub/session/26166769-4a1b-43f8-8cbc-9fa53c7d848c/elements
[HTTP] {"using":"xpath","value":"//input[@id = 'zip-input' and @type = 'tel' and @placeholder = 'Zip Code']"}
[HTTP] <-- POST /wd/hub/session/26166769-4a1b-43f8-8cbc-9fa53c7d848c/elements 200 721 ms - 92
[HTTP] 
[HTTP] --> GET /wd/hub/session/26166769-4a1b-43f8-8cbc-9fa53c7d848c
[HTTP] {}
[XCUITest] Merging WDA caps over Appium caps for session detail response
[HTTP] <-- GET /wd/hub/session/26166769-4a1b-43f8-8cbc-9fa53c7d848c 200 2 ms - 627
[HTTP] 
[HTTP] --> GET /wd/hub/session/26166769-4a1b-43f8-8cbc-9fa53c7d848c
[HTTP] {}
[XCUITest] Merging WDA caps over Appium caps for session detail response
[HTTP] <-- GET /wd/hub/session/26166769-4a1b-43f8-8cbc-9fa53c7d848c 200 2 ms - 627
[HTTP] 
[HTTP] --> GET /wd/hub/session/26166769-4a1b-43f8-8cbc-9fa53c7d848c
[HTTP] {}
[XCUITest] Merging WDA caps over Appium caps for session detail response
[HTTP] <-- GET /wd/hub/session/26166769-4a1b-43f8-8cbc-9fa53c7d848c 200 2 ms - 627
[HTTP] 
[HTTP] --> GET /wd/hub/session/26166769-4a1b-43f8-8cbc-9fa53c7d848c
[HTTP] {}
[XCUITest] Merging WDA caps over Appium caps for session detail response
[HTTP] <-- GET /wd/hub/session/26166769-4a1b-43f8-8cbc-9fa53c7d848c 200 2 ms - 627
[HTTP] 
[HTTP] --> POST /wd/hub/session/26166769-4a1b-43f8-8cbc-9fa53c7d848c/element/5002/value
[HTTP] {"id":"5002","value":["60602"]}
[HTTP] <-- POST /wd/hub/session/26166769-4a1b-43f8-8cbc-9fa53c7d848c/element/5002/value 200 3624 ms - 76
[HTTP] 
[HTTP] --> POST /wd/hub/session/26166769-4a1b-43f8-8cbc-9fa53c7d848c/elements
[HTTP] {"using":"xpath","value":"//input[@id = 'dob-0' and @type = 'tel' and @placeholder = 'mm/dd/yyyy']"}
[HTTP] <-- POST /wd/hub/session/26166769-4a1b-43f8-8cbc-9fa53c7d848c/elements 200 500 ms - 92
[HTTP] 
[HTTP] --> GET /wd/hub/session/26166769-4a1b-43f8-8cbc-9fa53c7d848c
[HTTP] {}
[XCUITest] Merging WDA caps over Appium caps for session detail response
[HTTP] <-- GET /wd/hub/session/26166769-4a1b-43f8-8cbc-9fa53c7d848c 200 4 ms - 627
[HTTP] 
[HTTP] --> GET /wd/hub/session/26166769-4a1b-43f8-8cbc-9fa53c7d848c
[HTTP] {}
[XCUITest] Merging WDA caps over Appium caps for session detail response
[HTTP] <-- GET /wd/hub/session/26166769-4a1b-43f8-8cbc-9fa53c7d848c 200 2 ms - 627
[HTTP] 
[HTTP] --> GET /wd/hub/session/26166769-4a1b-43f8-8cbc-9fa53c7d848c
[HTTP] {}
[XCUITest] Merging WDA caps over Appium caps for session detail response
[HTTP] <-- GET /wd/hub/session/26166769-4a1b-43f8-8cbc-9fa53c7d848c 200 2 ms - 627
[HTTP] 
[HTTP] --> GET /wd/hub/session/26166769-4a1b-43f8-8cbc-9fa53c7d848c
[HTTP] {}
[XCUITest] Merging WDA caps over Appium caps for session detail response
[HTTP] <-- GET /wd/hub/session/26166769-4a1b-43f8-8cbc-9fa53c7d848c 200 2 ms - 627
[HTTP] 
[HTTP] --> POST /wd/hub/session/26166769-4a1b-43f8-8cbc-9fa53c7d848c/element/5003/clear
[HTTP] {"id":"5003"}
[HTTP] <-- POST /wd/hub/session/26166769-4a1b-43f8-8cbc-9fa53c7d848c/element/5003/clear 200 462 ms - 76
[HTTP] 
[HTTP] --> POST /wd/hub/session/26166769-4a1b-43f8-8cbc-9fa53c7d848c/elements
[HTTP] {"using":"xpath","value":"//input[@id = 'dob-0' and @type = 'tel' and @placeholder = 'mm/dd/yyyy']"}
[HTTP] <-- POST /wd/hub/session/26166769-4a1b-43f8-8cbc-9fa53c7d848c/elements 200 384 ms - 92
[HTTP] 
[HTTP] --> GET /wd/hub/session/26166769-4a1b-43f8-8cbc-9fa53c7d848c
[HTTP] {}
[XCUITest] Merging WDA caps over Appium caps for session detail response
[HTTP] <-- GET /wd/hub/session/26166769-4a1b-43f8-8cbc-9fa53c7d848c 200 2 ms - 627
[HTTP] 
[HTTP] --> GET /wd/hub/session/26166769-4a1b-43f8-8cbc-9fa53c7d848c
[HTTP] {}
[XCUITest] Merging WDA caps over Appium caps for session detail response
[HTTP] <-- GET /wd/hub/session/26166769-4a1b-43f8-8cbc-9fa53c7d848c 200 2 ms - 627
[HTTP] 
[HTTP] --> GET /wd/hub/session/26166769-4a1b-43f8-8cbc-9fa53c7d848c
[HTTP] {}
[XCUITest] Merging WDA caps over Appium caps for session detail response
[HTTP] <-- GET /wd/hub/session/26166769-4a1b-43f8-8cbc-9fa53c7d848c 200 2 ms - 627
[HTTP] 
[HTTP] --> GET /wd/hub/session/26166769-4a1b-43f8-8cbc-9fa53c7d848c
[HTTP] {}
[XCUITest] Merging WDA caps over Appium caps for session detail response
[HTTP] <-- GET /wd/hub/session/26166769-4a1b-43f8-8cbc-9fa53c7d848c 200 2 ms - 627
[HTTP] 
[HTTP] --> POST /wd/hub/session/26166769-4a1b-43f8-8cbc-9fa53c7d848c/element/5004/value
[HTTP] {"id":"5004","value":["03/03/1987"]}
[HTTP] <-- POST /wd/hub/session/26166769-4a1b-43f8-8cbc-9fa53c7d848c/element/5004/value 200 4270 ms - 76
[HTTP] 
[HTTP] --> POST /wd/hub/session/26166769-4a1b-43f8-8cbc-9fa53c7d848c/elements
[HTTP] {"using":"xpath","value":"//label[(text() = 'Male' or . = 'Male')]"}
[HTTP] <-- POST /wd/hub/session/26166769-4a1b-43f8-8cbc-9fa53c7d848c/elements 200 221 ms - 92
[HTTP] 
[HTTP] --> GET /wd/hub/session/26166769-4a1b-43f8-8cbc-9fa53c7d848c
[HTTP] {}
[XCUITest] Merging WDA caps over Appium caps for session detail response
[HTTP] <-- GET /wd/hub/session/26166769-4a1b-43f8-8cbc-9fa53c7d848c 200 2 ms - 627
[HTTP] 
[HTTP] --> GET /wd/hub/session/26166769-4a1b-43f8-8cbc-9fa53c7d848c
[HTTP] {}
[XCUITest] Merging WDA caps over Appium caps for session detail response
[HTTP] <-- GET /wd/hub/session/26166769-4a1b-43f8-8cbc-9fa53c7d848c 200 2 ms - 627
[HTTP] 
[HTTP] --> GET /wd/hub/session/26166769-4a1b-43f8-8cbc-9fa53c7d848c
[HTTP] {}
[XCUITest] Merging WDA caps over Appium caps for session detail response
[HTTP] <-- GET /wd/hub/session/26166769-4a1b-43f8-8cbc-9fa53c7d848c 200 2 ms - 627
[HTTP] 
[HTTP] --> GET /wd/hub/session/26166769-4a1b-43f8-8cbc-9fa53c7d848c
[HTTP] {}
[XCUITest] Merging WDA caps over Appium caps for session detail response
[HTTP] <-- GET /wd/hub/session/26166769-4a1b-43f8-8cbc-9fa53c7d848c 200 4 ms - 627
[HTTP] 
[HTTP] --> POST /wd/hub/session/26166769-4a1b-43f8-8cbc-9fa53c7d848c/element/5005/click
[HTTP] {"id":"5005"}
[HTTP] <-- POST /wd/hub/session/26166769-4a1b-43f8-8cbc-9fa53c7d848c/element/5005/click 200 7230 ms - 76
[HTTP] 
[HTTP] --> POST /wd/hub/session/26166769-4a1b-43f8-8cbc-9fa53c7d848c/elements
[HTTP] {"using":"xpath","value":"//label[@id = 'js-see-plans' and @href = '#' and (text() = 'Compare Plans ' or . = 'Compare Plans ')]"}
[HTTP] <-- POST /wd/hub/session/26166769-4a1b-43f8-8cbc-9fa53c7d848c/elements 200 681 ms - 92
[HTTP] 
[HTTP] --> GET /wd/hub/session/26166769-4a1b-43f8-8cbc-9fa53c7d848c
[HTTP] {}
[XCUITest] Merging WDA caps over Appium caps for session detail response
[HTTP] <-- GET /wd/hub/session/26166769-4a1b-43f8-8cbc-9fa53c7d848c 200 2 ms - 627
[HTTP] 
[HTTP] --> GET /wd/hub/session/26166769-4a1b-43f8-8cbc-9fa53c7d848c
[HTTP] {}
[XCUITest] Merging WDA caps over Appium caps for session detail response
[HTTP] <-- GET /wd/hub/session/26166769-4a1b-43f8-8cbc-9fa53c7d848c 200 2 ms - 627
[HTTP] 
[HTTP] --> GET /wd/hub/session/26166769-4a1b-43f8-8cbc-9fa53c7d848c
[HTTP] {}
[XCUITest] Merging WDA caps over Appium caps for session detail response
[HTTP] <-- GET /wd/hub/session/26166769-4a1b-43f8-8cbc-9fa53c7d848c 200 2 ms - 627
[HTTP] 
[HTTP] --> GET /wd/hub/session/26166769-4a1b-43f8-8cbc-9fa53c7d848c
[HTTP] {}
[XCUITest] Merging WDA caps over Appium caps for session detail response
[HTTP] <-- GET /wd/hub/session/26166769-4a1b-43f8-8cbc-9fa53c7d848c 200 2 ms - 627
[HTTP] 
[HTTP] --> POST /wd/hub/session/26166769-4a1b-43f8-8cbc-9fa53c7d848c/element/5006/click
[HTTP] {"id":"5006"}
[HTTP] <-- POST /wd/hub/session/26166769-4a1b-43f8-8cbc-9fa53c7d848c/element/5006/click 200 2511 ms - 76
[HTTP] 
[HTTP] --> POST /wd/hub/session/26166769-4a1b-43f8-8cbc-9fa53c7d848c/elements
[HTTP] {"using":"xpath","value":"//*[@href = '/term-health-insurance/plan/slaico-il-plan-2-10000-30-20000-1000000' and @class = 'c-plan-unit-v3__plan-name' and (text() = 'Standard Life Select STM Plan 2 10K/30/1M' or . = 'Standard Life Select STM Plan 2 10K/30/1M')]"}
[HTTP] <-- POST /wd/hub/session/26166769-4a1b-43f8-8cbc-9fa53c7d848c/elements 200 373 ms - 92
[HTTP] 
[HTTP] --> GET /wd/hub/session/26166769-4a1b-43f8-8cbc-9fa53c7d848c
[HTTP] {}
[XCUITest] Merging WDA caps over Appium caps for session detail response
[HTTP] <-- GET /wd/hub/session/26166769-4a1b-43f8-8cbc-9fa53c7d848c 200 3 ms - 627
[HTTP] 
[HTTP] --> GET /wd/hub/session/26166769-4a1b-43f8-8cbc-9fa53c7d848c
[HTTP] {}
[XCUITest] Merging WDA caps over Appium caps for session detail response
[HTTP] <-- GET /wd/hub/session/26166769-4a1b-43f8-8cbc-9fa53c7d848c 200 5 ms - 627
[HTTP] 
[HTTP] --> GET /wd/hub/session/26166769-4a1b-43f8-8cbc-9fa53c7d848c
[HTTP] {}
[XCUITest] Merging WDA caps over Appium caps for session detail response
[HTTP] <-- GET /wd/hub/session/26166769-4a1b-43f8-8cbc-9fa53c7d848c 200 2 ms - 627
[HTTP] 
[HTTP] --> GET /wd/hub/session/26166769-4a1b-43f8-8cbc-9fa53c7d848c
[HTTP] {}
[XCUITest] Merging WDA caps over Appium caps for session detail response
[HTTP] <-- GET /wd/hub/session/26166769-4a1b-43f8-8cbc-9fa53c7d848c 200 4 ms - 627
[HTTP] 
[HTTP] --> POST /wd/hub/session/26166769-4a1b-43f8-8cbc-9fa53c7d848c/execute
[HTTP] {"script":"arguments[0].scrollIntoView();","args":[{"ELEMENT":"5007","element-6066-11e4-a52e-4f735466cecf":"5007"}]}
[HTTP] <-- POST /wd/hub/session/26166769-4a1b-43f8-8cbc-9fa53c7d848c/execute 200 298 ms - 76
[HTTP] 
[HTTP] --> POST /wd/hub/session/26166769-4a1b-43f8-8cbc-9fa53c7d848c/elements
[HTTP] {"using":"xpath","value":"//a[@href = '/term-health-insurance/plan/lifeshield-flex-il-5000-20-8000-750000' and (text() = 'LifeShield Flex 5K/20/8K/750K' or . = 'LifeShield Flex 5K/20/8K/750K')]"}
[HTTP] <-- POST /wd/hub/session/26166769-4a1b-43f8-8cbc-9fa53c7d848c/elements 200 697 ms - 92
[HTTP] 
[HTTP] --> GET /wd/hub/session/26166769-4a1b-43f8-8cbc-9fa53c7d848c
[HTTP] {}
[XCUITest] Merging WDA caps over Appium caps for session detail response
[HTTP] <-- GET /wd/hub/session/26166769-4a1b-43f8-8cbc-9fa53c7d848c 200 6 ms - 627
[HTTP] 
[HTTP] --> GET /wd/hub/session/26166769-4a1b-43f8-8cbc-9fa53c7d848c
[HTTP] {}
[XCUITest] Merging WDA caps over Appium caps for session detail response
[HTTP] <-- GET /wd/hub/session/26166769-4a1b-43f8-8cbc-9fa53c7d848c 200 3 ms - 627
[HTTP] 
[HTTP] --> GET /wd/hub/session/26166769-4a1b-43f8-8cbc-9fa53c7d848c
[HTTP] {}
[XCUITest] Merging WDA caps over Appium caps for session detail response
[HTTP] <-- GET /wd/hub/session/26166769-4a1b-43f8-8cbc-9fa53c7d848c 200 2 ms - 627
[HTTP] 
[HTTP] --> GET /wd/hub/session/26166769-4a1b-43f8-8cbc-9fa53c7d848c
[HTTP] {}
[XCUITest] Merging WDA caps over Appium caps for session detail response
[HTTP] <-- GET /wd/hub/session/26166769-4a1b-43f8-8cbc-9fa53c7d848c 200 2 ms - 627
[HTTP] 
[HTTP] --> POST /wd/hub/session/26166769-4a1b-43f8-8cbc-9fa53c7d848c/element/5008/click
[HTTP] {"id":"5008"}
[HTTP] <-- POST /wd/hub/session/26166769-4a1b-43f8-8cbc-9fa53c7d848c/element/5008/click 200 444 ms - 76
[HTTP] 
[HTTP] --> POST /wd/hub/session/26166769-4a1b-43f8-8cbc-9fa53c7d848c/elements
[HTTP] {"using":"xpath","value":"id(\"plan-details-primary-apply\")[count(. | //*[@id = 'plan-details-primary-apply' and (text() = 'Apply for This Plan' or . = 'Apply for This Plan')]) = count(//*[@id = 'plan-details-primary-apply' and (text() = 'Apply for This Plan' or . = 'Apply for This Plan')])]"}
[HTTP] <-- POST /wd/hub/session/26166769-4a1b-43f8-8cbc-9fa53c7d848c/elements 200 377 ms - 92
[HTTP] 
[HTTP] --> GET /wd/hub/session/26166769-4a1b-43f8-8cbc-9fa53c7d848c
[HTTP] {}
[XCUITest] Merging WDA caps over Appium caps for session detail response
[HTTP] <-- GET /wd/hub/session/26166769-4a1b-43f8-8cbc-9fa53c7d848c 200 2 ms - 627
[HTTP] 
[HTTP] --> GET /wd/hub/session/26166769-4a1b-43f8-8cbc-9fa53c7d848c
[HTTP] {}
[XCUITest] Merging WDA caps over Appium caps for session detail response
[HTTP] <-- GET /wd/hub/session/26166769-4a1b-43f8-8cbc-9fa53c7d848c 200 7 ms - 627
[HTTP] 
[HTTP] --> GET /wd/hub/session/26166769-4a1b-43f8-8cbc-9fa53c7d848c
[HTTP] {}
[XCUITest] Merging WDA caps over Appium caps for session detail response
[HTTP] <-- GET /wd/hub/session/26166769-4a1b-43f8-8cbc-9fa53c7d848c 200 4 ms - 627
[HTTP] 
[HTTP] --> GET /wd/hub/session/26166769-4a1b-43f8-8cbc-9fa53c7d848c
[HTTP] {}
[XCUITest] Merging WDA caps over Appium caps for session detail response
[HTTP] <-- GET /wd/hub/session/26166769-4a1b-43f8-8cbc-9fa53c7d848c 200 2 ms - 627
[HTTP] 
[HTTP] --> GET /wd/hub/session/26166769-4a1b-43f8-8cbc-9fa53c7d848c/element/5009/displayed
[HTTP] {}
[HTTP] <-- GET /wd/hub/session/26166769-4a1b-43f8-8cbc-9fa53c7d848c/element/5009/displayed 200 263 ms - 76
[HTTP] 
[HTTP] --> POST /wd/hub/session/26166769-4a1b-43f8-8cbc-9fa53c7d848c/elements
[HTTP] {"using":"xpath","value":"id(\"plan-details-primary-apply\")[count(. | //*[@id = 'plan-details-primary-apply' and (text() = 'Apply for This Plan' or . = 'Apply for This Plan')]) = count(//*[@id = 'plan-details-primary-apply' and (text() = 'Apply for This Plan' or . = 'Apply for This Plan')])]"}
[HTTP] <-- POST /wd/hub/session/26166769-4a1b-43f8-8cbc-9fa53c7d848c/elements 200 358 ms - 92
[HTTP] 
[HTTP] --> GET /wd/hub/session/26166769-4a1b-43f8-8cbc-9fa53c7d848c
[HTTP] {}
[XCUITest] Merging WDA caps over Appium caps for session detail response
[HTTP] <-- GET /wd/hub/session/26166769-4a1b-43f8-8cbc-9fa53c7d848c 200 2 ms - 627
[HTTP] 
[HTTP] --> GET /wd/hub/session/26166769-4a1b-43f8-8cbc-9fa53c7d848c
[HTTP] {}
[XCUITest] Merging WDA caps over Appium caps for session detail response
[HTTP] <-- GET /wd/hub/session/26166769-4a1b-43f8-8cbc-9fa53c7d848c 200 1 ms - 627
[HTTP] 
[HTTP] --> GET /wd/hub/session/26166769-4a1b-43f8-8cbc-9fa53c7d848c
[HTTP] {}
[XCUITest] Merging WDA caps over Appium caps for session detail response
[HTTP] <-- GET /wd/hub/session/26166769-4a1b-43f8-8cbc-9fa53c7d848c 200 2 ms - 627
[HTTP] 
[HTTP] --> GET /wd/hub/session/26166769-4a1b-43f8-8cbc-9fa53c7d848c
[HTTP] {}
[XCUITest] Merging WDA caps over Appium caps for session detail response
[HTTP] <-- GET /wd/hub/session/26166769-4a1b-43f8-8cbc-9fa53c7d848c 200 2 ms - 627
[HTTP] 
[HTTP] --> POST /wd/hub/session/26166769-4a1b-43f8-8cbc-9fa53c7d848c/element/5010/click
[HTTP] {"id":"5010"}
[HTTP] <-- POST /wd/hub/session/26166769-4a1b-43f8-8cbc-9fa53c7d848c/element/5010/click 200 881 ms - 76
[HTTP] 
[HTTP] --> POST /wd/hub/session/26166769-4a1b-43f8-8cbc-9fa53c7d848c/elements
[HTTP] {"using":"xpath","value":"//body[@id='apply']/main/div[2]/div[2]/div/div/ul/li[3]/div/div/div[2]/button/span"}
[HTTP] <-- POST /wd/hub/session/26166769-4a1b-43f8-8cbc-9fa53c7d848c/elements 200 896 ms - 111
[HTTP] 
[HTTP] --> GET /wd/hub/session/26166769-4a1b-43f8-8cbc-9fa53c7d848c
[HTTP] {}
[XCUITest] Merging WDA caps over Appium caps for session detail response
[HTTP] <-- GET /wd/hub/session/26166769-4a1b-43f8-8cbc-9fa53c7d848c 200 5 ms - 627
[HTTP] 
[HTTP] --> GET /wd/hub/session/26166769-4a1b-43f8-8cbc-9fa53c7d848c
[HTTP] {}
[XCUITest] Merging WDA caps over Appium caps for session detail response
[HTTP] <-- GET /wd/hub/session/26166769-4a1b-43f8-8cbc-9fa53c7d848c 200 3 ms - 627
[HTTP] 
[HTTP] --> GET /wd/hub/session/26166769-4a1b-43f8-8cbc-9fa53c7d848c
[HTTP] {}
[XCUITest] Merging WDA caps over Appium caps for session detail response
[HTTP] <-- GET /wd/hub/session/26166769-4a1b-43f8-8cbc-9fa53c7d848c 200 2 ms - 627
[HTTP] 
[HTTP] --> GET /wd/hub/session/26166769-4a1b-43f8-8cbc-9fa53c7d848c
[HTTP] {}
[XCUITest] Merging WDA caps over Appium caps for session detail response
[HTTP] <-- GET /wd/hub/session/26166769-4a1b-43f8-8cbc-9fa53c7d848c 200 2 ms - 627
[HTTP] 
[HTTP] --> GET /wd/hub/session/26166769-4a1b-43f8-8cbc-9fa53c7d848c
[HTTP] {}
[XCUITest] Merging WDA caps over Appium caps for session detail response
[HTTP] <-- GET /wd/hub/session/26166769-4a1b-43f8-8cbc-9fa53c7d848c 200 3 ms - 627
[HTTP] 
[HTTP] --> GET /wd/hub/session/26166769-4a1b-43f8-8cbc-9fa53c7d848c
[HTTP] {}
[XCUITest] Merging WDA caps over Appium caps for session detail response
[HTTP] <-- GET /wd/hub/session/26166769-4a1b-43f8-8cbc-9fa53c7d848c 200 2 ms - 627
[HTTP] 
[HTTP] --> GET /wd/hub/session/26166769-4a1b-43f8-8cbc-9fa53c7d848c
[HTTP] {}
[XCUITest] Merging WDA caps over Appium caps for session detail response
[HTTP] <-- GET /wd/hub/session/26166769-4a1b-43f8-8cbc-9fa53c7d848c 200 4 ms - 627
[HTTP] 
[HTTP] --> GET /wd/hub/session/26166769-4a1b-43f8-8cbc-9fa53c7d848c
[HTTP] {}
[XCUITest] Merging WDA caps over Appium caps for session detail response
[HTTP] <-- GET /wd/hub/session/26166769-4a1b-43f8-8cbc-9fa53c7d848c 200 2 ms - 627
[HTTP] 
[HTTP] --> POST /wd/hub/session/26166769-4a1b-43f8-8cbc-9fa53c7d848c/element/5011/click
[HTTP] {"id":"5011"}
[HTTP] <-- POST /wd/hub/session/26166769-4a1b-43f8-8cbc-9fa53c7d848c/element/5011/click 200 920 ms - 76
[HTTP] 
[HTTP] --> POST /wd/hub/session/26166769-4a1b-43f8-8cbc-9fa53c7d848c/elements
[HTTP] {"using":"xpath","value":"id(\"applyButton\")[count(. | //*[@id = 'applyButton' and (text() = ' Start Secure Application' or . = ' Start Secure Application')]) = count(//*[@id = 'applyButton' and (text() = ' Start Secure Application' or . = ' Start Secure Application')])]"}
[HTTP] <-- POST /wd/hub/session/26166769-4a1b-43f8-8cbc-9fa53c7d848c/elements 200 335 ms - 92
[HTTP] 
[HTTP] --> GET /wd/hub/session/26166769-4a1b-43f8-8cbc-9fa53c7d848c
[HTTP] {}
[XCUITest] Merging WDA caps over Appium caps for session detail response
[HTTP] <-- GET /wd/hub/session/26166769-4a1b-43f8-8cbc-9fa53c7d848c 200 2 ms - 627
[HTTP] 
[HTTP] --> GET /wd/hub/session/26166769-4a1b-43f8-8cbc-9fa53c7d848c
[HTTP] {}
[XCUITest] Merging WDA caps over Appium caps for session detail response
[HTTP] <-- GET /wd/hub/session/26166769-4a1b-43f8-8cbc-9fa53c7d848c 200 2 ms - 627
[HTTP] 
[HTTP] --> GET /wd/hub/session/26166769-4a1b-43f8-8cbc-9fa53c7d848c
[HTTP] {}
[XCUITest] Merging WDA caps over Appium caps for session detail response
[HTTP] <-- GET /wd/hub/session/26166769-4a1b-43f8-8cbc-9fa53c7d848c 200 2 ms - 627
[HTTP] 
[HTTP] --> GET /wd/hub/session/26166769-4a1b-43f8-8cbc-9fa53c7d848c
[HTTP] {}
[XCUITest] Merging WDA caps over Appium caps for session detail response
[HTTP] <-- GET /wd/hub/session/26166769-4a1b-43f8-8cbc-9fa53c7d848c 200 3 ms - 627
[HTTP] 
[HTTP] --> GET /wd/hub/session/26166769-4a1b-43f8-8cbc-9fa53c7d848c/element/5013/displayed
[HTTP] {}
[HTTP] <-- GET /wd/hub/session/26166769-4a1b-43f8-8cbc-9fa53c7d848c/element/5013/displayed 200 690 ms - 76
[HTTP] 
[HTTP] --> POST /wd/hub/session/26166769-4a1b-43f8-8cbc-9fa53c7d848c/elements
[HTTP] {"using":"xpath","value":"id(\"applyButton\")[count(. | //*[@id = 'applyButton' and (text() = ' Start Secure Application' or . = ' Start Secure Application')]) = count(//*[@id = 'applyButton' and (text() = ' Start Secure Application' or . = ' Start Secure Application')])]"}
[HTTP] <-- POST /wd/hub/session/26166769-4a1b-43f8-8cbc-9fa53c7d848c/elements 200 166 ms - 92
[HTTP] 
[HTTP] --> GET /wd/hub/session/26166769-4a1b-43f8-8cbc-9fa53c7d848c
[HTTP] {}
[XCUITest] Merging WDA caps over Appium caps for session detail response
[HTTP] <-- GET /wd/hub/session/26166769-4a1b-43f8-8cbc-9fa53c7d848c 200 2 ms - 627
[HTTP] 
[HTTP] --> GET /wd/hub/session/26166769-4a1b-43f8-8cbc-9fa53c7d848c
[HTTP] {}
[XCUITest] Merging WDA caps over Appium caps for session detail response
[HTTP] <-- GET /wd/hub/session/26166769-4a1b-43f8-8cbc-9fa53c7d848c 200 2 ms - 627
[HTTP] 
[HTTP] --> GET /wd/hub/session/26166769-4a1b-43f8-8cbc-9fa53c7d848c
[HTTP] {}
[XCUITest] Merging WDA caps over Appium caps for session detail response
[HTTP] <-- GET /wd/hub/session/26166769-4a1b-43f8-8cbc-9fa53c7d848c 200 2 ms - 627
[HTTP] 
[HTTP] --> GET /wd/hub/session/26166769-4a1b-43f8-8cbc-9fa53c7d848c
[HTTP] {}
[XCUITest] Merging WDA caps over Appium caps for session detail response
[HTTP] <-- GET /wd/hub/session/26166769-4a1b-43f8-8cbc-9fa53c7d848c 200 2 ms - 627
[HTTP] 
[HTTP] --> POST /wd/hub/session/26166769-4a1b-43f8-8cbc-9fa53c7d848c/element/5014/click
[HTTP] {"id":"5014"}
[HTTP] <-- POST /wd/hub/session/26166769-4a1b-43f8-8cbc-9fa53c7d848c/element/5014/click 200 585 ms - 76
[HTTP] 
[HTTP] --> POST /wd/hub/session/26166769-4a1b-43f8-8cbc-9fa53c7d848c/execute
[HTTP] {"script":"return document.readyState","args":[]}
[HTTP] <-- POST /wd/hub/session/26166769-4a1b-43f8-8cbc-9fa53c7d848c/execute 200 843 ms - 82
[HTTP] 
[HTTP] --> POST /wd/hub/session/26166769-4a1b-43f8-8cbc-9fa53c7d848c/elements
[HTTP] {"using":"xpath","value":"//button[(text() = 'No' or . = 'No')]"}
[HTTP] <-- POST /wd/hub/session/26166769-4a1b-43f8-8cbc-9fa53c7d848c/elements 200 523 ms - 74
[HTTP] 
[HTTP] --> POST /wd/hub/session/26166769-4a1b-43f8-8cbc-9fa53c7d848c/elements
[HTTP] {"using":"xpath","value":"//button[(text() = 'No' or . = 'No')]"}
[HTTP] <-- POST /wd/hub/session/26166769-4a1b-43f8-8cbc-9fa53c7d848c/elements 200 412 ms - 74
[HTTP] 
[HTTP] --> POST /wd/hub/session/26166769-4a1b-43f8-8cbc-9fa53c7d848c/elements
[HTTP] {"using":"xpath","value":"//button[(text() = 'No' or . = 'No')]"}
[HTTP] <-- POST /wd/hub/session/26166769-4a1b-43f8-8cbc-9fa53c7d848c/elements 200 401 ms - 74
[HTTP] 
[HTTP] --> POST /wd/hub/session/26166769-4a1b-43f8-8cbc-9fa53c7d848c/elements
[HTTP] {"using":"xpath","value":"//button[(text() = 'No' or . = 'No')]"}
[HTTP] <-- POST /wd/hub/session/26166769-4a1b-43f8-8cbc-9fa53c7d848c/elements 200 318 ms - 74
[HTTP] 
[HTTP] --> POST /wd/hub/session/26166769-4a1b-43f8-8cbc-9fa53c7d848c/elements
[HTTP] {"using":"xpath","value":"//button[(text() = 'No' or . = 'No')]"}
[HTTP] <-- POST /wd/hub/session/26166769-4a1b-43f8-8cbc-9fa53c7d848c/elements 200 164 ms - 74
[HTTP] 
[HTTP] --> POST /wd/hub/session/26166769-4a1b-43f8-8cbc-9fa53c7d848c/elements
[HTTP] {"using":"xpath","value":"//button[(text() = 'No' or . = 'No')]"}
[HTTP] <-- POST /wd/hub/session/26166769-4a1b-43f8-8cbc-9fa53c7d848c/elements 200 242 ms - 187
[HTTP] 
[HTTP] --> GET /wd/hub/session/26166769-4a1b-43f8-8cbc-9fa53c7d848c
[HTTP] {}
[XCUITest] Merging WDA caps over Appium caps for session detail response
[HTTP] <-- GET /wd/hub/session/26166769-4a1b-43f8-8cbc-9fa53c7d848c 200 2 ms - 627
[HTTP] 
[HTTP] --> GET /wd/hub/session/26166769-4a1b-43f8-8cbc-9fa53c7d848c
[HTTP] {}
[XCUITest] Merging WDA caps over Appium caps for session detail response
[HTTP] <-- GET /wd/hub/session/26166769-4a1b-43f8-8cbc-9fa53c7d848c 200 2 ms - 627
[HTTP] 
[HTTP] --> GET /wd/hub/session/26166769-4a1b-43f8-8cbc-9fa53c7d848c
[HTTP] {}
[XCUITest] Merging WDA caps over Appium caps for session detail response
[HTTP] <-- GET /wd/hub/session/26166769-4a1b-43f8-8cbc-9fa53c7d848c 200 4 ms - 627
[HTTP] 
[HTTP] --> GET /wd/hub/session/26166769-4a1b-43f8-8cbc-9fa53c7d848c
[HTTP] {}
[XCUITest] Merging WDA caps over Appium caps for session detail response
[HTTP] <-- GET /wd/hub/session/26166769-4a1b-43f8-8cbc-9fa53c7d848c 200 2 ms - 627
[HTTP] 
[HTTP] --> GET /wd/hub/session/26166769-4a1b-43f8-8cbc-9fa53c7d848c
[HTTP] {}
[XCUITest] Merging WDA caps over Appium caps for session detail response
[HTTP] <-- GET /wd/hub/session/26166769-4a1b-43f8-8cbc-9fa53c7d848c 200 2 ms - 627
[HTTP] 
[HTTP] --> GET /wd/hub/session/26166769-4a1b-43f8-8cbc-9fa53c7d848c
[HTTP] {}
[XCUITest] Merging WDA caps over Appium caps for session detail response
[HTTP] <-- GET /wd/hub/session/26166769-4a1b-43f8-8cbc-9fa53c7d848c 200 2 ms - 627
[HTTP] 
[HTTP] --> GET /wd/hub/session/26166769-4a1b-43f8-8cbc-9fa53c7d848c
[HTTP] {}
[XCUITest] Merging WDA caps over Appium caps for session detail response
[HTTP] <-- GET /wd/hub/session/26166769-4a1b-43f8-8cbc-9fa53c7d848c 200 2 ms - 627
[HTTP] 
[HTTP] --> GET /wd/hub/session/26166769-4a1b-43f8-8cbc-9fa53c7d848c
[HTTP] {}
[XCUITest] Merging WDA caps over Appium caps for session detail response
[HTTP] <-- GET /wd/hub/session/26166769-4a1b-43f8-8cbc-9fa53c7d848c 200 2 ms - 627
[HTTP] 
[HTTP] --> GET /wd/hub/session/26166769-4a1b-43f8-8cbc-9fa53c7d848c
[HTTP] {}
[XCUITest] Merging WDA caps over Appium caps for session detail response
[HTTP] <-- GET /wd/hub/session/26166769-4a1b-43f8-8cbc-9fa53c7d848c 200 2 ms - 627
[HTTP] 
[HTTP] --> GET /wd/hub/session/26166769-4a1b-43f8-8cbc-9fa53c7d848c
[HTTP] {}
[XCUITest] Merging WDA caps over Appium caps for session detail response
[HTTP] <-- GET /wd/hub/session/26166769-4a1b-43f8-8cbc-9fa53c7d848c 200 2 ms - 627
[HTTP] 
[HTTP] --> GET /wd/hub/session/26166769-4a1b-43f8-8cbc-9fa53c7d848c
[HTTP] {}
[XCUITest] Merging WDA caps over Appium caps for session detail response
[HTTP] <-- GET /wd/hub/session/26166769-4a1b-43f8-8cbc-9fa53c7d848c 200 2 ms - 627
[HTTP] 
[HTTP] --> GET /wd/hub/session/26166769-4a1b-43f8-8cbc-9fa53c7d848c
[HTTP] {}
[XCUITest] Merging WDA caps over Appium caps for session detail response
[HTTP] <-- GET /wd/hub/session/26166769-4a1b-43f8-8cbc-9fa53c7d848c 200 2 ms - 627
[HTTP] 
[HTTP] --> GET /wd/hub/session/26166769-4a1b-43f8-8cbc-9fa53c7d848c
[HTTP] {}
[XCUITest] Merging WDA caps over Appium caps for session detail response
[HTTP] <-- GET /wd/hub/session/26166769-4a1b-43f8-8cbc-9fa53c7d848c 200 2 ms - 627
[HTTP] 
[HTTP] --> GET /wd/hub/session/26166769-4a1b-43f8-8cbc-9fa53c7d848c
[HTTP] {}
[XCUITest] Merging WDA caps over Appium caps for session detail response
[HTTP] <-- GET /wd/hub/session/26166769-4a1b-43f8-8cbc-9fa53c7d848c 200 2 ms - 627
[HTTP] 
[HTTP] --> GET /wd/hub/session/26166769-4a1b-43f8-8cbc-9fa53c7d848c
[HTTP] {}
[XCUITest] Merging WDA caps over Appium caps for session detail response
[HTTP] <-- GET /wd/hub/session/26166769-4a1b-43f8-8cbc-9fa53c7d848c 200 3 ms - 627
[HTTP] 
[HTTP] --> GET /wd/hub/session/26166769-4a1b-43f8-8cbc-9fa53c7d848c
[HTTP] {}
[XCUITest] Merging WDA caps over Appium caps for session detail response
[HTTP] <-- GET /wd/hub/session/26166769-4a1b-43f8-8cbc-9fa53c7d848c 200 2 ms - 627
[HTTP] 
[HTTP] --> GET /wd/hub/session/26166769-4a1b-43f8-8cbc-9fa53c7d848c
[HTTP] {}
[XCUITest] Merging WDA caps over Appium caps for session detail response
[HTTP] <-- GET /wd/hub/session/26166769-4a1b-43f8-8cbc-9fa53c7d848c 200 2 ms - 627
[HTTP] 
[HTTP] --> GET /wd/hub/session/26166769-4a1b-43f8-8cbc-9fa53c7d848c
[HTTP] {}
[XCUITest] Merging WDA caps over Appium caps for session detail response
[HTTP] <-- GET /wd/hub/session/26166769-4a1b-43f8-8cbc-9fa53c7d848c 200 2 ms - 627
[HTTP] 
[HTTP] --> GET /wd/hub/session/26166769-4a1b-43f8-8cbc-9fa53c7d848c
[HTTP] {}
[XCUITest] Merging WDA caps over Appium caps for session detail response
[HTTP] <-- GET /wd/hub/session/26166769-4a1b-43f8-8cbc-9fa53c7d848c 200 2 ms - 627
[HTTP] 
[HTTP] --> GET /wd/hub/session/26166769-4a1b-43f8-8cbc-9fa53c7d848c
[HTTP] {}
[XCUITest] Merging WDA caps over Appium caps for session detail response
[HTTP] <-- GET /wd/hub/session/26166769-4a1b-43f8-8cbc-9fa53c7d848c 200 2 ms - 627
[HTTP] 
[HTTP] --> GET /wd/hub/session/26166769-4a1b-43f8-8cbc-9fa53c7d848c
[HTTP] {}
[XCUITest] Merging WDA caps over Appium caps for session detail response
[HTTP] <-- GET /wd/hub/session/26166769-4a1b-43f8-8cbc-9fa53c7d848c 200 2 ms - 627
[HTTP] 
[HTTP] --> GET /wd/hub/session/26166769-4a1b-43f8-8cbc-9fa53c7d848c
[HTTP] {}
[XCUITest] Merging WDA caps over Appium caps for session detail response
[HTTP] <-- GET /wd/hub/session/26166769-4a1b-43f8-8cbc-9fa53c7d848c 200 3 ms - 627
[HTTP] 
[HTTP] --> GET /wd/hub/session/26166769-4a1b-43f8-8cbc-9fa53c7d848c
[HTTP] {}
[XCUITest] Merging WDA caps over Appium caps for session detail response
[HTTP] <-- GET /wd/hub/session/26166769-4a1b-43f8-8cbc-9fa53c7d848c 200 5 ms - 627
[HTTP] 
[HTTP] --> GET /wd/hub/session/26166769-4a1b-43f8-8cbc-9fa53c7d848c
[HTTP] {}
[XCUITest] Merging WDA caps over Appium caps for session detail response
[HTTP] <-- GET /wd/hub/session/26166769-4a1b-43f8-8cbc-9fa53c7d848c 200 7 ms - 627
[HTTP] 
[HTTP] --> POST /wd/hub/session/26166769-4a1b-43f8-8cbc-9fa53c7d848c/element/5015/click
[HTTP] {"id":"5015"}
[HTTP] <-- POST /wd/hub/session/26166769-4a1b-43f8-8cbc-9fa53c7d848c/element/5015/click 200 915 ms - 76
[HTTP] 
[HTTP] --> POST /wd/hub/session/26166769-4a1b-43f8-8cbc-9fa53c7d848c/elements
[HTTP] {"using":"xpath","value":"//li[2]/div/button"}
[HTTP] <-- POST /wd/hub/session/26166769-4a1b-43f8-8cbc-9fa53c7d848c/elements 200 746 ms - 111
[HTTP] 
[HTTP] --> GET /wd/hub/session/26166769-4a1b-43f8-8cbc-9fa53c7d848c
[HTTP] {}
[XCUITest] Merging WDA caps over Appium caps for session detail response
[HTTP] <-- GET /wd/hub/session/26166769-4a1b-43f8-8cbc-9fa53c7d848c 200 2 ms - 627
[HTTP] 
[HTTP] --> GET /wd/hub/session/26166769-4a1b-43f8-8cbc-9fa53c7d848c
[HTTP] {}
[XCUITest] Merging WDA caps over Appium caps for session detail response
[HTTP] <-- GET /wd/hub/session/26166769-4a1b-43f8-8cbc-9fa53c7d848c 200 2 ms - 627
[HTTP] 
[HTTP] --> GET /wd/hub/session/26166769-4a1b-43f8-8cbc-9fa53c7d848c
[HTTP] {}
[XCUITest] Merging WDA caps over Appium caps for session detail response
[HTTP] <-- GET /wd/hub/session/26166769-4a1b-43f8-8cbc-9fa53c7d848c 200 2 ms - 627
[HTTP] 
[HTTP] --> GET /wd/hub/session/26166769-4a1b-43f8-8cbc-9fa53c7d848c
[HTTP] {}
[XCUITest] Merging WDA caps over Appium caps for session detail response
[HTTP] <-- GET /wd/hub/session/26166769-4a1b-43f8-8cbc-9fa53c7d848c 200 3 ms - 627
[HTTP] 
[HTTP] --> GET /wd/hub/session/26166769-4a1b-43f8-8cbc-9fa53c7d848c
[HTTP] {}
[XCUITest] Merging WDA caps over Appium caps for session detail response
[HTTP] <-- GET /wd/hub/session/26166769-4a1b-43f8-8cbc-9fa53c7d848c 200 2 ms - 627
[HTTP] 
[HTTP] --> GET /wd/hub/session/26166769-4a1b-43f8-8cbc-9fa53c7d848c
[HTTP] {}
[XCUITest] Merging WDA caps over Appium caps for session detail response
[HTTP] <-- GET /wd/hub/session/26166769-4a1b-43f8-8cbc-9fa53c7d848c 200 1 ms - 627
[HTTP] 
[HTTP] --> GET /wd/hub/session/26166769-4a1b-43f8-8cbc-9fa53c7d848c
[HTTP] {}
[XCUITest] Merging WDA caps over Appium caps for session detail response
[HTTP] <-- GET /wd/hub/session/26166769-4a1b-43f8-8cbc-9fa53c7d848c 200 1 ms - 627
[HTTP] 
[HTTP] --> GET /wd/hub/session/26166769-4a1b-43f8-8cbc-9fa53c7d848c
[HTTP] {}
[XCUITest] Merging WDA caps over Appium caps for session detail response
[HTTP] <-- GET /wd/hub/session/26166769-4a1b-43f8-8cbc-9fa53c7d848c 200 2 ms - 627
[HTTP] 
[HTTP] --> GET /wd/hub/session/26166769-4a1b-43f8-8cbc-9fa53c7d848c/element/5021/displayed
[HTTP] {}
[HTTP] <-- GET /wd/hub/session/26166769-4a1b-43f8-8cbc-9fa53c7d848c/element/5021/displayed 200 2637 ms - 76
[HTTP] 
[HTTP] --> POST /wd/hub/session/26166769-4a1b-43f8-8cbc-9fa53c7d848c/elements
[HTTP] {"using":"xpath","value":"//li[2]/div/button"}
[HTTP] <-- POST /wd/hub/session/26166769-4a1b-43f8-8cbc-9fa53c7d848c/elements 200 1924 ms - 111
[HTTP] 
[HTTP] --> GET /wd/hub/session/26166769-4a1b-43f8-8cbc-9fa53c7d848c
[HTTP] {}
[XCUITest] Merging WDA caps over Appium caps for session detail response
[HTTP] <-- GET /wd/hub/session/26166769-4a1b-43f8-8cbc-9fa53c7d848c 200 3 ms - 627
[HTTP] 
[HTTP] --> GET /wd/hub/session/26166769-4a1b-43f8-8cbc-9fa53c7d848c
[HTTP] {}
[XCUITest] Merging WDA caps over Appium caps for session detail response
[HTTP] <-- GET /wd/hub/session/26166769-4a1b-43f8-8cbc-9fa53c7d848c 200 2 ms - 627
[HTTP] 
[HTTP] --> GET /wd/hub/session/26166769-4a1b-43f8-8cbc-9fa53c7d848c
[HTTP] {}
[XCUITest] Merging WDA caps over Appium caps for session detail response
[HTTP] <-- GET /wd/hub/session/26166769-4a1b-43f8-8cbc-9fa53c7d848c 200 2 ms - 627
[HTTP] 
[HTTP] --> GET /wd/hub/session/26166769-4a1b-43f8-8cbc-9fa53c7d848c
[HTTP] {}
[XCUITest] Merging WDA caps over Appium caps for session detail response
[HTTP] <-- GET /wd/hub/session/26166769-4a1b-43f8-8cbc-9fa53c7d848c 200 4 ms - 627
[HTTP] 
[HTTP] --> GET /wd/hub/session/26166769-4a1b-43f8-8cbc-9fa53c7d848c
[HTTP] {}
[XCUITest] Merging WDA caps over Appium caps for session detail response
[HTTP] <-- GET /wd/hub/session/26166769-4a1b-43f8-8cbc-9fa53c7d848c 200 2 ms - 627
[HTTP] 
[HTTP] --> GET /wd/hub/session/26166769-4a1b-43f8-8cbc-9fa53c7d848c
[HTTP] {}
[XCUITest] Merging WDA caps over Appium caps for session detail response
[HTTP] <-- GET /wd/hub/session/26166769-4a1b-43f8-8cbc-9fa53c7d848c 200 2 ms - 627
[HTTP] 
[HTTP] --> GET /wd/hub/session/26166769-4a1b-43f8-8cbc-9fa53c7d848c
[HTTP] {}
[XCUITest] Merging WDA caps over Appium caps for session detail response
[HTTP] <-- GET /wd/hub/session/26166769-4a1b-43f8-8cbc-9fa53c7d848c 200 3 ms - 627
[HTTP] 
[HTTP] --> GET /wd/hub/session/26166769-4a1b-43f8-8cbc-9fa53c7d848c
[HTTP] {}
[XCUITest] Merging WDA caps over Appium caps for session detail response
[HTTP] <-- GET /wd/hub/session/26166769-4a1b-43f8-8cbc-9fa53c7d848c 200 2 ms - 627
[HTTP] 
[HTTP] --> POST /wd/hub/session/26166769-4a1b-43f8-8cbc-9fa53c7d848c/element/5023/click
[HTTP] {"id":"5023"}
[HTTP] <-- POST /wd/hub/session/26166769-4a1b-43f8-8cbc-9fa53c7d848c/element/5023/click 200 1212 ms - 76
[HTTP] 
[HTTP] --> POST /wd/hub/session/26166769-4a1b-43f8-8cbc-9fa53c7d848c/elements
[HTTP] {"using":"xpath","value":"//li[3]/div/button"}
[HTTP] <-- POST /wd/hub/session/26166769-4a1b-43f8-8cbc-9fa53c7d848c/elements 200 1756 ms - 111
[HTTP] 
[HTTP] --> GET /wd/hub/session/26166769-4a1b-43f8-8cbc-9fa53c7d848c
[HTTP] {}
[XCUITest] Merging WDA caps over Appium caps for session detail response
[HTTP] <-- GET /wd/hub/session/26166769-4a1b-43f8-8cbc-9fa53c7d848c 200 2 ms - 627
[HTTP] 
[HTTP] --> GET /wd/hub/session/26166769-4a1b-43f8-8cbc-9fa53c7d848c
[HTTP] {}
[XCUITest] Merging WDA caps over Appium caps for session detail response
[HTTP] <-- GET /wd/hub/session/26166769-4a1b-43f8-8cbc-9fa53c7d848c 200 2 ms - 627
[HTTP] 
[HTTP] --> GET /wd/hub/session/26166769-4a1b-43f8-8cbc-9fa53c7d848c
[HTTP] {}
[XCUITest] Merging WDA caps over Appium caps for session detail response
[HTTP] <-- GET /wd/hub/session/26166769-4a1b-43f8-8cbc-9fa53c7d848c 200 1 ms - 627
[HTTP] 
[HTTP] --> GET /wd/hub/session/26166769-4a1b-43f8-8cbc-9fa53c7d848c
[HTTP] {}
[XCUITest] Merging WDA caps over Appium caps for session detail response
[HTTP] <-- GET /wd/hub/session/26166769-4a1b-43f8-8cbc-9fa53c7d848c 200 1 ms - 627
[HTTP] 
[HTTP] --> GET /wd/hub/session/26166769-4a1b-43f8-8cbc-9fa53c7d848c
[HTTP] {}
[XCUITest] Merging WDA caps over Appium caps for session detail response
[HTTP] <-- GET /wd/hub/session/26166769-4a1b-43f8-8cbc-9fa53c7d848c 200 2 ms - 627
[HTTP] 
[HTTP] --> GET /wd/hub/session/26166769-4a1b-43f8-8cbc-9fa53c7d848c
[HTTP] {}
[XCUITest] Merging WDA caps over Appium caps for session detail response
[HTTP] <-- GET /wd/hub/session/26166769-4a1b-43f8-8cbc-9fa53c7d848c 200 1 ms - 627
[HTTP] 
[HTTP] --> GET /wd/hub/session/26166769-4a1b-43f8-8cbc-9fa53c7d848c
[HTTP] {}
[XCUITest] Merging WDA caps over Appium caps for session detail response
[HTTP] <-- GET /wd/hub/session/26166769-4a1b-43f8-8cbc-9fa53c7d848c 200 2 ms - 627
[HTTP] 
[HTTP] --> GET /wd/hub/session/26166769-4a1b-43f8-8cbc-9fa53c7d848c
[HTTP] {}
[XCUITest] Merging WDA caps over Appium caps for session detail response
[HTTP] <-- GET /wd/hub/session/26166769-4a1b-43f8-8cbc-9fa53c7d848c 200 2 ms - 627
[HTTP] 
[HTTP] --> GET /wd/hub/session/26166769-4a1b-43f8-8cbc-9fa53c7d848c/element/5025/displayed
[HTTP] {}
[HTTP] <-- GET /wd/hub/session/26166769-4a1b-43f8-8cbc-9fa53c7d848c/element/5025/displayed 200 1544 ms - 76
[HTTP] 
[HTTP] --> POST /wd/hub/session/26166769-4a1b-43f8-8cbc-9fa53c7d848c/elements
[HTTP] {"using":"xpath","value":"//li[3]/div/button"}
[HTTP] <-- POST /wd/hub/session/26166769-4a1b-43f8-8cbc-9fa53c7d848c/elements 200 2902 ms - 111
[HTTP] 
[HTTP] --> GET /wd/hub/session/26166769-4a1b-43f8-8cbc-9fa53c7d848c
[HTTP] {}
[XCUITest] Merging WDA caps over Appium caps for session detail response
[HTTP] <-- GET /wd/hub/session/26166769-4a1b-43f8-8cbc-9fa53c7d848c 200 2 ms - 627
[HTTP] 
[HTTP] --> GET /wd/hub/session/26166769-4a1b-43f8-8cbc-9fa53c7d848c
[HTTP] {}
[XCUITest] Merging WDA caps over Appium caps for session detail response
[HTTP] <-- GET /wd/hub/session/26166769-4a1b-43f8-8cbc-9fa53c7d848c 200 2 ms - 627
[HTTP] 
[HTTP] --> GET /wd/hub/session/26166769-4a1b-43f8-8cbc-9fa53c7d848c
[HTTP] {}
[XCUITest] Merging WDA caps over Appium caps for session detail response
[HTTP] <-- GET /wd/hub/session/26166769-4a1b-43f8-8cbc-9fa53c7d848c 200 2 ms - 627
[HTTP] 
[HTTP] --> GET /wd/hub/session/26166769-4a1b-43f8-8cbc-9fa53c7d848c
[HTTP] {}
[XCUITest] Merging WDA caps over Appium caps for session detail response
[HTTP] <-- GET /wd/hub/session/26166769-4a1b-43f8-8cbc-9fa53c7d848c 200 2 ms - 627
[HTTP] 
[HTTP] --> GET /wd/hub/session/26166769-4a1b-43f8-8cbc-9fa53c7d848c
[HTTP] {}
[XCUITest] Merging WDA caps over Appium caps for session detail response
[HTTP] <-- GET /wd/hub/session/26166769-4a1b-43f8-8cbc-9fa53c7d848c 200 2 ms - 627
[HTTP] 
[HTTP] --> GET /wd/hub/session/26166769-4a1b-43f8-8cbc-9fa53c7d848c
[HTTP] {}
[XCUITest] Merging WDA caps over Appium caps for session detail response
[HTTP] <-- GET /wd/hub/session/26166769-4a1b-43f8-8cbc-9fa53c7d848c 200 2 ms - 627
[HTTP] 
[HTTP] --> GET /wd/hub/session/26166769-4a1b-43f8-8cbc-9fa53c7d848c
[HTTP] {}
[XCUITest] Merging WDA caps over Appium caps for session detail response
[HTTP] <-- GET /wd/hub/session/26166769-4a1b-43f8-8cbc-9fa53c7d848c 200 2 ms - 627
[HTTP] 
[HTTP] --> GET /wd/hub/session/26166769-4a1b-43f8-8cbc-9fa53c7d848c
[HTTP] {}
[XCUITest] Merging WDA caps over Appium caps for session detail response
[HTTP] <-- GET /wd/hub/session/26166769-4a1b-43f8-8cbc-9fa53c7d848c 200 2 ms - 627
[HTTP] 
[HTTP] --> POST /wd/hub/session/26166769-4a1b-43f8-8cbc-9fa53c7d848c/element/5027/click
[HTTP] {"id":"5027"}
[HTTP] <-- POST /wd/hub/session/26166769-4a1b-43f8-8cbc-9fa53c7d848c/element/5027/click 200 1475 ms - 76
[HTTP] 
[HTTP] --> POST /wd/hub/session/26166769-4a1b-43f8-8cbc-9fa53c7d848c/elements
[HTTP] {"using":"xpath","value":"//li[4]/div/button"}
[HTTP] <-- POST /wd/hub/session/26166769-4a1b-43f8-8cbc-9fa53c7d848c/elements 200 1043 ms - 111
[HTTP] 
[HTTP] --> GET /wd/hub/session/26166769-4a1b-43f8-8cbc-9fa53c7d848c
[HTTP] {}
[XCUITest] Merging WDA caps over Appium caps for session detail response
[HTTP] <-- GET /wd/hub/session/26166769-4a1b-43f8-8cbc-9fa53c7d848c 200 2 ms - 627
[HTTP] 
[HTTP] --> GET /wd/hub/session/26166769-4a1b-43f8-8cbc-9fa53c7d848c
[HTTP] {}
[XCUITest] Merging WDA caps over Appium caps for session detail response
[HTTP] <-- GET /wd/hub/session/26166769-4a1b-43f8-8cbc-9fa53c7d848c 200 2 ms - 627
[HTTP] 
[HTTP] --> GET /wd/hub/session/26166769-4a1b-43f8-8cbc-9fa53c7d848c
[HTTP] {}
[XCUITest] Merging WDA caps over Appium caps for session detail response
[HTTP] <-- GET /wd/hub/session/26166769-4a1b-43f8-8cbc-9fa53c7d848c 200 2 ms - 627
[HTTP] 
[HTTP] --> GET /wd/hub/session/26166769-4a1b-43f8-8cbc-9fa53c7d848c
[HTTP] {}
[XCUITest] Merging WDA caps over Appium caps for session detail response
[HTTP] <-- GET /wd/hub/session/26166769-4a1b-43f8-8cbc-9fa53c7d848c 200 2 ms - 627
[HTTP] 
[HTTP] --> GET /wd/hub/session/26166769-4a1b-43f8-8cbc-9fa53c7d848c
[HTTP] {}
[XCUITest] Merging WDA caps over Appium caps for session detail response
[HTTP] <-- GET /wd/hub/session/26166769-4a1b-43f8-8cbc-9fa53c7d848c 200 2 ms - 627
[HTTP] 
[HTTP] --> GET /wd/hub/session/26166769-4a1b-43f8-8cbc-9fa53c7d848c
[HTTP] {}
[XCUITest] Merging WDA caps over Appium caps for session detail response
[HTTP] <-- GET /wd/hub/session/26166769-4a1b-43f8-8cbc-9fa53c7d848c 200 2 ms - 627
[HTTP] 
[HTTP] --> GET /wd/hub/session/26166769-4a1b-43f8-8cbc-9fa53c7d848c
[HTTP] {}
[XCUITest] Merging WDA caps over Appium caps for session detail response
[HTTP] <-- GET /wd/hub/session/26166769-4a1b-43f8-8cbc-9fa53c7d848c 200 1 ms - 627
[HTTP] 
[HTTP] --> GET /wd/hub/session/26166769-4a1b-43f8-8cbc-9fa53c7d848c
[HTTP] {}
[XCUITest] Merging WDA caps over Appium caps for session detail response
[HTTP] <-- GET /wd/hub/session/26166769-4a1b-43f8-8cbc-9fa53c7d848c 200 1 ms - 627
[HTTP] 
[HTTP] --> GET /wd/hub/session/26166769-4a1b-43f8-8cbc-9fa53c7d848c/element/5029/displayed
[HTTP] {}
[HTTP] <-- GET /wd/hub/session/26166769-4a1b-43f8-8cbc-9fa53c7d848c/element/5029/displayed 200 1507 ms - 76
[HTTP] 
[HTTP] --> POST /wd/hub/session/26166769-4a1b-43f8-8cbc-9fa53c7d848c/elements
[HTTP] {"using":"xpath","value":"//li[4]/div/button"}
[HTTP] <-- POST /wd/hub/session/26166769-4a1b-43f8-8cbc-9fa53c7d848c/elements 200 2545 ms - 111
[HTTP] 
[HTTP] --> GET /wd/hub/session/26166769-4a1b-43f8-8cbc-9fa53c7d848c
[HTTP] {}
[XCUITest] Merging WDA caps over Appium caps for session detail response
[HTTP] <-- GET /wd/hub/session/26166769-4a1b-43f8-8cbc-9fa53c7d848c 200 2 ms - 627
[HTTP] 
[HTTP] --> GET /wd/hub/session/26166769-4a1b-43f8-8cbc-9fa53c7d848c
[HTTP] {}
[XCUITest] Merging WDA caps over Appium caps for session detail response
[HTTP] <-- GET /wd/hub/session/26166769-4a1b-43f8-8cbc-9fa53c7d848c 200 2 ms - 627
[HTTP] 
[HTTP] --> GET /wd/hub/session/26166769-4a1b-43f8-8cbc-9fa53c7d848c
[HTTP] {}
[XCUITest] Merging WDA caps over Appium caps for session detail response
[HTTP] <-- GET /wd/hub/session/26166769-4a1b-43f8-8cbc-9fa53c7d848c 200 2 ms - 627
[HTTP] 
[HTTP] --> GET /wd/hub/session/26166769-4a1b-43f8-8cbc-9fa53c7d848c
[HTTP] {}
[XCUITest] Merging WDA caps over Appium caps for session detail response
[HTTP] <-- GET /wd/hub/session/26166769-4a1b-43f8-8cbc-9fa53c7d848c 200 2 ms - 627
[HTTP] 
[HTTP] --> GET /wd/hub/session/26166769-4a1b-43f8-8cbc-9fa53c7d848c
[HTTP] {}
[XCUITest] Merging WDA caps over Appium caps for session detail response
[HTTP] <-- GET /wd/hub/session/26166769-4a1b-43f8-8cbc-9fa53c7d848c 200 2 ms - 627
[HTTP] 
[HTTP] --> GET /wd/hub/session/26166769-4a1b-43f8-8cbc-9fa53c7d848c
[HTTP] {}
[XCUITest] Merging WDA caps over Appium caps for session detail response
[HTTP] <-- GET /wd/hub/session/26166769-4a1b-43f8-8cbc-9fa53c7d848c 200 2 ms - 627
[HTTP] 
[HTTP] --> GET /wd/hub/session/26166769-4a1b-43f8-8cbc-9fa53c7d848c
[HTTP] {}
[XCUITest] Merging WDA caps over Appium caps for session detail response
[HTTP] <-- GET /wd/hub/session/26166769-4a1b-43f8-8cbc-9fa53c7d848c 200 2 ms - 627
[HTTP] 
[HTTP] --> GET /wd/hub/session/26166769-4a1b-43f8-8cbc-9fa53c7d848c
[HTTP] {}
[XCUITest] Merging WDA caps over Appium caps for session detail response
[HTTP] <-- GET /wd/hub/session/26166769-4a1b-43f8-8cbc-9fa53c7d848c 200 2 ms - 627
[HTTP] 
[HTTP] --> POST /wd/hub/session/26166769-4a1b-43f8-8cbc-9fa53c7d848c/element/5031/click
[HTTP] {"id":"5031"}
[HTTP] <-- POST /wd/hub/session/26166769-4a1b-43f8-8cbc-9fa53c7d848c/element/5031/click 200 2751 ms - 76
[HTTP] 
[HTTP] --> POST /wd/hub/session/26166769-4a1b-43f8-8cbc-9fa53c7d848c/elements
[HTTP] {"using":"xpath","value":"//li[5]/div/button"}
[HTTP] <-- POST /wd/hub/session/26166769-4a1b-43f8-8cbc-9fa53c7d848c/elements 200 988 ms - 111
[HTTP] 
[HTTP] --> GET /wd/hub/session/26166769-4a1b-43f8-8cbc-9fa53c7d848c
[HTTP] {}
[XCUITest] Merging WDA caps over Appium caps for session detail response
[HTTP] <-- GET /wd/hub/session/26166769-4a1b-43f8-8cbc-9fa53c7d848c 200 6 ms - 627
[HTTP] 
[HTTP] --> GET /wd/hub/session/26166769-4a1b-43f8-8cbc-9fa53c7d848c
[HTTP] {}
[XCUITest] Merging WDA caps over Appium caps for session detail response
[HTTP] <-- GET /wd/hub/session/26166769-4a1b-43f8-8cbc-9fa53c7d848c 200 2 ms - 627
[HTTP] 
[HTTP] --> GET /wd/hub/session/26166769-4a1b-43f8-8cbc-9fa53c7d848c
[HTTP] {}
[XCUITest] Merging WDA caps over Appium caps for session detail response
[HTTP] <-- GET /wd/hub/session/26166769-4a1b-43f8-8cbc-9fa53c7d848c 200 2 ms - 627
[HTTP] 
[HTTP] --> GET /wd/hub/session/26166769-4a1b-43f8-8cbc-9fa53c7d848c
[HTTP] {}
[XCUITest] Merging WDA caps over Appium caps for session detail response
[HTTP] <-- GET /wd/hub/session/26166769-4a1b-43f8-8cbc-9fa53c7d848c 200 3 ms - 627
[HTTP] 
[HTTP] --> GET /wd/hub/session/26166769-4a1b-43f8-8cbc-9fa53c7d848c
[HTTP] {}
[XCUITest] Merging WDA caps over Appium caps for session detail response
[HTTP] <-- GET /wd/hub/session/26166769-4a1b-43f8-8cbc-9fa53c7d848c 200 2 ms - 627
[HTTP] 
[HTTP] --> GET /wd/hub/session/26166769-4a1b-43f8-8cbc-9fa53c7d848c
[HTTP] {}
[XCUITest] Merging WDA caps over Appium caps for session detail response
[HTTP] <-- GET /wd/hub/session/26166769-4a1b-43f8-8cbc-9fa53c7d848c 200 2 ms - 627
[HTTP] 
[HTTP] --> GET /wd/hub/session/26166769-4a1b-43f8-8cbc-9fa53c7d848c
[HTTP] {}
[XCUITest] Merging WDA caps over Appium caps for session detail response
[HTTP] <-- GET /wd/hub/session/26166769-4a1b-43f8-8cbc-9fa53c7d848c 200 2 ms - 627
[HTTP] 
[HTTP] --> GET /wd/hub/session/26166769-4a1b-43f8-8cbc-9fa53c7d848c
[HTTP] {}
[XCUITest] Merging WDA caps over Appium caps for session detail response
[HTTP] <-- GET /wd/hub/session/26166769-4a1b-43f8-8cbc-9fa53c7d848c 200 5 ms - 627
[HTTP] 
[HTTP] --> GET /wd/hub/session/26166769-4a1b-43f8-8cbc-9fa53c7d848c/element/5033/displayed
[HTTP] {}
[HTTP] <-- GET /wd/hub/session/26166769-4a1b-43f8-8cbc-9fa53c7d848c/element/5033/displayed 200 1964 ms - 76
[HTTP] 
[HTTP] --> POST /wd/hub/session/26166769-4a1b-43f8-8cbc-9fa53c7d848c/elements
[HTTP] {"using":"xpath","value":"//li[5]/div/button"}
[HTTP] <-- POST /wd/hub/session/26166769-4a1b-43f8-8cbc-9fa53c7d848c/elements 200 3018 ms - 111
[HTTP] 
[HTTP] --> GET /wd/hub/session/26166769-4a1b-43f8-8cbc-9fa53c7d848c
[HTTP] {}
[XCUITest] Merging WDA caps over Appium caps for session detail response
[HTTP] <-- GET /wd/hub/session/26166769-4a1b-43f8-8cbc-9fa53c7d848c 200 3 ms - 627
[HTTP] 
[HTTP] --> GET /wd/hub/session/26166769-4a1b-43f8-8cbc-9fa53c7d848c
[HTTP] {}
[XCUITest] Merging WDA caps over Appium caps for session detail response
[HTTP] <-- GET /wd/hub/session/26166769-4a1b-43f8-8cbc-9fa53c7d848c 200 2 ms - 627
[HTTP] 
[HTTP] --> GET /wd/hub/session/26166769-4a1b-43f8-8cbc-9fa53c7d848c
[HTTP] {}
[XCUITest] Merging WDA caps over Appium caps for session detail response
[HTTP] <-- GET /wd/hub/session/26166769-4a1b-43f8-8cbc-9fa53c7d848c 200 3 ms - 627
[HTTP] 
[HTTP] --> GET /wd/hub/session/26166769-4a1b-43f8-8cbc-9fa53c7d848c
[HTTP] {}
[XCUITest] Merging WDA caps over Appium caps for session detail response
[HTTP] <-- GET /wd/hub/session/26166769-4a1b-43f8-8cbc-9fa53c7d848c 200 3 ms - 627
[HTTP] 
[HTTP] --> GET /wd/hub/session/26166769-4a1b-43f8-8cbc-9fa53c7d848c
[HTTP] {}
[XCUITest] Merging WDA caps over Appium caps for session detail response
[HTTP] <-- GET /wd/hub/session/26166769-4a1b-43f8-8cbc-9fa53c7d848c 200 2 ms - 627
[HTTP] 
[HTTP] --> GET /wd/hub/session/26166769-4a1b-43f8-8cbc-9fa53c7d848c
[HTTP] {}
[XCUITest] Merging WDA caps over Appium caps for session detail response
[HTTP] <-- GET /wd/hub/session/26166769-4a1b-43f8-8cbc-9fa53c7d848c 200 3 ms - 627
[HTTP] 
[HTTP] --> GET /wd/hub/session/26166769-4a1b-43f8-8cbc-9fa53c7d848c
[HTTP] {}
[XCUITest] Merging WDA caps over Appium caps for session detail response
[HTTP] <-- GET /wd/hub/session/26166769-4a1b-43f8-8cbc-9fa53c7d848c 200 2 ms - 627
[HTTP] 
[HTTP] --> GET /wd/hub/session/26166769-4a1b-43f8-8cbc-9fa53c7d848c
[HTTP] {}
[XCUITest] Merging WDA caps over Appium caps for session detail response
[HTTP] <-- GET /wd/hub/session/26166769-4a1b-43f8-8cbc-9fa53c7d848c 200 2 ms - 627
[HTTP] 
[HTTP] --> POST /wd/hub/session/26166769-4a1b-43f8-8cbc-9fa53c7d848c/element/5035/click
[HTTP] {"id":"5035"}
[HTTP] <-- POST /wd/hub/session/26166769-4a1b-43f8-8cbc-9fa53c7d848c/element/5035/click 200 1365 ms - 76
[HTTP] 
[HTTP] --> POST /wd/hub/session/26166769-4a1b-43f8-8cbc-9fa53c7d848c/elements
[HTTP] {"using":"xpath","value":"//li[6]/div/button"}
[HTTP] <-- POST /wd/hub/session/26166769-4a1b-43f8-8cbc-9fa53c7d848c/elements 200 1336 ms - 111
[HTTP] 
[HTTP] --> GET /wd/hub/session/26166769-4a1b-43f8-8cbc-9fa53c7d848c
[HTTP] {}
[XCUITest] Merging WDA caps over Appium caps for session detail response
[HTTP] <-- GET /wd/hub/session/26166769-4a1b-43f8-8cbc-9fa53c7d848c 200 2 ms - 627
[HTTP] 
[HTTP] --> GET /wd/hub/session/26166769-4a1b-43f8-8cbc-9fa53c7d848c
[HTTP] {}
[XCUITest] Merging WDA caps over Appium caps for session detail response
[HTTP] <-- GET /wd/hub/session/26166769-4a1b-43f8-8cbc-9fa53c7d848c 200 3 ms - 627
[HTTP] 
[HTTP] --> GET /wd/hub/session/26166769-4a1b-43f8-8cbc-9fa53c7d848c
[HTTP] {}
[XCUITest] Merging WDA caps over Appium caps for session detail response
[HTTP] <-- GET /wd/hub/session/26166769-4a1b-43f8-8cbc-9fa53c7d848c 200 2 ms - 627
[HTTP] 
[HTTP] --> GET /wd/hub/session/26166769-4a1b-43f8-8cbc-9fa53c7d848c
[HTTP] {}
[XCUITest] Merging WDA caps over Appium caps for session detail response
[HTTP] <-- GET /wd/hub/session/26166769-4a1b-43f8-8cbc-9fa53c7d848c 200 2 ms - 627
[HTTP] 
[HTTP] --> GET /wd/hub/session/26166769-4a1b-43f8-8cbc-9fa53c7d848c
[HTTP] {}
[XCUITest] Merging WDA caps over Appium caps for session detail response
[HTTP] <-- GET /wd/hub/session/26166769-4a1b-43f8-8cbc-9fa53c7d848c 200 2 ms - 627
[HTTP] 
[HTTP] --> GET /wd/hub/session/26166769-4a1b-43f8-8cbc-9fa53c7d848c
[HTTP] {}
[XCUITest] Merging WDA caps over Appium caps for session detail response
[HTTP] <-- GET /wd/hub/session/26166769-4a1b-43f8-8cbc-9fa53c7d848c 200 2 ms - 627
[HTTP] 
[HTTP] --> GET /wd/hub/session/26166769-4a1b-43f8-8cbc-9fa53c7d848c
[HTTP] {}
[XCUITest] Merging WDA caps over Appium caps for session detail response
[HTTP] <-- GET /wd/hub/session/26166769-4a1b-43f8-8cbc-9fa53c7d848c 200 2 ms - 627
[HTTP] 
[HTTP] --> GET /wd/hub/session/26166769-4a1b-43f8-8cbc-9fa53c7d848c
[HTTP] {}
[XCUITest] Merging WDA caps over Appium caps for session detail response
[HTTP] <-- GET /wd/hub/session/26166769-4a1b-43f8-8cbc-9fa53c7d848c 200 2 ms - 627
[HTTP] 
[HTTP] --> GET /wd/hub/session/26166769-4a1b-43f8-8cbc-9fa53c7d848c/element/5037/displayed
[HTTP] {}
[HTTP] <-- GET /wd/hub/session/26166769-4a1b-43f8-8cbc-9fa53c7d848c/element/5037/displayed 200 1864 ms - 76
[HTTP] 
[HTTP] --> POST /wd/hub/session/26166769-4a1b-43f8-8cbc-9fa53c7d848c/elements
[HTTP] {"using":"xpath","value":"//li[6]/div/button"}
[HTTP] <-- POST /wd/hub/session/26166769-4a1b-43f8-8cbc-9fa53c7d848c/elements 200 1801 ms - 111
[HTTP] 
[HTTP] --> GET /wd/hub/session/26166769-4a1b-43f8-8cbc-9fa53c7d848c
[HTTP] {}
[XCUITest] Merging WDA caps over Appium caps for session detail response
[HTTP] <-- GET /wd/hub/session/26166769-4a1b-43f8-8cbc-9fa53c7d848c 200 2 ms - 627
[HTTP] 
[HTTP] --> GET /wd/hub/session/26166769-4a1b-43f8-8cbc-9fa53c7d848c
[HTTP] {}
[XCUITest] Merging WDA caps over Appium caps for session detail response
[HTTP] <-- GET /wd/hub/session/26166769-4a1b-43f8-8cbc-9fa53c7d848c 200 2 ms - 627
[HTTP] 
[HTTP] --> GET /wd/hub/session/26166769-4a1b-43f8-8cbc-9fa53c7d848c
[HTTP] {}
[XCUITest] Merging WDA caps over Appium caps for session detail response
[HTTP] <-- GET /wd/hub/session/26166769-4a1b-43f8-8cbc-9fa53c7d848c 200 2 ms - 627
[HTTP] 
[HTTP] --> GET /wd/hub/session/26166769-4a1b-43f8-8cbc-9fa53c7d848c
[HTTP] {}
[XCUITest] Merging WDA caps over Appium caps for session detail response
[HTTP] <-- GET /wd/hub/session/26166769-4a1b-43f8-8cbc-9fa53c7d848c 200 2 ms - 627
[HTTP] 
[HTTP] --> GET /wd/hub/session/26166769-4a1b-43f8-8cbc-9fa53c7d848c
[HTTP] {}
[XCUITest] Merging WDA caps over Appium caps for session detail response
[HTTP] <-- GET /wd/hub/session/26166769-4a1b-43f8-8cbc-9fa53c7d848c 200 2 ms - 627
[HTTP] 
[HTTP] --> GET /wd/hub/session/26166769-4a1b-43f8-8cbc-9fa53c7d848c
[HTTP] {}
[XCUITest] Merging WDA caps over Appium caps for session detail response
[HTTP] <-- GET /wd/hub/session/26166769-4a1b-43f8-8cbc-9fa53c7d848c 200 2 ms - 627
[HTTP] 
[HTTP] --> GET /wd/hub/session/26166769-4a1b-43f8-8cbc-9fa53c7d848c
[HTTP] {}
[XCUITest] Merging WDA caps over Appium caps for session detail response
[HTTP] <-- GET /wd/hub/session/26166769-4a1b-43f8-8cbc-9fa53c7d848c 200 2 ms - 627
[HTTP] 
[HTTP] --> GET /wd/hub/session/26166769-4a1b-43f8-8cbc-9fa53c7d848c
[HTTP] {}
[XCUITest] Merging WDA caps over Appium caps for session detail response
[HTTP] <-- GET /wd/hub/session/26166769-4a1b-43f8-8cbc-9fa53c7d848c 200 2 ms - 627
[HTTP] 
[HTTP] --> POST /wd/hub/session/26166769-4a1b-43f8-8cbc-9fa53c7d848c/element/5039/click
[HTTP] {"id":"5039"}
[HTTP] <-- POST /wd/hub/session/26166769-4a1b-43f8-8cbc-9fa53c7d848c/element/5039/click 200 2349 ms - 76
[HTTP] 
[HTTP] --> POST /wd/hub/session/26166769-4a1b-43f8-8cbc-9fa53c7d848c/elements
[HTTP] {"using":"xpath","value":"id(\"js-app-continue-link\")[count(. | //a[@id = 'js-app-continue-link' and (text() = 'Continue' or . = 'Continue')]) = count(//a[@id = 'js-app-continue-link' and (text() = 'Continue' or . = 'Continue')])]"}
[HTTP] <-- POST /wd/hub/session/26166769-4a1b-43f8-8cbc-9fa53c7d848c/elements 200 1395 ms - 92
[HTTP] 
[HTTP] --> GET /wd/hub/session/26166769-4a1b-43f8-8cbc-9fa53c7d848c
[HTTP] {}
[XCUITest] Merging WDA caps over Appium caps for session detail response
[HTTP] <-- GET /wd/hub/session/26166769-4a1b-43f8-8cbc-9fa53c7d848c 200 2 ms - 627
[HTTP] 
[HTTP] --> GET /wd/hub/session/26166769-4a1b-43f8-8cbc-9fa53c7d848c
[HTTP] {}
[XCUITest] Merging WDA caps over Appium caps for session detail response
[HTTP] <-- GET /wd/hub/session/26166769-4a1b-43f8-8cbc-9fa53c7d848c 200 2 ms - 627
[HTTP] 
[HTTP] --> GET /wd/hub/session/26166769-4a1b-43f8-8cbc-9fa53c7d848c
[HTTP] {}
[XCUITest] Merging WDA caps over Appium caps for session detail response
[HTTP] <-- GET /wd/hub/session/26166769-4a1b-43f8-8cbc-9fa53c7d848c 200 2 ms - 627
[HTTP] 
[HTTP] --> GET /wd/hub/session/26166769-4a1b-43f8-8cbc-9fa53c7d848c
[HTTP] {}
[XCUITest] Merging WDA caps over Appium caps for session detail response
[HTTP] <-- GET /wd/hub/session/26166769-4a1b-43f8-8cbc-9fa53c7d848c 200 2 ms - 627
[HTTP] 
[HTTP] --> GET /wd/hub/session/26166769-4a1b-43f8-8cbc-9fa53c7d848c/element/5041/displayed
[HTTP] {}
[HTTP] <-- GET /wd/hub/session/26166769-4a1b-43f8-8cbc-9fa53c7d848c/element/5041/displayed 200 1662 ms - 76
[HTTP] 
[HTTP] --> POST /wd/hub/session/26166769-4a1b-43f8-8cbc-9fa53c7d848c/elements
[HTTP] {"using":"xpath","value":"id(\"js-app-continue-link\")[count(. | //a[@id = 'js-app-continue-link' and (text() = 'Continue' or . = 'Continue')]) = count(//a[@id = 'js-app-continue-link' and (text() = 'Continue' or . = 'Continue')])]"}
[HTTP] <-- POST /wd/hub/session/26166769-4a1b-43f8-8cbc-9fa53c7d848c/elements 200 1755 ms - 92
[HTTP] 
[HTTP] --> GET /wd/hub/session/26166769-4a1b-43f8-8cbc-9fa53c7d848c
[HTTP] {}
[XCUITest] Merging WDA caps over Appium caps for session detail response
[HTTP] <-- GET /wd/hub/session/26166769-4a1b-43f8-8cbc-9fa53c7d848c 200 2 ms - 627
[HTTP] 
[HTTP] --> GET /wd/hub/session/26166769-4a1b-43f8-8cbc-9fa53c7d848c
[HTTP] {}
[XCUITest] Merging WDA caps over Appium caps for session detail response
[HTTP] <-- GET /wd/hub/session/26166769-4a1b-43f8-8cbc-9fa53c7d848c 200 2 ms - 627
[HTTP] 
[HTTP] --> GET /wd/hub/session/26166769-4a1b-43f8-8cbc-9fa53c7d848c
[HTTP] {}
[XCUITest] Merging WDA caps over Appium caps for session detail response
[HTTP] <-- GET /wd/hub/session/26166769-4a1b-43f8-8cbc-9fa53c7d848c 200 2 ms - 627
[HTTP] 
[HTTP] --> GET /wd/hub/session/26166769-4a1b-43f8-8cbc-9fa53c7d848c
[HTTP] {}
[XCUITest] Merging WDA caps over Appium caps for session detail response
[HTTP] <-- GET /wd/hub/session/26166769-4a1b-43f8-8cbc-9fa53c7d848c 200 1 ms - 627
[HTTP] 
[HTTP] --> POST /wd/hub/session/26166769-4a1b-43f8-8cbc-9fa53c7d848c/element/5042/click
[HTTP] {"id":"5042"}
[HTTP] <-- POST /wd/hub/session/26166769-4a1b-43f8-8cbc-9fa53c7d848c/element/5042/click 200 1111 ms - 76
[HTTP] 
[HTTP] --> POST /wd/hub/session/26166769-4a1b-43f8-8cbc-9fa53c7d848c/elements
[HTTP] {"using":"xpath","value":"id(\"fillApp\")[count(. | //*[@id = 'fillApp' and (text() = 'Autofill App Info' or . = 'Autofill App Info')]) = count(//*[@id = 'fillApp' and (text() = 'Autofill App Info' or . = 'Autofill App Info')])]"}
[HTTP] <-- POST /wd/hub/session/26166769-4a1b-43f8-8cbc-9fa53c7d848c/elements 200 305 ms - 92
[HTTP] 
[HTTP] --> GET /wd/hub/session/26166769-4a1b-43f8-8cbc-9fa53c7d848c
[HTTP] {}
[XCUITest] Merging WDA caps over Appium caps for session detail response
[HTTP] <-- GET /wd/hub/session/26166769-4a1b-43f8-8cbc-9fa53c7d848c 200 4 ms - 627
[HTTP] 
[HTTP] --> GET /wd/hub/session/26166769-4a1b-43f8-8cbc-9fa53c7d848c
[HTTP] {}
[XCUITest] Merging WDA caps over Appium caps for session detail response
[HTTP] <-- GET /wd/hub/session/26166769-4a1b-43f8-8cbc-9fa53c7d848c 200 3 ms - 627
[HTTP] 
[HTTP] --> GET /wd/hub/session/26166769-4a1b-43f8-8cbc-9fa53c7d848c
[HTTP] {}
[XCUITest] Merging WDA caps over Appium caps for session detail response
[HTTP] <-- GET /wd/hub/session/26166769-4a1b-43f8-8cbc-9fa53c7d848c 200 2 ms - 627
[HTTP] 
[HTTP] --> GET /wd/hub/session/26166769-4a1b-43f8-8cbc-9fa53c7d848c
[HTTP] {}
[XCUITest] Merging WDA caps over Appium caps for session detail response
[HTTP] <-- GET /wd/hub/session/26166769-4a1b-43f8-8cbc-9fa53c7d848c 200 2 ms - 627
[HTTP] 
[HTTP] --> POST /wd/hub/session/26166769-4a1b-43f8-8cbc-9fa53c7d848c/element/5043/click
[HTTP] {"id":"5043"}
[HTTP] <-- POST /wd/hub/session/26166769-4a1b-43f8-8cbc-9fa53c7d848c/element/5043/click 200 667 ms - 76
[HTTP] 
[HTTP] --> POST /wd/hub/session/26166769-4a1b-43f8-8cbc-9fa53c7d848c/elements
[HTTP] {"using":"xpath","value":"id(\"js-app-continue-link\")[count(. | //a[@id = 'js-app-continue-link' and @type = 'submit' and (text() = 'Continue to Step 3 - Payment & Billing >' or . = 'Continue to Step 3 - Payment & Billing >')]) = count(//a[@id = 'js-app-continue-link' and @type = 'submit' and (text() = 'Continue to Step 3 - Payment & Billing >' or . = 'Continue to Step 3 - Payment & Billing >')])]"}
[HTTP] <-- POST /wd/hub/session/26166769-4a1b-43f8-8cbc-9fa53c7d848c/elements 200 2746 ms - 92
[HTTP] 
[HTTP] --> GET /wd/hub/session/26166769-4a1b-43f8-8cbc-9fa53c7d848c
[HTTP] {}
[XCUITest] Merging WDA caps over Appium caps for session detail response
[HTTP] <-- GET /wd/hub/session/26166769-4a1b-43f8-8cbc-9fa53c7d848c 200 2 ms - 627
[HTTP] 
[HTTP] --> GET /wd/hub/session/26166769-4a1b-43f8-8cbc-9fa53c7d848c
[HTTP] {}
[XCUITest] Merging WDA caps over Appium caps for session detail response
[HTTP] <-- GET /wd/hub/session/26166769-4a1b-43f8-8cbc-9fa53c7d848c 200 2 ms - 627
[HTTP] 
[HTTP] --> GET /wd/hub/session/26166769-4a1b-43f8-8cbc-9fa53c7d848c
[HTTP] {}
[XCUITest] Merging WDA caps over Appium caps for session detail response
[HTTP] <-- GET /wd/hub/session/26166769-4a1b-43f8-8cbc-9fa53c7d848c 200 2 ms - 627
[HTTP] 
[HTTP] --> GET /wd/hub/session/26166769-4a1b-43f8-8cbc-9fa53c7d848c
[HTTP] {}
[XCUITest] Merging WDA caps over Appium caps for session detail response
[HTTP] <-- GET /wd/hub/session/26166769-4a1b-43f8-8cbc-9fa53c7d848c 200 2 ms - 627
[HTTP] 
[HTTP] --> POST /wd/hub/session/26166769-4a1b-43f8-8cbc-9fa53c7d848c/element/5044/click
[HTTP] {"id":"5044"}
[HTTP] <-- POST /wd/hub/session/26166769-4a1b-43f8-8cbc-9fa53c7d848c/element/5044/click 200 662 ms - 76
[HTTP] 
[HTTP] --> POST /wd/hub/session/26166769-4a1b-43f8-8cbc-9fa53c7d848c/elements
[HTTP] {"using":"xpath","value":"id(\"credit-card-cvv\")[count(. | //input[@type = 'text' and @id = 'credit-card-cvv']) = count(//input[@type = 'text' and @id = 'credit-card-cvv'])]"}
[HTTP] <-- POST /wd/hub/session/26166769-4a1b-43f8-8cbc-9fa53c7d848c/elements 200 362 ms - 92
[HTTP] 
[HTTP] --> GET /wd/hub/session/26166769-4a1b-43f8-8cbc-9fa53c7d848c
[HTTP] {}
[XCUITest] Merging WDA caps over Appium caps for session detail response
[HTTP] <-- GET /wd/hub/session/26166769-4a1b-43f8-8cbc-9fa53c7d848c 200 3 ms - 627
[HTTP] 
[HTTP] --> GET /wd/hub/session/26166769-4a1b-43f8-8cbc-9fa53c7d848c
[HTTP] {}
[XCUITest] Merging WDA caps over Appium caps for session detail response
[HTTP] <-- GET /wd/hub/session/26166769-4a1b-43f8-8cbc-9fa53c7d848c 200 3 ms - 627
[HTTP] 
[HTTP] --> GET /wd/hub/session/26166769-4a1b-43f8-8cbc-9fa53c7d848c
[HTTP] {}
[XCUITest] Merging WDA caps over Appium caps for session detail response
[HTTP] <-- GET /wd/hub/session/26166769-4a1b-43f8-8cbc-9fa53c7d848c 200 2 ms - 627
[HTTP] 
[HTTP] --> GET /wd/hub/session/26166769-4a1b-43f8-8cbc-9fa53c7d848c
[HTTP] {}
[XCUITest] Merging WDA caps over Appium caps for session detail response
[HTTP] <-- GET /wd/hub/session/26166769-4a1b-43f8-8cbc-9fa53c7d848c 200 2 ms - 627
[HTTP] 
[HTTP] --> POST /wd/hub/session/26166769-4a1b-43f8-8cbc-9fa53c7d848c/element/5045/clear
[HTTP] {"id":"5045"}
[HTTP] <-- POST /wd/hub/session/26166769-4a1b-43f8-8cbc-9fa53c7d848c/element/5045/clear 200 2111 ms - 76
[HTTP] 
[HTTP] --> POST /wd/hub/session/26166769-4a1b-43f8-8cbc-9fa53c7d848c/elements
[HTTP] {"using":"xpath","value":"id(\"credit-card-cvv\")[count(. | //input[@type = 'text' and @id = 'credit-card-cvv']) = count(//input[@type = 'text' and @id = 'credit-card-cvv'])]"}
[HTTP] <-- POST /wd/hub/session/26166769-4a1b-43f8-8cbc-9fa53c7d848c/elements 200 748 ms - 92
[HTTP] 
[HTTP] --> GET /wd/hub/session/26166769-4a1b-43f8-8cbc-9fa53c7d848c
[HTTP] {}
[XCUITest] Merging WDA caps over Appium caps for session detail response
[HTTP] <-- GET /wd/hub/session/26166769-4a1b-43f8-8cbc-9fa53c7d848c 200 6 ms - 627
[HTTP] 
[HTTP] --> GET /wd/hub/session/26166769-4a1b-43f8-8cbc-9fa53c7d848c
[HTTP] {}
[XCUITest] Merging WDA caps over Appium caps for session detail response
[HTTP] <-- GET /wd/hub/session/26166769-4a1b-43f8-8cbc-9fa53c7d848c 200 2 ms - 627
[HTTP] 
[HTTP] --> GET /wd/hub/session/26166769-4a1b-43f8-8cbc-9fa53c7d848c
[HTTP] {}
[XCUITest] Merging WDA caps over Appium caps for session detail response
[HTTP] <-- GET /wd/hub/session/26166769-4a1b-43f8-8cbc-9fa53c7d848c 200 2 ms - 627
[HTTP] 
[HTTP] --> GET /wd/hub/session/26166769-4a1b-43f8-8cbc-9fa53c7d848c
[HTTP] {}
[XCUITest] Merging WDA caps over Appium caps for session detail response
[HTTP] <-- GET /wd/hub/session/26166769-4a1b-43f8-8cbc-9fa53c7d848c 200 2 ms - 627
[HTTP] 
[HTTP] --> POST /wd/hub/session/26166769-4a1b-43f8-8cbc-9fa53c7d848c/element/5046/value
[HTTP] {"id":"5046","value":["123"]}
[HTTP] <-- POST /wd/hub/session/26166769-4a1b-43f8-8cbc-9fa53c7d848c/element/5046/value 200 4286 ms - 76
[HTTP] 
[HTTP] --> POST /wd/hub/session/26166769-4a1b-43f8-8cbc-9fa53c7d848c/elements
[HTTP] {"using":"xpath","value":"//label[(text() = 'I Accept Authorization for Automatic Credit Card Payment*' or . = 'I Accept Authorization for Automatic Credit Card Payment*')]"}
[HTTP] <-- POST /wd/hub/session/26166769-4a1b-43f8-8cbc-9fa53c7d848c/elements 200 567 ms - 92
[HTTP] 
[HTTP] --> GET /wd/hub/session/26166769-4a1b-43f8-8cbc-9fa53c7d848c
[HTTP] {}
[XCUITest] Merging WDA caps over Appium caps for session detail response
[HTTP] <-- GET /wd/hub/session/26166769-4a1b-43f8-8cbc-9fa53c7d848c 200 4 ms - 627
[HTTP] 
[HTTP] --> GET /wd/hub/session/26166769-4a1b-43f8-8cbc-9fa53c7d848c
[HTTP] {}
[XCUITest] Merging WDA caps over Appium caps for session detail response
[HTTP] <-- GET /wd/hub/session/26166769-4a1b-43f8-8cbc-9fa53c7d848c 200 2 ms - 627
[HTTP] 
[HTTP] --> GET /wd/hub/session/26166769-4a1b-43f8-8cbc-9fa53c7d848c
[HTTP] {}
[XCUITest] Merging WDA caps over Appium caps for session detail response
[HTTP] <-- GET /wd/hub/session/26166769-4a1b-43f8-8cbc-9fa53c7d848c 200 2 ms - 627
[HTTP] 
[HTTP] --> GET /wd/hub/session/26166769-4a1b-43f8-8cbc-9fa53c7d848c
[HTTP] {}
[XCUITest] Merging WDA caps over Appium caps for session detail response
[HTTP] <-- GET /wd/hub/session/26166769-4a1b-43f8-8cbc-9fa53c7d848c 200 2 ms - 627
[HTTP] 
[HTTP] --> POST /wd/hub/session/26166769-4a1b-43f8-8cbc-9fa53c7d848c/element/5047/click
[HTTP] {"id":"5047"}
[HTTP] <-- POST /wd/hub/session/26166769-4a1b-43f8-8cbc-9fa53c7d848c/element/5047/click 200 2101 ms - 76
[HTTP] 
[HTTP] --> POST /wd/hub/session/26166769-4a1b-43f8-8cbc-9fa53c7d848c/elements
[HTTP] {"using":"xpath","value":"id(\"js-app-continue-link\")[count(. | //a[@id = 'js-app-continue-link' and @type = 'submit' and (text() = 'Continue to Step 4 - Review & Submit Your Application > Validating...' or . = 'Continue to Step 4 - Review & Submit Your Application > Validating...')]) = count(//a[@id = 'js-app-continue-link' and @type = 'submit' and (text() = 'Continue to Step 4 - Review & Submit Your Application > Validating...' or . = 'Continue to Step 4 - Review & Submit Your Application > Validating...')])]"}
[HTTP] <-- POST /wd/hub/session/26166769-4a1b-43f8-8cbc-9fa53c7d848c/elements 200 1684 ms - 92
[HTTP] 
[HTTP] --> GET /wd/hub/session/26166769-4a1b-43f8-8cbc-9fa53c7d848c
[HTTP] {}
[XCUITest] Merging WDA caps over Appium caps for session detail response
[HTTP] <-- GET /wd/hub/session/26166769-4a1b-43f8-8cbc-9fa53c7d848c 200 2 ms - 627
[HTTP] 
[HTTP] --> GET /wd/hub/session/26166769-4a1b-43f8-8cbc-9fa53c7d848c
[HTTP] {}
[XCUITest] Merging WDA caps over Appium caps for session detail response
[HTTP] <-- GET /wd/hub/session/26166769-4a1b-43f8-8cbc-9fa53c7d848c 200 1 ms - 627
[HTTP] 
[HTTP] --> GET /wd/hub/session/26166769-4a1b-43f8-8cbc-9fa53c7d848c
[HTTP] {}
[XCUITest] Merging WDA caps over Appium caps for session detail response
[HTTP] <-- GET /wd/hub/session/26166769-4a1b-43f8-8cbc-9fa53c7d848c 200 2 ms - 627
[HTTP] 
[HTTP] --> GET /wd/hub/session/26166769-4a1b-43f8-8cbc-9fa53c7d848c
[HTTP] {}
[XCUITest] Merging WDA caps over Appium caps for session detail response
[HTTP] <-- GET /wd/hub/session/26166769-4a1b-43f8-8cbc-9fa53c7d848c 200 2 ms - 627
[HTTP] 
[HTTP] --> POST /wd/hub/session/26166769-4a1b-43f8-8cbc-9fa53c7d848c/element/5048/click
[HTTP] {"id":"5048"}
[HTTP] <-- POST /wd/hub/session/26166769-4a1b-43f8-8cbc-9fa53c7d848c/element/5048/click 200 161 ms - 76
[HTTP] 
[HTTP] --> POST /wd/hub/session/26166769-4a1b-43f8-8cbc-9fa53c7d848c/elements
[HTTP] {"using":"xpath","value":"id(\"js-consent-review\")/div[@class=\"js-error-container\"]/div[@class=\"terms-wrapper row\"]/div[@class=\"col-md-1 terms-cell\"]/div[@class=\"js-form-group\"]/div[@class=\"checkbox\"]/label[1]"}
[HTTP] <-- POST /wd/hub/session/26166769-4a1b-43f8-8cbc-9fa53c7d848c/elements 200 899 ms - 74
[HTTP] 
[HTTP] --> POST /wd/hub/session/26166769-4a1b-43f8-8cbc-9fa53c7d848c/elements
[HTTP] {"using":"xpath","value":"id(\"js-consent-review\")/div[@class=\"js-error-container\"]/div[@class=\"terms-wrapper row\"]/div[@class=\"col-md-1 terms-cell\"]/div[@class=\"js-form-group\"]/div[@class=\"checkbox\"]/label[1]"}
[HTTP] <-- POST /wd/hub/session/26166769-4a1b-43f8-8cbc-9fa53c7d848c/elements 200 321 ms - 74
[HTTP] 
[HTTP] --> POST /wd/hub/session/26166769-4a1b-43f8-8cbc-9fa53c7d848c/elements
[HTTP] {"using":"xpath","value":"id(\"js-consent-review\")/div[@class=\"js-error-container\"]/div[@class=\"terms-wrapper row\"]/div[@class=\"col-md-1 terms-cell\"]/div[@class=\"js-form-group\"]/div[@class=\"checkbox\"]/label[1]"}
[HTTP] <-- POST /wd/hub/session/26166769-4a1b-43f8-8cbc-9fa53c7d848c/elements 200 307 ms - 74
[HTTP] 
[HTTP] --> POST /wd/hub/session/26166769-4a1b-43f8-8cbc-9fa53c7d848c/elements
[HTTP] {"using":"xpath","value":"id(\"js-consent-review\")/div[@class=\"js-error-container\"]/div[@class=\"terms-wrapper row\"]/div[@class=\"col-md-1 terms-cell\"]/div[@class=\"js-form-group\"]/div[@class=\"checkbox\"]/label[1]"}
[HTTP] <-- POST /wd/hub/session/26166769-4a1b-43f8-8cbc-9fa53c7d848c/elements 200 729 ms - 92
[HTTP] 
[HTTP] --> GET /wd/hub/session/26166769-4a1b-43f8-8cbc-9fa53c7d848c
[HTTP] {}
[XCUITest] Merging WDA caps over Appium caps for session detail response
[HTTP] <-- GET /wd/hub/session/26166769-4a1b-43f8-8cbc-9fa53c7d848c 200 2 ms - 627
[HTTP] 
[HTTP] --> GET /wd/hub/session/26166769-4a1b-43f8-8cbc-9fa53c7d848c
[HTTP] {}
[XCUITest] Merging WDA caps over Appium caps for session detail response
[HTTP] <-- GET /wd/hub/session/26166769-4a1b-43f8-8cbc-9fa53c7d848c 200 2 ms - 627
[HTTP] 
[HTTP] --> GET /wd/hub/session/26166769-4a1b-43f8-8cbc-9fa53c7d848c
[HTTP] {}
[XCUITest] Merging WDA caps over Appium caps for session detail response
[HTTP] <-- GET /wd/hub/session/26166769-4a1b-43f8-8cbc-9fa53c7d848c 200 6 ms - 627
[HTTP] 
[HTTP] --> GET /wd/hub/session/26166769-4a1b-43f8-8cbc-9fa53c7d848c
[HTTP] {}
[XCUITest] Merging WDA caps over Appium caps for session detail response
[HTTP] <-- GET /wd/hub/session/26166769-4a1b-43f8-8cbc-9fa53c7d848c 200 3 ms - 627
[HTTP] 
[HTTP] --> POST /wd/hub/session/26166769-4a1b-43f8-8cbc-9fa53c7d848c/element/5049/click
[HTTP] {"id":"5049"}
[HTTP] <-- POST /wd/hub/session/26166769-4a1b-43f8-8cbc-9fa53c7d848c/element/5049/click 200 725 ms - 76
[HTTP] 
[HTTP] --> POST /wd/hub/session/26166769-4a1b-43f8-8cbc-9fa53c7d848c/elements
[HTTP] {"using":"xpath","value":"//div[@id = 'js-signature-tab' and (text() = 'CLICK TO SIGN' or . = 'CLICK TO SIGN')]"}
[HTTP] <-- POST /wd/hub/session/26166769-4a1b-43f8-8cbc-9fa53c7d848c/elements 200 715 ms - 92
[HTTP] 
[HTTP] --> GET /wd/hub/session/26166769-4a1b-43f8-8cbc-9fa53c7d848c
[HTTP] {}
[XCUITest] Merging WDA caps over Appium caps for session detail response
[HTTP] <-- GET /wd/hub/session/26166769-4a1b-43f8-8cbc-9fa53c7d848c 200 3 ms - 627
[HTTP] 
[HTTP] --> GET /wd/hub/session/26166769-4a1b-43f8-8cbc-9fa53c7d848c
[HTTP] {}
[XCUITest] Merging WDA caps over Appium caps for session detail response
[HTTP] <-- GET /wd/hub/session/26166769-4a1b-43f8-8cbc-9fa53c7d848c 200 4 ms - 627
[HTTP] 
[HTTP] --> GET /wd/hub/session/26166769-4a1b-43f8-8cbc-9fa53c7d848c
[HTTP] {}
[XCUITest] Merging WDA caps over Appium caps for session detail response
[HTTP] <-- GET /wd/hub/session/26166769-4a1b-43f8-8cbc-9fa53c7d848c 200 2 ms - 627
[HTTP] 
[HTTP] --> GET /wd/hub/session/26166769-4a1b-43f8-8cbc-9fa53c7d848c
[HTTP] {}
[XCUITest] Merging WDA caps over Appium caps for session detail response
[HTTP] <-- GET /wd/hub/session/26166769-4a1b-43f8-8cbc-9fa53c7d848c 200 2 ms - 627
[HTTP] 
[HTTP] --> POST /wd/hub/session/26166769-4a1b-43f8-8cbc-9fa53c7d848c/element/5050/click
[HTTP] {"id":"5050"}
[HTTP] <-- POST /wd/hub/session/26166769-4a1b-43f8-8cbc-9fa53c7d848c/element/5050/click 200 2861 ms - 76
[HTTP] 
[HTTP] --> POST /wd/hub/session/26166769-4a1b-43f8-8cbc-9fa53c7d848c/elements
[HTTP] {"using":"xpath","value":"id(\"js-app-continue-link\")[count(. | //a[@id = 'js-app-continue-link' and @type = 'submit' and (text() = '  Submit Your Application' or . = '  Submit Your Application')]) = count(//a[@id = 'js-app-continue-link' and @type = 'submit' and (text() = '  Submit Your Application' or . = '  Submit Your Application')])]"}
[HTTP] <-- POST /wd/hub/session/26166769-4a1b-43f8-8cbc-9fa53c7d848c/elements 200 1236 ms - 92
[HTTP] 
[HTTP] --> GET /wd/hub/session/26166769-4a1b-43f8-8cbc-9fa53c7d848c
[HTTP] {}
[XCUITest] Merging WDA caps over Appium caps for session detail response
[HTTP] <-- GET /wd/hub/session/26166769-4a1b-43f8-8cbc-9fa53c7d848c 200 2 ms - 627
[HTTP] 
[HTTP] --> GET /wd/hub/session/26166769-4a1b-43f8-8cbc-9fa53c7d848c
[HTTP] {}
[XCUITest] Merging WDA caps over Appium caps for session detail response
[HTTP] <-- GET /wd/hub/session/26166769-4a1b-43f8-8cbc-9fa53c7d848c 200 3 ms - 627
[HTTP] 
[HTTP] --> GET /wd/hub/session/26166769-4a1b-43f8-8cbc-9fa53c7d848c
[HTTP] {}
[XCUITest] Merging WDA caps over Appium caps for session detail response
[HTTP] <-- GET /wd/hub/session/26166769-4a1b-43f8-8cbc-9fa53c7d848c 200 2 ms - 627
[HTTP] 
[HTTP] --> GET /wd/hub/session/26166769-4a1b-43f8-8cbc-9fa53c7d848c
[HTTP] {}
[XCUITest] Merging WDA caps over Appium caps for session detail response
[HTTP] <-- GET /wd/hub/session/26166769-4a1b-43f8-8cbc-9fa53c7d848c 200 2 ms - 627
[HTTP] 
[HTTP] --> POST /wd/hub/session/26166769-4a1b-43f8-8cbc-9fa53c7d848c/element/5051/click
[HTTP] {"id":"5051"}
[HTTP] <-- POST /wd/hub/session/26166769-4a1b-43f8-8cbc-9fa53c7d848c/element/5051/click 200 2701 ms - 76
[HTTP] 
[HTTP] --> POST /wd/hub/session/26166769-4a1b-43f8-8cbc-9fa53c7d848c/elements
[HTTP] {"using":"xpath","value":"//span[(text() = 'Standard Life Select STM Plan 2 10000/30/1M' or . = 'Standard Life Select STM Plan 2 10000/30/1M')]"}
[HTTP] <-- POST /wd/hub/session/26166769-4a1b-43f8-8cbc-9fa53c7d848c/elements 200 900 ms - 74
[HTTP] 
[HTTP] --> POST /wd/hub/session/26166769-4a1b-43f8-8cbc-9fa53c7d848c/elements
[HTTP] {"using":"xpath","value":"//span[(text() = 'Standard Life Select STM Plan 2 10000/30/1M' or . = 'Standard Life Select STM Plan 2 10000/30/1M')]"}
[HTTP] <-- POST /wd/hub/session/26166769-4a1b-43f8-8cbc-9fa53c7d848c/elements 200 742 ms - 74
[HTTP] 
[HTTP] --> POST /wd/hub/session/26166769-4a1b-43f8-8cbc-9fa53c7d848c/elements
[HTTP] {"using":"xpath","value":"//span[(text() = 'Standard Life Select STM Plan 2 10000/30/1M' or . = 'Standard Life Select STM Plan 2 10000/30/1M')]"}
[HTTP] <-- POST /wd/hub/session/26166769-4a1b-43f8-8cbc-9fa53c7d848c/elements 200 741 ms - 74
[HTTP] 
[HTTP] --> POST /wd/hub/session/26166769-4a1b-43f8-8cbc-9fa53c7d848c/elements
[HTTP] {"using":"xpath","value":"//span[(text() = 'Standard Life Select STM Plan 2 10000/30/1M' or . = 'Standard Life Select STM Plan 2 10000/30/1M')]"}
[HTTP] <-- POST /wd/hub/session/26166769-4a1b-43f8-8cbc-9fa53c7d848c/elements 200 1499 ms - 74
[HTTP] 
[HTTP] --> POST /wd/hub/session/26166769-4a1b-43f8-8cbc-9fa53c7d848c/elements
[HTTP] {"using":"xpath","value":"//span[(text() = 'Standard Life Select STM Plan 2 10000/30/1M' or . = 'Standard Life Select STM Plan 2 10000/30/1M')]"}
[HTTP] <-- POST /wd/hub/session/26166769-4a1b-43f8-8cbc-9fa53c7d848c/elements 200 2401 ms - 74
[HTTP] 
[HTTP] --> POST /wd/hub/session/26166769-4a1b-43f8-8cbc-9fa53c7d848c/elements
[HTTP] {"using":"xpath","value":"//span[(text() = 'Standard Life Select STM Plan 2 10000/30/1M' or . = 'Standard Life Select STM Plan 2 10000/30/1M')]"}
[HTTP] <-- POST /wd/hub/session/26166769-4a1b-43f8-8cbc-9fa53c7d848c/elements 200 837 ms - 74
[HTTP] 
[HTTP] --> POST /wd/hub/session/26166769-4a1b-43f8-8cbc-9fa53c7d848c/elements
[HTTP] {"using":"xpath","value":"//span[(text() = 'Standard Life Select STM Plan 2 10000/30/1M' or . = 'Standard Life Select STM Plan 2 10000/30/1M')]"}
[HTTP] <-- POST /wd/hub/session/26166769-4a1b-43f8-8cbc-9fa53c7d848c/elements 200 2121 ms - 74
[HTTP] 
[HTTP] --> POST /wd/hub/session/26166769-4a1b-43f8-8cbc-9fa53c7d848c/elements
[HTTP] {"using":"xpath","value":"//span[(text() = 'Standard Life Select STM Plan 2 10000/30/1M' or . = 'Standard Life Select STM Plan 2 10000/30/1M')]"}
[HTTP] <-- POST /wd/hub/session/26166769-4a1b-43f8-8cbc-9fa53c7d848c/elements 200 908 ms - 74
[HTTP] 
[HTTP] --> POST /wd/hub/session/26166769-4a1b-43f8-8cbc-9fa53c7d848c/elements
[HTTP] {"using":"xpath","value":"//span[(text() = 'Standard Life Select STM Plan 2 10000/30/1M' or . = 'Standard Life Select STM Plan 2 10000/30/1M')]"}
[HTTP] <-- POST /wd/hub/session/26166769-4a1b-43f8-8cbc-9fa53c7d848c/elements 200 458 ms - 74
[HTTP] 
[HTTP] --> POST /wd/hub/session/26166769-4a1b-43f8-8cbc-9fa53c7d848c/elements
[HTTP] {"using":"xpath","value":"//span[(text() = 'Standard Life Select STM Plan 2 10000/30/1M' or . = 'Standard Life Select STM Plan 2 10000/30/1M')]"}
[HTTP] <-- POST /wd/hub/session/26166769-4a1b-43f8-8cbc-9fa53c7d848c/elements 200 672 ms - 74
[HTTP] 
[HTTP] --> POST /wd/hub/session/26166769-4a1b-43f8-8cbc-9fa53c7d848c/elements
[HTTP] {"using":"xpath","value":"//span[(text() = 'Standard Life Select STM Plan 2 10000/30/1M' or . = 'Standard Life Select STM Plan 2 10000/30/1M')]"}
[HTTP] <-- POST /wd/hub/session/26166769-4a1b-43f8-8cbc-9fa53c7d848c/elements 200 672 ms - 74
[HTTP] 
[HTTP] --> POST /wd/hub/session/26166769-4a1b-43f8-8cbc-9fa53c7d848c/elements
[HTTP] {"using":"xpath","value":"//span[(text() = 'Standard Life Select STM Plan 2 10000/30/1M' or . = 'Standard Life Select STM Plan 2 10000/30/1M')]"}
[HTTP] <-- POST /wd/hub/session/26166769-4a1b-43f8-8cbc-9fa53c7d848c/elements 200 177 ms - 74
[HTTP] 
[HTTP] --> POST /wd/hub/session/26166769-4a1b-43f8-8cbc-9fa53c7d848c/elements
[HTTP] {"using":"xpath","value":"//span[(text() = 'Standard Life Select STM Plan 2 10000/30/1M' or . = 'Standard Life Select STM Plan 2 10000/30/1M')]"}
[HTTP] <-- POST /wd/hub/session/26166769-4a1b-43f8-8cbc-9fa53c7d848c/elements 200 788 ms - 74
[HTTP] 
[HTTP] --> POST /wd/hub/session/26166769-4a1b-43f8-8cbc-9fa53c7d848c/elements
[HTTP] {"using":"xpath","value":"//span[(text() = 'Standard Life Select STM Plan 2 10000/30/1M' or . = 'Standard Life Select STM Plan 2 10000/30/1M')]"}
[HTTP] <-- POST /wd/hub/session/26166769-4a1b-43f8-8cbc-9fa53c7d848c/elements 200 422 ms - 74
[HTTP] 
[HTTP] --> POST /wd/hub/session/26166769-4a1b-43f8-8cbc-9fa53c7d848c/elements
[HTTP] {"using":"xpath","value":"//span[(text() = 'Standard Life Select STM Plan 2 10000/30/1M' or . = 'Standard Life Select STM Plan 2 10000/30/1M')]"}
[HTTP] <-- POST /wd/hub/session/26166769-4a1b-43f8-8cbc-9fa53c7d848c/elements 200 443 ms - 74
[HTTP] 
[HTTP] --> POST /wd/hub/session/26166769-4a1b-43f8-8cbc-9fa53c7d848c/elements
[HTTP] {"using":"xpath","value":"//span[(text() = 'Standard Life Select STM Plan 2 10000/30/1M' or . = 'Standard Life Select STM Plan 2 10000/30/1M')]"}
[HTTP] <-- POST /wd/hub/session/26166769-4a1b-43f8-8cbc-9fa53c7d848c/elements 200 696 ms - 74
[HTTP] 
[HTTP] --> POST /wd/hub/session/26166769-4a1b-43f8-8cbc-9fa53c7d848c/elements
[HTTP] {"using":"xpath","value":"//span[(text() = 'Standard Life Select STM Plan 2 10000/30/1M' or . = 'Standard Life Select STM Plan 2 10000/30/1M')]"}
[HTTP] <-- POST /wd/hub/session/26166769-4a1b-43f8-8cbc-9fa53c7d848c/elements 200 2130 ms - 74
[HTTP] 
[HTTP] --> POST /wd/hub/session/26166769-4a1b-43f8-8cbc-9fa53c7d848c/elements
[HTTP] {"using":"xpath","value":"//span[(text() = 'Standard Life Select STM Plan 2 10000/30/1M' or . = 'Standard Life Select STM Plan 2 10000/30/1M')]"}
[HTTP] <-- POST /wd/hub/session/26166769-4a1b-43f8-8cbc-9fa53c7d848c/elements 200 1263 ms - 74
[HTTP] 
[HTTP] --> POST /wd/hub/session/26166769-4a1b-43f8-8cbc-9fa53c7d848c/elements
[HTTP] {"using":"xpath","value":"//span[(text() = 'Standard Life Select STM Plan 2 10000/30/1M' or . = 'Standard Life Select STM Plan 2 10000/30/1M')]"}
[HTTP] <-- POST /wd/hub/session/26166769-4a1b-43f8-8cbc-9fa53c7d848c/elements 200 194 ms - 74
[HTTP] 
[HTTP] --> POST /wd/hub/session/26166769-4a1b-43f8-8cbc-9fa53c7d848c/elements
[HTTP] {"using":"xpath","value":"//span[(text() = 'Standard Life Select STM Plan 2 10000/30/1M' or . = 'Standard Life Select STM Plan 2 10000/30/1M')]"}
[HTTP] <-- POST /wd/hub/session/26166769-4a1b-43f8-8cbc-9fa53c7d848c/elements 200 340 ms - 74
[HTTP] 
[HTTP] --> POST /wd/hub/session/26166769-4a1b-43f8-8cbc-9fa53c7d848c/elements
[HTTP] {"using":"xpath","value":"//span[(text() = 'Standard Life Select STM Plan 2 10000/30/1M' or . = 'Standard Life Select STM Plan 2 10000/30/1M')]"}
[HTTP] <-- POST /wd/hub/session/26166769-4a1b-43f8-8cbc-9fa53c7d848c/elements 200 1445 ms - 74
[HTTP] 
[HTTP] --> POST /wd/hub/session/26166769-4a1b-43f8-8cbc-9fa53c7d848c/elements
[HTTP] {"using":"xpath","value":"//span[(text() = 'Standard Life Select STM Plan 2 10000/30/1M' or . = 'Standard Life Select STM Plan 2 10000/30/1M')]"}
[HTTP] <-- POST /wd/hub/session/26166769-4a1b-43f8-8cbc-9fa53c7d848c/elements 200 2639 ms - 74
[HTTP] 
[HTTP] --> POST /wd/hub/session/26166769-4a1b-43f8-8cbc-9fa53c7d848c/elements
[HTTP] {"using":"xpath","value":"//span[(text() = 'Standard Life Select STM Plan 2 10000/30/1M' or . = 'Standard Life Select STM Plan 2 10000/30/1M')]"}
[HTTP] <-- POST /wd/hub/session/26166769-4a1b-43f8-8cbc-9fa53c7d848c/elements 200 1338 ms - 74
[HTTP] 
[HTTP] --> POST /wd/hub/session/26166769-4a1b-43f8-8cbc-9fa53c7d848c/elements
[HTTP] {"using":"xpath","value":"//span[(text() = 'Standard Life Select STM Plan 2 10000/30/1M' or . = 'Standard Life Select STM Plan 2 10000/30/1M')]"}
[HTTP] <-- POST /wd/hub/session/26166769-4a1b-43f8-8cbc-9fa53c7d848c/elements 200 343 ms - 74
[HTTP] 
[HTTP] --> POST /wd/hub/session/26166769-4a1b-43f8-8cbc-9fa53c7d848c/elements
[HTTP] {"using":"xpath","value":"//span[(text() = 'Standard Life Select STM Plan 2 10000/30/1M' or . = 'Standard Life Select STM Plan 2 10000/30/1M')]"}
[HTTP] <-- POST /wd/hub/session/26166769-4a1b-43f8-8cbc-9fa53c7d848c/elements 200 801 ms - 74
[HTTP] 
[HTTP] --> POST /wd/hub/session/26166769-4a1b-43f8-8cbc-9fa53c7d848c/elements
[HTTP] {"using":"xpath","value":"//span[(text() = 'Standard Life Select STM Plan 2 10000/30/1M' or . = 'Standard Life Select STM Plan 2 10000/30/1M')]"}
[HTTP] <-- POST /wd/hub/session/26166769-4a1b-43f8-8cbc-9fa53c7d848c/elements 200 847 ms - 74
[HTTP] 
[HTTP] --> POST /wd/hub/session/26166769-4a1b-43f8-8cbc-9fa53c7d848c/elements
[HTTP] {"using":"xpath","value":"//span[(text() = 'Standard Life Select STM Plan 2 10000/30/1M' or . = 'Standard Life Select STM Plan 2 10000/30/1M')]"}
[HTTP] <-- POST /wd/hub/session/26166769-4a1b-43f8-8cbc-9fa53c7d848c/elements 200 485 ms - 74
[HTTP] 
[HTTP] --> POST /wd/hub/session/26166769-4a1b-43f8-8cbc-9fa53c7d848c/elements
[HTTP] {"using":"xpath","value":"//span[(text() = 'Standard Life Select STM Plan 2 10000/30/1M' or . = 'Standard Life Select STM Plan 2 10000/30/1M')]"}
[HTTP] <-- POST /wd/hub/session/26166769-4a1b-43f8-8cbc-9fa53c7d848c/elements 200 1797 ms - 74
[HTTP] 
[HTTP] --> POST /wd/hub/session/26166769-4a1b-43f8-8cbc-9fa53c7d848c/elements
[HTTP] {"using":"xpath","value":"//span[(text() = 'Standard Life Select STM Plan 2 10000/30/1M' or . = 'Standard Life Select STM Plan 2 10000/30/1M')]"}
[HTTP] <-- POST /wd/hub/session/26166769-4a1b-43f8-8cbc-9fa53c7d848c/elements 200 3100 ms - 74
[HTTP] 
[HTTP] --> POST /wd/hub/session/26166769-4a1b-43f8-8cbc-9fa53c7d848c/elements
[HTTP] {"using":"xpath","value":"//span[(text() = 'Standard Life Select STM Plan 2 10000/30/1M' or . = 'Standard Life Select STM Plan 2 10000/30/1M')]"}
[HTTP] <-- POST /wd/hub/session/26166769-4a1b-43f8-8cbc-9fa53c7d848c/elements 200 233 ms - 74
[HTTP] 
[HTTP] --> POST /wd/hub/session/26166769-4a1b-43f8-8cbc-9fa53c7d848c/elements
[HTTP] {"using":"xpath","value":"//span[(text() = 'Standard Life Select STM Plan 2 10000/30/1M' or . = 'Standard Life Select STM Plan 2 10000/30/1M')]"}
[HTTP] <-- POST /wd/hub/session/26166769-4a1b-43f8-8cbc-9fa53c7d848c/elements 200 2003 ms - 74
[HTTP] 
[HTTP] --> POST /wd/hub/session/26166769-4a1b-43f8-8cbc-9fa53c7d848c/elements
[HTTP] {"using":"xpath","value":"//span[(text() = 'Standard Life Select STM Plan 2 10000/30/1M' or . = 'Standard Life Select STM Plan 2 10000/30/1M')]"}
[HTTP] <-- POST /wd/hub/session/26166769-4a1b-43f8-8cbc-9fa53c7d848c/elements 200 81 ms - 74
[HTTP] 
[HTTP] --> POST /wd/hub/session/26166769-4a1b-43f8-8cbc-9fa53c7d848c/elements
[HTTP] {"using":"xpath","value":"//span[(text() = 'Standard Life Select STM Plan 2 10000/30/1M' or . = 'Standard Life Select STM Plan 2 10000/30/1M')]"}
[HTTP] <-- POST /wd/hub/session/26166769-4a1b-43f8-8cbc-9fa53c7d848c/elements 200 1150 ms - 74
[HTTP] 
[HTTP] --> POST /wd/hub/session/26166769-4a1b-43f8-8cbc-9fa53c7d848c/elements
[HTTP] {"using":"xpath","value":"//span[(text() = 'Standard Life Select STM Plan 2 10000/30/1M' or . = 'Standard Life Select STM Plan 2 10000/30/1M')]"}
[HTTP] <-- POST /wd/hub/session/26166769-4a1b-43f8-8cbc-9fa53c7d848c/elements 200 3396 ms - 74
[HTTP] 
[HTTP] --> POST /wd/hub/session/26166769-4a1b-43f8-8cbc-9fa53c7d848c/elements
[HTTP] {"using":"xpath","value":"//span[(text() = 'Standard Life Select STM Plan 2 10000/30/1M' or . = 'Standard Life Select STM Plan 2 10000/30/1M')]"}
[HTTP] <-- POST /wd/hub/session/26166769-4a1b-43f8-8cbc-9fa53c7d848c/elements 200 1236 ms - 74
[HTTP] 
[HTTP] --> POST /wd/hub/session/26166769-4a1b-43f8-8cbc-9fa53c7d848c/elements
[HTTP] {"using":"xpath","value":"//span[(text() = 'Standard Life Select STM Plan 2 10000/30/1M' or . = 'Standard Life Select STM Plan 2 10000/30/1M')]"}
[HTTP] <-- POST /wd/hub/session/26166769-4a1b-43f8-8cbc-9fa53c7d848c/elements 200 1646 ms - 74
[HTTP] 
[HTTP] --> POST /wd/hub/session/26166769-4a1b-43f8-8cbc-9fa53c7d848c/elements
[HTTP] {"using":"xpath","value":"//span[(text() = 'Standard Life Select STM Plan 2 10000/30/1M' or . = 'Standard Life Select STM Plan 2 10000/30/1M')]"}
[HTTP] <-- POST /wd/hub/session/26166769-4a1b-43f8-8cbc-9fa53c7d848c/elements 200 1592 ms - 74
[HTTP] 
[HTTP] --> POST /wd/hub/session/26166769-4a1b-43f8-8cbc-9fa53c7d848c/elements
[HTTP] {"using":"xpath","value":"//span[(text() = 'Standard Life Select STM Plan 2 10000/30/1M' or . = 'Standard Life Select STM Plan 2 10000/30/1M')]"}
[HTTP] <-- POST /wd/hub/session/26166769-4a1b-43f8-8cbc-9fa53c7d848c/elements 200 1141 ms - 74
[HTTP] 
[HTTP] --> POST /wd/hub/session/26166769-4a1b-43f8-8cbc-9fa53c7d848c/elements
[HTTP] {"using":"xpath","value":"//span[(text() = 'Standard Life Select STM Plan 2 10000/30/1M' or . = 'Standard Life Select STM Plan 2 10000/30/1M')]"}
[HTTP] <-- POST /wd/hub/session/26166769-4a1b-43f8-8cbc-9fa53c7d848c/elements 200 93 ms - 74
[HTTP] 
[HTTP] --> POST /wd/hub/session/26166769-4a1b-43f8-8cbc-9fa53c7d848c/elements
[HTTP] {"using":"xpath","value":"//span[(text() = 'Standard Life Select STM Plan 2 10000/30/1M' or . = 'Standard Life Select STM Plan 2 10000/30/1M')]"}
[HTTP] <-- POST /wd/hub/session/26166769-4a1b-43f8-8cbc-9fa53c7d848c/elements 200 344 ms - 74
[HTTP] 
[HTTP] --> POST /wd/hub/session/26166769-4a1b-43f8-8cbc-9fa53c7d848c/elements
[HTTP] {"using":"xpath","value":"//span[(text() = 'Standard Life Select STM Plan 2 10000/30/1M' or . = 'Standard Life Select STM Plan 2 10000/30/1M')]"}
[HTTP] <-- POST /wd/hub/session/26166769-4a1b-43f8-8cbc-9fa53c7d848c/elements 200 992 ms - 74
[HTTP] 
[HTTP] --> POST /wd/hub/session/26166769-4a1b-43f8-8cbc-9fa53c7d848c/elements
[HTTP] {"using":"xpath","value":"//span[(text() = 'Standard Life Select STM Plan 2 10000/30/1M' or . = 'Standard Life Select STM Plan 2 10000/30/1M')]"}
[HTTP] <-- POST /wd/hub/session/26166769-4a1b-43f8-8cbc-9fa53c7d848c/elements 200 350 ms - 74
[HTTP] 
[HTTP] --> POST /wd/hub/session/26166769-4a1b-43f8-8cbc-9fa53c7d848c/elements
[HTTP] {"using":"xpath","value":"//span[(text() = 'Standard Life Select STM Plan 2 10000/30/1M' or . = 'Standard Life Select STM Plan 2 10000/30/1M')]"}
[HTTP] <-- POST /wd/hub/session/26166769-4a1b-43f8-8cbc-9fa53c7d848c/elements 200 1013 ms - 74
[HTTP] 
[HTTP] --> POST /wd/hub/session/26166769-4a1b-43f8-8cbc-9fa53c7d848c/elements
[HTTP] {"using":"xpath","value":"//span[(text() = 'Standard Life Select STM Plan 2 10000/30/1M' or . = 'Standard Life Select STM Plan 2 10000/30/1M')]"}
[HTTP] <-- POST /wd/hub/session/26166769-4a1b-43f8-8cbc-9fa53c7d848c/elements 200 1324 ms - 74
[HTTP] 
[HTTP] --> POST /wd/hub/session/26166769-4a1b-43f8-8cbc-9fa53c7d848c/elements
[HTTP] {"using":"xpath","value":"//span[(text() = 'Standard Life Select STM Plan 2 10000/30/1M' or . = 'Standard Life Select STM Plan 2 10000/30/1M')]"}
[HTTP] <-- POST /wd/hub/session/26166769-4a1b-43f8-8cbc-9fa53c7d848c/elements 200 292 ms - 74
[HTTP] 
[HTTP] --> POST /wd/hub/session/26166769-4a1b-43f8-8cbc-9fa53c7d848c/elements
[HTTP] {"using":"xpath","value":"//span[(text() = 'Standard Life Select STM Plan 2 10000/30/1M' or . = 'Standard Life Select STM Plan 2 10000/30/1M')]"}
[HTTP] <-- POST /wd/hub/session/26166769-4a1b-43f8-8cbc-9fa53c7d848c/elements 200 1834 ms - 74
[HTTP] 
[HTTP] --> POST /wd/hub/session/26166769-4a1b-43f8-8cbc-9fa53c7d848c/elements
[HTTP] {"using":"xpath","value":"//span[(text() = 'Standard Life Select STM Plan 2 10000/30/1M' or . = 'Standard Life Select STM Plan 2 10000/30/1M')]"}
[HTTP] <-- POST /wd/hub/session/26166769-4a1b-43f8-8cbc-9fa53c7d848c/elements 200 552 ms - 74
[HTTP] 
[HTTP] --> POST /wd/hub/session/26166769-4a1b-43f8-8cbc-9fa53c7d848c/elements
[HTTP] {"using":"xpath","value":"//span[(text() = 'Standard Life Select STM Plan 2 10000/30/1M' or . = 'Standard Life Select STM Plan 2 10000/30/1M')]"}
[HTTP] <-- POST /wd/hub/session/26166769-4a1b-43f8-8cbc-9fa53c7d848c/elements 200 543 ms - 74
[HTTP] 
[HTTP] --> POST /wd/hub/session/26166769-4a1b-43f8-8cbc-9fa53c7d848c/elements
[HTTP] {"using":"xpath","value":"//span[(text() = 'Standard Life Select STM Plan 2 10000/30/1M' or . = 'Standard Life Select STM Plan 2 10000/30/1M')]"}
[HTTP] <-- POST /wd/hub/session/26166769-4a1b-43f8-8cbc-9fa53c7d848c/elements 200 597 ms - 74
[HTTP] 
[HTTP] --> POST /wd/hub/session/26166769-4a1b-43f8-8cbc-9fa53c7d848c/elements
[HTTP] {"using":"xpath","value":"//span[(text() = 'Standard Life Select STM Plan 2 10000/30/1M' or . = 'Standard Life Select STM Plan 2 10000/30/1M')]"}
[HTTP] <-- POST /wd/hub/session/26166769-4a1b-43f8-8cbc-9fa53c7d848c/elements 200 79 ms - 74
[HTTP] 
[HTTP] --> POST /wd/hub/session/26166769-4a1b-43f8-8cbc-9fa53c7d848c/elements
[HTTP] {"using":"xpath","value":"//span[(text() = 'Standard Life Select STM Plan 2 10000/30/1M' or . = 'Standard Life Select STM Plan 2 10000/30/1M')]"}
[HTTP] <-- POST /wd/hub/session/26166769-4a1b-43f8-8cbc-9fa53c7d848c/elements 200 2045 ms - 74
[HTTP] 
[HTTP] --> POST /wd/hub/session/26166769-4a1b-43f8-8cbc-9fa53c7d848c/elements
[HTTP] {"using":"xpath","value":"//span[(text() = 'Standard Life Select STM Plan 2 10000/30/1M' or . = 'Standard Life Select STM Plan 2 10000/30/1M')]"}
[HTTP] <-- POST /wd/hub/session/26166769-4a1b-43f8-8cbc-9fa53c7d848c/elements 200 1454 ms - 74
[HTTP] 
[HTTP] --> POST /wd/hub/session/26166769-4a1b-43f8-8cbc-9fa53c7d848c/elements
[HTTP] {"using":"xpath","value":"//span[(text() = 'Standard Life Select STM Plan 2 10000/30/1M' or . = 'Standard Life Select STM Plan 2 10000/30/1M')]"}
[HTTP] <-- POST /wd/hub/session/26166769-4a1b-43f8-8cbc-9fa53c7d848c/elements 200 3199 ms - 74
[HTTP] 
[HTTP] --> GET /wd/hub/session/26166769-4a1b-43f8-8cbc-9fa53c7d848c/screenshot
[HTTP] {}
[HTTP] <-- GET /wd/hub/session/26166769-4a1b-43f8-8cbc-9fa53c7d848c/screenshot 200 606 ms - 1190466
[HTTP] 
[HTTP] --> DELETE /wd/hub/session/26166769-4a1b-43f8-8cbc-9fa53c7d848c
[HTTP] {}
[Appium] Removing session 26166769-4a1b-43f8-8cbc-9fa53c7d848c from our master session list
[HTTP] <-- DELETE /wd/hub/session/26166769-4a1b-43f8-8cbc-9fa53c7d848c 200 1118 ms - 76
[HTTP] 
