[Appium] Welcome to Appium v1.8.1
[Appium] Non-default server args:
[Appium]   port: 54233
[Appium]   loglevel: info
[Appium]   chromeDriverPort: 54234
[Appium]   tmpDir: /var/folders/95/4qsvf70n5s55n0wp9h6b0h_r0000gn/T//Katalon/Appium/Temp1547637098670
[Appium]   webkitDebugProxyPort: 54230
[Appium] Appium REST http interface listener started on 0.0.0.0:54233
[HTTP] --> GET /wd/hub/status
[HTTP] {}
[HTTP] <-- GET /wd/hub/status 200 29 ms - 83
[HTTP] 
[HTTP] --> POST /wd/hub/session
[HTTP] {"desiredCapabilities":{"automationName":"XCUITest","browserName":"Safari","deviceId":"","deviceName":"iPhone X","newCommandTimeout":1800,"platform":"IOS","platformName":"iOS","platformVersion":"12.1","realDeviceLogger":"/Applications/Katalon Studio.app/Contents/Eclipse/configuration/resources/tools/deviceconsole/deviceconsole","wdaLocalPort":54229},"capabilities":{"desiredCapabilities":{"automationName":"XCUITest","browserName":"Safari","deviceId":"","deviceName":"iPhone X","newCommandTimeout":1800,"platform":"IOS","platformName":"iOS","platformVersion":"12.1","realDeviceLogger":"/Applications/Katalon Studio.app/Contents/Eclipse/configuration/resources/tools/deviceconsole/deviceconsole","wdaLocalPort":54229},"firstMatch":[{"browserName":"Safari","platformName":"ios"}]}}
[Appium] Could not parse W3C capabilities: 'deviceName' can't be blank. Falling back to JSONWP protocol.
[Appium] The following capabilities were provided in the JSONWP desired capabilities that are missing in W3C capabilities: ["automationName","browserName","deviceId","deviceName","newCommandTimeout","platform","platformName","platformVersion","realDeviceLogger","wdaLocalPort"]. Falling back to JSONWP protocol.
[Appium] Creating new XCUITestDriver (v2.105.0) session
[Appium] Capabilities:
[Appium]   automationName: XCUITest
[Appium]   browserName: Safari
[Appium]   deviceId: 
[Appium]   deviceName: iPhone X
[Appium]   newCommandTimeout: 1800
[Appium]   platform: IOS
[Appium]   platformName: iOS
[Appium]   platformVersion: 12.1
[Appium]   realDeviceLogger: /Applications/Katalon Studio.app/Contents/Eclipse/configuration/resources/tools/deviceconsole/deviceconsole
[Appium]   wdaLocalPort: 54229
[BaseDriver] The following capabilities were provided, but are not recognized by appium: deviceId, platform.
[BaseDriver] Session created with session id: 6b8f8ddc-8b7f-4ea7-b07b-6b9485b1954f
[iOSSim] Constructing iOS simulator for Xcode version 10.1 with udid '1FBC48CC-4B26-4899-AB2C-0FDD67CACB37'
[XCUITest] Determining device to run tests on: udid: '1FBC48CC-4B26-4899-AB2C-0FDD67CACB37', real device: false
[XCUITest] Safari test requested
[XCUITest] Setting up simulator
[iOSSim] Both Simulator with UDID 1FBC48CC-4B26-4899-AB2C-0FDD67CACB37 and the UI client are currently running
[XCUITest] Using WDA path: '/Users/denisyu/.nvm/versions/node/v8.1.4/lib/node_modules/appium/node_modules/_appium-xcuitest-driver@2.105.0@appium-xcuitest-driver/WebDriverAgent'
[XCUITest] Using WDA agent: '/Users/denisyu/.nvm/versions/node/v8.1.4/lib/node_modules/appium/node_modules/_appium-xcuitest-driver@2.105.0@appium-xcuitest-driver/WebDriverAgent/WebDriverAgent.xcodeproj'
[JSONWP Proxy] Got an unexpected response: {"errno":"ECONNREFUSED","code":"ECONNREFUSED","syscall":"connect","address":"127.0.0.1","port":54229}
[XCUITest] Launching WebDriverAgent on the device
[JSONWP Proxy] Got an unexpected response: {"errno":"ECONNREFUSED","code":"ECONNREFUSED","syscall":"connect","address":"127.0.0.1","port":54229}
[JSONWP Proxy] Got an unexpected response: {"errno":"ECONNREFUSED","code":"ECONNREFUSED","syscall":"connect","address":"127.0.0.1","port":54229}
[JSONWP Proxy] Got an unexpected response: {"errno":"ECONNREFUSED","code":"ECONNREFUSED","syscall":"connect","address":"127.0.0.1","port":54229}
[JSONWP Proxy] Got an unexpected response: {"errno":"ECONNREFUSED","code":"ECONNREFUSED","syscall":"connect","address":"127.0.0.1","port":54229}
[JSONWP Proxy] Got an unexpected response: {"errno":"ECONNREFUSED","code":"ECONNREFUSED","syscall":"connect","address":"127.0.0.1","port":54229}
[JSONWP Proxy] Got an unexpected response: {"errno":"ECONNREFUSED","code":"ECONNREFUSED","syscall":"connect","address":"127.0.0.1","port":54229}
[JSONWP Proxy] Got an unexpected response: {"errno":"ECONNREFUSED","code":"ECONNREFUSED","syscall":"connect","address":"127.0.0.1","port":54229}
[JSONWP Proxy] Got an unexpected response: {"errno":"ECONNREFUSED","code":"ECONNREFUSED","syscall":"connect","address":"127.0.0.1","port":54229}
[JSONWP Proxy] Got an unexpected response: {"errno":"ECONNREFUSED","code":"ECONNREFUSED","syscall":"connect","address":"127.0.0.1","port":54229}
[JSONWP Proxy] Got an unexpected response: {"errno":"ECONNREFUSED","code":"ECONNREFUSED","syscall":"connect","address":"127.0.0.1","port":54229}
[HTTP] --> GET /welcome
[HTTP] {}
[HTTP] <-- GET /welcome 200 13 ms - 124
[HTTP] 
[HTTP] <-- GET /favicon.ico 200 3 ms - 1150
[HTTP] 
[XCUITest] Skipping setting of the initial display orientation. Set the "orientation" capability to either "LANDSCAPE" or "PORTRAIT", if this is an undesired behavior.
[Appium] New XCUITestDriver session created successfully, session 6b8f8ddc-8b7f-4ea7-b07b-6b9485b1954f added to master session list
[HTTP] <-- POST /wd/hub/session 200 33754 ms - 608
[HTTP] 
[HTTP] --> GET /wd/hub/status
[HTTP] {}
[HTTP] <-- GET /wd/hub/status 200 39 ms - 55
[HTTP] 
[HTTP] --> POST /wd/hub/session/6b8f8ddc-8b7f-4ea7-b07b-6b9485b1954f/timeouts
[HTTP] {"type":"implicit","ms":60000}
[HTTP] <-- POST /wd/hub/session/6b8f8ddc-8b7f-4ea7-b07b-6b9485b1954f/timeouts 400 26 ms - 5641
[HTTP] 
[HTTP] --> POST /wd/hub/session/6b8f8ddc-8b7f-4ea7-b07b-6b9485b1954f/timeouts
[HTTP] {"type":"implicit","ms":0}
[HTTP] <-- POST /wd/hub/session/6b8f8ddc-8b7f-4ea7-b07b-6b9485b1954f/timeouts 400 4 ms - 5633
[HTTP] 
[HTTP] --> POST /wd/hub/session/6b8f8ddc-8b7f-4ea7-b07b-6b9485b1954f/execute
[HTTP] {"script":"return navigator.sayswho= (function() { var ua= navigator.userAgent, tem, M= ua.match(/(opera|chrome|safari|firefox|msie|trident)\\/?\\s*(\\.?\\d+(\\.\\d+)*)/i) || []; if (/trident/i.test(M[1])) {     tem=  /\\brv[ :]+(\\d+)/g.exec(ua) || [];     return 'IE '+(tem[1] || ''); } if(M[1]=== 'Chrome') {     tem= ua.match(/\\b(OPR|Edge)\\/(\\d+)/);     if(tem!= null) return tem.slice(1).join(' ').replace('OPR', 'Opera'); } M= M[2]? [M[1], M[2]]: [navigator.appName, navigator.appVersion, '-?']; if((tem= ua.match(/version\\/(\\d+)/i))!= null) M.splice(1, 1, tem[1]); return M.join(' ').replace('MSIE', 'IE');})();","args":[]}
[HTTP] <-- POST /wd/hub/session/6b8f8ddc-8b7f-4ea7-b07b-6b9485b1954f/execute 200 727 ms - 83
[HTTP] 
[HTTP] --> POST /wd/hub/session/6b8f8ddc-8b7f-4ea7-b07b-6b9485b1954f/url
[HTTP] {"url":"https://praetemptatus.agilehealthinsurance.com/"}
[HTTP] <-- POST /wd/hub/session/6b8f8ddc-8b7f-4ea7-b07b-6b9485b1954f/url 200 6074 ms - 76
[HTTP] 
[HTTP] --> POST /wd/hub/session/6b8f8ddc-8b7f-4ea7-b07b-6b9485b1954f/elements
[HTTP] {"using":"xpath","value":"//a[@href = '/health-insurance-quotes' and @id = 'primaryCTA' and @title = 'Get Health Insurance Quotes' and (text() = 'Quote & Save Today' or . = 'Quote & Save Today')]"}
[HTTP] <-- POST /wd/hub/session/6b8f8ddc-8b7f-4ea7-b07b-6b9485b1954f/elements 200 451 ms - 74
[HTTP] 
[HTTP] --> POST /wd/hub/session/6b8f8ddc-8b7f-4ea7-b07b-6b9485b1954f/elements
[HTTP] {"using":"xpath","value":"//a[@href = '/health-insurance-quotes' and @id = 'primaryCTA' and @title = 'Get Health Insurance Quotes' and (text() = 'Quote & Save Today' or . = 'Quote & Save Today')]"}
[HTTP] <-- POST /wd/hub/session/6b8f8ddc-8b7f-4ea7-b07b-6b9485b1954f/elements 200 236 ms - 74
[HTTP] 
[HTTP] --> POST /wd/hub/session/6b8f8ddc-8b7f-4ea7-b07b-6b9485b1954f/elements
[HTTP] {"using":"xpath","value":"//a[@href = '/health-insurance-quotes' and @id = 'primaryCTA' and @title = 'Get Health Insurance Quotes' and (text() = 'Quote & Save Today' or . = 'Quote & Save Today')]"}
[HTTP] <-- POST /wd/hub/session/6b8f8ddc-8b7f-4ea7-b07b-6b9485b1954f/elements 200 477 ms - 74
[HTTP] 
[HTTP] --> POST /wd/hub/session/6b8f8ddc-8b7f-4ea7-b07b-6b9485b1954f/elements
[HTTP] {"using":"xpath","value":"//a[@href = '/health-insurance-quotes' and @id = 'primaryCTA' and @title = 'Get Health Insurance Quotes' and (text() = 'Quote & Save Today' or . = 'Quote & Save Today')]"}
[HTTP] <-- POST /wd/hub/session/6b8f8ddc-8b7f-4ea7-b07b-6b9485b1954f/elements 200 1950 ms - 92
[HTTP] 
[HTTP] --> GET /wd/hub/session/6b8f8ddc-8b7f-4ea7-b07b-6b9485b1954f
[HTTP] {}
[XCUITest] Merging WDA caps over Appium caps for session detail response
[HTTP] <-- GET /wd/hub/session/6b8f8ddc-8b7f-4ea7-b07b-6b9485b1954f 200 3047 ms - 627
[HTTP] 
[HTTP] --> GET /wd/hub/session/6b8f8ddc-8b7f-4ea7-b07b-6b9485b1954f
[HTTP] {}
[XCUITest] Merging WDA caps over Appium caps for session detail response
[HTTP] <-- GET /wd/hub/session/6b8f8ddc-8b7f-4ea7-b07b-6b9485b1954f 200 3 ms - 627
[HTTP] 
[HTTP] --> GET /wd/hub/session/6b8f8ddc-8b7f-4ea7-b07b-6b9485b1954f
[HTTP] {}
[XCUITest] Merging WDA caps over Appium caps for session detail response
[HTTP] <-- GET /wd/hub/session/6b8f8ddc-8b7f-4ea7-b07b-6b9485b1954f 200 2 ms - 627
[HTTP] 
[HTTP] --> GET /wd/hub/session/6b8f8ddc-8b7f-4ea7-b07b-6b9485b1954f
[HTTP] {}
[XCUITest] Merging WDA caps over Appium caps for session detail response
[HTTP] <-- GET /wd/hub/session/6b8f8ddc-8b7f-4ea7-b07b-6b9485b1954f 200 2 ms - 627
[HTTP] 
[HTTP] --> POST /wd/hub/session/6b8f8ddc-8b7f-4ea7-b07b-6b9485b1954f/element/5000/click
[HTTP] {"id":"5000"}
[HTTP] <-- POST /wd/hub/session/6b8f8ddc-8b7f-4ea7-b07b-6b9485b1954f/element/5000/click 200 857 ms - 76
[HTTP] 
[HTTP] --> POST /wd/hub/session/6b8f8ddc-8b7f-4ea7-b07b-6b9485b1954f/elements
[HTTP] {"using":"xpath","value":"//input[@id = 'zip-input' and @type = 'tel' and @placeholder = 'Zip Code']"}
[HTTP] <-- POST /wd/hub/session/6b8f8ddc-8b7f-4ea7-b07b-6b9485b1954f/elements 200 507 ms - 92
[HTTP] 
[HTTP] --> GET /wd/hub/session/6b8f8ddc-8b7f-4ea7-b07b-6b9485b1954f
[HTTP] {}
[XCUITest] Merging WDA caps over Appium caps for session detail response
[HTTP] <-- GET /wd/hub/session/6b8f8ddc-8b7f-4ea7-b07b-6b9485b1954f 200 3 ms - 627
[HTTP] 
[HTTP] --> GET /wd/hub/session/6b8f8ddc-8b7f-4ea7-b07b-6b9485b1954f
[HTTP] {}
[XCUITest] Merging WDA caps over Appium caps for session detail response
[HTTP] <-- GET /wd/hub/session/6b8f8ddc-8b7f-4ea7-b07b-6b9485b1954f 200 2 ms - 627
[HTTP] 
[HTTP] --> GET /wd/hub/session/6b8f8ddc-8b7f-4ea7-b07b-6b9485b1954f
[HTTP] {}
[XCUITest] Merging WDA caps over Appium caps for session detail response
[HTTP] <-- GET /wd/hub/session/6b8f8ddc-8b7f-4ea7-b07b-6b9485b1954f 200 2 ms - 627
[HTTP] 
[HTTP] --> GET /wd/hub/session/6b8f8ddc-8b7f-4ea7-b07b-6b9485b1954f
[HTTP] {}
[XCUITest] Merging WDA caps over Appium caps for session detail response
[HTTP] <-- GET /wd/hub/session/6b8f8ddc-8b7f-4ea7-b07b-6b9485b1954f 200 2 ms - 627
[HTTP] 
[HTTP] --> POST /wd/hub/session/6b8f8ddc-8b7f-4ea7-b07b-6b9485b1954f/element/5001/clear
[HTTP] {"id":"5001"}
[HTTP] <-- POST /wd/hub/session/6b8f8ddc-8b7f-4ea7-b07b-6b9485b1954f/element/5001/clear 200 759 ms - 76
[HTTP] 
[HTTP] --> POST /wd/hub/session/6b8f8ddc-8b7f-4ea7-b07b-6b9485b1954f/elements
[HTTP] {"using":"xpath","value":"//input[@id = 'zip-input' and @type = 'tel' and @placeholder = 'Zip Code']"}
[HTTP] <-- POST /wd/hub/session/6b8f8ddc-8b7f-4ea7-b07b-6b9485b1954f/elements 200 658 ms - 92
[HTTP] 
[HTTP] --> GET /wd/hub/session/6b8f8ddc-8b7f-4ea7-b07b-6b9485b1954f
[HTTP] {}
[XCUITest] Merging WDA caps over Appium caps for session detail response
[HTTP] <-- GET /wd/hub/session/6b8f8ddc-8b7f-4ea7-b07b-6b9485b1954f 200 2 ms - 627
[HTTP] 
[HTTP] --> GET /wd/hub/session/6b8f8ddc-8b7f-4ea7-b07b-6b9485b1954f
[HTTP] {}
[XCUITest] Merging WDA caps over Appium caps for session detail response
[HTTP] <-- GET /wd/hub/session/6b8f8ddc-8b7f-4ea7-b07b-6b9485b1954f 200 2 ms - 627
[HTTP] 
[HTTP] --> GET /wd/hub/session/6b8f8ddc-8b7f-4ea7-b07b-6b9485b1954f
[HTTP] {}
[XCUITest] Merging WDA caps over Appium caps for session detail response
[HTTP] <-- GET /wd/hub/session/6b8f8ddc-8b7f-4ea7-b07b-6b9485b1954f 200 2 ms - 627
[HTTP] 
[HTTP] --> GET /wd/hub/session/6b8f8ddc-8b7f-4ea7-b07b-6b9485b1954f
[HTTP] {}
[XCUITest] Merging WDA caps over Appium caps for session detail response
[HTTP] <-- GET /wd/hub/session/6b8f8ddc-8b7f-4ea7-b07b-6b9485b1954f 200 2 ms - 627
[HTTP] 
[HTTP] --> POST /wd/hub/session/6b8f8ddc-8b7f-4ea7-b07b-6b9485b1954f/element/5002/value
[HTTP] {"id":"5002","value":["60602"]}
[HTTP] <-- POST /wd/hub/session/6b8f8ddc-8b7f-4ea7-b07b-6b9485b1954f/element/5002/value 200 4519 ms - 76
[HTTP] 
[HTTP] --> POST /wd/hub/session/6b8f8ddc-8b7f-4ea7-b07b-6b9485b1954f/elements
[HTTP] {"using":"xpath","value":"//input[@id = 'dob-0' and @type = 'tel' and @placeholder = 'mm/dd/yyyy']"}
[HTTP] <-- POST /wd/hub/session/6b8f8ddc-8b7f-4ea7-b07b-6b9485b1954f/elements 200 666 ms - 92
[HTTP] 
[HTTP] --> GET /wd/hub/session/6b8f8ddc-8b7f-4ea7-b07b-6b9485b1954f
[HTTP] {}
[XCUITest] Merging WDA caps over Appium caps for session detail response
[HTTP] <-- GET /wd/hub/session/6b8f8ddc-8b7f-4ea7-b07b-6b9485b1954f 200 2 ms - 627
[HTTP] 
[HTTP] --> GET /wd/hub/session/6b8f8ddc-8b7f-4ea7-b07b-6b9485b1954f
[HTTP] {}
[XCUITest] Merging WDA caps over Appium caps for session detail response
[HTTP] <-- GET /wd/hub/session/6b8f8ddc-8b7f-4ea7-b07b-6b9485b1954f 200 2 ms - 627
[HTTP] 
[HTTP] --> GET /wd/hub/session/6b8f8ddc-8b7f-4ea7-b07b-6b9485b1954f
[HTTP] {}
[XCUITest] Merging WDA caps over Appium caps for session detail response
[HTTP] <-- GET /wd/hub/session/6b8f8ddc-8b7f-4ea7-b07b-6b9485b1954f 200 2 ms - 627
[HTTP] 
[HTTP] --> GET /wd/hub/session/6b8f8ddc-8b7f-4ea7-b07b-6b9485b1954f
[HTTP] {}
[XCUITest] Merging WDA caps over Appium caps for session detail response
[HTTP] <-- GET /wd/hub/session/6b8f8ddc-8b7f-4ea7-b07b-6b9485b1954f 200 2 ms - 627
[HTTP] 
[HTTP] --> POST /wd/hub/session/6b8f8ddc-8b7f-4ea7-b07b-6b9485b1954f/element/5003/clear
[HTTP] {"id":"5003"}
[HTTP] <-- POST /wd/hub/session/6b8f8ddc-8b7f-4ea7-b07b-6b9485b1954f/element/5003/clear 200 822 ms - 76
[HTTP] 
[HTTP] --> POST /wd/hub/session/6b8f8ddc-8b7f-4ea7-b07b-6b9485b1954f/elements
[HTTP] {"using":"xpath","value":"//input[@id = 'dob-0' and @type = 'tel' and @placeholder = 'mm/dd/yyyy']"}
[HTTP] <-- POST /wd/hub/session/6b8f8ddc-8b7f-4ea7-b07b-6b9485b1954f/elements 200 351 ms - 92
[HTTP] 
[HTTP] --> GET /wd/hub/session/6b8f8ddc-8b7f-4ea7-b07b-6b9485b1954f
[HTTP] {}
[XCUITest] Merging WDA caps over Appium caps for session detail response
[HTTP] <-- GET /wd/hub/session/6b8f8ddc-8b7f-4ea7-b07b-6b9485b1954f 200 3 ms - 627
[HTTP] 
[HTTP] --> GET /wd/hub/session/6b8f8ddc-8b7f-4ea7-b07b-6b9485b1954f
[HTTP] {}
[XCUITest] Merging WDA caps over Appium caps for session detail response
[HTTP] <-- GET /wd/hub/session/6b8f8ddc-8b7f-4ea7-b07b-6b9485b1954f 200 3 ms - 627
[HTTP] 
[HTTP] --> GET /wd/hub/session/6b8f8ddc-8b7f-4ea7-b07b-6b9485b1954f
[HTTP] {}
[XCUITest] Merging WDA caps over Appium caps for session detail response
[HTTP] <-- GET /wd/hub/session/6b8f8ddc-8b7f-4ea7-b07b-6b9485b1954f 200 2 ms - 627
[HTTP] 
[HTTP] --> GET /wd/hub/session/6b8f8ddc-8b7f-4ea7-b07b-6b9485b1954f
[HTTP] {}
[XCUITest] Merging WDA caps over Appium caps for session detail response
[HTTP] <-- GET /wd/hub/session/6b8f8ddc-8b7f-4ea7-b07b-6b9485b1954f 200 3 ms - 627
[HTTP] 
[HTTP] --> POST /wd/hub/session/6b8f8ddc-8b7f-4ea7-b07b-6b9485b1954f/element/5004/value
[HTTP] {"id":"5004","value":["03/03/1987"]}
[HTTP] <-- POST /wd/hub/session/6b8f8ddc-8b7f-4ea7-b07b-6b9485b1954f/element/5004/value 200 6358 ms - 76
[HTTP] 
[HTTP] --> POST /wd/hub/session/6b8f8ddc-8b7f-4ea7-b07b-6b9485b1954f/elements
[HTTP] {"using":"xpath","value":"//label[(text() = 'Male' or . = 'Male')]"}
[HTTP] <-- POST /wd/hub/session/6b8f8ddc-8b7f-4ea7-b07b-6b9485b1954f/elements 200 3121 ms - 92
[HTTP] 
[HTTP] --> GET /wd/hub/session/6b8f8ddc-8b7f-4ea7-b07b-6b9485b1954f
[HTTP] {}
[XCUITest] Merging WDA caps over Appium caps for session detail response
[HTTP] <-- GET /wd/hub/session/6b8f8ddc-8b7f-4ea7-b07b-6b9485b1954f 200 2 ms - 627
[HTTP] 
[HTTP] --> GET /wd/hub/session/6b8f8ddc-8b7f-4ea7-b07b-6b9485b1954f
[HTTP] {}
[XCUITest] Merging WDA caps over Appium caps for session detail response
[HTTP] <-- GET /wd/hub/session/6b8f8ddc-8b7f-4ea7-b07b-6b9485b1954f 200 2 ms - 627
[HTTP] 
[HTTP] --> GET /wd/hub/session/6b8f8ddc-8b7f-4ea7-b07b-6b9485b1954f
[HTTP] {}
[XCUITest] Merging WDA caps over Appium caps for session detail response
[HTTP] <-- GET /wd/hub/session/6b8f8ddc-8b7f-4ea7-b07b-6b9485b1954f 200 2 ms - 627
[HTTP] 
[HTTP] --> GET /wd/hub/session/6b8f8ddc-8b7f-4ea7-b07b-6b9485b1954f
[HTTP] {}
[XCUITest] Merging WDA caps over Appium caps for session detail response
[HTTP] <-- GET /wd/hub/session/6b8f8ddc-8b7f-4ea7-b07b-6b9485b1954f 200 2 ms - 627
[HTTP] 
[HTTP] --> POST /wd/hub/session/6b8f8ddc-8b7f-4ea7-b07b-6b9485b1954f/element/5005/click
[HTTP] {"id":"5005"}
[HTTP] <-- POST /wd/hub/session/6b8f8ddc-8b7f-4ea7-b07b-6b9485b1954f/element/5005/click 200 874 ms - 76
[HTTP] 
[HTTP] --> POST /wd/hub/session/6b8f8ddc-8b7f-4ea7-b07b-6b9485b1954f/elements
[HTTP] {"using":"xpath","value":"//label[@id = 'js-see-plans' and @href = '#' and (text() = 'Compare Plans ' or . = 'Compare Plans ')]"}
[HTTP] <-- POST /wd/hub/session/6b8f8ddc-8b7f-4ea7-b07b-6b9485b1954f/elements 200 1985 ms - 92
[HTTP] 
[HTTP] --> GET /wd/hub/session/6b8f8ddc-8b7f-4ea7-b07b-6b9485b1954f
[HTTP] {}
[XCUITest] Merging WDA caps over Appium caps for session detail response
[HTTP] <-- GET /wd/hub/session/6b8f8ddc-8b7f-4ea7-b07b-6b9485b1954f 200 3 ms - 627
[HTTP] 
[HTTP] --> GET /wd/hub/session/6b8f8ddc-8b7f-4ea7-b07b-6b9485b1954f
[HTTP] {}
[XCUITest] Merging WDA caps over Appium caps for session detail response
[HTTP] <-- GET /wd/hub/session/6b8f8ddc-8b7f-4ea7-b07b-6b9485b1954f 200 2 ms - 627
[HTTP] 
[HTTP] --> GET /wd/hub/session/6b8f8ddc-8b7f-4ea7-b07b-6b9485b1954f
[HTTP] {}
[XCUITest] Merging WDA caps over Appium caps for session detail response
[HTTP] <-- GET /wd/hub/session/6b8f8ddc-8b7f-4ea7-b07b-6b9485b1954f 200 3 ms - 627
[HTTP] 
[HTTP] --> GET /wd/hub/session/6b8f8ddc-8b7f-4ea7-b07b-6b9485b1954f
[HTTP] {}
[XCUITest] Merging WDA caps over Appium caps for session detail response
[HTTP] <-- GET /wd/hub/session/6b8f8ddc-8b7f-4ea7-b07b-6b9485b1954f 200 3 ms - 627
[HTTP] 
[HTTP] --> POST /wd/hub/session/6b8f8ddc-8b7f-4ea7-b07b-6b9485b1954f/element/5006/click
[HTTP] {"id":"5006"}
[HTTP] <-- POST /wd/hub/session/6b8f8ddc-8b7f-4ea7-b07b-6b9485b1954f/element/5006/click 200 1859 ms - 76
[HTTP] 
[HTTP] --> POST /wd/hub/session/6b8f8ddc-8b7f-4ea7-b07b-6b9485b1954f/elements
[HTTP] {"using":"xpath","value":"//*[@href = '/term-health-insurance/plan/slaico-il-plan-2-10000-30-20000-1000000' and @class = 'c-plan-unit-v3__plan-name' and (text() = 'Standard Life Select STM Plan 2 10K/30/1M' or . = 'Standard Life Select STM Plan 2 10K/30/1M')]"}
[HTTP] <-- POST /wd/hub/session/6b8f8ddc-8b7f-4ea7-b07b-6b9485b1954f/elements 200 1388 ms - 92
[HTTP] 
[HTTP] --> GET /wd/hub/session/6b8f8ddc-8b7f-4ea7-b07b-6b9485b1954f
[HTTP] {}
[XCUITest] Merging WDA caps over Appium caps for session detail response
[HTTP] <-- GET /wd/hub/session/6b8f8ddc-8b7f-4ea7-b07b-6b9485b1954f 200 3 ms - 627
[HTTP] 
[HTTP] --> GET /wd/hub/session/6b8f8ddc-8b7f-4ea7-b07b-6b9485b1954f
[HTTP] {}
[XCUITest] Merging WDA caps over Appium caps for session detail response
[HTTP] <-- GET /wd/hub/session/6b8f8ddc-8b7f-4ea7-b07b-6b9485b1954f 200 2 ms - 627
[HTTP] 
[HTTP] --> GET /wd/hub/session/6b8f8ddc-8b7f-4ea7-b07b-6b9485b1954f
[HTTP] {}
[XCUITest] Merging WDA caps over Appium caps for session detail response
[HTTP] <-- GET /wd/hub/session/6b8f8ddc-8b7f-4ea7-b07b-6b9485b1954f 200 2 ms - 627
[HTTP] 
[HTTP] --> GET /wd/hub/session/6b8f8ddc-8b7f-4ea7-b07b-6b9485b1954f
[HTTP] {}
[XCUITest] Merging WDA caps over Appium caps for session detail response
[HTTP] <-- GET /wd/hub/session/6b8f8ddc-8b7f-4ea7-b07b-6b9485b1954f 200 2 ms - 627
[HTTP] 
[HTTP] --> POST /wd/hub/session/6b8f8ddc-8b7f-4ea7-b07b-6b9485b1954f/execute
[HTTP] {"script":"arguments[0].scrollIntoView();","args":[{"ELEMENT":"5007","element-6066-11e4-a52e-4f735466cecf":"5007"}]}
[HTTP] <-- POST /wd/hub/session/6b8f8ddc-8b7f-4ea7-b07b-6b9485b1954f/execute 200 312 ms - 76
[HTTP] 
[HTTP] --> POST /wd/hub/session/6b8f8ddc-8b7f-4ea7-b07b-6b9485b1954f/elements
[HTTP] {"using":"xpath","value":"//a[@href = '/term-health-insurance/plan/lifeshield-flex-il-5000-20-8000-750000' and (text() = 'LifeShield Flex 5K/20/8K/750K' or . = 'LifeShield Flex 5K/20/8K/750K')]"}
[HTTP] <-- POST /wd/hub/session/6b8f8ddc-8b7f-4ea7-b07b-6b9485b1954f/elements 200 438 ms - 92
[HTTP] 
[HTTP] --> GET /wd/hub/session/6b8f8ddc-8b7f-4ea7-b07b-6b9485b1954f
[HTTP] {}
[XCUITest] Merging WDA caps over Appium caps for session detail response
[HTTP] <-- GET /wd/hub/session/6b8f8ddc-8b7f-4ea7-b07b-6b9485b1954f 200 2 ms - 627
[HTTP] 
[HTTP] --> GET /wd/hub/session/6b8f8ddc-8b7f-4ea7-b07b-6b9485b1954f
[HTTP] {}
[XCUITest] Merging WDA caps over Appium caps for session detail response
[HTTP] <-- GET /wd/hub/session/6b8f8ddc-8b7f-4ea7-b07b-6b9485b1954f 200 3 ms - 627
[HTTP] 
[HTTP] --> GET /wd/hub/session/6b8f8ddc-8b7f-4ea7-b07b-6b9485b1954f
[HTTP] {}
[XCUITest] Merging WDA caps over Appium caps for session detail response
[HTTP] <-- GET /wd/hub/session/6b8f8ddc-8b7f-4ea7-b07b-6b9485b1954f 200 2 ms - 627
[HTTP] 
[HTTP] --> GET /wd/hub/session/6b8f8ddc-8b7f-4ea7-b07b-6b9485b1954f
[HTTP] {}
[XCUITest] Merging WDA caps over Appium caps for session detail response
[HTTP] <-- GET /wd/hub/session/6b8f8ddc-8b7f-4ea7-b07b-6b9485b1954f 200 2 ms - 627
[HTTP] 
[HTTP] --> POST /wd/hub/session/6b8f8ddc-8b7f-4ea7-b07b-6b9485b1954f/element/5008/click
[HTTP] {"id":"5008"}
[HTTP] <-- POST /wd/hub/session/6b8f8ddc-8b7f-4ea7-b07b-6b9485b1954f/element/5008/click 200 418 ms - 76
[HTTP] 
[HTTP] --> POST /wd/hub/session/6b8f8ddc-8b7f-4ea7-b07b-6b9485b1954f/elements
[HTTP] {"using":"xpath","value":"id(\"plan-details-primary-apply\")[count(. | //*[@id = 'plan-details-primary-apply' and (text() = 'Apply for This Plan' or . = 'Apply for This Plan')]) = count(//*[@id = 'plan-details-primary-apply' and (text() = 'Apply for This Plan' or . = 'Apply for This Plan')])]"}
[HTTP] <-- POST /wd/hub/session/6b8f8ddc-8b7f-4ea7-b07b-6b9485b1954f/elements 200 541 ms - 92
[HTTP] 
[HTTP] --> GET /wd/hub/session/6b8f8ddc-8b7f-4ea7-b07b-6b9485b1954f
[HTTP] {}
[XCUITest] Merging WDA caps over Appium caps for session detail response
[HTTP] <-- GET /wd/hub/session/6b8f8ddc-8b7f-4ea7-b07b-6b9485b1954f 200 2 ms - 627
[HTTP] 
[HTTP] --> GET /wd/hub/session/6b8f8ddc-8b7f-4ea7-b07b-6b9485b1954f
[HTTP] {}
[XCUITest] Merging WDA caps over Appium caps for session detail response
[HTTP] <-- GET /wd/hub/session/6b8f8ddc-8b7f-4ea7-b07b-6b9485b1954f 200 2 ms - 627
[HTTP] 
[HTTP] --> GET /wd/hub/session/6b8f8ddc-8b7f-4ea7-b07b-6b9485b1954f
[HTTP] {}
[XCUITest] Merging WDA caps over Appium caps for session detail response
[HTTP] <-- GET /wd/hub/session/6b8f8ddc-8b7f-4ea7-b07b-6b9485b1954f 200 4 ms - 627
[HTTP] 
[HTTP] --> GET /wd/hub/session/6b8f8ddc-8b7f-4ea7-b07b-6b9485b1954f
[HTTP] {}
[XCUITest] Merging WDA caps over Appium caps for session detail response
[HTTP] <-- GET /wd/hub/session/6b8f8ddc-8b7f-4ea7-b07b-6b9485b1954f 200 2 ms - 627
[HTTP] 
[HTTP] --> GET /wd/hub/session/6b8f8ddc-8b7f-4ea7-b07b-6b9485b1954f/element/5009/displayed
[HTTP] {}
[HTTP] <-- GET /wd/hub/session/6b8f8ddc-8b7f-4ea7-b07b-6b9485b1954f/element/5009/displayed 200 596 ms - 76
[HTTP] 
[HTTP] --> POST /wd/hub/session/6b8f8ddc-8b7f-4ea7-b07b-6b9485b1954f/elements
[HTTP] {"using":"xpath","value":"id(\"plan-details-primary-apply\")[count(. | //*[@id = 'plan-details-primary-apply' and (text() = 'Apply for This Plan' or . = 'Apply for This Plan')]) = count(//*[@id = 'plan-details-primary-apply' and (text() = 'Apply for This Plan' or . = 'Apply for This Plan')])]"}
[HTTP] <-- POST /wd/hub/session/6b8f8ddc-8b7f-4ea7-b07b-6b9485b1954f/elements 200 1052 ms - 92
[HTTP] 
[HTTP] --> GET /wd/hub/session/6b8f8ddc-8b7f-4ea7-b07b-6b9485b1954f
[HTTP] {}
[XCUITest] Merging WDA caps over Appium caps for session detail response
[HTTP] <-- GET /wd/hub/session/6b8f8ddc-8b7f-4ea7-b07b-6b9485b1954f 200 2 ms - 627
[HTTP] 
[HTTP] --> GET /wd/hub/session/6b8f8ddc-8b7f-4ea7-b07b-6b9485b1954f
[HTTP] {}
[XCUITest] Merging WDA caps over Appium caps for session detail response
[HTTP] <-- GET /wd/hub/session/6b8f8ddc-8b7f-4ea7-b07b-6b9485b1954f 200 2 ms - 627
[HTTP] 
[HTTP] --> GET /wd/hub/session/6b8f8ddc-8b7f-4ea7-b07b-6b9485b1954f
[HTTP] {}
[XCUITest] Merging WDA caps over Appium caps for session detail response
[HTTP] <-- GET /wd/hub/session/6b8f8ddc-8b7f-4ea7-b07b-6b9485b1954f 200 2 ms - 627
[HTTP] 
[HTTP] --> GET /wd/hub/session/6b8f8ddc-8b7f-4ea7-b07b-6b9485b1954f
[HTTP] {}
[XCUITest] Merging WDA caps over Appium caps for session detail response
[HTTP] <-- GET /wd/hub/session/6b8f8ddc-8b7f-4ea7-b07b-6b9485b1954f 200 2 ms - 627
[HTTP] 
[HTTP] --> POST /wd/hub/session/6b8f8ddc-8b7f-4ea7-b07b-6b9485b1954f/element/5010/click
[HTTP] {"id":"5010"}
[HTTP] <-- POST /wd/hub/session/6b8f8ddc-8b7f-4ea7-b07b-6b9485b1954f/element/5010/click 200 392 ms - 76
[HTTP] 
[HTTP] --> POST /wd/hub/session/6b8f8ddc-8b7f-4ea7-b07b-6b9485b1954f/elements
[HTTP] {"using":"xpath","value":"//body[@id='apply']/main/div[2]/div[2]/div/div/ul/li[3]/div/div/div[2]/button/span"}
[HTTP] <-- POST /wd/hub/session/6b8f8ddc-8b7f-4ea7-b07b-6b9485b1954f/elements 200 1686 ms - 74
[HTTP] 
[HTTP] --> POST /wd/hub/session/6b8f8ddc-8b7f-4ea7-b07b-6b9485b1954f/elements
[HTTP] {"using":"xpath","value":"//body[@id='apply']/main/div[2]/div[2]/div/div/ul/li[3]/div/div/div[2]/button/span"}
[HTTP] <-- POST /wd/hub/session/6b8f8ddc-8b7f-4ea7-b07b-6b9485b1954f/elements 200 349 ms - 111
[HTTP] 
[HTTP] --> GET /wd/hub/session/6b8f8ddc-8b7f-4ea7-b07b-6b9485b1954f
[HTTP] {}
[XCUITest] Merging WDA caps over Appium caps for session detail response
[HTTP] <-- GET /wd/hub/session/6b8f8ddc-8b7f-4ea7-b07b-6b9485b1954f 200 3 ms - 627
[HTTP] 
[HTTP] --> GET /wd/hub/session/6b8f8ddc-8b7f-4ea7-b07b-6b9485b1954f
[HTTP] {}
[XCUITest] Merging WDA caps over Appium caps for session detail response
[HTTP] <-- GET /wd/hub/session/6b8f8ddc-8b7f-4ea7-b07b-6b9485b1954f 200 2 ms - 627
[HTTP] 
[HTTP] --> GET /wd/hub/session/6b8f8ddc-8b7f-4ea7-b07b-6b9485b1954f
[HTTP] {}
[XCUITest] Merging WDA caps over Appium caps for session detail response
[HTTP] <-- GET /wd/hub/session/6b8f8ddc-8b7f-4ea7-b07b-6b9485b1954f 200 3 ms - 627
[HTTP] 
[HTTP] --> GET /wd/hub/session/6b8f8ddc-8b7f-4ea7-b07b-6b9485b1954f
[HTTP] {}
[XCUITest] Merging WDA caps over Appium caps for session detail response
[HTTP] <-- GET /wd/hub/session/6b8f8ddc-8b7f-4ea7-b07b-6b9485b1954f 200 2 ms - 627
[HTTP] 
[HTTP] --> GET /wd/hub/session/6b8f8ddc-8b7f-4ea7-b07b-6b9485b1954f
[HTTP] {}
[XCUITest] Merging WDA caps over Appium caps for session detail response
[HTTP] <-- GET /wd/hub/session/6b8f8ddc-8b7f-4ea7-b07b-6b9485b1954f 200 3 ms - 627
[HTTP] 
[HTTP] --> GET /wd/hub/session/6b8f8ddc-8b7f-4ea7-b07b-6b9485b1954f
[HTTP] {}
[XCUITest] Merging WDA caps over Appium caps for session detail response
[HTTP] <-- GET /wd/hub/session/6b8f8ddc-8b7f-4ea7-b07b-6b9485b1954f 200 2 ms - 627
[HTTP] 
[HTTP] --> GET /wd/hub/session/6b8f8ddc-8b7f-4ea7-b07b-6b9485b1954f
[HTTP] {}
[XCUITest] Merging WDA caps over Appium caps for session detail response
[HTTP] <-- GET /wd/hub/session/6b8f8ddc-8b7f-4ea7-b07b-6b9485b1954f 200 4 ms - 627
[HTTP] 
[HTTP] --> GET /wd/hub/session/6b8f8ddc-8b7f-4ea7-b07b-6b9485b1954f
[HTTP] {}
[XCUITest] Merging WDA caps over Appium caps for session detail response
[HTTP] <-- GET /wd/hub/session/6b8f8ddc-8b7f-4ea7-b07b-6b9485b1954f 200 3 ms - 627
[HTTP] 
[HTTP] --> POST /wd/hub/session/6b8f8ddc-8b7f-4ea7-b07b-6b9485b1954f/element/5011/click
[HTTP] {"id":"5011"}
[HTTP] <-- POST /wd/hub/session/6b8f8ddc-8b7f-4ea7-b07b-6b9485b1954f/element/5011/click 200 530 ms - 76
[HTTP] 
[HTTP] --> POST /wd/hub/session/6b8f8ddc-8b7f-4ea7-b07b-6b9485b1954f/elements
[HTTP] {"using":"xpath","value":"id(\"applyButton\")[count(. | //*[@id = 'applyButton' and (text() = ' Start Secure Application' or . = ' Start Secure Application')]) = count(//*[@id = 'applyButton' and (text() = ' Start Secure Application' or . = ' Start Secure Application')])]"}
[HTTP] <-- POST /wd/hub/session/6b8f8ddc-8b7f-4ea7-b07b-6b9485b1954f/elements 200 371 ms - 92
[HTTP] 
[HTTP] --> GET /wd/hub/session/6b8f8ddc-8b7f-4ea7-b07b-6b9485b1954f
[HTTP] {}
[XCUITest] Merging WDA caps over Appium caps for session detail response
[HTTP] <-- GET /wd/hub/session/6b8f8ddc-8b7f-4ea7-b07b-6b9485b1954f 200 4 ms - 627
[HTTP] 
[HTTP] --> GET /wd/hub/session/6b8f8ddc-8b7f-4ea7-b07b-6b9485b1954f
[HTTP] {}
[XCUITest] Merging WDA caps over Appium caps for session detail response
[HTTP] <-- GET /wd/hub/session/6b8f8ddc-8b7f-4ea7-b07b-6b9485b1954f 200 2 ms - 627
[HTTP] 
[HTTP] --> GET /wd/hub/session/6b8f8ddc-8b7f-4ea7-b07b-6b9485b1954f
[HTTP] {}
[XCUITest] Merging WDA caps over Appium caps for session detail response
[HTTP] <-- GET /wd/hub/session/6b8f8ddc-8b7f-4ea7-b07b-6b9485b1954f 200 4 ms - 627
[HTTP] 
[HTTP] --> GET /wd/hub/session/6b8f8ddc-8b7f-4ea7-b07b-6b9485b1954f
[HTTP] {}
[XCUITest] Merging WDA caps over Appium caps for session detail response
[HTTP] <-- GET /wd/hub/session/6b8f8ddc-8b7f-4ea7-b07b-6b9485b1954f 200 2 ms - 627
[HTTP] 
[HTTP] --> GET /wd/hub/session/6b8f8ddc-8b7f-4ea7-b07b-6b9485b1954f/element/5013/displayed
[HTTP] {}
[HTTP] <-- GET /wd/hub/session/6b8f8ddc-8b7f-4ea7-b07b-6b9485b1954f/element/5013/displayed 200 634 ms - 76
[HTTP] 
[HTTP] --> POST /wd/hub/session/6b8f8ddc-8b7f-4ea7-b07b-6b9485b1954f/elements
[HTTP] {"using":"xpath","value":"id(\"applyButton\")[count(. | //*[@id = 'applyButton' and (text() = ' Start Secure Application' or . = ' Start Secure Application')]) = count(//*[@id = 'applyButton' and (text() = ' Start Secure Application' or . = ' Start Secure Application')])]"}
[HTTP] <-- POST /wd/hub/session/6b8f8ddc-8b7f-4ea7-b07b-6b9485b1954f/elements 200 193 ms - 92
[HTTP] 
[HTTP] --> GET /wd/hub/session/6b8f8ddc-8b7f-4ea7-b07b-6b9485b1954f
[HTTP] {}
[XCUITest] Merging WDA caps over Appium caps for session detail response
[HTTP] <-- GET /wd/hub/session/6b8f8ddc-8b7f-4ea7-b07b-6b9485b1954f 200 2 ms - 627
[HTTP] 
[HTTP] --> GET /wd/hub/session/6b8f8ddc-8b7f-4ea7-b07b-6b9485b1954f
[HTTP] {}
[XCUITest] Merging WDA caps over Appium caps for session detail response
[HTTP] <-- GET /wd/hub/session/6b8f8ddc-8b7f-4ea7-b07b-6b9485b1954f 200 2 ms - 627
[HTTP] 
[HTTP] --> GET /wd/hub/session/6b8f8ddc-8b7f-4ea7-b07b-6b9485b1954f
[HTTP] {}
[XCUITest] Merging WDA caps over Appium caps for session detail response
[HTTP] <-- GET /wd/hub/session/6b8f8ddc-8b7f-4ea7-b07b-6b9485b1954f 200 2 ms - 627
[HTTP] 
[HTTP] --> GET /wd/hub/session/6b8f8ddc-8b7f-4ea7-b07b-6b9485b1954f
[HTTP] {}
[XCUITest] Merging WDA caps over Appium caps for session detail response
[HTTP] <-- GET /wd/hub/session/6b8f8ddc-8b7f-4ea7-b07b-6b9485b1954f 200 3 ms - 627
[HTTP] 
[HTTP] --> POST /wd/hub/session/6b8f8ddc-8b7f-4ea7-b07b-6b9485b1954f/element/5014/click
[HTTP] {"id":"5014"}
[HTTP] <-- POST /wd/hub/session/6b8f8ddc-8b7f-4ea7-b07b-6b9485b1954f/element/5014/click 200 554 ms - 76
[HTTP] 
[HTTP] --> POST /wd/hub/session/6b8f8ddc-8b7f-4ea7-b07b-6b9485b1954f/execute
[HTTP] {"script":"return document.readyState","args":[]}
[HTTP] <-- POST /wd/hub/session/6b8f8ddc-8b7f-4ea7-b07b-6b9485b1954f/execute 200 1269 ms - 81
[HTTP] 
[HTTP] --> POST /wd/hub/session/6b8f8ddc-8b7f-4ea7-b07b-6b9485b1954f/execute
[HTTP] {"script":"return document.readyState","args":[]}
[HTTP] <-- POST /wd/hub/session/6b8f8ddc-8b7f-4ea7-b07b-6b9485b1954f/execute 200 275 ms - 82
[HTTP] 
[HTTP] --> POST /wd/hub/session/6b8f8ddc-8b7f-4ea7-b07b-6b9485b1954f/elements
[HTTP] {"using":"xpath","value":"//button[(text() = 'No' or . = 'No')]"}
[HTTP] <-- POST /wd/hub/session/6b8f8ddc-8b7f-4ea7-b07b-6b9485b1954f/elements 200 1479 ms - 74
[HTTP] 
[HTTP] --> POST /wd/hub/session/6b8f8ddc-8b7f-4ea7-b07b-6b9485b1954f/elements
[HTTP] {"using":"xpath","value":"//button[(text() = 'No' or . = 'No')]"}
[HTTP] <-- POST /wd/hub/session/6b8f8ddc-8b7f-4ea7-b07b-6b9485b1954f/elements 200 438 ms - 74
[HTTP] 
[HTTP] --> POST /wd/hub/session/6b8f8ddc-8b7f-4ea7-b07b-6b9485b1954f/elements
[HTTP] {"using":"xpath","value":"//button[(text() = 'No' or . = 'No')]"}
[HTTP] <-- POST /wd/hub/session/6b8f8ddc-8b7f-4ea7-b07b-6b9485b1954f/elements 200 626 ms - 187
[HTTP] 
[HTTP] --> GET /wd/hub/session/6b8f8ddc-8b7f-4ea7-b07b-6b9485b1954f
[HTTP] {}
[XCUITest] Merging WDA caps over Appium caps for session detail response
[HTTP] <-- GET /wd/hub/session/6b8f8ddc-8b7f-4ea7-b07b-6b9485b1954f 200 2 ms - 627
[HTTP] 
[HTTP] --> GET /wd/hub/session/6b8f8ddc-8b7f-4ea7-b07b-6b9485b1954f
[HTTP] {}
[XCUITest] Merging WDA caps over Appium caps for session detail response
[HTTP] <-- GET /wd/hub/session/6b8f8ddc-8b7f-4ea7-b07b-6b9485b1954f 200 2 ms - 627
[HTTP] 
[HTTP] --> GET /wd/hub/session/6b8f8ddc-8b7f-4ea7-b07b-6b9485b1954f
[HTTP] {}
[XCUITest] Merging WDA caps over Appium caps for session detail response
[HTTP] <-- GET /wd/hub/session/6b8f8ddc-8b7f-4ea7-b07b-6b9485b1954f 200 2 ms - 627
[HTTP] 
[HTTP] --> GET /wd/hub/session/6b8f8ddc-8b7f-4ea7-b07b-6b9485b1954f
[HTTP] {}
[XCUITest] Merging WDA caps over Appium caps for session detail response
[HTTP] <-- GET /wd/hub/session/6b8f8ddc-8b7f-4ea7-b07b-6b9485b1954f 200 2 ms - 627
[HTTP] 
[HTTP] --> GET /wd/hub/session/6b8f8ddc-8b7f-4ea7-b07b-6b9485b1954f
[HTTP] {}
[XCUITest] Merging WDA caps over Appium caps for session detail response
[HTTP] <-- GET /wd/hub/session/6b8f8ddc-8b7f-4ea7-b07b-6b9485b1954f 200 2 ms - 627
[HTTP] 
[HTTP] --> GET /wd/hub/session/6b8f8ddc-8b7f-4ea7-b07b-6b9485b1954f
[HTTP] {}
[XCUITest] Merging WDA caps over Appium caps for session detail response
[HTTP] <-- GET /wd/hub/session/6b8f8ddc-8b7f-4ea7-b07b-6b9485b1954f 200 3 ms - 627
[HTTP] 
[HTTP] --> GET /wd/hub/session/6b8f8ddc-8b7f-4ea7-b07b-6b9485b1954f
[HTTP] {}
[XCUITest] Merging WDA caps over Appium caps for session detail response
[HTTP] <-- GET /wd/hub/session/6b8f8ddc-8b7f-4ea7-b07b-6b9485b1954f 200 2 ms - 627
[HTTP] 
[HTTP] --> GET /wd/hub/session/6b8f8ddc-8b7f-4ea7-b07b-6b9485b1954f
[HTTP] {}
[XCUITest] Merging WDA caps over Appium caps for session detail response
[HTTP] <-- GET /wd/hub/session/6b8f8ddc-8b7f-4ea7-b07b-6b9485b1954f 200 2 ms - 627
[HTTP] 
[HTTP] --> GET /wd/hub/session/6b8f8ddc-8b7f-4ea7-b07b-6b9485b1954f
[HTTP] {}
[XCUITest] Merging WDA caps over Appium caps for session detail response
[HTTP] <-- GET /wd/hub/session/6b8f8ddc-8b7f-4ea7-b07b-6b9485b1954f 200 3 ms - 627
[HTTP] 
[HTTP] --> GET /wd/hub/session/6b8f8ddc-8b7f-4ea7-b07b-6b9485b1954f
[HTTP] {}
[XCUITest] Merging WDA caps over Appium caps for session detail response
[HTTP] <-- GET /wd/hub/session/6b8f8ddc-8b7f-4ea7-b07b-6b9485b1954f 200 2 ms - 627
[HTTP] 
[HTTP] --> GET /wd/hub/session/6b8f8ddc-8b7f-4ea7-b07b-6b9485b1954f
[HTTP] {}
[XCUITest] Merging WDA caps over Appium caps for session detail response
[HTTP] <-- GET /wd/hub/session/6b8f8ddc-8b7f-4ea7-b07b-6b9485b1954f 200 3 ms - 627
[HTTP] 
[HTTP] --> GET /wd/hub/session/6b8f8ddc-8b7f-4ea7-b07b-6b9485b1954f
[HTTP] {}
[XCUITest] Merging WDA caps over Appium caps for session detail response
[HTTP] <-- GET /wd/hub/session/6b8f8ddc-8b7f-4ea7-b07b-6b9485b1954f 200 2 ms - 627
[HTTP] 
[HTTP] --> GET /wd/hub/session/6b8f8ddc-8b7f-4ea7-b07b-6b9485b1954f
[HTTP] {}
[XCUITest] Merging WDA caps over Appium caps for session detail response
[HTTP] <-- GET /wd/hub/session/6b8f8ddc-8b7f-4ea7-b07b-6b9485b1954f 200 2 ms - 627
[HTTP] 
[HTTP] --> GET /wd/hub/session/6b8f8ddc-8b7f-4ea7-b07b-6b9485b1954f
[HTTP] {}
[XCUITest] Merging WDA caps over Appium caps for session detail response
[HTTP] <-- GET /wd/hub/session/6b8f8ddc-8b7f-4ea7-b07b-6b9485b1954f 200 2 ms - 627
[HTTP] 
[HTTP] --> GET /wd/hub/session/6b8f8ddc-8b7f-4ea7-b07b-6b9485b1954f
[HTTP] {}
[XCUITest] Merging WDA caps over Appium caps for session detail response
[HTTP] <-- GET /wd/hub/session/6b8f8ddc-8b7f-4ea7-b07b-6b9485b1954f 200 2 ms - 627
[HTTP] 
[HTTP] --> GET /wd/hub/session/6b8f8ddc-8b7f-4ea7-b07b-6b9485b1954f
[HTTP] {}
[XCUITest] Merging WDA caps over Appium caps for session detail response
[HTTP] <-- GET /wd/hub/session/6b8f8ddc-8b7f-4ea7-b07b-6b9485b1954f 200 2 ms - 627
[HTTP] 
[HTTP] --> GET /wd/hub/session/6b8f8ddc-8b7f-4ea7-b07b-6b9485b1954f
[HTTP] {}
[XCUITest] Merging WDA caps over Appium caps for session detail response
[HTTP] <-- GET /wd/hub/session/6b8f8ddc-8b7f-4ea7-b07b-6b9485b1954f 200 2 ms - 627
[HTTP] 
[HTTP] --> GET /wd/hub/session/6b8f8ddc-8b7f-4ea7-b07b-6b9485b1954f
[HTTP] {}
[XCUITest] Merging WDA caps over Appium caps for session detail response
[HTTP] <-- GET /wd/hub/session/6b8f8ddc-8b7f-4ea7-b07b-6b9485b1954f 200 3 ms - 627
[HTTP] 
[HTTP] --> GET /wd/hub/session/6b8f8ddc-8b7f-4ea7-b07b-6b9485b1954f
[HTTP] {}
[XCUITest] Merging WDA caps over Appium caps for session detail response
[HTTP] <-- GET /wd/hub/session/6b8f8ddc-8b7f-4ea7-b07b-6b9485b1954f 200 2 ms - 627
[HTTP] 
[HTTP] --> GET /wd/hub/session/6b8f8ddc-8b7f-4ea7-b07b-6b9485b1954f
[HTTP] {}
[XCUITest] Merging WDA caps over Appium caps for session detail response
[HTTP] <-- GET /wd/hub/session/6b8f8ddc-8b7f-4ea7-b07b-6b9485b1954f 200 2 ms - 627
[HTTP] 
[HTTP] --> GET /wd/hub/session/6b8f8ddc-8b7f-4ea7-b07b-6b9485b1954f
[HTTP] {}
[XCUITest] Merging WDA caps over Appium caps for session detail response
[HTTP] <-- GET /wd/hub/session/6b8f8ddc-8b7f-4ea7-b07b-6b9485b1954f 200 2 ms - 627
[HTTP] 
[HTTP] --> GET /wd/hub/session/6b8f8ddc-8b7f-4ea7-b07b-6b9485b1954f
[HTTP] {}
[XCUITest] Merging WDA caps over Appium caps for session detail response
[HTTP] <-- GET /wd/hub/session/6b8f8ddc-8b7f-4ea7-b07b-6b9485b1954f 200 2 ms - 627
[HTTP] 
[HTTP] --> GET /wd/hub/session/6b8f8ddc-8b7f-4ea7-b07b-6b9485b1954f
[HTTP] {}
[XCUITest] Merging WDA caps over Appium caps for session detail response
[HTTP] <-- GET /wd/hub/session/6b8f8ddc-8b7f-4ea7-b07b-6b9485b1954f 200 2 ms - 627
[HTTP] 
[HTTP] --> GET /wd/hub/session/6b8f8ddc-8b7f-4ea7-b07b-6b9485b1954f
[HTTP] {}
[XCUITest] Merging WDA caps over Appium caps for session detail response
[HTTP] <-- GET /wd/hub/session/6b8f8ddc-8b7f-4ea7-b07b-6b9485b1954f 200 2 ms - 627
[HTTP] 
[HTTP] --> POST /wd/hub/session/6b8f8ddc-8b7f-4ea7-b07b-6b9485b1954f/element/5015/click
[HTTP] {"id":"5015"}
[HTTP] <-- POST /wd/hub/session/6b8f8ddc-8b7f-4ea7-b07b-6b9485b1954f/element/5015/click 200 575 ms - 76
[HTTP] 
[HTTP] --> POST /wd/hub/session/6b8f8ddc-8b7f-4ea7-b07b-6b9485b1954f/elements
[HTTP] {"using":"xpath","value":"//li[2]/div/button"}
[HTTP] <-- POST /wd/hub/session/6b8f8ddc-8b7f-4ea7-b07b-6b9485b1954f/elements 200 965 ms - 111
[HTTP] 
[HTTP] --> GET /wd/hub/session/6b8f8ddc-8b7f-4ea7-b07b-6b9485b1954f
[HTTP] {}
[XCUITest] Merging WDA caps over Appium caps for session detail response
[HTTP] <-- GET /wd/hub/session/6b8f8ddc-8b7f-4ea7-b07b-6b9485b1954f 200 2 ms - 627
[HTTP] 
[HTTP] --> GET /wd/hub/session/6b8f8ddc-8b7f-4ea7-b07b-6b9485b1954f
[HTTP] {}
[XCUITest] Merging WDA caps over Appium caps for session detail response
[HTTP] <-- GET /wd/hub/session/6b8f8ddc-8b7f-4ea7-b07b-6b9485b1954f 200 2 ms - 627
[HTTP] 
[HTTP] --> GET /wd/hub/session/6b8f8ddc-8b7f-4ea7-b07b-6b9485b1954f
[HTTP] {}
[XCUITest] Merging WDA caps over Appium caps for session detail response
[HTTP] <-- GET /wd/hub/session/6b8f8ddc-8b7f-4ea7-b07b-6b9485b1954f 200 2 ms - 627
[HTTP] 
[HTTP] --> GET /wd/hub/session/6b8f8ddc-8b7f-4ea7-b07b-6b9485b1954f
[HTTP] {}
[XCUITest] Merging WDA caps over Appium caps for session detail response
[HTTP] <-- GET /wd/hub/session/6b8f8ddc-8b7f-4ea7-b07b-6b9485b1954f 200 2 ms - 627
[HTTP] 
[HTTP] --> GET /wd/hub/session/6b8f8ddc-8b7f-4ea7-b07b-6b9485b1954f
[HTTP] {}
[XCUITest] Merging WDA caps over Appium caps for session detail response
[HTTP] <-- GET /wd/hub/session/6b8f8ddc-8b7f-4ea7-b07b-6b9485b1954f 200 2 ms - 627
[HTTP] 
[HTTP] --> GET /wd/hub/session/6b8f8ddc-8b7f-4ea7-b07b-6b9485b1954f
[HTTP] {}
[XCUITest] Merging WDA caps over Appium caps for session detail response
[HTTP] <-- GET /wd/hub/session/6b8f8ddc-8b7f-4ea7-b07b-6b9485b1954f 200 1 ms - 627
[HTTP] 
[HTTP] --> GET /wd/hub/session/6b8f8ddc-8b7f-4ea7-b07b-6b9485b1954f
[HTTP] {}
[XCUITest] Merging WDA caps over Appium caps for session detail response
[HTTP] <-- GET /wd/hub/session/6b8f8ddc-8b7f-4ea7-b07b-6b9485b1954f 200 1 ms - 627
[HTTP] 
[HTTP] --> GET /wd/hub/session/6b8f8ddc-8b7f-4ea7-b07b-6b9485b1954f
[HTTP] {}
[XCUITest] Merging WDA caps over Appium caps for session detail response
[HTTP] <-- GET /wd/hub/session/6b8f8ddc-8b7f-4ea7-b07b-6b9485b1954f 200 2 ms - 627
[HTTP] 
[HTTP] --> GET /wd/hub/session/6b8f8ddc-8b7f-4ea7-b07b-6b9485b1954f/element/5021/displayed
[HTTP] {}
[HTTP] <-- GET /wd/hub/session/6b8f8ddc-8b7f-4ea7-b07b-6b9485b1954f/element/5021/displayed 200 1151 ms - 76
[HTTP] 
[HTTP] --> POST /wd/hub/session/6b8f8ddc-8b7f-4ea7-b07b-6b9485b1954f/elements
[HTTP] {"using":"xpath","value":"//li[2]/div/button"}
[HTTP] <-- POST /wd/hub/session/6b8f8ddc-8b7f-4ea7-b07b-6b9485b1954f/elements 200 1287 ms - 111
[HTTP] 
[HTTP] --> GET /wd/hub/session/6b8f8ddc-8b7f-4ea7-b07b-6b9485b1954f
[HTTP] {}
[XCUITest] Merging WDA caps over Appium caps for session detail response
[HTTP] <-- GET /wd/hub/session/6b8f8ddc-8b7f-4ea7-b07b-6b9485b1954f 200 2 ms - 627
[HTTP] 
[HTTP] --> GET /wd/hub/session/6b8f8ddc-8b7f-4ea7-b07b-6b9485b1954f
[HTTP] {}
[XCUITest] Merging WDA caps over Appium caps for session detail response
[HTTP] <-- GET /wd/hub/session/6b8f8ddc-8b7f-4ea7-b07b-6b9485b1954f 200 2 ms - 627
[HTTP] 
[HTTP] --> GET /wd/hub/session/6b8f8ddc-8b7f-4ea7-b07b-6b9485b1954f
[HTTP] {}
[XCUITest] Merging WDA caps over Appium caps for session detail response
[HTTP] <-- GET /wd/hub/session/6b8f8ddc-8b7f-4ea7-b07b-6b9485b1954f 200 1 ms - 627
[HTTP] 
[HTTP] --> GET /wd/hub/session/6b8f8ddc-8b7f-4ea7-b07b-6b9485b1954f
[HTTP] {}
[XCUITest] Merging WDA caps over Appium caps for session detail response
[HTTP] <-- GET /wd/hub/session/6b8f8ddc-8b7f-4ea7-b07b-6b9485b1954f 200 2 ms - 627
[HTTP] 
[HTTP] --> GET /wd/hub/session/6b8f8ddc-8b7f-4ea7-b07b-6b9485b1954f
[HTTP] {}
[XCUITest] Merging WDA caps over Appium caps for session detail response
[HTTP] <-- GET /wd/hub/session/6b8f8ddc-8b7f-4ea7-b07b-6b9485b1954f 200 1 ms - 627
[HTTP] 
[HTTP] --> GET /wd/hub/session/6b8f8ddc-8b7f-4ea7-b07b-6b9485b1954f
[HTTP] {}
[XCUITest] Merging WDA caps over Appium caps for session detail response
[HTTP] <-- GET /wd/hub/session/6b8f8ddc-8b7f-4ea7-b07b-6b9485b1954f 200 1 ms - 627
[HTTP] 
[HTTP] --> GET /wd/hub/session/6b8f8ddc-8b7f-4ea7-b07b-6b9485b1954f
[HTTP] {}
[XCUITest] Merging WDA caps over Appium caps for session detail response
[HTTP] <-- GET /wd/hub/session/6b8f8ddc-8b7f-4ea7-b07b-6b9485b1954f 200 1 ms - 627
[HTTP] 
[HTTP] --> GET /wd/hub/session/6b8f8ddc-8b7f-4ea7-b07b-6b9485b1954f
[HTTP] {}
[XCUITest] Merging WDA caps over Appium caps for session detail response
[HTTP] <-- GET /wd/hub/session/6b8f8ddc-8b7f-4ea7-b07b-6b9485b1954f 200 2 ms - 627
[HTTP] 
[HTTP] --> POST /wd/hub/session/6b8f8ddc-8b7f-4ea7-b07b-6b9485b1954f/element/5023/click
[HTTP] {"id":"5023"}
[HTTP] <-- POST /wd/hub/session/6b8f8ddc-8b7f-4ea7-b07b-6b9485b1954f/element/5023/click 200 860 ms - 76
[HTTP] 
[HTTP] --> POST /wd/hub/session/6b8f8ddc-8b7f-4ea7-b07b-6b9485b1954f/elements
[HTTP] {"using":"xpath","value":"//li[3]/div/button"}
[HTTP] <-- POST /wd/hub/session/6b8f8ddc-8b7f-4ea7-b07b-6b9485b1954f/elements 200 549 ms - 111
[HTTP] 
[HTTP] --> GET /wd/hub/session/6b8f8ddc-8b7f-4ea7-b07b-6b9485b1954f
[HTTP] {}
[XCUITest] Merging WDA caps over Appium caps for session detail response
[HTTP] <-- GET /wd/hub/session/6b8f8ddc-8b7f-4ea7-b07b-6b9485b1954f 200 2 ms - 627
[HTTP] 
[HTTP] --> GET /wd/hub/session/6b8f8ddc-8b7f-4ea7-b07b-6b9485b1954f
[HTTP] {}
[XCUITest] Merging WDA caps over Appium caps for session detail response
[HTTP] <-- GET /wd/hub/session/6b8f8ddc-8b7f-4ea7-b07b-6b9485b1954f 200 1 ms - 627
[HTTP] 
[HTTP] --> GET /wd/hub/session/6b8f8ddc-8b7f-4ea7-b07b-6b9485b1954f
[HTTP] {}
[XCUITest] Merging WDA caps over Appium caps for session detail response
[HTTP] <-- GET /wd/hub/session/6b8f8ddc-8b7f-4ea7-b07b-6b9485b1954f 200 2 ms - 627
[HTTP] 
[HTTP] --> GET /wd/hub/session/6b8f8ddc-8b7f-4ea7-b07b-6b9485b1954f
[HTTP] {}
[XCUITest] Merging WDA caps over Appium caps for session detail response
[HTTP] <-- GET /wd/hub/session/6b8f8ddc-8b7f-4ea7-b07b-6b9485b1954f 200 2 ms - 627
[HTTP] 
[HTTP] --> GET /wd/hub/session/6b8f8ddc-8b7f-4ea7-b07b-6b9485b1954f
[HTTP] {}
[XCUITest] Merging WDA caps over Appium caps for session detail response
[HTTP] <-- GET /wd/hub/session/6b8f8ddc-8b7f-4ea7-b07b-6b9485b1954f 200 2 ms - 627
[HTTP] 
[HTTP] --> GET /wd/hub/session/6b8f8ddc-8b7f-4ea7-b07b-6b9485b1954f
[HTTP] {}
[XCUITest] Merging WDA caps over Appium caps for session detail response
[HTTP] <-- GET /wd/hub/session/6b8f8ddc-8b7f-4ea7-b07b-6b9485b1954f 200 2 ms - 627
[HTTP] 
[HTTP] --> GET /wd/hub/session/6b8f8ddc-8b7f-4ea7-b07b-6b9485b1954f
[HTTP] {}
[XCUITest] Merging WDA caps over Appium caps for session detail response
[HTTP] <-- GET /wd/hub/session/6b8f8ddc-8b7f-4ea7-b07b-6b9485b1954f 200 2 ms - 627
[HTTP] 
[HTTP] --> GET /wd/hub/session/6b8f8ddc-8b7f-4ea7-b07b-6b9485b1954f
[HTTP] {}
[XCUITest] Merging WDA caps over Appium caps for session detail response
[HTTP] <-- GET /wd/hub/session/6b8f8ddc-8b7f-4ea7-b07b-6b9485b1954f 200 1 ms - 627
[HTTP] 
[HTTP] --> GET /wd/hub/session/6b8f8ddc-8b7f-4ea7-b07b-6b9485b1954f/element/5025/displayed
[HTTP] {}
[HTTP] <-- GET /wd/hub/session/6b8f8ddc-8b7f-4ea7-b07b-6b9485b1954f/element/5025/displayed 200 560 ms - 76
[HTTP] 
[HTTP] --> POST /wd/hub/session/6b8f8ddc-8b7f-4ea7-b07b-6b9485b1954f/elements
[HTTP] {"using":"xpath","value":"//li[3]/div/button"}
[HTTP] <-- POST /wd/hub/session/6b8f8ddc-8b7f-4ea7-b07b-6b9485b1954f/elements 200 3184 ms - 111
[HTTP] 
[HTTP] --> GET /wd/hub/session/6b8f8ddc-8b7f-4ea7-b07b-6b9485b1954f
[HTTP] {}
[XCUITest] Merging WDA caps over Appium caps for session detail response
[HTTP] <-- GET /wd/hub/session/6b8f8ddc-8b7f-4ea7-b07b-6b9485b1954f 200 5 ms - 627
[HTTP] 
[HTTP] --> GET /wd/hub/session/6b8f8ddc-8b7f-4ea7-b07b-6b9485b1954f
[HTTP] {}
[XCUITest] Merging WDA caps over Appium caps for session detail response
[HTTP] <-- GET /wd/hub/session/6b8f8ddc-8b7f-4ea7-b07b-6b9485b1954f 200 2 ms - 627
[HTTP] 
[HTTP] --> GET /wd/hub/session/6b8f8ddc-8b7f-4ea7-b07b-6b9485b1954f
[HTTP] {}
[XCUITest] Merging WDA caps over Appium caps for session detail response
[HTTP] <-- GET /wd/hub/session/6b8f8ddc-8b7f-4ea7-b07b-6b9485b1954f 200 1 ms - 627
[HTTP] 
[HTTP] --> GET /wd/hub/session/6b8f8ddc-8b7f-4ea7-b07b-6b9485b1954f
[HTTP] {}
[XCUITest] Merging WDA caps over Appium caps for session detail response
[HTTP] <-- GET /wd/hub/session/6b8f8ddc-8b7f-4ea7-b07b-6b9485b1954f 200 1 ms - 627
[HTTP] 
[HTTP] --> GET /wd/hub/session/6b8f8ddc-8b7f-4ea7-b07b-6b9485b1954f
[HTTP] {}
[XCUITest] Merging WDA caps over Appium caps for session detail response
[HTTP] <-- GET /wd/hub/session/6b8f8ddc-8b7f-4ea7-b07b-6b9485b1954f 200 2 ms - 627
[HTTP] 
[HTTP] --> GET /wd/hub/session/6b8f8ddc-8b7f-4ea7-b07b-6b9485b1954f
[HTTP] {}
[XCUITest] Merging WDA caps over Appium caps for session detail response
[HTTP] <-- GET /wd/hub/session/6b8f8ddc-8b7f-4ea7-b07b-6b9485b1954f 200 1 ms - 627
[HTTP] 
[HTTP] --> GET /wd/hub/session/6b8f8ddc-8b7f-4ea7-b07b-6b9485b1954f
[HTTP] {}
[XCUITest] Merging WDA caps over Appium caps for session detail response
[HTTP] <-- GET /wd/hub/session/6b8f8ddc-8b7f-4ea7-b07b-6b9485b1954f 200 2 ms - 627
[HTTP] 
[HTTP] --> GET /wd/hub/session/6b8f8ddc-8b7f-4ea7-b07b-6b9485b1954f
[HTTP] {}
[XCUITest] Merging WDA caps over Appium caps for session detail response
[HTTP] <-- GET /wd/hub/session/6b8f8ddc-8b7f-4ea7-b07b-6b9485b1954f 200 2 ms - 627
[HTTP] 
[HTTP] --> POST /wd/hub/session/6b8f8ddc-8b7f-4ea7-b07b-6b9485b1954f/element/5027/click
[HTTP] {"id":"5027"}
[HTTP] <-- POST /wd/hub/session/6b8f8ddc-8b7f-4ea7-b07b-6b9485b1954f/element/5027/click 200 5278 ms - 76
[HTTP] 
[HTTP] --> POST /wd/hub/session/6b8f8ddc-8b7f-4ea7-b07b-6b9485b1954f/elements
[HTTP] {"using":"xpath","value":"//li[4]/div/button"}
[HTTP] <-- POST /wd/hub/session/6b8f8ddc-8b7f-4ea7-b07b-6b9485b1954f/elements 200 1885 ms - 111
[HTTP] 
[HTTP] --> GET /wd/hub/session/6b8f8ddc-8b7f-4ea7-b07b-6b9485b1954f
[HTTP] {}
[XCUITest] Merging WDA caps over Appium caps for session detail response
[HTTP] <-- GET /wd/hub/session/6b8f8ddc-8b7f-4ea7-b07b-6b9485b1954f 200 7 ms - 627
[HTTP] 
[HTTP] --> GET /wd/hub/session/6b8f8ddc-8b7f-4ea7-b07b-6b9485b1954f
[HTTP] {}
[XCUITest] Merging WDA caps over Appium caps for session detail response
[HTTP] <-- GET /wd/hub/session/6b8f8ddc-8b7f-4ea7-b07b-6b9485b1954f 200 2 ms - 627
[HTTP] 
[HTTP] --> GET /wd/hub/session/6b8f8ddc-8b7f-4ea7-b07b-6b9485b1954f
[HTTP] {}
[XCUITest] Merging WDA caps over Appium caps for session detail response
[HTTP] <-- GET /wd/hub/session/6b8f8ddc-8b7f-4ea7-b07b-6b9485b1954f 200 3 ms - 627
[HTTP] 
[HTTP] --> GET /wd/hub/session/6b8f8ddc-8b7f-4ea7-b07b-6b9485b1954f
[HTTP] {}
[XCUITest] Merging WDA caps over Appium caps for session detail response
[HTTP] <-- GET /wd/hub/session/6b8f8ddc-8b7f-4ea7-b07b-6b9485b1954f 200 3 ms - 627
[HTTP] 
[HTTP] --> GET /wd/hub/session/6b8f8ddc-8b7f-4ea7-b07b-6b9485b1954f
[HTTP] {}
[XCUITest] Merging WDA caps over Appium caps for session detail response
[HTTP] <-- GET /wd/hub/session/6b8f8ddc-8b7f-4ea7-b07b-6b9485b1954f 200 4 ms - 627
[HTTP] 
[HTTP] --> GET /wd/hub/session/6b8f8ddc-8b7f-4ea7-b07b-6b9485b1954f
[HTTP] {}
[XCUITest] Merging WDA caps over Appium caps for session detail response
[HTTP] <-- GET /wd/hub/session/6b8f8ddc-8b7f-4ea7-b07b-6b9485b1954f 200 3 ms - 627
[HTTP] 
[HTTP] --> GET /wd/hub/session/6b8f8ddc-8b7f-4ea7-b07b-6b9485b1954f
[HTTP] {}
[XCUITest] Merging WDA caps over Appium caps for session detail response
[HTTP] <-- GET /wd/hub/session/6b8f8ddc-8b7f-4ea7-b07b-6b9485b1954f 200 2 ms - 627
[HTTP] 
[HTTP] --> GET /wd/hub/session/6b8f8ddc-8b7f-4ea7-b07b-6b9485b1954f
[HTTP] {}
[XCUITest] Merging WDA caps over Appium caps for session detail response
[HTTP] <-- GET /wd/hub/session/6b8f8ddc-8b7f-4ea7-b07b-6b9485b1954f 200 4 ms - 627
[HTTP] 
[HTTP] --> GET /wd/hub/session/6b8f8ddc-8b7f-4ea7-b07b-6b9485b1954f/element/5029/displayed
[HTTP] {}
[HTTP] <-- GET /wd/hub/session/6b8f8ddc-8b7f-4ea7-b07b-6b9485b1954f/element/5029/displayed 200 2334 ms - 76
[HTTP] 
[HTTP] --> POST /wd/hub/session/6b8f8ddc-8b7f-4ea7-b07b-6b9485b1954f/elements
[HTTP] {"using":"xpath","value":"//li[4]/div/button"}
[HTTP] <-- POST /wd/hub/session/6b8f8ddc-8b7f-4ea7-b07b-6b9485b1954f/elements 200 2245 ms - 111
[HTTP] 
[HTTP] --> GET /wd/hub/session/6b8f8ddc-8b7f-4ea7-b07b-6b9485b1954f
[HTTP] {}
[XCUITest] Merging WDA caps over Appium caps for session detail response
[HTTP] <-- GET /wd/hub/session/6b8f8ddc-8b7f-4ea7-b07b-6b9485b1954f 200 2 ms - 627
[HTTP] 
[HTTP] --> GET /wd/hub/session/6b8f8ddc-8b7f-4ea7-b07b-6b9485b1954f
[HTTP] {}
[XCUITest] Merging WDA caps over Appium caps for session detail response
[HTTP] <-- GET /wd/hub/session/6b8f8ddc-8b7f-4ea7-b07b-6b9485b1954f 200 2 ms - 627
[HTTP] 
[HTTP] --> GET /wd/hub/session/6b8f8ddc-8b7f-4ea7-b07b-6b9485b1954f
[HTTP] {}
[XCUITest] Merging WDA caps over Appium caps for session detail response
[HTTP] <-- GET /wd/hub/session/6b8f8ddc-8b7f-4ea7-b07b-6b9485b1954f 200 2 ms - 627
[HTTP] 
[HTTP] --> GET /wd/hub/session/6b8f8ddc-8b7f-4ea7-b07b-6b9485b1954f
[HTTP] {}
[XCUITest] Merging WDA caps over Appium caps for session detail response
[HTTP] <-- GET /wd/hub/session/6b8f8ddc-8b7f-4ea7-b07b-6b9485b1954f 200 1 ms - 627
[HTTP] 
[HTTP] --> GET /wd/hub/session/6b8f8ddc-8b7f-4ea7-b07b-6b9485b1954f
[HTTP] {}
[XCUITest] Merging WDA caps over Appium caps for session detail response
[HTTP] <-- GET /wd/hub/session/6b8f8ddc-8b7f-4ea7-b07b-6b9485b1954f 200 2 ms - 627
[HTTP] 
[HTTP] --> GET /wd/hub/session/6b8f8ddc-8b7f-4ea7-b07b-6b9485b1954f
[HTTP] {}
[XCUITest] Merging WDA caps over Appium caps for session detail response
[HTTP] <-- GET /wd/hub/session/6b8f8ddc-8b7f-4ea7-b07b-6b9485b1954f 200 2 ms - 627
[HTTP] 
[HTTP] --> GET /wd/hub/session/6b8f8ddc-8b7f-4ea7-b07b-6b9485b1954f
[HTTP] {}
[XCUITest] Merging WDA caps over Appium caps for session detail response
[HTTP] <-- GET /wd/hub/session/6b8f8ddc-8b7f-4ea7-b07b-6b9485b1954f 200 2 ms - 627
[HTTP] 
[HTTP] --> GET /wd/hub/session/6b8f8ddc-8b7f-4ea7-b07b-6b9485b1954f
[HTTP] {}
[XCUITest] Merging WDA caps over Appium caps for session detail response
[HTTP] <-- GET /wd/hub/session/6b8f8ddc-8b7f-4ea7-b07b-6b9485b1954f 200 3 ms - 627
[HTTP] 
[HTTP] --> POST /wd/hub/session/6b8f8ddc-8b7f-4ea7-b07b-6b9485b1954f/element/5031/click
[HTTP] {"id":"5031"}
[HTTP] <-- POST /wd/hub/session/6b8f8ddc-8b7f-4ea7-b07b-6b9485b1954f/element/5031/click 200 4101 ms - 76
[HTTP] 
[HTTP] --> POST /wd/hub/session/6b8f8ddc-8b7f-4ea7-b07b-6b9485b1954f/elements
[HTTP] {"using":"xpath","value":"//li[5]/div/button"}
[HTTP] <-- POST /wd/hub/session/6b8f8ddc-8b7f-4ea7-b07b-6b9485b1954f/elements 200 442 ms - 111
[HTTP] 
[HTTP] --> GET /wd/hub/session/6b8f8ddc-8b7f-4ea7-b07b-6b9485b1954f
[HTTP] {}
[XCUITest] Merging WDA caps over Appium caps for session detail response
[HTTP] <-- GET /wd/hub/session/6b8f8ddc-8b7f-4ea7-b07b-6b9485b1954f 200 2 ms - 627
[HTTP] 
[HTTP] --> GET /wd/hub/session/6b8f8ddc-8b7f-4ea7-b07b-6b9485b1954f
[HTTP] {}
[XCUITest] Merging WDA caps over Appium caps for session detail response
[HTTP] <-- GET /wd/hub/session/6b8f8ddc-8b7f-4ea7-b07b-6b9485b1954f 200 4 ms - 627
[HTTP] 
[HTTP] --> GET /wd/hub/session/6b8f8ddc-8b7f-4ea7-b07b-6b9485b1954f
[HTTP] {}
[XCUITest] Merging WDA caps over Appium caps for session detail response
[HTTP] <-- GET /wd/hub/session/6b8f8ddc-8b7f-4ea7-b07b-6b9485b1954f 200 4 ms - 627
[HTTP] 
[HTTP] --> GET /wd/hub/session/6b8f8ddc-8b7f-4ea7-b07b-6b9485b1954f
[HTTP] {}
[XCUITest] Merging WDA caps over Appium caps for session detail response
[HTTP] <-- GET /wd/hub/session/6b8f8ddc-8b7f-4ea7-b07b-6b9485b1954f 200 2 ms - 627
[HTTP] 
[HTTP] --> GET /wd/hub/session/6b8f8ddc-8b7f-4ea7-b07b-6b9485b1954f
[HTTP] {}
[XCUITest] Merging WDA caps over Appium caps for session detail response
[HTTP] <-- GET /wd/hub/session/6b8f8ddc-8b7f-4ea7-b07b-6b9485b1954f 200 2 ms - 627
[HTTP] 
[HTTP] --> GET /wd/hub/session/6b8f8ddc-8b7f-4ea7-b07b-6b9485b1954f
[HTTP] {}
[XCUITest] Merging WDA caps over Appium caps for session detail response
[HTTP] <-- GET /wd/hub/session/6b8f8ddc-8b7f-4ea7-b07b-6b9485b1954f 200 2 ms - 627
[HTTP] 
[HTTP] --> GET /wd/hub/session/6b8f8ddc-8b7f-4ea7-b07b-6b9485b1954f
[HTTP] {}
[XCUITest] Merging WDA caps over Appium caps for session detail response
[HTTP] <-- GET /wd/hub/session/6b8f8ddc-8b7f-4ea7-b07b-6b9485b1954f 200 2 ms - 627
[HTTP] 
[HTTP] --> GET /wd/hub/session/6b8f8ddc-8b7f-4ea7-b07b-6b9485b1954f
[HTTP] {}
[XCUITest] Merging WDA caps over Appium caps for session detail response
[HTTP] <-- GET /wd/hub/session/6b8f8ddc-8b7f-4ea7-b07b-6b9485b1954f 200 2 ms - 627
[HTTP] 
[HTTP] --> GET /wd/hub/session/6b8f8ddc-8b7f-4ea7-b07b-6b9485b1954f/element/5033/displayed
[HTTP] {}
[HTTP] <-- GET /wd/hub/session/6b8f8ddc-8b7f-4ea7-b07b-6b9485b1954f/element/5033/displayed 200 321 ms - 76
[HTTP] 
[HTTP] --> POST /wd/hub/session/6b8f8ddc-8b7f-4ea7-b07b-6b9485b1954f/elements
[HTTP] {"using":"xpath","value":"//li[5]/div/button"}
[HTTP] <-- POST /wd/hub/session/6b8f8ddc-8b7f-4ea7-b07b-6b9485b1954f/elements 200 1619 ms - 111
[HTTP] 
[HTTP] --> GET /wd/hub/session/6b8f8ddc-8b7f-4ea7-b07b-6b9485b1954f
[HTTP] {}
[XCUITest] Merging WDA caps over Appium caps for session detail response
[HTTP] <-- GET /wd/hub/session/6b8f8ddc-8b7f-4ea7-b07b-6b9485b1954f 200 2 ms - 627
[HTTP] 
[HTTP] --> GET /wd/hub/session/6b8f8ddc-8b7f-4ea7-b07b-6b9485b1954f
[HTTP] {}
[XCUITest] Merging WDA caps over Appium caps for session detail response
[HTTP] <-- GET /wd/hub/session/6b8f8ddc-8b7f-4ea7-b07b-6b9485b1954f 200 2 ms - 627
[HTTP] 
[HTTP] --> GET /wd/hub/session/6b8f8ddc-8b7f-4ea7-b07b-6b9485b1954f
[HTTP] {}
[XCUITest] Merging WDA caps over Appium caps for session detail response
[HTTP] <-- GET /wd/hub/session/6b8f8ddc-8b7f-4ea7-b07b-6b9485b1954f 200 2 ms - 627
[HTTP] 
[HTTP] --> GET /wd/hub/session/6b8f8ddc-8b7f-4ea7-b07b-6b9485b1954f
[HTTP] {}
[XCUITest] Merging WDA caps over Appium caps for session detail response
[HTTP] <-- GET /wd/hub/session/6b8f8ddc-8b7f-4ea7-b07b-6b9485b1954f 200 3 ms - 627
[HTTP] 
[HTTP] --> GET /wd/hub/session/6b8f8ddc-8b7f-4ea7-b07b-6b9485b1954f
[HTTP] {}
[XCUITest] Merging WDA caps over Appium caps for session detail response
[HTTP] <-- GET /wd/hub/session/6b8f8ddc-8b7f-4ea7-b07b-6b9485b1954f 200 2 ms - 627
[HTTP] 
[HTTP] --> GET /wd/hub/session/6b8f8ddc-8b7f-4ea7-b07b-6b9485b1954f
[HTTP] {}
[XCUITest] Merging WDA caps over Appium caps for session detail response
[HTTP] <-- GET /wd/hub/session/6b8f8ddc-8b7f-4ea7-b07b-6b9485b1954f 200 2 ms - 627
[HTTP] 
[HTTP] --> GET /wd/hub/session/6b8f8ddc-8b7f-4ea7-b07b-6b9485b1954f
[HTTP] {}
[XCUITest] Merging WDA caps over Appium caps for session detail response
[HTTP] <-- GET /wd/hub/session/6b8f8ddc-8b7f-4ea7-b07b-6b9485b1954f 200 7 ms - 627
[HTTP] 
[HTTP] --> GET /wd/hub/session/6b8f8ddc-8b7f-4ea7-b07b-6b9485b1954f
[HTTP] {}
[XCUITest] Merging WDA caps over Appium caps for session detail response
[HTTP] <-- GET /wd/hub/session/6b8f8ddc-8b7f-4ea7-b07b-6b9485b1954f 200 3 ms - 627
[HTTP] 
[HTTP] --> POST /wd/hub/session/6b8f8ddc-8b7f-4ea7-b07b-6b9485b1954f/element/5035/click
[HTTP] {"id":"5035"}
[HTTP] <-- POST /wd/hub/session/6b8f8ddc-8b7f-4ea7-b07b-6b9485b1954f/element/5035/click 200 2875 ms - 76
[HTTP] 
[HTTP] --> POST /wd/hub/session/6b8f8ddc-8b7f-4ea7-b07b-6b9485b1954f/elements
[HTTP] {"using":"xpath","value":"//li[6]/div/button"}
[HTTP] <-- POST /wd/hub/session/6b8f8ddc-8b7f-4ea7-b07b-6b9485b1954f/elements 200 2063 ms - 111
[HTTP] 
[HTTP] --> GET /wd/hub/session/6b8f8ddc-8b7f-4ea7-b07b-6b9485b1954f
[HTTP] {}
[XCUITest] Merging WDA caps over Appium caps for session detail response
[HTTP] <-- GET /wd/hub/session/6b8f8ddc-8b7f-4ea7-b07b-6b9485b1954f 200 3 ms - 627
[HTTP] 
[HTTP] --> GET /wd/hub/session/6b8f8ddc-8b7f-4ea7-b07b-6b9485b1954f
[HTTP] {}
[XCUITest] Merging WDA caps over Appium caps for session detail response
[HTTP] <-- GET /wd/hub/session/6b8f8ddc-8b7f-4ea7-b07b-6b9485b1954f 200 5 ms - 627
[HTTP] 
[HTTP] --> GET /wd/hub/session/6b8f8ddc-8b7f-4ea7-b07b-6b9485b1954f
[HTTP] {}
[XCUITest] Merging WDA caps over Appium caps for session detail response
[HTTP] <-- GET /wd/hub/session/6b8f8ddc-8b7f-4ea7-b07b-6b9485b1954f 200 1 ms - 627
[HTTP] 
[HTTP] --> GET /wd/hub/session/6b8f8ddc-8b7f-4ea7-b07b-6b9485b1954f
[HTTP] {}
[XCUITest] Merging WDA caps over Appium caps for session detail response
[HTTP] <-- GET /wd/hub/session/6b8f8ddc-8b7f-4ea7-b07b-6b9485b1954f 200 2 ms - 627
[HTTP] 
[HTTP] --> GET /wd/hub/session/6b8f8ddc-8b7f-4ea7-b07b-6b9485b1954f
[HTTP] {}
[XCUITest] Merging WDA caps over Appium caps for session detail response
[HTTP] <-- GET /wd/hub/session/6b8f8ddc-8b7f-4ea7-b07b-6b9485b1954f 200 2 ms - 627
[HTTP] 
[HTTP] --> GET /wd/hub/session/6b8f8ddc-8b7f-4ea7-b07b-6b9485b1954f
[HTTP] {}
[XCUITest] Merging WDA caps over Appium caps for session detail response
[HTTP] <-- GET /wd/hub/session/6b8f8ddc-8b7f-4ea7-b07b-6b9485b1954f 200 3 ms - 627
[HTTP] 
[HTTP] --> GET /wd/hub/session/6b8f8ddc-8b7f-4ea7-b07b-6b9485b1954f
[HTTP] {}
[XCUITest] Merging WDA caps over Appium caps for session detail response
[HTTP] <-- GET /wd/hub/session/6b8f8ddc-8b7f-4ea7-b07b-6b9485b1954f 200 2 ms - 627
[HTTP] 
[HTTP] --> GET /wd/hub/session/6b8f8ddc-8b7f-4ea7-b07b-6b9485b1954f
[HTTP] {}
[XCUITest] Merging WDA caps over Appium caps for session detail response
[HTTP] <-- GET /wd/hub/session/6b8f8ddc-8b7f-4ea7-b07b-6b9485b1954f 200 3 ms - 627
[HTTP] 
[HTTP] --> GET /wd/hub/session/6b8f8ddc-8b7f-4ea7-b07b-6b9485b1954f/element/5037/displayed
[HTTP] {}
[HTTP] <-- GET /wd/hub/session/6b8f8ddc-8b7f-4ea7-b07b-6b9485b1954f/element/5037/displayed 200 540 ms - 76
[HTTP] 
[HTTP] --> POST /wd/hub/session/6b8f8ddc-8b7f-4ea7-b07b-6b9485b1954f/elements
[HTTP] {"using":"xpath","value":"//li[6]/div/button"}
[HTTP] <-- POST /wd/hub/session/6b8f8ddc-8b7f-4ea7-b07b-6b9485b1954f/elements 200 293 ms - 111
[HTTP] 
[HTTP] --> GET /wd/hub/session/6b8f8ddc-8b7f-4ea7-b07b-6b9485b1954f
[HTTP] {}
[XCUITest] Merging WDA caps over Appium caps for session detail response
[HTTP] <-- GET /wd/hub/session/6b8f8ddc-8b7f-4ea7-b07b-6b9485b1954f 200 2 ms - 627
[HTTP] 
[HTTP] --> GET /wd/hub/session/6b8f8ddc-8b7f-4ea7-b07b-6b9485b1954f
[HTTP] {}
[XCUITest] Merging WDA caps over Appium caps for session detail response
[HTTP] <-- GET /wd/hub/session/6b8f8ddc-8b7f-4ea7-b07b-6b9485b1954f 200 2 ms - 627
[HTTP] 
[HTTP] --> GET /wd/hub/session/6b8f8ddc-8b7f-4ea7-b07b-6b9485b1954f
[HTTP] {}
[XCUITest] Merging WDA caps over Appium caps for session detail response
[HTTP] <-- GET /wd/hub/session/6b8f8ddc-8b7f-4ea7-b07b-6b9485b1954f 200 2 ms - 627
[HTTP] 
[HTTP] --> GET /wd/hub/session/6b8f8ddc-8b7f-4ea7-b07b-6b9485b1954f
[HTTP] {}
[XCUITest] Merging WDA caps over Appium caps for session detail response
[HTTP] <-- GET /wd/hub/session/6b8f8ddc-8b7f-4ea7-b07b-6b9485b1954f 200 1 ms - 627
[HTTP] 
[HTTP] --> GET /wd/hub/session/6b8f8ddc-8b7f-4ea7-b07b-6b9485b1954f
[HTTP] {}
[XCUITest] Merging WDA caps over Appium caps for session detail response
[HTTP] <-- GET /wd/hub/session/6b8f8ddc-8b7f-4ea7-b07b-6b9485b1954f 200 2 ms - 627
[HTTP] 
[HTTP] --> GET /wd/hub/session/6b8f8ddc-8b7f-4ea7-b07b-6b9485b1954f
[HTTP] {}
[XCUITest] Merging WDA caps over Appium caps for session detail response
[HTTP] <-- GET /wd/hub/session/6b8f8ddc-8b7f-4ea7-b07b-6b9485b1954f 200 3 ms - 627
[HTTP] 
[HTTP] --> GET /wd/hub/session/6b8f8ddc-8b7f-4ea7-b07b-6b9485b1954f
[HTTP] {}
[XCUITest] Merging WDA caps over Appium caps for session detail response
[HTTP] <-- GET /wd/hub/session/6b8f8ddc-8b7f-4ea7-b07b-6b9485b1954f 200 3 ms - 627
[HTTP] 
[HTTP] --> GET /wd/hub/session/6b8f8ddc-8b7f-4ea7-b07b-6b9485b1954f
[HTTP] {}
[XCUITest] Merging WDA caps over Appium caps for session detail response
[HTTP] <-- GET /wd/hub/session/6b8f8ddc-8b7f-4ea7-b07b-6b9485b1954f 200 2 ms - 627
[HTTP] 
[HTTP] --> POST /wd/hub/session/6b8f8ddc-8b7f-4ea7-b07b-6b9485b1954f/element/5039/click
[HTTP] {"id":"5039"}
[HTTP] <-- POST /wd/hub/session/6b8f8ddc-8b7f-4ea7-b07b-6b9485b1954f/element/5039/click 200 1100 ms - 76
[HTTP] 
[HTTP] --> POST /wd/hub/session/6b8f8ddc-8b7f-4ea7-b07b-6b9485b1954f/elements
[HTTP] {"using":"xpath","value":"id(\"js-app-continue-link\")[count(. | //a[@id = 'js-app-continue-link' and (text() = 'Continue' or . = 'Continue')]) = count(//a[@id = 'js-app-continue-link' and (text() = 'Continue' or . = 'Continue')])]"}
[HTTP] <-- POST /wd/hub/session/6b8f8ddc-8b7f-4ea7-b07b-6b9485b1954f/elements 200 2076 ms - 92
[HTTP] 
[HTTP] --> GET /wd/hub/session/6b8f8ddc-8b7f-4ea7-b07b-6b9485b1954f
[HTTP] {}
[XCUITest] Merging WDA caps over Appium caps for session detail response
[HTTP] <-- GET /wd/hub/session/6b8f8ddc-8b7f-4ea7-b07b-6b9485b1954f 200 2 ms - 627
[HTTP] 
[HTTP] --> GET /wd/hub/session/6b8f8ddc-8b7f-4ea7-b07b-6b9485b1954f
[HTTP] {}
[XCUITest] Merging WDA caps over Appium caps for session detail response
[HTTP] <-- GET /wd/hub/session/6b8f8ddc-8b7f-4ea7-b07b-6b9485b1954f 200 2 ms - 627
[HTTP] 
[HTTP] --> GET /wd/hub/session/6b8f8ddc-8b7f-4ea7-b07b-6b9485b1954f
[HTTP] {}
[XCUITest] Merging WDA caps over Appium caps for session detail response
[HTTP] <-- GET /wd/hub/session/6b8f8ddc-8b7f-4ea7-b07b-6b9485b1954f 200 2 ms - 627
[HTTP] 
[HTTP] --> GET /wd/hub/session/6b8f8ddc-8b7f-4ea7-b07b-6b9485b1954f
[HTTP] {}
[XCUITest] Merging WDA caps over Appium caps for session detail response
[HTTP] <-- GET /wd/hub/session/6b8f8ddc-8b7f-4ea7-b07b-6b9485b1954f 200 13 ms - 627
[HTTP] 
[HTTP] --> GET /wd/hub/session/6b8f8ddc-8b7f-4ea7-b07b-6b9485b1954f/element/5041/displayed
[HTTP] {}
[HTTP] <-- GET /wd/hub/session/6b8f8ddc-8b7f-4ea7-b07b-6b9485b1954f/element/5041/displayed 200 1373 ms - 76
[HTTP] 
[HTTP] --> POST /wd/hub/session/6b8f8ddc-8b7f-4ea7-b07b-6b9485b1954f/elements
[HTTP] {"using":"xpath","value":"id(\"js-app-continue-link\")[count(. | //a[@id = 'js-app-continue-link' and (text() = 'Continue' or . = 'Continue')]) = count(//a[@id = 'js-app-continue-link' and (text() = 'Continue' or . = 'Continue')])]"}
[HTTP] <-- POST /wd/hub/session/6b8f8ddc-8b7f-4ea7-b07b-6b9485b1954f/elements 200 1344 ms - 92
[HTTP] 
[HTTP] --> GET /wd/hub/session/6b8f8ddc-8b7f-4ea7-b07b-6b9485b1954f
[HTTP] {}
[XCUITest] Merging WDA caps over Appium caps for session detail response
[HTTP] <-- GET /wd/hub/session/6b8f8ddc-8b7f-4ea7-b07b-6b9485b1954f 200 2 ms - 627
[HTTP] 
[HTTP] --> GET /wd/hub/session/6b8f8ddc-8b7f-4ea7-b07b-6b9485b1954f
[HTTP] {}
[XCUITest] Merging WDA caps over Appium caps for session detail response
[HTTP] <-- GET /wd/hub/session/6b8f8ddc-8b7f-4ea7-b07b-6b9485b1954f 200 2 ms - 627
[HTTP] 
[HTTP] --> GET /wd/hub/session/6b8f8ddc-8b7f-4ea7-b07b-6b9485b1954f
[HTTP] {}
[XCUITest] Merging WDA caps over Appium caps for session detail response
[HTTP] <-- GET /wd/hub/session/6b8f8ddc-8b7f-4ea7-b07b-6b9485b1954f 200 2 ms - 627
[HTTP] 
[HTTP] --> GET /wd/hub/session/6b8f8ddc-8b7f-4ea7-b07b-6b9485b1954f
[HTTP] {}
[XCUITest] Merging WDA caps over Appium caps for session detail response
[HTTP] <-- GET /wd/hub/session/6b8f8ddc-8b7f-4ea7-b07b-6b9485b1954f 200 2 ms - 627
[HTTP] 
[HTTP] --> POST /wd/hub/session/6b8f8ddc-8b7f-4ea7-b07b-6b9485b1954f/element/5042/click
[HTTP] {"id":"5042"}
[HTTP] <-- POST /wd/hub/session/6b8f8ddc-8b7f-4ea7-b07b-6b9485b1954f/element/5042/click 200 1162 ms - 76
[HTTP] 
[HTTP] --> POST /wd/hub/session/6b8f8ddc-8b7f-4ea7-b07b-6b9485b1954f/elements
[HTTP] {"using":"xpath","value":"id(\"fillApp\")[count(. | //*[@id = 'fillApp' and (text() = 'Autofill App Info' or . = 'Autofill App Info')]) = count(//*[@id = 'fillApp' and (text() = 'Autofill App Info' or . = 'Autofill App Info')])]"}
[HTTP] <-- POST /wd/hub/session/6b8f8ddc-8b7f-4ea7-b07b-6b9485b1954f/elements 200 1630 ms - 92
[HTTP] 
[HTTP] --> GET /wd/hub/session/6b8f8ddc-8b7f-4ea7-b07b-6b9485b1954f
[HTTP] {}
[XCUITest] Merging WDA caps over Appium caps for session detail response
[HTTP] <-- GET /wd/hub/session/6b8f8ddc-8b7f-4ea7-b07b-6b9485b1954f 200 2 ms - 627
[HTTP] 
[HTTP] --> GET /wd/hub/session/6b8f8ddc-8b7f-4ea7-b07b-6b9485b1954f
[HTTP] {}
[XCUITest] Merging WDA caps over Appium caps for session detail response
[HTTP] <-- GET /wd/hub/session/6b8f8ddc-8b7f-4ea7-b07b-6b9485b1954f 200 2 ms - 627
[HTTP] 
[HTTP] --> GET /wd/hub/session/6b8f8ddc-8b7f-4ea7-b07b-6b9485b1954f
[HTTP] {}
[XCUITest] Merging WDA caps over Appium caps for session detail response
[HTTP] <-- GET /wd/hub/session/6b8f8ddc-8b7f-4ea7-b07b-6b9485b1954f 200 2 ms - 627
[HTTP] 
[HTTP] --> GET /wd/hub/session/6b8f8ddc-8b7f-4ea7-b07b-6b9485b1954f
[HTTP] {}
[XCUITest] Merging WDA caps over Appium caps for session detail response
[HTTP] <-- GET /wd/hub/session/6b8f8ddc-8b7f-4ea7-b07b-6b9485b1954f 200 2 ms - 627
[HTTP] 
[HTTP] --> POST /wd/hub/session/6b8f8ddc-8b7f-4ea7-b07b-6b9485b1954f/element/5043/click
[HTTP] {"id":"5043"}
[HTTP] <-- POST /wd/hub/session/6b8f8ddc-8b7f-4ea7-b07b-6b9485b1954f/element/5043/click 200 258 ms - 76
[HTTP] 
[HTTP] --> POST /wd/hub/session/6b8f8ddc-8b7f-4ea7-b07b-6b9485b1954f/elements
[HTTP] {"using":"xpath","value":"id(\"js-app-continue-link\")[count(. | //a[@id = 'js-app-continue-link' and @type = 'submit' and (text() = 'Continue to Step 3 - Payment & Billing >' or . = 'Continue to Step 3 - Payment & Billing >')]) = count(//a[@id = 'js-app-continue-link' and @type = 'submit' and (text() = 'Continue to Step 3 - Payment & Billing >' or . = 'Continue to Step 3 - Payment & Billing >')])]"}
[HTTP] <-- POST /wd/hub/session/6b8f8ddc-8b7f-4ea7-b07b-6b9485b1954f/elements 200 1153 ms - 74
[HTTP] 
[HTTP] --> POST /wd/hub/session/6b8f8ddc-8b7f-4ea7-b07b-6b9485b1954f/elements
[HTTP] {"using":"xpath","value":"id(\"js-app-continue-link\")[count(. | //a[@id = 'js-app-continue-link' and @type = 'submit' and (text() = 'Continue to Step 3 - Payment & Billing >' or . = 'Continue to Step 3 - Payment & Billing >')]) = count(//a[@id = 'js-app-continue-link' and @type = 'submit' and (text() = 'Continue to Step 3 - Payment & Billing >' or . = 'Continue to Step 3 - Payment & Billing >')])]"}
[HTTP] <-- POST /wd/hub/session/6b8f8ddc-8b7f-4ea7-b07b-6b9485b1954f/elements 200 219 ms - 74
[HTTP] 
[HTTP] --> POST /wd/hub/session/6b8f8ddc-8b7f-4ea7-b07b-6b9485b1954f/elements
[HTTP] {"using":"xpath","value":"id(\"js-app-continue-link\")[count(. | //a[@id = 'js-app-continue-link' and @type = 'submit' and (text() = 'Continue to Step 3 - Payment & Billing >' or . = 'Continue to Step 3 - Payment & Billing >')]) = count(//a[@id = 'js-app-continue-link' and @type = 'submit' and (text() = 'Continue to Step 3 - Payment & Billing >' or . = 'Continue to Step 3 - Payment & Billing >')])]"}
[HTTP] <-- POST /wd/hub/session/6b8f8ddc-8b7f-4ea7-b07b-6b9485b1954f/elements 200 617 ms - 74
[HTTP] 
[HTTP] --> POST /wd/hub/session/6b8f8ddc-8b7f-4ea7-b07b-6b9485b1954f/elements
[HTTP] {"using":"xpath","value":"id(\"js-app-continue-link\")[count(. | //a[@id = 'js-app-continue-link' and @type = 'submit' and (text() = 'Continue to Step 3 - Payment & Billing >' or . = 'Continue to Step 3 - Payment & Billing >')]) = count(//a[@id = 'js-app-continue-link' and @type = 'submit' and (text() = 'Continue to Step 3 - Payment & Billing >' or . = 'Continue to Step 3 - Payment & Billing >')])]"}
[HTTP] <-- POST /wd/hub/session/6b8f8ddc-8b7f-4ea7-b07b-6b9485b1954f/elements 200 1005 ms - 74
[HTTP] 
[HTTP] --> POST /wd/hub/session/6b8f8ddc-8b7f-4ea7-b07b-6b9485b1954f/elements
[HTTP] {"using":"xpath","value":"id(\"js-app-continue-link\")[count(. | //a[@id = 'js-app-continue-link' and @type = 'submit' and (text() = 'Continue to Step 3 - Payment & Billing >' or . = 'Continue to Step 3 - Payment & Billing >')]) = count(//a[@id = 'js-app-continue-link' and @type = 'submit' and (text() = 'Continue to Step 3 - Payment & Billing >' or . = 'Continue to Step 3 - Payment & Billing >')])]"}
[HTTP] <-- POST /wd/hub/session/6b8f8ddc-8b7f-4ea7-b07b-6b9485b1954f/elements 200 363 ms - 74
[HTTP] 
[HTTP] --> POST /wd/hub/session/6b8f8ddc-8b7f-4ea7-b07b-6b9485b1954f/elements
[HTTP] {"using":"xpath","value":"id(\"js-app-continue-link\")[count(. | //a[@id = 'js-app-continue-link' and @type = 'submit' and (text() = 'Continue to Step 3 - Payment & Billing >' or . = 'Continue to Step 3 - Payment & Billing >')]) = count(//a[@id = 'js-app-continue-link' and @type = 'submit' and (text() = 'Continue to Step 3 - Payment & Billing >' or . = 'Continue to Step 3 - Payment & Billing >')])]"}
[HTTP] <-- POST /wd/hub/session/6b8f8ddc-8b7f-4ea7-b07b-6b9485b1954f/elements 200 107 ms - 74
[HTTP] 
[HTTP] --> POST /wd/hub/session/6b8f8ddc-8b7f-4ea7-b07b-6b9485b1954f/elements
[HTTP] {"using":"xpath","value":"id(\"js-app-continue-link\")[count(. | //a[@id = 'js-app-continue-link' and @type = 'submit' and (text() = 'Continue to Step 3 - Payment & Billing >' or . = 'Continue to Step 3 - Payment & Billing >')]) = count(//a[@id = 'js-app-continue-link' and @type = 'submit' and (text() = 'Continue to Step 3 - Payment & Billing >' or . = 'Continue to Step 3 - Payment & Billing >')])]"}
[HTTP] <-- POST /wd/hub/session/6b8f8ddc-8b7f-4ea7-b07b-6b9485b1954f/elements 200 1859 ms - 74
[HTTP] 
[HTTP] --> POST /wd/hub/session/6b8f8ddc-8b7f-4ea7-b07b-6b9485b1954f/elements
[HTTP] {"using":"xpath","value":"id(\"js-app-continue-link\")[count(. | //a[@id = 'js-app-continue-link' and @type = 'submit' and (text() = 'Continue to Step 3 - Payment & Billing >' or . = 'Continue to Step 3 - Payment & Billing >')]) = count(//a[@id = 'js-app-continue-link' and @type = 'submit' and (text() = 'Continue to Step 3 - Payment & Billing >' or . = 'Continue to Step 3 - Payment & Billing >')])]"}
[HTTP] <-- POST /wd/hub/session/6b8f8ddc-8b7f-4ea7-b07b-6b9485b1954f/elements 200 895 ms - 74
[HTTP] 
[HTTP] --> POST /wd/hub/session/6b8f8ddc-8b7f-4ea7-b07b-6b9485b1954f/elements
[HTTP] {"using":"xpath","value":"id(\"js-app-continue-link\")[count(. | //a[@id = 'js-app-continue-link' and @type = 'submit' and (text() = 'Continue to Step 3 - Payment & Billing >' or . = 'Continue to Step 3 - Payment & Billing >')]) = count(//a[@id = 'js-app-continue-link' and @type = 'submit' and (text() = 'Continue to Step 3 - Payment & Billing >' or . = 'Continue to Step 3 - Payment & Billing >')])]"}
[HTTP] <-- POST /wd/hub/session/6b8f8ddc-8b7f-4ea7-b07b-6b9485b1954f/elements 200 639 ms - 74
[HTTP] 
[HTTP] --> POST /wd/hub/session/6b8f8ddc-8b7f-4ea7-b07b-6b9485b1954f/elements
[HTTP] {"using":"xpath","value":"id(\"js-app-continue-link\")[count(. | //a[@id = 'js-app-continue-link' and @type = 'submit' and (text() = 'Continue to Step 3 - Payment & Billing >' or . = 'Continue to Step 3 - Payment & Billing >')]) = count(//a[@id = 'js-app-continue-link' and @type = 'submit' and (text() = 'Continue to Step 3 - Payment & Billing >' or . = 'Continue to Step 3 - Payment & Billing >')])]"}
[HTTP] <-- POST /wd/hub/session/6b8f8ddc-8b7f-4ea7-b07b-6b9485b1954f/elements 200 918 ms - 74
[HTTP] 
[HTTP] --> POST /wd/hub/session/6b8f8ddc-8b7f-4ea7-b07b-6b9485b1954f/elements
[HTTP] {"using":"xpath","value":"id(\"js-app-continue-link\")[count(. | //a[@id = 'js-app-continue-link' and @type = 'submit' and (text() = 'Continue to Step 3 - Payment & Billing >' or . = 'Continue to Step 3 - Payment & Billing >')]) = count(//a[@id = 'js-app-continue-link' and @type = 'submit' and (text() = 'Continue to Step 3 - Payment & Billing >' or . = 'Continue to Step 3 - Payment & Billing >')])]"}
[HTTP] <-- POST /wd/hub/session/6b8f8ddc-8b7f-4ea7-b07b-6b9485b1954f/elements 200 599 ms - 74
[HTTP] 
[HTTP] --> POST /wd/hub/session/6b8f8ddc-8b7f-4ea7-b07b-6b9485b1954f/elements
[HTTP] {"using":"xpath","value":"id(\"js-app-continue-link\")[count(. | //a[@id = 'js-app-continue-link' and @type = 'submit' and (text() = 'Continue to Step 3 - Payment & Billing >' or . = 'Continue to Step 3 - Payment & Billing >')]) = count(//a[@id = 'js-app-continue-link' and @type = 'submit' and (text() = 'Continue to Step 3 - Payment & Billing >' or . = 'Continue to Step 3 - Payment & Billing >')])]"}
[HTTP] <-- POST /wd/hub/session/6b8f8ddc-8b7f-4ea7-b07b-6b9485b1954f/elements 200 836 ms - 74
[HTTP] 
[HTTP] --> POST /wd/hub/session/6b8f8ddc-8b7f-4ea7-b07b-6b9485b1954f/elements
[HTTP] {"using":"xpath","value":"id(\"js-app-continue-link\")[count(. | //a[@id = 'js-app-continue-link' and @type = 'submit' and (text() = 'Continue to Step 3 - Payment & Billing >' or . = 'Continue to Step 3 - Payment & Billing >')]) = count(//a[@id = 'js-app-continue-link' and @type = 'submit' and (text() = 'Continue to Step 3 - Payment & Billing >' or . = 'Continue to Step 3 - Payment & Billing >')])]"}
[HTTP] <-- POST /wd/hub/session/6b8f8ddc-8b7f-4ea7-b07b-6b9485b1954f/elements 200 2257 ms - 74
[HTTP] 
[HTTP] --> POST /wd/hub/session/6b8f8ddc-8b7f-4ea7-b07b-6b9485b1954f/elements
[HTTP] {"using":"xpath","value":"id(\"js-app-continue-link\")[count(. | //a[@id = 'js-app-continue-link' and @type = 'submit' and (text() = 'Continue to Step 3 - Payment & Billing >' or . = 'Continue to Step 3 - Payment & Billing >')]) = count(//a[@id = 'js-app-continue-link' and @type = 'submit' and (text() = 'Continue to Step 3 - Payment & Billing >' or . = 'Continue to Step 3 - Payment & Billing >')])]"}
[HTTP] <-- POST /wd/hub/session/6b8f8ddc-8b7f-4ea7-b07b-6b9485b1954f/elements 200 1122 ms - 74
[HTTP] 
[HTTP] --> POST /wd/hub/session/6b8f8ddc-8b7f-4ea7-b07b-6b9485b1954f/elements
[HTTP] {"using":"xpath","value":"id(\"js-app-continue-link\")[count(. | //a[@id = 'js-app-continue-link' and @type = 'submit' and (text() = 'Continue to Step 3 - Payment & Billing >' or . = 'Continue to Step 3 - Payment & Billing >')]) = count(//a[@id = 'js-app-continue-link' and @type = 'submit' and (text() = 'Continue to Step 3 - Payment & Billing >' or . = 'Continue to Step 3 - Payment & Billing >')])]"}
[HTTP] <-- POST /wd/hub/session/6b8f8ddc-8b7f-4ea7-b07b-6b9485b1954f/elements 200 426 ms - 74
[HTTP] 
[HTTP] --> POST /wd/hub/session/6b8f8ddc-8b7f-4ea7-b07b-6b9485b1954f/elements
[HTTP] {"using":"xpath","value":"id(\"js-app-continue-link\")[count(. | //a[@id = 'js-app-continue-link' and @type = 'submit' and (text() = 'Continue to Step 3 - Payment & Billing >' or . = 'Continue to Step 3 - Payment & Billing >')]) = count(//a[@id = 'js-app-continue-link' and @type = 'submit' and (text() = 'Continue to Step 3 - Payment & Billing >' or . = 'Continue to Step 3 - Payment & Billing >')])]"}
[HTTP] <-- POST /wd/hub/session/6b8f8ddc-8b7f-4ea7-b07b-6b9485b1954f/elements 200 962 ms - 74
[HTTP] 
[HTTP] --> POST /wd/hub/session/6b8f8ddc-8b7f-4ea7-b07b-6b9485b1954f/elements
[HTTP] {"using":"xpath","value":"id(\"js-app-continue-link\")[count(. | //a[@id = 'js-app-continue-link' and @type = 'submit' and (text() = 'Continue to Step 3 - Payment & Billing >' or . = 'Continue to Step 3 - Payment & Billing >')]) = count(//a[@id = 'js-app-continue-link' and @type = 'submit' and (text() = 'Continue to Step 3 - Payment & Billing >' or . = 'Continue to Step 3 - Payment & Billing >')])]"}
[HTTP] <-- POST /wd/hub/session/6b8f8ddc-8b7f-4ea7-b07b-6b9485b1954f/elements 200 599 ms - 74
[HTTP] 
[HTTP] --> POST /wd/hub/session/6b8f8ddc-8b7f-4ea7-b07b-6b9485b1954f/elements
[HTTP] {"using":"xpath","value":"id(\"js-app-continue-link\")[count(. | //a[@id = 'js-app-continue-link' and @type = 'submit' and (text() = 'Continue to Step 3 - Payment & Billing >' or . = 'Continue to Step 3 - Payment & Billing >')]) = count(//a[@id = 'js-app-continue-link' and @type = 'submit' and (text() = 'Continue to Step 3 - Payment & Billing >' or . = 'Continue to Step 3 - Payment & Billing >')])]"}
[HTTP] <-- POST /wd/hub/session/6b8f8ddc-8b7f-4ea7-b07b-6b9485b1954f/elements 200 417 ms - 74
[HTTP] 
[HTTP] --> POST /wd/hub/session/6b8f8ddc-8b7f-4ea7-b07b-6b9485b1954f/elements
[HTTP] {"using":"xpath","value":"id(\"js-app-continue-link\")[count(. | //a[@id = 'js-app-continue-link' and @type = 'submit' and (text() = 'Continue to Step 3 - Payment & Billing >' or . = 'Continue to Step 3 - Payment & Billing >')]) = count(//a[@id = 'js-app-continue-link' and @type = 'submit' and (text() = 'Continue to Step 3 - Payment & Billing >' or . = 'Continue to Step 3 - Payment & Billing >')])]"}
[HTTP] <-- POST /wd/hub/session/6b8f8ddc-8b7f-4ea7-b07b-6b9485b1954f/elements 200 335 ms - 74
[HTTP] 
[HTTP] --> POST /wd/hub/session/6b8f8ddc-8b7f-4ea7-b07b-6b9485b1954f/elements
[HTTP] {"using":"xpath","value":"id(\"js-app-continue-link\")[count(. | //a[@id = 'js-app-continue-link' and @type = 'submit' and (text() = 'Continue to Step 3 - Payment & Billing >' or . = 'Continue to Step 3 - Payment & Billing >')]) = count(//a[@id = 'js-app-continue-link' and @type = 'submit' and (text() = 'Continue to Step 3 - Payment & Billing >' or . = 'Continue to Step 3 - Payment & Billing >')])]"}
[HTTP] <-- POST /wd/hub/session/6b8f8ddc-8b7f-4ea7-b07b-6b9485b1954f/elements 200 111 ms - 74
[HTTP] 
[HTTP] --> POST /wd/hub/session/6b8f8ddc-8b7f-4ea7-b07b-6b9485b1954f/elements
[HTTP] {"using":"xpath","value":"id(\"js-app-continue-link\")[count(. | //a[@id = 'js-app-continue-link' and @type = 'submit' and (text() = 'Continue to Step 3 - Payment & Billing >' or . = 'Continue to Step 3 - Payment & Billing >')]) = count(//a[@id = 'js-app-continue-link' and @type = 'submit' and (text() = 'Continue to Step 3 - Payment & Billing >' or . = 'Continue to Step 3 - Payment & Billing >')])]"}
[HTTP] <-- POST /wd/hub/session/6b8f8ddc-8b7f-4ea7-b07b-6b9485b1954f/elements 200 3871 ms - 74
[HTTP] 
[HTTP] --> POST /wd/hub/session/6b8f8ddc-8b7f-4ea7-b07b-6b9485b1954f/elements
[HTTP] {"using":"xpath","value":"id(\"js-app-continue-link\")[count(. | //a[@id = 'js-app-continue-link' and @type = 'submit' and (text() = 'Continue to Step 3 - Payment & Billing >' or . = 'Continue to Step 3 - Payment & Billing >')]) = count(//a[@id = 'js-app-continue-link' and @type = 'submit' and (text() = 'Continue to Step 3 - Payment & Billing >' or . = 'Continue to Step 3 - Payment & Billing >')])]"}
[HTTP] <-- POST /wd/hub/session/6b8f8ddc-8b7f-4ea7-b07b-6b9485b1954f/elements 200 1600 ms - 74
[HTTP] 
[HTTP] --> POST /wd/hub/session/6b8f8ddc-8b7f-4ea7-b07b-6b9485b1954f/elements
[HTTP] {"using":"xpath","value":"id(\"js-app-continue-link\")[count(. | //a[@id = 'js-app-continue-link' and @type = 'submit' and (text() = 'Continue to Step 3 - Payment & Billing >' or . = 'Continue to Step 3 - Payment & Billing >')]) = count(//a[@id = 'js-app-continue-link' and @type = 'submit' and (text() = 'Continue to Step 3 - Payment & Billing >' or . = 'Continue to Step 3 - Payment & Billing >')])]"}
[HTTP] <-- POST /wd/hub/session/6b8f8ddc-8b7f-4ea7-b07b-6b9485b1954f/elements 200 410 ms - 74
[HTTP] 
[HTTP] --> POST /wd/hub/session/6b8f8ddc-8b7f-4ea7-b07b-6b9485b1954f/elements
[HTTP] {"using":"xpath","value":"id(\"js-app-continue-link\")[count(. | //a[@id = 'js-app-continue-link' and @type = 'submit' and (text() = 'Continue to Step 3 - Payment & Billing >' or . = 'Continue to Step 3 - Payment & Billing >')]) = count(//a[@id = 'js-app-continue-link' and @type = 'submit' and (text() = 'Continue to Step 3 - Payment & Billing >' or . = 'Continue to Step 3 - Payment & Billing >')])]"}
[HTTP] <-- POST /wd/hub/session/6b8f8ddc-8b7f-4ea7-b07b-6b9485b1954f/elements 200 2656 ms - 74
[HTTP] 
[HTTP] --> POST /wd/hub/session/6b8f8ddc-8b7f-4ea7-b07b-6b9485b1954f/elements
[HTTP] {"using":"xpath","value":"id(\"js-app-continue-link\")[count(. | //a[@id = 'js-app-continue-link' and @type = 'submit' and (text() = 'Continue to Step 3 - Payment & Billing >' or . = 'Continue to Step 3 - Payment & Billing >')]) = count(//a[@id = 'js-app-continue-link' and @type = 'submit' and (text() = 'Continue to Step 3 - Payment & Billing >' or . = 'Continue to Step 3 - Payment & Billing >')])]"}
[HTTP] <-- POST /wd/hub/session/6b8f8ddc-8b7f-4ea7-b07b-6b9485b1954f/elements 200 5284 ms - 74
[HTTP] 
[HTTP] --> POST /wd/hub/session/6b8f8ddc-8b7f-4ea7-b07b-6b9485b1954f/elements
[HTTP] {"using":"xpath","value":"id(\"js-app-continue-link\")[count(. | //a[@id = 'js-app-continue-link' and @type = 'submit' and (text() = 'Continue to Step 3 - Payment & Billing >' or . = 'Continue to Step 3 - Payment & Billing >')]) = count(//a[@id = 'js-app-continue-link' and @type = 'submit' and (text() = 'Continue to Step 3 - Payment & Billing >' or . = 'Continue to Step 3 - Payment & Billing >')])]"}
[HTTP] <-- POST /wd/hub/session/6b8f8ddc-8b7f-4ea7-b07b-6b9485b1954f/elements 200 2001 ms - 74
[HTTP] 
[HTTP] --> POST /wd/hub/session/6b8f8ddc-8b7f-4ea7-b07b-6b9485b1954f/elements
[HTTP] {"using":"xpath","value":"id(\"js-app-continue-link\")[count(. | //a[@id = 'js-app-continue-link' and @type = 'submit' and (text() = 'Continue to Step 3 - Payment & Billing >' or . = 'Continue to Step 3 - Payment & Billing >')]) = count(//a[@id = 'js-app-continue-link' and @type = 'submit' and (text() = 'Continue to Step 3 - Payment & Billing >' or . = 'Continue to Step 3 - Payment & Billing >')])]"}
[HTTP] <-- POST /wd/hub/session/6b8f8ddc-8b7f-4ea7-b07b-6b9485b1954f/elements 200 3006 ms - 74
[HTTP] 
[HTTP] --> POST /wd/hub/session/6b8f8ddc-8b7f-4ea7-b07b-6b9485b1954f/elements
[HTTP] {"using":"xpath","value":"id(\"js-app-continue-link\")[count(. | //a[@id = 'js-app-continue-link' and @type = 'submit' and (text() = 'Continue to Step 3 - Payment & Billing >' or . = 'Continue to Step 3 - Payment & Billing >')]) = count(//a[@id = 'js-app-continue-link' and @type = 'submit' and (text() = 'Continue to Step 3 - Payment & Billing >' or . = 'Continue to Step 3 - Payment & Billing >')])]"}
[HTTP] <-- POST /wd/hub/session/6b8f8ddc-8b7f-4ea7-b07b-6b9485b1954f/elements 200 1656 ms - 74
[HTTP] 
[HTTP] --> POST /wd/hub/session/6b8f8ddc-8b7f-4ea7-b07b-6b9485b1954f/elements
[HTTP] {"using":"xpath","value":"id(\"js-app-continue-link\")[count(. | //a[@id = 'js-app-continue-link' and @type = 'submit' and (text() = 'Continue to Step 3 - Payment & Billing >' or . = 'Continue to Step 3 - Payment & Billing >')]) = count(//a[@id = 'js-app-continue-link' and @type = 'submit' and (text() = 'Continue to Step 3 - Payment & Billing >' or . = 'Continue to Step 3 - Payment & Billing >')])]"}
[HTTP] <-- POST /wd/hub/session/6b8f8ddc-8b7f-4ea7-b07b-6b9485b1954f/elements 200 2120 ms - 74
[HTTP] 
[HTTP] --> POST /wd/hub/session/6b8f8ddc-8b7f-4ea7-b07b-6b9485b1954f/elements
[HTTP] {"using":"xpath","value":"id(\"js-app-continue-link\")[count(. | //a[@id = 'js-app-continue-link' and @type = 'submit' and (text() = 'Continue to Step 3 - Payment & Billing >' or . = 'Continue to Step 3 - Payment & Billing >')]) = count(//a[@id = 'js-app-continue-link' and @type = 'submit' and (text() = 'Continue to Step 3 - Payment & Billing >' or . = 'Continue to Step 3 - Payment & Billing >')])]"}
[HTTP] <-- POST /wd/hub/session/6b8f8ddc-8b7f-4ea7-b07b-6b9485b1954f/elements 200 2955 ms - 74
[HTTP] 
[HTTP] --> POST /wd/hub/session/6b8f8ddc-8b7f-4ea7-b07b-6b9485b1954f/elements
[HTTP] {"using":"xpath","value":"id(\"js-app-continue-link\")[count(. | //a[@id = 'js-app-continue-link' and @type = 'submit' and (text() = 'Continue to Step 3 - Payment & Billing >' or . = 'Continue to Step 3 - Payment & Billing >')]) = count(//a[@id = 'js-app-continue-link' and @type = 'submit' and (text() = 'Continue to Step 3 - Payment & Billing >' or . = 'Continue to Step 3 - Payment & Billing >')])]"}
[HTTP] <-- POST /wd/hub/session/6b8f8ddc-8b7f-4ea7-b07b-6b9485b1954f/elements 200 3789 ms - 74
[HTTP] 
[HTTP] --> POST /wd/hub/session/6b8f8ddc-8b7f-4ea7-b07b-6b9485b1954f/elements
[HTTP] {"using":"xpath","value":"id(\"js-app-continue-link\")[count(. | //a[@id = 'js-app-continue-link' and @type = 'submit' and (text() = 'Continue to Step 3 - Payment & Billing >' or . = 'Continue to Step 3 - Payment & Billing >')]) = count(//a[@id = 'js-app-continue-link' and @type = 'submit' and (text() = 'Continue to Step 3 - Payment & Billing >' or . = 'Continue to Step 3 - Payment & Billing >')])]"}
[HTTP] <-- POST /wd/hub/session/6b8f8ddc-8b7f-4ea7-b07b-6b9485b1954f/elements 200 2843 ms - 74
[HTTP] 
[HTTP] --> POST /wd/hub/session/6b8f8ddc-8b7f-4ea7-b07b-6b9485b1954f/elements
[HTTP] {"using":"xpath","value":"id(\"js-app-continue-link\")[count(. | //a[@id = 'js-app-continue-link' and @type = 'submit' and (text() = 'Continue to Step 3 - Payment & Billing >' or . = 'Continue to Step 3 - Payment & Billing >')]) = count(//a[@id = 'js-app-continue-link' and @type = 'submit' and (text() = 'Continue to Step 3 - Payment & Billing >' or . = 'Continue to Step 3 - Payment & Billing >')])]"}
[HTTP] <-- POST /wd/hub/session/6b8f8ddc-8b7f-4ea7-b07b-6b9485b1954f/elements 200 6344 ms - 74
[HTTP] 
[HTTP] --> POST /wd/hub/session/6b8f8ddc-8b7f-4ea7-b07b-6b9485b1954f/elements
[HTTP] {"using":"xpath","value":"id(\"js-app-continue-link\")[count(. | //a[@id = 'js-app-continue-link' and @type = 'submit' and (text() = 'Continue to Step 3 - Payment & Billing >' or . = 'Continue to Step 3 - Payment & Billing >')]) = count(//a[@id = 'js-app-continue-link' and @type = 'submit' and (text() = 'Continue to Step 3 - Payment & Billing >' or . = 'Continue to Step 3 - Payment & Billing >')])]"}
[HTTP] <-- POST /wd/hub/session/6b8f8ddc-8b7f-4ea7-b07b-6b9485b1954f/elements 200 554 ms - 74
[HTTP] 
[HTTP] --> POST /wd/hub/session/6b8f8ddc-8b7f-4ea7-b07b-6b9485b1954f/elements
[HTTP] {"using":"xpath","value":"id(\"js-app-continue-link\")[count(. | //a[@id = 'js-app-continue-link' and @type = 'submit' and (text() = 'Continue to Step 3 - Payment & Billing >' or . = 'Continue to Step 3 - Payment & Billing >')]) = count(//a[@id = 'js-app-continue-link' and @type = 'submit' and (text() = 'Continue to Step 3 - Payment & Billing >' or . = 'Continue to Step 3 - Payment & Billing >')])]"}
[HTTP] <-- POST /wd/hub/session/6b8f8ddc-8b7f-4ea7-b07b-6b9485b1954f/elements 200 8000 ms - 74
[HTTP] 
[HTTP] --> GET /wd/hub/session/6b8f8ddc-8b7f-4ea7-b07b-6b9485b1954f/screenshot
[HTTP] {}
[HTTP] <-- GET /wd/hub/session/6b8f8ddc-8b7f-4ea7-b07b-6b9485b1954f/screenshot 200 1349 ms - 728382
[HTTP] 
[HTTP] --> DELETE /wd/hub/session/6b8f8ddc-8b7f-4ea7-b07b-6b9485b1954f
[HTTP] {}
[Appium] Removing session 6b8f8ddc-8b7f-4ea7-b07b-6b9485b1954f from our master session list
[HTTP] <-- DELETE /wd/hub/session/6b8f8ddc-8b7f-4ea7-b07b-6b9485b1954f 200 1101 ms - 76
[HTTP] 
