[Appium] Welcome to Appium v1.8.1
[Appium] Non-default server args:
[Appium]   port: 55549
[Appium]   loglevel: info
[Appium]   chromeDriverPort: 55550
[Appium]   tmpDir: /var/folders/95/4qsvf70n5s55n0wp9h6b0h_r0000gn/T//Katalon/Appium/Temp1547619081070
[Appium]   webkitDebugProxyPort: 55547
[Appium] Appium REST http interface listener started on 0.0.0.0:55549
[HTTP] --> GET /wd/hub/status
[HTTP] {}
[HTTP] <-- GET /wd/hub/status 200 29 ms - 83
[HTTP] 
[HTTP] --> POST /wd/hub/session
[HTTP] {"desiredCapabilities":{"automationName":"XCUITest","browserName":"Safari","deviceId":"","deviceName":"iPhone X","newCommandTimeout":1800,"platform":"IOS","platformName":"iOS","platformVersion":"12.1","realDeviceLogger":"/Applications/Katalon Studio.app/Contents/Eclipse/configuration/resources/tools/deviceconsole/deviceconsole","wdaLocalPort":55546},"capabilities":{"desiredCapabilities":{"automationName":"XCUITest","browserName":"Safari","deviceId":"","deviceName":"iPhone X","newCommandTimeout":1800,"platform":"IOS","platformName":"iOS","platformVersion":"12.1","realDeviceLogger":"/Applications/Katalon Studio.app/Contents/Eclipse/configuration/resources/tools/deviceconsole/deviceconsole","wdaLocalPort":55546},"firstMatch":[{"browserName":"Safari","platformName":"ios"}]}}
[Appium] Could not parse W3C capabilities: 'deviceName' can't be blank. Falling back to JSONWP protocol.
[Appium] The following capabilities were provided in the JSONWP desired capabilities that are missing in W3C capabilities: ["automationName","browserName","deviceId","deviceName","newCommandTimeout","platform","platformName","platformVersion","realDeviceLogger","wdaLocalPort"]. Falling back to JSONWP protocol.
[Appium] Creating new XCUITestDriver (v2.105.0) session
[Appium] Capabilities:
[Appium]   automationName: XCUITest
[Appium]   browserName: Safari
[Appium]   deviceId: 
[Appium]   deviceName: iPhone X
[Appium]   newCommandTimeout: 1800
[Appium]   platform: IOS
[Appium]   platformName: iOS
[Appium]   platformVersion: 12.1
[Appium]   realDeviceLogger: /Applications/Katalon Studio.app/Contents/Eclipse/configuration/resources/tools/deviceconsole/deviceconsole
[Appium]   wdaLocalPort: 55546
[BaseDriver] The following capabilities were provided, but are not recognized by appium: deviceId, platform.
[BaseDriver] Session created with session id: 2a6a7498-41d2-46c1-befa-e7d89321a226
[iOSSim] Constructing iOS simulator for Xcode version 10.1 with udid '1FBC48CC-4B26-4899-AB2C-0FDD67CACB37'
[XCUITest] Determining device to run tests on: udid: '1FBC48CC-4B26-4899-AB2C-0FDD67CACB37', real device: false
[XCUITest] Safari test requested
[XCUITest] Setting up simulator
[iOSSim] Booting Simulator with UDID 1FBC48CC-4B26-4899-AB2C-0FDD67CACB37...
[iOSSim] Starting Simulator UI with command: open -Fn /Applications/Xcode.app/Contents/Developer/Applications/Simulator.app --args -CurrentDeviceUDID 1FBC48CC-4B26-4899-AB2C-0FDD67CACB37 -ConnectHardwareKeyboard 0
[iOSSim] Simulator with UDID 1FBC48CC-4B26-4899-AB2C-0FDD67CACB37 booted in 3 seconds
[XCUITest] Using WDA path: '/Users/denisyu/.nvm/versions/node/v8.1.4/lib/node_modules/appium/node_modules/_appium-xcuitest-driver@2.105.0@appium-xcuitest-driver/WebDriverAgent'
[XCUITest] Using WDA agent: '/Users/denisyu/.nvm/versions/node/v8.1.4/lib/node_modules/appium/node_modules/_appium-xcuitest-driver@2.105.0@appium-xcuitest-driver/WebDriverAgent/WebDriverAgent.xcodeproj'
[JSONWP Proxy] Got an unexpected response: {"errno":"ECONNREFUSED","code":"ECONNREFUSED","syscall":"connect","address":"127.0.0.1","port":55546}
[XCUITest] Launching WebDriverAgent on the device
[JSONWP Proxy] Got an unexpected response: {"errno":"ECONNREFUSED","code":"ECONNREFUSED","syscall":"connect","address":"127.0.0.1","port":55546}
[JSONWP Proxy] Got an unexpected response: {"errno":"ECONNREFUSED","code":"ECONNREFUSED","syscall":"connect","address":"127.0.0.1","port":55546}
[JSONWP Proxy] Got an unexpected response: {"errno":"ECONNREFUSED","code":"ECONNREFUSED","syscall":"connect","address":"127.0.0.1","port":55546}
[JSONWP Proxy] Got an unexpected response: {"errno":"ECONNREFUSED","code":"ECONNREFUSED","syscall":"connect","address":"127.0.0.1","port":55546}
[JSONWP Proxy] Got an unexpected response: {"errno":"ECONNREFUSED","code":"ECONNREFUSED","syscall":"connect","address":"127.0.0.1","port":55546}
[JSONWP Proxy] Got an unexpected response: {"errno":"ECONNREFUSED","code":"ECONNREFUSED","syscall":"connect","address":"127.0.0.1","port":55546}
[JSONWP Proxy] Got an unexpected response: {"errno":"ECONNREFUSED","code":"ECONNREFUSED","syscall":"connect","address":"127.0.0.1","port":55546}
[JSONWP Proxy] Got an unexpected response: {"errno":"ECONNREFUSED","code":"ECONNREFUSED","syscall":"connect","address":"127.0.0.1","port":55546}
[JSONWP Proxy] Got an unexpected response: {"errno":"ECONNREFUSED","code":"ECONNREFUSED","syscall":"connect","address":"127.0.0.1","port":55546}
[JSONWP Proxy] Got an unexpected response: {"errno":"ECONNREFUSED","code":"ECONNREFUSED","syscall":"connect","address":"127.0.0.1","port":55546}
[JSONWP Proxy] Got an unexpected response: {"errno":"ECONNREFUSED","code":"ECONNREFUSED","syscall":"connect","address":"127.0.0.1","port":55546}
[JSONWP Proxy] Got an unexpected response: {"errno":"ECONNREFUSED","code":"ECONNREFUSED","syscall":"connect","address":"127.0.0.1","port":55546}
[JSONWP Proxy] Got an unexpected response: {"errno":"ECONNREFUSED","code":"ECONNREFUSED","syscall":"connect","address":"127.0.0.1","port":55546}
[JSONWP Proxy] Got an unexpected response: {"errno":"ECONNREFUSED","code":"ECONNREFUSED","syscall":"connect","address":"127.0.0.1","port":55546}
[JSONWP Proxy] Got an unexpected response: {"errno":"ECONNREFUSED","code":"ECONNREFUSED","syscall":"connect","address":"127.0.0.1","port":55546}
[JSONWP Proxy] Got an unexpected response: {"errno":"ECONNREFUSED","code":"ECONNREFUSED","syscall":"connect","address":"127.0.0.1","port":55546}
[JSONWP Proxy] Got an unexpected response: {"errno":"ECONNREFUSED","code":"ECONNREFUSED","syscall":"connect","address":"127.0.0.1","port":55546}
[JSONWP Proxy] Got an unexpected response: {"errno":"ECONNREFUSED","code":"ECONNREFUSED","syscall":"connect","address":"127.0.0.1","port":55546}
[JSONWP Proxy] Got an unexpected response: {"errno":"ECONNREFUSED","code":"ECONNREFUSED","syscall":"connect","address":"127.0.0.1","port":55546}
[JSONWP Proxy] Got an unexpected response: {"errno":"ECONNREFUSED","code":"ECONNREFUSED","syscall":"connect","address":"127.0.0.1","port":55546}
[JSONWP Proxy] Got an unexpected response: {"errno":"ECONNREFUSED","code":"ECONNREFUSED","syscall":"connect","address":"127.0.0.1","port":55546}
[JSONWP Proxy] Got an unexpected response: {"errno":"ECONNREFUSED","code":"ECONNREFUSED","syscall":"connect","address":"127.0.0.1","port":55546}
[JSONWP Proxy] Got an unexpected response: {"errno":"ECONNREFUSED","code":"ECONNREFUSED","syscall":"connect","address":"127.0.0.1","port":55546}
[JSONWP Proxy] Got an unexpected response: {"errno":"ECONNREFUSED","code":"ECONNREFUSED","syscall":"connect","address":"127.0.0.1","port":55546}
[JSONWP Proxy] Got an unexpected response: {"errno":"ECONNREFUSED","code":"ECONNREFUSED","syscall":"connect","address":"127.0.0.1","port":55546}
[HTTP] --> GET /welcome
[HTTP] {}
[HTTP] <-- GET /welcome 200 39 ms - 124
[HTTP] 
[HTTP] <-- GET /favicon.ico 200 3 ms - 1150
[HTTP] 
[XCUITest] Skipping setting of the initial display orientation. Set the "orientation" capability to either "LANDSCAPE" or "PORTRAIT", if this is an undesired behavior.
[Appium] New XCUITestDriver session created successfully, session 2a6a7498-41d2-46c1-befa-e7d89321a226 added to master session list
[HTTP] <-- POST /wd/hub/session 200 229154 ms - 608
[HTTP] 
[HTTP] --> GET /wd/hub/status
[HTTP] {}
[HTTP] <-- GET /wd/hub/status 200 65 ms - 55
[HTTP] 
[HTTP] --> POST /wd/hub/session/2a6a7498-41d2-46c1-befa-e7d89321a226/timeouts
[HTTP] {"type":"implicit","ms":60000}
[HTTP] <-- POST /wd/hub/session/2a6a7498-41d2-46c1-befa-e7d89321a226/timeouts 400 41 ms - 5641
[HTTP] 
[HTTP] --> POST /wd/hub/session/2a6a7498-41d2-46c1-befa-e7d89321a226/timeouts
[HTTP] {"type":"implicit","ms":0}
[HTTP] <-- POST /wd/hub/session/2a6a7498-41d2-46c1-befa-e7d89321a226/timeouts 400 2 ms - 5633
[HTTP] 
[HTTP] --> POST /wd/hub/session/2a6a7498-41d2-46c1-befa-e7d89321a226/execute
[HTTP] {"script":"return navigator.sayswho= (function() { var ua= navigator.userAgent, tem, M= ua.match(/(opera|chrome|safari|firefox|msie|trident)\\/?\\s*(\\.?\\d+(\\.\\d+)*)/i) || []; if (/trident/i.test(M[1])) {     tem=  /\\brv[ :]+(\\d+)/g.exec(ua) || [];     return 'IE '+(tem[1] || ''); } if(M[1]=== 'Chrome') {     tem= ua.match(/\\b(OPR|Edge)\\/(\\d+)/);     if(tem!= null) return tem.slice(1).join(' ').replace('OPR', 'Opera'); } M= M[2]? [M[1], M[2]]: [navigator.appName, navigator.appVersion, '-?']; if((tem= ua.match(/version\\/(\\d+)/i))!= null) M.splice(1, 1, tem[1]); return M.join(' ').replace('MSIE', 'IE');})();","args":[]}
[HTTP] <-- POST /wd/hub/session/2a6a7498-41d2-46c1-befa-e7d89321a226/execute 200 530 ms - 83
[HTTP] 
[HTTP] --> POST /wd/hub/session/2a6a7498-41d2-46c1-befa-e7d89321a226/url
[HTTP] {"url":"https://praetemptatus.agilehealthinsurance.com/"}
[HTTP] <-- POST /wd/hub/session/2a6a7498-41d2-46c1-befa-e7d89321a226/url 200 4077 ms - 76
[HTTP] 
[HTTP] --> POST /wd/hub/session/2a6a7498-41d2-46c1-befa-e7d89321a226/elements
[HTTP] {"using":"xpath","value":"//a[@href = '/health-insurance-quotes' and @id = 'primaryCTA' and @title = 'Get Health Insurance Quotes' and (text() = 'Quote & Save Today' or . = 'Quote & Save Today')]"}
[HTTP] <-- POST /wd/hub/session/2a6a7498-41d2-46c1-befa-e7d89321a226/elements 200 3890 ms - 74
[HTTP] 
[HTTP] --> POST /wd/hub/session/2a6a7498-41d2-46c1-befa-e7d89321a226/elements
[HTTP] {"using":"xpath","value":"//a[@href = '/health-insurance-quotes' and @id = 'primaryCTA' and @title = 'Get Health Insurance Quotes' and (text() = 'Quote & Save Today' or . = 'Quote & Save Today')]"}
[HTTP] <-- POST /wd/hub/session/2a6a7498-41d2-46c1-befa-e7d89321a226/elements 200 2341 ms - 74
[HTTP] 
[HTTP] --> POST /wd/hub/session/2a6a7498-41d2-46c1-befa-e7d89321a226/elements
[HTTP] {"using":"xpath","value":"//a[@href = '/health-insurance-quotes' and @id = 'primaryCTA' and @title = 'Get Health Insurance Quotes' and (text() = 'Quote & Save Today' or . = 'Quote & Save Today')]"}
[HTTP] <-- POST /wd/hub/session/2a6a7498-41d2-46c1-befa-e7d89321a226/elements 200 2286 ms - 92
[HTTP] 
[HTTP] --> GET /wd/hub/session/2a6a7498-41d2-46c1-befa-e7d89321a226
[HTTP] {}
[XCUITest] Merging WDA caps over Appium caps for session detail response
[HTTP] <-- GET /wd/hub/session/2a6a7498-41d2-46c1-befa-e7d89321a226 200 3835 ms - 627
[HTTP] 
[HTTP] --> GET /wd/hub/session/2a6a7498-41d2-46c1-befa-e7d89321a226
[HTTP] {}
[XCUITest] Merging WDA caps over Appium caps for session detail response
[HTTP] <-- GET /wd/hub/session/2a6a7498-41d2-46c1-befa-e7d89321a226 200 2 ms - 627
[HTTP] 
[HTTP] --> GET /wd/hub/session/2a6a7498-41d2-46c1-befa-e7d89321a226
[HTTP] {}
[XCUITest] Merging WDA caps over Appium caps for session detail response
[HTTP] <-- GET /wd/hub/session/2a6a7498-41d2-46c1-befa-e7d89321a226 200 2 ms - 627
[HTTP] 
[HTTP] --> GET /wd/hub/session/2a6a7498-41d2-46c1-befa-e7d89321a226
[HTTP] {}
[XCUITest] Merging WDA caps over Appium caps for session detail response
[HTTP] <-- GET /wd/hub/session/2a6a7498-41d2-46c1-befa-e7d89321a226 200 3 ms - 627
[HTTP] 
[HTTP] --> POST /wd/hub/session/2a6a7498-41d2-46c1-befa-e7d89321a226/element/5000/click
[HTTP] {"id":"5000"}
[HTTP] <-- POST /wd/hub/session/2a6a7498-41d2-46c1-befa-e7d89321a226/element/5000/click 200 2703 ms - 76
[HTTP] 
[HTTP] --> POST /wd/hub/session/2a6a7498-41d2-46c1-befa-e7d89321a226/elements
[HTTP] {"using":"xpath","value":"//input[@id = 'zip-input' and @type = 'tel' and @placeholder = 'Zip Code']"}
[HTTP] <-- POST /wd/hub/session/2a6a7498-41d2-46c1-befa-e7d89321a226/elements 200 678 ms - 92
[HTTP] 
[HTTP] --> GET /wd/hub/session/2a6a7498-41d2-46c1-befa-e7d89321a226
[HTTP] {}
[XCUITest] Merging WDA caps over Appium caps for session detail response
[HTTP] <-- GET /wd/hub/session/2a6a7498-41d2-46c1-befa-e7d89321a226 200 2 ms - 627
[HTTP] 
[HTTP] --> GET /wd/hub/session/2a6a7498-41d2-46c1-befa-e7d89321a226
[HTTP] {}
[XCUITest] Merging WDA caps over Appium caps for session detail response
[HTTP] <-- GET /wd/hub/session/2a6a7498-41d2-46c1-befa-e7d89321a226 200 2 ms - 627
[HTTP] 
[HTTP] --> GET /wd/hub/session/2a6a7498-41d2-46c1-befa-e7d89321a226
[HTTP] {}
[XCUITest] Merging WDA caps over Appium caps for session detail response
[HTTP] <-- GET /wd/hub/session/2a6a7498-41d2-46c1-befa-e7d89321a226 200 2 ms - 627
[HTTP] 
[HTTP] --> GET /wd/hub/session/2a6a7498-41d2-46c1-befa-e7d89321a226
[HTTP] {}
[XCUITest] Merging WDA caps over Appium caps for session detail response
[HTTP] <-- GET /wd/hub/session/2a6a7498-41d2-46c1-befa-e7d89321a226 200 2 ms - 627
[HTTP] 
[HTTP] --> POST /wd/hub/session/2a6a7498-41d2-46c1-befa-e7d89321a226/element/5001/clear
[HTTP] {"id":"5001"}
[HTTP] <-- POST /wd/hub/session/2a6a7498-41d2-46c1-befa-e7d89321a226/element/5001/clear 200 733 ms - 76
[HTTP] 
[HTTP] --> POST /wd/hub/session/2a6a7498-41d2-46c1-befa-e7d89321a226/elements
[HTTP] {"using":"xpath","value":"//input[@id = 'zip-input' and @type = 'tel' and @placeholder = 'Zip Code']"}
[HTTP] <-- POST /wd/hub/session/2a6a7498-41d2-46c1-befa-e7d89321a226/elements 200 376 ms - 92
[HTTP] 
[HTTP] --> GET /wd/hub/session/2a6a7498-41d2-46c1-befa-e7d89321a226
[HTTP] {}
[XCUITest] Merging WDA caps over Appium caps for session detail response
[HTTP] <-- GET /wd/hub/session/2a6a7498-41d2-46c1-befa-e7d89321a226 200 7 ms - 627
[HTTP] 
[HTTP] --> GET /wd/hub/session/2a6a7498-41d2-46c1-befa-e7d89321a226
[HTTP] {}
[XCUITest] Merging WDA caps over Appium caps for session detail response
[HTTP] <-- GET /wd/hub/session/2a6a7498-41d2-46c1-befa-e7d89321a226 200 2 ms - 627
[HTTP] 
[HTTP] --> GET /wd/hub/session/2a6a7498-41d2-46c1-befa-e7d89321a226
[HTTP] {}
[XCUITest] Merging WDA caps over Appium caps for session detail response
[HTTP] <-- GET /wd/hub/session/2a6a7498-41d2-46c1-befa-e7d89321a226 200 2 ms - 627
[HTTP] 
[HTTP] --> GET /wd/hub/session/2a6a7498-41d2-46c1-befa-e7d89321a226
[HTTP] {}
[XCUITest] Merging WDA caps over Appium caps for session detail response
[HTTP] <-- GET /wd/hub/session/2a6a7498-41d2-46c1-befa-e7d89321a226 200 2 ms - 627
[HTTP] 
[HTTP] --> POST /wd/hub/session/2a6a7498-41d2-46c1-befa-e7d89321a226/element/5002/value
[HTTP] {"id":"5002","value":["60602"]}
[HTTP] <-- POST /wd/hub/session/2a6a7498-41d2-46c1-befa-e7d89321a226/element/5002/value 200 1899 ms - 76
[HTTP] 
[HTTP] --> POST /wd/hub/session/2a6a7498-41d2-46c1-befa-e7d89321a226/elements
[HTTP] {"using":"xpath","value":"//input[@id = 'dob-0' and @type = 'tel' and @placeholder = 'mm/dd/yyyy']"}
[HTTP] <-- POST /wd/hub/session/2a6a7498-41d2-46c1-befa-e7d89321a226/elements 200 677 ms - 92
[HTTP] 
[HTTP] --> GET /wd/hub/session/2a6a7498-41d2-46c1-befa-e7d89321a226
[HTTP] {}
[XCUITest] Merging WDA caps over Appium caps for session detail response
[HTTP] <-- GET /wd/hub/session/2a6a7498-41d2-46c1-befa-e7d89321a226 200 3 ms - 627
[HTTP] 
[HTTP] --> GET /wd/hub/session/2a6a7498-41d2-46c1-befa-e7d89321a226
[HTTP] {}
[XCUITest] Merging WDA caps over Appium caps for session detail response
[HTTP] <-- GET /wd/hub/session/2a6a7498-41d2-46c1-befa-e7d89321a226 200 2 ms - 627
[HTTP] 
[HTTP] --> GET /wd/hub/session/2a6a7498-41d2-46c1-befa-e7d89321a226
[HTTP] {}
[XCUITest] Merging WDA caps over Appium caps for session detail response
[HTTP] <-- GET /wd/hub/session/2a6a7498-41d2-46c1-befa-e7d89321a226 200 3 ms - 627
[HTTP] 
[HTTP] --> GET /wd/hub/session/2a6a7498-41d2-46c1-befa-e7d89321a226
[HTTP] {}
[XCUITest] Merging WDA caps over Appium caps for session detail response
[HTTP] <-- GET /wd/hub/session/2a6a7498-41d2-46c1-befa-e7d89321a226 200 2 ms - 627
[HTTP] 
[HTTP] --> POST /wd/hub/session/2a6a7498-41d2-46c1-befa-e7d89321a226/element/5003/clear
[HTTP] {"id":"5003"}
[HTTP] <-- POST /wd/hub/session/2a6a7498-41d2-46c1-befa-e7d89321a226/element/5003/clear 200 536 ms - 76
[HTTP] 
[HTTP] --> POST /wd/hub/session/2a6a7498-41d2-46c1-befa-e7d89321a226/elements
[HTTP] {"using":"xpath","value":"//input[@id = 'dob-0' and @type = 'tel' and @placeholder = 'mm/dd/yyyy']"}
[HTTP] <-- POST /wd/hub/session/2a6a7498-41d2-46c1-befa-e7d89321a226/elements 200 922 ms - 92
[HTTP] 
[HTTP] --> GET /wd/hub/session/2a6a7498-41d2-46c1-befa-e7d89321a226
[HTTP] {}
[XCUITest] Merging WDA caps over Appium caps for session detail response
[HTTP] <-- GET /wd/hub/session/2a6a7498-41d2-46c1-befa-e7d89321a226 200 4 ms - 627
[HTTP] 
[HTTP] --> GET /wd/hub/session/2a6a7498-41d2-46c1-befa-e7d89321a226
[HTTP] {}
[XCUITest] Merging WDA caps over Appium caps for session detail response
[HTTP] <-- GET /wd/hub/session/2a6a7498-41d2-46c1-befa-e7d89321a226 200 2 ms - 627
[HTTP] 
[HTTP] --> GET /wd/hub/session/2a6a7498-41d2-46c1-befa-e7d89321a226
[HTTP] {}
[XCUITest] Merging WDA caps over Appium caps for session detail response
[HTTP] <-- GET /wd/hub/session/2a6a7498-41d2-46c1-befa-e7d89321a226 200 2 ms - 627
[HTTP] 
[HTTP] --> GET /wd/hub/session/2a6a7498-41d2-46c1-befa-e7d89321a226
[HTTP] {}
[XCUITest] Merging WDA caps over Appium caps for session detail response
[HTTP] <-- GET /wd/hub/session/2a6a7498-41d2-46c1-befa-e7d89321a226 200 2 ms - 627
[HTTP] 
[HTTP] --> POST /wd/hub/session/2a6a7498-41d2-46c1-befa-e7d89321a226/element/5004/value
[HTTP] {"id":"5004","value":["03/03/1987"]}
[HTTP] <-- POST /wd/hub/session/2a6a7498-41d2-46c1-befa-e7d89321a226/element/5004/value 200 1570 ms - 76
[HTTP] 
[HTTP] --> POST /wd/hub/session/2a6a7498-41d2-46c1-befa-e7d89321a226/elements
[HTTP] {"using":"xpath","value":"//label[(text() = 'Male' or . = 'Male')]"}
[HTTP] <-- POST /wd/hub/session/2a6a7498-41d2-46c1-befa-e7d89321a226/elements 200 2263 ms - 92
[HTTP] 
[HTTP] --> GET /wd/hub/session/2a6a7498-41d2-46c1-befa-e7d89321a226
[HTTP] {}
[XCUITest] Merging WDA caps over Appium caps for session detail response
[HTTP] <-- GET /wd/hub/session/2a6a7498-41d2-46c1-befa-e7d89321a226 200 2 ms - 627
[HTTP] 
[HTTP] --> GET /wd/hub/session/2a6a7498-41d2-46c1-befa-e7d89321a226
[HTTP] {}
[XCUITest] Merging WDA caps over Appium caps for session detail response
[HTTP] <-- GET /wd/hub/session/2a6a7498-41d2-46c1-befa-e7d89321a226 200 2 ms - 627
[HTTP] 
[HTTP] --> GET /wd/hub/session/2a6a7498-41d2-46c1-befa-e7d89321a226
[HTTP] {}
[XCUITest] Merging WDA caps over Appium caps for session detail response
[HTTP] <-- GET /wd/hub/session/2a6a7498-41d2-46c1-befa-e7d89321a226 200 2 ms - 627
[HTTP] 
[HTTP] --> GET /wd/hub/session/2a6a7498-41d2-46c1-befa-e7d89321a226
[HTTP] {}
[XCUITest] Merging WDA caps over Appium caps for session detail response
[HTTP] <-- GET /wd/hub/session/2a6a7498-41d2-46c1-befa-e7d89321a226 200 2 ms - 627
[HTTP] 
[HTTP] --> POST /wd/hub/session/2a6a7498-41d2-46c1-befa-e7d89321a226/element/5005/click
[HTTP] {"id":"5005"}
[HTTP] <-- POST /wd/hub/session/2a6a7498-41d2-46c1-befa-e7d89321a226/element/5005/click 200 1696 ms - 76
[HTTP] 
[HTTP] --> POST /wd/hub/session/2a6a7498-41d2-46c1-befa-e7d89321a226/elements
[HTTP] {"using":"xpath","value":"//label[@id = 'js-see-plans' and @href = '#' and (text() = 'Compare Plans ' or . = 'Compare Plans ')]"}
[HTTP] <-- POST /wd/hub/session/2a6a7498-41d2-46c1-befa-e7d89321a226/elements 200 216 ms - 92
[HTTP] 
[HTTP] --> GET /wd/hub/session/2a6a7498-41d2-46c1-befa-e7d89321a226
[HTTP] {}
[XCUITest] Merging WDA caps over Appium caps for session detail response
[HTTP] <-- GET /wd/hub/session/2a6a7498-41d2-46c1-befa-e7d89321a226 200 3 ms - 627
[HTTP] 
[HTTP] --> GET /wd/hub/session/2a6a7498-41d2-46c1-befa-e7d89321a226
[HTTP] {}
[XCUITest] Merging WDA caps over Appium caps for session detail response
[HTTP] <-- GET /wd/hub/session/2a6a7498-41d2-46c1-befa-e7d89321a226 200 2 ms - 627
[HTTP] 
[HTTP] --> GET /wd/hub/session/2a6a7498-41d2-46c1-befa-e7d89321a226
[HTTP] {}
[XCUITest] Merging WDA caps over Appium caps for session detail response
[HTTP] <-- GET /wd/hub/session/2a6a7498-41d2-46c1-befa-e7d89321a226 200 2 ms - 627
[HTTP] 
[HTTP] --> GET /wd/hub/session/2a6a7498-41d2-46c1-befa-e7d89321a226
[HTTP] {}
[XCUITest] Merging WDA caps over Appium caps for session detail response
[HTTP] <-- GET /wd/hub/session/2a6a7498-41d2-46c1-befa-e7d89321a226 200 2 ms - 627
[HTTP] 
[HTTP] --> POST /wd/hub/session/2a6a7498-41d2-46c1-befa-e7d89321a226/element/5006/click
[HTTP] {"id":"5006"}
[HTTP] <-- POST /wd/hub/session/2a6a7498-41d2-46c1-befa-e7d89321a226/element/5006/click 200 670 ms - 76
[HTTP] 
[HTTP] --> POST /wd/hub/session/2a6a7498-41d2-46c1-befa-e7d89321a226/elements
[HTTP] {"using":"xpath","value":"//*[@href = '/term-health-insurance/plan/slaico-il-plan-2-10000-30-20000-1000000' and @class = 'c-plan-unit-v3__plan-name' and (text() = 'Standard Life Select STM Plan 2 10K/30/1M' or . = 'Standard Life Select STM Plan 2 10K/30/1M')]"}
[HTTP] <-- POST /wd/hub/session/2a6a7498-41d2-46c1-befa-e7d89321a226/elements 200 2330 ms - 92
[HTTP] 
[HTTP] --> GET /wd/hub/session/2a6a7498-41d2-46c1-befa-e7d89321a226
[HTTP] {}
[XCUITest] Merging WDA caps over Appium caps for session detail response
[HTTP] <-- GET /wd/hub/session/2a6a7498-41d2-46c1-befa-e7d89321a226 200 7 ms - 627
[HTTP] 
[HTTP] --> GET /wd/hub/session/2a6a7498-41d2-46c1-befa-e7d89321a226
[HTTP] {}
[XCUITest] Merging WDA caps over Appium caps for session detail response
[HTTP] <-- GET /wd/hub/session/2a6a7498-41d2-46c1-befa-e7d89321a226 200 7 ms - 627
[HTTP] 
[HTTP] --> GET /wd/hub/session/2a6a7498-41d2-46c1-befa-e7d89321a226
[HTTP] {}
[XCUITest] Merging WDA caps over Appium caps for session detail response
[HTTP] <-- GET /wd/hub/session/2a6a7498-41d2-46c1-befa-e7d89321a226 200 5 ms - 627
[HTTP] 
[HTTP] --> GET /wd/hub/session/2a6a7498-41d2-46c1-befa-e7d89321a226
[HTTP] {}
[XCUITest] Merging WDA caps over Appium caps for session detail response
[HTTP] <-- GET /wd/hub/session/2a6a7498-41d2-46c1-befa-e7d89321a226 200 2 ms - 627
[HTTP] 
[HTTP] --> POST /wd/hub/session/2a6a7498-41d2-46c1-befa-e7d89321a226/execute
[HTTP] {"script":"arguments[0].scrollIntoView();","args":[{"ELEMENT":"5007","element-6066-11e4-a52e-4f735466cecf":"5007"}]}
[HTTP] <-- POST /wd/hub/session/2a6a7498-41d2-46c1-befa-e7d89321a226/execute 200 1869 ms - 76
[HTTP] 
[HTTP] --> POST /wd/hub/session/2a6a7498-41d2-46c1-befa-e7d89321a226/elements
[HTTP] {"using":"xpath","value":"//*[@href = '/term-health-insurance/plan/slaico-il-plan-2-10000-30-20000-1000000' and @class = 'c-plan-unit-v3__plan-name' and (text() = 'Standard Life Select STM Plan 2 10K/30/1M' or . = 'Standard Life Select STM Plan 2 10K/30/1M')]"}
[HTTP] <-- POST /wd/hub/session/2a6a7498-41d2-46c1-befa-e7d89321a226/elements 200 1719 ms - 92
[HTTP] 
[HTTP] --> GET /wd/hub/session/2a6a7498-41d2-46c1-befa-e7d89321a226
[HTTP] {}
[XCUITest] Merging WDA caps over Appium caps for session detail response
[HTTP] <-- GET /wd/hub/session/2a6a7498-41d2-46c1-befa-e7d89321a226 200 3 ms - 627
[HTTP] 
[HTTP] --> GET /wd/hub/session/2a6a7498-41d2-46c1-befa-e7d89321a226
[HTTP] {}
[XCUITest] Merging WDA caps over Appium caps for session detail response
[HTTP] <-- GET /wd/hub/session/2a6a7498-41d2-46c1-befa-e7d89321a226 200 2 ms - 627
[HTTP] 
[HTTP] --> GET /wd/hub/session/2a6a7498-41d2-46c1-befa-e7d89321a226
[HTTP] {}
[XCUITest] Merging WDA caps over Appium caps for session detail response
[HTTP] <-- GET /wd/hub/session/2a6a7498-41d2-46c1-befa-e7d89321a226 200 2 ms - 627
[HTTP] 
[HTTP] --> GET /wd/hub/session/2a6a7498-41d2-46c1-befa-e7d89321a226
[HTTP] {}
[XCUITest] Merging WDA caps over Appium caps for session detail response
[HTTP] <-- GET /wd/hub/session/2a6a7498-41d2-46c1-befa-e7d89321a226 200 2 ms - 627
[HTTP] 
[HTTP] --> POST /wd/hub/session/2a6a7498-41d2-46c1-befa-e7d89321a226/element/5008/click
[HTTP] {"id":"5008"}
[HTTP] <-- POST /wd/hub/session/2a6a7498-41d2-46c1-befa-e7d89321a226/element/5008/click 200 1745 ms - 76
[HTTP] 
[HTTP] --> POST /wd/hub/session/2a6a7498-41d2-46c1-befa-e7d89321a226/elements
[HTTP] {"using":"xpath","value":"//*[@id = 'plan-details-primary-apply' and @href = '/term-health-insurance/apply/slaico-il-plan-2-10000-30-20000-1000000' and (text() = 'Apply for This Plan' or . = 'Apply for This Plan')]"}
[HTTP] <-- POST /wd/hub/session/2a6a7498-41d2-46c1-befa-e7d89321a226/elements 200 294 ms - 92
[HTTP] 
[HTTP] --> GET /wd/hub/session/2a6a7498-41d2-46c1-befa-e7d89321a226
[HTTP] {}
[XCUITest] Merging WDA caps over Appium caps for session detail response
[HTTP] <-- GET /wd/hub/session/2a6a7498-41d2-46c1-befa-e7d89321a226 200 2 ms - 627
[HTTP] 
[HTTP] --> GET /wd/hub/session/2a6a7498-41d2-46c1-befa-e7d89321a226
[HTTP] {}
[XCUITest] Merging WDA caps over Appium caps for session detail response
[HTTP] <-- GET /wd/hub/session/2a6a7498-41d2-46c1-befa-e7d89321a226 200 2 ms - 627
[HTTP] 
[HTTP] --> GET /wd/hub/session/2a6a7498-41d2-46c1-befa-e7d89321a226
[HTTP] {}
[XCUITest] Merging WDA caps over Appium caps for session detail response
[HTTP] <-- GET /wd/hub/session/2a6a7498-41d2-46c1-befa-e7d89321a226 200 2 ms - 627
[HTTP] 
[HTTP] --> GET /wd/hub/session/2a6a7498-41d2-46c1-befa-e7d89321a226
[HTTP] {}
[XCUITest] Merging WDA caps over Appium caps for session detail response
[HTTP] <-- GET /wd/hub/session/2a6a7498-41d2-46c1-befa-e7d89321a226 200 2 ms - 627
[HTTP] 
[HTTP] --> GET /wd/hub/session/2a6a7498-41d2-46c1-befa-e7d89321a226/element/5009/displayed
[HTTP] {}
[HTTP] <-- GET /wd/hub/session/2a6a7498-41d2-46c1-befa-e7d89321a226/element/5009/displayed 200 298 ms - 76
[HTTP] 
[HTTP] --> POST /wd/hub/session/2a6a7498-41d2-46c1-befa-e7d89321a226/elements
[HTTP] {"using":"xpath","value":"//*[@id = 'plan-details-primary-apply' and @href = '/term-health-insurance/apply/slaico-il-plan-2-10000-30-20000-1000000' and (text() = 'Apply for This Plan' or . = 'Apply for This Plan')]"}
[HTTP] <-- POST /wd/hub/session/2a6a7498-41d2-46c1-befa-e7d89321a226/elements 200 306 ms - 92
[HTTP] 
[HTTP] --> GET /wd/hub/session/2a6a7498-41d2-46c1-befa-e7d89321a226
[HTTP] {}
[XCUITest] Merging WDA caps over Appium caps for session detail response
[HTTP] <-- GET /wd/hub/session/2a6a7498-41d2-46c1-befa-e7d89321a226 200 2 ms - 627
[HTTP] 
[HTTP] --> GET /wd/hub/session/2a6a7498-41d2-46c1-befa-e7d89321a226
[HTTP] {}
[XCUITest] Merging WDA caps over Appium caps for session detail response
[HTTP] <-- GET /wd/hub/session/2a6a7498-41d2-46c1-befa-e7d89321a226 200 2 ms - 627
[HTTP] 
[HTTP] --> GET /wd/hub/session/2a6a7498-41d2-46c1-befa-e7d89321a226
[HTTP] {}
[XCUITest] Merging WDA caps over Appium caps for session detail response
[HTTP] <-- GET /wd/hub/session/2a6a7498-41d2-46c1-befa-e7d89321a226 200 2 ms - 627
[HTTP] 
[HTTP] --> GET /wd/hub/session/2a6a7498-41d2-46c1-befa-e7d89321a226
[HTTP] {}
[XCUITest] Merging WDA caps over Appium caps for session detail response
[HTTP] <-- GET /wd/hub/session/2a6a7498-41d2-46c1-befa-e7d89321a226 200 2 ms - 627
[HTTP] 
[HTTP] --> POST /wd/hub/session/2a6a7498-41d2-46c1-befa-e7d89321a226/element/5010/click
[HTTP] {"id":"5010"}
[HTTP] <-- POST /wd/hub/session/2a6a7498-41d2-46c1-befa-e7d89321a226/element/5010/click 200 473 ms - 76
[HTTP] 
[HTTP] --> POST /wd/hub/session/2a6a7498-41d2-46c1-befa-e7d89321a226/elements
[HTTP] {"using":"xpath","value":"id(\"applyButton\")[count(. | //*[@id = 'applyButton' and (text() = ' Start Secure Application' or . = ' Start Secure Application')]) = count(//*[@id = 'applyButton' and (text() = ' Start Secure Application' or . = ' Start Secure Application')])]"}
[HTTP] <-- POST /wd/hub/session/2a6a7498-41d2-46c1-befa-e7d89321a226/elements 200 1921 ms - 74
[HTTP] 
[HTTP] --> POST /wd/hub/session/2a6a7498-41d2-46c1-befa-e7d89321a226/elements
[HTTP] {"using":"xpath","value":"id(\"applyButton\")[count(. | //*[@id = 'applyButton' and (text() = ' Start Secure Application' or . = ' Start Secure Application')]) = count(//*[@id = 'applyButton' and (text() = ' Start Secure Application' or . = ' Start Secure Application')])]"}
[HTTP] <-- POST /wd/hub/session/2a6a7498-41d2-46c1-befa-e7d89321a226/elements 200 221 ms - 92
[HTTP] 
[HTTP] --> GET /wd/hub/session/2a6a7498-41d2-46c1-befa-e7d89321a226
[HTTP] {}
[XCUITest] Merging WDA caps over Appium caps for session detail response
[HTTP] <-- GET /wd/hub/session/2a6a7498-41d2-46c1-befa-e7d89321a226 200 4 ms - 627
[HTTP] 
[HTTP] --> GET /wd/hub/session/2a6a7498-41d2-46c1-befa-e7d89321a226
[HTTP] {}
[XCUITest] Merging WDA caps over Appium caps for session detail response
[HTTP] <-- GET /wd/hub/session/2a6a7498-41d2-46c1-befa-e7d89321a226 200 2 ms - 627
[HTTP] 
[HTTP] --> GET /wd/hub/session/2a6a7498-41d2-46c1-befa-e7d89321a226
[HTTP] {}
[XCUITest] Merging WDA caps over Appium caps for session detail response
[HTTP] <-- GET /wd/hub/session/2a6a7498-41d2-46c1-befa-e7d89321a226 200 2 ms - 627
[HTTP] 
[HTTP] --> GET /wd/hub/session/2a6a7498-41d2-46c1-befa-e7d89321a226
[HTTP] {}
[XCUITest] Merging WDA caps over Appium caps for session detail response
[HTTP] <-- GET /wd/hub/session/2a6a7498-41d2-46c1-befa-e7d89321a226 200 2 ms - 627
[HTTP] 
[HTTP] --> GET /wd/hub/session/2a6a7498-41d2-46c1-befa-e7d89321a226/element/5011/displayed
[HTTP] {}
[HTTP] <-- GET /wd/hub/session/2a6a7498-41d2-46c1-befa-e7d89321a226/element/5011/displayed 200 527 ms - 76
[HTTP] 
[HTTP] --> POST /wd/hub/session/2a6a7498-41d2-46c1-befa-e7d89321a226/elements
[HTTP] {"using":"xpath","value":"id(\"applyButton\")[count(. | //*[@id = 'applyButton' and (text() = ' Start Secure Application' or . = ' Start Secure Application')]) = count(//*[@id = 'applyButton' and (text() = ' Start Secure Application' or . = ' Start Secure Application')])]"}
[HTTP] <-- POST /wd/hub/session/2a6a7498-41d2-46c1-befa-e7d89321a226/elements 200 371 ms - 92
[HTTP] 
[HTTP] --> GET /wd/hub/session/2a6a7498-41d2-46c1-befa-e7d89321a226
[HTTP] {}
[XCUITest] Merging WDA caps over Appium caps for session detail response
[HTTP] <-- GET /wd/hub/session/2a6a7498-41d2-46c1-befa-e7d89321a226 200 2 ms - 627
[HTTP] 
[HTTP] --> GET /wd/hub/session/2a6a7498-41d2-46c1-befa-e7d89321a226
[HTTP] {}
[XCUITest] Merging WDA caps over Appium caps for session detail response
[HTTP] <-- GET /wd/hub/session/2a6a7498-41d2-46c1-befa-e7d89321a226 200 2 ms - 627
[HTTP] 
[HTTP] --> GET /wd/hub/session/2a6a7498-41d2-46c1-befa-e7d89321a226
[HTTP] {}
[XCUITest] Merging WDA caps over Appium caps for session detail response
[HTTP] <-- GET /wd/hub/session/2a6a7498-41d2-46c1-befa-e7d89321a226 200 2 ms - 627
[HTTP] 
[HTTP] --> GET /wd/hub/session/2a6a7498-41d2-46c1-befa-e7d89321a226
[HTTP] {}
[XCUITest] Merging WDA caps over Appium caps for session detail response
[HTTP] <-- GET /wd/hub/session/2a6a7498-41d2-46c1-befa-e7d89321a226 200 4 ms - 627
[HTTP] 
[HTTP] --> POST /wd/hub/session/2a6a7498-41d2-46c1-befa-e7d89321a226/element/5012/click
[HTTP] {"id":"5012"}
[HTTP] <-- POST /wd/hub/session/2a6a7498-41d2-46c1-befa-e7d89321a226/element/5012/click 200 424 ms - 76
[HTTP] 
[HTTP] --> POST /wd/hub/session/2a6a7498-41d2-46c1-befa-e7d89321a226/execute
[HTTP] {"script":"return document.readyState","args":[]}
[HTTP] <-- POST /wd/hub/session/2a6a7498-41d2-46c1-befa-e7d89321a226/execute 200 622 ms - 82
[HTTP] 
[HTTP] --> POST /wd/hub/session/2a6a7498-41d2-46c1-befa-e7d89321a226/elements
[HTTP] {"using":"xpath","value":"//button[(text() = 'No' or . = 'No')]"}
[HTTP] <-- POST /wd/hub/session/2a6a7498-41d2-46c1-befa-e7d89321a226/elements 200 523 ms - 74
[HTTP] 
[HTTP] --> POST /wd/hub/session/2a6a7498-41d2-46c1-befa-e7d89321a226/elements
[HTTP] {"using":"xpath","value":"//button[(text() = 'No' or . = 'No')]"}
[HTTP] <-- POST /wd/hub/session/2a6a7498-41d2-46c1-befa-e7d89321a226/elements 200 954 ms - 74
[HTTP] 
[HTTP] --> POST /wd/hub/session/2a6a7498-41d2-46c1-befa-e7d89321a226/elements
[HTTP] {"using":"xpath","value":"//button[(text() = 'No' or . = 'No')]"}
[HTTP] <-- POST /wd/hub/session/2a6a7498-41d2-46c1-befa-e7d89321a226/elements 200 1050 ms - 74
[HTTP] 
[HTTP] --> POST /wd/hub/session/2a6a7498-41d2-46c1-befa-e7d89321a226/elements
[HTTP] {"using":"xpath","value":"//button[(text() = 'No' or . = 'No')]"}
[HTTP] <-- POST /wd/hub/session/2a6a7498-41d2-46c1-befa-e7d89321a226/elements 200 535 ms - 74
[HTTP] 
[HTTP] --> POST /wd/hub/session/2a6a7498-41d2-46c1-befa-e7d89321a226/elements
[HTTP] {"using":"xpath","value":"//button[(text() = 'No' or . = 'No')]"}
[HTTP] <-- POST /wd/hub/session/2a6a7498-41d2-46c1-befa-e7d89321a226/elements 200 506 ms - 74
[HTTP] 
[HTTP] --> POST /wd/hub/session/2a6a7498-41d2-46c1-befa-e7d89321a226/elements
[HTTP] {"using":"xpath","value":"//button[(text() = 'No' or . = 'No')]"}
[HTTP] <-- POST /wd/hub/session/2a6a7498-41d2-46c1-befa-e7d89321a226/elements 200 306 ms - 74
[HTTP] 
[HTTP] --> POST /wd/hub/session/2a6a7498-41d2-46c1-befa-e7d89321a226/elements
[HTTP] {"using":"xpath","value":"//button[(text() = 'No' or . = 'No')]"}
[HTTP] <-- POST /wd/hub/session/2a6a7498-41d2-46c1-befa-e7d89321a226/elements 200 307 ms - 74
[HTTP] 
[HTTP] --> POST /wd/hub/session/2a6a7498-41d2-46c1-befa-e7d89321a226/elements
[HTTP] {"using":"xpath","value":"//button[(text() = 'No' or . = 'No')]"}
[HTTP] <-- POST /wd/hub/session/2a6a7498-41d2-46c1-befa-e7d89321a226/elements 200 378 ms - 187
[HTTP] 
[HTTP] --> GET /wd/hub/session/2a6a7498-41d2-46c1-befa-e7d89321a226
[HTTP] {}
[XCUITest] Merging WDA caps over Appium caps for session detail response
[HTTP] <-- GET /wd/hub/session/2a6a7498-41d2-46c1-befa-e7d89321a226 200 2 ms - 627
[HTTP] 
[HTTP] --> GET /wd/hub/session/2a6a7498-41d2-46c1-befa-e7d89321a226
[HTTP] {}
[XCUITest] Merging WDA caps over Appium caps for session detail response
[HTTP] <-- GET /wd/hub/session/2a6a7498-41d2-46c1-befa-e7d89321a226 200 3 ms - 627
[HTTP] 
[HTTP] --> GET /wd/hub/session/2a6a7498-41d2-46c1-befa-e7d89321a226
[HTTP] {}
[XCUITest] Merging WDA caps over Appium caps for session detail response
[HTTP] <-- GET /wd/hub/session/2a6a7498-41d2-46c1-befa-e7d89321a226 200 2 ms - 627
[HTTP] 
[HTTP] --> GET /wd/hub/session/2a6a7498-41d2-46c1-befa-e7d89321a226
[HTTP] {}
[XCUITest] Merging WDA caps over Appium caps for session detail response
[HTTP] <-- GET /wd/hub/session/2a6a7498-41d2-46c1-befa-e7d89321a226 200 2 ms - 627
[HTTP] 
[HTTP] --> GET /wd/hub/session/2a6a7498-41d2-46c1-befa-e7d89321a226
[HTTP] {}
[XCUITest] Merging WDA caps over Appium caps for session detail response
[HTTP] <-- GET /wd/hub/session/2a6a7498-41d2-46c1-befa-e7d89321a226 200 3 ms - 627
[HTTP] 
[HTTP] --> GET /wd/hub/session/2a6a7498-41d2-46c1-befa-e7d89321a226
[HTTP] {}
[XCUITest] Merging WDA caps over Appium caps for session detail response
[HTTP] <-- GET /wd/hub/session/2a6a7498-41d2-46c1-befa-e7d89321a226 200 2 ms - 627
[HTTP] 
[HTTP] --> GET /wd/hub/session/2a6a7498-41d2-46c1-befa-e7d89321a226
[HTTP] {}
[XCUITest] Merging WDA caps over Appium caps for session detail response
[HTTP] <-- GET /wd/hub/session/2a6a7498-41d2-46c1-befa-e7d89321a226 200 2 ms - 627
[HTTP] 
[HTTP] --> GET /wd/hub/session/2a6a7498-41d2-46c1-befa-e7d89321a226
[HTTP] {}
[XCUITest] Merging WDA caps over Appium caps for session detail response
[HTTP] <-- GET /wd/hub/session/2a6a7498-41d2-46c1-befa-e7d89321a226 200 2 ms - 627
[HTTP] 
[HTTP] --> GET /wd/hub/session/2a6a7498-41d2-46c1-befa-e7d89321a226
[HTTP] {}
[XCUITest] Merging WDA caps over Appium caps for session detail response
[HTTP] <-- GET /wd/hub/session/2a6a7498-41d2-46c1-befa-e7d89321a226 200 2 ms - 627
[HTTP] 
[HTTP] --> GET /wd/hub/session/2a6a7498-41d2-46c1-befa-e7d89321a226
[HTTP] {}
[XCUITest] Merging WDA caps over Appium caps for session detail response
[HTTP] <-- GET /wd/hub/session/2a6a7498-41d2-46c1-befa-e7d89321a226 200 2 ms - 627
[HTTP] 
[HTTP] --> GET /wd/hub/session/2a6a7498-41d2-46c1-befa-e7d89321a226
[HTTP] {}
[XCUITest] Merging WDA caps over Appium caps for session detail response
[HTTP] <-- GET /wd/hub/session/2a6a7498-41d2-46c1-befa-e7d89321a226 200 2 ms - 627
[HTTP] 
[HTTP] --> GET /wd/hub/session/2a6a7498-41d2-46c1-befa-e7d89321a226
[HTTP] {}
[XCUITest] Merging WDA caps over Appium caps for session detail response
[HTTP] <-- GET /wd/hub/session/2a6a7498-41d2-46c1-befa-e7d89321a226 200 2 ms - 627
[HTTP] 
[HTTP] --> GET /wd/hub/session/2a6a7498-41d2-46c1-befa-e7d89321a226
[HTTP] {}
[XCUITest] Merging WDA caps over Appium caps for session detail response
[HTTP] <-- GET /wd/hub/session/2a6a7498-41d2-46c1-befa-e7d89321a226 200 2 ms - 627
[HTTP] 
[HTTP] --> GET /wd/hub/session/2a6a7498-41d2-46c1-befa-e7d89321a226
[HTTP] {}
[XCUITest] Merging WDA caps over Appium caps for session detail response
[HTTP] <-- GET /wd/hub/session/2a6a7498-41d2-46c1-befa-e7d89321a226 200 2 ms - 627
[HTTP] 
[HTTP] --> GET /wd/hub/session/2a6a7498-41d2-46c1-befa-e7d89321a226
[HTTP] {}
[XCUITest] Merging WDA caps over Appium caps for session detail response
[HTTP] <-- GET /wd/hub/session/2a6a7498-41d2-46c1-befa-e7d89321a226 200 2 ms - 627
[HTTP] 
[HTTP] --> GET /wd/hub/session/2a6a7498-41d2-46c1-befa-e7d89321a226
[HTTP] {}
[XCUITest] Merging WDA caps over Appium caps for session detail response
[HTTP] <-- GET /wd/hub/session/2a6a7498-41d2-46c1-befa-e7d89321a226 200 2 ms - 627
[HTTP] 
[HTTP] --> GET /wd/hub/session/2a6a7498-41d2-46c1-befa-e7d89321a226
[HTTP] {}
[XCUITest] Merging WDA caps over Appium caps for session detail response
[HTTP] <-- GET /wd/hub/session/2a6a7498-41d2-46c1-befa-e7d89321a226 200 2 ms - 627
[HTTP] 
[HTTP] --> GET /wd/hub/session/2a6a7498-41d2-46c1-befa-e7d89321a226
[HTTP] {}
[XCUITest] Merging WDA caps over Appium caps for session detail response
[HTTP] <-- GET /wd/hub/session/2a6a7498-41d2-46c1-befa-e7d89321a226 200 1 ms - 627
[HTTP] 
[HTTP] --> GET /wd/hub/session/2a6a7498-41d2-46c1-befa-e7d89321a226
[HTTP] {}
[XCUITest] Merging WDA caps over Appium caps for session detail response
[HTTP] <-- GET /wd/hub/session/2a6a7498-41d2-46c1-befa-e7d89321a226 200 2 ms - 627
[HTTP] 
[HTTP] --> GET /wd/hub/session/2a6a7498-41d2-46c1-befa-e7d89321a226
[HTTP] {}
[XCUITest] Merging WDA caps over Appium caps for session detail response
[HTTP] <-- GET /wd/hub/session/2a6a7498-41d2-46c1-befa-e7d89321a226 200 8 ms - 627
[HTTP] 
[HTTP] --> GET /wd/hub/session/2a6a7498-41d2-46c1-befa-e7d89321a226
[HTTP] {}
[XCUITest] Merging WDA caps over Appium caps for session detail response
[HTTP] <-- GET /wd/hub/session/2a6a7498-41d2-46c1-befa-e7d89321a226 200 2 ms - 627
[HTTP] 
[HTTP] --> GET /wd/hub/session/2a6a7498-41d2-46c1-befa-e7d89321a226
[HTTP] {}
[XCUITest] Merging WDA caps over Appium caps for session detail response
[HTTP] <-- GET /wd/hub/session/2a6a7498-41d2-46c1-befa-e7d89321a226 200 2 ms - 627
[HTTP] 
[HTTP] --> GET /wd/hub/session/2a6a7498-41d2-46c1-befa-e7d89321a226
[HTTP] {}
[XCUITest] Merging WDA caps over Appium caps for session detail response
[HTTP] <-- GET /wd/hub/session/2a6a7498-41d2-46c1-befa-e7d89321a226 200 2 ms - 627
[HTTP] 
[HTTP] --> GET /wd/hub/session/2a6a7498-41d2-46c1-befa-e7d89321a226
[HTTP] {}
[XCUITest] Merging WDA caps over Appium caps for session detail response
[HTTP] <-- GET /wd/hub/session/2a6a7498-41d2-46c1-befa-e7d89321a226 200 1 ms - 627
[HTTP] 
[HTTP] --> POST /wd/hub/session/2a6a7498-41d2-46c1-befa-e7d89321a226/element/5013/click
[HTTP] {"id":"5013"}
[HTTP] <-- POST /wd/hub/session/2a6a7498-41d2-46c1-befa-e7d89321a226/element/5013/click 200 736 ms - 76
[HTTP] 
[HTTP] --> POST /wd/hub/session/2a6a7498-41d2-46c1-befa-e7d89321a226/elements
[HTTP] {"using":"xpath","value":"//li[2]/div/button"}
[HTTP] <-- POST /wd/hub/session/2a6a7498-41d2-46c1-befa-e7d89321a226/elements 200 501 ms - 111
[HTTP] 
[HTTP] --> GET /wd/hub/session/2a6a7498-41d2-46c1-befa-e7d89321a226
[HTTP] {}
[XCUITest] Merging WDA caps over Appium caps for session detail response
[HTTP] <-- GET /wd/hub/session/2a6a7498-41d2-46c1-befa-e7d89321a226 200 2 ms - 627
[HTTP] 
[HTTP] --> GET /wd/hub/session/2a6a7498-41d2-46c1-befa-e7d89321a226
[HTTP] {}
[XCUITest] Merging WDA caps over Appium caps for session detail response
[HTTP] <-- GET /wd/hub/session/2a6a7498-41d2-46c1-befa-e7d89321a226 200 2 ms - 627
[HTTP] 
[HTTP] --> GET /wd/hub/session/2a6a7498-41d2-46c1-befa-e7d89321a226
[HTTP] {}
[XCUITest] Merging WDA caps over Appium caps for session detail response
[HTTP] <-- GET /wd/hub/session/2a6a7498-41d2-46c1-befa-e7d89321a226 200 3 ms - 627
[HTTP] 
[HTTP] --> GET /wd/hub/session/2a6a7498-41d2-46c1-befa-e7d89321a226
[HTTP] {}
[XCUITest] Merging WDA caps over Appium caps for session detail response
[HTTP] <-- GET /wd/hub/session/2a6a7498-41d2-46c1-befa-e7d89321a226 200 2 ms - 627
[HTTP] 
[HTTP] --> GET /wd/hub/session/2a6a7498-41d2-46c1-befa-e7d89321a226
[HTTP] {}
[XCUITest] Merging WDA caps over Appium caps for session detail response
[HTTP] <-- GET /wd/hub/session/2a6a7498-41d2-46c1-befa-e7d89321a226 200 2 ms - 627
[HTTP] 
[HTTP] --> GET /wd/hub/session/2a6a7498-41d2-46c1-befa-e7d89321a226
[HTTP] {}
[XCUITest] Merging WDA caps over Appium caps for session detail response
[HTTP] <-- GET /wd/hub/session/2a6a7498-41d2-46c1-befa-e7d89321a226 200 3 ms - 627
[HTTP] 
[HTTP] --> GET /wd/hub/session/2a6a7498-41d2-46c1-befa-e7d89321a226
[HTTP] {}
[XCUITest] Merging WDA caps over Appium caps for session detail response
[HTTP] <-- GET /wd/hub/session/2a6a7498-41d2-46c1-befa-e7d89321a226 200 2 ms - 627
[HTTP] 
[HTTP] --> GET /wd/hub/session/2a6a7498-41d2-46c1-befa-e7d89321a226
[HTTP] {}
[XCUITest] Merging WDA caps over Appium caps for session detail response
[HTTP] <-- GET /wd/hub/session/2a6a7498-41d2-46c1-befa-e7d89321a226 200 3 ms - 627
[HTTP] 
[HTTP] --> GET /wd/hub/session/2a6a7498-41d2-46c1-befa-e7d89321a226/element/5019/displayed
[HTTP] {}
[HTTP] <-- GET /wd/hub/session/2a6a7498-41d2-46c1-befa-e7d89321a226/element/5019/displayed 200 3090 ms - 76
[HTTP] 
[HTTP] --> POST /wd/hub/session/2a6a7498-41d2-46c1-befa-e7d89321a226/elements
[HTTP] {"using":"xpath","value":"//li[2]/div/button"}
[HTTP] <-- POST /wd/hub/session/2a6a7498-41d2-46c1-befa-e7d89321a226/elements 200 811 ms - 111
[HTTP] 
[HTTP] --> GET /wd/hub/session/2a6a7498-41d2-46c1-befa-e7d89321a226
[HTTP] {}
[XCUITest] Merging WDA caps over Appium caps for session detail response
[HTTP] <-- GET /wd/hub/session/2a6a7498-41d2-46c1-befa-e7d89321a226 200 2 ms - 627
[HTTP] 
[HTTP] --> GET /wd/hub/session/2a6a7498-41d2-46c1-befa-e7d89321a226
[HTTP] {}
[XCUITest] Merging WDA caps over Appium caps for session detail response
[HTTP] <-- GET /wd/hub/session/2a6a7498-41d2-46c1-befa-e7d89321a226 200 2 ms - 627
[HTTP] 
[HTTP] --> GET /wd/hub/session/2a6a7498-41d2-46c1-befa-e7d89321a226
[HTTP] {}
[XCUITest] Merging WDA caps over Appium caps for session detail response
[HTTP] <-- GET /wd/hub/session/2a6a7498-41d2-46c1-befa-e7d89321a226 200 2 ms - 627
[HTTP] 
[HTTP] --> GET /wd/hub/session/2a6a7498-41d2-46c1-befa-e7d89321a226
[HTTP] {}
[XCUITest] Merging WDA caps over Appium caps for session detail response
[HTTP] <-- GET /wd/hub/session/2a6a7498-41d2-46c1-befa-e7d89321a226 200 1 ms - 627
[HTTP] 
[HTTP] --> GET /wd/hub/session/2a6a7498-41d2-46c1-befa-e7d89321a226
[HTTP] {}
[XCUITest] Merging WDA caps over Appium caps for session detail response
[HTTP] <-- GET /wd/hub/session/2a6a7498-41d2-46c1-befa-e7d89321a226 200 1 ms - 627
[HTTP] 
[HTTP] --> GET /wd/hub/session/2a6a7498-41d2-46c1-befa-e7d89321a226
[HTTP] {}
[XCUITest] Merging WDA caps over Appium caps for session detail response
[HTTP] <-- GET /wd/hub/session/2a6a7498-41d2-46c1-befa-e7d89321a226 200 2 ms - 627
[HTTP] 
[HTTP] --> GET /wd/hub/session/2a6a7498-41d2-46c1-befa-e7d89321a226
[HTTP] {}
[XCUITest] Merging WDA caps over Appium caps for session detail response
[HTTP] <-- GET /wd/hub/session/2a6a7498-41d2-46c1-befa-e7d89321a226 200 1 ms - 627
[HTTP] 
[HTTP] --> GET /wd/hub/session/2a6a7498-41d2-46c1-befa-e7d89321a226
[HTTP] {}
[XCUITest] Merging WDA caps over Appium caps for session detail response
[HTTP] <-- GET /wd/hub/session/2a6a7498-41d2-46c1-befa-e7d89321a226 200 1 ms - 627
[HTTP] 
[HTTP] --> POST /wd/hub/session/2a6a7498-41d2-46c1-befa-e7d89321a226/element/5021/click
[HTTP] {"id":"5021"}
[HTTP] <-- POST /wd/hub/session/2a6a7498-41d2-46c1-befa-e7d89321a226/element/5021/click 200 544 ms - 76
[HTTP] 
[HTTP] --> POST /wd/hub/session/2a6a7498-41d2-46c1-befa-e7d89321a226/elements
[HTTP] {"using":"xpath","value":"//li[3]/div/button"}
[HTTP] <-- POST /wd/hub/session/2a6a7498-41d2-46c1-befa-e7d89321a226/elements 200 1729 ms - 111
[HTTP] 
[HTTP] --> GET /wd/hub/session/2a6a7498-41d2-46c1-befa-e7d89321a226
[HTTP] {}
[XCUITest] Merging WDA caps over Appium caps for session detail response
[HTTP] <-- GET /wd/hub/session/2a6a7498-41d2-46c1-befa-e7d89321a226 200 2 ms - 627
[HTTP] 
[HTTP] --> GET /wd/hub/session/2a6a7498-41d2-46c1-befa-e7d89321a226
[HTTP] {}
[XCUITest] Merging WDA caps over Appium caps for session detail response
[HTTP] <-- GET /wd/hub/session/2a6a7498-41d2-46c1-befa-e7d89321a226 200 1 ms - 627
[HTTP] 
[HTTP] --> GET /wd/hub/session/2a6a7498-41d2-46c1-befa-e7d89321a226
[HTTP] {}
[XCUITest] Merging WDA caps over Appium caps for session detail response
[HTTP] <-- GET /wd/hub/session/2a6a7498-41d2-46c1-befa-e7d89321a226 200 1 ms - 627
[HTTP] 
[HTTP] --> GET /wd/hub/session/2a6a7498-41d2-46c1-befa-e7d89321a226
[HTTP] {}
[XCUITest] Merging WDA caps over Appium caps for session detail response
[HTTP] <-- GET /wd/hub/session/2a6a7498-41d2-46c1-befa-e7d89321a226 200 3 ms - 627
[HTTP] 
[HTTP] --> GET /wd/hub/session/2a6a7498-41d2-46c1-befa-e7d89321a226
[HTTP] {}
[XCUITest] Merging WDA caps over Appium caps for session detail response
[HTTP] <-- GET /wd/hub/session/2a6a7498-41d2-46c1-befa-e7d89321a226 200 2 ms - 627
[HTTP] 
[HTTP] --> GET /wd/hub/session/2a6a7498-41d2-46c1-befa-e7d89321a226
[HTTP] {}
[XCUITest] Merging WDA caps over Appium caps for session detail response
[HTTP] <-- GET /wd/hub/session/2a6a7498-41d2-46c1-befa-e7d89321a226 200 2 ms - 627
[HTTP] 
[HTTP] --> GET /wd/hub/session/2a6a7498-41d2-46c1-befa-e7d89321a226
[HTTP] {}
[XCUITest] Merging WDA caps over Appium caps for session detail response
[HTTP] <-- GET /wd/hub/session/2a6a7498-41d2-46c1-befa-e7d89321a226 200 2 ms - 627
[HTTP] 
[HTTP] --> GET /wd/hub/session/2a6a7498-41d2-46c1-befa-e7d89321a226
[HTTP] {}
[XCUITest] Merging WDA caps over Appium caps for session detail response
[HTTP] <-- GET /wd/hub/session/2a6a7498-41d2-46c1-befa-e7d89321a226 200 2 ms - 627
[HTTP] 
[HTTP] --> GET /wd/hub/session/2a6a7498-41d2-46c1-befa-e7d89321a226/element/5023/displayed
[HTTP] {}
[HTTP] <-- GET /wd/hub/session/2a6a7498-41d2-46c1-befa-e7d89321a226/element/5023/displayed 200 393 ms - 76
[HTTP] 
[HTTP] --> POST /wd/hub/session/2a6a7498-41d2-46c1-befa-e7d89321a226/elements
[HTTP] {"using":"xpath","value":"//li[3]/div/button"}
[HTTP] <-- POST /wd/hub/session/2a6a7498-41d2-46c1-befa-e7d89321a226/elements 200 725 ms - 111
[HTTP] 
[HTTP] --> GET /wd/hub/session/2a6a7498-41d2-46c1-befa-e7d89321a226
[HTTP] {}
[XCUITest] Merging WDA caps over Appium caps for session detail response
[HTTP] <-- GET /wd/hub/session/2a6a7498-41d2-46c1-befa-e7d89321a226 200 2 ms - 627
[HTTP] 
[HTTP] --> GET /wd/hub/session/2a6a7498-41d2-46c1-befa-e7d89321a226
[HTTP] {}
[XCUITest] Merging WDA caps over Appium caps for session detail response
[HTTP] <-- GET /wd/hub/session/2a6a7498-41d2-46c1-befa-e7d89321a226 200 2 ms - 627
[HTTP] 
[HTTP] --> GET /wd/hub/session/2a6a7498-41d2-46c1-befa-e7d89321a226
[HTTP] {}
[XCUITest] Merging WDA caps over Appium caps for session detail response
[HTTP] <-- GET /wd/hub/session/2a6a7498-41d2-46c1-befa-e7d89321a226 200 2 ms - 627
[HTTP] 
[HTTP] --> GET /wd/hub/session/2a6a7498-41d2-46c1-befa-e7d89321a226
[HTTP] {}
[XCUITest] Merging WDA caps over Appium caps for session detail response
[HTTP] <-- GET /wd/hub/session/2a6a7498-41d2-46c1-befa-e7d89321a226 200 2 ms - 627
[HTTP] 
[HTTP] --> GET /wd/hub/session/2a6a7498-41d2-46c1-befa-e7d89321a226
[HTTP] {}
[XCUITest] Merging WDA caps over Appium caps for session detail response
[HTTP] <-- GET /wd/hub/session/2a6a7498-41d2-46c1-befa-e7d89321a226 200 3 ms - 627
[HTTP] 
[HTTP] --> GET /wd/hub/session/2a6a7498-41d2-46c1-befa-e7d89321a226
[HTTP] {}
[XCUITest] Merging WDA caps over Appium caps for session detail response
[HTTP] <-- GET /wd/hub/session/2a6a7498-41d2-46c1-befa-e7d89321a226 200 12 ms - 627
[HTTP] 
[HTTP] --> GET /wd/hub/session/2a6a7498-41d2-46c1-befa-e7d89321a226
[HTTP] {}
[XCUITest] Merging WDA caps over Appium caps for session detail response
[HTTP] <-- GET /wd/hub/session/2a6a7498-41d2-46c1-befa-e7d89321a226 200 2 ms - 627
[HTTP] 
[HTTP] --> GET /wd/hub/session/2a6a7498-41d2-46c1-befa-e7d89321a226
[HTTP] {}
[XCUITest] Merging WDA caps over Appium caps for session detail response
[HTTP] <-- GET /wd/hub/session/2a6a7498-41d2-46c1-befa-e7d89321a226 200 2 ms - 627
[HTTP] 
[HTTP] --> POST /wd/hub/session/2a6a7498-41d2-46c1-befa-e7d89321a226/element/5025/click
[HTTP] {"id":"5025"}
[HTTP] <-- POST /wd/hub/session/2a6a7498-41d2-46c1-befa-e7d89321a226/element/5025/click 200 880 ms - 76
[HTTP] 
[HTTP] --> POST /wd/hub/session/2a6a7498-41d2-46c1-befa-e7d89321a226/elements
[HTTP] {"using":"xpath","value":"//li[4]/div/button"}
[HTTP] <-- POST /wd/hub/session/2a6a7498-41d2-46c1-befa-e7d89321a226/elements 200 1220 ms - 111
[HTTP] 
[HTTP] --> GET /wd/hub/session/2a6a7498-41d2-46c1-befa-e7d89321a226
[HTTP] {}
[XCUITest] Merging WDA caps over Appium caps for session detail response
[HTTP] <-- GET /wd/hub/session/2a6a7498-41d2-46c1-befa-e7d89321a226 200 2 ms - 627
[HTTP] 
[HTTP] --> GET /wd/hub/session/2a6a7498-41d2-46c1-befa-e7d89321a226
[HTTP] {}
[XCUITest] Merging WDA caps over Appium caps for session detail response
[HTTP] <-- GET /wd/hub/session/2a6a7498-41d2-46c1-befa-e7d89321a226 200 1 ms - 627
[HTTP] 
[HTTP] --> GET /wd/hub/session/2a6a7498-41d2-46c1-befa-e7d89321a226
[HTTP] {}
[XCUITest] Merging WDA caps over Appium caps for session detail response
[HTTP] <-- GET /wd/hub/session/2a6a7498-41d2-46c1-befa-e7d89321a226 200 2 ms - 627
[HTTP] 
[HTTP] --> GET /wd/hub/session/2a6a7498-41d2-46c1-befa-e7d89321a226
[HTTP] {}
[XCUITest] Merging WDA caps over Appium caps for session detail response
[HTTP] <-- GET /wd/hub/session/2a6a7498-41d2-46c1-befa-e7d89321a226 200 2 ms - 627
[HTTP] 
[HTTP] --> GET /wd/hub/session/2a6a7498-41d2-46c1-befa-e7d89321a226
[HTTP] {}
[XCUITest] Merging WDA caps over Appium caps for session detail response
[HTTP] <-- GET /wd/hub/session/2a6a7498-41d2-46c1-befa-e7d89321a226 200 2 ms - 627
[HTTP] 
[HTTP] --> GET /wd/hub/session/2a6a7498-41d2-46c1-befa-e7d89321a226
[HTTP] {}
[XCUITest] Merging WDA caps over Appium caps for session detail response
[HTTP] <-- GET /wd/hub/session/2a6a7498-41d2-46c1-befa-e7d89321a226 200 2 ms - 627
[HTTP] 
[HTTP] --> GET /wd/hub/session/2a6a7498-41d2-46c1-befa-e7d89321a226
[HTTP] {}
[XCUITest] Merging WDA caps over Appium caps for session detail response
[HTTP] <-- GET /wd/hub/session/2a6a7498-41d2-46c1-befa-e7d89321a226 200 1 ms - 627
[HTTP] 
[HTTP] --> GET /wd/hub/session/2a6a7498-41d2-46c1-befa-e7d89321a226
[HTTP] {}
[XCUITest] Merging WDA caps over Appium caps for session detail response
[HTTP] <-- GET /wd/hub/session/2a6a7498-41d2-46c1-befa-e7d89321a226 200 1 ms - 627
[HTTP] 
[HTTP] --> GET /wd/hub/session/2a6a7498-41d2-46c1-befa-e7d89321a226/element/5027/displayed
[HTTP] {}
[HTTP] <-- GET /wd/hub/session/2a6a7498-41d2-46c1-befa-e7d89321a226/element/5027/displayed 200 880 ms - 76
[HTTP] 
[HTTP] --> POST /wd/hub/session/2a6a7498-41d2-46c1-befa-e7d89321a226/elements
[HTTP] {"using":"xpath","value":"//li[4]/div/button"}
[HTTP] <-- POST /wd/hub/session/2a6a7498-41d2-46c1-befa-e7d89321a226/elements 200 1027 ms - 111
[HTTP] 
[HTTP] --> GET /wd/hub/session/2a6a7498-41d2-46c1-befa-e7d89321a226
[HTTP] {}
[XCUITest] Merging WDA caps over Appium caps for session detail response
[HTTP] <-- GET /wd/hub/session/2a6a7498-41d2-46c1-befa-e7d89321a226 200 2 ms - 627
[HTTP] 
[HTTP] --> GET /wd/hub/session/2a6a7498-41d2-46c1-befa-e7d89321a226
[HTTP] {}
[XCUITest] Merging WDA caps over Appium caps for session detail response
[HTTP] <-- GET /wd/hub/session/2a6a7498-41d2-46c1-befa-e7d89321a226 200 1 ms - 627
[HTTP] 
[HTTP] --> GET /wd/hub/session/2a6a7498-41d2-46c1-befa-e7d89321a226
[HTTP] {}
[XCUITest] Merging WDA caps over Appium caps for session detail response
[HTTP] <-- GET /wd/hub/session/2a6a7498-41d2-46c1-befa-e7d89321a226 200 1 ms - 627
[HTTP] 
[HTTP] --> GET /wd/hub/session/2a6a7498-41d2-46c1-befa-e7d89321a226
[HTTP] {}
[XCUITest] Merging WDA caps over Appium caps for session detail response
[HTTP] <-- GET /wd/hub/session/2a6a7498-41d2-46c1-befa-e7d89321a226 200 1 ms - 627
[HTTP] 
[HTTP] --> GET /wd/hub/session/2a6a7498-41d2-46c1-befa-e7d89321a226
[HTTP] {}
[XCUITest] Merging WDA caps over Appium caps for session detail response
[HTTP] <-- GET /wd/hub/session/2a6a7498-41d2-46c1-befa-e7d89321a226 200 3 ms - 627
[HTTP] 
[HTTP] --> GET /wd/hub/session/2a6a7498-41d2-46c1-befa-e7d89321a226
[HTTP] {}
[XCUITest] Merging WDA caps over Appium caps for session detail response
[HTTP] <-- GET /wd/hub/session/2a6a7498-41d2-46c1-befa-e7d89321a226 200 2 ms - 627
[HTTP] 
[HTTP] --> GET /wd/hub/session/2a6a7498-41d2-46c1-befa-e7d89321a226
[HTTP] {}
[XCUITest] Merging WDA caps over Appium caps for session detail response
[HTTP] <-- GET /wd/hub/session/2a6a7498-41d2-46c1-befa-e7d89321a226 200 2 ms - 627
[HTTP] 
[HTTP] --> GET /wd/hub/session/2a6a7498-41d2-46c1-befa-e7d89321a226
[HTTP] {}
[XCUITest] Merging WDA caps over Appium caps for session detail response
[HTTP] <-- GET /wd/hub/session/2a6a7498-41d2-46c1-befa-e7d89321a226 200 1 ms - 627
[HTTP] 
[HTTP] --> POST /wd/hub/session/2a6a7498-41d2-46c1-befa-e7d89321a226/element/5029/click
[HTTP] {"id":"5029"}
[HTTP] <-- POST /wd/hub/session/2a6a7498-41d2-46c1-befa-e7d89321a226/element/5029/click 200 1330 ms - 76
[HTTP] 
[HTTP] --> POST /wd/hub/session/2a6a7498-41d2-46c1-befa-e7d89321a226/elements
[HTTP] {"using":"xpath","value":"//li[5]/div/button"}
[HTTP] <-- POST /wd/hub/session/2a6a7498-41d2-46c1-befa-e7d89321a226/elements 200 1632 ms - 111
[HTTP] 
[HTTP] --> GET /wd/hub/session/2a6a7498-41d2-46c1-befa-e7d89321a226
[HTTP] {}
[XCUITest] Merging WDA caps over Appium caps for session detail response
[HTTP] <-- GET /wd/hub/session/2a6a7498-41d2-46c1-befa-e7d89321a226 200 2 ms - 627
[HTTP] 
[HTTP] --> GET /wd/hub/session/2a6a7498-41d2-46c1-befa-e7d89321a226
[HTTP] {}
[XCUITest] Merging WDA caps over Appium caps for session detail response
[HTTP] <-- GET /wd/hub/session/2a6a7498-41d2-46c1-befa-e7d89321a226 200 1 ms - 627
[HTTP] 
[HTTP] --> GET /wd/hub/session/2a6a7498-41d2-46c1-befa-e7d89321a226
[HTTP] {}
[XCUITest] Merging WDA caps over Appium caps for session detail response
[HTTP] <-- GET /wd/hub/session/2a6a7498-41d2-46c1-befa-e7d89321a226 200 1 ms - 627
[HTTP] 
[HTTP] --> GET /wd/hub/session/2a6a7498-41d2-46c1-befa-e7d89321a226
[HTTP] {}
[XCUITest] Merging WDA caps over Appium caps for session detail response
[HTTP] <-- GET /wd/hub/session/2a6a7498-41d2-46c1-befa-e7d89321a226 200 1 ms - 627
[HTTP] 
[HTTP] --> GET /wd/hub/session/2a6a7498-41d2-46c1-befa-e7d89321a226
[HTTP] {}
[XCUITest] Merging WDA caps over Appium caps for session detail response
[HTTP] <-- GET /wd/hub/session/2a6a7498-41d2-46c1-befa-e7d89321a226 200 1 ms - 627
[HTTP] 
[HTTP] --> GET /wd/hub/session/2a6a7498-41d2-46c1-befa-e7d89321a226
[HTTP] {}
[XCUITest] Merging WDA caps over Appium caps for session detail response
[HTTP] <-- GET /wd/hub/session/2a6a7498-41d2-46c1-befa-e7d89321a226 200 1 ms - 627
[HTTP] 
[HTTP] --> GET /wd/hub/session/2a6a7498-41d2-46c1-befa-e7d89321a226
[HTTP] {}
[XCUITest] Merging WDA caps over Appium caps for session detail response
[HTTP] <-- GET /wd/hub/session/2a6a7498-41d2-46c1-befa-e7d89321a226 200 1 ms - 627
[HTTP] 
[HTTP] --> GET /wd/hub/session/2a6a7498-41d2-46c1-befa-e7d89321a226
[HTTP] {}
[XCUITest] Merging WDA caps over Appium caps for session detail response
[HTTP] <-- GET /wd/hub/session/2a6a7498-41d2-46c1-befa-e7d89321a226 200 1 ms - 627
[HTTP] 
[HTTP] --> GET /wd/hub/session/2a6a7498-41d2-46c1-befa-e7d89321a226/element/5031/displayed
[HTTP] {}
[HTTP] <-- GET /wd/hub/session/2a6a7498-41d2-46c1-befa-e7d89321a226/element/5031/displayed 200 1292 ms - 76
[HTTP] 
[HTTP] --> POST /wd/hub/session/2a6a7498-41d2-46c1-befa-e7d89321a226/elements
[HTTP] {"using":"xpath","value":"//li[5]/div/button"}
[HTTP] <-- POST /wd/hub/session/2a6a7498-41d2-46c1-befa-e7d89321a226/elements 200 1012 ms - 111
[HTTP] 
[HTTP] --> GET /wd/hub/session/2a6a7498-41d2-46c1-befa-e7d89321a226
[HTTP] {}
[XCUITest] Merging WDA caps over Appium caps for session detail response
[HTTP] <-- GET /wd/hub/session/2a6a7498-41d2-46c1-befa-e7d89321a226 200 3 ms - 627
[HTTP] 
[HTTP] --> GET /wd/hub/session/2a6a7498-41d2-46c1-befa-e7d89321a226
[HTTP] {}
[XCUITest] Merging WDA caps over Appium caps for session detail response
[HTTP] <-- GET /wd/hub/session/2a6a7498-41d2-46c1-befa-e7d89321a226 200 2 ms - 627
[HTTP] 
[HTTP] --> GET /wd/hub/session/2a6a7498-41d2-46c1-befa-e7d89321a226
[HTTP] {}
[XCUITest] Merging WDA caps over Appium caps for session detail response
[HTTP] <-- GET /wd/hub/session/2a6a7498-41d2-46c1-befa-e7d89321a226 200 3 ms - 627
[HTTP] 
[HTTP] --> GET /wd/hub/session/2a6a7498-41d2-46c1-befa-e7d89321a226
[HTTP] {}
[XCUITest] Merging WDA caps over Appium caps for session detail response
[HTTP] <-- GET /wd/hub/session/2a6a7498-41d2-46c1-befa-e7d89321a226 200 1 ms - 627
[HTTP] 
[HTTP] --> GET /wd/hub/session/2a6a7498-41d2-46c1-befa-e7d89321a226
[HTTP] {}
[XCUITest] Merging WDA caps over Appium caps for session detail response
[HTTP] <-- GET /wd/hub/session/2a6a7498-41d2-46c1-befa-e7d89321a226 200 3 ms - 627
[HTTP] 
[HTTP] --> GET /wd/hub/session/2a6a7498-41d2-46c1-befa-e7d89321a226
[HTTP] {}
[XCUITest] Merging WDA caps over Appium caps for session detail response
[HTTP] <-- GET /wd/hub/session/2a6a7498-41d2-46c1-befa-e7d89321a226 200 5 ms - 627
[HTTP] 
[HTTP] --> GET /wd/hub/session/2a6a7498-41d2-46c1-befa-e7d89321a226
[HTTP] {}
[XCUITest] Merging WDA caps over Appium caps for session detail response
[HTTP] <-- GET /wd/hub/session/2a6a7498-41d2-46c1-befa-e7d89321a226 200 2 ms - 627
[HTTP] 
[HTTP] --> GET /wd/hub/session/2a6a7498-41d2-46c1-befa-e7d89321a226
[HTTP] {}
[XCUITest] Merging WDA caps over Appium caps for session detail response
[HTTP] <-- GET /wd/hub/session/2a6a7498-41d2-46c1-befa-e7d89321a226 200 2 ms - 627
[HTTP] 
[HTTP] --> POST /wd/hub/session/2a6a7498-41d2-46c1-befa-e7d89321a226/element/5033/click
[HTTP] {"id":"5033"}
[HTTP] <-- POST /wd/hub/session/2a6a7498-41d2-46c1-befa-e7d89321a226/element/5033/click 200 1263 ms - 76
[HTTP] 
[HTTP] --> POST /wd/hub/session/2a6a7498-41d2-46c1-befa-e7d89321a226/elements
[HTTP] {"using":"xpath","value":"//li[6]/div/button"}
[HTTP] <-- POST /wd/hub/session/2a6a7498-41d2-46c1-befa-e7d89321a226/elements 200 1911 ms - 111
[HTTP] 
[HTTP] --> GET /wd/hub/session/2a6a7498-41d2-46c1-befa-e7d89321a226
[HTTP] {}
[XCUITest] Merging WDA caps over Appium caps for session detail response
[HTTP] <-- GET /wd/hub/session/2a6a7498-41d2-46c1-befa-e7d89321a226 200 3 ms - 627
[HTTP] 
[HTTP] --> GET /wd/hub/session/2a6a7498-41d2-46c1-befa-e7d89321a226
[HTTP] {}
[XCUITest] Merging WDA caps over Appium caps for session detail response
[HTTP] <-- GET /wd/hub/session/2a6a7498-41d2-46c1-befa-e7d89321a226 200 2 ms - 627
[HTTP] 
[HTTP] --> GET /wd/hub/session/2a6a7498-41d2-46c1-befa-e7d89321a226
[HTTP] {}
[XCUITest] Merging WDA caps over Appium caps for session detail response
[HTTP] <-- GET /wd/hub/session/2a6a7498-41d2-46c1-befa-e7d89321a226 200 2 ms - 627
[HTTP] 
[HTTP] --> GET /wd/hub/session/2a6a7498-41d2-46c1-befa-e7d89321a226
[HTTP] {}
[XCUITest] Merging WDA caps over Appium caps for session detail response
[HTTP] <-- GET /wd/hub/session/2a6a7498-41d2-46c1-befa-e7d89321a226 200 5 ms - 627
[HTTP] 
[HTTP] --> GET /wd/hub/session/2a6a7498-41d2-46c1-befa-e7d89321a226
[HTTP] {}
[XCUITest] Merging WDA caps over Appium caps for session detail response
[HTTP] <-- GET /wd/hub/session/2a6a7498-41d2-46c1-befa-e7d89321a226 200 3 ms - 627
[HTTP] 
[HTTP] --> GET /wd/hub/session/2a6a7498-41d2-46c1-befa-e7d89321a226
[HTTP] {}
[XCUITest] Merging WDA caps over Appium caps for session detail response
[HTTP] <-- GET /wd/hub/session/2a6a7498-41d2-46c1-befa-e7d89321a226 200 3 ms - 627
[HTTP] 
[HTTP] --> GET /wd/hub/session/2a6a7498-41d2-46c1-befa-e7d89321a226
[HTTP] {}
[XCUITest] Merging WDA caps over Appium caps for session detail response
[HTTP] <-- GET /wd/hub/session/2a6a7498-41d2-46c1-befa-e7d89321a226 200 6 ms - 627
[HTTP] 
[HTTP] --> GET /wd/hub/session/2a6a7498-41d2-46c1-befa-e7d89321a226
[HTTP] {}
[XCUITest] Merging WDA caps over Appium caps for session detail response
[HTTP] <-- GET /wd/hub/session/2a6a7498-41d2-46c1-befa-e7d89321a226 200 2 ms - 627
[HTTP] 
[HTTP] --> GET /wd/hub/session/2a6a7498-41d2-46c1-befa-e7d89321a226/element/5035/displayed
[HTTP] {}
[HTTP] <-- GET /wd/hub/session/2a6a7498-41d2-46c1-befa-e7d89321a226/element/5035/displayed 200 1424 ms - 76
[HTTP] 
[HTTP] --> POST /wd/hub/session/2a6a7498-41d2-46c1-befa-e7d89321a226/elements
[HTTP] {"using":"xpath","value":"//li[6]/div/button"}
[HTTP] <-- POST /wd/hub/session/2a6a7498-41d2-46c1-befa-e7d89321a226/elements 200 806 ms - 111
[HTTP] 
[HTTP] --> GET /wd/hub/session/2a6a7498-41d2-46c1-befa-e7d89321a226
[HTTP] {}
[XCUITest] Merging WDA caps over Appium caps for session detail response
[HTTP] <-- GET /wd/hub/session/2a6a7498-41d2-46c1-befa-e7d89321a226 200 2 ms - 627
[HTTP] 
[HTTP] --> GET /wd/hub/session/2a6a7498-41d2-46c1-befa-e7d89321a226
[HTTP] {}
[XCUITest] Merging WDA caps over Appium caps for session detail response
[HTTP] <-- GET /wd/hub/session/2a6a7498-41d2-46c1-befa-e7d89321a226 200 2 ms - 627
[HTTP] 
[HTTP] --> GET /wd/hub/session/2a6a7498-41d2-46c1-befa-e7d89321a226
[HTTP] {}
[XCUITest] Merging WDA caps over Appium caps for session detail response
[HTTP] <-- GET /wd/hub/session/2a6a7498-41d2-46c1-befa-e7d89321a226 200 2 ms - 627
[HTTP] 
[HTTP] --> GET /wd/hub/session/2a6a7498-41d2-46c1-befa-e7d89321a226
[HTTP] {}
[XCUITest] Merging WDA caps over Appium caps for session detail response
[HTTP] <-- GET /wd/hub/session/2a6a7498-41d2-46c1-befa-e7d89321a226 200 2 ms - 627
[HTTP] 
[HTTP] --> GET /wd/hub/session/2a6a7498-41d2-46c1-befa-e7d89321a226
[HTTP] {}
[XCUITest] Merging WDA caps over Appium caps for session detail response
[HTTP] <-- GET /wd/hub/session/2a6a7498-41d2-46c1-befa-e7d89321a226 200 2 ms - 627
[HTTP] 
[HTTP] --> GET /wd/hub/session/2a6a7498-41d2-46c1-befa-e7d89321a226
[HTTP] {}
[XCUITest] Merging WDA caps over Appium caps for session detail response
[HTTP] <-- GET /wd/hub/session/2a6a7498-41d2-46c1-befa-e7d89321a226 200 2 ms - 627
[HTTP] 
[HTTP] --> GET /wd/hub/session/2a6a7498-41d2-46c1-befa-e7d89321a226
[HTTP] {}
[XCUITest] Merging WDA caps over Appium caps for session detail response
[HTTP] <-- GET /wd/hub/session/2a6a7498-41d2-46c1-befa-e7d89321a226 200 2 ms - 627
[HTTP] 
[HTTP] --> GET /wd/hub/session/2a6a7498-41d2-46c1-befa-e7d89321a226
[HTTP] {}
[XCUITest] Merging WDA caps over Appium caps for session detail response
[HTTP] <-- GET /wd/hub/session/2a6a7498-41d2-46c1-befa-e7d89321a226 200 2 ms - 627
[HTTP] 
[HTTP] --> POST /wd/hub/session/2a6a7498-41d2-46c1-befa-e7d89321a226/element/5037/click
[HTTP] {"id":"5037"}
[HTTP] <-- POST /wd/hub/session/2a6a7498-41d2-46c1-befa-e7d89321a226/element/5037/click 200 1232 ms - 76
[HTTP] 
[HTTP] --> POST /wd/hub/session/2a6a7498-41d2-46c1-befa-e7d89321a226/elements
[HTTP] {"using":"xpath","value":"id(\"js-app-continue-link\")[count(. | //a[@id = 'js-app-continue-link' and (text() = 'Continue' or . = 'Continue')]) = count(//a[@id = 'js-app-continue-link' and (text() = 'Continue' or . = 'Continue')])]"}
[HTTP] <-- POST /wd/hub/session/2a6a7498-41d2-46c1-befa-e7d89321a226/elements 200 845 ms - 92
[HTTP] 
[HTTP] --> GET /wd/hub/session/2a6a7498-41d2-46c1-befa-e7d89321a226
[HTTP] {}
[XCUITest] Merging WDA caps over Appium caps for session detail response
[HTTP] <-- GET /wd/hub/session/2a6a7498-41d2-46c1-befa-e7d89321a226 200 2 ms - 627
[HTTP] 
[HTTP] --> GET /wd/hub/session/2a6a7498-41d2-46c1-befa-e7d89321a226
[HTTP] {}
[XCUITest] Merging WDA caps over Appium caps for session detail response
[HTTP] <-- GET /wd/hub/session/2a6a7498-41d2-46c1-befa-e7d89321a226 200 2 ms - 627
[HTTP] 
[HTTP] --> GET /wd/hub/session/2a6a7498-41d2-46c1-befa-e7d89321a226
[HTTP] {}
[XCUITest] Merging WDA caps over Appium caps for session detail response
[HTTP] <-- GET /wd/hub/session/2a6a7498-41d2-46c1-befa-e7d89321a226 200 2 ms - 627
[HTTP] 
[HTTP] --> GET /wd/hub/session/2a6a7498-41d2-46c1-befa-e7d89321a226
[HTTP] {}
[XCUITest] Merging WDA caps over Appium caps for session detail response
[HTTP] <-- GET /wd/hub/session/2a6a7498-41d2-46c1-befa-e7d89321a226 200 2 ms - 627
[HTTP] 
[HTTP] --> GET /wd/hub/session/2a6a7498-41d2-46c1-befa-e7d89321a226/element/5039/displayed
[HTTP] {}
[HTTP] <-- GET /wd/hub/session/2a6a7498-41d2-46c1-befa-e7d89321a226/element/5039/displayed 200 520 ms - 76
[HTTP] 
[HTTP] --> POST /wd/hub/session/2a6a7498-41d2-46c1-befa-e7d89321a226/elements
[HTTP] {"using":"xpath","value":"id(\"js-app-continue-link\")[count(. | //a[@id = 'js-app-continue-link' and (text() = 'Continue' or . = 'Continue')]) = count(//a[@id = 'js-app-continue-link' and (text() = 'Continue' or . = 'Continue')])]"}
[HTTP] <-- POST /wd/hub/session/2a6a7498-41d2-46c1-befa-e7d89321a226/elements 200 1697 ms - 92
[HTTP] 
[HTTP] --> GET /wd/hub/session/2a6a7498-41d2-46c1-befa-e7d89321a226
[HTTP] {}
[XCUITest] Merging WDA caps over Appium caps for session detail response
[HTTP] <-- GET /wd/hub/session/2a6a7498-41d2-46c1-befa-e7d89321a226 200 2 ms - 627
[HTTP] 
[HTTP] --> GET /wd/hub/session/2a6a7498-41d2-46c1-befa-e7d89321a226
[HTTP] {}
[XCUITest] Merging WDA caps over Appium caps for session detail response
[HTTP] <-- GET /wd/hub/session/2a6a7498-41d2-46c1-befa-e7d89321a226 200 2 ms - 627
[HTTP] 
[HTTP] --> GET /wd/hub/session/2a6a7498-41d2-46c1-befa-e7d89321a226
[HTTP] {}
[XCUITest] Merging WDA caps over Appium caps for session detail response
[HTTP] <-- GET /wd/hub/session/2a6a7498-41d2-46c1-befa-e7d89321a226 200 5 ms - 627
[HTTP] 
[HTTP] --> GET /wd/hub/session/2a6a7498-41d2-46c1-befa-e7d89321a226
[HTTP] {}
[XCUITest] Merging WDA caps over Appium caps for session detail response
[HTTP] <-- GET /wd/hub/session/2a6a7498-41d2-46c1-befa-e7d89321a226 200 3 ms - 627
[HTTP] 
[HTTP] --> POST /wd/hub/session/2a6a7498-41d2-46c1-befa-e7d89321a226/element/5040/click
[HTTP] {"id":"5040"}
[HTTP] <-- POST /wd/hub/session/2a6a7498-41d2-46c1-befa-e7d89321a226/element/5040/click 200 1641 ms - 76
[HTTP] 
[HTTP] --> POST /wd/hub/session/2a6a7498-41d2-46c1-befa-e7d89321a226/elements
[HTTP] {"using":"xpath","value":"id(\"fillApp\")[count(. | //*[@id = 'fillApp' and (text() = 'Autofill App Info' or . = 'Autofill App Info')]) = count(//*[@id = 'fillApp' and (text() = 'Autofill App Info' or . = 'Autofill App Info')])]"}
[HTTP] <-- POST /wd/hub/session/2a6a7498-41d2-46c1-befa-e7d89321a226/elements 200 504 ms - 92
[HTTP] 
[HTTP] --> GET /wd/hub/session/2a6a7498-41d2-46c1-befa-e7d89321a226
[HTTP] {}
[XCUITest] Merging WDA caps over Appium caps for session detail response
[HTTP] <-- GET /wd/hub/session/2a6a7498-41d2-46c1-befa-e7d89321a226 200 2 ms - 627
[HTTP] 
[HTTP] --> GET /wd/hub/session/2a6a7498-41d2-46c1-befa-e7d89321a226
[HTTP] {}
[XCUITest] Merging WDA caps over Appium caps for session detail response
[HTTP] <-- GET /wd/hub/session/2a6a7498-41d2-46c1-befa-e7d89321a226 200 2 ms - 627
[HTTP] 
[HTTP] --> GET /wd/hub/session/2a6a7498-41d2-46c1-befa-e7d89321a226
[HTTP] {}
[XCUITest] Merging WDA caps over Appium caps for session detail response
[HTTP] <-- GET /wd/hub/session/2a6a7498-41d2-46c1-befa-e7d89321a226 200 3 ms - 627
[HTTP] 
[HTTP] --> GET /wd/hub/session/2a6a7498-41d2-46c1-befa-e7d89321a226
[HTTP] {}
[XCUITest] Merging WDA caps over Appium caps for session detail response
[HTTP] <-- GET /wd/hub/session/2a6a7498-41d2-46c1-befa-e7d89321a226 200 4 ms - 627
[HTTP] 
[HTTP] --> POST /wd/hub/session/2a6a7498-41d2-46c1-befa-e7d89321a226/element/5041/click
[HTTP] {"id":"5041"}
[HTTP] <-- POST /wd/hub/session/2a6a7498-41d2-46c1-befa-e7d89321a226/element/5041/click 200 478 ms - 76
[HTTP] 
[HTTP] --> POST /wd/hub/session/2a6a7498-41d2-46c1-befa-e7d89321a226/elements
[HTTP] {"using":"xpath","value":"id(\"js-app-continue-link\")[count(. | //a[@id = 'js-app-continue-link' and @type = 'submit' and (text() = 'Continue to Step 3 - Payment & Billing >' or . = 'Continue to Step 3 - Payment & Billing >')]) = count(//a[@id = 'js-app-continue-link' and @type = 'submit' and (text() = 'Continue to Step 3 - Payment & Billing >' or . = 'Continue to Step 3 - Payment & Billing >')])]"}
[HTTP] <-- POST /wd/hub/session/2a6a7498-41d2-46c1-befa-e7d89321a226/elements 200 458 ms - 74
[HTTP] 
[HTTP] --> POST /wd/hub/session/2a6a7498-41d2-46c1-befa-e7d89321a226/elements
[HTTP] {"using":"xpath","value":"id(\"js-app-continue-link\")[count(. | //a[@id = 'js-app-continue-link' and @type = 'submit' and (text() = 'Continue to Step 3 - Payment & Billing >' or . = 'Continue to Step 3 - Payment & Billing >')]) = count(//a[@id = 'js-app-continue-link' and @type = 'submit' and (text() = 'Continue to Step 3 - Payment & Billing >' or . = 'Continue to Step 3 - Payment & Billing >')])]"}
[HTTP] <-- POST /wd/hub/session/2a6a7498-41d2-46c1-befa-e7d89321a226/elements 200 1072 ms - 92
[HTTP] 
[HTTP] --> GET /wd/hub/session/2a6a7498-41d2-46c1-befa-e7d89321a226
[HTTP] {}
[XCUITest] Merging WDA caps over Appium caps for session detail response
[HTTP] <-- GET /wd/hub/session/2a6a7498-41d2-46c1-befa-e7d89321a226 200 2 ms - 627
[HTTP] 
[HTTP] --> GET /wd/hub/session/2a6a7498-41d2-46c1-befa-e7d89321a226
[HTTP] {}
[XCUITest] Merging WDA caps over Appium caps for session detail response
[HTTP] <-- GET /wd/hub/session/2a6a7498-41d2-46c1-befa-e7d89321a226 200 2 ms - 627
[HTTP] 
[HTTP] --> GET /wd/hub/session/2a6a7498-41d2-46c1-befa-e7d89321a226
[HTTP] {}
[XCUITest] Merging WDA caps over Appium caps for session detail response
[HTTP] <-- GET /wd/hub/session/2a6a7498-41d2-46c1-befa-e7d89321a226 200 6 ms - 627
[HTTP] 
[HTTP] --> GET /wd/hub/session/2a6a7498-41d2-46c1-befa-e7d89321a226
[HTTP] {}
[XCUITest] Merging WDA caps over Appium caps for session detail response
[HTTP] <-- GET /wd/hub/session/2a6a7498-41d2-46c1-befa-e7d89321a226 200 2 ms - 627
[HTTP] 
[HTTP] --> POST /wd/hub/session/2a6a7498-41d2-46c1-befa-e7d89321a226/element/5042/click
[HTTP] {"id":"5042"}
[HTTP] <-- POST /wd/hub/session/2a6a7498-41d2-46c1-befa-e7d89321a226/element/5042/click 200 1946 ms - 76
[HTTP] 
[HTTP] --> POST /wd/hub/session/2a6a7498-41d2-46c1-befa-e7d89321a226/elements
[HTTP] {"using":"xpath","value":"id(\"credit-card-cvv\")[count(. | //input[@type = 'text' and @id = 'credit-card-cvv']) = count(//input[@type = 'text' and @id = 'credit-card-cvv'])]"}
[HTTP] <-- POST /wd/hub/session/2a6a7498-41d2-46c1-befa-e7d89321a226/elements 200 1309 ms - 74
[HTTP] 
[HTTP] --> POST /wd/hub/session/2a6a7498-41d2-46c1-befa-e7d89321a226/elements
[HTTP] {"using":"xpath","value":"id(\"credit-card-cvv\")[count(. | //input[@type = 'text' and @id = 'credit-card-cvv']) = count(//input[@type = 'text' and @id = 'credit-card-cvv'])]"}
[HTTP] <-- POST /wd/hub/session/2a6a7498-41d2-46c1-befa-e7d89321a226/elements 200 1091 ms - 74
[HTTP] 
[HTTP] --> POST /wd/hub/session/2a6a7498-41d2-46c1-befa-e7d89321a226/elements
[HTTP] {"using":"xpath","value":"id(\"credit-card-cvv\")[count(. | //input[@type = 'text' and @id = 'credit-card-cvv']) = count(//input[@type = 'text' and @id = 'credit-card-cvv'])]"}
[HTTP] <-- POST /wd/hub/session/2a6a7498-41d2-46c1-befa-e7d89321a226/elements 200 1437 ms - 74
[HTTP] 
[HTTP] --> POST /wd/hub/session/2a6a7498-41d2-46c1-befa-e7d89321a226/elements
[HTTP] {"using":"xpath","value":"id(\"credit-card-cvv\")[count(. | //input[@type = 'text' and @id = 'credit-card-cvv']) = count(//input[@type = 'text' and @id = 'credit-card-cvv'])]"}
[HTTP] <-- POST /wd/hub/session/2a6a7498-41d2-46c1-befa-e7d89321a226/elements 200 454 ms - 74
[HTTP] 
[HTTP] --> POST /wd/hub/session/2a6a7498-41d2-46c1-befa-e7d89321a226/elements
[HTTP] {"using":"xpath","value":"id(\"credit-card-cvv\")[count(. | //input[@type = 'text' and @id = 'credit-card-cvv']) = count(//input[@type = 'text' and @id = 'credit-card-cvv'])]"}
[HTTP] <-- POST /wd/hub/session/2a6a7498-41d2-46c1-befa-e7d89321a226/elements 200 627 ms - 74
[HTTP] 
[HTTP] --> POST /wd/hub/session/2a6a7498-41d2-46c1-befa-e7d89321a226/elements
[HTTP] {"using":"xpath","value":"id(\"credit-card-cvv\")[count(. | //input[@type = 'text' and @id = 'credit-card-cvv']) = count(//input[@type = 'text' and @id = 'credit-card-cvv'])]"}
[HTTP] <-- POST /wd/hub/session/2a6a7498-41d2-46c1-befa-e7d89321a226/elements 200 2521 ms - 74
[HTTP] 
[HTTP] --> POST /wd/hub/session/2a6a7498-41d2-46c1-befa-e7d89321a226/elements
[HTTP] {"using":"xpath","value":"id(\"credit-card-cvv\")[count(. | //input[@type = 'text' and @id = 'credit-card-cvv']) = count(//input[@type = 'text' and @id = 'credit-card-cvv'])]"}
[HTTP] <-- POST /wd/hub/session/2a6a7498-41d2-46c1-befa-e7d89321a226/elements 200 175 ms - 74
[HTTP] 
[HTTP] --> POST /wd/hub/session/2a6a7498-41d2-46c1-befa-e7d89321a226/elements
[HTTP] {"using":"xpath","value":"id(\"credit-card-cvv\")[count(. | //input[@type = 'text' and @id = 'credit-card-cvv']) = count(//input[@type = 'text' and @id = 'credit-card-cvv'])]"}
[HTTP] <-- POST /wd/hub/session/2a6a7498-41d2-46c1-befa-e7d89321a226/elements 200 696 ms - 74
[HTTP] 
[HTTP] --> POST /wd/hub/session/2a6a7498-41d2-46c1-befa-e7d89321a226/elements
[HTTP] {"using":"xpath","value":"id(\"credit-card-cvv\")[count(. | //input[@type = 'text' and @id = 'credit-card-cvv']) = count(//input[@type = 'text' and @id = 'credit-card-cvv'])]"}
[HTTP] <-- POST /wd/hub/session/2a6a7498-41d2-46c1-befa-e7d89321a226/elements 200 241 ms - 74
[HTTP] 
[HTTP] --> POST /wd/hub/session/2a6a7498-41d2-46c1-befa-e7d89321a226/elements
[HTTP] {"using":"xpath","value":"id(\"credit-card-cvv\")[count(. | //input[@type = 'text' and @id = 'credit-card-cvv']) = count(//input[@type = 'text' and @id = 'credit-card-cvv'])]"}
[HTTP] <-- POST /wd/hub/session/2a6a7498-41d2-46c1-befa-e7d89321a226/elements 200 2267 ms - 74
[HTTP] 
[HTTP] --> POST /wd/hub/session/2a6a7498-41d2-46c1-befa-e7d89321a226/elements
[HTTP] {"using":"xpath","value":"id(\"credit-card-cvv\")[count(. | //input[@type = 'text' and @id = 'credit-card-cvv']) = count(//input[@type = 'text' and @id = 'credit-card-cvv'])]"}
[HTTP] <-- POST /wd/hub/session/2a6a7498-41d2-46c1-befa-e7d89321a226/elements 200 2062 ms - 74
[HTTP] 
[HTTP] --> POST /wd/hub/session/2a6a7498-41d2-46c1-befa-e7d89321a226/elements
[HTTP] {"using":"xpath","value":"id(\"credit-card-cvv\")[count(. | //input[@type = 'text' and @id = 'credit-card-cvv']) = count(//input[@type = 'text' and @id = 'credit-card-cvv'])]"}
[HTTP] <-- POST /wd/hub/session/2a6a7498-41d2-46c1-befa-e7d89321a226/elements 200 548 ms - 74
[HTTP] 
[HTTP] --> POST /wd/hub/session/2a6a7498-41d2-46c1-befa-e7d89321a226/elements
[HTTP] {"using":"xpath","value":"id(\"credit-card-cvv\")[count(. | //input[@type = 'text' and @id = 'credit-card-cvv']) = count(//input[@type = 'text' and @id = 'credit-card-cvv'])]"}
[HTTP] <-- POST /wd/hub/session/2a6a7498-41d2-46c1-befa-e7d89321a226/elements 200 2244 ms - 74
[HTTP] 
[HTTP] --> POST /wd/hub/session/2a6a7498-41d2-46c1-befa-e7d89321a226/elements
[HTTP] {"using":"xpath","value":"id(\"credit-card-cvv\")[count(. | //input[@type = 'text' and @id = 'credit-card-cvv']) = count(//input[@type = 'text' and @id = 'credit-card-cvv'])]"}
[HTTP] <-- POST /wd/hub/session/2a6a7498-41d2-46c1-befa-e7d89321a226/elements 200 1379 ms - 74
[HTTP] 
[HTTP] --> POST /wd/hub/session/2a6a7498-41d2-46c1-befa-e7d89321a226/elements
[HTTP] {"using":"xpath","value":"id(\"credit-card-cvv\")[count(. | //input[@type = 'text' and @id = 'credit-card-cvv']) = count(//input[@type = 'text' and @id = 'credit-card-cvv'])]"}
[HTTP] <-- POST /wd/hub/session/2a6a7498-41d2-46c1-befa-e7d89321a226/elements 200 1206 ms - 74
[HTTP] 
[HTTP] --> POST /wd/hub/session/2a6a7498-41d2-46c1-befa-e7d89321a226/elements
[HTTP] {"using":"xpath","value":"id(\"credit-card-cvv\")[count(. | //input[@type = 'text' and @id = 'credit-card-cvv']) = count(//input[@type = 'text' and @id = 'credit-card-cvv'])]"}
[HTTP] <-- POST /wd/hub/session/2a6a7498-41d2-46c1-befa-e7d89321a226/elements 200 741 ms - 74
[HTTP] 
[HTTP] --> POST /wd/hub/session/2a6a7498-41d2-46c1-befa-e7d89321a226/elements
[HTTP] {"using":"xpath","value":"id(\"credit-card-cvv\")[count(. | //input[@type = 'text' and @id = 'credit-card-cvv']) = count(//input[@type = 'text' and @id = 'credit-card-cvv'])]"}
[HTTP] <-- POST /wd/hub/session/2a6a7498-41d2-46c1-befa-e7d89321a226/elements 200 493 ms - 74
[HTTP] 
[HTTP] --> POST /wd/hub/session/2a6a7498-41d2-46c1-befa-e7d89321a226/elements
[HTTP] {"using":"xpath","value":"id(\"credit-card-cvv\")[count(. | //input[@type = 'text' and @id = 'credit-card-cvv']) = count(//input[@type = 'text' and @id = 'credit-card-cvv'])]"}
[HTTP] <-- POST /wd/hub/session/2a6a7498-41d2-46c1-befa-e7d89321a226/elements 200 2994 ms - 74
[HTTP] 
[HTTP] --> POST /wd/hub/session/2a6a7498-41d2-46c1-befa-e7d89321a226/elements
[HTTP] {"using":"xpath","value":"id(\"credit-card-cvv\")[count(. | //input[@type = 'text' and @id = 'credit-card-cvv']) = count(//input[@type = 'text' and @id = 'credit-card-cvv'])]"}
[HTTP] <-- POST /wd/hub/session/2a6a7498-41d2-46c1-befa-e7d89321a226/elements 200 844 ms - 74
[HTTP] 
[HTTP] --> POST /wd/hub/session/2a6a7498-41d2-46c1-befa-e7d89321a226/elements
[HTTP] {"using":"xpath","value":"id(\"credit-card-cvv\")[count(. | //input[@type = 'text' and @id = 'credit-card-cvv']) = count(//input[@type = 'text' and @id = 'credit-card-cvv'])]"}
[HTTP] <-- POST /wd/hub/session/2a6a7498-41d2-46c1-befa-e7d89321a226/elements 200 3143 ms - 74
[HTTP] 
[HTTP] --> POST /wd/hub/session/2a6a7498-41d2-46c1-befa-e7d89321a226/elements
[HTTP] {"using":"xpath","value":"id(\"credit-card-cvv\")[count(. | //input[@type = 'text' and @id = 'credit-card-cvv']) = count(//input[@type = 'text' and @id = 'credit-card-cvv'])]"}
[HTTP] <-- POST /wd/hub/session/2a6a7498-41d2-46c1-befa-e7d89321a226/elements 200 4033 ms - 74
[HTTP] 
[HTTP] --> POST /wd/hub/session/2a6a7498-41d2-46c1-befa-e7d89321a226/elements
[HTTP] {"using":"xpath","value":"id(\"credit-card-cvv\")[count(. | //input[@type = 'text' and @id = 'credit-card-cvv']) = count(//input[@type = 'text' and @id = 'credit-card-cvv'])]"}
[HTTP] <-- POST /wd/hub/session/2a6a7498-41d2-46c1-befa-e7d89321a226/elements 200 1007 ms - 74
[HTTP] 
[HTTP] --> POST /wd/hub/session/2a6a7498-41d2-46c1-befa-e7d89321a226/elements
[HTTP] {"using":"xpath","value":"id(\"credit-card-cvv\")[count(. | //input[@type = 'text' and @id = 'credit-card-cvv']) = count(//input[@type = 'text' and @id = 'credit-card-cvv'])]"}
[HTTP] <-- POST /wd/hub/session/2a6a7498-41d2-46c1-befa-e7d89321a226/elements 200 554 ms - 74
[HTTP] 
[HTTP] --> POST /wd/hub/session/2a6a7498-41d2-46c1-befa-e7d89321a226/elements
[HTTP] {"using":"xpath","value":"id(\"credit-card-cvv\")[count(. | //input[@type = 'text' and @id = 'credit-card-cvv']) = count(//input[@type = 'text' and @id = 'credit-card-cvv'])]"}
[HTTP] <-- POST /wd/hub/session/2a6a7498-41d2-46c1-befa-e7d89321a226/elements 200 1022 ms - 74
[HTTP] 
[HTTP] --> POST /wd/hub/session/2a6a7498-41d2-46c1-befa-e7d89321a226/elements
[HTTP] {"using":"xpath","value":"id(\"credit-card-cvv\")[count(. | //input[@type = 'text' and @id = 'credit-card-cvv']) = count(//input[@type = 'text' and @id = 'credit-card-cvv'])]"}
[HTTP] <-- POST /wd/hub/session/2a6a7498-41d2-46c1-befa-e7d89321a226/elements 200 905 ms - 74
[HTTP] 
[HTTP] --> POST /wd/hub/session/2a6a7498-41d2-46c1-befa-e7d89321a226/elements
[HTTP] {"using":"xpath","value":"id(\"credit-card-cvv\")[count(. | //input[@type = 'text' and @id = 'credit-card-cvv']) = count(//input[@type = 'text' and @id = 'credit-card-cvv'])]"}
[HTTP] <-- POST /wd/hub/session/2a6a7498-41d2-46c1-befa-e7d89321a226/elements 200 1335 ms - 74
[HTTP] 
[HTTP] --> POST /wd/hub/session/2a6a7498-41d2-46c1-befa-e7d89321a226/elements
[HTTP] {"using":"xpath","value":"id(\"credit-card-cvv\")[count(. | //input[@type = 'text' and @id = 'credit-card-cvv']) = count(//input[@type = 'text' and @id = 'credit-card-cvv'])]"}
[HTTP] <-- POST /wd/hub/session/2a6a7498-41d2-46c1-befa-e7d89321a226/elements 200 238 ms - 74
[HTTP] 
[HTTP] --> POST /wd/hub/session/2a6a7498-41d2-46c1-befa-e7d89321a226/elements
[HTTP] {"using":"xpath","value":"id(\"credit-card-cvv\")[count(. | //input[@type = 'text' and @id = 'credit-card-cvv']) = count(//input[@type = 'text' and @id = 'credit-card-cvv'])]"}
[HTTP] <-- POST /wd/hub/session/2a6a7498-41d2-46c1-befa-e7d89321a226/elements 200 1238 ms - 74
[HTTP] 
[HTTP] --> POST /wd/hub/session/2a6a7498-41d2-46c1-befa-e7d89321a226/elements
[HTTP] {"using":"xpath","value":"id(\"credit-card-cvv\")[count(. | //input[@type = 'text' and @id = 'credit-card-cvv']) = count(//input[@type = 'text' and @id = 'credit-card-cvv'])]"}
[HTTP] <-- POST /wd/hub/session/2a6a7498-41d2-46c1-befa-e7d89321a226/elements 200 1444 ms - 74
[HTTP] 
[HTTP] --> POST /wd/hub/session/2a6a7498-41d2-46c1-befa-e7d89321a226/elements
[HTTP] {"using":"xpath","value":"id(\"credit-card-cvv\")[count(. | //input[@type = 'text' and @id = 'credit-card-cvv']) = count(//input[@type = 'text' and @id = 'credit-card-cvv'])]"}
[HTTP] <-- POST /wd/hub/session/2a6a7498-41d2-46c1-befa-e7d89321a226/elements 200 853 ms - 74
[HTTP] 
[HTTP] --> POST /wd/hub/session/2a6a7498-41d2-46c1-befa-e7d89321a226/elements
[HTTP] {"using":"xpath","value":"id(\"credit-card-cvv\")[count(. | //input[@type = 'text' and @id = 'credit-card-cvv']) = count(//input[@type = 'text' and @id = 'credit-card-cvv'])]"}
[HTTP] <-- POST /wd/hub/session/2a6a7498-41d2-46c1-befa-e7d89321a226/elements 200 1129 ms - 74
[HTTP] 
[HTTP] --> POST /wd/hub/session/2a6a7498-41d2-46c1-befa-e7d89321a226/elements
[HTTP] {"using":"xpath","value":"id(\"credit-card-cvv\")[count(. | //input[@type = 'text' and @id = 'credit-card-cvv']) = count(//input[@type = 'text' and @id = 'credit-card-cvv'])]"}
[HTTP] <-- POST /wd/hub/session/2a6a7498-41d2-46c1-befa-e7d89321a226/elements 200 643 ms - 74
[HTTP] 
[HTTP] --> POST /wd/hub/session/2a6a7498-41d2-46c1-befa-e7d89321a226/elements
[HTTP] {"using":"xpath","value":"id(\"credit-card-cvv\")[count(. | //input[@type = 'text' and @id = 'credit-card-cvv']) = count(//input[@type = 'text' and @id = 'credit-card-cvv'])]"}
[HTTP] <-- POST /wd/hub/session/2a6a7498-41d2-46c1-befa-e7d89321a226/elements 200 1337 ms - 74
[HTTP] 
[HTTP] --> POST /wd/hub/session/2a6a7498-41d2-46c1-befa-e7d89321a226/elements
[HTTP] {"using":"xpath","value":"id(\"credit-card-cvv\")[count(. | //input[@type = 'text' and @id = 'credit-card-cvv']) = count(//input[@type = 'text' and @id = 'credit-card-cvv'])]"}
[HTTP] <-- POST /wd/hub/session/2a6a7498-41d2-46c1-befa-e7d89321a226/elements 200 812 ms - 74
[HTTP] 
[HTTP] --> POST /wd/hub/session/2a6a7498-41d2-46c1-befa-e7d89321a226/elements
[HTTP] {"using":"xpath","value":"id(\"credit-card-cvv\")[count(. | //input[@type = 'text' and @id = 'credit-card-cvv']) = count(//input[@type = 'text' and @id = 'credit-card-cvv'])]"}
[HTTP] <-- POST /wd/hub/session/2a6a7498-41d2-46c1-befa-e7d89321a226/elements 200 670 ms - 74
[HTTP] 
[HTTP] --> POST /wd/hub/session/2a6a7498-41d2-46c1-befa-e7d89321a226/elements
[HTTP] {"using":"xpath","value":"id(\"credit-card-cvv\")[count(. | //input[@type = 'text' and @id = 'credit-card-cvv']) = count(//input[@type = 'text' and @id = 'credit-card-cvv'])]"}
[HTTP] <-- POST /wd/hub/session/2a6a7498-41d2-46c1-befa-e7d89321a226/elements 200 149 ms - 74
[HTTP] 
[HTTP] --> POST /wd/hub/session/2a6a7498-41d2-46c1-befa-e7d89321a226/elements
[HTTP] {"using":"xpath","value":"id(\"credit-card-cvv\")[count(. | //input[@type = 'text' and @id = 'credit-card-cvv']) = count(//input[@type = 'text' and @id = 'credit-card-cvv'])]"}
[HTTP] <-- POST /wd/hub/session/2a6a7498-41d2-46c1-befa-e7d89321a226/elements 200 541 ms - 74
[HTTP] 
[HTTP] --> POST /wd/hub/session/2a6a7498-41d2-46c1-befa-e7d89321a226/elements
[HTTP] {"using":"xpath","value":"id(\"credit-card-cvv\")[count(. | //input[@type = 'text' and @id = 'credit-card-cvv']) = count(//input[@type = 'text' and @id = 'credit-card-cvv'])]"}
[HTTP] <-- POST /wd/hub/session/2a6a7498-41d2-46c1-befa-e7d89321a226/elements 200 3141 ms - 74
[HTTP] 
[HTTP] --> POST /wd/hub/session/2a6a7498-41d2-46c1-befa-e7d89321a226/elements
[HTTP] {"using":"xpath","value":"id(\"credit-card-cvv\")[count(. | //input[@type = 'text' and @id = 'credit-card-cvv']) = count(//input[@type = 'text' and @id = 'credit-card-cvv'])]"}
[HTTP] <-- POST /wd/hub/session/2a6a7498-41d2-46c1-befa-e7d89321a226/elements 200 2597 ms - 74
[HTTP] 
[HTTP] --> POST /wd/hub/session/2a6a7498-41d2-46c1-befa-e7d89321a226/elements
[HTTP] {"using":"xpath","value":"id(\"credit-card-cvv\")[count(. | //input[@type = 'text' and @id = 'credit-card-cvv']) = count(//input[@type = 'text' and @id = 'credit-card-cvv'])]"}
[HTTP] <-- POST /wd/hub/session/2a6a7498-41d2-46c1-befa-e7d89321a226/elements 200 3235 ms - 74
[HTTP] 
[HTTP] --> POST /wd/hub/session/2a6a7498-41d2-46c1-befa-e7d89321a226/elements
[HTTP] {"using":"xpath","value":"id(\"credit-card-cvv\")[count(. | //input[@type = 'text' and @id = 'credit-card-cvv']) = count(//input[@type = 'text' and @id = 'credit-card-cvv'])]"}
[HTTP] <-- POST /wd/hub/session/2a6a7498-41d2-46c1-befa-e7d89321a226/elements 200 1889 ms - 74
[HTTP] 
[HTTP] --> POST /wd/hub/session/2a6a7498-41d2-46c1-befa-e7d89321a226/elements
[HTTP] {"using":"xpath","value":"id(\"credit-card-cvv\")[count(. | //input[@type = 'text' and @id = 'credit-card-cvv']) = count(//input[@type = 'text' and @id = 'credit-card-cvv'])]"}
[HTTP] <-- POST /wd/hub/session/2a6a7498-41d2-46c1-befa-e7d89321a226/elements 200 646 ms - 74
[HTTP] 
[HTTP] --> POST /wd/hub/session/2a6a7498-41d2-46c1-befa-e7d89321a226/elements
[HTTP] {"using":"xpath","value":"id(\"credit-card-cvv\")[count(. | //input[@type = 'text' and @id = 'credit-card-cvv']) = count(//input[@type = 'text' and @id = 'credit-card-cvv'])]"}
[HTTP] <-- POST /wd/hub/session/2a6a7498-41d2-46c1-befa-e7d89321a226/elements 200 596 ms - 74
[HTTP] 
[HTTP] --> POST /wd/hub/session/2a6a7498-41d2-46c1-befa-e7d89321a226/elements
[HTTP] {"using":"xpath","value":"id(\"credit-card-cvv\")[count(. | //input[@type = 'text' and @id = 'credit-card-cvv']) = count(//input[@type = 'text' and @id = 'credit-card-cvv'])]"}
[HTTP] <-- POST /wd/hub/session/2a6a7498-41d2-46c1-befa-e7d89321a226/elements 200 1446 ms - 74
[HTTP] 
[HTTP] --> GET /wd/hub/session/2a6a7498-41d2-46c1-befa-e7d89321a226/screenshot
[HTTP] {}
[HTTP] <-- GET /wd/hub/session/2a6a7498-41d2-46c1-befa-e7d89321a226/screenshot 200 513 ms - 1153610
[HTTP] 
[HTTP] --> DELETE /wd/hub/session/2a6a7498-41d2-46c1-befa-e7d89321a226
[HTTP] {}
[Appium] Removing session 2a6a7498-41d2-46c1-befa-e7d89321a226 from our master session list
[HTTP] <-- DELETE /wd/hub/session/2a6a7498-41d2-46c1-befa-e7d89321a226 200 2110 ms - 76
[HTTP] 
