[Appium] Welcome to Appium v1.8.1
[Appium] Non-default server args:
[Appium]   port: 56649
[Appium]   loglevel: info
[Appium]   chromeDriverPort: 56650
[Appium]   tmpDir: /var/folders/95/4qsvf70n5s55n0wp9h6b0h_r0000gn/T//Katalon/Appium/Temp1548664874753
[Appium]   webkitDebugProxyPort: 56647
[Appium] Appium REST http interface listener started on 0.0.0.0:56649
[HTTP] --> GET /wd/hub/status
[HTTP] {}
[HTTP] <-- GET /wd/hub/status 200 27 ms - 83
[HTTP] 
[HTTP] --> POST /wd/hub/session
[HTTP] {"desiredCapabilities":{"automationName":"XCUITest","browserName":"Safari","deviceId":"","deviceName":"iPhone XS","newCommandTimeout":1800,"platform":"IOS","platformName":"iOS","platformVersion":"12.1","realDeviceLogger":"/Applications/Katalon Studio.app/Contents/Eclipse/configuration/resources/tools/deviceconsole/deviceconsole","wdaLocalPort":56646},"capabilities":{"desiredCapabilities":{"automationName":"XCUITest","browserName":"Safari","deviceId":"","deviceName":"iPhone XS","newCommandTimeout":1800,"platform":"IOS","platformName":"iOS","platformVersion":"12.1","realDeviceLogger":"/Applications/Katalon Studio.app/Contents/Eclipse/configuration/resources/tools/deviceconsole/deviceconsole","wdaLocalPort":56646},"firstMatch":[{"browserName":"Safari","platformName":"ios"}]}}
[Appium] Could not parse W3C capabilities: 'deviceName' can't be blank. Falling back to JSONWP protocol.
[Appium] The following capabilities were provided in the JSONWP desired capabilities that are missing in W3C capabilities: ["automationName","browserName","deviceId","deviceName","newCommandTimeout","platform","platformName","platformVersion","realDeviceLogger","wdaLocalPort"]. Falling back to JSONWP protocol.
[Appium] Creating new XCUITestDriver (v2.105.0) session
[Appium] Capabilities:
[Appium]   automationName: XCUITest
[Appium]   browserName: Safari
[Appium]   deviceId: 
[Appium]   deviceName: iPhone XS
[Appium]   newCommandTimeout: 1800
[Appium]   platform: IOS
[Appium]   platformName: iOS
[Appium]   platformVersion: 12.1
[Appium]   realDeviceLogger: /Applications/Katalon Studio.app/Contents/Eclipse/configuration/resources/tools/deviceconsole/deviceconsole
[Appium]   wdaLocalPort: 56646
[BaseDriver] The following capabilities were provided, but are not recognized by appium: deviceId, platform.
[BaseDriver] Session created with session id: dbe49d16-9cb3-4bb6-a025-a6e87c9a7c58
[iOSSim] Constructing iOS simulator for Xcode version 10.1 with udid 'FEA3F4AC-1A31-499B-86F3-B1432D77B241'
[XCUITest] Determining device to run tests on: udid: 'FEA3F4AC-1A31-499B-86F3-B1432D77B241', real device: false
[XCUITest] Safari test requested
[XCUITest] Setting up simulator
[iOSSim] Both Simulator with UDID FEA3F4AC-1A31-499B-86F3-B1432D77B241 and the UI client are currently running
[XCUITest] Using WDA path: '/Users/denisyu/.nvm/versions/node/v8.1.4/lib/node_modules/appium/node_modules/_appium-xcuitest-driver@2.105.0@appium-xcuitest-driver/WebDriverAgent'
[XCUITest] Using WDA agent: '/Users/denisyu/.nvm/versions/node/v8.1.4/lib/node_modules/appium/node_modules/_appium-xcuitest-driver@2.105.0@appium-xcuitest-driver/WebDriverAgent/WebDriverAgent.xcodeproj'
[JSONWP Proxy] Got an unexpected response: {"errno":"ECONNREFUSED","code":"ECONNREFUSED","syscall":"connect","address":"127.0.0.1","port":56646}
[XCUITest] Launching WebDriverAgent on the device
[JSONWP Proxy] Got an unexpected response: {"errno":"ECONNREFUSED","code":"ECONNREFUSED","syscall":"connect","address":"127.0.0.1","port":56646}
[JSONWP Proxy] Got an unexpected response: {"errno":"ECONNREFUSED","code":"ECONNREFUSED","syscall":"connect","address":"127.0.0.1","port":56646}
[JSONWP Proxy] Got an unexpected response: {"errno":"ECONNREFUSED","code":"ECONNREFUSED","syscall":"connect","address":"127.0.0.1","port":56646}
[JSONWP Proxy] Got an unexpected response: {"errno":"ECONNREFUSED","code":"ECONNREFUSED","syscall":"connect","address":"127.0.0.1","port":56646}
[JSONWP Proxy] Got an unexpected response: {"errno":"ECONNREFUSED","code":"ECONNREFUSED","syscall":"connect","address":"127.0.0.1","port":56646}
[JSONWP Proxy] Got an unexpected response: {"errno":"ECONNREFUSED","code":"ECONNREFUSED","syscall":"connect","address":"127.0.0.1","port":56646}
[JSONWP Proxy] Got an unexpected response: {"errno":"ECONNREFUSED","code":"ECONNREFUSED","syscall":"connect","address":"127.0.0.1","port":56646}
[JSONWP Proxy] Got an unexpected response: {"errno":"ECONNREFUSED","code":"ECONNREFUSED","syscall":"connect","address":"127.0.0.1","port":56646}
[JSONWP Proxy] Got an unexpected response: {"errno":"ECONNREFUSED","code":"ECONNREFUSED","syscall":"connect","address":"127.0.0.1","port":56646}
[JSONWP Proxy] Got an unexpected response: {"errno":"ECONNREFUSED","code":"ECONNREFUSED","syscall":"connect","address":"127.0.0.1","port":56646}
[HTTP] --> GET /welcome
[HTTP] {}
[HTTP] <-- GET /welcome 200 10 ms - 124
[HTTP] 
[HTTP] <-- GET /favicon.ico 200 6 ms - 1150
[HTTP] 
[XCUITest] Skipping setting of the initial display orientation. Set the "orientation" capability to either "LANDSCAPE" or "PORTRAIT", if this is an undesired behavior.
[Appium] New XCUITestDriver session created successfully, session dbe49d16-9cb3-4bb6-a025-a6e87c9a7c58 added to master session list
[HTTP] <-- POST /wd/hub/session 200 41168 ms - 609
[HTTP] 
[HTTP] --> GET /wd/hub/status
[HTTP] {}
[HTTP] <-- GET /wd/hub/status 200 22 ms - 55
[HTTP] 
[HTTP] --> POST /wd/hub/session/dbe49d16-9cb3-4bb6-a025-a6e87c9a7c58/timeouts
[HTTP] {"type":"implicit","ms":60000}
[HTTP] <-- POST /wd/hub/session/dbe49d16-9cb3-4bb6-a025-a6e87c9a7c58/timeouts 400 20 ms - 5641
[HTTP] 
[HTTP] --> POST /wd/hub/session/dbe49d16-9cb3-4bb6-a025-a6e87c9a7c58/timeouts
[HTTP] {"type":"implicit","ms":0}
[HTTP] <-- POST /wd/hub/session/dbe49d16-9cb3-4bb6-a025-a6e87c9a7c58/timeouts 400 2 ms - 5633
[HTTP] 
[HTTP] --> POST /wd/hub/session/dbe49d16-9cb3-4bb6-a025-a6e87c9a7c58/execute
[HTTP] {"script":"return navigator.sayswho= (function() { var ua= navigator.userAgent, tem, M= ua.match(/(opera|chrome|safari|firefox|msie|trident)\\/?\\s*(\\.?\\d+(\\.\\d+)*)/i) || []; if (/trident/i.test(M[1])) {     tem=  /\\brv[ :]+(\\d+)/g.exec(ua) || [];     return 'IE '+(tem[1] || ''); } if(M[1]=== 'Chrome') {     tem= ua.match(/\\b(OPR|Edge)\\/(\\d+)/);     if(tem!= null) return tem.slice(1).join(' ').replace('OPR', 'Opera'); } M= M[2]? [M[1], M[2]]: [navigator.appName, navigator.appVersion, '-?']; if((tem= ua.match(/version\\/(\\d+)/i))!= null) M.splice(1, 1, tem[1]); return M.join(' ').replace('MSIE', 'IE');})();","args":[]}
[HTTP] <-- POST /wd/hub/session/dbe49d16-9cb3-4bb6-a025-a6e87c9a7c58/execute 200 3717 ms - 83
[HTTP] 
[HTTP] --> POST /wd/hub/session/dbe49d16-9cb3-4bb6-a025-a6e87c9a7c58/url
[HTTP] {"url":"https://praetemptatus.agilehealthinsurance.com/"}
[HTTP] <-- POST /wd/hub/session/dbe49d16-9cb3-4bb6-a025-a6e87c9a7c58/url 200 5988 ms - 76
[HTTP] 
[HTTP] --> GET /wd/hub/session/dbe49d16-9cb3-4bb6-a025-a6e87c9a7c58/screenshot
[HTTP] {}
[HTTP] <-- GET /wd/hub/session/dbe49d16-9cb3-4bb6-a025-a6e87c9a7c58/screenshot 200 555 ms - 1683606
[HTTP] 
[HTTP] --> POST /wd/hub/session/dbe49d16-9cb3-4bb6-a025-a6e87c9a7c58/elements
[HTTP] {"using":"xpath","value":"//a[@href = '/health-insurance-quotes' and @id = 'primaryCTA' and @title = 'Get Health Insurance Quotes' and (text() = 'Quote & Save Today' or . = 'Quote & Save Today')]"}
[HTTP] <-- POST /wd/hub/session/dbe49d16-9cb3-4bb6-a025-a6e87c9a7c58/elements 200 1775 ms - 92
[HTTP] 
[HTTP] --> GET /wd/hub/session/dbe49d16-9cb3-4bb6-a025-a6e87c9a7c58
[HTTP] {}
[XCUITest] Merging WDA caps over Appium caps for session detail response
[HTTP] <-- GET /wd/hub/session/dbe49d16-9cb3-4bb6-a025-a6e87c9a7c58 200 3167 ms - 628
[HTTP] 
[HTTP] --> GET /wd/hub/session/dbe49d16-9cb3-4bb6-a025-a6e87c9a7c58
[HTTP] {}
[XCUITest] Merging WDA caps over Appium caps for session detail response
[HTTP] <-- GET /wd/hub/session/dbe49d16-9cb3-4bb6-a025-a6e87c9a7c58 200 4 ms - 628
[HTTP] 
[HTTP] --> GET /wd/hub/session/dbe49d16-9cb3-4bb6-a025-a6e87c9a7c58
[HTTP] {}
[XCUITest] Merging WDA caps over Appium caps for session detail response
[HTTP] <-- GET /wd/hub/session/dbe49d16-9cb3-4bb6-a025-a6e87c9a7c58 200 2 ms - 628
[HTTP] 
[HTTP] --> GET /wd/hub/session/dbe49d16-9cb3-4bb6-a025-a6e87c9a7c58
[HTTP] {}
[XCUITest] Merging WDA caps over Appium caps for session detail response
[HTTP] <-- GET /wd/hub/session/dbe49d16-9cb3-4bb6-a025-a6e87c9a7c58 200 6 ms - 628
[HTTP] 
[HTTP] --> POST /wd/hub/session/dbe49d16-9cb3-4bb6-a025-a6e87c9a7c58/element/5000/click
[HTTP] {"id":"5000"}
[HTTP] <-- POST /wd/hub/session/dbe49d16-9cb3-4bb6-a025-a6e87c9a7c58/element/5000/click 200 1586 ms - 76
[HTTP] 
[HTTP] --> POST /wd/hub/session/dbe49d16-9cb3-4bb6-a025-a6e87c9a7c58/elements
[HTTP] {"using":"xpath","value":"//input[@id = 'zip-input' and @type = 'tel' and @placeholder = 'Zip Code']"}
[HTTP] <-- POST /wd/hub/session/dbe49d16-9cb3-4bb6-a025-a6e87c9a7c58/elements 200 1325 ms - 74
[HTTP] 
[HTTP] --> POST /wd/hub/session/dbe49d16-9cb3-4bb6-a025-a6e87c9a7c58/elements
[HTTP] {"using":"xpath","value":"//input[@id = 'zip-input' and @type = 'tel' and @placeholder = 'Zip Code']"}
[HTTP] <-- POST /wd/hub/session/dbe49d16-9cb3-4bb6-a025-a6e87c9a7c58/elements 200 255 ms - 92
[HTTP] 
[HTTP] --> GET /wd/hub/session/dbe49d16-9cb3-4bb6-a025-a6e87c9a7c58
[HTTP] {}
[XCUITest] Merging WDA caps over Appium caps for session detail response
[HTTP] <-- GET /wd/hub/session/dbe49d16-9cb3-4bb6-a025-a6e87c9a7c58 200 4 ms - 628
[HTTP] 
[HTTP] --> GET /wd/hub/session/dbe49d16-9cb3-4bb6-a025-a6e87c9a7c58
[HTTP] {}
[XCUITest] Merging WDA caps over Appium caps for session detail response
[HTTP] <-- GET /wd/hub/session/dbe49d16-9cb3-4bb6-a025-a6e87c9a7c58 200 2 ms - 628
[HTTP] 
[HTTP] --> GET /wd/hub/session/dbe49d16-9cb3-4bb6-a025-a6e87c9a7c58
[HTTP] {}
[XCUITest] Merging WDA caps over Appium caps for session detail response
[HTTP] <-- GET /wd/hub/session/dbe49d16-9cb3-4bb6-a025-a6e87c9a7c58 200 2 ms - 628
[HTTP] 
[HTTP] --> GET /wd/hub/session/dbe49d16-9cb3-4bb6-a025-a6e87c9a7c58
[HTTP] {}
[XCUITest] Merging WDA caps over Appium caps for session detail response
[HTTP] <-- GET /wd/hub/session/dbe49d16-9cb3-4bb6-a025-a6e87c9a7c58 200 2 ms - 628
[HTTP] 
[HTTP] --> POST /wd/hub/session/dbe49d16-9cb3-4bb6-a025-a6e87c9a7c58/element/5001/clear
[HTTP] {"id":"5001"}
[HTTP] <-- POST /wd/hub/session/dbe49d16-9cb3-4bb6-a025-a6e87c9a7c58/element/5001/clear 200 320 ms - 76
[HTTP] 
[HTTP] --> POST /wd/hub/session/dbe49d16-9cb3-4bb6-a025-a6e87c9a7c58/elements
[HTTP] {"using":"xpath","value":"//input[@id = 'zip-input' and @type = 'tel' and @placeholder = 'Zip Code']"}
[HTTP] <-- POST /wd/hub/session/dbe49d16-9cb3-4bb6-a025-a6e87c9a7c58/elements 200 499 ms - 92
[HTTP] 
[HTTP] --> GET /wd/hub/session/dbe49d16-9cb3-4bb6-a025-a6e87c9a7c58
[HTTP] {}
[XCUITest] Merging WDA caps over Appium caps for session detail response
[HTTP] <-- GET /wd/hub/session/dbe49d16-9cb3-4bb6-a025-a6e87c9a7c58 200 6 ms - 628
[HTTP] 
[HTTP] --> GET /wd/hub/session/dbe49d16-9cb3-4bb6-a025-a6e87c9a7c58
[HTTP] {}
[XCUITest] Merging WDA caps over Appium caps for session detail response
[HTTP] <-- GET /wd/hub/session/dbe49d16-9cb3-4bb6-a025-a6e87c9a7c58 200 9 ms - 628
[HTTP] 
[HTTP] --> GET /wd/hub/session/dbe49d16-9cb3-4bb6-a025-a6e87c9a7c58
[HTTP] {}
[XCUITest] Merging WDA caps over Appium caps for session detail response
[HTTP] <-- GET /wd/hub/session/dbe49d16-9cb3-4bb6-a025-a6e87c9a7c58 200 2 ms - 628
[HTTP] 
[HTTP] --> GET /wd/hub/session/dbe49d16-9cb3-4bb6-a025-a6e87c9a7c58
[HTTP] {}
[XCUITest] Merging WDA caps over Appium caps for session detail response
[HTTP] <-- GET /wd/hub/session/dbe49d16-9cb3-4bb6-a025-a6e87c9a7c58 200 2 ms - 628
[HTTP] 
[HTTP] --> POST /wd/hub/session/dbe49d16-9cb3-4bb6-a025-a6e87c9a7c58/element/5002/value
[HTTP] {"id":"5002","value":["60602"]}
[HTTP] <-- POST /wd/hub/session/dbe49d16-9cb3-4bb6-a025-a6e87c9a7c58/element/5002/value 200 1134 ms - 76
[HTTP] 
[HTTP] --> POST /wd/hub/session/dbe49d16-9cb3-4bb6-a025-a6e87c9a7c58/elements
[HTTP] {"using":"xpath","value":"//input[@id = 'dob-0' and @type = 'tel' and @placeholder = 'mm/dd/yyyy']"}
[HTTP] <-- POST /wd/hub/session/dbe49d16-9cb3-4bb6-a025-a6e87c9a7c58/elements 200 259 ms - 92
[HTTP] 
[HTTP] --> GET /wd/hub/session/dbe49d16-9cb3-4bb6-a025-a6e87c9a7c58
[HTTP] {}
[XCUITest] Merging WDA caps over Appium caps for session detail response
[HTTP] <-- GET /wd/hub/session/dbe49d16-9cb3-4bb6-a025-a6e87c9a7c58 200 2 ms - 628
[HTTP] 
[HTTP] --> GET /wd/hub/session/dbe49d16-9cb3-4bb6-a025-a6e87c9a7c58
[HTTP] {}
[XCUITest] Merging WDA caps over Appium caps for session detail response
[HTTP] <-- GET /wd/hub/session/dbe49d16-9cb3-4bb6-a025-a6e87c9a7c58 200 3 ms - 628
[HTTP] 
[HTTP] --> GET /wd/hub/session/dbe49d16-9cb3-4bb6-a025-a6e87c9a7c58
[HTTP] {}
[XCUITest] Merging WDA caps over Appium caps for session detail response
[HTTP] <-- GET /wd/hub/session/dbe49d16-9cb3-4bb6-a025-a6e87c9a7c58 200 3 ms - 628
[HTTP] 
[HTTP] --> GET /wd/hub/session/dbe49d16-9cb3-4bb6-a025-a6e87c9a7c58
[HTTP] {}
[XCUITest] Merging WDA caps over Appium caps for session detail response
[HTTP] <-- GET /wd/hub/session/dbe49d16-9cb3-4bb6-a025-a6e87c9a7c58 200 2 ms - 628
[HTTP] 
[HTTP] --> POST /wd/hub/session/dbe49d16-9cb3-4bb6-a025-a6e87c9a7c58/element/5003/clear
[HTTP] {"id":"5003"}
[HTTP] <-- POST /wd/hub/session/dbe49d16-9cb3-4bb6-a025-a6e87c9a7c58/element/5003/clear 200 1035 ms - 76
[HTTP] 
[HTTP] --> POST /wd/hub/session/dbe49d16-9cb3-4bb6-a025-a6e87c9a7c58/elements
[HTTP] {"using":"xpath","value":"//input[@id = 'dob-0' and @type = 'tel' and @placeholder = 'mm/dd/yyyy']"}
[HTTP] <-- POST /wd/hub/session/dbe49d16-9cb3-4bb6-a025-a6e87c9a7c58/elements 200 1028 ms - 92
[HTTP] 
[HTTP] --> GET /wd/hub/session/dbe49d16-9cb3-4bb6-a025-a6e87c9a7c58
[HTTP] {}
[XCUITest] Merging WDA caps over Appium caps for session detail response
[HTTP] <-- GET /wd/hub/session/dbe49d16-9cb3-4bb6-a025-a6e87c9a7c58 200 2 ms - 628
[HTTP] 
[HTTP] --> GET /wd/hub/session/dbe49d16-9cb3-4bb6-a025-a6e87c9a7c58
[HTTP] {}
[XCUITest] Merging WDA caps over Appium caps for session detail response
[HTTP] <-- GET /wd/hub/session/dbe49d16-9cb3-4bb6-a025-a6e87c9a7c58 200 2 ms - 628
[HTTP] 
[HTTP] --> GET /wd/hub/session/dbe49d16-9cb3-4bb6-a025-a6e87c9a7c58
[HTTP] {}
[XCUITest] Merging WDA caps over Appium caps for session detail response
[HTTP] <-- GET /wd/hub/session/dbe49d16-9cb3-4bb6-a025-a6e87c9a7c58 200 2 ms - 628
[HTTP] 
[HTTP] --> GET /wd/hub/session/dbe49d16-9cb3-4bb6-a025-a6e87c9a7c58
[HTTP] {}
[XCUITest] Merging WDA caps over Appium caps for session detail response
[HTTP] <-- GET /wd/hub/session/dbe49d16-9cb3-4bb6-a025-a6e87c9a7c58 200 2 ms - 628
[HTTP] 
[HTTP] --> POST /wd/hub/session/dbe49d16-9cb3-4bb6-a025-a6e87c9a7c58/element/5004/value
[HTTP] {"id":"5004","value":["03/03/1987"]}
[HTTP] <-- POST /wd/hub/session/dbe49d16-9cb3-4bb6-a025-a6e87c9a7c58/element/5004/value 200 8431 ms - 76
[HTTP] 
[HTTP] --> POST /wd/hub/session/dbe49d16-9cb3-4bb6-a025-a6e87c9a7c58/elements
[HTTP] {"using":"xpath","value":"//label[(text() = 'Male' or . = 'Male')]"}
[HTTP] <-- POST /wd/hub/session/dbe49d16-9cb3-4bb6-a025-a6e87c9a7c58/elements 200 6541 ms - 92
[HTTP] 
[HTTP] --> GET /wd/hub/session/dbe49d16-9cb3-4bb6-a025-a6e87c9a7c58
[HTTP] {}
[XCUITest] Merging WDA caps over Appium caps for session detail response
[HTTP] <-- GET /wd/hub/session/dbe49d16-9cb3-4bb6-a025-a6e87c9a7c58 200 2 ms - 628
[HTTP] 
[HTTP] --> GET /wd/hub/session/dbe49d16-9cb3-4bb6-a025-a6e87c9a7c58
[HTTP] {}
[XCUITest] Merging WDA caps over Appium caps for session detail response
[HTTP] <-- GET /wd/hub/session/dbe49d16-9cb3-4bb6-a025-a6e87c9a7c58 200 2 ms - 628
[HTTP] 
[HTTP] --> GET /wd/hub/session/dbe49d16-9cb3-4bb6-a025-a6e87c9a7c58
[HTTP] {}
[XCUITest] Merging WDA caps over Appium caps for session detail response
[HTTP] <-- GET /wd/hub/session/dbe49d16-9cb3-4bb6-a025-a6e87c9a7c58 200 2 ms - 628
[HTTP] 
[HTTP] --> GET /wd/hub/session/dbe49d16-9cb3-4bb6-a025-a6e87c9a7c58
[HTTP] {}
[XCUITest] Merging WDA caps over Appium caps for session detail response
[HTTP] <-- GET /wd/hub/session/dbe49d16-9cb3-4bb6-a025-a6e87c9a7c58 200 2 ms - 628
[HTTP] 
[HTTP] --> POST /wd/hub/session/dbe49d16-9cb3-4bb6-a025-a6e87c9a7c58/element/5005/click
[HTTP] {"id":"5005"}
[HTTP] <-- POST /wd/hub/session/dbe49d16-9cb3-4bb6-a025-a6e87c9a7c58/element/5005/click 200 1821 ms - 76
[HTTP] 
[HTTP] --> GET /wd/hub/session/dbe49d16-9cb3-4bb6-a025-a6e87c9a7c58/screenshot
[HTTP] {}
[HTTP] <-- GET /wd/hub/session/dbe49d16-9cb3-4bb6-a025-a6e87c9a7c58/screenshot 200 194 ms - 919350
[HTTP] 
[HTTP] --> POST /wd/hub/session/dbe49d16-9cb3-4bb6-a025-a6e87c9a7c58/elements
[HTTP] {"using":"xpath","value":"//label[@id = 'js-see-plans' and @href = '#' and (text() = 'Compare Plans ' or . = 'Compare Plans ')]"}
[HTTP] <-- POST /wd/hub/session/dbe49d16-9cb3-4bb6-a025-a6e87c9a7c58/elements 200 329 ms - 92
[HTTP] 
[HTTP] --> GET /wd/hub/session/dbe49d16-9cb3-4bb6-a025-a6e87c9a7c58
[HTTP] {}
[XCUITest] Merging WDA caps over Appium caps for session detail response
[HTTP] <-- GET /wd/hub/session/dbe49d16-9cb3-4bb6-a025-a6e87c9a7c58 200 2 ms - 628
[HTTP] 
[HTTP] --> GET /wd/hub/session/dbe49d16-9cb3-4bb6-a025-a6e87c9a7c58
[HTTP] {}
[XCUITest] Merging WDA caps over Appium caps for session detail response
[HTTP] <-- GET /wd/hub/session/dbe49d16-9cb3-4bb6-a025-a6e87c9a7c58 200 2 ms - 628
[HTTP] 
[HTTP] --> GET /wd/hub/session/dbe49d16-9cb3-4bb6-a025-a6e87c9a7c58
[HTTP] {}
[XCUITest] Merging WDA caps over Appium caps for session detail response
[HTTP] <-- GET /wd/hub/session/dbe49d16-9cb3-4bb6-a025-a6e87c9a7c58 200 2 ms - 628
[HTTP] 
[HTTP] --> GET /wd/hub/session/dbe49d16-9cb3-4bb6-a025-a6e87c9a7c58
[HTTP] {}
[XCUITest] Merging WDA caps over Appium caps for session detail response
[HTTP] <-- GET /wd/hub/session/dbe49d16-9cb3-4bb6-a025-a6e87c9a7c58 200 2 ms - 628
[HTTP] 
[HTTP] --> POST /wd/hub/session/dbe49d16-9cb3-4bb6-a025-a6e87c9a7c58/element/5006/click
[HTTP] {"id":"5006"}
[HTTP] <-- POST /wd/hub/session/dbe49d16-9cb3-4bb6-a025-a6e87c9a7c58/element/5006/click 200 7191 ms - 76
[HTTP] 
[HTTP] --> POST /wd/hub/session/dbe49d16-9cb3-4bb6-a025-a6e87c9a7c58/elements
[HTTP] {"using":"xpath","value":"//*[@href = '/term-health-insurance/plan/slaico-il-plan-2-10000-30-20000-1000000' and (text() = 'Standard Life Select STM Plan 2 10K/30/1M' or . = 'Standard Life Select STM Plan 2 10K/30/1M')]"}
[HTTP] <-- POST /wd/hub/session/dbe49d16-9cb3-4bb6-a025-a6e87c9a7c58/elements 200 684 ms - 92
[HTTP] 
[HTTP] --> GET /wd/hub/session/dbe49d16-9cb3-4bb6-a025-a6e87c9a7c58
[HTTP] {}
[XCUITest] Merging WDA caps over Appium caps for session detail response
[HTTP] <-- GET /wd/hub/session/dbe49d16-9cb3-4bb6-a025-a6e87c9a7c58 200 3 ms - 628
[HTTP] 
[HTTP] --> GET /wd/hub/session/dbe49d16-9cb3-4bb6-a025-a6e87c9a7c58
[HTTP] {}
[XCUITest] Merging WDA caps over Appium caps for session detail response
[HTTP] <-- GET /wd/hub/session/dbe49d16-9cb3-4bb6-a025-a6e87c9a7c58 200 2 ms - 628
[HTTP] 
[HTTP] --> GET /wd/hub/session/dbe49d16-9cb3-4bb6-a025-a6e87c9a7c58
[HTTP] {}
[XCUITest] Merging WDA caps over Appium caps for session detail response
[HTTP] <-- GET /wd/hub/session/dbe49d16-9cb3-4bb6-a025-a6e87c9a7c58 200 2 ms - 628
[HTTP] 
[HTTP] --> GET /wd/hub/session/dbe49d16-9cb3-4bb6-a025-a6e87c9a7c58
[HTTP] {}
[XCUITest] Merging WDA caps over Appium caps for session detail response
[HTTP] <-- GET /wd/hub/session/dbe49d16-9cb3-4bb6-a025-a6e87c9a7c58 200 2 ms - 628
[HTTP] 
[HTTP] --> POST /wd/hub/session/dbe49d16-9cb3-4bb6-a025-a6e87c9a7c58/execute
[HTTP] {"script":"arguments[0].scrollIntoView();","args":[{"ELEMENT":"5007","element-6066-11e4-a52e-4f735466cecf":"5007"}]}
[HTTP] <-- POST /wd/hub/session/dbe49d16-9cb3-4bb6-a025-a6e87c9a7c58/execute 200 326 ms - 76
[HTTP] 
[HTTP] --> GET /wd/hub/session/dbe49d16-9cb3-4bb6-a025-a6e87c9a7c58/screenshot
[HTTP] {}
[HTTP] <-- GET /wd/hub/session/dbe49d16-9cb3-4bb6-a025-a6e87c9a7c58/screenshot 200 359 ms - 950570
[HTTP] 
[HTTP] --> POST /wd/hub/session/dbe49d16-9cb3-4bb6-a025-a6e87c9a7c58/elements
[HTTP] {"using":"xpath","value":"//*[@href = '/term-health-insurance/plan/slaico-il-plan-2-10000-30-20000-1000000' and (text() = 'Standard Life Select STM Plan 2 10K/30/1M' or . = 'Standard Life Select STM Plan 2 10K/30/1M')]"}
[HTTP] <-- POST /wd/hub/session/dbe49d16-9cb3-4bb6-a025-a6e87c9a7c58/elements 200 880 ms - 92
[HTTP] 
[HTTP] --> GET /wd/hub/session/dbe49d16-9cb3-4bb6-a025-a6e87c9a7c58
[HTTP] {}
[XCUITest] Merging WDA caps over Appium caps for session detail response
[HTTP] <-- GET /wd/hub/session/dbe49d16-9cb3-4bb6-a025-a6e87c9a7c58 200 2 ms - 628
[HTTP] 
[HTTP] --> GET /wd/hub/session/dbe49d16-9cb3-4bb6-a025-a6e87c9a7c58
[HTTP] {}
[XCUITest] Merging WDA caps over Appium caps for session detail response
[HTTP] <-- GET /wd/hub/session/dbe49d16-9cb3-4bb6-a025-a6e87c9a7c58 200 2 ms - 628
[HTTP] 
[HTTP] --> GET /wd/hub/session/dbe49d16-9cb3-4bb6-a025-a6e87c9a7c58
[HTTP] {}
[XCUITest] Merging WDA caps over Appium caps for session detail response
[HTTP] <-- GET /wd/hub/session/dbe49d16-9cb3-4bb6-a025-a6e87c9a7c58 200 2 ms - 628
[HTTP] 
[HTTP] --> GET /wd/hub/session/dbe49d16-9cb3-4bb6-a025-a6e87c9a7c58
[HTTP] {}
[XCUITest] Merging WDA caps over Appium caps for session detail response
[HTTP] <-- GET /wd/hub/session/dbe49d16-9cb3-4bb6-a025-a6e87c9a7c58 200 5 ms - 628
[HTTP] 
[HTTP] --> POST /wd/hub/session/dbe49d16-9cb3-4bb6-a025-a6e87c9a7c58/element/5008/click
[HTTP] {"id":"5008"}
[HTTP] <-- POST /wd/hub/session/dbe49d16-9cb3-4bb6-a025-a6e87c9a7c58/element/5008/click 200 659 ms - 76
[HTTP] 
[HTTP] --> POST /wd/hub/session/dbe49d16-9cb3-4bb6-a025-a6e87c9a7c58/elements
[HTTP] {"using":"xpath","value":"id(\"plan-details-primary-apply\")[count(. | //*[@id = 'plan-details-primary-apply' and (text() = 'Apply for This Plan' or . = 'Apply for This Plan')]) = count(//*[@id = 'plan-details-primary-apply' and (text() = 'Apply for This Plan' or . = 'Apply for This Plan')])]"}
[HTTP] <-- POST /wd/hub/session/dbe49d16-9cb3-4bb6-a025-a6e87c9a7c58/elements 200 2299 ms - 92
[HTTP] 
[HTTP] --> GET /wd/hub/session/dbe49d16-9cb3-4bb6-a025-a6e87c9a7c58
[HTTP] {}
[XCUITest] Merging WDA caps over Appium caps for session detail response
[HTTP] <-- GET /wd/hub/session/dbe49d16-9cb3-4bb6-a025-a6e87c9a7c58 200 2 ms - 628
[HTTP] 
[HTTP] --> GET /wd/hub/session/dbe49d16-9cb3-4bb6-a025-a6e87c9a7c58
[HTTP] {}
[XCUITest] Merging WDA caps over Appium caps for session detail response
[HTTP] <-- GET /wd/hub/session/dbe49d16-9cb3-4bb6-a025-a6e87c9a7c58 200 2 ms - 628
[HTTP] 
[HTTP] --> GET /wd/hub/session/dbe49d16-9cb3-4bb6-a025-a6e87c9a7c58
[HTTP] {}
[XCUITest] Merging WDA caps over Appium caps for session detail response
[HTTP] <-- GET /wd/hub/session/dbe49d16-9cb3-4bb6-a025-a6e87c9a7c58 200 3 ms - 628
[HTTP] 
[HTTP] --> GET /wd/hub/session/dbe49d16-9cb3-4bb6-a025-a6e87c9a7c58
[HTTP] {}
[XCUITest] Merging WDA caps over Appium caps for session detail response
[HTTP] <-- GET /wd/hub/session/dbe49d16-9cb3-4bb6-a025-a6e87c9a7c58 200 2 ms - 628
[HTTP] 
[HTTP] --> GET /wd/hub/session/dbe49d16-9cb3-4bb6-a025-a6e87c9a7c58/element/5009/displayed
[HTTP] {}
[HTTP] <-- GET /wd/hub/session/dbe49d16-9cb3-4bb6-a025-a6e87c9a7c58/element/5009/displayed 200 1637 ms - 76
[HTTP] 
[HTTP] --> POST /wd/hub/session/dbe49d16-9cb3-4bb6-a025-a6e87c9a7c58/elements
[HTTP] {"using":"xpath","value":"id(\"plan-details-primary-apply\")[count(. | //*[@id = 'plan-details-primary-apply' and (text() = 'Apply for This Plan' or . = 'Apply for This Plan')]) = count(//*[@id = 'plan-details-primary-apply' and (text() = 'Apply for This Plan' or . = 'Apply for This Plan')])]"}
[HTTP] <-- POST /wd/hub/session/dbe49d16-9cb3-4bb6-a025-a6e87c9a7c58/elements 200 720 ms - 92
[HTTP] 
[HTTP] --> GET /wd/hub/session/dbe49d16-9cb3-4bb6-a025-a6e87c9a7c58
[HTTP] {}
[XCUITest] Merging WDA caps over Appium caps for session detail response
[HTTP] <-- GET /wd/hub/session/dbe49d16-9cb3-4bb6-a025-a6e87c9a7c58 200 2 ms - 628
[HTTP] 
[HTTP] --> GET /wd/hub/session/dbe49d16-9cb3-4bb6-a025-a6e87c9a7c58
[HTTP] {}
[XCUITest] Merging WDA caps over Appium caps for session detail response
[HTTP] <-- GET /wd/hub/session/dbe49d16-9cb3-4bb6-a025-a6e87c9a7c58 200 2 ms - 628
[HTTP] 
[HTTP] --> GET /wd/hub/session/dbe49d16-9cb3-4bb6-a025-a6e87c9a7c58
[HTTP] {}
[XCUITest] Merging WDA caps over Appium caps for session detail response
[HTTP] <-- GET /wd/hub/session/dbe49d16-9cb3-4bb6-a025-a6e87c9a7c58 200 2 ms - 628
[HTTP] 
[HTTP] --> GET /wd/hub/session/dbe49d16-9cb3-4bb6-a025-a6e87c9a7c58
[HTTP] {}
[XCUITest] Merging WDA caps over Appium caps for session detail response
[HTTP] <-- GET /wd/hub/session/dbe49d16-9cb3-4bb6-a025-a6e87c9a7c58 200 2 ms - 628
[HTTP] 
[HTTP] --> POST /wd/hub/session/dbe49d16-9cb3-4bb6-a025-a6e87c9a7c58/element/5010/click
[HTTP] {"id":"5010"}
[HTTP] <-- POST /wd/hub/session/dbe49d16-9cb3-4bb6-a025-a6e87c9a7c58/element/5010/click 200 368 ms - 76
[HTTP] 
[HTTP] --> GET /wd/hub/session/dbe49d16-9cb3-4bb6-a025-a6e87c9a7c58/screenshot
[HTTP] {}
[HTTP] <-- GET /wd/hub/session/dbe49d16-9cb3-4bb6-a025-a6e87c9a7c58/screenshot 200 283 ms - 1317134
[HTTP] 
[HTTP] --> POST /wd/hub/session/dbe49d16-9cb3-4bb6-a025-a6e87c9a7c58/elements
[HTTP] {"using":"xpath","value":"id(\"applyButton\")[count(. | //*[@id = 'applyButton' and (text() = ' Start Secure Application' or . = ' Start Secure Application')]) = count(//*[@id = 'applyButton' and (text() = ' Start Secure Application' or . = ' Start Secure Application')])]"}
[HTTP] <-- POST /wd/hub/session/dbe49d16-9cb3-4bb6-a025-a6e87c9a7c58/elements 200 173 ms - 92
[HTTP] 
[HTTP] --> GET /wd/hub/session/dbe49d16-9cb3-4bb6-a025-a6e87c9a7c58
[HTTP] {}
[XCUITest] Merging WDA caps over Appium caps for session detail response
[HTTP] <-- GET /wd/hub/session/dbe49d16-9cb3-4bb6-a025-a6e87c9a7c58 200 8 ms - 628
[HTTP] 
[HTTP] --> GET /wd/hub/session/dbe49d16-9cb3-4bb6-a025-a6e87c9a7c58
[HTTP] {}
[XCUITest] Merging WDA caps over Appium caps for session detail response
[HTTP] <-- GET /wd/hub/session/dbe49d16-9cb3-4bb6-a025-a6e87c9a7c58 200 7 ms - 628
[HTTP] 
[HTTP] --> GET /wd/hub/session/dbe49d16-9cb3-4bb6-a025-a6e87c9a7c58
[HTTP] {}
[XCUITest] Merging WDA caps over Appium caps for session detail response
[HTTP] <-- GET /wd/hub/session/dbe49d16-9cb3-4bb6-a025-a6e87c9a7c58 200 9 ms - 628
[HTTP] 
[HTTP] --> GET /wd/hub/session/dbe49d16-9cb3-4bb6-a025-a6e87c9a7c58
[HTTP] {}
[XCUITest] Merging WDA caps over Appium caps for session detail response
[HTTP] <-- GET /wd/hub/session/dbe49d16-9cb3-4bb6-a025-a6e87c9a7c58 200 8 ms - 628
[HTTP] 
[HTTP] --> GET /wd/hub/session/dbe49d16-9cb3-4bb6-a025-a6e87c9a7c58/element/5011/displayed
[HTTP] {}
[HTTP] <-- GET /wd/hub/session/dbe49d16-9cb3-4bb6-a025-a6e87c9a7c58/element/5011/displayed 200 277 ms - 76
[HTTP] 
[HTTP] --> GET /wd/hub/session/dbe49d16-9cb3-4bb6-a025-a6e87c9a7c58/screenshot
[HTTP] {}
[HTTP] <-- GET /wd/hub/session/dbe49d16-9cb3-4bb6-a025-a6e87c9a7c58/screenshot 200 296 ms - 1298098
[HTTP] 
[HTTP] --> POST /wd/hub/session/dbe49d16-9cb3-4bb6-a025-a6e87c9a7c58/elements
[HTTP] {"using":"xpath","value":"id(\"applyButton\")[count(. | //*[@id = 'applyButton' and (text() = ' Start Secure Application' or . = ' Start Secure Application')]) = count(//*[@id = 'applyButton' and (text() = ' Start Secure Application' or . = ' Start Secure Application')])]"}
[HTTP] <-- POST /wd/hub/session/dbe49d16-9cb3-4bb6-a025-a6e87c9a7c58/elements 200 576 ms - 92
[HTTP] 
[HTTP] --> GET /wd/hub/session/dbe49d16-9cb3-4bb6-a025-a6e87c9a7c58
[HTTP] {}
[XCUITest] Merging WDA caps over Appium caps for session detail response
[HTTP] <-- GET /wd/hub/session/dbe49d16-9cb3-4bb6-a025-a6e87c9a7c58 200 2 ms - 628
[HTTP] 
[HTTP] --> GET /wd/hub/session/dbe49d16-9cb3-4bb6-a025-a6e87c9a7c58
[HTTP] {}
[XCUITest] Merging WDA caps over Appium caps for session detail response
[HTTP] <-- GET /wd/hub/session/dbe49d16-9cb3-4bb6-a025-a6e87c9a7c58 200 2 ms - 628
[HTTP] 
[HTTP] --> GET /wd/hub/session/dbe49d16-9cb3-4bb6-a025-a6e87c9a7c58
[HTTP] {}
[XCUITest] Merging WDA caps over Appium caps for session detail response
[HTTP] <-- GET /wd/hub/session/dbe49d16-9cb3-4bb6-a025-a6e87c9a7c58 200 2 ms - 628
[HTTP] 
[HTTP] --> GET /wd/hub/session/dbe49d16-9cb3-4bb6-a025-a6e87c9a7c58
[HTTP] {}
[XCUITest] Merging WDA caps over Appium caps for session detail response
[HTTP] <-- GET /wd/hub/session/dbe49d16-9cb3-4bb6-a025-a6e87c9a7c58 200 2 ms - 628
[HTTP] 
[HTTP] --> POST /wd/hub/session/dbe49d16-9cb3-4bb6-a025-a6e87c9a7c58/element/5012/click
[HTTP] {"id":"5012"}
[HTTP] <-- POST /wd/hub/session/dbe49d16-9cb3-4bb6-a025-a6e87c9a7c58/element/5012/click 200 284 ms - 76
[HTTP] 
[HTTP] --> POST /wd/hub/session/dbe49d16-9cb3-4bb6-a025-a6e87c9a7c58/execute
[HTTP] {"script":"return document.readyState","args":[]}
[HTTP] <-- POST /wd/hub/session/dbe49d16-9cb3-4bb6-a025-a6e87c9a7c58/execute 200 1148 ms - 81
[HTTP] 
[HTTP] --> POST /wd/hub/session/dbe49d16-9cb3-4bb6-a025-a6e87c9a7c58/execute
[HTTP] {"script":"return document.readyState","args":[]}
[HTTP] <-- POST /wd/hub/session/dbe49d16-9cb3-4bb6-a025-a6e87c9a7c58/execute 200 1714 ms - 82
[HTTP] 
[HTTP] --> POST /wd/hub/session/dbe49d16-9cb3-4bb6-a025-a6e87c9a7c58/elements
[HTTP] {"using":"xpath","value":"//button[(text() = 'No' or . = 'No')]"}
[HTTP] <-- POST /wd/hub/session/dbe49d16-9cb3-4bb6-a025-a6e87c9a7c58/elements 200 274 ms - 74
[HTTP] 
[HTTP] --> POST /wd/hub/session/dbe49d16-9cb3-4bb6-a025-a6e87c9a7c58/elements
[HTTP] {"using":"xpath","value":"//button[(text() = 'No' or . = 'No')]"}
[HTTP] <-- POST /wd/hub/session/dbe49d16-9cb3-4bb6-a025-a6e87c9a7c58/elements 200 192 ms - 74
[HTTP] 
[HTTP] --> POST /wd/hub/session/dbe49d16-9cb3-4bb6-a025-a6e87c9a7c58/elements
[HTTP] {"using":"xpath","value":"//button[(text() = 'No' or . = 'No')]"}
[HTTP] <-- POST /wd/hub/session/dbe49d16-9cb3-4bb6-a025-a6e87c9a7c58/elements 200 345 ms - 187
[HTTP] 
[HTTP] --> GET /wd/hub/session/dbe49d16-9cb3-4bb6-a025-a6e87c9a7c58
[HTTP] {}
[XCUITest] Merging WDA caps over Appium caps for session detail response
[HTTP] <-- GET /wd/hub/session/dbe49d16-9cb3-4bb6-a025-a6e87c9a7c58 200 4 ms - 628
[HTTP] 
[HTTP] --> GET /wd/hub/session/dbe49d16-9cb3-4bb6-a025-a6e87c9a7c58
[HTTP] {}
[XCUITest] Merging WDA caps over Appium caps for session detail response
[HTTP] <-- GET /wd/hub/session/dbe49d16-9cb3-4bb6-a025-a6e87c9a7c58 200 3 ms - 628
[HTTP] 
[HTTP] --> GET /wd/hub/session/dbe49d16-9cb3-4bb6-a025-a6e87c9a7c58
[HTTP] {}
[XCUITest] Merging WDA caps over Appium caps for session detail response
[HTTP] <-- GET /wd/hub/session/dbe49d16-9cb3-4bb6-a025-a6e87c9a7c58 200 3 ms - 628
[HTTP] 
[HTTP] --> GET /wd/hub/session/dbe49d16-9cb3-4bb6-a025-a6e87c9a7c58
[HTTP] {}
[XCUITest] Merging WDA caps over Appium caps for session detail response
[HTTP] <-- GET /wd/hub/session/dbe49d16-9cb3-4bb6-a025-a6e87c9a7c58 200 2 ms - 628
[HTTP] 
[HTTP] --> GET /wd/hub/session/dbe49d16-9cb3-4bb6-a025-a6e87c9a7c58
[HTTP] {}
[XCUITest] Merging WDA caps over Appium caps for session detail response
[HTTP] <-- GET /wd/hub/session/dbe49d16-9cb3-4bb6-a025-a6e87c9a7c58 200 2 ms - 628
[HTTP] 
[HTTP] --> GET /wd/hub/session/dbe49d16-9cb3-4bb6-a025-a6e87c9a7c58
[HTTP] {}
[XCUITest] Merging WDA caps over Appium caps for session detail response
[HTTP] <-- GET /wd/hub/session/dbe49d16-9cb3-4bb6-a025-a6e87c9a7c58 200 3 ms - 628
[HTTP] 
[HTTP] --> GET /wd/hub/session/dbe49d16-9cb3-4bb6-a025-a6e87c9a7c58
[HTTP] {}
[XCUITest] Merging WDA caps over Appium caps for session detail response
[HTTP] <-- GET /wd/hub/session/dbe49d16-9cb3-4bb6-a025-a6e87c9a7c58 200 2 ms - 628
[HTTP] 
[HTTP] --> GET /wd/hub/session/dbe49d16-9cb3-4bb6-a025-a6e87c9a7c58
[HTTP] {}
[XCUITest] Merging WDA caps over Appium caps for session detail response
[HTTP] <-- GET /wd/hub/session/dbe49d16-9cb3-4bb6-a025-a6e87c9a7c58 200 2 ms - 628
[HTTP] 
[HTTP] --> GET /wd/hub/session/dbe49d16-9cb3-4bb6-a025-a6e87c9a7c58
[HTTP] {}
[XCUITest] Merging WDA caps over Appium caps for session detail response
[HTTP] <-- GET /wd/hub/session/dbe49d16-9cb3-4bb6-a025-a6e87c9a7c58 200 2 ms - 628
[HTTP] 
[HTTP] --> GET /wd/hub/session/dbe49d16-9cb3-4bb6-a025-a6e87c9a7c58
[HTTP] {}
[XCUITest] Merging WDA caps over Appium caps for session detail response
[HTTP] <-- GET /wd/hub/session/dbe49d16-9cb3-4bb6-a025-a6e87c9a7c58 200 2 ms - 628
[HTTP] 
[HTTP] --> GET /wd/hub/session/dbe49d16-9cb3-4bb6-a025-a6e87c9a7c58
[HTTP] {}
[XCUITest] Merging WDA caps over Appium caps for session detail response
[HTTP] <-- GET /wd/hub/session/dbe49d16-9cb3-4bb6-a025-a6e87c9a7c58 200 4 ms - 628
[HTTP] 
[HTTP] --> GET /wd/hub/session/dbe49d16-9cb3-4bb6-a025-a6e87c9a7c58
[HTTP] {}
[XCUITest] Merging WDA caps over Appium caps for session detail response
[HTTP] <-- GET /wd/hub/session/dbe49d16-9cb3-4bb6-a025-a6e87c9a7c58 200 2 ms - 628
[HTTP] 
[HTTP] --> GET /wd/hub/session/dbe49d16-9cb3-4bb6-a025-a6e87c9a7c58
[HTTP] {}
[XCUITest] Merging WDA caps over Appium caps for session detail response
[HTTP] <-- GET /wd/hub/session/dbe49d16-9cb3-4bb6-a025-a6e87c9a7c58 200 2 ms - 628
[HTTP] 
[HTTP] --> GET /wd/hub/session/dbe49d16-9cb3-4bb6-a025-a6e87c9a7c58
[HTTP] {}
[XCUITest] Merging WDA caps over Appium caps for session detail response
[HTTP] <-- GET /wd/hub/session/dbe49d16-9cb3-4bb6-a025-a6e87c9a7c58 200 6 ms - 628
[HTTP] 
[HTTP] --> GET /wd/hub/session/dbe49d16-9cb3-4bb6-a025-a6e87c9a7c58
[HTTP] {}
[XCUITest] Merging WDA caps over Appium caps for session detail response
[HTTP] <-- GET /wd/hub/session/dbe49d16-9cb3-4bb6-a025-a6e87c9a7c58 200 2 ms - 628
[HTTP] 
[HTTP] --> GET /wd/hub/session/dbe49d16-9cb3-4bb6-a025-a6e87c9a7c58
[HTTP] {}
[XCUITest] Merging WDA caps over Appium caps for session detail response
[HTTP] <-- GET /wd/hub/session/dbe49d16-9cb3-4bb6-a025-a6e87c9a7c58 200 3 ms - 628
[HTTP] 
[HTTP] --> GET /wd/hub/session/dbe49d16-9cb3-4bb6-a025-a6e87c9a7c58
[HTTP] {}
[XCUITest] Merging WDA caps over Appium caps for session detail response
[HTTP] <-- GET /wd/hub/session/dbe49d16-9cb3-4bb6-a025-a6e87c9a7c58 200 2 ms - 628
[HTTP] 
[HTTP] --> GET /wd/hub/session/dbe49d16-9cb3-4bb6-a025-a6e87c9a7c58
[HTTP] {}
[XCUITest] Merging WDA caps over Appium caps for session detail response
[HTTP] <-- GET /wd/hub/session/dbe49d16-9cb3-4bb6-a025-a6e87c9a7c58 200 2 ms - 628
[HTTP] 
[HTTP] --> GET /wd/hub/session/dbe49d16-9cb3-4bb6-a025-a6e87c9a7c58
[HTTP] {}
[XCUITest] Merging WDA caps over Appium caps for session detail response
[HTTP] <-- GET /wd/hub/session/dbe49d16-9cb3-4bb6-a025-a6e87c9a7c58 200 2 ms - 628
[HTTP] 
[HTTP] --> GET /wd/hub/session/dbe49d16-9cb3-4bb6-a025-a6e87c9a7c58
[HTTP] {}
[XCUITest] Merging WDA caps over Appium caps for session detail response
[HTTP] <-- GET /wd/hub/session/dbe49d16-9cb3-4bb6-a025-a6e87c9a7c58 200 4 ms - 628
[HTTP] 
[HTTP] --> GET /wd/hub/session/dbe49d16-9cb3-4bb6-a025-a6e87c9a7c58
[HTTP] {}
[XCUITest] Merging WDA caps over Appium caps for session detail response
[HTTP] <-- GET /wd/hub/session/dbe49d16-9cb3-4bb6-a025-a6e87c9a7c58 200 2 ms - 628
[HTTP] 
[HTTP] --> GET /wd/hub/session/dbe49d16-9cb3-4bb6-a025-a6e87c9a7c58
[HTTP] {}
[XCUITest] Merging WDA caps over Appium caps for session detail response
[HTTP] <-- GET /wd/hub/session/dbe49d16-9cb3-4bb6-a025-a6e87c9a7c58 200 3 ms - 628
[HTTP] 
[HTTP] --> GET /wd/hub/session/dbe49d16-9cb3-4bb6-a025-a6e87c9a7c58
[HTTP] {}
[XCUITest] Merging WDA caps over Appium caps for session detail response
[HTTP] <-- GET /wd/hub/session/dbe49d16-9cb3-4bb6-a025-a6e87c9a7c58 200 2 ms - 628
[HTTP] 
[HTTP] --> GET /wd/hub/session/dbe49d16-9cb3-4bb6-a025-a6e87c9a7c58
[HTTP] {}
[XCUITest] Merging WDA caps over Appium caps for session detail response
[HTTP] <-- GET /wd/hub/session/dbe49d16-9cb3-4bb6-a025-a6e87c9a7c58 200 1 ms - 628
[HTTP] 
[HTTP] --> POST /wd/hub/session/dbe49d16-9cb3-4bb6-a025-a6e87c9a7c58/element/5013/click
[HTTP] {"id":"5013"}
[HTTP] <-- POST /wd/hub/session/dbe49d16-9cb3-4bb6-a025-a6e87c9a7c58/element/5013/click 200 921 ms - 76
[HTTP] 
[HTTP] --> POST /wd/hub/session/dbe49d16-9cb3-4bb6-a025-a6e87c9a7c58/elements
[HTTP] {"using":"xpath","value":"//li[2]/div/button"}
[HTTP] <-- POST /wd/hub/session/dbe49d16-9cb3-4bb6-a025-a6e87c9a7c58/elements 200 1334 ms - 111
[HTTP] 
[HTTP] --> GET /wd/hub/session/dbe49d16-9cb3-4bb6-a025-a6e87c9a7c58
[HTTP] {}
[XCUITest] Merging WDA caps over Appium caps for session detail response
[HTTP] <-- GET /wd/hub/session/dbe49d16-9cb3-4bb6-a025-a6e87c9a7c58 200 2 ms - 628
[HTTP] 
[HTTP] --> GET /wd/hub/session/dbe49d16-9cb3-4bb6-a025-a6e87c9a7c58
[HTTP] {}
[XCUITest] Merging WDA caps over Appium caps for session detail response
[HTTP] <-- GET /wd/hub/session/dbe49d16-9cb3-4bb6-a025-a6e87c9a7c58 200 2 ms - 628
[HTTP] 
[HTTP] --> GET /wd/hub/session/dbe49d16-9cb3-4bb6-a025-a6e87c9a7c58
[HTTP] {}
[XCUITest] Merging WDA caps over Appium caps for session detail response
[HTTP] <-- GET /wd/hub/session/dbe49d16-9cb3-4bb6-a025-a6e87c9a7c58 200 5 ms - 628
[HTTP] 
[HTTP] --> GET /wd/hub/session/dbe49d16-9cb3-4bb6-a025-a6e87c9a7c58
[HTTP] {}
[XCUITest] Merging WDA caps over Appium caps for session detail response
[HTTP] <-- GET /wd/hub/session/dbe49d16-9cb3-4bb6-a025-a6e87c9a7c58 200 2 ms - 628
[HTTP] 
[HTTP] --> GET /wd/hub/session/dbe49d16-9cb3-4bb6-a025-a6e87c9a7c58
[HTTP] {}
[XCUITest] Merging WDA caps over Appium caps for session detail response
[HTTP] <-- GET /wd/hub/session/dbe49d16-9cb3-4bb6-a025-a6e87c9a7c58 200 2 ms - 628
[HTTP] 
[HTTP] --> GET /wd/hub/session/dbe49d16-9cb3-4bb6-a025-a6e87c9a7c58
[HTTP] {}
[XCUITest] Merging WDA caps over Appium caps for session detail response
[HTTP] <-- GET /wd/hub/session/dbe49d16-9cb3-4bb6-a025-a6e87c9a7c58 200 22 ms - 628
[HTTP] 
[HTTP] --> GET /wd/hub/session/dbe49d16-9cb3-4bb6-a025-a6e87c9a7c58
[HTTP] {}
[XCUITest] Merging WDA caps over Appium caps for session detail response
[HTTP] <-- GET /wd/hub/session/dbe49d16-9cb3-4bb6-a025-a6e87c9a7c58 200 2 ms - 628
[HTTP] 
[HTTP] --> GET /wd/hub/session/dbe49d16-9cb3-4bb6-a025-a6e87c9a7c58
[HTTP] {}
[XCUITest] Merging WDA caps over Appium caps for session detail response
[HTTP] <-- GET /wd/hub/session/dbe49d16-9cb3-4bb6-a025-a6e87c9a7c58 200 2 ms - 628
[HTTP] 
[HTTP] --> GET /wd/hub/session/dbe49d16-9cb3-4bb6-a025-a6e87c9a7c58/element/5019/displayed
[HTTP] {}
[HTTP] <-- GET /wd/hub/session/dbe49d16-9cb3-4bb6-a025-a6e87c9a7c58/element/5019/displayed 200 4369 ms - 76
[HTTP] 
[HTTP] --> POST /wd/hub/session/dbe49d16-9cb3-4bb6-a025-a6e87c9a7c58/elements
[HTTP] {"using":"xpath","value":"//li[2]/div/button"}
[HTTP] <-- POST /wd/hub/session/dbe49d16-9cb3-4bb6-a025-a6e87c9a7c58/elements 200 2358 ms - 111
[HTTP] 
[HTTP] --> GET /wd/hub/session/dbe49d16-9cb3-4bb6-a025-a6e87c9a7c58
[HTTP] {}
[XCUITest] Merging WDA caps over Appium caps for session detail response
[HTTP] <-- GET /wd/hub/session/dbe49d16-9cb3-4bb6-a025-a6e87c9a7c58 200 2 ms - 628
[HTTP] 
[HTTP] --> GET /wd/hub/session/dbe49d16-9cb3-4bb6-a025-a6e87c9a7c58
[HTTP] {}
[XCUITest] Merging WDA caps over Appium caps for session detail response
[HTTP] <-- GET /wd/hub/session/dbe49d16-9cb3-4bb6-a025-a6e87c9a7c58 200 2 ms - 628
[HTTP] 
[HTTP] --> GET /wd/hub/session/dbe49d16-9cb3-4bb6-a025-a6e87c9a7c58
[HTTP] {}
[XCUITest] Merging WDA caps over Appium caps for session detail response
[HTTP] <-- GET /wd/hub/session/dbe49d16-9cb3-4bb6-a025-a6e87c9a7c58 200 2 ms - 628
[HTTP] 
[HTTP] --> GET /wd/hub/session/dbe49d16-9cb3-4bb6-a025-a6e87c9a7c58
[HTTP] {}
[XCUITest] Merging WDA caps over Appium caps for session detail response
[HTTP] <-- GET /wd/hub/session/dbe49d16-9cb3-4bb6-a025-a6e87c9a7c58 200 1 ms - 628
[HTTP] 
[HTTP] --> GET /wd/hub/session/dbe49d16-9cb3-4bb6-a025-a6e87c9a7c58
[HTTP] {}
[XCUITest] Merging WDA caps over Appium caps for session detail response
[HTTP] <-- GET /wd/hub/session/dbe49d16-9cb3-4bb6-a025-a6e87c9a7c58 200 1 ms - 628
[HTTP] 
[HTTP] --> GET /wd/hub/session/dbe49d16-9cb3-4bb6-a025-a6e87c9a7c58
[HTTP] {}
[XCUITest] Merging WDA caps over Appium caps for session detail response
[HTTP] <-- GET /wd/hub/session/dbe49d16-9cb3-4bb6-a025-a6e87c9a7c58 200 2 ms - 628
[HTTP] 
[HTTP] --> GET /wd/hub/session/dbe49d16-9cb3-4bb6-a025-a6e87c9a7c58
[HTTP] {}
[XCUITest] Merging WDA caps over Appium caps for session detail response
[HTTP] <-- GET /wd/hub/session/dbe49d16-9cb3-4bb6-a025-a6e87c9a7c58 200 2 ms - 628
[HTTP] 
[HTTP] --> GET /wd/hub/session/dbe49d16-9cb3-4bb6-a025-a6e87c9a7c58
[HTTP] {}
[XCUITest] Merging WDA caps over Appium caps for session detail response
[HTTP] <-- GET /wd/hub/session/dbe49d16-9cb3-4bb6-a025-a6e87c9a7c58 200 2 ms - 628
[HTTP] 
[HTTP] --> POST /wd/hub/session/dbe49d16-9cb3-4bb6-a025-a6e87c9a7c58/element/5021/click
[HTTP] {"id":"5021"}
[HTTP] <-- POST /wd/hub/session/dbe49d16-9cb3-4bb6-a025-a6e87c9a7c58/element/5021/click 200 1648 ms - 76
[HTTP] 
[HTTP] --> POST /wd/hub/session/dbe49d16-9cb3-4bb6-a025-a6e87c9a7c58/elements
[HTTP] {"using":"xpath","value":"//li[3]/div/button"}
[HTTP] <-- POST /wd/hub/session/dbe49d16-9cb3-4bb6-a025-a6e87c9a7c58/elements 200 2901 ms - 111
[HTTP] 
[HTTP] --> GET /wd/hub/session/dbe49d16-9cb3-4bb6-a025-a6e87c9a7c58
[HTTP] {}
[XCUITest] Merging WDA caps over Appium caps for session detail response
[HTTP] <-- GET /wd/hub/session/dbe49d16-9cb3-4bb6-a025-a6e87c9a7c58 200 2 ms - 628
[HTTP] 
[HTTP] --> GET /wd/hub/session/dbe49d16-9cb3-4bb6-a025-a6e87c9a7c58
[HTTP] {}
[XCUITest] Merging WDA caps over Appium caps for session detail response
[HTTP] <-- GET /wd/hub/session/dbe49d16-9cb3-4bb6-a025-a6e87c9a7c58 200 2 ms - 628
[HTTP] 
[HTTP] --> GET /wd/hub/session/dbe49d16-9cb3-4bb6-a025-a6e87c9a7c58
[HTTP] {}
[XCUITest] Merging WDA caps over Appium caps for session detail response
[HTTP] <-- GET /wd/hub/session/dbe49d16-9cb3-4bb6-a025-a6e87c9a7c58 200 2 ms - 628
[HTTP] 
[HTTP] --> GET /wd/hub/session/dbe49d16-9cb3-4bb6-a025-a6e87c9a7c58
[HTTP] {}
[XCUITest] Merging WDA caps over Appium caps for session detail response
[HTTP] <-- GET /wd/hub/session/dbe49d16-9cb3-4bb6-a025-a6e87c9a7c58 200 2 ms - 628
[HTTP] 
[HTTP] --> GET /wd/hub/session/dbe49d16-9cb3-4bb6-a025-a6e87c9a7c58
[HTTP] {}
[XCUITest] Merging WDA caps over Appium caps for session detail response
[HTTP] <-- GET /wd/hub/session/dbe49d16-9cb3-4bb6-a025-a6e87c9a7c58 200 2 ms - 628
[HTTP] 
[HTTP] --> GET /wd/hub/session/dbe49d16-9cb3-4bb6-a025-a6e87c9a7c58
[HTTP] {}
[XCUITest] Merging WDA caps over Appium caps for session detail response
[HTTP] <-- GET /wd/hub/session/dbe49d16-9cb3-4bb6-a025-a6e87c9a7c58 200 2 ms - 628
[HTTP] 
[HTTP] --> GET /wd/hub/session/dbe49d16-9cb3-4bb6-a025-a6e87c9a7c58
[HTTP] {}
[XCUITest] Merging WDA caps over Appium caps for session detail response
[HTTP] <-- GET /wd/hub/session/dbe49d16-9cb3-4bb6-a025-a6e87c9a7c58 200 5 ms - 628
[HTTP] 
[HTTP] --> GET /wd/hub/session/dbe49d16-9cb3-4bb6-a025-a6e87c9a7c58
[HTTP] {}
[XCUITest] Merging WDA caps over Appium caps for session detail response
[HTTP] <-- GET /wd/hub/session/dbe49d16-9cb3-4bb6-a025-a6e87c9a7c58 200 2 ms - 628
[HTTP] 
[HTTP] --> GET /wd/hub/session/dbe49d16-9cb3-4bb6-a025-a6e87c9a7c58/element/5023/displayed
[HTTP] {}
[HTTP] <-- GET /wd/hub/session/dbe49d16-9cb3-4bb6-a025-a6e87c9a7c58/element/5023/displayed 200 3147 ms - 76
[HTTP] 
[HTTP] --> POST /wd/hub/session/dbe49d16-9cb3-4bb6-a025-a6e87c9a7c58/elements
[HTTP] {"using":"xpath","value":"//li[3]/div/button"}
[HTTP] <-- POST /wd/hub/session/dbe49d16-9cb3-4bb6-a025-a6e87c9a7c58/elements 200 1515 ms - 111
[HTTP] 
[HTTP] --> GET /wd/hub/session/dbe49d16-9cb3-4bb6-a025-a6e87c9a7c58
[HTTP] {}
[XCUITest] Merging WDA caps over Appium caps for session detail response
[HTTP] <-- GET /wd/hub/session/dbe49d16-9cb3-4bb6-a025-a6e87c9a7c58 200 2 ms - 628
[HTTP] 
[HTTP] --> GET /wd/hub/session/dbe49d16-9cb3-4bb6-a025-a6e87c9a7c58
[HTTP] {}
[XCUITest] Merging WDA caps over Appium caps for session detail response
[HTTP] <-- GET /wd/hub/session/dbe49d16-9cb3-4bb6-a025-a6e87c9a7c58 200 2 ms - 628
[HTTP] 
[HTTP] --> GET /wd/hub/session/dbe49d16-9cb3-4bb6-a025-a6e87c9a7c58
[HTTP] {}
[XCUITest] Merging WDA caps over Appium caps for session detail response
[HTTP] <-- GET /wd/hub/session/dbe49d16-9cb3-4bb6-a025-a6e87c9a7c58 200 2 ms - 628
[HTTP] 
[HTTP] --> GET /wd/hub/session/dbe49d16-9cb3-4bb6-a025-a6e87c9a7c58
[HTTP] {}
[XCUITest] Merging WDA caps over Appium caps for session detail response
[HTTP] <-- GET /wd/hub/session/dbe49d16-9cb3-4bb6-a025-a6e87c9a7c58 200 1 ms - 628
[HTTP] 
[HTTP] --> GET /wd/hub/session/dbe49d16-9cb3-4bb6-a025-a6e87c9a7c58
[HTTP] {}
[XCUITest] Merging WDA caps over Appium caps for session detail response
[HTTP] <-- GET /wd/hub/session/dbe49d16-9cb3-4bb6-a025-a6e87c9a7c58 200 2 ms - 628
[HTTP] 
[HTTP] --> GET /wd/hub/session/dbe49d16-9cb3-4bb6-a025-a6e87c9a7c58
[HTTP] {}
[XCUITest] Merging WDA caps over Appium caps for session detail response
[HTTP] <-- GET /wd/hub/session/dbe49d16-9cb3-4bb6-a025-a6e87c9a7c58 200 5 ms - 628
[HTTP] 
[HTTP] --> GET /wd/hub/session/dbe49d16-9cb3-4bb6-a025-a6e87c9a7c58
[HTTP] {}
[XCUITest] Merging WDA caps over Appium caps for session detail response
[HTTP] <-- GET /wd/hub/session/dbe49d16-9cb3-4bb6-a025-a6e87c9a7c58 200 2 ms - 628
[HTTP] 
[HTTP] --> GET /wd/hub/session/dbe49d16-9cb3-4bb6-a025-a6e87c9a7c58
[HTTP] {}
[XCUITest] Merging WDA caps over Appium caps for session detail response
[HTTP] <-- GET /wd/hub/session/dbe49d16-9cb3-4bb6-a025-a6e87c9a7c58 200 1 ms - 628
[HTTP] 
[HTTP] --> POST /wd/hub/session/dbe49d16-9cb3-4bb6-a025-a6e87c9a7c58/element/5025/click
[HTTP] {"id":"5025"}
[HTTP] <-- POST /wd/hub/session/dbe49d16-9cb3-4bb6-a025-a6e87c9a7c58/element/5025/click 200 1054 ms - 76
[HTTP] 
[HTTP] --> POST /wd/hub/session/dbe49d16-9cb3-4bb6-a025-a6e87c9a7c58/elements
[HTTP] {"using":"xpath","value":"//li[4]/div/button"}
[HTTP] <-- POST /wd/hub/session/dbe49d16-9cb3-4bb6-a025-a6e87c9a7c58/elements 200 4012 ms - 111
[HTTP] 
[HTTP] --> GET /wd/hub/session/dbe49d16-9cb3-4bb6-a025-a6e87c9a7c58
[HTTP] {}
[XCUITest] Merging WDA caps over Appium caps for session detail response
[HTTP] <-- GET /wd/hub/session/dbe49d16-9cb3-4bb6-a025-a6e87c9a7c58 200 3 ms - 628
[HTTP] 
[HTTP] --> GET /wd/hub/session/dbe49d16-9cb3-4bb6-a025-a6e87c9a7c58
[HTTP] {}
[XCUITest] Merging WDA caps over Appium caps for session detail response
[HTTP] <-- GET /wd/hub/session/dbe49d16-9cb3-4bb6-a025-a6e87c9a7c58 200 2 ms - 628
[HTTP] 
[HTTP] --> GET /wd/hub/session/dbe49d16-9cb3-4bb6-a025-a6e87c9a7c58
[HTTP] {}
[XCUITest] Merging WDA caps over Appium caps for session detail response
[HTTP] <-- GET /wd/hub/session/dbe49d16-9cb3-4bb6-a025-a6e87c9a7c58 200 3 ms - 628
[HTTP] 
[HTTP] --> GET /wd/hub/session/dbe49d16-9cb3-4bb6-a025-a6e87c9a7c58
[HTTP] {}
[XCUITest] Merging WDA caps over Appium caps for session detail response
[HTTP] <-- GET /wd/hub/session/dbe49d16-9cb3-4bb6-a025-a6e87c9a7c58 200 2 ms - 628
[HTTP] 
[HTTP] --> GET /wd/hub/session/dbe49d16-9cb3-4bb6-a025-a6e87c9a7c58
[HTTP] {}
[XCUITest] Merging WDA caps over Appium caps for session detail response
[HTTP] <-- GET /wd/hub/session/dbe49d16-9cb3-4bb6-a025-a6e87c9a7c58 200 2 ms - 628
[HTTP] 
[HTTP] --> GET /wd/hub/session/dbe49d16-9cb3-4bb6-a025-a6e87c9a7c58
[HTTP] {}
[XCUITest] Merging WDA caps over Appium caps for session detail response
[HTTP] <-- GET /wd/hub/session/dbe49d16-9cb3-4bb6-a025-a6e87c9a7c58 200 3 ms - 628
[HTTP] 
[HTTP] --> GET /wd/hub/session/dbe49d16-9cb3-4bb6-a025-a6e87c9a7c58
[HTTP] {}
[XCUITest] Merging WDA caps over Appium caps for session detail response
[HTTP] <-- GET /wd/hub/session/dbe49d16-9cb3-4bb6-a025-a6e87c9a7c58 200 2 ms - 628
[HTTP] 
[HTTP] --> GET /wd/hub/session/dbe49d16-9cb3-4bb6-a025-a6e87c9a7c58
[HTTP] {}
[XCUITest] Merging WDA caps over Appium caps for session detail response
[HTTP] <-- GET /wd/hub/session/dbe49d16-9cb3-4bb6-a025-a6e87c9a7c58 200 2 ms - 628
[HTTP] 
[HTTP] --> GET /wd/hub/session/dbe49d16-9cb3-4bb6-a025-a6e87c9a7c58/element/5027/displayed
[HTTP] {}
[HTTP] <-- GET /wd/hub/session/dbe49d16-9cb3-4bb6-a025-a6e87c9a7c58/element/5027/displayed 200 3406 ms - 76
[HTTP] 
[HTTP] --> POST /wd/hub/session/dbe49d16-9cb3-4bb6-a025-a6e87c9a7c58/elements
[HTTP] {"using":"xpath","value":"//li[4]/div/button"}
[HTTP] <-- POST /wd/hub/session/dbe49d16-9cb3-4bb6-a025-a6e87c9a7c58/elements 200 1979 ms - 111
[HTTP] 
[HTTP] --> GET /wd/hub/session/dbe49d16-9cb3-4bb6-a025-a6e87c9a7c58
[HTTP] {}
[XCUITest] Merging WDA caps over Appium caps for session detail response
[HTTP] <-- GET /wd/hub/session/dbe49d16-9cb3-4bb6-a025-a6e87c9a7c58 200 2 ms - 628
[HTTP] 
[HTTP] --> GET /wd/hub/session/dbe49d16-9cb3-4bb6-a025-a6e87c9a7c58
[HTTP] {}
[XCUITest] Merging WDA caps over Appium caps for session detail response
[HTTP] <-- GET /wd/hub/session/dbe49d16-9cb3-4bb6-a025-a6e87c9a7c58 200 2 ms - 628
[HTTP] 
[HTTP] --> GET /wd/hub/session/dbe49d16-9cb3-4bb6-a025-a6e87c9a7c58
[HTTP] {}
[XCUITest] Merging WDA caps over Appium caps for session detail response
[HTTP] <-- GET /wd/hub/session/dbe49d16-9cb3-4bb6-a025-a6e87c9a7c58 200 4 ms - 628
[HTTP] 
[HTTP] --> GET /wd/hub/session/dbe49d16-9cb3-4bb6-a025-a6e87c9a7c58
[HTTP] {}
[XCUITest] Merging WDA caps over Appium caps for session detail response
[HTTP] <-- GET /wd/hub/session/dbe49d16-9cb3-4bb6-a025-a6e87c9a7c58 200 2 ms - 628
[HTTP] 
[HTTP] --> GET /wd/hub/session/dbe49d16-9cb3-4bb6-a025-a6e87c9a7c58
[HTTP] {}
[XCUITest] Merging WDA caps over Appium caps for session detail response
[HTTP] <-- GET /wd/hub/session/dbe49d16-9cb3-4bb6-a025-a6e87c9a7c58 200 2 ms - 628
[HTTP] 
[HTTP] --> GET /wd/hub/session/dbe49d16-9cb3-4bb6-a025-a6e87c9a7c58
[HTTP] {}
[XCUITest] Merging WDA caps over Appium caps for session detail response
[HTTP] <-- GET /wd/hub/session/dbe49d16-9cb3-4bb6-a025-a6e87c9a7c58 200 2 ms - 628
[HTTP] 
[HTTP] --> GET /wd/hub/session/dbe49d16-9cb3-4bb6-a025-a6e87c9a7c58
[HTTP] {}
[XCUITest] Merging WDA caps over Appium caps for session detail response
[HTTP] <-- GET /wd/hub/session/dbe49d16-9cb3-4bb6-a025-a6e87c9a7c58 200 3 ms - 628
[HTTP] 
[HTTP] --> GET /wd/hub/session/dbe49d16-9cb3-4bb6-a025-a6e87c9a7c58
[HTTP] {}
[XCUITest] Merging WDA caps over Appium caps for session detail response
[HTTP] <-- GET /wd/hub/session/dbe49d16-9cb3-4bb6-a025-a6e87c9a7c58 200 2 ms - 628
[HTTP] 
[HTTP] --> POST /wd/hub/session/dbe49d16-9cb3-4bb6-a025-a6e87c9a7c58/element/5029/click
[HTTP] {"id":"5029"}
[HTTP] <-- POST /wd/hub/session/dbe49d16-9cb3-4bb6-a025-a6e87c9a7c58/element/5029/click 200 2559 ms - 76
[HTTP] 
[HTTP] --> POST /wd/hub/session/dbe49d16-9cb3-4bb6-a025-a6e87c9a7c58/elements
[HTTP] {"using":"xpath","value":"//li[5]/div/button"}
[HTTP] <-- POST /wd/hub/session/dbe49d16-9cb3-4bb6-a025-a6e87c9a7c58/elements 200 3822 ms - 111
[HTTP] 
[HTTP] --> GET /wd/hub/session/dbe49d16-9cb3-4bb6-a025-a6e87c9a7c58
[HTTP] {}
[XCUITest] Merging WDA caps over Appium caps for session detail response
[HTTP] <-- GET /wd/hub/session/dbe49d16-9cb3-4bb6-a025-a6e87c9a7c58 200 2 ms - 628
[HTTP] 
[HTTP] --> GET /wd/hub/session/dbe49d16-9cb3-4bb6-a025-a6e87c9a7c58
[HTTP] {}
[XCUITest] Merging WDA caps over Appium caps for session detail response
[HTTP] <-- GET /wd/hub/session/dbe49d16-9cb3-4bb6-a025-a6e87c9a7c58 200 2 ms - 628
[HTTP] 
[HTTP] --> GET /wd/hub/session/dbe49d16-9cb3-4bb6-a025-a6e87c9a7c58
[HTTP] {}
[XCUITest] Merging WDA caps over Appium caps for session detail response
[HTTP] <-- GET /wd/hub/session/dbe49d16-9cb3-4bb6-a025-a6e87c9a7c58 200 2 ms - 628
[HTTP] 
[HTTP] --> GET /wd/hub/session/dbe49d16-9cb3-4bb6-a025-a6e87c9a7c58
[HTTP] {}
[XCUITest] Merging WDA caps over Appium caps for session detail response
[HTTP] <-- GET /wd/hub/session/dbe49d16-9cb3-4bb6-a025-a6e87c9a7c58 200 3 ms - 628
[HTTP] 
[HTTP] --> GET /wd/hub/session/dbe49d16-9cb3-4bb6-a025-a6e87c9a7c58
[HTTP] {}
[XCUITest] Merging WDA caps over Appium caps for session detail response
[HTTP] <-- GET /wd/hub/session/dbe49d16-9cb3-4bb6-a025-a6e87c9a7c58 200 2 ms - 628
[HTTP] 
[HTTP] --> GET /wd/hub/session/dbe49d16-9cb3-4bb6-a025-a6e87c9a7c58
[HTTP] {}
[XCUITest] Merging WDA caps over Appium caps for session detail response
[HTTP] <-- GET /wd/hub/session/dbe49d16-9cb3-4bb6-a025-a6e87c9a7c58 200 2 ms - 628
[HTTP] 
[HTTP] --> GET /wd/hub/session/dbe49d16-9cb3-4bb6-a025-a6e87c9a7c58
[HTTP] {}
[XCUITest] Merging WDA caps over Appium caps for session detail response
[HTTP] <-- GET /wd/hub/session/dbe49d16-9cb3-4bb6-a025-a6e87c9a7c58 200 2 ms - 628
[HTTP] 
[HTTP] --> GET /wd/hub/session/dbe49d16-9cb3-4bb6-a025-a6e87c9a7c58
[HTTP] {}
[XCUITest] Merging WDA caps over Appium caps for session detail response
[HTTP] <-- GET /wd/hub/session/dbe49d16-9cb3-4bb6-a025-a6e87c9a7c58 200 2 ms - 628
[HTTP] 
[HTTP] --> GET /wd/hub/session/dbe49d16-9cb3-4bb6-a025-a6e87c9a7c58/element/5031/displayed
[HTTP] {}
[HTTP] <-- GET /wd/hub/session/dbe49d16-9cb3-4bb6-a025-a6e87c9a7c58/element/5031/displayed 200 406 ms - 76
[HTTP] 
[HTTP] --> POST /wd/hub/session/dbe49d16-9cb3-4bb6-a025-a6e87c9a7c58/elements
[HTTP] {"using":"xpath","value":"//li[5]/div/button"}
[HTTP] <-- POST /wd/hub/session/dbe49d16-9cb3-4bb6-a025-a6e87c9a7c58/elements 200 284 ms - 111
[HTTP] 
[HTTP] --> GET /wd/hub/session/dbe49d16-9cb3-4bb6-a025-a6e87c9a7c58
[HTTP] {}
[XCUITest] Merging WDA caps over Appium caps for session detail response
[HTTP] <-- GET /wd/hub/session/dbe49d16-9cb3-4bb6-a025-a6e87c9a7c58 200 2 ms - 628
[HTTP] 
[HTTP] --> GET /wd/hub/session/dbe49d16-9cb3-4bb6-a025-a6e87c9a7c58
[HTTP] {}
[XCUITest] Merging WDA caps over Appium caps for session detail response
[HTTP] <-- GET /wd/hub/session/dbe49d16-9cb3-4bb6-a025-a6e87c9a7c58 200 2 ms - 628
[HTTP] 
[HTTP] --> GET /wd/hub/session/dbe49d16-9cb3-4bb6-a025-a6e87c9a7c58
[HTTP] {}
[XCUITest] Merging WDA caps over Appium caps for session detail response
[HTTP] <-- GET /wd/hub/session/dbe49d16-9cb3-4bb6-a025-a6e87c9a7c58 200 2 ms - 628
[HTTP] 
[HTTP] --> GET /wd/hub/session/dbe49d16-9cb3-4bb6-a025-a6e87c9a7c58
[HTTP] {}
[XCUITest] Merging WDA caps over Appium caps for session detail response
[HTTP] <-- GET /wd/hub/session/dbe49d16-9cb3-4bb6-a025-a6e87c9a7c58 200 2 ms - 628
[HTTP] 
[HTTP] --> GET /wd/hub/session/dbe49d16-9cb3-4bb6-a025-a6e87c9a7c58
[HTTP] {}
[XCUITest] Merging WDA caps over Appium caps for session detail response
[HTTP] <-- GET /wd/hub/session/dbe49d16-9cb3-4bb6-a025-a6e87c9a7c58 200 3 ms - 628
[HTTP] 
[HTTP] --> GET /wd/hub/session/dbe49d16-9cb3-4bb6-a025-a6e87c9a7c58
[HTTP] {}
[XCUITest] Merging WDA caps over Appium caps for session detail response
[HTTP] <-- GET /wd/hub/session/dbe49d16-9cb3-4bb6-a025-a6e87c9a7c58 200 2 ms - 628
[HTTP] 
[HTTP] --> GET /wd/hub/session/dbe49d16-9cb3-4bb6-a025-a6e87c9a7c58
[HTTP] {}
[XCUITest] Merging WDA caps over Appium caps for session detail response
[HTTP] <-- GET /wd/hub/session/dbe49d16-9cb3-4bb6-a025-a6e87c9a7c58 200 2 ms - 628
[HTTP] 
[HTTP] --> GET /wd/hub/session/dbe49d16-9cb3-4bb6-a025-a6e87c9a7c58
[HTTP] {}
[XCUITest] Merging WDA caps over Appium caps for session detail response
[HTTP] <-- GET /wd/hub/session/dbe49d16-9cb3-4bb6-a025-a6e87c9a7c58 200 2 ms - 628
[HTTP] 
[HTTP] --> POST /wd/hub/session/dbe49d16-9cb3-4bb6-a025-a6e87c9a7c58/element/5033/click
[HTTP] {"id":"5033"}
[HTTP] <-- POST /wd/hub/session/dbe49d16-9cb3-4bb6-a025-a6e87c9a7c58/element/5033/click 200 999 ms - 76
[HTTP] 
[HTTP] --> POST /wd/hub/session/dbe49d16-9cb3-4bb6-a025-a6e87c9a7c58/elements
[HTTP] {"using":"xpath","value":"//li[6]/div/button"}
[HTTP] <-- POST /wd/hub/session/dbe49d16-9cb3-4bb6-a025-a6e87c9a7c58/elements 200 985 ms - 111
[HTTP] 
[HTTP] --> GET /wd/hub/session/dbe49d16-9cb3-4bb6-a025-a6e87c9a7c58
[HTTP] {}
[XCUITest] Merging WDA caps over Appium caps for session detail response
[HTTP] <-- GET /wd/hub/session/dbe49d16-9cb3-4bb6-a025-a6e87c9a7c58 200 2 ms - 628
[HTTP] 
[HTTP] --> GET /wd/hub/session/dbe49d16-9cb3-4bb6-a025-a6e87c9a7c58
[HTTP] {}
[XCUITest] Merging WDA caps over Appium caps for session detail response
[HTTP] <-- GET /wd/hub/session/dbe49d16-9cb3-4bb6-a025-a6e87c9a7c58 200 1 ms - 628
[HTTP] 
[HTTP] --> GET /wd/hub/session/dbe49d16-9cb3-4bb6-a025-a6e87c9a7c58
[HTTP] {}
[XCUITest] Merging WDA caps over Appium caps for session detail response
[HTTP] <-- GET /wd/hub/session/dbe49d16-9cb3-4bb6-a025-a6e87c9a7c58 200 3 ms - 628
[HTTP] 
[HTTP] --> GET /wd/hub/session/dbe49d16-9cb3-4bb6-a025-a6e87c9a7c58
[HTTP] {}
[XCUITest] Merging WDA caps over Appium caps for session detail response
[HTTP] <-- GET /wd/hub/session/dbe49d16-9cb3-4bb6-a025-a6e87c9a7c58 200 3 ms - 628
[HTTP] 
[HTTP] --> GET /wd/hub/session/dbe49d16-9cb3-4bb6-a025-a6e87c9a7c58
[HTTP] {}
[XCUITest] Merging WDA caps over Appium caps for session detail response
[HTTP] <-- GET /wd/hub/session/dbe49d16-9cb3-4bb6-a025-a6e87c9a7c58 200 2 ms - 628
[HTTP] 
[HTTP] --> GET /wd/hub/session/dbe49d16-9cb3-4bb6-a025-a6e87c9a7c58
[HTTP] {}
[XCUITest] Merging WDA caps over Appium caps for session detail response
[HTTP] <-- GET /wd/hub/session/dbe49d16-9cb3-4bb6-a025-a6e87c9a7c58 200 1 ms - 628
[HTTP] 
[HTTP] --> GET /wd/hub/session/dbe49d16-9cb3-4bb6-a025-a6e87c9a7c58
[HTTP] {}
[XCUITest] Merging WDA caps over Appium caps for session detail response
[HTTP] <-- GET /wd/hub/session/dbe49d16-9cb3-4bb6-a025-a6e87c9a7c58 200 2 ms - 628
[HTTP] 
[HTTP] --> GET /wd/hub/session/dbe49d16-9cb3-4bb6-a025-a6e87c9a7c58
[HTTP] {}
[XCUITest] Merging WDA caps over Appium caps for session detail response
[HTTP] <-- GET /wd/hub/session/dbe49d16-9cb3-4bb6-a025-a6e87c9a7c58 200 2 ms - 628
[HTTP] 
[HTTP] --> GET /wd/hub/session/dbe49d16-9cb3-4bb6-a025-a6e87c9a7c58/element/5035/displayed
[HTTP] {}
[HTTP] <-- GET /wd/hub/session/dbe49d16-9cb3-4bb6-a025-a6e87c9a7c58/element/5035/displayed 200 4002 ms - 76
[HTTP] 
[HTTP] --> POST /wd/hub/session/dbe49d16-9cb3-4bb6-a025-a6e87c9a7c58/elements
[HTTP] {"using":"xpath","value":"//li[6]/div/button"}
[HTTP] <-- POST /wd/hub/session/dbe49d16-9cb3-4bb6-a025-a6e87c9a7c58/elements 200 3637 ms - 111
[HTTP] 
[HTTP] --> GET /wd/hub/session/dbe49d16-9cb3-4bb6-a025-a6e87c9a7c58
[HTTP] {}
[XCUITest] Merging WDA caps over Appium caps for session detail response
[HTTP] <-- GET /wd/hub/session/dbe49d16-9cb3-4bb6-a025-a6e87c9a7c58 200 2 ms - 628
[HTTP] 
[HTTP] --> GET /wd/hub/session/dbe49d16-9cb3-4bb6-a025-a6e87c9a7c58
[HTTP] {}
[XCUITest] Merging WDA caps over Appium caps for session detail response
[HTTP] <-- GET /wd/hub/session/dbe49d16-9cb3-4bb6-a025-a6e87c9a7c58 200 3 ms - 628
[HTTP] 
[HTTP] --> GET /wd/hub/session/dbe49d16-9cb3-4bb6-a025-a6e87c9a7c58
[HTTP] {}
[XCUITest] Merging WDA caps over Appium caps for session detail response
[HTTP] <-- GET /wd/hub/session/dbe49d16-9cb3-4bb6-a025-a6e87c9a7c58 200 2 ms - 628
[HTTP] 
[HTTP] --> GET /wd/hub/session/dbe49d16-9cb3-4bb6-a025-a6e87c9a7c58
[HTTP] {}
[XCUITest] Merging WDA caps over Appium caps for session detail response
[HTTP] <-- GET /wd/hub/session/dbe49d16-9cb3-4bb6-a025-a6e87c9a7c58 200 2 ms - 628
[HTTP] 
[HTTP] --> GET /wd/hub/session/dbe49d16-9cb3-4bb6-a025-a6e87c9a7c58
[HTTP] {}
[XCUITest] Merging WDA caps over Appium caps for session detail response
[HTTP] <-- GET /wd/hub/session/dbe49d16-9cb3-4bb6-a025-a6e87c9a7c58 200 2 ms - 628
[HTTP] 
[HTTP] --> GET /wd/hub/session/dbe49d16-9cb3-4bb6-a025-a6e87c9a7c58
[HTTP] {}
[XCUITest] Merging WDA caps over Appium caps for session detail response
[HTTP] <-- GET /wd/hub/session/dbe49d16-9cb3-4bb6-a025-a6e87c9a7c58 200 2 ms - 628
[HTTP] 
[HTTP] --> GET /wd/hub/session/dbe49d16-9cb3-4bb6-a025-a6e87c9a7c58
[HTTP] {}
[XCUITest] Merging WDA caps over Appium caps for session detail response
[HTTP] <-- GET /wd/hub/session/dbe49d16-9cb3-4bb6-a025-a6e87c9a7c58 200 2 ms - 628
[HTTP] 
[HTTP] --> GET /wd/hub/session/dbe49d16-9cb3-4bb6-a025-a6e87c9a7c58
[HTTP] {}
[XCUITest] Merging WDA caps over Appium caps for session detail response
[HTTP] <-- GET /wd/hub/session/dbe49d16-9cb3-4bb6-a025-a6e87c9a7c58 200 2 ms - 628
[HTTP] 
[HTTP] --> POST /wd/hub/session/dbe49d16-9cb3-4bb6-a025-a6e87c9a7c58/element/5037/click
[HTTP] {"id":"5037"}
[HTTP] <-- POST /wd/hub/session/dbe49d16-9cb3-4bb6-a025-a6e87c9a7c58/element/5037/click 200 1063 ms - 76
[HTTP] 
[HTTP] --> GET /wd/hub/session/dbe49d16-9cb3-4bb6-a025-a6e87c9a7c58/screenshot
[HTTP] {}
[HTTP] <-- GET /wd/hub/session/dbe49d16-9cb3-4bb6-a025-a6e87c9a7c58/screenshot 200 245 ms - 1073258
[HTTP] 
[HTTP] --> POST /wd/hub/session/dbe49d16-9cb3-4bb6-a025-a6e87c9a7c58/elements
[HTTP] {"using":"xpath","value":"id(\"js-app-continue-link\")[count(. | //a[@id = 'js-app-continue-link' and (text() = 'Continue' or . = 'Continue')]) = count(//a[@id = 'js-app-continue-link' and (text() = 'Continue' or . = 'Continue')])]"}
[HTTP] <-- POST /wd/hub/session/dbe49d16-9cb3-4bb6-a025-a6e87c9a7c58/elements 200 3012 ms - 92
[HTTP] 
[HTTP] --> GET /wd/hub/session/dbe49d16-9cb3-4bb6-a025-a6e87c9a7c58
[HTTP] {}
[XCUITest] Merging WDA caps over Appium caps for session detail response
[HTTP] <-- GET /wd/hub/session/dbe49d16-9cb3-4bb6-a025-a6e87c9a7c58 200 2 ms - 628
[HTTP] 
[HTTP] --> GET /wd/hub/session/dbe49d16-9cb3-4bb6-a025-a6e87c9a7c58
[HTTP] {}
[XCUITest] Merging WDA caps over Appium caps for session detail response
[HTTP] <-- GET /wd/hub/session/dbe49d16-9cb3-4bb6-a025-a6e87c9a7c58 200 2 ms - 628
[HTTP] 
[HTTP] --> GET /wd/hub/session/dbe49d16-9cb3-4bb6-a025-a6e87c9a7c58
[HTTP] {}
[XCUITest] Merging WDA caps over Appium caps for session detail response
[HTTP] <-- GET /wd/hub/session/dbe49d16-9cb3-4bb6-a025-a6e87c9a7c58 200 2 ms - 628
[HTTP] 
[HTTP] --> GET /wd/hub/session/dbe49d16-9cb3-4bb6-a025-a6e87c9a7c58
[HTTP] {}
[XCUITest] Merging WDA caps over Appium caps for session detail response
[HTTP] <-- GET /wd/hub/session/dbe49d16-9cb3-4bb6-a025-a6e87c9a7c58 200 2 ms - 628
[HTTP] 
[HTTP] --> GET /wd/hub/session/dbe49d16-9cb3-4bb6-a025-a6e87c9a7c58/element/5039/displayed
[HTTP] {}
[HTTP] <-- GET /wd/hub/session/dbe49d16-9cb3-4bb6-a025-a6e87c9a7c58/element/5039/displayed 200 2595 ms - 76
[HTTP] 
[HTTP] --> POST /wd/hub/session/dbe49d16-9cb3-4bb6-a025-a6e87c9a7c58/elements
[HTTP] {"using":"xpath","value":"id(\"js-app-continue-link\")[count(. | //a[@id = 'js-app-continue-link' and (text() = 'Continue' or . = 'Continue')]) = count(//a[@id = 'js-app-continue-link' and (text() = 'Continue' or . = 'Continue')])]"}
[HTTP] <-- POST /wd/hub/session/dbe49d16-9cb3-4bb6-a025-a6e87c9a7c58/elements 200 1910 ms - 92
[HTTP] 
[HTTP] --> GET /wd/hub/session/dbe49d16-9cb3-4bb6-a025-a6e87c9a7c58
[HTTP] {}
[XCUITest] Merging WDA caps over Appium caps for session detail response
[HTTP] <-- GET /wd/hub/session/dbe49d16-9cb3-4bb6-a025-a6e87c9a7c58 200 2 ms - 628
[HTTP] 
[HTTP] --> GET /wd/hub/session/dbe49d16-9cb3-4bb6-a025-a6e87c9a7c58
[HTTP] {}
[XCUITest] Merging WDA caps over Appium caps for session detail response
[HTTP] <-- GET /wd/hub/session/dbe49d16-9cb3-4bb6-a025-a6e87c9a7c58 200 2 ms - 628
[HTTP] 
[HTTP] --> GET /wd/hub/session/dbe49d16-9cb3-4bb6-a025-a6e87c9a7c58
[HTTP] {}
[XCUITest] Merging WDA caps over Appium caps for session detail response
[HTTP] <-- GET /wd/hub/session/dbe49d16-9cb3-4bb6-a025-a6e87c9a7c58 200 2 ms - 628
[HTTP] 
[HTTP] --> GET /wd/hub/session/dbe49d16-9cb3-4bb6-a025-a6e87c9a7c58
[HTTP] {}
[XCUITest] Merging WDA caps over Appium caps for session detail response
[HTTP] <-- GET /wd/hub/session/dbe49d16-9cb3-4bb6-a025-a6e87c9a7c58 200 5 ms - 628
[HTTP] 
[HTTP] --> POST /wd/hub/session/dbe49d16-9cb3-4bb6-a025-a6e87c9a7c58/element/5040/click
[HTTP] {"id":"5040"}
[HTTP] <-- POST /wd/hub/session/dbe49d16-9cb3-4bb6-a025-a6e87c9a7c58/element/5040/click 200 630 ms - 76
[HTTP] 
[HTTP] --> DELETE /wd/hub/session/dbe49d16-9cb3-4bb6-a025-a6e87c9a7c58
[HTTP] {}
[Appium] Removing session dbe49d16-9cb3-4bb6-a025-a6e87c9a7c58 from our master session list
[HTTP] <-- DELETE /wd/hub/session/dbe49d16-9cb3-4bb6-a025-a6e87c9a7c58 200 2038 ms - 76
[HTTP] 
